[2026-04-04 14:43:41 +0000] [1] [INFO] Starting gunicorn 23.0.0
[2026-04-04 14:43:41 +0000] [1] [INFO] Listening at: http://0.0.0.0:8080 (1)
[2026-04-04 14:43:41 +0000] [1] [INFO] Using worker: uvicorn.workers.UvicornWorker
[2026-04-04 14:43:41 +0000] [7] [INFO] Booting worker with pid: 7
[2026-04-04 14:43:41 +0000] [8] [INFO] Booting worker with pid: 8
[2026-04-04 14:43:41 +0000] [9] [INFO] Booting worker with pid: 9
[2026-04-04 14:43:41 +0000] [10] [INFO] Booting worker with pid: 10
[2026-04-04 14:43:41 +0000] [11] [INFO] Booting worker with pid: 11
[2026-04-04 14:43:41 +0000] [12] [INFO] Booting worker with pid: 12
[2026-04-04 14:43:41 +0000] [13] [INFO] Booting worker with pid: 13
[2026-04-04 14:43:41 +0000] [14] [INFO] Booting worker with pid: 14
[2026-04-04 14:43:41 +0000] [15] [INFO] Booting worker with pid: 15
[2026-04-04 14:43:41 +0000] [16] [INFO] Booting worker with pid: 16
[2026-04-04 14:43:41 +0000] [17] [INFO] Booting worker with pid: 17
[2026-04-04 14:43:41 +0000] [18] [INFO] Booting worker with pid: 18
[2026-04-04 14:43:41 +0000] [19] [INFO] Booting worker with pid: 19
[2026-04-04 14:43:41 +0000] [8] [INFO] Started server process [8]
[2026-04-04 14:43:41 +0000] [10] [INFO] Started server process [10]
[2026-04-04 14:43:41 +0000] [7] [INFO] Started server process [7]
[2026-04-04 14:43:41 +0000] [8] [INFO] Waiting for application startup.
[2026-04-04 14:43:41 +0000] [10] [INFO] Waiting for application startup.
[2026-04-04 14:43:41 +0000] [7] [INFO] Waiting for application startup.
[2026-04-04 14:43:41 +0000] [8] [INFO] Application startup complete.
[2026-04-04 14:43:41 +0000] [7] [INFO] Application startup complete.
[2026-04-04 14:43:41 +0000] [10] [INFO] Application startup complete.
[2026-04-04 14:43:41 +0000] [9] [INFO] Started server process [9]
[2026-04-04 14:43:41 +0000] [9] [INFO] Waiting for application startup.
[2026-04-04 14:43:41 +0000] [9] [INFO] Application startup complete.
[2026-04-04 14:43:41 +0000] [25] [INFO] Booting worker with pid: 25
[2026-04-04 14:43:42 +0000] [11] [INFO] Started server process [11]
[2026-04-04 14:43:42 +0000] [11] [INFO] Waiting for application startup.
[2026-04-04 14:43:42 +0000] [11] [INFO] Application startup complete.
[2026-04-04 14:43:42 +0000] [12] [INFO] Started server process [12]
[2026-04-04 14:43:42 +0000] [12] [INFO] Waiting for application startup.
[2026-04-04 14:43:42 +0000] [12] [INFO] Application startup complete.
[2026-04-04 14:43:42 +0000] [13] [INFO] Started server process [13]
[2026-04-04 14:43:42 +0000] [13] [INFO] Waiting for application startup.
[2026-04-04 14:43:42 +0000] [13] [INFO] Application startup complete.
[2026-04-04 14:43:42 +0000] [14] [INFO] Started server process [14]
[2026-04-04 14:43:42 +0000] [14] [INFO] Waiting for application startup.
[2026-04-04 14:43:42 +0000] [14] [INFO] Application startup complete.
[2026-04-04 14:43:42 +0000] [15] [INFO] Started server process [15]
[2026-04-04 14:43:42 +0000] [15] [INFO] Waiting for application startup.
[2026-04-04 14:43:42 +0000] [15] [INFO] Application startup complete.
[2026-04-04 14:43:42 +0000] [16] [INFO] Started server process [16]
[2026-04-04 14:43:42 +0000] [16] [INFO] Waiting for application startup.
[2026-04-04 14:43:42 +0000] [16] [INFO] Application startup complete.
[2026-04-04 14:43:42 +0000] [31] [INFO] Booting worker with pid: 31
[2026-04-04 14:43:42 +0000] [17] [INFO] Started server process [17]
[2026-04-04 14:43:42 +0000] [17] [INFO] Waiting for application startup.
[2026-04-04 14:43:42 +0000] [17] [INFO] Application startup complete.
[2026-04-04 14:43:42 +0000] [33] [INFO] Booting worker with pid: 33
[2026-04-04 14:43:42 +0000] [34] [INFO] Booting worker with pid: 34
[2026-04-04 14:43:42 +0000] [18] [INFO] Started server process [18]
[2026-04-04 14:43:42 +0000] [18] [INFO] Waiting for application startup.
[2026-04-04 14:43:42 +0000] [18] [INFO] Application startup complete.
[2026-04-04 14:43:42 +0000] [37] [INFO] Booting worker with pid: 37
[2026-04-04 14:43:42 +0000] [19] [INFO] Started server process [19]
[2026-04-04 14:43:42 +0000] [19] [INFO] Waiting for application startup.
[2026-04-04 14:43:42 +0000] [19] [INFO] Application startup complete.
[2026-04-04 14:43:42 +0000] [38] [INFO] Booting worker with pid: 38
[2026-04-04 14:43:42 +0000] [25] [INFO] Started server process [25]
[2026-04-04 14:43:42 +0000] [25] [INFO] Waiting for application startup.
[2026-04-04 14:43:42 +0000] [25] [INFO] Application startup complete.
[2026-04-04 14:43:42 +0000] [40] [INFO] Booting worker with pid: 40
[2026-04-04 14:43:42 +0000] [41] [INFO] Booting worker with pid: 41
[2026-04-04 14:43:42 +0000] [42] [INFO] Booting worker with pid: 42
[2026-04-04 14:43:42 +0000] [31] [INFO] Started server process [31]
[2026-04-04 14:43:42 +0000] [31] [INFO] Waiting for application startup.
[2026-04-04 14:43:42 +0000] [31] [INFO] Application startup complete.
[2026-04-04 14:43:42 +0000] [44] [INFO] Booting worker with pid: 44
[2026-04-04 14:43:42 +0000] [34] [INFO] Started server process [34]
[2026-04-04 14:43:42 +0000] [34] [INFO] Waiting for application startup.
[2026-04-04 14:43:42 +0000] [33] [INFO] Started server process [33]
[2026-04-04 14:43:42 +0000] [33] [INFO] Waiting for application startup.
[2026-04-04 14:43:42 +0000] [34] [INFO] Application startup complete.
[2026-04-04 14:43:42 +0000] [33] [INFO] Application startup complete.
[2026-04-04 14:43:42 +0000] [37] [INFO] Started server process [37]
[2026-04-04 14:43:42 +0000] [37] [INFO] Waiting for application startup.
[2026-04-04 14:43:42 +0000] [37] [INFO] Application startup complete.
[2026-04-04 14:43:42 +0000] [38] [INFO] Started server process [38]
[2026-04-04 14:43:42 +0000] [38] [INFO] Waiting for application startup.
[2026-04-04 14:43:42 +0000] [38] [INFO] Application startup complete.
[2026-04-04 14:43:42 +0000] [49] [INFO] Booting worker with pid: 49
[2026-04-04 14:43:42 +0000] [50] [INFO] Booting worker with pid: 50
[2026-04-04 14:43:42 +0000] [40] [INFO] Started server process [40]
[2026-04-04 14:43:42 +0000] [40] [INFO] Waiting for application startup.
[2026-04-04 14:43:42 +0000] [40] [INFO] Application startup complete.
[2026-04-04 14:43:42 +0000] [52] [INFO] Booting worker with pid: 52
[2026-04-04 14:43:42 +0000] [41] [INFO] Started server process [41]
[2026-04-04 14:43:42 +0000] [41] [INFO] Waiting for application startup.
[2026-04-04 14:43:42 +0000] [41] [INFO] Application startup complete.
[2026-04-04 14:43:42 +0000] [42] [INFO] Started server process [42]
[2026-04-04 14:43:42 +0000] [42] [INFO] Waiting for application startup.
[2026-04-04 14:43:42 +0000] [42] [INFO] Application startup complete.
[2026-04-04 14:43:42 +0000] [44] [INFO] Started server process [44]
[2026-04-04 14:43:42 +0000] [44] [INFO] Waiting for application startup.
[2026-04-04 14:43:42 +0000] [44] [INFO] Application startup complete.
[2026-04-04 14:43:42 +0000] [56] [INFO] Booting worker with pid: 56
[2026-04-04 14:43:42 +0000] [57] [INFO] Booting worker with pid: 57
[2026-04-04 14:43:42 +0000] [59] [INFO] Booting worker with pid: 59
[2026-04-04 14:43:42 +0000] [49] [INFO] Started server process [49]
[2026-04-04 14:43:42 +0000] [49] [INFO] Waiting for application startup.
[2026-04-04 14:43:42 +0000] [49] [INFO] Application startup complete.
[2026-04-04 14:43:42 +0000] [60] [INFO] Booting worker with pid: 60
[2026-04-04 14:43:42 +0000] [50] [INFO] Started server process [50]
[2026-04-04 14:43:42 +0000] [50] [INFO] Waiting for application startup.
[2026-04-04 14:43:42 +0000] [50] [INFO] Application startup complete.
[2026-04-04 14:43:42 +0000] [62] [INFO] Booting worker with pid: 62
[2026-04-04 14:43:42 +0000] [52] [INFO] Started server process [52]
[2026-04-04 14:43:42 +0000] [52] [INFO] Waiting for application startup.
[2026-04-04 14:43:42 +0000] [52] [INFO] Application startup complete.
[2026-04-04 14:43:42 +0000] [64] [INFO] Booting worker with pid: 64
[2026-04-04 14:43:42 +0000] [65] [INFO] Booting worker with pid: 65
[2026-04-04 14:43:42 +0000] [66] [INFO] Booting worker with pid: 66
[2026-04-04 14:43:42 +0000] [56] [INFO] Started server process [56]
[2026-04-04 14:43:42 +0000] [56] [INFO] Waiting for application startup.
[2026-04-04 14:43:42 +0000] [56] [INFO] Application startup complete.
[2026-04-04 14:43:43 +0000] [57] [INFO] Started server process [57]
[2026-04-04 14:43:43 +0000] [57] [INFO] Waiting for application startup.
[2026-04-04 14:43:43 +0000] [57] [INFO] Application startup complete.
[2026-04-04 14:43:43 +0000] [69] [INFO] Booting worker with pid: 69
[2026-04-04 14:43:43 +0000] [60] [INFO] Started server process [60]
[2026-04-04 14:43:43 +0000] [60] [INFO] Waiting for application startup.
[2026-04-04 14:43:43 +0000] [60] [INFO] Application startup complete.
[2026-04-04 14:43:43 +0000] [59] [INFO] Started server process [59]
[2026-04-04 14:43:43 +0000] [59] [INFO] Waiting for application startup.
[2026-04-04 14:43:43 +0000] [59] [INFO] Application startup complete.
[2026-04-04 14:43:43 +0000] [73] [INFO] Booting worker with pid: 73
[2026-04-04 14:43:43 +0000] [62] [INFO] Started server process [62]
[2026-04-04 14:43:43 +0000] [62] [INFO] Waiting for application startup.
[2026-04-04 14:43:43 +0000] [62] [INFO] Application startup complete.
[2026-04-04 14:43:43 +0000] [75] [INFO] Booting worker with pid: 75
[2026-04-04 14:43:43 +0000] [64] [INFO] Started server process [64]
[2026-04-04 14:43:43 +0000] [64] [INFO] Waiting for application startup.
[2026-04-04 14:43:43 +0000] [64] [INFO] Application startup complete.
[2026-04-04 14:43:43 +0000] [65] [INFO] Started server process [65]
[2026-04-04 14:43:43 +0000] [65] [INFO] Waiting for application startup.
[2026-04-04 14:43:43 +0000] [65] [INFO] Application startup complete.
[2026-04-04 14:43:43 +0000] [77] [INFO] Booting worker with pid: 77
[2026-04-04 14:43:43 +0000] [79] [INFO] Booting worker with pid: 79
[2026-04-04 14:43:43 +0000] [66] [INFO] Started server process [66]
[2026-04-04 14:43:43 +0000] [66] [INFO] Waiting for application startup.
[2026-04-04 14:43:43 +0000] [66] [INFO] Application startup complete.
[2026-04-04 14:43:43 +0000] [80] [INFO] Booting worker with pid: 80
[2026-04-04 14:43:43 +0000] [81] [INFO] Booting worker with pid: 81
[2026-04-04 14:43:43 +0000] [69] [INFO] Started server process [69]
[2026-04-04 14:43:43 +0000] [69] [INFO] Waiting for application startup.
[2026-04-04 14:43:43 +0000] [69] [INFO] Application startup complete.
[2026-04-04 14:43:43 +0000] [83] [INFO] Booting worker with pid: 83
[2026-04-04 14:43:43 +0000] [85] [INFO] Booting worker with pid: 85
[2026-04-04 14:43:43 +0000] [73] [INFO] Started server process [73]
[2026-04-04 14:43:43 +0000] [73] [INFO] Waiting for application startup.
[2026-04-04 14:43:43 +0000] [73] [INFO] Application startup complete.
[2026-04-04 14:43:43 +0000] [86] [INFO] Booting worker with pid: 86
[2026-04-04 14:43:43 +0000] [87] [INFO] Booting worker with pid: 87
[2026-04-04 14:43:43 +0000] [75] [INFO] Started server process [75]
[2026-04-04 14:43:43 +0000] [75] [INFO] Waiting for application startup.
[2026-04-04 14:43:43 +0000] [75] [INFO] Application startup complete.
[2026-04-04 14:43:43 +0000] [89] [INFO] Booting worker with pid: 89
[2026-04-04 14:43:43 +0000] [90] [INFO] Booting worker with pid: 90
[2026-04-04 14:43:43 +0000] [91] [INFO] Booting worker with pid: 91
[2026-04-04 14:43:43 +0000] [77] [INFO] Started server process [77]
[2026-04-04 14:43:43 +0000] [77] [INFO] Waiting for application startup.
[2026-04-04 14:43:43 +0000] [77] [INFO] Application startup complete.
[2026-04-04 14:43:43 +0000] [93] [INFO] Booting worker with pid: 93
[2026-04-04 14:43:43 +0000] [94] [INFO] Booting worker with pid: 94
[2026-04-04 14:43:43 +0000] [79] [INFO] Started server process [79]
[2026-04-04 14:43:43 +0000] [79] [INFO] Waiting for application startup.
[2026-04-04 14:43:43 +0000] [79] [INFO] Application startup complete.
[2026-04-04 14:43:43 +0000] [80] [INFO] Started server process [80]
[2026-04-04 14:43:43 +0000] [80] [INFO] Waiting for application startup.
[2026-04-04 14:43:43 +0000] [80] [INFO] Application startup complete.
[2026-04-04 14:43:43 +0000] [97] [INFO] Booting worker with pid: 97
[2026-04-04 14:43:43 +0000] [99] [INFO] Booting worker with pid: 99
[2026-04-04 14:43:43 +0000] [81] [INFO] Started server process [81]
[2026-04-04 14:43:43 +0000] [81] [INFO] Waiting for application startup.
[2026-04-04 14:43:43 +0000] [81] [INFO] Application startup complete.
[2026-04-04 14:43:43 +0000] [101] [INFO] Booting worker with pid: 101
[2026-04-04 14:43:43 +0000] [83] [INFO] Started server process [83]
[2026-04-04 14:43:43 +0000] [83] [INFO] Waiting for application startup.
[2026-04-04 14:43:43 +0000] [83] [INFO] Application startup complete.
[2026-04-04 14:43:43 +0000] [85] [INFO] Started server process [85]
[2026-04-04 14:43:43 +0000] [85] [INFO] Waiting for application startup.
[2026-04-04 14:43:43 +0000] [85] [INFO] Application startup complete.
[2026-04-04 14:43:44 +0000] [86] [INFO] Started server process [86]
[2026-04-04 14:43:44 +0000] [86] [INFO] Waiting for application startup.
[2026-04-04 14:43:44 +0000] [86] [INFO] Application startup complete.
[2026-04-04 14:43:44 +0000] [87] [INFO] Started server process [87]
[2026-04-04 14:43:44 +0000] [87] [INFO] Waiting for application startup.
[2026-04-04 14:43:44 +0000] [87] [INFO] Application startup complete.
[2026-04-04 14:43:44 +0000] [105] [INFO] Booting worker with pid: 105
[2026-04-04 14:43:44 +0000] [106] [INFO] Booting worker with pid: 106
[2026-04-04 14:43:44 +0000] [89] [INFO] Started server process [89]
[2026-04-04 14:43:44 +0000] [89] [INFO] Waiting for application startup.
[2026-04-04 14:43:44 +0000] [89] [INFO] Application startup complete.
[2026-04-04 14:43:44 +0000] [91] [INFO] Started server process [91]
[2026-04-04 14:43:44 +0000] [91] [INFO] Waiting for application startup.
[2026-04-04 14:43:44 +0000] [91] [INFO] Application startup complete.
[2026-04-04 14:43:44 +0000] [90] [INFO] Started server process [90]
[2026-04-04 14:43:44 +0000] [90] [INFO] Waiting for application startup.
[2026-04-04 14:43:44 +0000] [90] [INFO] Application startup complete.
[2026-04-04 14:43:44 +0000] [111] [INFO] Booting worker with pid: 111
[2026-04-04 14:43:44 +0000] [112] [INFO] Booting worker with pid: 112
[2026-04-04 14:43:44 +0000] [113] [INFO] Booting worker with pid: 113
[2026-04-04 14:43:44 +0000] [93] [INFO] Started server process [93]
[2026-04-04 14:43:44 +0000] [93] [INFO] Waiting for application startup.
[2026-04-04 14:43:44 +0000] [93] [INFO] Application startup complete.
[2026-04-04 14:43:44 +0000] [94] [INFO] Started server process [94]
[2026-04-04 14:43:44 +0000] [94] [INFO] Waiting for application startup.
[2026-04-04 14:43:44 +0000] [94] [INFO] Application startup complete.
[2026-04-04 14:43:44 +0000] [115] [INFO] Booting worker with pid: 115
[2026-04-04 14:43:44 +0000] [97] [INFO] Started server process [97]
[2026-04-04 14:43:44 +0000] [97] [INFO] Waiting for application startup.
[2026-04-04 14:43:44 +0000] [97] [INFO] Application startup complete.
[2026-04-04 14:43:44 +0000] [118] [INFO] Booting worker with pid: 118
[2026-04-04 14:43:44 +0000] [99] [INFO] Started server process [99]
[2026-04-04 14:43:44 +0000] [99] [INFO] Waiting for application startup.
[2026-04-04 14:43:44 +0000] [99] [INFO] Application startup complete.
[2026-04-04 14:43:44 +0000] [119] [INFO] Booting worker with pid: 119
[2026-04-04 14:43:44 +0000] [120] [INFO] Booting worker with pid: 120
[2026-04-04 14:43:44 +0000] [101] [INFO] Started server process [101]
[2026-04-04 14:43:44 +0000] [101] [INFO] Waiting for application startup.
[2026-04-04 14:43:44 +0000] [101] [INFO] Application startup complete.
[2026-04-04 14:43:44 +0000] [122] [INFO] Booting worker with pid: 122
[2026-04-04 14:43:44 +0000] [106] [INFO] Started server process [106]
[2026-04-04 14:43:44 +0000] [106] [INFO] Waiting for application startup.
[2026-04-04 14:43:44 +0000] [106] [INFO] Application startup complete.
[2026-04-04 14:43:44 +0000] [124] [INFO] Booting worker with pid: 124
[2026-04-04 14:43:44 +0000] [105] [INFO] Started server process [105]
[2026-04-04 14:43:44 +0000] [105] [INFO] Waiting for application startup.
[2026-04-04 14:43:44 +0000] [105] [INFO] Application startup complete.
[2026-04-04 14:43:44 +0000] [111] [INFO] Started server process [111]
[2026-04-04 14:43:44 +0000] [111] [INFO] Waiting for application startup.
[2026-04-04 14:43:44 +0000] [111] [INFO] Application startup complete.
[2026-04-04 14:43:44 +0000] [112] [INFO] Started server process [112]
[2026-04-04 14:43:44 +0000] [112] [INFO] Waiting for application startup.
[2026-04-04 14:43:44 +0000] [112] [INFO] Application startup complete.
[2026-04-04 14:43:44 +0000] [113] [INFO] Started server process [113]
[2026-04-04 14:43:44 +0000] [113] [INFO] Waiting for application startup.
[2026-04-04 14:43:44 +0000] [113] [INFO] Application startup complete.
[2026-04-04 14:43:44 +0000] [115] [INFO] Started server process [115]
[2026-04-04 14:43:44 +0000] [115] [INFO] Waiting for application startup.
[2026-04-04 14:43:44 +0000] [115] [INFO] Application startup complete.
[2026-04-04 14:43:44 +0000] [118] [INFO] Started server process [118]
[2026-04-04 14:43:44 +0000] [118] [INFO] Waiting for application startup.
[2026-04-04 14:43:44 +0000] [118] [INFO] Application startup complete.
[2026-04-04 14:43:44 +0000] [119] [INFO] Started server process [119]
[2026-04-04 14:43:44 +0000] [119] [INFO] Waiting for application startup.
[2026-04-04 14:43:44 +0000] [119] [INFO] Application startup complete.
[2026-04-04 14:43:44 +0000] [120] [INFO] Started server process [120]
[2026-04-04 14:43:44 +0000] [120] [INFO] Waiting for application startup.
[2026-04-04 14:43:44 +0000] [120] [INFO] Application startup complete.
[2026-04-04 14:43:44 +0000] [122] [INFO] Started server process [122]
[2026-04-04 14:43:44 +0000] [122] [INFO] Waiting for application startup.
[2026-04-04 14:43:44 +0000] [122] [INFO] Application startup complete.
[2026-04-04 14:43:44 +0000] [124] [INFO] Started server process [124]
[2026-04-04 14:43:44 +0000] [124] [INFO] Waiting for application startup.
[2026-04-04 14:43:44 +0000] [124] [INFO] Application startup complete.
