[2026-04-04 15:43:48 +0000] [1] [INFO] Starting gunicorn 23.0.0
[2026-04-04 15:43:48 +0000] [1] [INFO] Listening at: http://0.0.0.0:8080 (1)
[2026-04-04 15:43:48 +0000] [1] [INFO] Using worker: uvicorn.workers.UvicornWorker
[2026-04-04 15:43:48 +0000] [7] [INFO] Booting worker with pid: 7
[2026-04-04 15:43:48 +0000] [8] [INFO] Booting worker with pid: 8
[2026-04-04 15:43:48 +0000] [7] [INFO] Started server process [7]
[2026-04-04 15:43:48 +0000] [7] [INFO] Waiting for application startup.
[2026-04-04 15:43:48 +0000] [7] [INFO] Application startup complete.
[2026-04-04 15:43:48 +0000] [8] [INFO] Started server process [8]
[2026-04-04 15:43:48 +0000] [8] [INFO] Waiting for application startup.
[2026-04-04 15:43:48 +0000] [8] [INFO] Application startup complete.
[2026-04-04 15:43:48 +0000] [11] [INFO] Booting worker with pid: 11
[2026-04-04 15:43:49 +0000] [13] [INFO] Booting worker with pid: 13
[2026-04-04 15:43:49 +0000] [11] [INFO] Started server process [11]
[2026-04-04 15:43:49 +0000] [11] [INFO] Waiting for application startup.
[2026-04-04 15:43:49 +0000] [11] [INFO] Application startup complete.
[2026-04-04 15:43:49 +0000] [15] [INFO] Booting worker with pid: 15
[2026-04-04 15:43:49 +0000] [13] [INFO] Started server process [13]
[2026-04-04 15:43:49 +0000] [13] [INFO] Waiting for application startup.
[2026-04-04 15:43:49 +0000] [13] [INFO] Application startup complete.
[2026-04-04 15:43:49 +0000] [16] [INFO] Booting worker with pid: 16
[2026-04-04 15:43:49 +0000] [15] [INFO] Started server process [15]
[2026-04-04 15:43:49 +0000] [15] [INFO] Waiting for application startup.
[2026-04-04 15:43:49 +0000] [15] [INFO] Application startup complete.
[2026-04-04 15:43:49 +0000] [18] [INFO] Booting worker with pid: 18
[2026-04-04 15:43:49 +0000] [16] [INFO] Started server process [16]
[2026-04-04 15:43:49 +0000] [16] [INFO] Waiting for application startup.
[2026-04-04 15:43:49 +0000] [16] [INFO] Application startup complete.
[2026-04-04 15:43:49 +0000] [20] [INFO] Booting worker with pid: 20
[2026-04-04 15:43:49 +0000] [18] [INFO] Started server process [18]
[2026-04-04 15:43:49 +0000] [18] [INFO] Waiting for application startup.
[2026-04-04 15:43:49 +0000] [18] [INFO] Application startup complete.
[2026-04-04 15:43:49 +0000] [23] [INFO] Booting worker with pid: 23
[2026-04-04 15:43:49 +0000] [20] [INFO] Started server process [20]
[2026-04-04 15:43:49 +0000] [20] [INFO] Waiting for application startup.
[2026-04-04 15:43:49 +0000] [20] [INFO] Application startup complete.
[2026-04-04 15:43:49 +0000] [24] [INFO] Booting worker with pid: 24
[2026-04-04 15:43:49 +0000] [26] [INFO] Booting worker with pid: 26
[2026-04-04 15:43:49 +0000] [23] [INFO] Started server process [23]
[2026-04-04 15:43:49 +0000] [23] [INFO] Waiting for application startup.
[2026-04-04 15:43:49 +0000] [23] [INFO] Application startup complete.
[2026-04-04 15:43:49 +0000] [28] [INFO] Booting worker with pid: 28
[2026-04-04 15:43:49 +0000] [29] [INFO] Booting worker with pid: 29
[2026-04-04 15:43:49 +0000] [24] [INFO] Started server process [24]
[2026-04-04 15:43:49 +0000] [24] [INFO] Waiting for application startup.
[2026-04-04 15:43:49 +0000] [24] [INFO] Application startup complete.
[2026-04-04 15:43:49 +0000] [26] [INFO] Started server process [26]
[2026-04-04 15:43:49 +0000] [26] [INFO] Waiting for application startup.
[2026-04-04 15:43:49 +0000] [26] [INFO] Application startup complete.
[2026-04-04 15:43:49 +0000] [28] [INFO] Started server process [28]
[2026-04-04 15:43:49 +0000] [28] [INFO] Waiting for application startup.
[2026-04-04 15:43:49 +0000] [28] [INFO] Application startup complete.
[2026-04-04 15:43:49 +0000] [29] [INFO] Started server process [29]
[2026-04-04 15:43:49 +0000] [29] [INFO] Waiting for application startup.
[2026-04-04 15:43:49 +0000] [29] [INFO] Application startup complete.
[2026-04-04 15:43:49 +0000] [33] [INFO] Booting worker with pid: 33
[2026-04-04 15:43:49 +0000] [34] [INFO] Booting worker with pid: 34
[2026-04-04 15:43:49 +0000] [33] [INFO] Started server process [33]
[2026-04-04 15:43:49 +0000] [33] [INFO] Waiting for application startup.
[2026-04-04 15:43:49 +0000] [33] [INFO] Application startup complete.
[2026-04-04 15:43:49 +0000] [36] [INFO] Booting worker with pid: 36
[2026-04-04 15:43:49 +0000] [34] [INFO] Started server process [34]
[2026-04-04 15:43:49 +0000] [34] [INFO] Waiting for application startup.
[2026-04-04 15:43:49 +0000] [34] [INFO] Application startup complete.
[2026-04-04 15:43:49 +0000] [36] [INFO] Started server process [36]
[2026-04-04 15:43:49 +0000] [36] [INFO] Waiting for application startup.
[2026-04-04 15:43:49 +0000] [36] [INFO] Application startup complete.
[2026-04-04 15:43:49 +0000] [39] [INFO] Booting worker with pid: 39
[2026-04-04 15:43:49 +0000] [41] [INFO] Booting worker with pid: 41
[2026-04-04 15:43:49 +0000] [39] [INFO] Started server process [39]
[2026-04-04 15:43:49 +0000] [39] [INFO] Waiting for application startup.
[2026-04-04 15:43:49 +0000] [39] [INFO] Application startup complete.
[2026-04-04 15:43:49 +0000] [42] [INFO] Booting worker with pid: 42
[2026-04-04 15:43:49 +0000] [43] [INFO] Booting worker with pid: 43
[2026-04-04 15:43:49 +0000] [41] [INFO] Started server process [41]
[2026-04-04 15:43:49 +0000] [41] [INFO] Waiting for application startup.
[2026-04-04 15:43:49 +0000] [41] [INFO] Application startup complete.
[2026-04-04 15:43:49 +0000] [42] [INFO] Started server process [42]
[2026-04-04 15:43:49 +0000] [42] [INFO] Waiting for application startup.
[2026-04-04 15:43:49 +0000] [42] [INFO] Application startup complete.
[2026-04-04 15:43:49 +0000] [98] [INFO] Booting worker with pid: 98
[2026-04-04 15:43:49 +0000] [43] [INFO] Started server process [43]
[2026-04-04 15:43:49 +0000] [43] [INFO] Waiting for application startup.
[2026-04-04 15:43:49 +0000] [43] [INFO] Application startup complete.
[2026-04-04 15:43:50 +0000] [110] [INFO] Booting worker with pid: 110
[2026-04-04 15:43:50 +0000] [98] [INFO] Started server process [98]
[2026-04-04 15:43:50 +0000] [98] [INFO] Waiting for application startup.
[2026-04-04 15:43:50 +0000] [98] [INFO] Application startup complete.
[2026-04-04 15:43:50 +0000] [116] [INFO] Booting worker with pid: 116
[2026-04-04 15:43:50 +0000] [110] [INFO] Started server process [110]
[2026-04-04 15:43:50 +0000] [110] [INFO] Waiting for application startup.
[2026-04-04 15:43:50 +0000] [110] [INFO] Application startup complete.
[2026-04-04 15:43:50 +0000] [116] [INFO] Started server process [116]
[2026-04-04 15:43:50 +0000] [116] [INFO] Waiting for application startup.
[2026-04-04 15:43:50 +0000] [116] [INFO] Application startup complete.
[2026-04-04 15:43:50 +0000] [124] [INFO] Booting worker with pid: 124
[2026-04-04 15:43:50 +0000] [126] [INFO] Booting worker with pid: 126
[2026-04-04 15:43:50 +0000] [127] [INFO] Booting worker with pid: 127
[2026-04-04 15:43:50 +0000] [124] [INFO] Started server process [124]
[2026-04-04 15:43:50 +0000] [124] [INFO] Waiting for application startup.
[2026-04-04 15:43:50 +0000] [124] [INFO] Application startup complete.
[2026-04-04 15:43:50 +0000] [137] [INFO] Booting worker with pid: 137
[2026-04-04 15:43:50 +0000] [126] [INFO] Started server process [126]
[2026-04-04 15:43:50 +0000] [126] [INFO] Waiting for application startup.
[2026-04-04 15:43:50 +0000] [126] [INFO] Application startup complete.
[2026-04-04 15:43:50 +0000] [127] [INFO] Started server process [127]
[2026-04-04 15:43:50 +0000] [127] [INFO] Waiting for application startup.
[2026-04-04 15:43:50 +0000] [127] [INFO] Application startup complete.
[2026-04-04 15:43:50 +0000] [146] [INFO] Booting worker with pid: 146
[2026-04-04 15:43:50 +0000] [137] [INFO] Started server process [137]
[2026-04-04 15:43:50 +0000] [137] [INFO] Waiting for application startup.
[2026-04-04 15:43:50 +0000] [137] [INFO] Application startup complete.
[2026-04-04 15:43:50 +0000] [146] [INFO] Started server process [146]
[2026-04-04 15:43:50 +0000] [146] [INFO] Waiting for application startup.
[2026-04-04 15:43:50 +0000] [146] [INFO] Application startup complete.
[2026-04-04 15:43:50 +0000] [156] [INFO] Booting worker with pid: 156
[2026-04-04 15:43:50 +0000] [161] [INFO] Booting worker with pid: 161
[2026-04-04 15:43:50 +0000] [156] [INFO] Started server process [156]
[2026-04-04 15:43:50 +0000] [156] [INFO] Waiting for application startup.
[2026-04-04 15:43:50 +0000] [156] [INFO] Application startup complete.
[2026-04-04 15:43:50 +0000] [165] [INFO] Booting worker with pid: 165
[2026-04-04 15:43:50 +0000] [161] [INFO] Started server process [161]
[2026-04-04 15:43:50 +0000] [161] [INFO] Waiting for application startup.
[2026-04-04 15:43:50 +0000] [161] [INFO] Application startup complete.
[2026-04-04 15:43:50 +0000] [169] [INFO] Booting worker with pid: 169
[2026-04-04 15:43:50 +0000] [165] [INFO] Started server process [165]
[2026-04-04 15:43:50 +0000] [165] [INFO] Waiting for application startup.
[2026-04-04 15:43:50 +0000] [165] [INFO] Application startup complete.
[2026-04-04 15:43:50 +0000] [175] [INFO] Booting worker with pid: 175
[2026-04-04 15:43:50 +0000] [169] [INFO] Started server process [169]
[2026-04-04 15:43:50 +0000] [169] [INFO] Waiting for application startup.
[2026-04-04 15:43:50 +0000] [169] [INFO] Application startup complete.
[2026-04-04 15:43:50 +0000] [182] [INFO] Booting worker with pid: 182
[2026-04-04 15:43:50 +0000] [175] [INFO] Started server process [175]
[2026-04-04 15:43:50 +0000] [175] [INFO] Waiting for application startup.
[2026-04-04 15:43:50 +0000] [175] [INFO] Application startup complete.
[2026-04-04 15:43:50 +0000] [184] [INFO] Booting worker with pid: 184
[2026-04-04 15:43:50 +0000] [188] [INFO] Booting worker with pid: 188
[2026-04-04 15:43:50 +0000] [190] [INFO] Booting worker with pid: 190
[2026-04-04 15:43:50 +0000] [182] [INFO] Started server process [182]
[2026-04-04 15:43:50 +0000] [182] [INFO] Waiting for application startup.
[2026-04-04 15:43:50 +0000] [182] [INFO] Application startup complete.
[2026-04-04 15:43:51 +0000] [184] [INFO] Started server process [184]
[2026-04-04 15:43:51 +0000] [184] [INFO] Waiting for application startup.
[2026-04-04 15:43:51 +0000] [184] [INFO] Application startup complete.
[2026-04-04 15:43:51 +0000] [188] [INFO] Started server process [188]
[2026-04-04 15:43:51 +0000] [188] [INFO] Waiting for application startup.
[2026-04-04 15:43:51 +0000] [188] [INFO] Application startup complete.
[2026-04-04 15:43:51 +0000] [199] [INFO] Booting worker with pid: 199
[2026-04-04 15:43:51 +0000] [190] [INFO] Started server process [190]
[2026-04-04 15:43:51 +0000] [190] [INFO] Waiting for application startup.
[2026-04-04 15:43:51 +0000] [190] [INFO] Application startup complete.
[2026-04-04 15:43:51 +0000] [206] [INFO] Booting worker with pid: 206
[2026-04-04 15:43:51 +0000] [208] [INFO] Booting worker with pid: 208
[2026-04-04 15:43:51 +0000] [199] [INFO] Started server process [199]
[2026-04-04 15:43:51 +0000] [199] [INFO] Waiting for application startup.
[2026-04-04 15:43:51 +0000] [199] [INFO] Application startup complete.
[2026-04-04 15:43:51 +0000] [214] [INFO] Booting worker with pid: 214
[2026-04-04 15:43:51 +0000] [206] [INFO] Started server process [206]
[2026-04-04 15:43:51 +0000] [206] [INFO] Waiting for application startup.
[2026-04-04 15:43:51 +0000] [206] [INFO] Application startup complete.
[2026-04-04 15:43:51 +0000] [221] [INFO] Booting worker with pid: 221
[2026-04-04 15:43:51 +0000] [225] [INFO] Booting worker with pid: 225
[2026-04-04 15:43:51 +0000] [208] [INFO] Started server process [208]
[2026-04-04 15:43:51 +0000] [208] [INFO] Waiting for application startup.
[2026-04-04 15:43:51 +0000] [208] [INFO] Application startup complete.
[2026-04-04 15:43:51 +0000] [214] [INFO] Started server process [214]
[2026-04-04 15:43:51 +0000] [214] [INFO] Waiting for application startup.
[2026-04-04 15:43:51 +0000] [214] [INFO] Application startup complete.
[2026-04-04 15:43:51 +0000] [221] [INFO] Started server process [221]
[2026-04-04 15:43:51 +0000] [221] [INFO] Waiting for application startup.
[2026-04-04 15:43:51 +0000] [221] [INFO] Application startup complete.
[2026-04-04 15:43:51 +0000] [225] [INFO] Started server process [225]
[2026-04-04 15:43:51 +0000] [225] [INFO] Waiting for application startup.
[2026-04-04 15:43:51 +0000] [225] [INFO] Application startup complete.
[2026-04-04 15:43:51 +0000] [242] [INFO] Booting worker with pid: 242
[2026-04-04 15:43:51 +0000] [246] [INFO] Booting worker with pid: 246
[2026-04-04 15:43:51 +0000] [248] [INFO] Booting worker with pid: 248
[2026-04-04 15:43:51 +0000] [242] [INFO] Started server process [242]
[2026-04-04 15:43:51 +0000] [242] [INFO] Waiting for application startup.
[2026-04-04 15:43:51 +0000] [242] [INFO] Application startup complete.
[2026-04-04 15:43:51 +0000] [253] [INFO] Booting worker with pid: 253
[2026-04-04 15:43:51 +0000] [254] [INFO] Booting worker with pid: 254
[2026-04-04 15:43:51 +0000] [255] [INFO] Booting worker with pid: 255
[2026-04-04 15:43:51 +0000] [260] [INFO] Booting worker with pid: 260
[2026-04-04 15:43:51 +0000] [263] [INFO] Booting worker with pid: 263
[2026-04-04 15:43:51 +0000] [246] [INFO] Started server process [246]
[2026-04-04 15:43:51 +0000] [246] [INFO] Waiting for application startup.
[2026-04-04 15:43:51 +0000] [246] [INFO] Application startup complete.
[2026-04-04 15:43:51 +0000] [248] [INFO] Started server process [248]
[2026-04-04 15:43:51 +0000] [248] [INFO] Waiting for application startup.
[2026-04-04 15:43:51 +0000] [248] [INFO] Application startup complete.
[2026-04-04 15:43:51 +0000] [254] [INFO] Started server process [254]
[2026-04-04 15:43:51 +0000] [254] [INFO] Waiting for application startup.
[2026-04-04 15:43:51 +0000] [254] [INFO] Application startup complete.
[2026-04-04 15:43:51 +0000] [255] [INFO] Started server process [255]
[2026-04-04 15:43:51 +0000] [255] [INFO] Waiting for application startup.
[2026-04-04 15:43:51 +0000] [255] [INFO] Application startup complete.
[2026-04-04 15:43:51 +0000] [253] [INFO] Started server process [253]
[2026-04-04 15:43:51 +0000] [253] [INFO] Waiting for application startup.
[2026-04-04 15:43:51 +0000] [253] [INFO] Application startup complete.
[2026-04-04 15:43:51 +0000] [286] [INFO] Booting worker with pid: 286
[2026-04-04 15:43:51 +0000] [260] [INFO] Started server process [260]
[2026-04-04 15:43:51 +0000] [260] [INFO] Waiting for application startup.
[2026-04-04 15:43:51 +0000] [260] [INFO] Application startup complete.
[2026-04-04 15:43:51 +0000] [263] [INFO] Started server process [263]
[2026-04-04 15:43:51 +0000] [263] [INFO] Waiting for application startup.
[2026-04-04 15:43:51 +0000] [263] [INFO] Application startup complete.
[2026-04-04 15:43:51 +0000] [292] [INFO] Booting worker with pid: 292
[2026-04-04 15:43:51 +0000] [286] [INFO] Started server process [286]
[2026-04-04 15:43:51 +0000] [286] [INFO] Waiting for application startup.
[2026-04-04 15:43:51 +0000] [286] [INFO] Application startup complete.
[2026-04-04 15:43:51 +0000] [298] [INFO] Booting worker with pid: 298
[2026-04-04 15:43:51 +0000] [301] [INFO] Booting worker with pid: 301
[2026-04-04 15:43:51 +0000] [292] [INFO] Started server process [292]
[2026-04-04 15:43:51 +0000] [292] [INFO] Waiting for application startup.
[2026-04-04 15:43:51 +0000] [292] [INFO] Application startup complete.
[2026-04-04 15:43:51 +0000] [307] [INFO] Booting worker with pid: 307
[2026-04-04 15:43:51 +0000] [298] [INFO] Started server process [298]
[2026-04-04 15:43:51 +0000] [298] [INFO] Waiting for application startup.
[2026-04-04 15:43:51 +0000] [298] [INFO] Application startup complete.
[2026-04-04 15:43:51 +0000] [311] [INFO] Booting worker with pid: 311
[2026-04-04 15:43:51 +0000] [301] [INFO] Started server process [301]
[2026-04-04 15:43:51 +0000] [301] [INFO] Waiting for application startup.
[2026-04-04 15:43:51 +0000] [301] [INFO] Application startup complete.
[2026-04-04 15:43:51 +0000] [314] [INFO] Booting worker with pid: 314
[2026-04-04 15:43:52 +0000] [307] [INFO] Started server process [307]
[2026-04-04 15:43:52 +0000] [307] [INFO] Waiting for application startup.
[2026-04-04 15:43:52 +0000] [307] [INFO] Application startup complete.
[2026-04-04 15:43:52 +0000] [311] [INFO] Started server process [311]
[2026-04-04 15:43:52 +0000] [311] [INFO] Waiting for application startup.
[2026-04-04 15:43:52 +0000] [311] [INFO] Application startup complete.
[2026-04-04 15:43:52 +0000] [323] [INFO] Booting worker with pid: 323
[2026-04-04 15:43:52 +0000] [314] [INFO] Started server process [314]
[2026-04-04 15:43:52 +0000] [314] [INFO] Waiting for application startup.
[2026-04-04 15:43:52 +0000] [314] [INFO] Application startup complete.
[2026-04-04 15:43:52 +0000] [329] [INFO] Booting worker with pid: 329
[2026-04-04 15:43:52 +0000] [332] [INFO] Booting worker with pid: 332
[2026-04-04 15:43:52 +0000] [323] [INFO] Started server process [323]
[2026-04-04 15:43:52 +0000] [323] [INFO] Waiting for application startup.
[2026-04-04 15:43:52 +0000] [323] [INFO] Application startup complete.
[2026-04-04 15:43:52 +0000] [329] [INFO] Started server process [329]
[2026-04-04 15:43:52 +0000] [329] [INFO] Waiting for application startup.
[2026-04-04 15:43:52 +0000] [329] [INFO] Application startup complete.
[2026-04-04 15:43:52 +0000] [339] [INFO] Booting worker with pid: 339
[2026-04-04 15:43:52 +0000] [343] [INFO] Booting worker with pid: 343
[2026-04-04 15:43:52 +0000] [332] [INFO] Started server process [332]
[2026-04-04 15:43:52 +0000] [332] [INFO] Waiting for application startup.
[2026-04-04 15:43:52 +0000] [332] [INFO] Application startup complete.
[2026-04-04 15:43:52 +0000] [348] [INFO] Booting worker with pid: 348
[2026-04-04 15:43:52 +0000] [339] [INFO] Started server process [339]
[2026-04-04 15:43:52 +0000] [339] [INFO] Waiting for application startup.
[2026-04-04 15:43:52 +0000] [339] [INFO] Application startup complete.
[2026-04-04 15:43:52 +0000] [343] [INFO] Started server process [343]
[2026-04-04 15:43:52 +0000] [343] [INFO] Waiting for application startup.
[2026-04-04 15:43:52 +0000] [343] [INFO] Application startup complete.
[2026-04-04 15:43:52 +0000] [348] [INFO] Started server process [348]
[2026-04-04 15:43:52 +0000] [348] [INFO] Waiting for application startup.
[2026-04-04 15:43:52 +0000] [348] [INFO] Application startup complete.
