[2026-04-03 23:02:01 +0000] [1] [INFO] Starting gunicorn 23.0.0
[2026-04-03 23:02:01 +0000] [1] [INFO] Listening at: http://0.0.0.0:8080 (1)
[2026-04-03 23:02:01 +0000] [1] [INFO] Using worker: uvicorn.workers.UvicornWorker
[2026-04-03 23:02:01 +0000] [7] [INFO] Booting worker with pid: 7
[2026-04-03 23:02:01 +0000] [8] [INFO] Booting worker with pid: 8
[2026-04-03 23:02:01 +0000] [9] [INFO] Booting worker with pid: 9
[2026-04-03 23:02:01 +0000] [10] [INFO] Booting worker with pid: 10
[2026-04-03 23:02:01 +0000] [11] [INFO] Booting worker with pid: 11
[2026-04-03 23:02:01 +0000] [12] [INFO] Booting worker with pid: 12
[2026-04-03 23:02:01 +0000] [13] [INFO] Booting worker with pid: 13
[2026-04-03 23:02:01 +0000] [14] [INFO] Booting worker with pid: 14
[2026-04-03 23:02:01 +0000] [15] [INFO] Booting worker with pid: 15
[2026-04-03 23:02:01 +0000] [16] [INFO] Booting worker with pid: 16
[2026-04-03 23:02:01 +0000] [7] [INFO] Started server process [7]
[2026-04-03 23:02:01 +0000] [7] [INFO] Waiting for application startup.
[2026-04-03 23:02:01 +0000] [8] [INFO] Started server process [8]
[2026-04-03 23:02:01 +0000] [8] [INFO] Waiting for application startup.
[2026-04-03 23:02:01 +0000] [7] [INFO] Application startup complete.
[2026-04-03 23:02:01 +0000] [8] [INFO] Application startup complete.
[2026-04-03 23:02:01 +0000] [19] [INFO] Booting worker with pid: 19
[2026-04-03 23:02:01 +0000] [9] [INFO] Started server process [9]
[2026-04-03 23:02:01 +0000] [9] [INFO] Waiting for application startup.
[2026-04-03 23:02:01 +0000] [9] [INFO] Application startup complete.
[2026-04-03 23:02:01 +0000] [10] [INFO] Started server process [10]
[2026-04-03 23:02:01 +0000] [10] [INFO] Waiting for application startup.
[2026-04-03 23:02:01 +0000] [10] [INFO] Application startup complete.
[2026-04-03 23:02:01 +0000] [11] [INFO] Started server process [11]
[2026-04-03 23:02:01 +0000] [11] [INFO] Waiting for application startup.
[2026-04-03 23:02:01 +0000] [11] [INFO] Application startup complete.
[2026-04-03 23:02:01 +0000] [24] [INFO] Booting worker with pid: 24
[2026-04-03 23:02:01 +0000] [12] [INFO] Started server process [12]
[2026-04-03 23:02:01 +0000] [12] [INFO] Waiting for application startup.
[2026-04-03 23:02:01 +0000] [12] [INFO] Application startup complete.
[2026-04-03 23:02:01 +0000] [25] [INFO] Booting worker with pid: 25
[2026-04-03 23:02:01 +0000] [13] [INFO] Started server process [13]
[2026-04-03 23:02:01 +0000] [13] [INFO] Waiting for application startup.
[2026-04-03 23:02:01 +0000] [13] [INFO] Application startup complete.
[2026-04-03 23:02:01 +0000] [14] [INFO] Started server process [14]
[2026-04-03 23:02:01 +0000] [14] [INFO] Waiting for application startup.
[2026-04-03 23:02:01 +0000] [14] [INFO] Application startup complete.
[2026-04-03 23:02:01 +0000] [28] [INFO] Booting worker with pid: 28
[2026-04-03 23:02:01 +0000] [15] [INFO] Started server process [15]
[2026-04-03 23:02:01 +0000] [15] [INFO] Waiting for application startup.
[2026-04-03 23:02:01 +0000] [15] [INFO] Application startup complete.
[2026-04-03 23:02:01 +0000] [16] [INFO] Started server process [16]
[2026-04-03 23:02:01 +0000] [16] [INFO] Waiting for application startup.
[2026-04-03 23:02:01 +0000] [16] [INFO] Application startup complete.
[2026-04-03 23:02:01 +0000] [31] [INFO] Booting worker with pid: 31
[2026-04-03 23:02:01 +0000] [19] [INFO] Started server process [19]
[2026-04-03 23:02:01 +0000] [19] [INFO] Waiting for application startup.
[2026-04-03 23:02:01 +0000] [19] [INFO] Application startup complete.
[2026-04-03 23:02:01 +0000] [33] [INFO] Booting worker with pid: 33
[2026-04-03 23:02:01 +0000] [34] [INFO] Booting worker with pid: 34
[2026-04-03 23:02:01 +0000] [24] [INFO] Started server process [24]
[2026-04-03 23:02:01 +0000] [24] [INFO] Waiting for application startup.
[2026-04-03 23:02:01 +0000] [24] [INFO] Application startup complete.
[2026-04-03 23:02:01 +0000] [36] [INFO] Booting worker with pid: 36
[2026-04-03 23:02:01 +0000] [25] [INFO] Started server process [25]
[2026-04-03 23:02:01 +0000] [25] [INFO] Waiting for application startup.
[2026-04-03 23:02:01 +0000] [25] [INFO] Application startup complete.
[2026-04-03 23:02:01 +0000] [38] [INFO] Booting worker with pid: 38
[2026-04-03 23:02:01 +0000] [39] [INFO] Booting worker with pid: 39
[2026-04-03 23:02:01 +0000] [40] [INFO] Booting worker with pid: 40
[2026-04-03 23:02:01 +0000] [28] [INFO] Started server process [28]
[2026-04-03 23:02:01 +0000] [28] [INFO] Waiting for application startup.
[2026-04-03 23:02:01 +0000] [28] [INFO] Application startup complete.
[2026-04-03 23:02:01 +0000] [42] [INFO] Booting worker with pid: 42
[2026-04-03 23:02:01 +0000] [43] [INFO] Booting worker with pid: 43
[2026-04-03 23:02:01 +0000] [44] [INFO] Booting worker with pid: 44
[2026-04-03 23:02:01 +0000] [31] [INFO] Started server process [31]
[2026-04-03 23:02:01 +0000] [31] [INFO] Waiting for application startup.
[2026-04-03 23:02:01 +0000] [31] [INFO] Application startup complete.
[2026-04-03 23:02:01 +0000] [33] [INFO] Started server process [33]
[2026-04-03 23:02:01 +0000] [33] [INFO] Waiting for application startup.
[2026-04-03 23:02:01 +0000] [33] [INFO] Application startup complete.
[2026-04-03 23:02:02 +0000] [48] [INFO] Booting worker with pid: 48
[2026-04-03 23:02:02 +0000] [34] [INFO] Started server process [34]
[2026-04-03 23:02:02 +0000] [34] [INFO] Waiting for application startup.
[2026-04-03 23:02:02 +0000] [34] [INFO] Application startup complete.
[2026-04-03 23:02:02 +0000] [49] [INFO] Booting worker with pid: 49
[2026-04-03 23:02:02 +0000] [36] [INFO] Started server process [36]
[2026-04-03 23:02:02 +0000] [36] [INFO] Waiting for application startup.
[2026-04-03 23:02:02 +0000] [36] [INFO] Application startup complete.
[2026-04-03 23:02:02 +0000] [51] [INFO] Booting worker with pid: 51
[2026-04-03 23:02:02 +0000] [53] [INFO] Booting worker with pid: 53
[2026-04-03 23:02:02 +0000] [38] [INFO] Started server process [38]
[2026-04-03 23:02:02 +0000] [38] [INFO] Waiting for application startup.
[2026-04-03 23:02:02 +0000] [38] [INFO] Application startup complete.
[2026-04-03 23:02:02 +0000] [39] [INFO] Started server process [39]
[2026-04-03 23:02:02 +0000] [39] [INFO] Waiting for application startup.
[2026-04-03 23:02:02 +0000] [39] [INFO] Application startup complete.
[2026-04-03 23:02:02 +0000] [40] [INFO] Started server process [40]
[2026-04-03 23:02:02 +0000] [40] [INFO] Waiting for application startup.
[2026-04-03 23:02:02 +0000] [40] [INFO] Application startup complete.
[2026-04-03 23:02:02 +0000] [56] [INFO] Booting worker with pid: 56
[2026-04-03 23:02:02 +0000] [42] [INFO] Started server process [42]
[2026-04-03 23:02:02 +0000] [42] [INFO] Waiting for application startup.
[2026-04-03 23:02:02 +0000] [42] [INFO] Application startup complete.
[2026-04-03 23:02:02 +0000] [43] [INFO] Started server process [43]
[2026-04-03 23:02:02 +0000] [43] [INFO] Waiting for application startup.
[2026-04-03 23:02:02 +0000] [43] [INFO] Application startup complete.
[2026-04-03 23:02:02 +0000] [44] [INFO] Started server process [44]
[2026-04-03 23:02:02 +0000] [44] [INFO] Waiting for application startup.
[2026-04-03 23:02:02 +0000] [44] [INFO] Application startup complete.
[2026-04-03 23:02:02 +0000] [60] [INFO] Booting worker with pid: 60
[2026-04-03 23:02:02 +0000] [61] [INFO] Booting worker with pid: 61
[2026-04-03 23:02:02 +0000] [48] [INFO] Started server process [48]
[2026-04-03 23:02:02 +0000] [48] [INFO] Waiting for application startup.
[2026-04-03 23:02:02 +0000] [48] [INFO] Application startup complete.
[2026-04-03 23:02:02 +0000] [64] [INFO] Booting worker with pid: 64
[2026-04-03 23:02:02 +0000] [49] [INFO] Started server process [49]
[2026-04-03 23:02:02 +0000] [49] [INFO] Waiting for application startup.
[2026-04-03 23:02:02 +0000] [49] [INFO] Application startup complete.
[2026-04-03 23:02:02 +0000] [65] [INFO] Booting worker with pid: 65
[2026-04-03 23:02:02 +0000] [51] [INFO] Started server process [51]
[2026-04-03 23:02:02 +0000] [51] [INFO] Waiting for application startup.
[2026-04-03 23:02:02 +0000] [51] [INFO] Application startup complete.
[2026-04-03 23:02:02 +0000] [53] [INFO] Started server process [53]
[2026-04-03 23:02:02 +0000] [53] [INFO] Waiting for application startup.
[2026-04-03 23:02:02 +0000] [53] [INFO] Application startup complete.
[2026-04-03 23:02:02 +0000] [68] [INFO] Booting worker with pid: 68
[2026-04-03 23:02:02 +0000] [56] [INFO] Started server process [56]
[2026-04-03 23:02:02 +0000] [56] [INFO] Waiting for application startup.
[2026-04-03 23:02:02 +0000] [56] [INFO] Application startup complete.
[2026-04-03 23:02:02 +0000] [70] [INFO] Booting worker with pid: 70
[2026-04-03 23:02:02 +0000] [71] [INFO] Booting worker with pid: 71
[2026-04-03 23:02:02 +0000] [64] [INFO] Started server process [64]
[2026-04-03 23:02:02 +0000] [64] [INFO] Waiting for application startup.
[2026-04-03 23:02:02 +0000] [64] [INFO] Application startup complete.
[2026-04-03 23:02:02 +0000] [76] [INFO] Booting worker with pid: 76
[2026-04-03 23:02:02 +0000] [61] [INFO] Started server process [61]
[2026-04-03 23:02:02 +0000] [61] [INFO] Waiting for application startup.
[2026-04-03 23:02:02 +0000] [61] [INFO] Application startup complete.
[2026-04-03 23:02:02 +0000] [60] [INFO] Started server process [60]
[2026-04-03 23:02:02 +0000] [60] [INFO] Waiting for application startup.
[2026-04-03 23:02:02 +0000] [60] [INFO] Application startup complete.
[2026-04-03 23:02:02 +0000] [65] [INFO] Started server process [65]
[2026-04-03 23:02:02 +0000] [65] [INFO] Waiting for application startup.
[2026-04-03 23:02:02 +0000] [65] [INFO] Application startup complete.
[2026-04-03 23:02:02 +0000] [78] [INFO] Booting worker with pid: 78
[2026-04-03 23:02:02 +0000] [68] [INFO] Started server process [68]
[2026-04-03 23:02:02 +0000] [68] [INFO] Waiting for application startup.
[2026-04-03 23:02:02 +0000] [68] [INFO] Application startup complete.
[2026-04-03 23:02:02 +0000] [79] [INFO] Booting worker with pid: 79
[2026-04-03 23:02:02 +0000] [80] [INFO] Booting worker with pid: 80
[2026-04-03 23:02:02 +0000] [81] [INFO] Booting worker with pid: 81
[2026-04-03 23:02:02 +0000] [70] [INFO] Started server process [70]
[2026-04-03 23:02:02 +0000] [70] [INFO] Waiting for application startup.
[2026-04-03 23:02:02 +0000] [70] [INFO] Application startup complete.
[2026-04-03 23:02:02 +0000] [84] [INFO] Booting worker with pid: 84
[2026-04-03 23:02:02 +0000] [71] [INFO] Started server process [71]
[2026-04-03 23:02:02 +0000] [71] [INFO] Waiting for application startup.
[2026-04-03 23:02:02 +0000] [71] [INFO] Application startup complete.
[2026-04-03 23:02:02 +0000] [86] [INFO] Booting worker with pid: 86
[2026-04-03 23:02:02 +0000] [76] [INFO] Started server process [76]
[2026-04-03 23:02:02 +0000] [76] [INFO] Waiting for application startup.
[2026-04-03 23:02:02 +0000] [76] [INFO] Application startup complete.
[2026-04-03 23:02:02 +0000] [88] [INFO] Booting worker with pid: 88
[2026-04-03 23:02:03 +0000] [78] [INFO] Started server process [78]
[2026-04-03 23:02:03 +0000] [78] [INFO] Waiting for application startup.
[2026-04-03 23:02:03 +0000] [78] [INFO] Application startup complete.
[2026-04-03 23:02:03 +0000] [79] [INFO] Started server process [79]
[2026-04-03 23:02:03 +0000] [79] [INFO] Waiting for application startup.
[2026-04-03 23:02:03 +0000] [79] [INFO] Application startup complete.
[2026-04-03 23:02:03 +0000] [90] [INFO] Booting worker with pid: 90
[2026-04-03 23:02:03 +0000] [80] [INFO] Started server process [80]
[2026-04-03 23:02:03 +0000] [80] [INFO] Waiting for application startup.
[2026-04-03 23:02:03 +0000] [80] [INFO] Application startup complete.
[2026-04-03 23:02:03 +0000] [81] [INFO] Started server process [81]
[2026-04-03 23:02:03 +0000] [81] [INFO] Waiting for application startup.
[2026-04-03 23:02:03 +0000] [81] [INFO] Application startup complete.
[2026-04-03 23:02:03 +0000] [93] [INFO] Booting worker with pid: 93
[2026-04-03 23:02:03 +0000] [86] [INFO] Started server process [86]
[2026-04-03 23:02:03 +0000] [86] [INFO] Waiting for application startup.
[2026-04-03 23:02:03 +0000] [86] [INFO] Application startup complete.
[2026-04-03 23:02:03 +0000] [95] [INFO] Booting worker with pid: 95
[2026-04-03 23:02:03 +0000] [84] [INFO] Started server process [84]
[2026-04-03 23:02:03 +0000] [84] [INFO] Waiting for application startup.
[2026-04-03 23:02:03 +0000] [84] [INFO] Application startup complete.
[2026-04-03 23:02:03 +0000] [88] [INFO] Started server process [88]
[2026-04-03 23:02:03 +0000] [88] [INFO] Waiting for application startup.
[2026-04-03 23:02:03 +0000] [88] [INFO] Application startup complete.
[2026-04-03 23:02:03 +0000] [98] [INFO] Booting worker with pid: 98
[2026-04-03 23:02:03 +0000] [90] [INFO] Started server process [90]
[2026-04-03 23:02:03 +0000] [90] [INFO] Waiting for application startup.
[2026-04-03 23:02:03 +0000] [90] [INFO] Application startup complete.
[2026-04-03 23:02:03 +0000] [100] [INFO] Booting worker with pid: 100
[2026-04-03 23:02:03 +0000] [101] [INFO] Booting worker with pid: 101
[2026-04-03 23:02:03 +0000] [93] [INFO] Started server process [93]
[2026-04-03 23:02:03 +0000] [93] [INFO] Waiting for application startup.
[2026-04-03 23:02:03 +0000] [93] [INFO] Application startup complete.
[2026-04-03 23:02:03 +0000] [103] [INFO] Booting worker with pid: 103
[2026-04-03 23:02:03 +0000] [104] [INFO] Booting worker with pid: 104
[2026-04-03 23:02:03 +0000] [106] [INFO] Booting worker with pid: 106
[2026-04-03 23:02:03 +0000] [95] [INFO] Started server process [95]
[2026-04-03 23:02:03 +0000] [95] [INFO] Waiting for application startup.
[2026-04-03 23:02:03 +0000] [95] [INFO] Application startup complete.
[2026-04-03 23:02:03 +0000] [107] [INFO] Booting worker with pid: 107
[2026-04-03 23:02:03 +0000] [111] [INFO] Booting worker with pid: 111
[2026-04-03 23:02:03 +0000] [100] [INFO] Started server process [100]
[2026-04-03 23:02:03 +0000] [100] [INFO] Waiting for application startup.
[2026-04-03 23:02:03 +0000] [100] [INFO] Application startup complete.
[2026-04-03 23:02:03 +0000] [101] [INFO] Started server process [101]
[2026-04-03 23:02:03 +0000] [101] [INFO] Waiting for application startup.
[2026-04-03 23:02:03 +0000] [101] [INFO] Application startup complete.
[2026-04-03 23:02:03 +0000] [98] [INFO] Started server process [98]
[2026-04-03 23:02:03 +0000] [98] [INFO] Waiting for application startup.
[2026-04-03 23:02:03 +0000] [98] [INFO] Application startup complete.
[2026-04-03 23:02:03 +0000] [103] [INFO] Started server process [103]
[2026-04-03 23:02:03 +0000] [103] [INFO] Waiting for application startup.
[2026-04-03 23:02:03 +0000] [103] [INFO] Application startup complete.
[2026-04-03 23:02:03 +0000] [104] [INFO] Started server process [104]
[2026-04-03 23:02:03 +0000] [104] [INFO] Waiting for application startup.
[2026-04-03 23:02:03 +0000] [104] [INFO] Application startup complete.
[2026-04-03 23:02:03 +0000] [114] [INFO] Booting worker with pid: 114
[2026-04-03 23:02:03 +0000] [115] [INFO] Booting worker with pid: 115
[2026-04-03 23:02:03 +0000] [117] [INFO] Booting worker with pid: 117
[2026-04-03 23:02:03 +0000] [106] [INFO] Started server process [106]
[2026-04-03 23:02:03 +0000] [106] [INFO] Waiting for application startup.
[2026-04-03 23:02:03 +0000] [106] [INFO] Application startup complete.
[2026-04-03 23:02:03 +0000] [119] [INFO] Booting worker with pid: 119
[2026-04-03 23:02:03 +0000] [107] [INFO] Started server process [107]
[2026-04-03 23:02:03 +0000] [107] [INFO] Waiting for application startup.
[2026-04-03 23:02:03 +0000] [107] [INFO] Application startup complete.
[2026-04-03 23:02:03 +0000] [120] [INFO] Booting worker with pid: 120
[2026-04-03 23:02:03 +0000] [122] [INFO] Booting worker with pid: 122
[2026-04-03 23:02:04 +0000] [111] [INFO] Started server process [111]
[2026-04-03 23:02:04 +0000] [111] [INFO] Waiting for application startup.
[2026-04-03 23:02:04 +0000] [111] [INFO] Application startup complete.
[2026-04-03 23:02:04 +0000] [123] [INFO] Booting worker with pid: 123
[2026-04-03 23:02:04 +0000] [114] [INFO] Started server process [114]
[2026-04-03 23:02:04 +0000] [114] [INFO] Waiting for application startup.
[2026-04-03 23:02:04 +0000] [114] [INFO] Application startup complete.
[2026-04-03 23:02:04 +0000] [126] [INFO] Booting worker with pid: 126
[2026-04-03 23:02:04 +0000] [115] [INFO] Started server process [115]
[2026-04-03 23:02:04 +0000] [115] [INFO] Waiting for application startup.
[2026-04-03 23:02:04 +0000] [115] [INFO] Application startup complete.
[2026-04-03 23:02:04 +0000] [117] [INFO] Started server process [117]
[2026-04-03 23:02:04 +0000] [117] [INFO] Waiting for application startup.
[2026-04-03 23:02:04 +0000] [117] [INFO] Application startup complete.
[2026-04-03 23:02:04 +0000] [129] [INFO] Booting worker with pid: 129
[2026-04-03 23:02:04 +0000] [119] [INFO] Started server process [119]
[2026-04-03 23:02:04 +0000] [119] [INFO] Waiting for application startup.
[2026-04-03 23:02:04 +0000] [119] [INFO] Application startup complete.
[2026-04-03 23:02:04 +0000] [120] [INFO] Started server process [120]
[2026-04-03 23:02:04 +0000] [120] [INFO] Waiting for application startup.
[2026-04-03 23:02:04 +0000] [120] [INFO] Application startup complete.
[2026-04-03 23:02:04 +0000] [123] [INFO] Started server process [123]
[2026-04-03 23:02:04 +0000] [123] [INFO] Waiting for application startup.
[2026-04-03 23:02:04 +0000] [123] [INFO] Application startup complete.
[2026-04-03 23:02:04 +0000] [122] [INFO] Started server process [122]
[2026-04-03 23:02:04 +0000] [122] [INFO] Waiting for application startup.
[2026-04-03 23:02:04 +0000] [122] [INFO] Application startup complete.
[2026-04-03 23:02:04 +0000] [126] [INFO] Started server process [126]
[2026-04-03 23:02:04 +0000] [126] [INFO] Waiting for application startup.
[2026-04-03 23:02:04 +0000] [126] [INFO] Application startup complete.
[2026-04-03 23:02:04 +0000] [129] [INFO] Started server process [129]
[2026-04-03 23:02:04 +0000] [129] [INFO] Waiting for application startup.
[2026-04-03 23:02:04 +0000] [129] [INFO] Application startup complete.
