
  Error: write ECONNRESET
      at afterWriteDispatched (node:internal/stream_base_commons:159:15)
      at writevGeneric (node:internal/stream_base_commons:142:3)
      at Socket._writeGeneric (node:net:964:11)
      at Socket._writev (node:net:973:8)
      at doWrite (node:internal/streams/writable:596:12)
      at clearBuffer (node:internal/streams/writable:775:5)
      at Writable.uncork (node:internal/streams/writable:531:7)
      at ServerResponse.end (node:_http_outgoing:1148:19)
      at respond (/app/node_modules/koa/lib/application.js:302:44)
      at handleResponse (/app/node_modules/koa/lib/application.js:184:34)


  Error: write ECONNRESET
      at afterWriteDispatched (node:internal/stream_base_commons:159:15)
      at writevGeneric (node:internal/stream_base_commons:142:3)
      at Socket._writeGeneric (node:net:964:11)
      at Socket._writev (node:net:973:8)
      at doWrite (node:internal/streams/writable:596:12)
      at clearBuffer (node:internal/streams/writable:775:5)
      at Writable.uncork (node:internal/streams/writable:531:7)
      at ServerResponse._flushOutput (node:_http_outgoing:1228:10)
      at ServerResponse._flush (node:_http_outgoing:1200:22)
      at ServerResponse.assignSocket (node:_http_server:297:8)


  Error: write ECONNRESET
      at afterWriteDispatched (node:internal/stream_base_commons:159:15)
      at writevGeneric (node:internal/stream_base_commons:142:3)
      at Socket._writeGeneric (node:net:964:11)
      at Socket._writev (node:net:973:8)
      at doWrite (node:internal/streams/writable:596:12)
      at clearBuffer (node:internal/streams/writable:775:5)
      at Writable.uncork (node:internal/streams/writable:531:7)
      at ServerResponse.end (node:_http_outgoing:1148:19)
      at respond (/app/node_modules/koa/lib/application.js:302:44)
      at handleResponse (/app/node_modules/koa/lib/application.js:184:34)


  Error: write ECONNRESET
      at afterWriteDispatched (node:internal/stream_base_commons:159:15)
      at writevGeneric (node:internal/stream_base_commons:142:3)
      at Socket._writeGeneric (node:net:964:11)
      at Socket._writev (node:net:973:8)
      at doWrite (node:internal/streams/writable:596:12)
      at clearBuffer (node:internal/streams/writable:775:5)
      at Writable.uncork (node:internal/streams/writable:531:7)
      at ServerResponse.end (node:_http_outgoing:1148:19)
      at respond (/app/node_modules/koa/lib/application.js:302:44)
      at handleResponse (/app/node_modules/koa/lib/application.js:184:34)


  Error: write ECONNRESET
      at afterWriteDispatched (node:internal/stream_base_commons:159:15)
      at writevGeneric (node:internal/stream_base_commons:142:3)
      at Socket._writeGeneric (node:net:964:11)
      at Socket._writev (node:net:973:8)
      at doWrite (node:internal/streams/writable:596:12)
      at clearBuffer (node:internal/streams/writable:775:5)
      at Writable.uncork (node:internal/streams/writable:531:7)
      at ServerResponse.end (node:_http_outgoing:1148:19)
      at respond (/app/node_modules/koa/lib/application.js:302:44)
      at handleResponse (/app/node_modules/koa/lib/application.js:184:34)

