[2026-04-04 07:23:46 +0000] [1] [INFO] Starting gunicorn 23.0.0
[2026-04-04 07:23:46 +0000] [1] [INFO] Listening at: http://0.0.0.0:8080 (1)
[2026-04-04 07:23:46 +0000] [1] [INFO] Using worker: uvicorn.workers.UvicornWorker
[2026-04-04 07:23:46 +0000] [7] [INFO] Booting worker with pid: 7
[2026-04-04 07:23:46 +0000] [8] [INFO] Booting worker with pid: 8
[2026-04-04 07:23:46 +0000] [9] [INFO] Booting worker with pid: 9
[2026-04-04 07:23:46 +0000] [12] [INFO] Booting worker with pid: 12
[2026-04-04 07:23:46 +0000] [7] [INFO] Started server process [7]
[2026-04-04 07:23:46 +0000] [8] [INFO] Started server process [8]
[2026-04-04 07:23:46 +0000] [8] [INFO] Waiting for application startup.
[2026-04-04 07:23:46 +0000] [7] [INFO] Waiting for application startup.
[2026-04-04 07:23:46 +0000] [7] [INFO] Application startup complete.
[2026-04-04 07:23:46 +0000] [8] [INFO] Application startup complete.
[2026-04-04 07:23:46 +0000] [13] [INFO] Booting worker with pid: 13
[2026-04-04 07:23:46 +0000] [15] [INFO] Booting worker with pid: 15
[2026-04-04 07:23:46 +0000] [9] [INFO] Started server process [9]
[2026-04-04 07:23:46 +0000] [9] [INFO] Waiting for application startup.
[2026-04-04 07:23:46 +0000] [9] [INFO] Application startup complete.
[2026-04-04 07:23:46 +0000] [12] [INFO] Started server process [12]
[2026-04-04 07:23:46 +0000] [12] [INFO] Waiting for application startup.
[2026-04-04 07:23:46 +0000] [12] [INFO] Application startup complete.
[2026-04-04 07:23:46 +0000] [13] [INFO] Started server process [13]
[2026-04-04 07:23:46 +0000] [13] [INFO] Waiting for application startup.
[2026-04-04 07:23:46 +0000] [13] [INFO] Application startup complete.
[2026-04-04 07:23:46 +0000] [19] [INFO] Booting worker with pid: 19
[2026-04-04 07:23:46 +0000] [15] [INFO] Started server process [15]
[2026-04-04 07:23:46 +0000] [15] [INFO] Waiting for application startup.
[2026-04-04 07:23:46 +0000] [15] [INFO] Application startup complete.
[2026-04-04 07:23:47 +0000] [19] [INFO] Started server process [19]
[2026-04-04 07:23:47 +0000] [19] [INFO] Waiting for application startup.
[2026-04-04 07:23:47 +0000] [19] [INFO] Application startup complete.
[2026-04-04 07:23:47 +0000] [21] [INFO] Booting worker with pid: 21
[2026-04-04 07:23:47 +0000] [22] [INFO] Booting worker with pid: 22
[2026-04-04 07:23:47 +0000] [21] [INFO] Started server process [21]
[2026-04-04 07:23:47 +0000] [21] [INFO] Waiting for application startup.
[2026-04-04 07:23:47 +0000] [21] [INFO] Application startup complete.
[2026-04-04 07:23:47 +0000] [22] [INFO] Started server process [22]
[2026-04-04 07:23:47 +0000] [22] [INFO] Waiting for application startup.
[2026-04-04 07:23:47 +0000] [22] [INFO] Application startup complete.
[2026-04-04 07:23:47 +0000] [25] [INFO] Booting worker with pid: 25
[2026-04-04 07:23:47 +0000] [25] [INFO] Started server process [25]
[2026-04-04 07:23:47 +0000] [25] [INFO] Waiting for application startup.
[2026-04-04 07:23:47 +0000] [25] [INFO] Application startup complete.
[2026-04-04 07:23:47 +0000] [27] [INFO] Booting worker with pid: 27
[2026-04-04 07:23:47 +0000] [28] [INFO] Booting worker with pid: 28
[2026-04-04 07:23:47 +0000] [30] [INFO] Booting worker with pid: 30
[2026-04-04 07:23:47 +0000] [27] [INFO] Started server process [27]
[2026-04-04 07:23:47 +0000] [27] [INFO] Waiting for application startup.
[2026-04-04 07:23:47 +0000] [27] [INFO] Application startup complete.
[2026-04-04 07:23:47 +0000] [28] [INFO] Started server process [28]
[2026-04-04 07:23:47 +0000] [28] [INFO] Waiting for application startup.
[2026-04-04 07:23:47 +0000] [28] [INFO] Application startup complete.
[2026-04-04 07:23:47 +0000] [32] [INFO] Booting worker with pid: 32
[2026-04-04 07:23:47 +0000] [30] [INFO] Started server process [30]
[2026-04-04 07:23:47 +0000] [30] [INFO] Waiting for application startup.
[2026-04-04 07:23:47 +0000] [30] [INFO] Application startup complete.
[2026-04-04 07:23:47 +0000] [32] [INFO] Started server process [32]
[2026-04-04 07:23:47 +0000] [32] [INFO] Waiting for application startup.
[2026-04-04 07:23:47 +0000] [32] [INFO] Application startup complete.
[2026-04-04 07:23:47 +0000] [35] [INFO] Booting worker with pid: 35
[2026-04-04 07:23:47 +0000] [35] [INFO] Started server process [35]
[2026-04-04 07:23:47 +0000] [35] [INFO] Waiting for application startup.
[2026-04-04 07:23:47 +0000] [35] [INFO] Application startup complete.
[2026-04-04 07:23:47 +0000] [37] [INFO] Booting worker with pid: 37
[2026-04-04 07:23:47 +0000] [38] [INFO] Booting worker with pid: 38
[2026-04-04 07:23:47 +0000] [37] [INFO] Started server process [37]
[2026-04-04 07:23:47 +0000] [37] [INFO] Waiting for application startup.
[2026-04-04 07:23:47 +0000] [37] [INFO] Application startup complete.
[2026-04-04 07:23:47 +0000] [38] [INFO] Started server process [38]
[2026-04-04 07:23:47 +0000] [38] [INFO] Waiting for application startup.
[2026-04-04 07:23:47 +0000] [38] [INFO] Application startup complete.
[2026-04-04 07:23:47 +0000] [41] [INFO] Booting worker with pid: 41
[2026-04-04 07:23:47 +0000] [41] [INFO] Started server process [41]
[2026-04-04 07:23:47 +0000] [41] [INFO] Waiting for application startup.
[2026-04-04 07:23:47 +0000] [41] [INFO] Application startup complete.
[2026-04-04 07:23:47 +0000] [43] [INFO] Booting worker with pid: 43
[2026-04-04 07:23:47 +0000] [45] [INFO] Booting worker with pid: 45
[2026-04-04 07:23:47 +0000] [43] [INFO] Started server process [43]
[2026-04-04 07:23:47 +0000] [43] [INFO] Waiting for application startup.
[2026-04-04 07:23:47 +0000] [43] [INFO] Application startup complete.
[2026-04-04 07:23:47 +0000] [47] [INFO] Booting worker with pid: 47
[2026-04-04 07:23:47 +0000] [45] [INFO] Started server process [45]
[2026-04-04 07:23:47 +0000] [45] [INFO] Waiting for application startup.
[2026-04-04 07:23:47 +0000] [45] [INFO] Application startup complete.
[2026-04-04 07:23:47 +0000] [48] [INFO] Booting worker with pid: 48
[2026-04-04 07:23:47 +0000] [47] [INFO] Started server process [47]
[2026-04-04 07:23:47 +0000] [47] [INFO] Waiting for application startup.
[2026-04-04 07:23:47 +0000] [47] [INFO] Application startup complete.
[2026-04-04 07:23:47 +0000] [50] [INFO] Booting worker with pid: 50
[2026-04-04 07:23:48 +0000] [48] [INFO] Started server process [48]
[2026-04-04 07:23:48 +0000] [48] [INFO] Waiting for application startup.
[2026-04-04 07:23:48 +0000] [48] [INFO] Application startup complete.
[2026-04-04 07:23:48 +0000] [52] [INFO] Booting worker with pid: 52
[2026-04-04 07:23:48 +0000] [50] [INFO] Started server process [50]
[2026-04-04 07:23:48 +0000] [50] [INFO] Waiting for application startup.
[2026-04-04 07:23:48 +0000] [50] [INFO] Application startup complete.
[2026-04-04 07:23:48 +0000] [54] [INFO] Booting worker with pid: 54
[2026-04-04 07:23:48 +0000] [56] [INFO] Booting worker with pid: 56
[2026-04-04 07:23:48 +0000] [52] [INFO] Started server process [52]
[2026-04-04 07:23:48 +0000] [52] [INFO] Waiting for application startup.
[2026-04-04 07:23:48 +0000] [52] [INFO] Application startup complete.
[2026-04-04 07:23:48 +0000] [57] [INFO] Booting worker with pid: 57
[2026-04-04 07:23:48 +0000] [54] [INFO] Started server process [54]
[2026-04-04 07:23:48 +0000] [54] [INFO] Waiting for application startup.
[2026-04-04 07:23:48 +0000] [54] [INFO] Application startup complete.
[2026-04-04 07:23:48 +0000] [60] [INFO] Booting worker with pid: 60
[2026-04-04 07:23:48 +0000] [56] [INFO] Started server process [56]
[2026-04-04 07:23:48 +0000] [56] [INFO] Waiting for application startup.
[2026-04-04 07:23:48 +0000] [56] [INFO] Application startup complete.
[2026-04-04 07:23:48 +0000] [62] [INFO] Booting worker with pid: 62
[2026-04-04 07:23:48 +0000] [57] [INFO] Started server process [57]
[2026-04-04 07:23:48 +0000] [57] [INFO] Waiting for application startup.
[2026-04-04 07:23:48 +0000] [57] [INFO] Application startup complete.
[2026-04-04 07:23:48 +0000] [60] [INFO] Started server process [60]
[2026-04-04 07:23:48 +0000] [60] [INFO] Waiting for application startup.
[2026-04-04 07:23:48 +0000] [60] [INFO] Application startup complete.
[2026-04-04 07:23:48 +0000] [62] [INFO] Started server process [62]
[2026-04-04 07:23:48 +0000] [62] [INFO] Waiting for application startup.
[2026-04-04 07:23:48 +0000] [62] [INFO] Application startup complete.
[2026-04-04 07:23:48 +0000] [65] [INFO] Booting worker with pid: 65
[2026-04-04 07:23:48 +0000] [66] [INFO] Booting worker with pid: 66
[2026-04-04 07:23:48 +0000] [67] [INFO] Booting worker with pid: 67
[2026-04-04 07:23:48 +0000] [68] [INFO] Booting worker with pid: 68
[2026-04-04 07:23:48 +0000] [70] [INFO] Booting worker with pid: 70
[2026-04-04 07:23:48 +0000] [65] [INFO] Started server process [65]
[2026-04-04 07:23:48 +0000] [65] [INFO] Waiting for application startup.
[2026-04-04 07:23:48 +0000] [65] [INFO] Application startup complete.
[2026-04-04 07:23:48 +0000] [66] [INFO] Started server process [66]
[2026-04-04 07:23:48 +0000] [66] [INFO] Waiting for application startup.
[2026-04-04 07:23:48 +0000] [66] [INFO] Application startup complete.
[2026-04-04 07:23:48 +0000] [67] [INFO] Started server process [67]
[2026-04-04 07:23:48 +0000] [67] [INFO] Waiting for application startup.
[2026-04-04 07:23:48 +0000] [67] [INFO] Application startup complete.
[2026-04-04 07:23:48 +0000] [75] [INFO] Booting worker with pid: 75
[2026-04-04 07:23:48 +0000] [68] [INFO] Started server process [68]
[2026-04-04 07:23:48 +0000] [68] [INFO] Waiting for application startup.
[2026-04-04 07:23:48 +0000] [68] [INFO] Application startup complete.
[2026-04-04 07:23:48 +0000] [70] [INFO] Started server process [70]
[2026-04-04 07:23:48 +0000] [70] [INFO] Waiting for application startup.
[2026-04-04 07:23:48 +0000] [70] [INFO] Application startup complete.
[2026-04-04 07:23:48 +0000] [75] [INFO] Started server process [75]
[2026-04-04 07:23:48 +0000] [75] [INFO] Waiting for application startup.
[2026-04-04 07:23:48 +0000] [75] [INFO] Application startup complete.
[2026-04-04 07:23:48 +0000] [77] [INFO] Booting worker with pid: 77
[2026-04-04 07:23:48 +0000] [78] [INFO] Booting worker with pid: 78
[2026-04-04 07:23:48 +0000] [77] [INFO] Started server process [77]
[2026-04-04 07:23:48 +0000] [77] [INFO] Waiting for application startup.
[2026-04-04 07:23:48 +0000] [77] [INFO] Application startup complete.
[2026-04-04 07:23:48 +0000] [78] [INFO] Started server process [78]
[2026-04-04 07:23:48 +0000] [78] [INFO] Waiting for application startup.
[2026-04-04 07:23:48 +0000] [78] [INFO] Application startup complete.
[2026-04-04 07:23:48 +0000] [81] [INFO] Booting worker with pid: 81
[2026-04-04 07:23:48 +0000] [83] [INFO] Booting worker with pid: 83
[2026-04-04 07:23:48 +0000] [81] [INFO] Started server process [81]
[2026-04-04 07:23:48 +0000] [81] [INFO] Waiting for application startup.
[2026-04-04 07:23:48 +0000] [81] [INFO] Application startup complete.
[2026-04-04 07:23:48 +0000] [84] [INFO] Booting worker with pid: 84
[2026-04-04 07:23:48 +0000] [86] [INFO] Booting worker with pid: 86
[2026-04-04 07:23:48 +0000] [83] [INFO] Started server process [83]
[2026-04-04 07:23:48 +0000] [83] [INFO] Waiting for application startup.
[2026-04-04 07:23:48 +0000] [83] [INFO] Application startup complete.
[2026-04-04 07:23:48 +0000] [87] [INFO] Booting worker with pid: 87
[2026-04-04 07:23:48 +0000] [88] [INFO] Booting worker with pid: 88
[2026-04-04 07:23:48 +0000] [84] [INFO] Started server process [84]
[2026-04-04 07:23:48 +0000] [84] [INFO] Waiting for application startup.
[2026-04-04 07:23:48 +0000] [84] [INFO] Application startup complete.
[2026-04-04 07:23:48 +0000] [86] [INFO] Started server process [86]
[2026-04-04 07:23:48 +0000] [86] [INFO] Waiting for application startup.
[2026-04-04 07:23:48 +0000] [86] [INFO] Application startup complete.
[2026-04-04 07:23:48 +0000] [92] [INFO] Booting worker with pid: 92
[2026-04-04 07:23:48 +0000] [87] [INFO] Started server process [87]
[2026-04-04 07:23:48 +0000] [87] [INFO] Waiting for application startup.
[2026-04-04 07:23:48 +0000] [87] [INFO] Application startup complete.
[2026-04-04 07:23:48 +0000] [88] [INFO] Started server process [88]
[2026-04-04 07:23:48 +0000] [88] [INFO] Waiting for application startup.
[2026-04-04 07:23:48 +0000] [88] [INFO] Application startup complete.
[2026-04-04 07:23:48 +0000] [92] [INFO] Started server process [92]
[2026-04-04 07:23:48 +0000] [92] [INFO] Waiting for application startup.
[2026-04-04 07:23:48 +0000] [92] [INFO] Application startup complete.
[2026-04-04 07:23:48 +0000] [95] [INFO] Booting worker with pid: 95
[2026-04-04 07:23:48 +0000] [96] [INFO] Booting worker with pid: 96
[2026-04-04 07:23:49 +0000] [97] [INFO] Booting worker with pid: 97
[2026-04-04 07:23:49 +0000] [99] [INFO] Booting worker with pid: 99
[2026-04-04 07:23:49 +0000] [100] [INFO] Booting worker with pid: 100
[2026-04-04 07:23:49 +0000] [95] [INFO] Started server process [95]
[2026-04-04 07:23:49 +0000] [95] [INFO] Waiting for application startup.
[2026-04-04 07:23:49 +0000] [95] [INFO] Application startup complete.
[2026-04-04 07:23:49 +0000] [96] [INFO] Started server process [96]
[2026-04-04 07:23:49 +0000] [96] [INFO] Waiting for application startup.
[2026-04-04 07:23:49 +0000] [96] [INFO] Application startup complete.
[2026-04-04 07:23:49 +0000] [97] [INFO] Started server process [97]
[2026-04-04 07:23:49 +0000] [97] [INFO] Waiting for application startup.
[2026-04-04 07:23:49 +0000] [97] [INFO] Application startup complete.
[2026-04-04 07:23:49 +0000] [105] [INFO] Booting worker with pid: 105
[2026-04-04 07:23:49 +0000] [99] [INFO] Started server process [99]
[2026-04-04 07:23:49 +0000] [99] [INFO] Waiting for application startup.
[2026-04-04 07:23:49 +0000] [99] [INFO] Application startup complete.
[2026-04-04 07:23:49 +0000] [100] [INFO] Started server process [100]
[2026-04-04 07:23:49 +0000] [100] [INFO] Waiting for application startup.
[2026-04-04 07:23:49 +0000] [100] [INFO] Application startup complete.
[2026-04-04 07:23:49 +0000] [107] [INFO] Booting worker with pid: 107
[2026-04-04 07:23:49 +0000] [105] [INFO] Started server process [105]
[2026-04-04 07:23:49 +0000] [105] [INFO] Waiting for application startup.
[2026-04-04 07:23:49 +0000] [105] [INFO] Application startup complete.
[2026-04-04 07:23:49 +0000] [108] [INFO] Booting worker with pid: 108
[2026-04-04 07:23:49 +0000] [110] [INFO] Booting worker with pid: 110
[2026-04-04 07:23:49 +0000] [107] [INFO] Started server process [107]
[2026-04-04 07:23:49 +0000] [107] [INFO] Waiting for application startup.
[2026-04-04 07:23:49 +0000] [107] [INFO] Application startup complete.
[2026-04-04 07:23:49 +0000] [108] [INFO] Started server process [108]
[2026-04-04 07:23:49 +0000] [108] [INFO] Waiting for application startup.
[2026-04-04 07:23:49 +0000] [108] [INFO] Application startup complete.
[2026-04-04 07:23:49 +0000] [112] [INFO] Booting worker with pid: 112
[2026-04-04 07:23:49 +0000] [110] [INFO] Started server process [110]
[2026-04-04 07:23:49 +0000] [110] [INFO] Waiting for application startup.
[2026-04-04 07:23:49 +0000] [110] [INFO] Application startup complete.
[2026-04-04 07:23:49 +0000] [114] [INFO] Booting worker with pid: 114
[2026-04-04 07:23:49 +0000] [115] [INFO] Booting worker with pid: 115
[2026-04-04 07:23:49 +0000] [117] [INFO] Booting worker with pid: 117
[2026-04-04 07:23:49 +0000] [112] [INFO] Started server process [112]
[2026-04-04 07:23:49 +0000] [112] [INFO] Waiting for application startup.
[2026-04-04 07:23:49 +0000] [112] [INFO] Application startup complete.
[2026-04-04 07:23:49 +0000] [118] [INFO] Booting worker with pid: 118
[2026-04-04 07:23:49 +0000] [114] [INFO] Started server process [114]
[2026-04-04 07:23:49 +0000] [114] [INFO] Waiting for application startup.
[2026-04-04 07:23:49 +0000] [114] [INFO] Application startup complete.
[2026-04-04 07:23:49 +0000] [121] [INFO] Booting worker with pid: 121
[2026-04-04 07:23:49 +0000] [115] [INFO] Started server process [115]
[2026-04-04 07:23:49 +0000] [115] [INFO] Waiting for application startup.
[2026-04-04 07:23:49 +0000] [115] [INFO] Application startup complete.
[2026-04-04 07:23:49 +0000] [117] [INFO] Started server process [117]
[2026-04-04 07:23:49 +0000] [117] [INFO] Waiting for application startup.
[2026-04-04 07:23:49 +0000] [117] [INFO] Application startup complete.
[2026-04-04 07:23:49 +0000] [124] [INFO] Booting worker with pid: 124
[2026-04-04 07:23:49 +0000] [118] [INFO] Started server process [118]
[2026-04-04 07:23:49 +0000] [118] [INFO] Waiting for application startup.
[2026-04-04 07:23:49 +0000] [118] [INFO] Application startup complete.
[2026-04-04 07:23:49 +0000] [126] [INFO] Booting worker with pid: 126
[2026-04-04 07:23:49 +0000] [121] [INFO] Started server process [121]
[2026-04-04 07:23:49 +0000] [121] [INFO] Waiting for application startup.
[2026-04-04 07:23:49 +0000] [121] [INFO] Application startup complete.
[2026-04-04 07:23:49 +0000] [127] [INFO] Booting worker with pid: 127
[2026-04-04 07:23:49 +0000] [124] [INFO] Started server process [124]
[2026-04-04 07:23:49 +0000] [124] [INFO] Waiting for application startup.
[2026-04-04 07:23:49 +0000] [124] [INFO] Application startup complete.
[2026-04-04 07:23:49 +0000] [129] [INFO] Booting worker with pid: 129
[2026-04-04 07:23:49 +0000] [126] [INFO] Started server process [126]
[2026-04-04 07:23:49 +0000] [126] [INFO] Waiting for application startup.
[2026-04-04 07:23:49 +0000] [126] [INFO] Application startup complete.
[2026-04-04 07:23:49 +0000] [127] [INFO] Started server process [127]
[2026-04-04 07:23:49 +0000] [127] [INFO] Waiting for application startup.
[2026-04-04 07:23:49 +0000] [127] [INFO] Application startup complete.
[2026-04-04 07:23:49 +0000] [133] [INFO] Booting worker with pid: 133
[2026-04-04 07:23:49 +0000] [129] [INFO] Started server process [129]
[2026-04-04 07:23:49 +0000] [129] [INFO] Waiting for application startup.
[2026-04-04 07:23:49 +0000] [129] [INFO] Application startup complete.
[2026-04-04 07:23:49 +0000] [133] [INFO] Started server process [133]
[2026-04-04 07:23:49 +0000] [133] [INFO] Waiting for application startup.
[2026-04-04 07:23:49 +0000] [133] [INFO] Application startup complete.
