[2026-04-03 23:02:25 +0000] [1] [INFO] Starting gunicorn 23.0.0
[2026-04-03 23:02:25 +0000] [1] [INFO] Listening at: http://0.0.0.0:8080 (1)
[2026-04-03 23:02:25 +0000] [1] [INFO] Using worker: uvicorn.workers.UvicornWorker
[2026-04-03 23:02:25 +0000] [7] [INFO] Booting worker with pid: 7
[2026-04-03 23:02:25 +0000] [8] [INFO] Booting worker with pid: 8
[2026-04-03 23:02:25 +0000] [9] [INFO] Booting worker with pid: 9
[2026-04-03 23:02:26 +0000] [10] [INFO] Booting worker with pid: 10
[2026-04-03 23:02:26 +0000] [11] [INFO] Booting worker with pid: 11
[2026-04-03 23:02:26 +0000] [7] [INFO] Started server process [7]
[2026-04-03 23:02:26 +0000] [8] [INFO] Started server process [8]
[2026-04-03 23:02:26 +0000] [7] [INFO] Waiting for application startup.
[2026-04-03 23:02:26 +0000] [8] [INFO] Waiting for application startup.
[2026-04-03 23:02:26 +0000] [8] [INFO] Application startup complete.
[2026-04-03 23:02:26 +0000] [7] [INFO] Application startup complete.
[2026-04-03 23:02:26 +0000] [14] [INFO] Booting worker with pid: 14
[2026-04-03 23:02:26 +0000] [15] [INFO] Booting worker with pid: 15
[2026-04-03 23:02:26 +0000] [9] [INFO] Started server process [9]
[2026-04-03 23:02:26 +0000] [9] [INFO] Waiting for application startup.
[2026-04-03 23:02:26 +0000] [9] [INFO] Application startup complete.
[2026-04-03 23:02:26 +0000] [17] [INFO] Booting worker with pid: 17
[2026-04-03 23:02:26 +0000] [10] [INFO] Started server process [10]
[2026-04-03 23:02:26 +0000] [10] [INFO] Waiting for application startup.
[2026-04-03 23:02:26 +0000] [10] [INFO] Application startup complete.
[2026-04-03 23:02:26 +0000] [11] [INFO] Started server process [11]
[2026-04-03 23:02:26 +0000] [11] [INFO] Waiting for application startup.
[2026-04-03 23:02:26 +0000] [11] [INFO] Application startup complete.
[2026-04-03 23:02:26 +0000] [20] [INFO] Booting worker with pid: 20
[2026-04-03 23:02:26 +0000] [22] [INFO] Booting worker with pid: 22
[2026-04-03 23:02:26 +0000] [14] [INFO] Started server process [14]
[2026-04-03 23:02:26 +0000] [14] [INFO] Waiting for application startup.
[2026-04-03 23:02:26 +0000] [14] [INFO] Application startup complete.
[2026-04-03 23:02:26 +0000] [15] [INFO] Started server process [15]
[2026-04-03 23:02:26 +0000] [15] [INFO] Waiting for application startup.
[2026-04-03 23:02:26 +0000] [15] [INFO] Application startup complete.
[2026-04-03 23:02:26 +0000] [24] [INFO] Booting worker with pid: 24
[2026-04-03 23:02:26 +0000] [25] [INFO] Booting worker with pid: 25
[2026-04-03 23:02:26 +0000] [17] [INFO] Started server process [17]
[2026-04-03 23:02:26 +0000] [17] [INFO] Waiting for application startup.
[2026-04-03 23:02:26 +0000] [17] [INFO] Application startup complete.
[2026-04-03 23:02:26 +0000] [27] [INFO] Booting worker with pid: 27
[2026-04-03 23:02:26 +0000] [29] [INFO] Booting worker with pid: 29
[2026-04-03 23:02:26 +0000] [20] [INFO] Started server process [20]
[2026-04-03 23:02:26 +0000] [20] [INFO] Waiting for application startup.
[2026-04-03 23:02:26 +0000] [20] [INFO] Application startup complete.
[2026-04-03 23:02:26 +0000] [22] [INFO] Started server process [22]
[2026-04-03 23:02:26 +0000] [22] [INFO] Waiting for application startup.
[2026-04-03 23:02:26 +0000] [22] [INFO] Application startup complete.
[2026-04-03 23:02:26 +0000] [31] [INFO] Booting worker with pid: 31
[2026-04-03 23:02:26 +0000] [32] [INFO] Booting worker with pid: 32
[2026-04-03 23:02:26 +0000] [33] [INFO] Booting worker with pid: 33
[2026-04-03 23:02:26 +0000] [24] [INFO] Started server process [24]
[2026-04-03 23:02:26 +0000] [24] [INFO] Waiting for application startup.
[2026-04-03 23:02:26 +0000] [24] [INFO] Application startup complete.
[2026-04-03 23:02:26 +0000] [25] [INFO] Started server process [25]
[2026-04-03 23:02:26 +0000] [25] [INFO] Waiting for application startup.
[2026-04-03 23:02:26 +0000] [25] [INFO] Application startup complete.
[2026-04-03 23:02:26 +0000] [36] [INFO] Booting worker with pid: 36
[2026-04-03 23:02:26 +0000] [27] [INFO] Started server process [27]
[2026-04-03 23:02:26 +0000] [27] [INFO] Waiting for application startup.
[2026-04-03 23:02:26 +0000] [27] [INFO] Application startup complete.
[2026-04-03 23:02:26 +0000] [39] [INFO] Booting worker with pid: 39
[2026-04-03 23:02:26 +0000] [40] [INFO] Booting worker with pid: 40
[2026-04-03 23:02:26 +0000] [29] [INFO] Started server process [29]
[2026-04-03 23:02:26 +0000] [29] [INFO] Waiting for application startup.
[2026-04-03 23:02:26 +0000] [29] [INFO] Application startup complete.
[2026-04-03 23:02:26 +0000] [41] [INFO] Booting worker with pid: 41
[2026-04-03 23:02:26 +0000] [43] [INFO] Booting worker with pid: 43
[2026-04-03 23:02:27 +0000] [31] [INFO] Started server process [31]
[2026-04-03 23:02:27 +0000] [31] [INFO] Waiting for application startup.
[2026-04-03 23:02:27 +0000] [31] [INFO] Application startup complete.
[2026-04-03 23:02:27 +0000] [32] [INFO] Started server process [32]
[2026-04-03 23:02:27 +0000] [32] [INFO] Waiting for application startup.
[2026-04-03 23:02:27 +0000] [32] [INFO] Application startup complete.
[2026-04-03 23:02:27 +0000] [46] [INFO] Booting worker with pid: 46
[2026-04-03 23:02:27 +0000] [33] [INFO] Started server process [33]
[2026-04-03 23:02:27 +0000] [33] [INFO] Waiting for application startup.
[2026-04-03 23:02:27 +0000] [33] [INFO] Application startup complete.
[2026-04-03 23:02:27 +0000] [36] [INFO] Started server process [36]
[2026-04-03 23:02:27 +0000] [36] [INFO] Waiting for application startup.
[2026-04-03 23:02:27 +0000] [36] [INFO] Application startup complete.
[2026-04-03 23:02:27 +0000] [48] [INFO] Booting worker with pid: 48
[2026-04-03 23:02:27 +0000] [49] [INFO] Booting worker with pid: 49
[2026-04-03 23:02:27 +0000] [40] [INFO] Started server process [40]
[2026-04-03 23:02:27 +0000] [40] [INFO] Waiting for application startup.
[2026-04-03 23:02:27 +0000] [40] [INFO] Application startup complete.
[2026-04-03 23:02:27 +0000] [39] [INFO] Started server process [39]
[2026-04-03 23:02:27 +0000] [39] [INFO] Waiting for application startup.
[2026-04-03 23:02:27 +0000] [39] [INFO] Application startup complete.
[2026-04-03 23:02:27 +0000] [52] [INFO] Booting worker with pid: 52
[2026-04-03 23:02:27 +0000] [41] [INFO] Started server process [41]
[2026-04-03 23:02:27 +0000] [41] [INFO] Waiting for application startup.
[2026-04-03 23:02:27 +0000] [41] [INFO] Application startup complete.
[2026-04-03 23:02:27 +0000] [43] [INFO] Started server process [43]
[2026-04-03 23:02:27 +0000] [43] [INFO] Waiting for application startup.
[2026-04-03 23:02:27 +0000] [43] [INFO] Application startup complete.
[2026-04-03 23:02:27 +0000] [55] [INFO] Booting worker with pid: 55
[2026-04-03 23:02:27 +0000] [46] [INFO] Started server process [46]
[2026-04-03 23:02:27 +0000] [46] [INFO] Waiting for application startup.
[2026-04-03 23:02:27 +0000] [46] [INFO] Application startup complete.
[2026-04-03 23:02:27 +0000] [57] [INFO] Booting worker with pid: 57
[2026-04-03 23:02:27 +0000] [58] [INFO] Booting worker with pid: 58
[2026-04-03 23:02:27 +0000] [48] [INFO] Started server process [48]
[2026-04-03 23:02:27 +0000] [48] [INFO] Waiting for application startup.
[2026-04-03 23:02:27 +0000] [48] [INFO] Application startup complete.
[2026-04-03 23:02:27 +0000] [49] [INFO] Started server process [49]
[2026-04-03 23:02:27 +0000] [49] [INFO] Waiting for application startup.
[2026-04-03 23:02:27 +0000] [49] [INFO] Application startup complete.
[2026-04-03 23:02:27 +0000] [61] [INFO] Booting worker with pid: 61
[2026-04-03 23:02:27 +0000] [63] [INFO] Booting worker with pid: 63
[2026-04-03 23:02:27 +0000] [64] [INFO] Booting worker with pid: 64
[2026-04-03 23:02:27 +0000] [52] [INFO] Started server process [52]
[2026-04-03 23:02:27 +0000] [52] [INFO] Waiting for application startup.
[2026-04-03 23:02:27 +0000] [52] [INFO] Application startup complete.
[2026-04-03 23:02:27 +0000] [65] [INFO] Booting worker with pid: 65
[2026-04-03 23:02:27 +0000] [66] [INFO] Booting worker with pid: 66
[2026-04-03 23:02:27 +0000] [55] [INFO] Started server process [55]
[2026-04-03 23:02:27 +0000] [55] [INFO] Waiting for application startup.
[2026-04-03 23:02:27 +0000] [55] [INFO] Application startup complete.
[2026-04-03 23:02:27 +0000] [57] [INFO] Started server process [57]
[2026-04-03 23:02:27 +0000] [57] [INFO] Waiting for application startup.
[2026-04-03 23:02:27 +0000] [57] [INFO] Application startup complete.
[2026-04-03 23:02:27 +0000] [70] [INFO] Booting worker with pid: 70
[2026-04-03 23:02:27 +0000] [58] [INFO] Started server process [58]
[2026-04-03 23:02:27 +0000] [58] [INFO] Waiting for application startup.
[2026-04-03 23:02:27 +0000] [58] [INFO] Application startup complete.
[2026-04-03 23:02:27 +0000] [61] [INFO] Started server process [61]
[2026-04-03 23:02:27 +0000] [61] [INFO] Waiting for application startup.
[2026-04-03 23:02:27 +0000] [61] [INFO] Application startup complete.
[2026-04-03 23:02:27 +0000] [72] [INFO] Booting worker with pid: 72
[2026-04-03 23:02:27 +0000] [63] [INFO] Started server process [63]
[2026-04-03 23:02:27 +0000] [63] [INFO] Waiting for application startup.
[2026-04-03 23:02:27 +0000] [63] [INFO] Application startup complete.
[2026-04-03 23:02:27 +0000] [64] [INFO] Started server process [64]
[2026-04-03 23:02:27 +0000] [64] [INFO] Waiting for application startup.
[2026-04-03 23:02:27 +0000] [64] [INFO] Application startup complete.
[2026-04-03 23:02:27 +0000] [76] [INFO] Booting worker with pid: 76
[2026-04-03 23:02:27 +0000] [65] [INFO] Started server process [65]
[2026-04-03 23:02:27 +0000] [65] [INFO] Waiting for application startup.
[2026-04-03 23:02:27 +0000] [65] [INFO] Application startup complete.
[2026-04-03 23:02:27 +0000] [77] [INFO] Booting worker with pid: 77
[2026-04-03 23:02:27 +0000] [66] [INFO] Started server process [66]
[2026-04-03 23:02:27 +0000] [66] [INFO] Waiting for application startup.
[2026-04-03 23:02:27 +0000] [66] [INFO] Application startup complete.
[2026-04-03 23:02:27 +0000] [79] [INFO] Booting worker with pid: 79
[2026-04-03 23:02:27 +0000] [70] [INFO] Started server process [70]
[2026-04-03 23:02:27 +0000] [70] [INFO] Waiting for application startup.
[2026-04-03 23:02:27 +0000] [70] [INFO] Application startup complete.
[2026-04-03 23:02:27 +0000] [81] [INFO] Booting worker with pid: 81
[2026-04-03 23:02:27 +0000] [72] [INFO] Started server process [72]
[2026-04-03 23:02:27 +0000] [72] [INFO] Waiting for application startup.
[2026-04-03 23:02:27 +0000] [72] [INFO] Application startup complete.
[2026-04-03 23:02:27 +0000] [83] [INFO] Booting worker with pid: 83
[2026-04-03 23:02:27 +0000] [84] [INFO] Booting worker with pid: 84
[2026-04-03 23:02:28 +0000] [86] [INFO] Booting worker with pid: 86
[2026-04-03 23:02:28 +0000] [76] [INFO] Started server process [76]
[2026-04-03 23:02:28 +0000] [76] [INFO] Waiting for application startup.
[2026-04-03 23:02:28 +0000] [76] [INFO] Application startup complete.
[2026-04-03 23:02:28 +0000] [77] [INFO] Started server process [77]
[2026-04-03 23:02:28 +0000] [77] [INFO] Waiting for application startup.
[2026-04-03 23:02:28 +0000] [77] [INFO] Application startup complete.
[2026-04-03 23:02:28 +0000] [88] [INFO] Booting worker with pid: 88
[2026-04-03 23:02:28 +0000] [79] [INFO] Started server process [79]
[2026-04-03 23:02:28 +0000] [79] [INFO] Waiting for application startup.
[2026-04-03 23:02:28 +0000] [79] [INFO] Application startup complete.
[2026-04-03 23:02:28 +0000] [90] [INFO] Booting worker with pid: 90
[2026-04-03 23:02:28 +0000] [91] [INFO] Booting worker with pid: 91
[2026-04-03 23:02:28 +0000] [92] [INFO] Booting worker with pid: 92
[2026-04-03 23:02:28 +0000] [94] [INFO] Booting worker with pid: 94
[2026-04-03 23:02:28 +0000] [81] [INFO] Started server process [81]
[2026-04-03 23:02:28 +0000] [81] [INFO] Waiting for application startup.
[2026-04-03 23:02:28 +0000] [81] [INFO] Application startup complete.
[2026-04-03 23:02:28 +0000] [95] [INFO] Booting worker with pid: 95
[2026-04-03 23:02:28 +0000] [83] [INFO] Started server process [83]
[2026-04-03 23:02:28 +0000] [84] [INFO] Started server process [84]
[2026-04-03 23:02:28 +0000] [84] [INFO] Waiting for application startup.
[2026-04-03 23:02:28 +0000] [83] [INFO] Waiting for application startup.
[2026-04-03 23:02:28 +0000] [98] [INFO] Booting worker with pid: 98
[2026-04-03 23:02:28 +0000] [84] [INFO] Application startup complete.
[2026-04-03 23:02:28 +0000] [83] [INFO] Application startup complete.
[2026-04-03 23:02:28 +0000] [100] [INFO] Booting worker with pid: 100
[2026-04-03 23:02:28 +0000] [86] [INFO] Started server process [86]
[2026-04-03 23:02:28 +0000] [86] [INFO] Waiting for application startup.
[2026-04-03 23:02:28 +0000] [86] [INFO] Application startup complete.
[2026-04-03 23:02:28 +0000] [102] [INFO] Booting worker with pid: 102
[2026-04-03 23:02:28 +0000] [88] [INFO] Started server process [88]
[2026-04-03 23:02:28 +0000] [88] [INFO] Waiting for application startup.
[2026-04-03 23:02:28 +0000] [88] [INFO] Application startup complete.
[2026-04-03 23:02:28 +0000] [103] [INFO] Booting worker with pid: 103
[2026-04-03 23:02:28 +0000] [104] [INFO] Booting worker with pid: 104
[2026-04-03 23:02:28 +0000] [106] [INFO] Booting worker with pid: 106
[2026-04-03 23:02:28 +0000] [107] [INFO] Booting worker with pid: 107
[2026-04-03 23:02:28 +0000] [90] [INFO] Started server process [90]
[2026-04-03 23:02:28 +0000] [90] [INFO] Waiting for application startup.
[2026-04-03 23:02:28 +0000] [90] [INFO] Application startup complete.
[2026-04-03 23:02:28 +0000] [91] [INFO] Started server process [91]
[2026-04-03 23:02:28 +0000] [91] [INFO] Waiting for application startup.
[2026-04-03 23:02:28 +0000] [91] [INFO] Application startup complete.
[2026-04-03 23:02:28 +0000] [109] [INFO] Booting worker with pid: 109
[2026-04-03 23:02:28 +0000] [111] [INFO] Booting worker with pid: 111
[2026-04-03 23:02:28 +0000] [112] [INFO] Booting worker with pid: 112
[2026-04-03 23:02:28 +0000] [92] [INFO] Started server process [92]
[2026-04-03 23:02:28 +0000] [92] [INFO] Waiting for application startup.
[2026-04-03 23:02:28 +0000] [92] [INFO] Application startup complete.
[2026-04-03 23:02:28 +0000] [94] [INFO] Started server process [94]
[2026-04-03 23:02:28 +0000] [94] [INFO] Waiting for application startup.
[2026-04-03 23:02:28 +0000] [94] [INFO] Application startup complete.
[2026-04-03 23:02:28 +0000] [115] [INFO] Booting worker with pid: 115
[2026-04-03 23:02:28 +0000] [95] [INFO] Started server process [95]
[2026-04-03 23:02:28 +0000] [95] [INFO] Waiting for application startup.
[2026-04-03 23:02:28 +0000] [95] [INFO] Application startup complete.
[2026-04-03 23:02:28 +0000] [98] [INFO] Started server process [98]
[2026-04-03 23:02:28 +0000] [98] [INFO] Waiting for application startup.
[2026-04-03 23:02:28 +0000] [98] [INFO] Application startup complete.
[2026-04-03 23:02:28 +0000] [100] [INFO] Started server process [100]
[2026-04-03 23:02:28 +0000] [100] [INFO] Waiting for application startup.
[2026-04-03 23:02:28 +0000] [100] [INFO] Application startup complete.
[2026-04-03 23:02:28 +0000] [119] [INFO] Booting worker with pid: 119
[2026-04-03 23:02:28 +0000] [102] [INFO] Started server process [102]
[2026-04-03 23:02:28 +0000] [102] [INFO] Waiting for application startup.
[2026-04-03 23:02:28 +0000] [102] [INFO] Application startup complete.
[2026-04-03 23:02:28 +0000] [103] [INFO] Started server process [103]
[2026-04-03 23:02:28 +0000] [103] [INFO] Waiting for application startup.
[2026-04-03 23:02:28 +0000] [103] [INFO] Application startup complete.
[2026-04-03 23:02:28 +0000] [122] [INFO] Booting worker with pid: 122
[2026-04-03 23:02:28 +0000] [104] [INFO] Started server process [104]
[2026-04-03 23:02:28 +0000] [104] [INFO] Waiting for application startup.
[2026-04-03 23:02:28 +0000] [104] [INFO] Application startup complete.
[2026-04-03 23:02:28 +0000] [106] [INFO] Started server process [106]
[2026-04-03 23:02:28 +0000] [106] [INFO] Waiting for application startup.
[2026-04-03 23:02:28 +0000] [106] [INFO] Application startup complete.
[2026-04-03 23:02:28 +0000] [107] [INFO] Started server process [107]
[2026-04-03 23:02:28 +0000] [107] [INFO] Waiting for application startup.
[2026-04-03 23:02:28 +0000] [107] [INFO] Application startup complete.
[2026-04-03 23:02:28 +0000] [125] [INFO] Booting worker with pid: 125
[2026-04-03 23:02:28 +0000] [109] [INFO] Started server process [109]
[2026-04-03 23:02:28 +0000] [109] [INFO] Waiting for application startup.
[2026-04-03 23:02:28 +0000] [109] [INFO] Application startup complete.
[2026-04-03 23:02:28 +0000] [111] [INFO] Started server process [111]
[2026-04-03 23:02:28 +0000] [111] [INFO] Waiting for application startup.
[2026-04-03 23:02:28 +0000] [111] [INFO] Application startup complete.
[2026-04-03 23:02:28 +0000] [112] [INFO] Started server process [112]
[2026-04-03 23:02:28 +0000] [112] [INFO] Waiting for application startup.
[2026-04-03 23:02:28 +0000] [112] [INFO] Application startup complete.
[2026-04-03 23:02:28 +0000] [130] [INFO] Booting worker with pid: 130
[2026-04-03 23:02:28 +0000] [115] [INFO] Started server process [115]
[2026-04-03 23:02:28 +0000] [115] [INFO] Waiting for application startup.
[2026-04-03 23:02:28 +0000] [115] [INFO] Application startup complete.
[2026-04-03 23:02:28 +0000] [119] [INFO] Started server process [119]
[2026-04-03 23:02:28 +0000] [119] [INFO] Waiting for application startup.
[2026-04-03 23:02:28 +0000] [119] [INFO] Application startup complete.
[2026-04-03 23:02:28 +0000] [122] [INFO] Started server process [122]
[2026-04-03 23:02:28 +0000] [122] [INFO] Waiting for application startup.
[2026-04-03 23:02:28 +0000] [122] [INFO] Application startup complete.
[2026-04-03 23:02:29 +0000] [125] [INFO] Started server process [125]
[2026-04-03 23:02:29 +0000] [125] [INFO] Waiting for application startup.
[2026-04-03 23:02:29 +0000] [125] [INFO] Application startup complete.
[2026-04-03 23:02:29 +0000] [130] [INFO] Started server process [130]
[2026-04-03 23:02:29 +0000] [130] [INFO] Waiting for application startup.
[2026-04-03 23:02:29 +0000] [130] [INFO] Application startup complete.
