[2026-04-04 07:24:11 +0000] [1] [INFO] Starting gunicorn 23.0.0
[2026-04-04 07:24:11 +0000] [1] [INFO] Listening at: http://0.0.0.0:8080 (1)
[2026-04-04 07:24:11 +0000] [1] [INFO] Using worker: uvicorn.workers.UvicornWorker
[2026-04-04 07:24:11 +0000] [7] [INFO] Booting worker with pid: 7
[2026-04-04 07:24:11 +0000] [8] [INFO] Booting worker with pid: 8
[2026-04-04 07:24:11 +0000] [7] [INFO] Started server process [7]
[2026-04-04 07:24:11 +0000] [7] [INFO] Waiting for application startup.
[2026-04-04 07:24:11 +0000] [7] [INFO] Application startup complete.
[2026-04-04 07:24:11 +0000] [10] [INFO] Booting worker with pid: 10
[2026-04-04 07:24:11 +0000] [8] [INFO] Started server process [8]
[2026-04-04 07:24:11 +0000] [8] [INFO] Waiting for application startup.
[2026-04-04 07:24:11 +0000] [8] [INFO] Application startup complete.
[2026-04-04 07:24:11 +0000] [12] [INFO] Booting worker with pid: 12
[2026-04-04 07:24:11 +0000] [10] [INFO] Started server process [10]
[2026-04-04 07:24:11 +0000] [10] [INFO] Waiting for application startup.
[2026-04-04 07:24:11 +0000] [10] [INFO] Application startup complete.
[2026-04-04 07:24:11 +0000] [14] [INFO] Booting worker with pid: 14
[2026-04-04 07:24:11 +0000] [16] [INFO] Booting worker with pid: 16
[2026-04-04 07:24:11 +0000] [12] [INFO] Started server process [12]
[2026-04-04 07:24:11 +0000] [12] [INFO] Waiting for application startup.
[2026-04-04 07:24:11 +0000] [12] [INFO] Application startup complete.
[2026-04-04 07:24:11 +0000] [17] [INFO] Booting worker with pid: 17
[2026-04-04 07:24:11 +0000] [14] [INFO] Started server process [14]
[2026-04-04 07:24:11 +0000] [14] [INFO] Waiting for application startup.
[2026-04-04 07:24:11 +0000] [14] [INFO] Application startup complete.
[2026-04-04 07:24:11 +0000] [16] [INFO] Started server process [16]
[2026-04-04 07:24:11 +0000] [16] [INFO] Waiting for application startup.
[2026-04-04 07:24:11 +0000] [16] [INFO] Application startup complete.
[2026-04-04 07:24:11 +0000] [20] [INFO] Booting worker with pid: 20
[2026-04-04 07:24:11 +0000] [17] [INFO] Started server process [17]
[2026-04-04 07:24:11 +0000] [17] [INFO] Waiting for application startup.
[2026-04-04 07:24:11 +0000] [17] [INFO] Application startup complete.
[2026-04-04 07:24:11 +0000] [20] [INFO] Started server process [20]
[2026-04-04 07:24:11 +0000] [20] [INFO] Waiting for application startup.
[2026-04-04 07:24:11 +0000] [20] [INFO] Application startup complete.
[2026-04-04 07:24:11 +0000] [23] [INFO] Booting worker with pid: 23
[2026-04-04 07:24:11 +0000] [23] [INFO] Started server process [23]
[2026-04-04 07:24:11 +0000] [23] [INFO] Waiting for application startup.
[2026-04-04 07:24:11 +0000] [23] [INFO] Application startup complete.
[2026-04-04 07:24:11 +0000] [25] [INFO] Booting worker with pid: 25
[2026-04-04 07:24:12 +0000] [26] [INFO] Booting worker with pid: 26
[2026-04-04 07:24:12 +0000] [25] [INFO] Started server process [25]
[2026-04-04 07:24:12 +0000] [25] [INFO] Waiting for application startup.
[2026-04-04 07:24:12 +0000] [25] [INFO] Application startup complete.
[2026-04-04 07:24:12 +0000] [29] [INFO] Booting worker with pid: 29
[2026-04-04 07:24:12 +0000] [26] [INFO] Started server process [26]
[2026-04-04 07:24:12 +0000] [26] [INFO] Waiting for application startup.
[2026-04-04 07:24:12 +0000] [26] [INFO] Application startup complete.
[2026-04-04 07:24:12 +0000] [30] [INFO] Booting worker with pid: 30
[2026-04-04 07:24:12 +0000] [31] [INFO] Booting worker with pid: 31
[2026-04-04 07:24:12 +0000] [29] [INFO] Started server process [29]
[2026-04-04 07:24:12 +0000] [29] [INFO] Waiting for application startup.
[2026-04-04 07:24:12 +0000] [29] [INFO] Application startup complete.
[2026-04-04 07:24:12 +0000] [30] [INFO] Started server process [30]
[2026-04-04 07:24:12 +0000] [30] [INFO] Waiting for application startup.
[2026-04-04 07:24:12 +0000] [30] [INFO] Application startup complete.
[2026-04-04 07:24:12 +0000] [34] [INFO] Booting worker with pid: 34
[2026-04-04 07:24:12 +0000] [35] [INFO] Booting worker with pid: 35
[2026-04-04 07:24:12 +0000] [31] [INFO] Started server process [31]
[2026-04-04 07:24:12 +0000] [31] [INFO] Waiting for application startup.
[2026-04-04 07:24:12 +0000] [31] [INFO] Application startup complete.
[2026-04-04 07:24:12 +0000] [37] [INFO] Booting worker with pid: 37
[2026-04-04 07:24:12 +0000] [34] [INFO] Started server process [34]
[2026-04-04 07:24:12 +0000] [34] [INFO] Waiting for application startup.
[2026-04-04 07:24:12 +0000] [34] [INFO] Application startup complete.
[2026-04-04 07:24:12 +0000] [35] [INFO] Started server process [35]
[2026-04-04 07:24:12 +0000] [35] [INFO] Waiting for application startup.
[2026-04-04 07:24:12 +0000] [35] [INFO] Application startup complete.
[2026-04-04 07:24:12 +0000] [37] [INFO] Started server process [37]
[2026-04-04 07:24:12 +0000] [37] [INFO] Waiting for application startup.
[2026-04-04 07:24:12 +0000] [37] [INFO] Application startup complete.
[2026-04-04 07:24:12 +0000] [41] [INFO] Booting worker with pid: 41
[2026-04-04 07:24:12 +0000] [42] [INFO] Booting worker with pid: 42
[2026-04-04 07:24:12 +0000] [43] [INFO] Booting worker with pid: 43
[2026-04-04 07:24:12 +0000] [41] [INFO] Started server process [41]
[2026-04-04 07:24:12 +0000] [41] [INFO] Waiting for application startup.
[2026-04-04 07:24:12 +0000] [41] [INFO] Application startup complete.
[2026-04-04 07:24:12 +0000] [42] [INFO] Started server process [42]
[2026-04-04 07:24:12 +0000] [42] [INFO] Waiting for application startup.
[2026-04-04 07:24:12 +0000] [42] [INFO] Application startup complete.
[2026-04-04 07:24:12 +0000] [46] [INFO] Booting worker with pid: 46
[2026-04-04 07:24:12 +0000] [43] [INFO] Started server process [43]
[2026-04-04 07:24:12 +0000] [43] [INFO] Waiting for application startup.
[2026-04-04 07:24:12 +0000] [43] [INFO] Application startup complete.
[2026-04-04 07:24:12 +0000] [46] [INFO] Started server process [46]
[2026-04-04 07:24:12 +0000] [46] [INFO] Waiting for application startup.
[2026-04-04 07:24:12 +0000] [46] [INFO] Application startup complete.
[2026-04-04 07:24:12 +0000] [49] [INFO] Booting worker with pid: 49
[2026-04-04 07:24:12 +0000] [51] [INFO] Booting worker with pid: 51
[2026-04-04 07:24:12 +0000] [49] [INFO] Started server process [49]
[2026-04-04 07:24:12 +0000] [49] [INFO] Waiting for application startup.
[2026-04-04 07:24:12 +0000] [49] [INFO] Application startup complete.
[2026-04-04 07:24:12 +0000] [52] [INFO] Booting worker with pid: 52
[2026-04-04 07:24:12 +0000] [51] [INFO] Started server process [51]
[2026-04-04 07:24:12 +0000] [51] [INFO] Waiting for application startup.
[2026-04-04 07:24:12 +0000] [51] [INFO] Application startup complete.
[2026-04-04 07:24:12 +0000] [54] [INFO] Booting worker with pid: 54
[2026-04-04 07:24:12 +0000] [52] [INFO] Started server process [52]
[2026-04-04 07:24:12 +0000] [52] [INFO] Waiting for application startup.
[2026-04-04 07:24:12 +0000] [52] [INFO] Application startup complete.
[2026-04-04 07:24:12 +0000] [56] [INFO] Booting worker with pid: 56
[2026-04-04 07:24:12 +0000] [57] [INFO] Booting worker with pid: 57
[2026-04-04 07:24:12 +0000] [54] [INFO] Started server process [54]
[2026-04-04 07:24:12 +0000] [54] [INFO] Waiting for application startup.
[2026-04-04 07:24:12 +0000] [54] [INFO] Application startup complete.
[2026-04-04 07:24:12 +0000] [56] [INFO] Started server process [56]
[2026-04-04 07:24:12 +0000] [56] [INFO] Waiting for application startup.
[2026-04-04 07:24:12 +0000] [56] [INFO] Application startup complete.
[2026-04-04 07:24:12 +0000] [57] [INFO] Started server process [57]
[2026-04-04 07:24:12 +0000] [57] [INFO] Waiting for application startup.
[2026-04-04 07:24:12 +0000] [57] [INFO] Application startup complete.
[2026-04-04 07:24:12 +0000] [61] [INFO] Booting worker with pid: 61
[2026-04-04 07:24:12 +0000] [61] [INFO] Started server process [61]
[2026-04-04 07:24:12 +0000] [61] [INFO] Waiting for application startup.
[2026-04-04 07:24:12 +0000] [61] [INFO] Application startup complete.
[2026-04-04 07:24:12 +0000] [63] [INFO] Booting worker with pid: 63
[2026-04-04 07:24:13 +0000] [64] [INFO] Booting worker with pid: 64
[2026-04-04 07:24:13 +0000] [63] [INFO] Started server process [63]
[2026-04-04 07:24:13 +0000] [63] [INFO] Waiting for application startup.
[2026-04-04 07:24:13 +0000] [63] [INFO] Application startup complete.
[2026-04-04 07:24:13 +0000] [64] [INFO] Started server process [64]
[2026-04-04 07:24:13 +0000] [64] [INFO] Waiting for application startup.
[2026-04-04 07:24:13 +0000] [64] [INFO] Application startup complete.
[2026-04-04 07:24:13 +0000] [67] [INFO] Booting worker with pid: 67
[2026-04-04 07:24:13 +0000] [68] [INFO] Booting worker with pid: 68
[2026-04-04 07:24:13 +0000] [67] [INFO] Started server process [67]
[2026-04-04 07:24:13 +0000] [67] [INFO] Waiting for application startup.
[2026-04-04 07:24:13 +0000] [67] [INFO] Application startup complete.
[2026-04-04 07:24:13 +0000] [68] [INFO] Started server process [68]
[2026-04-04 07:24:13 +0000] [68] [INFO] Waiting for application startup.
[2026-04-04 07:24:13 +0000] [68] [INFO] Application startup complete.
[2026-04-04 07:24:13 +0000] [71] [INFO] Booting worker with pid: 71
[2026-04-04 07:24:13 +0000] [72] [INFO] Booting worker with pid: 72
[2026-04-04 07:24:13 +0000] [71] [INFO] Started server process [71]
[2026-04-04 07:24:13 +0000] [71] [INFO] Waiting for application startup.
[2026-04-04 07:24:13 +0000] [71] [INFO] Application startup complete.
[2026-04-04 07:24:13 +0000] [74] [INFO] Booting worker with pid: 74
[2026-04-04 07:24:13 +0000] [72] [INFO] Started server process [72]
[2026-04-04 07:24:13 +0000] [72] [INFO] Waiting for application startup.
[2026-04-04 07:24:13 +0000] [72] [INFO] Application startup complete.
[2026-04-04 07:24:13 +0000] [76] [INFO] Booting worker with pid: 76
[2026-04-04 07:24:13 +0000] [74] [INFO] Started server process [74]
[2026-04-04 07:24:13 +0000] [74] [INFO] Waiting for application startup.
[2026-04-04 07:24:13 +0000] [74] [INFO] Application startup complete.
[2026-04-04 07:24:13 +0000] [78] [INFO] Booting worker with pid: 78
[2026-04-04 07:24:13 +0000] [76] [INFO] Started server process [76]
[2026-04-04 07:24:13 +0000] [76] [INFO] Waiting for application startup.
[2026-04-04 07:24:13 +0000] [76] [INFO] Application startup complete.
[2026-04-04 07:24:13 +0000] [80] [INFO] Booting worker with pid: 80
[2026-04-04 07:24:13 +0000] [78] [INFO] Started server process [78]
[2026-04-04 07:24:13 +0000] [78] [INFO] Waiting for application startup.
[2026-04-04 07:24:13 +0000] [78] [INFO] Application startup complete.
[2026-04-04 07:24:13 +0000] [83] [INFO] Booting worker with pid: 83
[2026-04-04 07:24:13 +0000] [80] [INFO] Started server process [80]
[2026-04-04 07:24:13 +0000] [80] [INFO] Waiting for application startup.
[2026-04-04 07:24:13 +0000] [80] [INFO] Application startup complete.
[2026-04-04 07:24:13 +0000] [83] [INFO] Started server process [83]
[2026-04-04 07:24:13 +0000] [83] [INFO] Waiting for application startup.
[2026-04-04 07:24:13 +0000] [83] [INFO] Application startup complete.
[2026-04-04 07:24:13 +0000] [85] [INFO] Booting worker with pid: 85
[2026-04-04 07:24:13 +0000] [85] [INFO] Started server process [85]
[2026-04-04 07:24:13 +0000] [85] [INFO] Waiting for application startup.
[2026-04-04 07:24:13 +0000] [85] [INFO] Application startup complete.
[2026-04-04 07:24:13 +0000] [87] [INFO] Booting worker with pid: 87
[2026-04-04 07:24:13 +0000] [88] [INFO] Booting worker with pid: 88
[2026-04-04 07:24:13 +0000] [89] [INFO] Booting worker with pid: 89
[2026-04-04 07:24:13 +0000] [87] [INFO] Started server process [87]
[2026-04-04 07:24:13 +0000] [87] [INFO] Waiting for application startup.
[2026-04-04 07:24:13 +0000] [87] [INFO] Application startup complete.
[2026-04-04 07:24:13 +0000] [91] [INFO] Booting worker with pid: 91
[2026-04-04 07:24:13 +0000] [88] [INFO] Started server process [88]
[2026-04-04 07:24:13 +0000] [88] [INFO] Waiting for application startup.
[2026-04-04 07:24:13 +0000] [88] [INFO] Application startup complete.
[2026-04-04 07:24:13 +0000] [89] [INFO] Started server process [89]
[2026-04-04 07:24:13 +0000] [89] [INFO] Waiting for application startup.
[2026-04-04 07:24:13 +0000] [89] [INFO] Application startup complete.
[2026-04-04 07:24:13 +0000] [94] [INFO] Booting worker with pid: 94
[2026-04-04 07:24:13 +0000] [96] [INFO] Booting worker with pid: 96
[2026-04-04 07:24:13 +0000] [97] [INFO] Booting worker with pid: 97
[2026-04-04 07:24:13 +0000] [91] [INFO] Started server process [91]
[2026-04-04 07:24:13 +0000] [91] [INFO] Waiting for application startup.
[2026-04-04 07:24:13 +0000] [91] [INFO] Application startup complete.
[2026-04-04 07:24:14 +0000] [94] [INFO] Started server process [94]
[2026-04-04 07:24:14 +0000] [94] [INFO] Waiting for application startup.
[2026-04-04 07:24:14 +0000] [94] [INFO] Application startup complete.
[2026-04-04 07:24:14 +0000] [101] [INFO] Booting worker with pid: 101
[2026-04-04 07:24:14 +0000] [96] [INFO] Started server process [96]
[2026-04-04 07:24:14 +0000] [96] [INFO] Waiting for application startup.
[2026-04-04 07:24:14 +0000] [96] [INFO] Application startup complete.
[2026-04-04 07:24:14 +0000] [97] [INFO] Started server process [97]
[2026-04-04 07:24:14 +0000] [97] [INFO] Waiting for application startup.
[2026-04-04 07:24:14 +0000] [97] [INFO] Application startup complete.
[2026-04-04 07:24:14 +0000] [102] [INFO] Booting worker with pid: 102
[2026-04-04 07:24:14 +0000] [103] [INFO] Booting worker with pid: 103
[2026-04-04 07:24:14 +0000] [104] [INFO] Booting worker with pid: 104
[2026-04-04 07:24:14 +0000] [106] [INFO] Booting worker with pid: 106
[2026-04-04 07:24:14 +0000] [101] [INFO] Started server process [101]
[2026-04-04 07:24:14 +0000] [101] [INFO] Waiting for application startup.
[2026-04-04 07:24:14 +0000] [101] [INFO] Application startup complete.
[2026-04-04 07:24:14 +0000] [102] [INFO] Started server process [102]
[2026-04-04 07:24:14 +0000] [102] [INFO] Waiting for application startup.
[2026-04-04 07:24:14 +0000] [102] [INFO] Application startup complete.
[2026-04-04 07:24:14 +0000] [109] [INFO] Booting worker with pid: 109
[2026-04-04 07:24:14 +0000] [103] [INFO] Started server process [103]
[2026-04-04 07:24:14 +0000] [103] [INFO] Waiting for application startup.
[2026-04-04 07:24:14 +0000] [103] [INFO] Application startup complete.
[2026-04-04 07:24:14 +0000] [104] [INFO] Started server process [104]
[2026-04-04 07:24:14 +0000] [104] [INFO] Waiting for application startup.
[2026-04-04 07:24:14 +0000] [104] [INFO] Application startup complete.
[2026-04-04 07:24:14 +0000] [106] [INFO] Started server process [106]
[2026-04-04 07:24:14 +0000] [106] [INFO] Waiting for application startup.
[2026-04-04 07:24:14 +0000] [106] [INFO] Application startup complete.
[2026-04-04 07:24:14 +0000] [112] [INFO] Booting worker with pid: 112
[2026-04-04 07:24:14 +0000] [109] [INFO] Started server process [109]
[2026-04-04 07:24:14 +0000] [109] [INFO] Waiting for application startup.
[2026-04-04 07:24:14 +0000] [109] [INFO] Application startup complete.
[2026-04-04 07:24:14 +0000] [115] [INFO] Booting worker with pid: 115
[2026-04-04 07:24:14 +0000] [112] [INFO] Started server process [112]
[2026-04-04 07:24:14 +0000] [112] [INFO] Waiting for application startup.
[2026-04-04 07:24:14 +0000] [112] [INFO] Application startup complete.
[2026-04-04 07:24:14 +0000] [116] [INFO] Booting worker with pid: 116
[2026-04-04 07:24:14 +0000] [115] [INFO] Started server process [115]
[2026-04-04 07:24:14 +0000] [115] [INFO] Waiting for application startup.
[2026-04-04 07:24:14 +0000] [115] [INFO] Application startup complete.
[2026-04-04 07:24:14 +0000] [118] [INFO] Booting worker with pid: 118
[2026-04-04 07:24:14 +0000] [116] [INFO] Started server process [116]
[2026-04-04 07:24:14 +0000] [116] [INFO] Waiting for application startup.
[2026-04-04 07:24:14 +0000] [116] [INFO] Application startup complete.
[2026-04-04 07:24:14 +0000] [120] [INFO] Booting worker with pid: 120
[2026-04-04 07:24:14 +0000] [121] [INFO] Booting worker with pid: 121
[2026-04-04 07:24:14 +0000] [122] [INFO] Booting worker with pid: 122
[2026-04-04 07:24:14 +0000] [118] [INFO] Started server process [118]
[2026-04-04 07:24:14 +0000] [118] [INFO] Waiting for application startup.
[2026-04-04 07:24:14 +0000] [118] [INFO] Application startup complete.
[2026-04-04 07:24:14 +0000] [124] [INFO] Booting worker with pid: 124
[2026-04-04 07:24:14 +0000] [120] [INFO] Started server process [120]
[2026-04-04 07:24:14 +0000] [120] [INFO] Waiting for application startup.
[2026-04-04 07:24:14 +0000] [120] [INFO] Application startup complete.
[2026-04-04 07:24:14 +0000] [121] [INFO] Started server process [121]
[2026-04-04 07:24:14 +0000] [121] [INFO] Waiting for application startup.
[2026-04-04 07:24:14 +0000] [121] [INFO] Application startup complete.
[2026-04-04 07:24:14 +0000] [128] [INFO] Booting worker with pid: 128
[2026-04-04 07:24:14 +0000] [122] [INFO] Started server process [122]
[2026-04-04 07:24:14 +0000] [122] [INFO] Waiting for application startup.
[2026-04-04 07:24:14 +0000] [122] [INFO] Application startup complete.
[2026-04-04 07:24:14 +0000] [129] [INFO] Booting worker with pid: 129
[2026-04-04 07:24:14 +0000] [124] [INFO] Started server process [124]
[2026-04-04 07:24:14 +0000] [124] [INFO] Waiting for application startup.
[2026-04-04 07:24:14 +0000] [124] [INFO] Application startup complete.
[2026-04-04 07:24:14 +0000] [128] [INFO] Started server process [128]
[2026-04-04 07:24:14 +0000] [128] [INFO] Waiting for application startup.
[2026-04-04 07:24:14 +0000] [128] [INFO] Application startup complete.
[2026-04-04 07:24:14 +0000] [133] [INFO] Booting worker with pid: 133
[2026-04-04 07:24:14 +0000] [129] [INFO] Started server process [129]
[2026-04-04 07:24:14 +0000] [129] [INFO] Waiting for application startup.
[2026-04-04 07:24:14 +0000] [129] [INFO] Application startup complete.
[2026-04-04 07:24:14 +0000] [133] [INFO] Started server process [133]
[2026-04-04 07:24:14 +0000] [133] [INFO] Waiting for application startup.
[2026-04-04 07:24:14 +0000] [133] [INFO] Application startup complete.
