[2026-04-03 23:01:31 +0000] [1] [INFO] Starting gunicorn 23.0.0
[2026-04-03 23:01:31 +0000] [1] [INFO] Listening at: http://0.0.0.0:8080 (1)
[2026-04-03 23:01:31 +0000] [1] [INFO] Using worker: uvicorn.workers.UvicornWorker
[2026-04-03 23:01:31 +0000] [7] [INFO] Booting worker with pid: 7
[2026-04-03 23:01:31 +0000] [8] [INFO] Booting worker with pid: 8
[2026-04-03 23:01:31 +0000] [9] [INFO] Booting worker with pid: 9
[2026-04-03 23:01:31 +0000] [10] [INFO] Booting worker with pid: 10
[2026-04-03 23:01:31 +0000] [11] [INFO] Booting worker with pid: 11
[2026-04-03 23:01:31 +0000] [12] [INFO] Booting worker with pid: 12
[2026-04-03 23:01:31 +0000] [15] [INFO] Booting worker with pid: 15
[2026-04-03 23:01:31 +0000] [7] [INFO] Started server process [7]
[2026-04-03 23:01:31 +0000] [7] [INFO] Waiting for application startup.
[2026-04-03 23:01:31 +0000] [7] [INFO] Application startup complete.
[2026-04-03 23:01:31 +0000] [8] [INFO] Started server process [8]
[2026-04-03 23:01:31 +0000] [8] [INFO] Waiting for application startup.
[2026-04-03 23:01:31 +0000] [8] [INFO] Application startup complete.
[2026-04-03 23:01:32 +0000] [9] [INFO] Started server process [9]
[2026-04-03 23:01:32 +0000] [9] [INFO] Waiting for application startup.
[2026-04-03 23:01:32 +0000] [9] [INFO] Application startup complete.
[2026-04-03 23:01:32 +0000] [17] [INFO] Booting worker with pid: 17
[2026-04-03 23:01:32 +0000] [19] [INFO] Booting worker with pid: 19
[2026-04-03 23:01:32 +0000] [10] [INFO] Started server process [10]
[2026-04-03 23:01:32 +0000] [10] [INFO] Waiting for application startup.
[2026-04-03 23:01:32 +0000] [10] [INFO] Application startup complete.
[2026-04-03 23:01:32 +0000] [11] [INFO] Started server process [11]
[2026-04-03 23:01:32 +0000] [11] [INFO] Waiting for application startup.
[2026-04-03 23:01:32 +0000] [11] [INFO] Application startup complete.
[2026-04-03 23:01:32 +0000] [12] [INFO] Started server process [12]
[2026-04-03 23:01:32 +0000] [12] [INFO] Waiting for application startup.
[2026-04-03 23:01:32 +0000] [12] [INFO] Application startup complete.
[2026-04-03 23:01:32 +0000] [22] [INFO] Booting worker with pid: 22
[2026-04-03 23:01:32 +0000] [24] [INFO] Booting worker with pid: 24
[2026-04-03 23:01:32 +0000] [15] [INFO] Started server process [15]
[2026-04-03 23:01:32 +0000] [15] [INFO] Waiting for application startup.
[2026-04-03 23:01:32 +0000] [15] [INFO] Application startup complete.
[2026-04-03 23:01:32 +0000] [17] [INFO] Started server process [17]
[2026-04-03 23:01:32 +0000] [17] [INFO] Waiting for application startup.
[2026-04-03 23:01:32 +0000] [17] [INFO] Application startup complete.
[2026-04-03 23:01:32 +0000] [26] [INFO] Booting worker with pid: 26
[2026-04-03 23:01:32 +0000] [28] [INFO] Booting worker with pid: 28
[2026-04-03 23:01:32 +0000] [19] [INFO] Started server process [19]
[2026-04-03 23:01:32 +0000] [19] [INFO] Waiting for application startup.
[2026-04-03 23:01:32 +0000] [19] [INFO] Application startup complete.
[2026-04-03 23:01:32 +0000] [30] [INFO] Booting worker with pid: 30
[2026-04-03 23:01:32 +0000] [22] [INFO] Started server process [22]
[2026-04-03 23:01:32 +0000] [22] [INFO] Waiting for application startup.
[2026-04-03 23:01:32 +0000] [22] [INFO] Application startup complete.
[2026-04-03 23:01:32 +0000] [31] [INFO] Booting worker with pid: 31
[2026-04-03 23:01:32 +0000] [33] [INFO] Booting worker with pid: 33
[2026-04-03 23:01:32 +0000] [24] [INFO] Started server process [24]
[2026-04-03 23:01:32 +0000] [24] [INFO] Waiting for application startup.
[2026-04-03 23:01:32 +0000] [24] [INFO] Application startup complete.
[2026-04-03 23:01:32 +0000] [34] [INFO] Booting worker with pid: 34
[2026-04-03 23:01:32 +0000] [26] [INFO] Started server process [26]
[2026-04-03 23:01:32 +0000] [26] [INFO] Waiting for application startup.
[2026-04-03 23:01:32 +0000] [26] [INFO] Application startup complete.
[2026-04-03 23:01:32 +0000] [28] [INFO] Started server process [28]
[2026-04-03 23:01:32 +0000] [28] [INFO] Waiting for application startup.
[2026-04-03 23:01:32 +0000] [28] [INFO] Application startup complete.
[2026-04-03 23:01:32 +0000] [37] [INFO] Booting worker with pid: 37
[2026-04-03 23:01:32 +0000] [30] [INFO] Started server process [30]
[2026-04-03 23:01:32 +0000] [30] [INFO] Waiting for application startup.
[2026-04-03 23:01:32 +0000] [30] [INFO] Application startup complete.
[2026-04-03 23:01:32 +0000] [31] [INFO] Started server process [31]
[2026-04-03 23:01:32 +0000] [31] [INFO] Waiting for application startup.
[2026-04-03 23:01:32 +0000] [31] [INFO] Application startup complete.
[2026-04-03 23:01:32 +0000] [40] [INFO] Booting worker with pid: 40
[2026-04-03 23:01:32 +0000] [42] [INFO] Booting worker with pid: 42
[2026-04-03 23:01:32 +0000] [33] [INFO] Started server process [33]
[2026-04-03 23:01:32 +0000] [33] [INFO] Waiting for application startup.
[2026-04-03 23:01:32 +0000] [33] [INFO] Application startup complete.
[2026-04-03 23:01:32 +0000] [43] [INFO] Booting worker with pid: 43
[2026-04-03 23:01:32 +0000] [45] [INFO] Booting worker with pid: 45
[2026-04-03 23:01:32 +0000] [34] [INFO] Started server process [34]
[2026-04-03 23:01:32 +0000] [34] [INFO] Waiting for application startup.
[2026-04-03 23:01:32 +0000] [34] [INFO] Application startup complete.
[2026-04-03 23:01:32 +0000] [47] [INFO] Booting worker with pid: 47
[2026-04-03 23:01:32 +0000] [37] [INFO] Started server process [37]
[2026-04-03 23:01:32 +0000] [37] [INFO] Waiting for application startup.
[2026-04-03 23:01:32 +0000] [37] [INFO] Application startup complete.
[2026-04-03 23:01:32 +0000] [48] [INFO] Booting worker with pid: 48
[2026-04-03 23:01:32 +0000] [49] [INFO] Booting worker with pid: 49
[2026-04-03 23:01:32 +0000] [50] [INFO] Booting worker with pid: 50
[2026-04-03 23:01:33 +0000] [40] [INFO] Started server process [40]
[2026-04-03 23:01:33 +0000] [40] [INFO] Waiting for application startup.
[2026-04-03 23:01:33 +0000] [40] [INFO] Application startup complete.
[2026-04-03 23:01:33 +0000] [52] [INFO] Booting worker with pid: 52
[2026-04-03 23:01:33 +0000] [54] [INFO] Booting worker with pid: 54
[2026-04-03 23:01:33 +0000] [42] [INFO] Started server process [42]
[2026-04-03 23:01:33 +0000] [42] [INFO] Waiting for application startup.
[2026-04-03 23:01:33 +0000] [42] [INFO] Application startup complete.
[2026-04-03 23:01:33 +0000] [56] [INFO] Booting worker with pid: 56
[2026-04-03 23:01:33 +0000] [43] [INFO] Started server process [43]
[2026-04-03 23:01:33 +0000] [43] [INFO] Waiting for application startup.
[2026-04-03 23:01:33 +0000] [43] [INFO] Application startup complete.
[2026-04-03 23:01:33 +0000] [58] [INFO] Booting worker with pid: 58
[2026-04-03 23:01:33 +0000] [45] [INFO] Started server process [45]
[2026-04-03 23:01:33 +0000] [45] [INFO] Waiting for application startup.
[2026-04-03 23:01:33 +0000] [45] [INFO] Application startup complete.
[2026-04-03 23:01:33 +0000] [47] [INFO] Started server process [47]
[2026-04-03 23:01:33 +0000] [47] [INFO] Waiting for application startup.
[2026-04-03 23:01:33 +0000] [47] [INFO] Application startup complete.
[2026-04-03 23:01:33 +0000] [48] [INFO] Started server process [48]
[2026-04-03 23:01:33 +0000] [48] [INFO] Waiting for application startup.
[2026-04-03 23:01:33 +0000] [48] [INFO] Application startup complete.
[2026-04-03 23:01:33 +0000] [63] [INFO] Booting worker with pid: 63
[2026-04-03 23:01:33 +0000] [50] [INFO] Started server process [50]
[2026-04-03 23:01:33 +0000] [50] [INFO] Waiting for application startup.
[2026-04-03 23:01:33 +0000] [50] [INFO] Application startup complete.
[2026-04-03 23:01:33 +0000] [49] [INFO] Started server process [49]
[2026-04-03 23:01:33 +0000] [49] [INFO] Waiting for application startup.
[2026-04-03 23:01:33 +0000] [49] [INFO] Application startup complete.
[2026-04-03 23:01:33 +0000] [64] [INFO] Booting worker with pid: 64
[2026-04-03 23:01:33 +0000] [65] [INFO] Booting worker with pid: 65
[2026-04-03 23:01:33 +0000] [52] [INFO] Started server process [52]
[2026-04-03 23:01:33 +0000] [52] [INFO] Waiting for application startup.
[2026-04-03 23:01:33 +0000] [52] [INFO] Application startup complete.
[2026-04-03 23:01:33 +0000] [67] [INFO] Booting worker with pid: 67
[2026-04-03 23:01:33 +0000] [68] [INFO] Booting worker with pid: 68
[2026-04-03 23:01:33 +0000] [54] [INFO] Started server process [54]
[2026-04-03 23:01:33 +0000] [54] [INFO] Waiting for application startup.
[2026-04-03 23:01:33 +0000] [54] [INFO] Application startup complete.
[2026-04-03 23:01:33 +0000] [71] [INFO] Booting worker with pid: 71
[2026-04-03 23:01:33 +0000] [56] [INFO] Started server process [56]
[2026-04-03 23:01:33 +0000] [56] [INFO] Waiting for application startup.
[2026-04-03 23:01:33 +0000] [56] [INFO] Application startup complete.
[2026-04-03 23:01:33 +0000] [72] [INFO] Booting worker with pid: 72
[2026-04-03 23:01:33 +0000] [58] [INFO] Started server process [58]
[2026-04-03 23:01:33 +0000] [58] [INFO] Waiting for application startup.
[2026-04-03 23:01:33 +0000] [58] [INFO] Application startup complete.
[2026-04-03 23:01:33 +0000] [74] [INFO] Booting worker with pid: 74
[2026-04-03 23:01:33 +0000] [63] [INFO] Started server process [63]
[2026-04-03 23:01:33 +0000] [63] [INFO] Waiting for application startup.
[2026-04-03 23:01:33 +0000] [63] [INFO] Application startup complete.
[2026-04-03 23:01:33 +0000] [64] [INFO] Started server process [64]
[2026-04-03 23:01:33 +0000] [64] [INFO] Waiting for application startup.
[2026-04-03 23:01:33 +0000] [64] [INFO] Application startup complete.
[2026-04-03 23:01:33 +0000] [65] [INFO] Started server process [65]
[2026-04-03 23:01:33 +0000] [65] [INFO] Waiting for application startup.
[2026-04-03 23:01:33 +0000] [65] [INFO] Application startup complete.
[2026-04-03 23:01:33 +0000] [78] [INFO] Booting worker with pid: 78
[2026-04-03 23:01:33 +0000] [79] [INFO] Booting worker with pid: 79
[2026-04-03 23:01:33 +0000] [67] [INFO] Started server process [67]
[2026-04-03 23:01:33 +0000] [67] [INFO] Waiting for application startup.
[2026-04-03 23:01:33 +0000] [67] [INFO] Application startup complete.
[2026-04-03 23:01:33 +0000] [68] [INFO] Started server process [68]
[2026-04-03 23:01:33 +0000] [68] [INFO] Waiting for application startup.
[2026-04-03 23:01:33 +0000] [68] [INFO] Application startup complete.
[2026-04-03 23:01:33 +0000] [82] [INFO] Booting worker with pid: 82
[2026-04-03 23:01:33 +0000] [71] [INFO] Started server process [71]
[2026-04-03 23:01:33 +0000] [71] [INFO] Waiting for application startup.
[2026-04-03 23:01:33 +0000] [71] [INFO] Application startup complete.
[2026-04-03 23:01:33 +0000] [84] [INFO] Booting worker with pid: 84
[2026-04-03 23:01:33 +0000] [72] [INFO] Started server process [72]
[2026-04-03 23:01:33 +0000] [72] [INFO] Waiting for application startup.
[2026-04-03 23:01:33 +0000] [72] [INFO] Application startup complete.
[2026-04-03 23:01:33 +0000] [86] [INFO] Booting worker with pid: 86
[2026-04-03 23:01:33 +0000] [74] [INFO] Started server process [74]
[2026-04-03 23:01:33 +0000] [74] [INFO] Waiting for application startup.
[2026-04-03 23:01:33 +0000] [74] [INFO] Application startup complete.
[2026-04-03 23:01:33 +0000] [88] [INFO] Booting worker with pid: 88
[2026-04-03 23:01:33 +0000] [89] [INFO] Booting worker with pid: 89
[2026-04-03 23:01:33 +0000] [79] [INFO] Started server process [79]
[2026-04-03 23:01:33 +0000] [79] [INFO] Waiting for application startup.
[2026-04-03 23:01:33 +0000] [79] [INFO] Application startup complete.
[2026-04-03 23:01:33 +0000] [78] [INFO] Started server process [78]
[2026-04-03 23:01:33 +0000] [78] [INFO] Waiting for application startup.
[2026-04-03 23:01:33 +0000] [78] [INFO] Application startup complete.
[2026-04-03 23:01:33 +0000] [92] [INFO] Booting worker with pid: 92
[2026-04-03 23:01:33 +0000] [82] [INFO] Started server process [82]
[2026-04-03 23:01:33 +0000] [82] [INFO] Waiting for application startup.
[2026-04-03 23:01:33 +0000] [82] [INFO] Application startup complete.
[2026-04-03 23:01:33 +0000] [84] [INFO] Started server process [84]
[2026-04-03 23:01:33 +0000] [84] [INFO] Waiting for application startup.
[2026-04-03 23:01:33 +0000] [84] [INFO] Application startup complete.
[2026-04-03 23:01:33 +0000] [95] [INFO] Booting worker with pid: 95
[2026-04-03 23:01:33 +0000] [86] [INFO] Started server process [86]
[2026-04-03 23:01:33 +0000] [86] [INFO] Waiting for application startup.
[2026-04-03 23:01:33 +0000] [86] [INFO] Application startup complete.
[2026-04-03 23:01:34 +0000] [97] [INFO] Booting worker with pid: 97
[2026-04-03 23:01:34 +0000] [88] [INFO] Started server process [88]
[2026-04-03 23:01:34 +0000] [88] [INFO] Waiting for application startup.
[2026-04-03 23:01:34 +0000] [88] [INFO] Application startup complete.
[2026-04-03 23:01:34 +0000] [89] [INFO] Started server process [89]
[2026-04-03 23:01:34 +0000] [89] [INFO] Waiting for application startup.
[2026-04-03 23:01:34 +0000] [89] [INFO] Application startup complete.
[2026-04-03 23:01:34 +0000] [100] [INFO] Booting worker with pid: 100
[2026-04-03 23:01:34 +0000] [92] [INFO] Started server process [92]
[2026-04-03 23:01:34 +0000] [92] [INFO] Waiting for application startup.
[2026-04-03 23:01:34 +0000] [92] [INFO] Application startup complete.
[2026-04-03 23:01:34 +0000] [102] [INFO] Booting worker with pid: 102
[2026-04-03 23:01:34 +0000] [104] [INFO] Booting worker with pid: 104
[2026-04-03 23:01:34 +0000] [95] [INFO] Started server process [95]
[2026-04-03 23:01:34 +0000] [95] [INFO] Waiting for application startup.
[2026-04-03 23:01:34 +0000] [95] [INFO] Application startup complete.
[2026-04-03 23:01:34 +0000] [105] [INFO] Booting worker with pid: 105
[2026-04-03 23:01:34 +0000] [106] [INFO] Booting worker with pid: 106
[2026-04-03 23:01:34 +0000] [97] [INFO] Started server process [97]
[2026-04-03 23:01:34 +0000] [97] [INFO] Waiting for application startup.
[2026-04-03 23:01:34 +0000] [97] [INFO] Application startup complete.
[2026-04-03 23:01:34 +0000] [108] [INFO] Booting worker with pid: 108
[2026-04-03 23:01:34 +0000] [109] [INFO] Booting worker with pid: 109
[2026-04-03 23:01:34 +0000] [100] [INFO] Started server process [100]
[2026-04-03 23:01:34 +0000] [100] [INFO] Waiting for application startup.
[2026-04-03 23:01:34 +0000] [100] [INFO] Application startup complete.
[2026-04-03 23:01:34 +0000] [111] [INFO] Booting worker with pid: 111
[2026-04-03 23:01:34 +0000] [113] [INFO] Booting worker with pid: 113
[2026-04-03 23:01:34 +0000] [102] [INFO] Started server process [102]
[2026-04-03 23:01:34 +0000] [102] [INFO] Waiting for application startup.
[2026-04-03 23:01:34 +0000] [102] [INFO] Application startup complete.
[2026-04-03 23:01:34 +0000] [104] [INFO] Started server process [104]
[2026-04-03 23:01:34 +0000] [104] [INFO] Waiting for application startup.
[2026-04-03 23:01:34 +0000] [104] [INFO] Application startup complete.
[2026-04-03 23:01:34 +0000] [116] [INFO] Booting worker with pid: 116
[2026-04-03 23:01:34 +0000] [105] [INFO] Started server process [105]
[2026-04-03 23:01:34 +0000] [105] [INFO] Waiting for application startup.
[2026-04-03 23:01:34 +0000] [105] [INFO] Application startup complete.
[2026-04-03 23:01:34 +0000] [106] [INFO] Started server process [106]
[2026-04-03 23:01:34 +0000] [106] [INFO] Waiting for application startup.
[2026-04-03 23:01:34 +0000] [106] [INFO] Application startup complete.
[2026-04-03 23:01:34 +0000] [119] [INFO] Booting worker with pid: 119
[2026-04-03 23:01:34 +0000] [108] [INFO] Started server process [108]
[2026-04-03 23:01:34 +0000] [108] [INFO] Waiting for application startup.
[2026-04-03 23:01:34 +0000] [108] [INFO] Application startup complete.
[2026-04-03 23:01:34 +0000] [109] [INFO] Started server process [109]
[2026-04-03 23:01:34 +0000] [109] [INFO] Waiting for application startup.
[2026-04-03 23:01:34 +0000] [109] [INFO] Application startup complete.
[2026-04-03 23:01:34 +0000] [121] [INFO] Booting worker with pid: 121
[2026-04-03 23:01:34 +0000] [111] [INFO] Started server process [111]
[2026-04-03 23:01:34 +0000] [111] [INFO] Waiting for application startup.
[2026-04-03 23:01:34 +0000] [111] [INFO] Application startup complete.
[2026-04-03 23:01:34 +0000] [124] [INFO] Booting worker with pid: 124
[2026-04-03 23:01:34 +0000] [113] [INFO] Started server process [113]
[2026-04-03 23:01:34 +0000] [113] [INFO] Waiting for application startup.
[2026-04-03 23:01:34 +0000] [113] [INFO] Application startup complete.
[2026-04-03 23:01:34 +0000] [125] [INFO] Booting worker with pid: 125
[2026-04-03 23:01:34 +0000] [126] [INFO] Booting worker with pid: 126
[2026-04-03 23:01:34 +0000] [116] [INFO] Started server process [116]
[2026-04-03 23:01:34 +0000] [116] [INFO] Waiting for application startup.
[2026-04-03 23:01:34 +0000] [116] [INFO] Application startup complete.
[2026-04-03 23:01:34 +0000] [128] [INFO] Booting worker with pid: 128
[2026-04-03 23:01:34 +0000] [119] [INFO] Started server process [119]
[2026-04-03 23:01:34 +0000] [119] [INFO] Waiting for application startup.
[2026-04-03 23:01:34 +0000] [119] [INFO] Application startup complete.
[2026-04-03 23:01:34 +0000] [121] [INFO] Started server process [121]
[2026-04-03 23:01:34 +0000] [121] [INFO] Waiting for application startup.
[2026-04-03 23:01:34 +0000] [121] [INFO] Application startup complete.
[2026-04-03 23:01:35 +0000] [125] [INFO] Started server process [125]
[2026-04-03 23:01:35 +0000] [125] [INFO] Waiting for application startup.
[2026-04-03 23:01:35 +0000] [125] [INFO] Application startup complete.
[2026-04-03 23:01:35 +0000] [124] [INFO] Started server process [124]
[2026-04-03 23:01:35 +0000] [124] [INFO] Waiting for application startup.
[2026-04-03 23:01:35 +0000] [124] [INFO] Application startup complete.
[2026-04-03 23:01:35 +0000] [126] [INFO] Started server process [126]
[2026-04-03 23:01:35 +0000] [126] [INFO] Waiting for application startup.
[2026-04-03 23:01:35 +0000] [126] [INFO] Application startup complete.
[2026-04-03 23:01:35 +0000] [128] [INFO] Started server process [128]
[2026-04-03 23:01:35 +0000] [128] [INFO] Waiting for application startup.
[2026-04-03 23:01:35 +0000] [128] [INFO] Application startup complete.
