[2026-04-04 07:23:21 +0000] [1] [INFO] Starting gunicorn 23.0.0
[2026-04-04 07:23:21 +0000] [1] [INFO] Listening at: http://0.0.0.0:8080 (1)
[2026-04-04 07:23:21 +0000] [1] [INFO] Using worker: uvicorn.workers.UvicornWorker
[2026-04-04 07:23:21 +0000] [7] [INFO] Booting worker with pid: 7
[2026-04-04 07:23:21 +0000] [8] [INFO] Booting worker with pid: 8
[2026-04-04 07:23:22 +0000] [7] [INFO] Started server process [7]
[2026-04-04 07:23:22 +0000] [7] [INFO] Waiting for application startup.
[2026-04-04 07:23:22 +0000] [7] [INFO] Application startup complete.
[2026-04-04 07:23:22 +0000] [10] [INFO] Booting worker with pid: 10
[2026-04-04 07:23:22 +0000] [8] [INFO] Started server process [8]
[2026-04-04 07:23:22 +0000] [8] [INFO] Waiting for application startup.
[2026-04-04 07:23:22 +0000] [8] [INFO] Application startup complete.
[2026-04-04 07:23:22 +0000] [12] [INFO] Booting worker with pid: 12
[2026-04-04 07:23:22 +0000] [13] [INFO] Booting worker with pid: 13
[2026-04-04 07:23:22 +0000] [10] [INFO] Started server process [10]
[2026-04-04 07:23:22 +0000] [10] [INFO] Waiting for application startup.
[2026-04-04 07:23:22 +0000] [10] [INFO] Application startup complete.
[2026-04-04 07:23:22 +0000] [16] [INFO] Booting worker with pid: 16
[2026-04-04 07:23:22 +0000] [12] [INFO] Started server process [12]
[2026-04-04 07:23:22 +0000] [12] [INFO] Waiting for application startup.
[2026-04-04 07:23:22 +0000] [12] [INFO] Application startup complete.
[2026-04-04 07:23:22 +0000] [13] [INFO] Started server process [13]
[2026-04-04 07:23:22 +0000] [13] [INFO] Waiting for application startup.
[2026-04-04 07:23:22 +0000] [13] [INFO] Application startup complete.
[2026-04-04 07:23:22 +0000] [18] [INFO] Booting worker with pid: 18
[2026-04-04 07:23:22 +0000] [16] [INFO] Started server process [16]
[2026-04-04 07:23:22 +0000] [16] [INFO] Waiting for application startup.
[2026-04-04 07:23:22 +0000] [16] [INFO] Application startup complete.
[2026-04-04 07:23:22 +0000] [20] [INFO] Booting worker with pid: 20
[2026-04-04 07:23:22 +0000] [21] [INFO] Booting worker with pid: 21
[2026-04-04 07:23:22 +0000] [23] [INFO] Booting worker with pid: 23
[2026-04-04 07:23:22 +0000] [18] [INFO] Started server process [18]
[2026-04-04 07:23:22 +0000] [18] [INFO] Waiting for application startup.
[2026-04-04 07:23:22 +0000] [18] [INFO] Application startup complete.
[2026-04-04 07:23:22 +0000] [25] [INFO] Booting worker with pid: 25
[2026-04-04 07:23:22 +0000] [20] [INFO] Started server process [20]
[2026-04-04 07:23:22 +0000] [20] [INFO] Waiting for application startup.
[2026-04-04 07:23:22 +0000] [20] [INFO] Application startup complete.
[2026-04-04 07:23:22 +0000] [21] [INFO] Started server process [21]
[2026-04-04 07:23:22 +0000] [21] [INFO] Waiting for application startup.
[2026-04-04 07:23:22 +0000] [21] [INFO] Application startup complete.
[2026-04-04 07:23:22 +0000] [27] [INFO] Booting worker with pid: 27
[2026-04-04 07:23:22 +0000] [23] [INFO] Started server process [23]
[2026-04-04 07:23:22 +0000] [23] [INFO] Waiting for application startup.
[2026-04-04 07:23:22 +0000] [23] [INFO] Application startup complete.
[2026-04-04 07:23:22 +0000] [30] [INFO] Booting worker with pid: 30
[2026-04-04 07:23:22 +0000] [25] [INFO] Started server process [25]
[2026-04-04 07:23:22 +0000] [25] [INFO] Waiting for application startup.
[2026-04-04 07:23:22 +0000] [25] [INFO] Application startup complete.
[2026-04-04 07:23:22 +0000] [27] [INFO] Started server process [27]
[2026-04-04 07:23:22 +0000] [27] [INFO] Waiting for application startup.
[2026-04-04 07:23:22 +0000] [27] [INFO] Application startup complete.
[2026-04-04 07:23:22 +0000] [32] [INFO] Booting worker with pid: 32
[2026-04-04 07:23:22 +0000] [33] [INFO] Booting worker with pid: 33
[2026-04-04 07:23:22 +0000] [30] [INFO] Started server process [30]
[2026-04-04 07:23:22 +0000] [30] [INFO] Waiting for application startup.
[2026-04-04 07:23:22 +0000] [30] [INFO] Application startup complete.
[2026-04-04 07:23:22 +0000] [36] [INFO] Booting worker with pid: 36
[2026-04-04 07:23:22 +0000] [32] [INFO] Started server process [32]
[2026-04-04 07:23:22 +0000] [32] [INFO] Waiting for application startup.
[2026-04-04 07:23:22 +0000] [32] [INFO] Application startup complete.
[2026-04-04 07:23:22 +0000] [38] [INFO] Booting worker with pid: 38
[2026-04-04 07:23:22 +0000] [33] [INFO] Started server process [33]
[2026-04-04 07:23:22 +0000] [33] [INFO] Waiting for application startup.
[2026-04-04 07:23:22 +0000] [33] [INFO] Application startup complete.
[2026-04-04 07:23:22 +0000] [39] [INFO] Booting worker with pid: 39
[2026-04-04 07:23:22 +0000] [36] [INFO] Started server process [36]
[2026-04-04 07:23:22 +0000] [36] [INFO] Waiting for application startup.
[2026-04-04 07:23:22 +0000] [36] [INFO] Application startup complete.
[2026-04-04 07:23:22 +0000] [41] [INFO] Booting worker with pid: 41
[2026-04-04 07:23:22 +0000] [38] [INFO] Started server process [38]
[2026-04-04 07:23:22 +0000] [38] [INFO] Waiting for application startup.
[2026-04-04 07:23:22 +0000] [38] [INFO] Application startup complete.
[2026-04-04 07:23:22 +0000] [39] [INFO] Started server process [39]
[2026-04-04 07:23:22 +0000] [39] [INFO] Waiting for application startup.
[2026-04-04 07:23:22 +0000] [39] [INFO] Application startup complete.
[2026-04-04 07:23:22 +0000] [44] [INFO] Booting worker with pid: 44
[2026-04-04 07:23:22 +0000] [46] [INFO] Booting worker with pid: 46
[2026-04-04 07:23:22 +0000] [41] [INFO] Started server process [41]
[2026-04-04 07:23:22 +0000] [41] [INFO] Waiting for application startup.
[2026-04-04 07:23:22 +0000] [41] [INFO] Application startup complete.
[2026-04-04 07:23:22 +0000] [47] [INFO] Booting worker with pid: 47
[2026-04-04 07:23:22 +0000] [44] [INFO] Started server process [44]
[2026-04-04 07:23:22 +0000] [44] [INFO] Waiting for application startup.
[2026-04-04 07:23:22 +0000] [44] [INFO] Application startup complete.
[2026-04-04 07:23:22 +0000] [46] [INFO] Started server process [46]
[2026-04-04 07:23:22 +0000] [46] [INFO] Waiting for application startup.
[2026-04-04 07:23:22 +0000] [46] [INFO] Application startup complete.
[2026-04-04 07:23:22 +0000] [47] [INFO] Started server process [47]
[2026-04-04 07:23:22 +0000] [47] [INFO] Waiting for application startup.
[2026-04-04 07:23:22 +0000] [47] [INFO] Application startup complete.
[2026-04-04 07:23:22 +0000] [51] [INFO] Booting worker with pid: 51
[2026-04-04 07:23:22 +0000] [52] [INFO] Booting worker with pid: 52
[2026-04-04 07:23:22 +0000] [53] [INFO] Booting worker with pid: 53
[2026-04-04 07:23:22 +0000] [54] [INFO] Booting worker with pid: 54
[2026-04-04 07:23:22 +0000] [51] [INFO] Started server process [51]
[2026-04-04 07:23:22 +0000] [51] [INFO] Waiting for application startup.
[2026-04-04 07:23:22 +0000] [51] [INFO] Application startup complete.
[2026-04-04 07:23:22 +0000] [52] [INFO] Started server process [52]
[2026-04-04 07:23:22 +0000] [52] [INFO] Waiting for application startup.
[2026-04-04 07:23:22 +0000] [52] [INFO] Application startup complete.
[2026-04-04 07:23:22 +0000] [53] [INFO] Started server process [53]
[2026-04-04 07:23:22 +0000] [53] [INFO] Waiting for application startup.
[2026-04-04 07:23:22 +0000] [53] [INFO] Application startup complete.
[2026-04-04 07:23:22 +0000] [54] [INFO] Started server process [54]
[2026-04-04 07:23:22 +0000] [54] [INFO] Waiting for application startup.
[2026-04-04 07:23:22 +0000] [54] [INFO] Application startup complete.
[2026-04-04 07:23:22 +0000] [59] [INFO] Booting worker with pid: 59
[2026-04-04 07:23:23 +0000] [61] [INFO] Booting worker with pid: 61
[2026-04-04 07:23:23 +0000] [62] [INFO] Booting worker with pid: 62
[2026-04-04 07:23:23 +0000] [59] [INFO] Started server process [59]
[2026-04-04 07:23:23 +0000] [59] [INFO] Waiting for application startup.
[2026-04-04 07:23:23 +0000] [59] [INFO] Application startup complete.
[2026-04-04 07:23:23 +0000] [63] [INFO] Booting worker with pid: 63
[2026-04-04 07:23:23 +0000] [61] [INFO] Started server process [61]
[2026-04-04 07:23:23 +0000] [61] [INFO] Waiting for application startup.
[2026-04-04 07:23:23 +0000] [61] [INFO] Application startup complete.
[2026-04-04 07:23:23 +0000] [62] [INFO] Started server process [62]
[2026-04-04 07:23:23 +0000] [62] [INFO] Waiting for application startup.
[2026-04-04 07:23:23 +0000] [62] [INFO] Application startup complete.
[2026-04-04 07:23:23 +0000] [67] [INFO] Booting worker with pid: 67
[2026-04-04 07:23:23 +0000] [63] [INFO] Started server process [63]
[2026-04-04 07:23:23 +0000] [63] [INFO] Waiting for application startup.
[2026-04-04 07:23:23 +0000] [63] [INFO] Application startup complete.
[2026-04-04 07:23:23 +0000] [68] [INFO] Booting worker with pid: 68
[2026-04-04 07:23:23 +0000] [70] [INFO] Booting worker with pid: 70
[2026-04-04 07:23:23 +0000] [67] [INFO] Started server process [67]
[2026-04-04 07:23:23 +0000] [67] [INFO] Waiting for application startup.
[2026-04-04 07:23:23 +0000] [67] [INFO] Application startup complete.
[2026-04-04 07:23:23 +0000] [71] [INFO] Booting worker with pid: 71
[2026-04-04 07:23:23 +0000] [68] [INFO] Started server process [68]
[2026-04-04 07:23:23 +0000] [68] [INFO] Waiting for application startup.
[2026-04-04 07:23:23 +0000] [68] [INFO] Application startup complete.
[2026-04-04 07:23:23 +0000] [70] [INFO] Started server process [70]
[2026-04-04 07:23:23 +0000] [70] [INFO] Waiting for application startup.
[2026-04-04 07:23:23 +0000] [70] [INFO] Application startup complete.
[2026-04-04 07:23:23 +0000] [74] [INFO] Booting worker with pid: 74
[2026-04-04 07:23:23 +0000] [71] [INFO] Started server process [71]
[2026-04-04 07:23:23 +0000] [71] [INFO] Waiting for application startup.
[2026-04-04 07:23:23 +0000] [71] [INFO] Application startup complete.
[2026-04-04 07:23:23 +0000] [77] [INFO] Booting worker with pid: 77
[2026-04-04 07:23:23 +0000] [74] [INFO] Started server process [74]
[2026-04-04 07:23:23 +0000] [74] [INFO] Waiting for application startup.
[2026-04-04 07:23:23 +0000] [74] [INFO] Application startup complete.
[2026-04-04 07:23:23 +0000] [78] [INFO] Booting worker with pid: 78
[2026-04-04 07:23:23 +0000] [77] [INFO] Started server process [77]
[2026-04-04 07:23:23 +0000] [77] [INFO] Waiting for application startup.
[2026-04-04 07:23:23 +0000] [77] [INFO] Application startup complete.
[2026-04-04 07:23:23 +0000] [78] [INFO] Started server process [78]
[2026-04-04 07:23:23 +0000] [78] [INFO] Waiting for application startup.
[2026-04-04 07:23:23 +0000] [78] [INFO] Application startup complete.
[2026-04-04 07:23:23 +0000] [81] [INFO] Booting worker with pid: 81
[2026-04-04 07:23:23 +0000] [81] [INFO] Started server process [81]
[2026-04-04 07:23:23 +0000] [81] [INFO] Waiting for application startup.
[2026-04-04 07:23:23 +0000] [81] [INFO] Application startup complete.
[2026-04-04 07:23:23 +0000] [83] [INFO] Booting worker with pid: 83
[2026-04-04 07:23:23 +0000] [84] [INFO] Booting worker with pid: 84
[2026-04-04 07:23:23 +0000] [83] [INFO] Started server process [83]
[2026-04-04 07:23:23 +0000] [83] [INFO] Waiting for application startup.
[2026-04-04 07:23:23 +0000] [83] [INFO] Application startup complete.
[2026-04-04 07:23:23 +0000] [86] [INFO] Booting worker with pid: 86
[2026-04-04 07:23:23 +0000] [84] [INFO] Started server process [84]
[2026-04-04 07:23:23 +0000] [84] [INFO] Waiting for application startup.
[2026-04-04 07:23:23 +0000] [84] [INFO] Application startup complete.
[2026-04-04 07:23:23 +0000] [86] [INFO] Started server process [86]
[2026-04-04 07:23:23 +0000] [86] [INFO] Waiting for application startup.
[2026-04-04 07:23:23 +0000] [86] [INFO] Application startup complete.
[2026-04-04 07:23:23 +0000] [89] [INFO] Booting worker with pid: 89
[2026-04-04 07:23:23 +0000] [90] [INFO] Booting worker with pid: 90
[2026-04-04 07:23:23 +0000] [91] [INFO] Booting worker with pid: 91
[2026-04-04 07:23:23 +0000] [89] [INFO] Started server process [89]
[2026-04-04 07:23:23 +0000] [89] [INFO] Waiting for application startup.
[2026-04-04 07:23:23 +0000] [89] [INFO] Application startup complete.
[2026-04-04 07:23:23 +0000] [93] [INFO] Booting worker with pid: 93
[2026-04-04 07:23:23 +0000] [90] [INFO] Started server process [90]
[2026-04-04 07:23:23 +0000] [90] [INFO] Waiting for application startup.
[2026-04-04 07:23:23 +0000] [90] [INFO] Application startup complete.
[2026-04-04 07:23:23 +0000] [95] [INFO] Booting worker with pid: 95
[2026-04-04 07:23:23 +0000] [97] [INFO] Booting worker with pid: 97
[2026-04-04 07:23:23 +0000] [91] [INFO] Started server process [91]
[2026-04-04 07:23:23 +0000] [91] [INFO] Waiting for application startup.
[2026-04-04 07:23:23 +0000] [91] [INFO] Application startup complete.
[2026-04-04 07:23:23 +0000] [93] [INFO] Started server process [93]
[2026-04-04 07:23:23 +0000] [93] [INFO] Waiting for application startup.
[2026-04-04 07:23:23 +0000] [93] [INFO] Application startup complete.
[2026-04-04 07:23:24 +0000] [95] [INFO] Started server process [95]
[2026-04-04 07:23:24 +0000] [95] [INFO] Waiting for application startup.
[2026-04-04 07:23:24 +0000] [95] [INFO] Application startup complete.
[2026-04-04 07:23:24 +0000] [97] [INFO] Started server process [97]
[2026-04-04 07:23:24 +0000] [97] [INFO] Waiting for application startup.
[2026-04-04 07:23:24 +0000] [97] [INFO] Application startup complete.
[2026-04-04 07:23:24 +0000] [101] [INFO] Booting worker with pid: 101
[2026-04-04 07:23:24 +0000] [101] [INFO] Started server process [101]
[2026-04-04 07:23:24 +0000] [101] [INFO] Waiting for application startup.
[2026-04-04 07:23:24 +0000] [101] [INFO] Application startup complete.
[2026-04-04 07:23:24 +0000] [103] [INFO] Booting worker with pid: 103
[2026-04-04 07:23:24 +0000] [104] [INFO] Booting worker with pid: 104
[2026-04-04 07:23:24 +0000] [105] [INFO] Booting worker with pid: 105
[2026-04-04 07:23:24 +0000] [103] [INFO] Started server process [103]
[2026-04-04 07:23:24 +0000] [103] [INFO] Waiting for application startup.
[2026-04-04 07:23:24 +0000] [103] [INFO] Application startup complete.
[2026-04-04 07:23:24 +0000] [108] [INFO] Booting worker with pid: 108
[2026-04-04 07:23:24 +0000] [104] [INFO] Started server process [104]
[2026-04-04 07:23:24 +0000] [104] [INFO] Waiting for application startup.
[2026-04-04 07:23:24 +0000] [104] [INFO] Application startup complete.
[2026-04-04 07:23:24 +0000] [109] [INFO] Booting worker with pid: 109
[2026-04-04 07:23:24 +0000] [105] [INFO] Started server process [105]
[2026-04-04 07:23:24 +0000] [105] [INFO] Waiting for application startup.
[2026-04-04 07:23:24 +0000] [105] [INFO] Application startup complete.
[2026-04-04 07:23:24 +0000] [113] [INFO] Booting worker with pid: 113
[2026-04-04 07:23:24 +0000] [108] [INFO] Started server process [108]
[2026-04-04 07:23:24 +0000] [108] [INFO] Waiting for application startup.
[2026-04-04 07:23:24 +0000] [108] [INFO] Application startup complete.
[2026-04-04 07:23:24 +0000] [109] [INFO] Started server process [109]
[2026-04-04 07:23:24 +0000] [109] [INFO] Waiting for application startup.
[2026-04-04 07:23:24 +0000] [109] [INFO] Application startup complete.
[2026-04-04 07:23:24 +0000] [114] [INFO] Booting worker with pid: 114
[2026-04-04 07:23:24 +0000] [113] [INFO] Started server process [113]
[2026-04-04 07:23:24 +0000] [113] [INFO] Waiting for application startup.
[2026-04-04 07:23:24 +0000] [113] [INFO] Application startup complete.
[2026-04-04 07:23:24 +0000] [117] [INFO] Booting worker with pid: 117
[2026-04-04 07:23:24 +0000] [114] [INFO] Started server process [114]
[2026-04-04 07:23:24 +0000] [114] [INFO] Waiting for application startup.
[2026-04-04 07:23:24 +0000] [114] [INFO] Application startup complete.
[2026-04-04 07:23:24 +0000] [118] [INFO] Booting worker with pid: 118
[2026-04-04 07:23:24 +0000] [117] [INFO] Started server process [117]
[2026-04-04 07:23:24 +0000] [117] [INFO] Waiting for application startup.
[2026-04-04 07:23:24 +0000] [117] [INFO] Application startup complete.
[2026-04-04 07:23:24 +0000] [120] [INFO] Booting worker with pid: 120
[2026-04-04 07:23:24 +0000] [118] [INFO] Started server process [118]
[2026-04-04 07:23:24 +0000] [118] [INFO] Waiting for application startup.
[2026-04-04 07:23:24 +0000] [118] [INFO] Application startup complete.
[2026-04-04 07:23:24 +0000] [122] [INFO] Booting worker with pid: 122
[2026-04-04 07:23:24 +0000] [123] [INFO] Booting worker with pid: 123
[2026-04-04 07:23:24 +0000] [120] [INFO] Started server process [120]
[2026-04-04 07:23:24 +0000] [120] [INFO] Waiting for application startup.
[2026-04-04 07:23:24 +0000] [120] [INFO] Application startup complete.
[2026-04-04 07:23:24 +0000] [122] [INFO] Started server process [122]
[2026-04-04 07:23:24 +0000] [122] [INFO] Waiting for application startup.
[2026-04-04 07:23:24 +0000] [122] [INFO] Application startup complete.
[2026-04-04 07:23:24 +0000] [127] [INFO] Booting worker with pid: 127
[2026-04-04 07:23:24 +0000] [123] [INFO] Started server process [123]
[2026-04-04 07:23:24 +0000] [123] [INFO] Waiting for application startup.
[2026-04-04 07:23:24 +0000] [123] [INFO] Application startup complete.
[2026-04-04 07:23:24 +0000] [128] [INFO] Booting worker with pid: 128
[2026-04-04 07:23:24 +0000] [129] [INFO] Booting worker with pid: 129
[2026-04-04 07:23:24 +0000] [127] [INFO] Started server process [127]
[2026-04-04 07:23:24 +0000] [127] [INFO] Waiting for application startup.
[2026-04-04 07:23:24 +0000] [127] [INFO] Application startup complete.
[2026-04-04 07:23:24 +0000] [128] [INFO] Started server process [128]
[2026-04-04 07:23:24 +0000] [128] [INFO] Waiting for application startup.
[2026-04-04 07:23:24 +0000] [128] [INFO] Application startup complete.
[2026-04-04 07:23:24 +0000] [129] [INFO] Started server process [129]
[2026-04-04 07:23:24 +0000] [129] [INFO] Waiting for application startup.
[2026-04-04 07:23:24 +0000] [129] [INFO] Application startup complete.
[2026-04-04 07:23:24 +0000] [133] [INFO] Booting worker with pid: 133
[2026-04-04 07:23:24 +0000] [133] [INFO] Started server process [133]
[2026-04-04 07:23:24 +0000] [133] [INFO] Waiting for application startup.
[2026-04-04 07:23:24 +0000] [133] [INFO] Application startup complete.
