[2026-03-25 18:49:04 +0000] [1] [INFO] Starting gunicorn 23.0.0
[2026-03-25 18:49:04 +0000] [1] [INFO] Listening at: http://0.0.0.0:8080 (1)
[2026-03-25 18:49:04 +0000] [1] [INFO] Using worker: uvicorn.workers.UvicornWorker
[2026-03-25 18:49:04 +0000] [7] [INFO] Booting worker with pid: 7
[2026-03-25 18:49:04 +0000] [8] [INFO] Booting worker with pid: 8
[2026-03-25 18:49:04 +0000] [9] [INFO] Booting worker with pid: 9
[2026-03-25 18:49:04 +0000] [10] [INFO] Booting worker with pid: 10
[2026-03-25 18:49:04 +0000] [11] [INFO] Booting worker with pid: 11
[2026-03-25 18:49:04 +0000] [12] [INFO] Booting worker with pid: 12
[2026-03-25 18:49:04 +0000] [13] [INFO] Booting worker with pid: 13
[2026-03-25 18:49:04 +0000] [14] [INFO] Booting worker with pid: 14
[2026-03-25 18:49:04 +0000] [17] [INFO] Booting worker with pid: 17
[2026-03-25 18:49:04 +0000] [8] [INFO] Started server process [8]
[2026-03-25 18:49:04 +0000] [8] [INFO] Waiting for application startup.
[2026-03-25 18:49:04 +0000] [8] [INFO] Application startup complete.
[2026-03-25 18:49:04 +0000] [7] [INFO] Started server process [7]
[2026-03-25 18:49:04 +0000] [7] [INFO] Waiting for application startup.
[2026-03-25 18:49:04 +0000] [7] [INFO] Application startup complete.
[2026-03-25 18:49:04 +0000] [18] [INFO] Booting worker with pid: 18
[2026-03-25 18:49:04 +0000] [9] [INFO] Started server process [9]
[2026-03-25 18:49:04 +0000] [9] [INFO] Waiting for application startup.
[2026-03-25 18:49:04 +0000] [9] [INFO] Application startup complete.
[2026-03-25 18:49:04 +0000] [21] [INFO] Booting worker with pid: 21
[2026-03-25 18:49:04 +0000] [10] [INFO] Started server process [10]
[2026-03-25 18:49:04 +0000] [10] [INFO] Waiting for application startup.
[2026-03-25 18:49:04 +0000] [10] [INFO] Application startup complete.
[2026-03-25 18:49:04 +0000] [23] [INFO] Booting worker with pid: 23
[2026-03-25 18:49:04 +0000] [11] [INFO] Started server process [11]
[2026-03-25 18:49:04 +0000] [11] [INFO] Waiting for application startup.
[2026-03-25 18:49:04 +0000] [11] [INFO] Application startup complete.
[2026-03-25 18:49:04 +0000] [12] [INFO] Started server process [12]
[2026-03-25 18:49:04 +0000] [12] [INFO] Waiting for application startup.
[2026-03-25 18:49:04 +0000] [12] [INFO] Application startup complete.
[2026-03-25 18:49:04 +0000] [13] [INFO] Started server process [13]
[2026-03-25 18:49:04 +0000] [13] [INFO] Waiting for application startup.
[2026-03-25 18:49:04 +0000] [13] [INFO] Application startup complete.
[2026-03-25 18:49:04 +0000] [14] [INFO] Started server process [14]
[2026-03-25 18:49:04 +0000] [14] [INFO] Waiting for application startup.
[2026-03-25 18:49:04 +0000] [14] [INFO] Application startup complete.
[2026-03-25 18:49:04 +0000] [27] [INFO] Booting worker with pid: 27
[2026-03-25 18:49:04 +0000] [17] [INFO] Started server process [17]
[2026-03-25 18:49:04 +0000] [17] [INFO] Waiting for application startup.
[2026-03-25 18:49:04 +0000] [17] [INFO] Application startup complete.
[2026-03-25 18:49:04 +0000] [29] [INFO] Booting worker with pid: 29
[2026-03-25 18:49:05 +0000] [30] [INFO] Booting worker with pid: 30
[2026-03-25 18:49:05 +0000] [32] [INFO] Booting worker with pid: 32
[2026-03-25 18:49:05 +0000] [18] [INFO] Started server process [18]
[2026-03-25 18:49:05 +0000] [18] [INFO] Waiting for application startup.
[2026-03-25 18:49:05 +0000] [18] [INFO] Application startup complete.
[2026-03-25 18:49:05 +0000] [21] [INFO] Started server process [21]
[2026-03-25 18:49:05 +0000] [21] [INFO] Waiting for application startup.
[2026-03-25 18:49:05 +0000] [21] [INFO] Application startup complete.
[2026-03-25 18:49:05 +0000] [34] [INFO] Booting worker with pid: 34
[2026-03-25 18:49:05 +0000] [23] [INFO] Started server process [23]
[2026-03-25 18:49:05 +0000] [23] [INFO] Waiting for application startup.
[2026-03-25 18:49:05 +0000] [23] [INFO] Application startup complete.
[2026-03-25 18:49:05 +0000] [36] [INFO] Booting worker with pid: 36
[2026-03-25 18:49:05 +0000] [37] [INFO] Booting worker with pid: 37
[2026-03-25 18:49:05 +0000] [27] [INFO] Started server process [27]
[2026-03-25 18:49:05 +0000] [27] [INFO] Waiting for application startup.
[2026-03-25 18:49:05 +0000] [27] [INFO] Application startup complete.
[2026-03-25 18:49:05 +0000] [29] [INFO] Started server process [29]
[2026-03-25 18:49:05 +0000] [29] [INFO] Waiting for application startup.
[2026-03-25 18:49:05 +0000] [29] [INFO] Application startup complete.
[2026-03-25 18:49:05 +0000] [41] [INFO] Booting worker with pid: 41
[2026-03-25 18:49:05 +0000] [30] [INFO] Started server process [30]
[2026-03-25 18:49:05 +0000] [30] [INFO] Waiting for application startup.
[2026-03-25 18:49:05 +0000] [30] [INFO] Application startup complete.
[2026-03-25 18:49:05 +0000] [43] [INFO] Booting worker with pid: 43
[2026-03-25 18:49:05 +0000] [32] [INFO] Started server process [32]
[2026-03-25 18:49:05 +0000] [32] [INFO] Waiting for application startup.
[2026-03-25 18:49:05 +0000] [32] [INFO] Application startup complete.
[2026-03-25 18:49:05 +0000] [34] [INFO] Started server process [34]
[2026-03-25 18:49:05 +0000] [34] [INFO] Waiting for application startup.
[2026-03-25 18:49:05 +0000] [34] [INFO] Application startup complete.
[2026-03-25 18:49:05 +0000] [45] [INFO] Booting worker with pid: 45
[2026-03-25 18:49:05 +0000] [36] [INFO] Started server process [36]
[2026-03-25 18:49:05 +0000] [36] [INFO] Waiting for application startup.
[2026-03-25 18:49:05 +0000] [36] [INFO] Application startup complete.
[2026-03-25 18:49:05 +0000] [37] [INFO] Started server process [37]
[2026-03-25 18:49:05 +0000] [37] [INFO] Waiting for application startup.
[2026-03-25 18:49:05 +0000] [37] [INFO] Application startup complete.
[2026-03-25 18:49:05 +0000] [48] [INFO] Booting worker with pid: 48
[2026-03-25 18:49:05 +0000] [49] [INFO] Booting worker with pid: 49
[2026-03-25 18:49:05 +0000] [50] [INFO] Booting worker with pid: 50
[2026-03-25 18:49:05 +0000] [51] [INFO] Booting worker with pid: 51
[2026-03-25 18:49:05 +0000] [41] [INFO] Started server process [41]
[2026-03-25 18:49:05 +0000] [41] [INFO] Waiting for application startup.
[2026-03-25 18:49:05 +0000] [41] [INFO] Application startup complete.
[2026-03-25 18:49:05 +0000] [43] [INFO] Started server process [43]
[2026-03-25 18:49:05 +0000] [43] [INFO] Waiting for application startup.
[2026-03-25 18:49:05 +0000] [43] [INFO] Application startup complete.
[2026-03-25 18:49:05 +0000] [54] [INFO] Booting worker with pid: 54
[2026-03-25 18:49:05 +0000] [56] [INFO] Booting worker with pid: 56
[2026-03-25 18:49:05 +0000] [45] [INFO] Started server process [45]
[2026-03-25 18:49:05 +0000] [45] [INFO] Waiting for application startup.
[2026-03-25 18:49:05 +0000] [45] [INFO] Application startup complete.
[2026-03-25 18:49:05 +0000] [59] [INFO] Booting worker with pid: 59
[2026-03-25 18:49:05 +0000] [48] [INFO] Started server process [48]
[2026-03-25 18:49:05 +0000] [48] [INFO] Waiting for application startup.
[2026-03-25 18:49:05 +0000] [48] [INFO] Application startup complete.
[2026-03-25 18:49:05 +0000] [49] [INFO] Started server process [49]
[2026-03-25 18:49:05 +0000] [49] [INFO] Waiting for application startup.
[2026-03-25 18:49:05 +0000] [49] [INFO] Application startup complete.
[2026-03-25 18:49:05 +0000] [50] [INFO] Started server process [50]
[2026-03-25 18:49:05 +0000] [50] [INFO] Waiting for application startup.
[2026-03-25 18:49:05 +0000] [50] [INFO] Application startup complete.
[2026-03-25 18:49:05 +0000] [51] [INFO] Started server process [51]
[2026-03-25 18:49:05 +0000] [51] [INFO] Waiting for application startup.
[2026-03-25 18:49:05 +0000] [51] [INFO] Application startup complete.
[2026-03-25 18:49:05 +0000] [62] [INFO] Booting worker with pid: 62
[2026-03-25 18:49:05 +0000] [63] [INFO] Booting worker with pid: 63
[2026-03-25 18:49:05 +0000] [54] [INFO] Started server process [54]
[2026-03-25 18:49:05 +0000] [54] [INFO] Waiting for application startup.
[2026-03-25 18:49:05 +0000] [54] [INFO] Application startup complete.
[2026-03-25 18:49:05 +0000] [66] [INFO] Booting worker with pid: 66
[2026-03-25 18:49:05 +0000] [56] [INFO] Started server process [56]
[2026-03-25 18:49:05 +0000] [56] [INFO] Waiting for application startup.
[2026-03-25 18:49:05 +0000] [56] [INFO] Application startup complete.
[2026-03-25 18:49:05 +0000] [68] [INFO] Booting worker with pid: 68
[2026-03-25 18:49:05 +0000] [59] [INFO] Started server process [59]
[2026-03-25 18:49:05 +0000] [59] [INFO] Waiting for application startup.
[2026-03-25 18:49:05 +0000] [59] [INFO] Application startup complete.
[2026-03-25 18:49:06 +0000] [69] [INFO] Booting worker with pid: 69
[2026-03-25 18:49:06 +0000] [71] [INFO] Booting worker with pid: 71
[2026-03-25 18:49:06 +0000] [62] [INFO] Started server process [62]
[2026-03-25 18:49:06 +0000] [62] [INFO] Waiting for application startup.
[2026-03-25 18:49:06 +0000] [62] [INFO] Application startup complete.
[2026-03-25 18:49:06 +0000] [63] [INFO] Started server process [63]
[2026-03-25 18:49:06 +0000] [63] [INFO] Waiting for application startup.
[2026-03-25 18:49:06 +0000] [63] [INFO] Application startup complete.
[2026-03-25 18:49:06 +0000] [73] [INFO] Booting worker with pid: 73
[2026-03-25 18:49:06 +0000] [66] [INFO] Started server process [66]
[2026-03-25 18:49:06 +0000] [66] [INFO] Waiting for application startup.
[2026-03-25 18:49:06 +0000] [66] [INFO] Application startup complete.
[2026-03-25 18:49:06 +0000] [75] [INFO] Booting worker with pid: 75
[2026-03-25 18:49:06 +0000] [76] [INFO] Booting worker with pid: 76
[2026-03-25 18:49:06 +0000] [77] [INFO] Booting worker with pid: 77
[2026-03-25 18:49:06 +0000] [68] [INFO] Started server process [68]
[2026-03-25 18:49:06 +0000] [68] [INFO] Waiting for application startup.
[2026-03-25 18:49:06 +0000] [68] [INFO] Application startup complete.
[2026-03-25 18:49:06 +0000] [69] [INFO] Started server process [69]
[2026-03-25 18:49:06 +0000] [69] [INFO] Waiting for application startup.
[2026-03-25 18:49:06 +0000] [69] [INFO] Application startup complete.
[2026-03-25 18:49:06 +0000] [80] [INFO] Booting worker with pid: 80
[2026-03-25 18:49:06 +0000] [81] [INFO] Booting worker with pid: 81
[2026-03-25 18:49:06 +0000] [82] [INFO] Booting worker with pid: 82
[2026-03-25 18:49:06 +0000] [71] [INFO] Started server process [71]
[2026-03-25 18:49:06 +0000] [71] [INFO] Waiting for application startup.
[2026-03-25 18:49:06 +0000] [71] [INFO] Application startup complete.
[2026-03-25 18:49:06 +0000] [84] [INFO] Booting worker with pid: 84
[2026-03-25 18:49:06 +0000] [85] [INFO] Booting worker with pid: 85
[2026-03-25 18:49:06 +0000] [86] [INFO] Booting worker with pid: 86
[2026-03-25 18:49:06 +0000] [73] [INFO] Started server process [73]
[2026-03-25 18:49:06 +0000] [73] [INFO] Waiting for application startup.
[2026-03-25 18:49:06 +0000] [73] [INFO] Application startup complete.
[2026-03-25 18:49:06 +0000] [88] [INFO] Booting worker with pid: 88
[2026-03-25 18:49:06 +0000] [90] [INFO] Booting worker with pid: 90
[2026-03-25 18:49:06 +0000] [75] [INFO] Started server process [75]
[2026-03-25 18:49:06 +0000] [75] [INFO] Waiting for application startup.
[2026-03-25 18:49:06 +0000] [75] [INFO] Application startup complete.
[2026-03-25 18:49:06 +0000] [91] [INFO] Booting worker with pid: 91
[2026-03-25 18:49:06 +0000] [77] [INFO] Started server process [77]
[2026-03-25 18:49:06 +0000] [77] [INFO] Waiting for application startup.
[2026-03-25 18:49:06 +0000] [77] [INFO] Application startup complete.
[2026-03-25 18:49:06 +0000] [76] [INFO] Started server process [76]
[2026-03-25 18:49:06 +0000] [76] [INFO] Waiting for application startup.
[2026-03-25 18:49:06 +0000] [76] [INFO] Application startup complete.
[2026-03-25 18:49:06 +0000] [94] [INFO] Booting worker with pid: 94
[2026-03-25 18:49:06 +0000] [95] [INFO] Booting worker with pid: 95
[2026-03-25 18:49:06 +0000] [81] [INFO] Started server process [81]
[2026-03-25 18:49:06 +0000] [81] [INFO] Waiting for application startup.
[2026-03-25 18:49:06 +0000] [81] [INFO] Application startup complete.
[2026-03-25 18:49:06 +0000] [80] [INFO] Started server process [80]
[2026-03-25 18:49:06 +0000] [80] [INFO] Waiting for application startup.
[2026-03-25 18:49:06 +0000] [80] [INFO] Application startup complete.
[2026-03-25 18:49:06 +0000] [82] [INFO] Started server process [82]
[2026-03-25 18:49:06 +0000] [82] [INFO] Waiting for application startup.
[2026-03-25 18:49:06 +0000] [82] [INFO] Application startup complete.
[2026-03-25 18:49:06 +0000] [84] [INFO] Started server process [84]
[2026-03-25 18:49:06 +0000] [84] [INFO] Waiting for application startup.
[2026-03-25 18:49:06 +0000] [84] [INFO] Application startup complete.
[2026-03-25 18:49:06 +0000] [100] [INFO] Booting worker with pid: 100
[2026-03-25 18:49:06 +0000] [85] [INFO] Started server process [85]
[2026-03-25 18:49:06 +0000] [85] [INFO] Waiting for application startup.
[2026-03-25 18:49:06 +0000] [85] [INFO] Application startup complete.
[2026-03-25 18:49:06 +0000] [86] [INFO] Started server process [86]
[2026-03-25 18:49:06 +0000] [86] [INFO] Waiting for application startup.
[2026-03-25 18:49:06 +0000] [86] [INFO] Application startup complete.
[2026-03-25 18:49:06 +0000] [104] [INFO] Booting worker with pid: 104
[2026-03-25 18:49:06 +0000] [88] [INFO] Started server process [88]
[2026-03-25 18:49:06 +0000] [88] [INFO] Waiting for application startup.
[2026-03-25 18:49:06 +0000] [88] [INFO] Application startup complete.
[2026-03-25 18:49:06 +0000] [90] [INFO] Started server process [90]
[2026-03-25 18:49:06 +0000] [90] [INFO] Waiting for application startup.
[2026-03-25 18:49:06 +0000] [90] [INFO] Application startup complete.
[2026-03-25 18:49:06 +0000] [107] [INFO] Booting worker with pid: 107
[2026-03-25 18:49:06 +0000] [91] [INFO] Started server process [91]
[2026-03-25 18:49:06 +0000] [91] [INFO] Waiting for application startup.
[2026-03-25 18:49:06 +0000] [91] [INFO] Application startup complete.
[2026-03-25 18:49:06 +0000] [108] [INFO] Booting worker with pid: 108
[2026-03-25 18:49:06 +0000] [95] [INFO] Started server process [95]
[2026-03-25 18:49:06 +0000] [95] [INFO] Waiting for application startup.
[2026-03-25 18:49:06 +0000] [95] [INFO] Application startup complete.
[2026-03-25 18:49:06 +0000] [111] [INFO] Booting worker with pid: 111
[2026-03-25 18:49:06 +0000] [94] [INFO] Started server process [94]
[2026-03-25 18:49:06 +0000] [94] [INFO] Waiting for application startup.
[2026-03-25 18:49:06 +0000] [94] [INFO] Application startup complete.
[2026-03-25 18:49:06 +0000] [112] [INFO] Booting worker with pid: 112
[2026-03-25 18:49:07 +0000] [100] [INFO] Started server process [100]
[2026-03-25 18:49:07 +0000] [100] [INFO] Waiting for application startup.
[2026-03-25 18:49:07 +0000] [100] [INFO] Application startup complete.
[2026-03-25 18:49:07 +0000] [114] [INFO] Booting worker with pid: 114
[2026-03-25 18:49:07 +0000] [116] [INFO] Booting worker with pid: 116
[2026-03-25 18:49:07 +0000] [104] [INFO] Started server process [104]
[2026-03-25 18:49:07 +0000] [104] [INFO] Waiting for application startup.
[2026-03-25 18:49:07 +0000] [104] [INFO] Application startup complete.
[2026-03-25 18:49:07 +0000] [107] [INFO] Started server process [107]
[2026-03-25 18:49:07 +0000] [107] [INFO] Waiting for application startup.
[2026-03-25 18:49:07 +0000] [107] [INFO] Application startup complete.
[2026-03-25 18:49:07 +0000] [118] [INFO] Booting worker with pid: 118
[2026-03-25 18:49:07 +0000] [120] [INFO] Booting worker with pid: 120
[2026-03-25 18:49:07 +0000] [108] [INFO] Started server process [108]
[2026-03-25 18:49:07 +0000] [108] [INFO] Waiting for application startup.
[2026-03-25 18:49:07 +0000] [108] [INFO] Application startup complete.
[2026-03-25 18:49:07 +0000] [121] [INFO] Booting worker with pid: 121
[2026-03-25 18:49:07 +0000] [122] [INFO] Booting worker with pid: 122
[2026-03-25 18:49:07 +0000] [112] [INFO] Started server process [112]
[2026-03-25 18:49:07 +0000] [112] [INFO] Waiting for application startup.
[2026-03-25 18:49:07 +0000] [112] [INFO] Application startup complete.
[2026-03-25 18:49:07 +0000] [111] [INFO] Started server process [111]
[2026-03-25 18:49:07 +0000] [111] [INFO] Waiting for application startup.
[2026-03-25 18:49:07 +0000] [111] [INFO] Application startup complete.
[2026-03-25 18:49:07 +0000] [125] [INFO] Booting worker with pid: 125
[2026-03-25 18:49:07 +0000] [114] [INFO] Started server process [114]
[2026-03-25 18:49:07 +0000] [114] [INFO] Waiting for application startup.
[2026-03-25 18:49:07 +0000] [114] [INFO] Application startup complete.
[2026-03-25 18:49:07 +0000] [128] [INFO] Booting worker with pid: 128
[2026-03-25 18:49:07 +0000] [116] [INFO] Started server process [116]
[2026-03-25 18:49:07 +0000] [116] [INFO] Waiting for application startup.
[2026-03-25 18:49:07 +0000] [116] [INFO] Application startup complete.
[2026-03-25 18:49:07 +0000] [130] [INFO] Booting worker with pid: 130
[2026-03-25 18:49:07 +0000] [118] [INFO] Started server process [118]
[2026-03-25 18:49:07 +0000] [118] [INFO] Waiting for application startup.
[2026-03-25 18:49:07 +0000] [118] [INFO] Application startup complete.
[2026-03-25 18:49:07 +0000] [131] [INFO] Booting worker with pid: 131
[2026-03-25 18:49:07 +0000] [133] [INFO] Booting worker with pid: 133
[2026-03-25 18:49:07 +0000] [120] [INFO] Started server process [120]
[2026-03-25 18:49:07 +0000] [120] [INFO] Waiting for application startup.
[2026-03-25 18:49:07 +0000] [120] [INFO] Application startup complete.
[2026-03-25 18:49:07 +0000] [122] [INFO] Started server process [122]
[2026-03-25 18:49:07 +0000] [122] [INFO] Waiting for application startup.
[2026-03-25 18:49:07 +0000] [122] [INFO] Application startup complete.
[2026-03-25 18:49:07 +0000] [136] [INFO] Booting worker with pid: 136
[2026-03-25 18:49:07 +0000] [121] [INFO] Started server process [121]
[2026-03-25 18:49:07 +0000] [121] [INFO] Waiting for application startup.
[2026-03-25 18:49:07 +0000] [121] [INFO] Application startup complete.
[2026-03-25 18:49:07 +0000] [137] [INFO] Booting worker with pid: 137
[2026-03-25 18:49:07 +0000] [125] [INFO] Started server process [125]
[2026-03-25 18:49:07 +0000] [125] [INFO] Waiting for application startup.
[2026-03-25 18:49:07 +0000] [125] [INFO] Application startup complete.
[2026-03-25 18:49:07 +0000] [139] [INFO] Booting worker with pid: 139
[2026-03-25 18:49:07 +0000] [140] [INFO] Booting worker with pid: 140
[2026-03-25 18:49:07 +0000] [128] [INFO] Started server process [128]
[2026-03-25 18:49:07 +0000] [128] [INFO] Waiting for application startup.
[2026-03-25 18:49:07 +0000] [128] [INFO] Application startup complete.
[2026-03-25 18:49:07 +0000] [142] [INFO] Booting worker with pid: 142
[2026-03-25 18:49:07 +0000] [143] [INFO] Booting worker with pid: 143
[2026-03-25 18:49:07 +0000] [131] [INFO] Started server process [131]
[2026-03-25 18:49:07 +0000] [131] [INFO] Waiting for application startup.
[2026-03-25 18:49:07 +0000] [131] [INFO] Application startup complete.
[2026-03-25 18:49:07 +0000] [147] [INFO] Booting worker with pid: 147
[2026-03-25 18:49:07 +0000] [148] [INFO] Booting worker with pid: 148
[2026-03-25 18:49:07 +0000] [133] [INFO] Started server process [133]
[2026-03-25 18:49:07 +0000] [133] [INFO] Waiting for application startup.
[2026-03-25 18:49:07 +0000] [133] [INFO] Application startup complete.
[2026-03-25 18:49:07 +0000] [130] [INFO] Started server process [130]
[2026-03-25 18:49:07 +0000] [130] [INFO] Waiting for application startup.
[2026-03-25 18:49:07 +0000] [130] [INFO] Application startup complete.
[2026-03-25 18:49:07 +0000] [149] [INFO] Booting worker with pid: 149
[2026-03-25 18:49:07 +0000] [150] [INFO] Booting worker with pid: 150
[2026-03-25 18:49:08 +0000] [151] [INFO] Booting worker with pid: 151
[2026-03-25 18:49:08 +0000] [153] [INFO] Booting worker with pid: 153
[2026-03-25 18:49:08 +0000] [136] [INFO] Started server process [136]
[2026-03-25 18:49:08 +0000] [136] [INFO] Waiting for application startup.
[2026-03-25 18:49:08 +0000] [136] [INFO] Application startup complete.
[2026-03-25 18:49:08 +0000] [139] [INFO] Started server process [139]
[2026-03-25 18:49:08 +0000] [139] [INFO] Waiting for application startup.
[2026-03-25 18:49:08 +0000] [139] [INFO] Application startup complete.
[2026-03-25 18:49:08 +0000] [137] [INFO] Started server process [137]
[2026-03-25 18:49:08 +0000] [137] [INFO] Waiting for application startup.
[2026-03-25 18:49:08 +0000] [137] [INFO] Application startup complete.
[2026-03-25 18:49:08 +0000] [156] [INFO] Booting worker with pid: 156
[2026-03-25 18:49:08 +0000] [157] [INFO] Booting worker with pid: 157
[2026-03-25 18:49:08 +0000] [140] [INFO] Started server process [140]
[2026-03-25 18:49:08 +0000] [140] [INFO] Waiting for application startup.
[2026-03-25 18:49:08 +0000] [140] [INFO] Application startup complete.
[2026-03-25 18:49:08 +0000] [159] [INFO] Booting worker with pid: 159
[2026-03-25 18:49:08 +0000] [143] [INFO] Started server process [143]
[2026-03-25 18:49:08 +0000] [143] [INFO] Waiting for application startup.
[2026-03-25 18:49:08 +0000] [143] [INFO] Application startup complete.
[2026-03-25 18:49:08 +0000] [147] [INFO] Started server process [147]
[2026-03-25 18:49:08 +0000] [147] [INFO] Waiting for application startup.
[2026-03-25 18:49:08 +0000] [147] [INFO] Application startup complete.
[2026-03-25 18:49:08 +0000] [163] [INFO] Booting worker with pid: 163
[2026-03-25 18:49:08 +0000] [142] [INFO] Started server process [142]
[2026-03-25 18:49:08 +0000] [142] [INFO] Waiting for application startup.
[2026-03-25 18:49:08 +0000] [142] [INFO] Application startup complete.
[2026-03-25 18:49:08 +0000] [165] [INFO] Booting worker with pid: 165
[2026-03-25 18:49:08 +0000] [149] [INFO] Started server process [149]
[2026-03-25 18:49:08 +0000] [149] [INFO] Waiting for application startup.
[2026-03-25 18:49:08 +0000] [149] [INFO] Application startup complete.
[2026-03-25 18:49:08 +0000] [168] [INFO] Booting worker with pid: 168
[2026-03-25 18:49:08 +0000] [151] [INFO] Started server process [151]
[2026-03-25 18:49:08 +0000] [151] [INFO] Waiting for application startup.
[2026-03-25 18:49:08 +0000] [151] [INFO] Application startup complete.
[2026-03-25 18:49:08 +0000] [148] [INFO] Started server process [148]
[2026-03-25 18:49:08 +0000] [148] [INFO] Waiting for application startup.
[2026-03-25 18:49:08 +0000] [148] [INFO] Application startup complete.
[2026-03-25 18:49:08 +0000] [150] [INFO] Started server process [150]
[2026-03-25 18:49:08 +0000] [150] [INFO] Waiting for application startup.
[2026-03-25 18:49:08 +0000] [150] [INFO] Application startup complete.
[2026-03-25 18:49:08 +0000] [170] [INFO] Booting worker with pid: 170
[2026-03-25 18:49:08 +0000] [153] [INFO] Started server process [153]
[2026-03-25 18:49:08 +0000] [153] [INFO] Waiting for application startup.
[2026-03-25 18:49:08 +0000] [153] [INFO] Application startup complete.
[2026-03-25 18:49:08 +0000] [172] [INFO] Booting worker with pid: 172
[2026-03-25 18:49:08 +0000] [156] [INFO] Started server process [156]
[2026-03-25 18:49:08 +0000] [156] [INFO] Waiting for application startup.
[2026-03-25 18:49:08 +0000] [156] [INFO] Application startup complete.
[2026-03-25 18:49:08 +0000] [174] [INFO] Booting worker with pid: 174
[2026-03-25 18:49:08 +0000] [175] [INFO] Booting worker with pid: 175
[2026-03-25 18:49:08 +0000] [157] [INFO] Started server process [157]
[2026-03-25 18:49:08 +0000] [157] [INFO] Waiting for application startup.
[2026-03-25 18:49:08 +0000] [157] [INFO] Application startup complete.
[2026-03-25 18:49:08 +0000] [177] [INFO] Booting worker with pid: 177
[2026-03-25 18:49:08 +0000] [178] [INFO] Booting worker with pid: 178
[2026-03-25 18:49:08 +0000] [159] [INFO] Started server process [159]
[2026-03-25 18:49:08 +0000] [159] [INFO] Waiting for application startup.
[2026-03-25 18:49:08 +0000] [159] [INFO] Application startup complete.
[2026-03-25 18:49:08 +0000] [180] [INFO] Booting worker with pid: 180
[2026-03-25 18:49:08 +0000] [163] [INFO] Started server process [163]
[2026-03-25 18:49:08 +0000] [163] [INFO] Waiting for application startup.
[2026-03-25 18:49:08 +0000] [163] [INFO] Application startup complete.
[2026-03-25 18:49:08 +0000] [182] [INFO] Booting worker with pid: 182
[2026-03-25 18:49:08 +0000] [165] [INFO] Started server process [165]
[2026-03-25 18:49:08 +0000] [165] [INFO] Waiting for application startup.
[2026-03-25 18:49:08 +0000] [165] [INFO] Application startup complete.
[2026-03-25 18:49:08 +0000] [168] [INFO] Started server process [168]
[2026-03-25 18:49:08 +0000] [168] [INFO] Waiting for application startup.
[2026-03-25 18:49:08 +0000] [168] [INFO] Application startup complete.
[2026-03-25 18:49:08 +0000] [185] [INFO] Booting worker with pid: 185
[2026-03-25 18:49:09 +0000] [187] [INFO] Booting worker with pid: 187
[2026-03-25 18:49:09 +0000] [170] [INFO] Started server process [170]
[2026-03-25 18:49:09 +0000] [170] [INFO] Waiting for application startup.
[2026-03-25 18:49:09 +0000] [170] [INFO] Application startup complete.
[2026-03-25 18:49:09 +0000] [174] [INFO] Started server process [174]
[2026-03-25 18:49:09 +0000] [174] [INFO] Waiting for application startup.
[2026-03-25 18:49:09 +0000] [174] [INFO] Application startup complete.
[2026-03-25 18:49:09 +0000] [189] [INFO] Booting worker with pid: 189
[2026-03-25 18:49:09 +0000] [172] [INFO] Started server process [172]
[2026-03-25 18:49:09 +0000] [172] [INFO] Waiting for application startup.
[2026-03-25 18:49:09 +0000] [172] [INFO] Application startup complete.
[2026-03-25 18:49:09 +0000] [191] [INFO] Booting worker with pid: 191
[2026-03-25 18:49:09 +0000] [175] [INFO] Started server process [175]
[2026-03-25 18:49:09 +0000] [175] [INFO] Waiting for application startup.
[2026-03-25 18:49:09 +0000] [175] [INFO] Application startup complete.
[2026-03-25 18:49:09 +0000] [177] [INFO] Started server process [177]
[2026-03-25 18:49:09 +0000] [177] [INFO] Waiting for application startup.
[2026-03-25 18:49:09 +0000] [177] [INFO] Application startup complete.
[2026-03-25 18:49:09 +0000] [194] [INFO] Booting worker with pid: 194
[2026-03-25 18:49:09 +0000] [178] [INFO] Started server process [178]
[2026-03-25 18:49:09 +0000] [178] [INFO] Waiting for application startup.
[2026-03-25 18:49:09 +0000] [178] [INFO] Application startup complete.
[2026-03-25 18:49:09 +0000] [197] [INFO] Booting worker with pid: 197
[2026-03-25 18:49:09 +0000] [180] [INFO] Started server process [180]
[2026-03-25 18:49:09 +0000] [180] [INFO] Waiting for application startup.
[2026-03-25 18:49:09 +0000] [180] [INFO] Application startup complete.
[2026-03-25 18:49:09 +0000] [199] [INFO] Booting worker with pid: 199
[2026-03-25 18:49:09 +0000] [182] [INFO] Started server process [182]
[2026-03-25 18:49:09 +0000] [182] [INFO] Waiting for application startup.
[2026-03-25 18:49:09 +0000] [182] [INFO] Application startup complete.
[2026-03-25 18:49:09 +0000] [185] [INFO] Started server process [185]
[2026-03-25 18:49:09 +0000] [185] [INFO] Waiting for application startup.
[2026-03-25 18:49:09 +0000] [185] [INFO] Application startup complete.
[2026-03-25 18:49:09 +0000] [201] [INFO] Booting worker with pid: 201
[2026-03-25 18:49:09 +0000] [202] [INFO] Booting worker with pid: 202
[2026-03-25 18:49:09 +0000] [203] [INFO] Booting worker with pid: 203
[2026-03-25 18:49:09 +0000] [189] [INFO] Started server process [189]
[2026-03-25 18:49:09 +0000] [189] [INFO] Waiting for application startup.
[2026-03-25 18:49:09 +0000] [189] [INFO] Application startup complete.
[2026-03-25 18:49:09 +0000] [187] [INFO] Started server process [187]
[2026-03-25 18:49:09 +0000] [187] [INFO] Waiting for application startup.
[2026-03-25 18:49:09 +0000] [187] [INFO] Application startup complete.
[2026-03-25 18:49:09 +0000] [206] [INFO] Booting worker with pid: 206
[2026-03-25 18:49:09 +0000] [208] [INFO] Booting worker with pid: 208
[2026-03-25 18:49:09 +0000] [191] [INFO] Started server process [191]
[2026-03-25 18:49:09 +0000] [191] [INFO] Waiting for application startup.
[2026-03-25 18:49:09 +0000] [191] [INFO] Application startup complete.
[2026-03-25 18:49:09 +0000] [194] [INFO] Started server process [194]
[2026-03-25 18:49:09 +0000] [194] [INFO] Waiting for application startup.
[2026-03-25 18:49:09 +0000] [194] [INFO] Application startup complete.
[2026-03-25 18:49:09 +0000] [210] [INFO] Booting worker with pid: 210
[2026-03-25 18:49:09 +0000] [212] [INFO] Booting worker with pid: 212
[2026-03-25 18:49:09 +0000] [197] [INFO] Started server process [197]
[2026-03-25 18:49:09 +0000] [197] [INFO] Waiting for application startup.
[2026-03-25 18:49:09 +0000] [197] [INFO] Application startup complete.
[2026-03-25 18:49:09 +0000] [213] [INFO] Booting worker with pid: 213
[2026-03-25 18:49:09 +0000] [214] [INFO] Booting worker with pid: 214
[2026-03-25 18:49:10 +0000] [199] [INFO] Started server process [199]
[2026-03-25 18:49:10 +0000] [199] [INFO] Waiting for application startup.
[2026-03-25 18:49:10 +0000] [199] [INFO] Application startup complete.
[2026-03-25 18:49:10 +0000] [217] [INFO] Booting worker with pid: 217
[2026-03-25 18:49:10 +0000] [202] [INFO] Started server process [202]
[2026-03-25 18:49:10 +0000] [202] [INFO] Waiting for application startup.
[2026-03-25 18:49:10 +0000] [202] [INFO] Application startup complete.
[2026-03-25 18:49:10 +0000] [203] [INFO] Started server process [203]
[2026-03-25 18:49:10 +0000] [203] [INFO] Waiting for application startup.
[2026-03-25 18:49:10 +0000] [203] [INFO] Application startup complete.
[2026-03-25 18:49:10 +0000] [219] [INFO] Booting worker with pid: 219
[2026-03-25 18:49:10 +0000] [221] [INFO] Booting worker with pid: 221
[2026-03-25 18:49:10 +0000] [208] [INFO] Started server process [208]
[2026-03-25 18:49:10 +0000] [208] [INFO] Waiting for application startup.
[2026-03-25 18:49:10 +0000] [208] [INFO] Application startup complete.
[2026-03-25 18:49:10 +0000] [222] [INFO] Booting worker with pid: 222
[2026-03-25 18:49:10 +0000] [201] [INFO] Started server process [201]
[2026-03-25 18:49:10 +0000] [201] [INFO] Waiting for application startup.
[2026-03-25 18:49:10 +0000] [201] [INFO] Application startup complete.
[2026-03-25 18:49:10 +0000] [225] [INFO] Booting worker with pid: 225
[2026-03-25 18:49:10 +0000] [206] [INFO] Started server process [206]
[2026-03-25 18:49:10 +0000] [206] [INFO] Waiting for application startup.
[2026-03-25 18:49:10 +0000] [206] [INFO] Application startup complete.
[2026-03-25 18:49:10 +0000] [227] [INFO] Booting worker with pid: 227
[2026-03-25 18:49:10 +0000] [210] [INFO] Started server process [210]
[2026-03-25 18:49:10 +0000] [210] [INFO] Waiting for application startup.
[2026-03-25 18:49:10 +0000] [210] [INFO] Application startup complete.
[2026-03-25 18:49:10 +0000] [212] [INFO] Started server process [212]
[2026-03-25 18:49:10 +0000] [212] [INFO] Waiting for application startup.
[2026-03-25 18:49:10 +0000] [212] [INFO] Application startup complete.
[2026-03-25 18:49:10 +0000] [229] [INFO] Booting worker with pid: 229
[2026-03-25 18:49:10 +0000] [230] [INFO] Booting worker with pid: 230
[2026-03-25 18:49:10 +0000] [214] [INFO] Started server process [214]
[2026-03-25 18:49:10 +0000] [214] [INFO] Waiting for application startup.
[2026-03-25 18:49:10 +0000] [214] [INFO] Application startup complete.
[2026-03-25 18:49:10 +0000] [213] [INFO] Started server process [213]
[2026-03-25 18:49:10 +0000] [213] [INFO] Waiting for application startup.
[2026-03-25 18:49:10 +0000] [213] [INFO] Application startup complete.
[2026-03-25 18:49:10 +0000] [233] [INFO] Booting worker with pid: 233
[2026-03-25 18:49:10 +0000] [234] [INFO] Booting worker with pid: 234
[2026-03-25 18:49:10 +0000] [235] [INFO] Booting worker with pid: 235
[2026-03-25 18:49:10 +0000] [217] [INFO] Started server process [217]
[2026-03-25 18:49:10 +0000] [217] [INFO] Waiting for application startup.
[2026-03-25 18:49:10 +0000] [217] [INFO] Application startup complete.
[2026-03-25 18:49:10 +0000] [219] [INFO] Started server process [219]
[2026-03-25 18:49:10 +0000] [219] [INFO] Waiting for application startup.
[2026-03-25 18:49:10 +0000] [219] [INFO] Application startup complete.
[2026-03-25 18:49:10 +0000] [221] [INFO] Started server process [221]
[2026-03-25 18:49:10 +0000] [221] [INFO] Waiting for application startup.
[2026-03-25 18:49:10 +0000] [221] [INFO] Application startup complete.
[2026-03-25 18:49:10 +0000] [239] [INFO] Booting worker with pid: 239
[2026-03-25 18:49:10 +0000] [240] [INFO] Booting worker with pid: 240
[2026-03-25 18:49:10 +0000] [222] [INFO] Started server process [222]
[2026-03-25 18:49:10 +0000] [222] [INFO] Waiting for application startup.
[2026-03-25 18:49:10 +0000] [222] [INFO] Application startup complete.
[2026-03-25 18:49:10 +0000] [227] [INFO] Started server process [227]
[2026-03-25 18:49:10 +0000] [227] [INFO] Waiting for application startup.
[2026-03-25 18:49:10 +0000] [227] [INFO] Application startup complete.
[2026-03-25 18:49:10 +0000] [225] [INFO] Started server process [225]
[2026-03-25 18:49:10 +0000] [225] [INFO] Waiting for application startup.
[2026-03-25 18:49:10 +0000] [225] [INFO] Application startup complete.
[2026-03-25 18:49:10 +0000] [244] [INFO] Booting worker with pid: 244
[2026-03-25 18:49:10 +0000] [245] [INFO] Booting worker with pid: 245
[2026-03-25 18:49:10 +0000] [229] [INFO] Started server process [229]
[2026-03-25 18:49:10 +0000] [229] [INFO] Waiting for application startup.
[2026-03-25 18:49:10 +0000] [229] [INFO] Application startup complete.
[2026-03-25 18:49:10 +0000] [247] [INFO] Booting worker with pid: 247
[2026-03-25 18:49:10 +0000] [249] [INFO] Booting worker with pid: 249
[2026-03-25 18:49:10 +0000] [230] [INFO] Started server process [230]
[2026-03-25 18:49:10 +0000] [230] [INFO] Waiting for application startup.
[2026-03-25 18:49:10 +0000] [230] [INFO] Application startup complete.
[2026-03-25 18:49:10 +0000] [233] [INFO] Started server process [233]
[2026-03-25 18:49:10 +0000] [233] [INFO] Waiting for application startup.
[2026-03-25 18:49:10 +0000] [233] [INFO] Application startup complete.
[2026-03-25 18:49:10 +0000] [251] [INFO] Booting worker with pid: 251
[2026-03-25 18:49:10 +0000] [234] [INFO] Started server process [234]
[2026-03-25 18:49:10 +0000] [234] [INFO] Waiting for application startup.
[2026-03-25 18:49:10 +0000] [234] [INFO] Application startup complete.
[2026-03-25 18:49:10 +0000] [235] [INFO] Started server process [235]
[2026-03-25 18:49:10 +0000] [235] [INFO] Waiting for application startup.
[2026-03-25 18:49:10 +0000] [235] [INFO] Application startup complete.
[2026-03-25 18:49:10 +0000] [239] [INFO] Started server process [239]
[2026-03-25 18:49:10 +0000] [239] [INFO] Waiting for application startup.
[2026-03-25 18:49:10 +0000] [239] [INFO] Application startup complete.
[2026-03-25 18:49:10 +0000] [255] [INFO] Booting worker with pid: 255
[2026-03-25 18:49:10 +0000] [256] [INFO] Booting worker with pid: 256
[2026-03-25 18:49:10 +0000] [240] [INFO] Started server process [240]
[2026-03-25 18:49:10 +0000] [240] [INFO] Waiting for application startup.
[2026-03-25 18:49:10 +0000] [240] [INFO] Application startup complete.
[2026-03-25 18:49:10 +0000] [244] [INFO] Started server process [244]
[2026-03-25 18:49:10 +0000] [244] [INFO] Waiting for application startup.
[2026-03-25 18:49:10 +0000] [244] [INFO] Application startup complete.
[2026-03-25 18:49:10 +0000] [260] [INFO] Booting worker with pid: 260
[2026-03-25 18:49:10 +0000] [245] [INFO] Started server process [245]
[2026-03-25 18:49:10 +0000] [245] [INFO] Waiting for application startup.
[2026-03-25 18:49:10 +0000] [245] [INFO] Application startup complete.
[2026-03-25 18:49:10 +0000] [247] [INFO] Started server process [247]
[2026-03-25 18:49:10 +0000] [247] [INFO] Waiting for application startup.
[2026-03-25 18:49:10 +0000] [247] [INFO] Application startup complete.
[2026-03-25 18:49:10 +0000] [263] [INFO] Booting worker with pid: 263
[2026-03-25 18:49:10 +0000] [249] [INFO] Started server process [249]
[2026-03-25 18:49:10 +0000] [249] [INFO] Waiting for application startup.
[2026-03-25 18:49:10 +0000] [249] [INFO] Application startup complete.
[2026-03-25 18:49:10 +0000] [251] [INFO] Started server process [251]
[2026-03-25 18:49:10 +0000] [251] [INFO] Waiting for application startup.
[2026-03-25 18:49:10 +0000] [251] [INFO] Application startup complete.
[2026-03-25 18:49:11 +0000] [265] [INFO] Booting worker with pid: 265
[2026-03-25 18:49:11 +0000] [266] [INFO] Booting worker with pid: 266
[2026-03-25 18:49:11 +0000] [255] [INFO] Started server process [255]
[2026-03-25 18:49:11 +0000] [255] [INFO] Waiting for application startup.
[2026-03-25 18:49:11 +0000] [255] [INFO] Application startup complete.
[2026-03-25 18:49:11 +0000] [256] [INFO] Started server process [256]
[2026-03-25 18:49:11 +0000] [256] [INFO] Waiting for application startup.
[2026-03-25 18:49:11 +0000] [256] [INFO] Application startup complete.
[2026-03-25 18:49:11 +0000] [269] [INFO] Booting worker with pid: 269
[2026-03-25 18:49:11 +0000] [260] [INFO] Started server process [260]
[2026-03-25 18:49:11 +0000] [260] [INFO] Waiting for application startup.
[2026-03-25 18:49:11 +0000] [260] [INFO] Application startup complete.
[2026-03-25 18:49:11 +0000] [271] [INFO] Booting worker with pid: 271
[2026-03-25 18:49:11 +0000] [263] [INFO] Started server process [263]
[2026-03-25 18:49:11 +0000] [263] [INFO] Waiting for application startup.
[2026-03-25 18:49:11 +0000] [263] [INFO] Application startup complete.
[2026-03-25 18:49:11 +0000] [265] [INFO] Started server process [265]
[2026-03-25 18:49:11 +0000] [265] [INFO] Waiting for application startup.
[2026-03-25 18:49:11 +0000] [265] [INFO] Application startup complete.
[2026-03-25 18:49:11 +0000] [274] [INFO] Booting worker with pid: 274
[2026-03-25 18:49:11 +0000] [266] [INFO] Started server process [266]
[2026-03-25 18:49:11 +0000] [266] [INFO] Waiting for application startup.
[2026-03-25 18:49:11 +0000] [266] [INFO] Application startup complete.
[2026-03-25 18:49:11 +0000] [269] [INFO] Started server process [269]
[2026-03-25 18:49:11 +0000] [269] [INFO] Waiting for application startup.
[2026-03-25 18:49:11 +0000] [269] [INFO] Application startup complete.
[2026-03-25 18:49:11 +0000] [277] [INFO] Booting worker with pid: 277
[2026-03-25 18:49:11 +0000] [278] [INFO] Booting worker with pid: 278
[2026-03-25 18:49:11 +0000] [271] [INFO] Started server process [271]
[2026-03-25 18:49:11 +0000] [271] [INFO] Waiting for application startup.
[2026-03-25 18:49:11 +0000] [271] [INFO] Application startup complete.
[2026-03-25 18:49:11 +0000] [280] [INFO] Booting worker with pid: 280
[2026-03-25 18:49:11 +0000] [281] [INFO] Booting worker with pid: 281
[2026-03-25 18:49:11 +0000] [282] [INFO] Booting worker with pid: 282
[2026-03-25 18:49:11 +0000] [274] [INFO] Started server process [274]
[2026-03-25 18:49:11 +0000] [274] [INFO] Waiting for application startup.
[2026-03-25 18:49:11 +0000] [274] [INFO] Application startup complete.
[2026-03-25 18:49:11 +0000] [284] [INFO] Booting worker with pid: 284
[2026-03-25 18:49:11 +0000] [285] [INFO] Booting worker with pid: 285
[2026-03-25 18:49:11 +0000] [277] [INFO] Started server process [277]
[2026-03-25 18:49:11 +0000] [277] [INFO] Waiting for application startup.
[2026-03-25 18:49:11 +0000] [277] [INFO] Application startup complete.
[2026-03-25 18:49:11 +0000] [288] [INFO] Booting worker with pid: 288
[2026-03-25 18:49:11 +0000] [278] [INFO] Started server process [278]
[2026-03-25 18:49:11 +0000] [278] [INFO] Waiting for application startup.
[2026-03-25 18:49:11 +0000] [278] [INFO] Application startup complete.
[2026-03-25 18:49:11 +0000] [289] [INFO] Booting worker with pid: 289
[2026-03-25 18:49:11 +0000] [290] [INFO] Booting worker with pid: 290
[2026-03-25 18:49:11 +0000] [280] [INFO] Started server process [280]
[2026-03-25 18:49:11 +0000] [280] [INFO] Waiting for application startup.
[2026-03-25 18:49:11 +0000] [280] [INFO] Application startup complete.
[2026-03-25 18:49:11 +0000] [292] [INFO] Booting worker with pid: 292
[2026-03-25 18:49:11 +0000] [293] [INFO] Booting worker with pid: 293
[2026-03-25 18:49:11 +0000] [281] [INFO] Started server process [281]
[2026-03-25 18:49:11 +0000] [281] [INFO] Waiting for application startup.
[2026-03-25 18:49:11 +0000] [281] [INFO] Application startup complete.
[2026-03-25 18:49:11 +0000] [282] [INFO] Started server process [282]
[2026-03-25 18:49:11 +0000] [282] [INFO] Waiting for application startup.
[2026-03-25 18:49:11 +0000] [282] [INFO] Application startup complete.
[2026-03-25 18:49:11 +0000] [296] [INFO] Booting worker with pid: 296
[2026-03-25 18:49:11 +0000] [284] [INFO] Started server process [284]
[2026-03-25 18:49:11 +0000] [284] [INFO] Waiting for application startup.
[2026-03-25 18:49:11 +0000] [284] [INFO] Application startup complete.
[2026-03-25 18:49:11 +0000] [298] [INFO] Booting worker with pid: 298
[2026-03-25 18:49:11 +0000] [285] [INFO] Started server process [285]
[2026-03-25 18:49:11 +0000] [285] [INFO] Waiting for application startup.
[2026-03-25 18:49:11 +0000] [285] [INFO] Application startup complete.
[2026-03-25 18:49:11 +0000] [300] [INFO] Booting worker with pid: 300
[2026-03-25 18:49:11 +0000] [288] [INFO] Started server process [288]
[2026-03-25 18:49:11 +0000] [288] [INFO] Waiting for application startup.
[2026-03-25 18:49:11 +0000] [288] [INFO] Application startup complete.
[2026-03-25 18:49:11 +0000] [289] [INFO] Started server process [289]
[2026-03-25 18:49:11 +0000] [289] [INFO] Waiting for application startup.
[2026-03-25 18:49:11 +0000] [289] [INFO] Application startup complete.
[2026-03-25 18:49:11 +0000] [304] [INFO] Booting worker with pid: 304
[2026-03-25 18:49:11 +0000] [290] [INFO] Started server process [290]
[2026-03-25 18:49:11 +0000] [290] [INFO] Waiting for application startup.
[2026-03-25 18:49:11 +0000] [290] [INFO] Application startup complete.
[2026-03-25 18:49:11 +0000] [305] [INFO] Booting worker with pid: 305
[2026-03-25 18:49:11 +0000] [292] [INFO] Started server process [292]
[2026-03-25 18:49:11 +0000] [292] [INFO] Waiting for application startup.
[2026-03-25 18:49:11 +0000] [292] [INFO] Application startup complete.
[2026-03-25 18:49:12 +0000] [293] [INFO] Started server process [293]
[2026-03-25 18:49:12 +0000] [293] [INFO] Waiting for application startup.
[2026-03-25 18:49:12 +0000] [293] [INFO] Application startup complete.
[2026-03-25 18:49:12 +0000] [308] [INFO] Booting worker with pid: 308
[2026-03-25 18:49:12 +0000] [309] [INFO] Booting worker with pid: 309
[2026-03-25 18:49:12 +0000] [296] [INFO] Started server process [296]
[2026-03-25 18:49:12 +0000] [296] [INFO] Waiting for application startup.
[2026-03-25 18:49:12 +0000] [296] [INFO] Application startup complete.
[2026-03-25 18:49:12 +0000] [298] [INFO] Started server process [298]
[2026-03-25 18:49:12 +0000] [298] [INFO] Waiting for application startup.
[2026-03-25 18:49:12 +0000] [298] [INFO] Application startup complete.
[2026-03-25 18:49:12 +0000] [312] [INFO] Booting worker with pid: 312
[2026-03-25 18:49:12 +0000] [300] [INFO] Started server process [300]
[2026-03-25 18:49:12 +0000] [300] [INFO] Waiting for application startup.
[2026-03-25 18:49:12 +0000] [300] [INFO] Application startup complete.
[2026-03-25 18:49:12 +0000] [314] [INFO] Booting worker with pid: 314
[2026-03-25 18:49:12 +0000] [304] [INFO] Started server process [304]
[2026-03-25 18:49:12 +0000] [304] [INFO] Waiting for application startup.
[2026-03-25 18:49:12 +0000] [304] [INFO] Application startup complete.
[2026-03-25 18:49:12 +0000] [305] [INFO] Started server process [305]
[2026-03-25 18:49:12 +0000] [305] [INFO] Waiting for application startup.
[2026-03-25 18:49:12 +0000] [305] [INFO] Application startup complete.
[2026-03-25 18:49:12 +0000] [318] [INFO] Booting worker with pid: 318
[2026-03-25 18:49:12 +0000] [308] [INFO] Started server process [308]
[2026-03-25 18:49:12 +0000] [308] [INFO] Waiting for application startup.
[2026-03-25 18:49:12 +0000] [308] [INFO] Application startup complete.
[2026-03-25 18:49:12 +0000] [309] [INFO] Started server process [309]
[2026-03-25 18:49:12 +0000] [309] [INFO] Waiting for application startup.
[2026-03-25 18:49:12 +0000] [309] [INFO] Application startup complete.
[2026-03-25 18:49:12 +0000] [320] [INFO] Booting worker with pid: 320
[2026-03-25 18:49:12 +0000] [312] [INFO] Started server process [312]
[2026-03-25 18:49:12 +0000] [312] [INFO] Waiting for application startup.
[2026-03-25 18:49:12 +0000] [312] [INFO] Application startup complete.
[2026-03-25 18:49:12 +0000] [322] [INFO] Booting worker with pid: 322
[2026-03-25 18:49:12 +0000] [314] [INFO] Started server process [314]
[2026-03-25 18:49:12 +0000] [314] [INFO] Waiting for application startup.
[2026-03-25 18:49:12 +0000] [314] [INFO] Application startup complete.
[2026-03-25 18:49:12 +0000] [324] [INFO] Booting worker with pid: 324
[2026-03-25 18:49:12 +0000] [318] [INFO] Started server process [318]
[2026-03-25 18:49:12 +0000] [318] [INFO] Waiting for application startup.
[2026-03-25 18:49:12 +0000] [318] [INFO] Application startup complete.
[2026-03-25 18:49:12 +0000] [327] [INFO] Booting worker with pid: 327
[2026-03-25 18:49:12 +0000] [320] [INFO] Started server process [320]
[2026-03-25 18:49:12 +0000] [320] [INFO] Waiting for application startup.
[2026-03-25 18:49:12 +0000] [320] [INFO] Application startup complete.
[2026-03-25 18:49:12 +0000] [328] [INFO] Booting worker with pid: 328
[2026-03-25 18:49:12 +0000] [322] [INFO] Started server process [322]
[2026-03-25 18:49:12 +0000] [322] [INFO] Waiting for application startup.
[2026-03-25 18:49:12 +0000] [322] [INFO] Application startup complete.
[2026-03-25 18:49:12 +0000] [330] [INFO] Booting worker with pid: 330
[2026-03-25 18:49:12 +0000] [332] [INFO] Booting worker with pid: 332
[2026-03-25 18:49:12 +0000] [324] [INFO] Started server process [324]
[2026-03-25 18:49:12 +0000] [324] [INFO] Waiting for application startup.
[2026-03-25 18:49:12 +0000] [324] [INFO] Application startup complete.
[2026-03-25 18:49:12 +0000] [333] [INFO] Booting worker with pid: 333
[2026-03-25 18:49:12 +0000] [335] [INFO] Booting worker with pid: 335
[2026-03-25 18:49:12 +0000] [327] [INFO] Started server process [327]
[2026-03-25 18:49:12 +0000] [327] [INFO] Waiting for application startup.
[2026-03-25 18:49:12 +0000] [327] [INFO] Application startup complete.
[2026-03-25 18:49:12 +0000] [336] [INFO] Booting worker with pid: 336
[2026-03-25 18:49:12 +0000] [328] [INFO] Started server process [328]
[2026-03-25 18:49:12 +0000] [328] [INFO] Waiting for application startup.
[2026-03-25 18:49:12 +0000] [328] [INFO] Application startup complete.
[2026-03-25 18:49:12 +0000] [338] [INFO] Booting worker with pid: 338
[2026-03-25 18:49:13 +0000] [330] [INFO] Started server process [330]
[2026-03-25 18:49:13 +0000] [330] [INFO] Waiting for application startup.
[2026-03-25 18:49:13 +0000] [330] [INFO] Application startup complete.
[2026-03-25 18:49:13 +0000] [332] [INFO] Started server process [332]
[2026-03-25 18:49:13 +0000] [332] [INFO] Waiting for application startup.
[2026-03-25 18:49:13 +0000] [332] [INFO] Application startup complete.
[2026-03-25 18:49:13 +0000] [333] [INFO] Started server process [333]
[2026-03-25 18:49:13 +0000] [333] [INFO] Waiting for application startup.
[2026-03-25 18:49:13 +0000] [333] [INFO] Application startup complete.
[2026-03-25 18:49:13 +0000] [342] [INFO] Booting worker with pid: 342
[2026-03-25 18:49:13 +0000] [343] [INFO] Booting worker with pid: 343
[2026-03-25 18:49:13 +0000] [344] [INFO] Booting worker with pid: 344
[2026-03-25 18:49:13 +0000] [347] [INFO] Booting worker with pid: 347
[2026-03-25 18:49:13 +0000] [335] [INFO] Started server process [335]
[2026-03-25 18:49:13 +0000] [335] [INFO] Waiting for application startup.
[2026-03-25 18:49:13 +0000] [335] [INFO] Application startup complete.
[2026-03-25 18:49:13 +0000] [346] [INFO] Booting worker with pid: 346
[2026-03-25 18:49:13 +0000] [348] [INFO] Booting worker with pid: 348
[2026-03-25 18:49:13 +0000] [349] [INFO] Booting worker with pid: 349
[2026-03-25 18:49:13 +0000] [336] [INFO] Started server process [336]
[2026-03-25 18:49:13 +0000] [336] [INFO] Waiting for application startup.
[2026-03-25 18:49:13 +0000] [336] [INFO] Application startup complete.
[2026-03-25 18:49:13 +0000] [338] [INFO] Started server process [338]
[2026-03-25 18:49:13 +0000] [338] [INFO] Waiting for application startup.
[2026-03-25 18:49:13 +0000] [338] [INFO] Application startup complete.
[2026-03-25 18:49:13 +0000] [352] [INFO] Booting worker with pid: 352
[2026-03-25 18:49:13 +0000] [343] [INFO] Started server process [343]
[2026-03-25 18:49:13 +0000] [343] [INFO] Waiting for application startup.
[2026-03-25 18:49:13 +0000] [343] [INFO] Application startup complete.
[2026-03-25 18:49:13 +0000] [344] [INFO] Started server process [344]
[2026-03-25 18:49:13 +0000] [344] [INFO] Waiting for application startup.
[2026-03-25 18:49:13 +0000] [344] [INFO] Application startup complete.
[2026-03-25 18:49:13 +0000] [342] [INFO] Started server process [342]
[2026-03-25 18:49:13 +0000] [342] [INFO] Waiting for application startup.
[2026-03-25 18:49:13 +0000] [342] [INFO] Application startup complete.
[2026-03-25 18:49:13 +0000] [356] [INFO] Booting worker with pid: 356
[2026-03-25 18:49:13 +0000] [347] [INFO] Started server process [347]
[2026-03-25 18:49:13 +0000] [347] [INFO] Waiting for application startup.
[2026-03-25 18:49:13 +0000] [347] [INFO] Application startup complete.
[2026-03-25 18:49:13 +0000] [359] [INFO] Booting worker with pid: 359
[2026-03-25 18:49:13 +0000] [348] [INFO] Started server process [348]
[2026-03-25 18:49:13 +0000] [348] [INFO] Waiting for application startup.
[2026-03-25 18:49:13 +0000] [348] [INFO] Application startup complete.
[2026-03-25 18:49:13 +0000] [349] [INFO] Started server process [349]
[2026-03-25 18:49:13 +0000] [349] [INFO] Waiting for application startup.
[2026-03-25 18:49:13 +0000] [349] [INFO] Application startup complete.
[2026-03-25 18:49:13 +0000] [361] [INFO] Booting worker with pid: 361
[2026-03-25 18:49:13 +0000] [346] [INFO] Started server process [346]
[2026-03-25 18:49:13 +0000] [346] [INFO] Waiting for application startup.
[2026-03-25 18:49:13 +0000] [346] [INFO] Application startup complete.
[2026-03-25 18:49:13 +0000] [363] [INFO] Booting worker with pid: 363
[2026-03-25 18:49:13 +0000] [352] [INFO] Started server process [352]
[2026-03-25 18:49:13 +0000] [352] [INFO] Waiting for application startup.
[2026-03-25 18:49:13 +0000] [352] [INFO] Application startup complete.
[2026-03-25 18:49:13 +0000] [365] [INFO] Booting worker with pid: 365
[2026-03-25 18:49:13 +0000] [366] [INFO] Booting worker with pid: 366
[2026-03-25 18:49:13 +0000] [367] [INFO] Booting worker with pid: 367
[2026-03-25 18:49:13 +0000] [368] [INFO] Booting worker with pid: 368
[2026-03-25 18:49:13 +0000] [369] [INFO] Booting worker with pid: 369
[2026-03-25 18:49:13 +0000] [370] [INFO] Booting worker with pid: 370
[2026-03-25 18:49:13 +0000] [371] [INFO] Booting worker with pid: 371
[2026-03-25 18:49:14 +0000] [373] [INFO] Booting worker with pid: 373
[2026-03-25 18:49:14 +0000] [359] [INFO] Started server process [359]
[2026-03-25 18:49:14 +0000] [359] [INFO] Waiting for application startup.
[2026-03-25 18:49:14 +0000] [359] [INFO] Application startup complete.
[2026-03-25 18:49:14 +0000] [361] [INFO] Started server process [361]
[2026-03-25 18:49:14 +0000] [361] [INFO] Waiting for application startup.
[2026-03-25 18:49:14 +0000] [361] [INFO] Application startup complete.
[2026-03-25 18:49:14 +0000] [363] [INFO] Started server process [363]
[2026-03-25 18:49:14 +0000] [363] [INFO] Waiting for application startup.
[2026-03-25 18:49:14 +0000] [363] [INFO] Application startup complete.
[2026-03-25 18:49:14 +0000] [376] [INFO] Booting worker with pid: 376
[2026-03-25 18:49:14 +0000] [377] [INFO] Booting worker with pid: 377
[2026-03-25 18:49:14 +0000] [379] [INFO] Booting worker with pid: 379
[2026-03-25 18:49:14 +0000] [367] [INFO] Started server process [367]
[2026-03-25 18:49:14 +0000] [367] [INFO] Waiting for application startup.
[2026-03-25 18:49:14 +0000] [367] [INFO] Application startup complete.
[2026-03-25 18:49:14 +0000] [356] [INFO] Started server process [356]
[2026-03-25 18:49:14 +0000] [356] [INFO] Waiting for application startup.
[2026-03-25 18:49:14 +0000] [356] [INFO] Application startup complete.
[2026-03-25 18:49:14 +0000] [383] [INFO] Booting worker with pid: 383
[2026-03-25 18:49:14 +0000] [366] [INFO] Started server process [366]
[2026-03-25 18:49:14 +0000] [366] [INFO] Waiting for application startup.
[2026-03-25 18:49:14 +0000] [366] [INFO] Application startup complete.
[2026-03-25 18:49:14 +0000] [368] [INFO] Started server process [368]
[2026-03-25 18:49:14 +0000] [368] [INFO] Waiting for application startup.
[2026-03-25 18:49:14 +0000] [368] [INFO] Application startup complete.
[2026-03-25 18:49:14 +0000] [384] [INFO] Booting worker with pid: 384
[2026-03-25 18:49:14 +0000] [385] [INFO] Booting worker with pid: 385
[2026-03-25 18:49:14 +0000] [387] [INFO] Booting worker with pid: 387
[2026-03-25 18:49:14 +0000] [365] [INFO] Started server process [365]
[2026-03-25 18:49:14 +0000] [365] [INFO] Waiting for application startup.
[2026-03-25 18:49:14 +0000] [365] [INFO] Application startup complete.
[2026-03-25 18:49:14 +0000] [388] [INFO] Booting worker with pid: 388
[2026-03-25 18:49:14 +0000] [389] [INFO] Booting worker with pid: 389
[2026-03-25 18:49:14 +0000] [392] [INFO] Booting worker with pid: 392
[2026-03-25 18:49:14 +0000] [376] [INFO] Started server process [376]
[2026-03-25 18:49:14 +0000] [376] [INFO] Waiting for application startup.
[2026-03-25 18:49:14 +0000] [376] [INFO] Application startup complete.
[2026-03-25 18:49:14 +0000] [393] [INFO] Booting worker with pid: 393
[2026-03-25 18:49:14 +0000] [371] [INFO] Started server process [371]
[2026-03-25 18:49:14 +0000] [371] [INFO] Waiting for application startup.
[2026-03-25 18:49:14 +0000] [371] [INFO] Application startup complete.
[2026-03-25 18:49:14 +0000] [395] [INFO] Booting worker with pid: 395
[2026-03-25 18:49:14 +0000] [398] [INFO] Booting worker with pid: 398
[2026-03-25 18:49:14 +0000] [369] [INFO] Started server process [369]
[2026-03-25 18:49:14 +0000] [369] [INFO] Waiting for application startup.
[2026-03-25 18:49:14 +0000] [369] [INFO] Application startup complete.
[2026-03-25 18:49:14 +0000] [373] [INFO] Started server process [373]
[2026-03-25 18:49:14 +0000] [373] [INFO] Waiting for application startup.
[2026-03-25 18:49:14 +0000] [373] [INFO] Application startup complete.
[2026-03-25 18:49:14 +0000] [370] [INFO] Started server process [370]
[2026-03-25 18:49:14 +0000] [370] [INFO] Waiting for application startup.
[2026-03-25 18:49:14 +0000] [370] [INFO] Application startup complete.
[2026-03-25 18:49:14 +0000] [377] [INFO] Started server process [377]
[2026-03-25 18:49:14 +0000] [377] [INFO] Waiting for application startup.
[2026-03-25 18:49:14 +0000] [377] [INFO] Application startup complete.
[2026-03-25 18:49:14 +0000] [400] [INFO] Booting worker with pid: 400
[2026-03-25 18:49:14 +0000] [402] [INFO] Booting worker with pid: 402
[2026-03-25 18:49:14 +0000] [383] [INFO] Started server process [383]
[2026-03-25 18:49:14 +0000] [383] [INFO] Waiting for application startup.
[2026-03-25 18:49:14 +0000] [383] [INFO] Application startup complete.
[2026-03-25 18:49:14 +0000] [403] [INFO] Booting worker with pid: 403
[2026-03-25 18:49:15 +0000] [404] [INFO] Booting worker with pid: 404
[2026-03-25 18:49:15 +0000] [406] [INFO] Booting worker with pid: 406
[2026-03-25 18:49:15 +0000] [379] [INFO] Started server process [379]
[2026-03-25 18:49:15 +0000] [379] [INFO] Waiting for application startup.
[2026-03-25 18:49:15 +0000] [379] [INFO] Application startup complete.
[2026-03-25 18:49:15 +0000] [409] [INFO] Booting worker with pid: 409
[2026-03-25 18:49:15 +0000] [385] [INFO] Started server process [385]
[2026-03-25 18:49:15 +0000] [385] [INFO] Waiting for application startup.
[2026-03-25 18:49:15 +0000] [385] [INFO] Application startup complete.
[2026-03-25 18:49:15 +0000] [410] [INFO] Booting worker with pid: 410
[2026-03-25 18:49:15 +0000] [388] [INFO] Started server process [388]
[2026-03-25 18:49:15 +0000] [388] [INFO] Waiting for application startup.
[2026-03-25 18:49:15 +0000] [388] [INFO] Application startup complete.
[2026-03-25 18:49:15 +0000] [412] [INFO] Booting worker with pid: 412
[2026-03-25 18:49:15 +0000] [414] [INFO] Booting worker with pid: 414
[2026-03-25 18:49:15 +0000] [384] [INFO] Started server process [384]
[2026-03-25 18:49:15 +0000] [384] [INFO] Waiting for application startup.
[2026-03-25 18:49:15 +0000] [393] [INFO] Started server process [393]
[2026-03-25 18:49:15 +0000] [384] [INFO] Application startup complete.
[2026-03-25 18:49:15 +0000] [393] [INFO] Waiting for application startup.
[2026-03-25 18:49:15 +0000] [393] [INFO] Application startup complete.
[2026-03-25 18:49:15 +0000] [398] [INFO] Started server process [398]
[2026-03-25 18:49:15 +0000] [398] [INFO] Waiting for application startup.
[2026-03-25 18:49:15 +0000] [398] [INFO] Application startup complete.
[2026-03-25 18:49:15 +0000] [418] [INFO] Booting worker with pid: 418
[2026-03-25 18:49:15 +0000] [395] [INFO] Started server process [395]
[2026-03-25 18:49:15 +0000] [395] [INFO] Waiting for application startup.
[2026-03-25 18:49:15 +0000] [395] [INFO] Application startup complete.
[2026-03-25 18:49:15 +0000] [387] [INFO] Started server process [387]
[2026-03-25 18:49:15 +0000] [387] [INFO] Waiting for application startup.
[2026-03-25 18:49:15 +0000] [387] [INFO] Application startup complete.
[2026-03-25 18:49:15 +0000] [420] [INFO] Booting worker with pid: 420
[2026-03-25 18:49:15 +0000] [392] [INFO] Started server process [392]
[2026-03-25 18:49:15 +0000] [392] [INFO] Waiting for application startup.
[2026-03-25 18:49:15 +0000] [392] [INFO] Application startup complete.
[2026-03-25 18:49:15 +0000] [421] [INFO] Booting worker with pid: 421
[2026-03-25 18:49:15 +0000] [422] [INFO] Booting worker with pid: 422
[2026-03-25 18:49:15 +0000] [404] [INFO] Started server process [404]
[2026-03-25 18:49:15 +0000] [404] [INFO] Waiting for application startup.
[2026-03-25 18:49:15 +0000] [404] [INFO] Application startup complete.
[2026-03-25 18:49:15 +0000] [425] [INFO] Booting worker with pid: 425
[2026-03-25 18:49:15 +0000] [409] [INFO] Started server process [409]
[2026-03-25 18:49:15 +0000] [409] [INFO] Waiting for application startup.
[2026-03-25 18:49:15 +0000] [409] [INFO] Application startup complete.
[2026-03-25 18:49:15 +0000] [426] [INFO] Booting worker with pid: 426
[2026-03-25 18:49:15 +0000] [389] [INFO] Started server process [389]
[2026-03-25 18:49:15 +0000] [389] [INFO] Waiting for application startup.
[2026-03-25 18:49:15 +0000] [389] [INFO] Application startup complete.
[2026-03-25 18:49:15 +0000] [428] [INFO] Booting worker with pid: 428
[2026-03-25 18:49:15 +0000] [410] [INFO] Started server process [410]
[2026-03-25 18:49:15 +0000] [410] [INFO] Waiting for application startup.
[2026-03-25 18:49:15 +0000] [410] [INFO] Application startup complete.
[2026-03-25 18:49:15 +0000] [406] [INFO] Started server process [406]
[2026-03-25 18:49:15 +0000] [406] [INFO] Waiting for application startup.
[2026-03-25 18:49:15 +0000] [406] [INFO] Application startup complete.
[2026-03-25 18:49:15 +0000] [431] [INFO] Booting worker with pid: 431
[2026-03-25 18:49:15 +0000] [403] [INFO] Started server process [403]
[2026-03-25 18:49:15 +0000] [403] [INFO] Waiting for application startup.
[2026-03-25 18:49:15 +0000] [403] [INFO] Application startup complete.
[2026-03-25 18:49:15 +0000] [434] [INFO] Booting worker with pid: 434
[2026-03-25 18:49:15 +0000] [435] [INFO] Booting worker with pid: 435
[2026-03-25 18:49:16 +0000] [402] [INFO] Started server process [402]
[2026-03-25 18:49:16 +0000] [402] [INFO] Waiting for application startup.
[2026-03-25 18:49:16 +0000] [402] [INFO] Application startup complete.
[2026-03-25 18:49:16 +0000] [436] [INFO] Booting worker with pid: 436
[2026-03-25 18:49:16 +0000] [414] [INFO] Started server process [414]
[2026-03-25 18:49:16 +0000] [414] [INFO] Waiting for application startup.
[2026-03-25 18:49:16 +0000] [414] [INFO] Application startup complete.
[2026-03-25 18:49:16 +0000] [439] [INFO] Booting worker with pid: 439
[2026-03-25 18:49:16 +0000] [441] [INFO] Booting worker with pid: 441
[2026-03-25 18:49:16 +0000] [412] [INFO] Started server process [412]
[2026-03-25 18:49:16 +0000] [412] [INFO] Waiting for application startup.
[2026-03-25 18:49:16 +0000] [412] [INFO] Application startup complete.
[2026-03-25 18:49:16 +0000] [418] [INFO] Started server process [418]
[2026-03-25 18:49:16 +0000] [418] [INFO] Waiting for application startup.
[2026-03-25 18:49:16 +0000] [418] [INFO] Application startup complete.
[2026-03-25 18:49:16 +0000] [421] [INFO] Started server process [421]
[2026-03-25 18:49:16 +0000] [421] [INFO] Waiting for application startup.
[2026-03-25 18:49:16 +0000] [421] [INFO] Application startup complete.
[2026-03-25 18:49:16 +0000] [443] [INFO] Booting worker with pid: 443
[2026-03-25 18:49:16 +0000] [425] [INFO] Started server process [425]
[2026-03-25 18:49:16 +0000] [425] [INFO] Waiting for application startup.
[2026-03-25 18:49:16 +0000] [425] [INFO] Application startup complete.
[2026-03-25 18:49:16 +0000] [445] [INFO] Booting worker with pid: 445
[2026-03-25 18:49:16 +0000] [426] [INFO] Started server process [426]
[2026-03-25 18:49:16 +0000] [426] [INFO] Waiting for application startup.
[2026-03-25 18:49:16 +0000] [426] [INFO] Application startup complete.
[2026-03-25 18:49:16 +0000] [448] [INFO] Booting worker with pid: 448
[2026-03-25 18:49:16 +0000] [400] [INFO] Started server process [400]
[2026-03-25 18:49:16 +0000] [400] [INFO] Waiting for application startup.
[2026-03-25 18:49:16 +0000] [400] [INFO] Application startup complete.
[2026-03-25 18:49:16 +0000] [450] [INFO] Booting worker with pid: 450
[2026-03-25 18:49:16 +0000] [451] [INFO] Booting worker with pid: 451
[2026-03-25 18:49:16 +0000] [420] [INFO] Started server process [420]
[2026-03-25 18:49:16 +0000] [420] [INFO] Waiting for application startup.
[2026-03-25 18:49:16 +0000] [420] [INFO] Application startup complete.
[2026-03-25 18:49:16 +0000] [452] [INFO] Booting worker with pid: 452
[2026-03-25 18:49:16 +0000] [453] [INFO] Booting worker with pid: 453
[2026-03-25 18:49:16 +0000] [454] [INFO] Booting worker with pid: 454
[2026-03-25 18:49:16 +0000] [456] [INFO] Booting worker with pid: 456
[2026-03-25 18:49:16 +0000] [457] [INFO] Booting worker with pid: 457
[2026-03-25 18:49:16 +0000] [458] [INFO] Booting worker with pid: 458
[2026-03-25 18:49:16 +0000] [428] [INFO] Started server process [428]
[2026-03-25 18:49:16 +0000] [428] [INFO] Waiting for application startup.
[2026-03-25 18:49:16 +0000] [428] [INFO] Application startup complete.
[2026-03-25 18:49:16 +0000] [461] [INFO] Booting worker with pid: 461
[2026-03-25 18:49:16 +0000] [422] [INFO] Started server process [422]
[2026-03-25 18:49:16 +0000] [422] [INFO] Waiting for application startup.
[2026-03-25 18:49:16 +0000] [422] [INFO] Application startup complete.
[2026-03-25 18:49:16 +0000] [436] [INFO] Started server process [436]
[2026-03-25 18:49:16 +0000] [436] [INFO] Waiting for application startup.
[2026-03-25 18:49:16 +0000] [436] [INFO] Application startup complete.
[2026-03-25 18:49:16 +0000] [462] [INFO] Booting worker with pid: 462
[2026-03-25 18:49:16 +0000] [463] [INFO] Booting worker with pid: 463
[2026-03-25 18:49:16 +0000] [439] [INFO] Started server process [439]
[2026-03-25 18:49:16 +0000] [439] [INFO] Waiting for application startup.
[2026-03-25 18:49:16 +0000] [439] [INFO] Application startup complete.
[2026-03-25 18:49:16 +0000] [466] [INFO] Booting worker with pid: 466
[2026-03-25 18:49:16 +0000] [443] [INFO] Started server process [443]
[2026-03-25 18:49:16 +0000] [443] [INFO] Waiting for application startup.
[2026-03-25 18:49:16 +0000] [443] [INFO] Application startup complete.
[2026-03-25 18:49:16 +0000] [431] [INFO] Started server process [431]
[2026-03-25 18:49:16 +0000] [431] [INFO] Waiting for application startup.
[2026-03-25 18:49:16 +0000] [431] [INFO] Application startup complete.
[2026-03-25 18:49:16 +0000] [470] [INFO] Booting worker with pid: 470
[2026-03-25 18:49:16 +0000] [441] [INFO] Started server process [441]
[2026-03-25 18:49:16 +0000] [441] [INFO] Waiting for application startup.
[2026-03-25 18:49:16 +0000] [441] [INFO] Application startup complete.
[2026-03-25 18:49:16 +0000] [435] [INFO] Started server process [435]
[2026-03-25 18:49:16 +0000] [435] [INFO] Waiting for application startup.
[2026-03-25 18:49:16 +0000] [435] [INFO] Application startup complete.
[2026-03-25 18:49:17 +0000] [472] [INFO] Booting worker with pid: 472
[2026-03-25 18:49:17 +0000] [434] [INFO] Started server process [434]
[2026-03-25 18:49:17 +0000] [434] [INFO] Waiting for application startup.
[2026-03-25 18:49:17 +0000] [434] [INFO] Application startup complete.
[2026-03-25 18:49:17 +0000] [473] [INFO] Booting worker with pid: 473
[2026-03-25 18:49:17 +0000] [474] [INFO] Booting worker with pid: 474
[2026-03-25 18:49:17 +0000] [477] [INFO] Booting worker with pid: 477
[2026-03-25 18:49:17 +0000] [448] [INFO] Started server process [448]
[2026-03-25 18:49:17 +0000] [448] [INFO] Waiting for application startup.
[2026-03-25 18:49:17 +0000] [448] [INFO] Application startup complete.
[2026-03-25 18:49:17 +0000] [452] [INFO] Started server process [452]
[2026-03-25 18:49:17 +0000] [452] [INFO] Waiting for application startup.
[2026-03-25 18:49:17 +0000] [452] [INFO] Application startup complete.
[2026-03-25 18:49:17 +0000] [456] [INFO] Started server process [456]
[2026-03-25 18:49:17 +0000] [456] [INFO] Waiting for application startup.
[2026-03-25 18:49:17 +0000] [456] [INFO] Application startup complete.
[2026-03-25 18:49:17 +0000] [451] [INFO] Started server process [451]
[2026-03-25 18:49:17 +0000] [451] [INFO] Waiting for application startup.
[2026-03-25 18:49:17 +0000] [451] [INFO] Application startup complete.
[2026-03-25 18:49:17 +0000] [453] [INFO] Started server process [453]
[2026-03-25 18:49:17 +0000] [453] [INFO] Waiting for application startup.
[2026-03-25 18:49:17 +0000] [453] [INFO] Application startup complete.
[2026-03-25 18:49:17 +0000] [454] [INFO] Started server process [454]
[2026-03-25 18:49:17 +0000] [454] [INFO] Waiting for application startup.
[2026-03-25 18:49:17 +0000] [454] [INFO] Application startup complete.
[2026-03-25 18:49:17 +0000] [482] [INFO] Booting worker with pid: 482
[2026-03-25 18:49:17 +0000] [483] [INFO] Booting worker with pid: 483
[2026-03-25 18:49:17 +0000] [445] [INFO] Started server process [445]
[2026-03-25 18:49:17 +0000] [445] [INFO] Waiting for application startup.
[2026-03-25 18:49:17 +0000] [445] [INFO] Application startup complete.
[2026-03-25 18:49:17 +0000] [485] [INFO] Booting worker with pid: 485
[2026-03-25 18:49:17 +0000] [486] [INFO] Booting worker with pid: 486
[2026-03-25 18:49:17 +0000] [487] [INFO] Booting worker with pid: 487
[2026-03-25 18:49:17 +0000] [488] [INFO] Booting worker with pid: 488
[2026-03-25 18:49:17 +0000] [491] [INFO] Booting worker with pid: 491
[2026-03-25 18:49:17 +0000] [458] [INFO] Started server process [458]
[2026-03-25 18:49:17 +0000] [458] [INFO] Waiting for application startup.
[2026-03-25 18:49:17 +0000] [458] [INFO] Application startup complete.
[2026-03-25 18:49:17 +0000] [461] [INFO] Started server process [461]
[2026-03-25 18:49:17 +0000] [461] [INFO] Waiting for application startup.
[2026-03-25 18:49:17 +0000] [461] [INFO] Application startup complete.
[2026-03-25 18:49:17 +0000] [492] [INFO] Booting worker with pid: 492
[2026-03-25 18:49:17 +0000] [494] [INFO] Booting worker with pid: 494
[2026-03-25 18:49:17 +0000] [457] [INFO] Started server process [457]
[2026-03-25 18:49:17 +0000] [457] [INFO] Waiting for application startup.
[2026-03-25 18:49:17 +0000] [457] [INFO] Application startup complete.
[2026-03-25 18:49:17 +0000] [450] [INFO] Started server process [450]
[2026-03-25 18:49:17 +0000] [450] [INFO] Waiting for application startup.
[2026-03-25 18:49:17 +0000] [450] [INFO] Application startup complete.
[2026-03-25 18:49:17 +0000] [466] [INFO] Started server process [466]
[2026-03-25 18:49:17 +0000] [466] [INFO] Waiting for application startup.
[2026-03-25 18:49:17 +0000] [466] [INFO] Application startup complete.
[2026-03-25 18:49:17 +0000] [470] [INFO] Started server process [470]
[2026-03-25 18:49:17 +0000] [470] [INFO] Waiting for application startup.
[2026-03-25 18:49:17 +0000] [470] [INFO] Application startup complete.
[2026-03-25 18:49:17 +0000] [498] [INFO] Booting worker with pid: 498
[2026-03-25 18:49:17 +0000] [462] [INFO] Started server process [462]
[2026-03-25 18:49:17 +0000] [462] [INFO] Waiting for application startup.
[2026-03-25 18:49:17 +0000] [462] [INFO] Application startup complete.
[2026-03-25 18:49:17 +0000] [473] [INFO] Started server process [473]
[2026-03-25 18:49:17 +0000] [473] [INFO] Waiting for application startup.
[2026-03-25 18:49:17 +0000] [473] [INFO] Application startup complete.
[2026-03-25 18:49:17 +0000] [474] [INFO] Started server process [474]
[2026-03-25 18:49:17 +0000] [474] [INFO] Waiting for application startup.
[2026-03-25 18:49:17 +0000] [474] [INFO] Application startup complete.
[2026-03-25 18:49:17 +0000] [483] [INFO] Started server process [483]
[2026-03-25 18:49:17 +0000] [483] [INFO] Waiting for application startup.
[2026-03-25 18:49:17 +0000] [483] [INFO] Application startup complete.
[2026-03-25 18:49:17 +0000] [482] [INFO] Started server process [482]
[2026-03-25 18:49:17 +0000] [482] [INFO] Waiting for application startup.
[2026-03-25 18:49:17 +0000] [482] [INFO] Application startup complete.
[2026-03-25 18:49:17 +0000] [472] [INFO] Started server process [472]
[2026-03-25 18:49:17 +0000] [472] [INFO] Waiting for application startup.
[2026-03-25 18:49:17 +0000] [472] [INFO] Application startup complete.
[2026-03-25 18:49:17 +0000] [463] [INFO] Started server process [463]
[2026-03-25 18:49:17 +0000] [463] [INFO] Waiting for application startup.
[2026-03-25 18:49:17 +0000] [463] [INFO] Application startup complete.
[2026-03-25 18:49:17 +0000] [506] [INFO] Booting worker with pid: 506
[2026-03-25 18:49:17 +0000] [486] [INFO] Started server process [486]
[2026-03-25 18:49:17 +0000] [486] [INFO] Waiting for application startup.
[2026-03-25 18:49:17 +0000] [486] [INFO] Application startup complete.
[2026-03-25 18:49:17 +0000] [477] [INFO] Started server process [477]
[2026-03-25 18:49:17 +0000] [477] [INFO] Waiting for application startup.
[2026-03-25 18:49:17 +0000] [477] [INFO] Application startup complete.
[2026-03-25 18:49:17 +0000] [485] [INFO] Started server process [485]
[2026-03-25 18:49:17 +0000] [485] [INFO] Waiting for application startup.
[2026-03-25 18:49:17 +0000] [485] [INFO] Application startup complete.
[2026-03-25 18:49:17 +0000] [488] [INFO] Started server process [488]
[2026-03-25 18:49:17 +0000] [488] [INFO] Waiting for application startup.
[2026-03-25 18:49:17 +0000] [488] [INFO] Application startup complete.
[2026-03-25 18:49:17 +0000] [487] [INFO] Started server process [487]
[2026-03-25 18:49:17 +0000] [487] [INFO] Waiting for application startup.
[2026-03-25 18:49:17 +0000] [487] [INFO] Application startup complete.
[2026-03-25 18:49:17 +0000] [513] [INFO] Booting worker with pid: 513
[2026-03-25 18:49:17 +0000] [492] [INFO] Started server process [492]
[2026-03-25 18:49:17 +0000] [492] [INFO] Waiting for application startup.
[2026-03-25 18:49:17 +0000] [492] [INFO] Application startup complete.
[2026-03-25 18:49:17 +0000] [491] [INFO] Started server process [491]
[2026-03-25 18:49:17 +0000] [491] [INFO] Waiting for application startup.
[2026-03-25 18:49:17 +0000] [491] [INFO] Application startup complete.
[2026-03-25 18:49:17 +0000] [494] [INFO] Started server process [494]
[2026-03-25 18:49:17 +0000] [494] [INFO] Waiting for application startup.
[2026-03-25 18:49:17 +0000] [494] [INFO] Application startup complete.
[2026-03-25 18:49:17 +0000] [498] [INFO] Started server process [498]
[2026-03-25 18:49:17 +0000] [498] [INFO] Waiting for application startup.
[2026-03-25 18:49:17 +0000] [498] [INFO] Application startup complete.
[2026-03-25 18:49:18 +0000] [506] [INFO] Started server process [506]
[2026-03-25 18:49:18 +0000] [506] [INFO] Waiting for application startup.
[2026-03-25 18:49:18 +0000] [506] [INFO] Application startup complete.
[2026-03-25 18:49:18 +0000] [513] [INFO] Started server process [513]
[2026-03-25 18:49:18 +0000] [513] [INFO] Waiting for application startup.
[2026-03-25 18:49:18 +0000] [513] [INFO] Application startup complete.
