INFO: Listening on port 8080
INFO: Starting up Iodine:
 * Iodine 5.2.1
 * Ruby 4.0.2
 * facil.io 0.7.4 (epoll)
 * 127 Workers X 1 Threads per worker.
 * Maximum 131056 open files / sockets per worker.
 * Master (root) process: 1.

INFO: Server is running 127 workers X 1 thread with facil.io 0.7.4 (epoll)
* Detected capacity: 131056 open file limit
* Root pid: 1
* Press ^C to stop

/usr/local/bundle/gems/rage-rb-1.22.1/lib/rage/middleware/fiber_wrapper.rb:11: warning: Scheduler should implement #fiber_interrupt
INFO: 9 is running.
/usr/local/bundle/gems/rage-rb-1.22.1/lib/rage/middleware/fiber_wrapper.rb:11: warning: Scheduler should implement #fiber_interrupt
INFO: 13 is running.
/usr/local/bundle/gems/rage-rb-1.22.1/lib/rage/middleware/fiber_wrapper.rb:11: warning: Scheduler should implement #fiber_interrupt
INFO: 17 is running.
/usr/local/bundle/gems/rage-rb-1.22.1/lib/rage/middleware/fiber_wrapper.rb:11: warning: Scheduler should implement #fiber_interrupt
INFO: 21 is running.
/usr/local/bundle/gems/rage-rb-1.22.1/lib/rage/middleware/fiber_wrapper.rb:11: warning: Scheduler should implement #fiber_interrupt
INFO: 25 is running.
/usr/local/bundle/gems/rage-rb-1.22.1/lib/rage/middleware/fiber_wrapper.rb:11: warning: Scheduler should implement #fiber_interrupt
INFO: 30 is running.
/usr/local/bundle/gems/rage-rb-1.22.1/lib/rage/middleware/fiber_wrapper.rb:11: warning: Scheduler should implement #fiber_interrupt
INFO: 35 is running.
/usr/local/bundle/gems/rage-rb-1.22.1/lib/rage/middleware/fiber_wrapper.rb:11: warning: Scheduler should implement #fiber_interrupt
INFO: 39 is running.
/usr/local/bundle/gems/rage-rb-1.22.1/lib/rage/middleware/fiber_wrapper.rb:11: warning: Scheduler should implement #fiber_interrupt
INFO: 44 is running.
/usr/local/bundle/gems/rage-rb-1.22.1/lib/rage/middleware/fiber_wrapper.rb:11: warning: Scheduler should implement #fiber_interrupt
INFO: 49 is running.
/usr/local/bundle/gems/rage-rb-1.22.1/lib/rage/middleware/fiber_wrapper.rb:11: warning: Scheduler should implement #fiber_interrupt
INFO: 54 is running.
/usr/local/bundle/gems/rage-rb-1.22.1/lib/rage/middleware/fiber_wrapper.rb:11: warning: Scheduler should implement #fiber_interrupt
INFO: 59 is running.
/usr/local/bundle/gems/rage-rb-1.22.1/lib/rage/middleware/fiber_wrapper.rb:11: warning: Scheduler should implement #fiber_interrupt
INFO: 69 is running.
/usr/local/bundle/gems/rage-rb-1.22.1/lib/rage/middleware/fiber_wrapper.rb:11: warning: Scheduler should implement #fiber_interrupt
INFO: 73 is running.
/usr/local/bundle/gems/rage-rb-1.22.1/lib/rage/middleware/fiber_wrapper.rb:11: warning: Scheduler should implement #fiber_interrupt
INFO: 77 is running.
/usr/local/bundle/gems/rage-rb-1.22.1/lib/rage/middleware/fiber_wrapper.rb:11: warning: Scheduler should implement #fiber_interrupt
INFO: 81 is running.
/usr/local/bundle/gems/rage-rb-1.22.1/lib/rage/middleware/fiber_wrapper.rb:11: warning: Scheduler should implement #fiber_interrupt
INFO: 85 is running.
/usr/local/bundle/gems/rage-rb-1.22.1/lib/rage/middleware/fiber_wrapper.rb:11: warning: Scheduler should implement #fiber_interrupt
INFO: 90 is running.
/usr/local/bundle/gems/rage-rb-1.22.1/lib/rage/middleware/fiber_wrapper.rb:11: warning: Scheduler should implement #fiber_interrupt
INFO: 95 is running.
/usr/local/bundle/gems/rage-rb-1.22.1/lib/rage/middleware/fiber_wrapper.rb:11: warning: Scheduler should implement #fiber_interrupt
INFO: 100 is running.
/usr/local/bundle/gems/rage-rb-1.22.1/lib/rage/middleware/fiber_wrapper.rb:11: warning: Scheduler should implement #fiber_interrupt
INFO: 106 is running.
/usr/local/bundle/gems/rage-rb-1.22.1/lib/rage/middleware/fiber_wrapper.rb:11: warning: Scheduler should implement #fiber_interrupt
INFO: 110 is running.
/usr/local/bundle/gems/rage-rb-1.22.1/lib/rage/middleware/fiber_wrapper.rb:11: warning: Scheduler should implement #fiber_interrupt
INFO: 116 is running.
/usr/local/bundle/gems/rage-rb-1.22.1/lib/rage/middleware/fiber_wrapper.rb:11: warning: Scheduler should implement #fiber_interrupt
INFO: 121 is running.
/usr/local/bundle/gems/rage-rb-1.22.1/lib/rage/middleware/fiber_wrapper.rb:11: warning: Scheduler should implement #fiber_interrupt
INFO: 126 is running.
/usr/local/bundle/gems/rage-rb-1.22.1/lib/rage/middleware/fiber_wrapper.rb:11: warning: Scheduler should implement #fiber_interrupt
INFO: 131 is running.
/usr/local/bundle/gems/rage-rb-1.22.1/lib/rage/middleware/fiber_wrapper.rb:11: warning: Scheduler should implement #fiber_interrupt
INFO: 135 is running.
/usr/local/bundle/gems/rage-rb-1.22.1/lib/rage/middleware/fiber_wrapper.rb:11: warning: Scheduler should implement #fiber_interrupt
INFO: 140 is running.
/usr/local/bundle/gems/rage-rb-1.22.1/lib/rage/middleware/fiber_wrapper.rb:11: warning: Scheduler should implement #fiber_interrupt
INFO: 145 is running.
/usr/local/bundle/gems/rage-rb-1.22.1/lib/rage/middleware/fiber_wrapper.rb:11: warning: Scheduler should implement #fiber_interrupt
INFO: 151 is running.
/usr/local/bundle/gems/rage-rb-1.22.1/lib/rage/middleware/fiber_wrapper.rb:11: warning: Scheduler should implement #fiber_interrupt
INFO: 156 is running.
/usr/local/bundle/gems/rage-rb-1.22.1/lib/rage/middleware/fiber_wrapper.rb:11: warning: Scheduler should implement #fiber_interrupt
INFO: 161 is running.
/usr/local/bundle/gems/rage-rb-1.22.1/lib/rage/middleware/fiber_wrapper.rb:11: warning: Scheduler should implement #fiber_interrupt
INFO: 166 is running.
/usr/local/bundle/gems/rage-rb-1.22.1/lib/rage/middleware/fiber_wrapper.rb:11: warning: Scheduler should implement #fiber_interrupt
INFO: 171 is running.
/usr/local/bundle/gems/rage-rb-1.22.1/lib/rage/middleware/fiber_wrapper.rb:11: warning: Scheduler should implement #fiber_interrupt
INFO: 176 is running.
/usr/local/bundle/gems/rage-rb-1.22.1/lib/rage/middleware/fiber_wrapper.rb:11: warning: Scheduler should implement #fiber_interrupt
INFO: 181 is running.
/usr/local/bundle/gems/rage-rb-1.22.1/lib/rage/middleware/fiber_wrapper.rb:11: warning: Scheduler should implement #fiber_interrupt
INFO: 186 is running.
/usr/local/bundle/gems/rage-rb-1.22.1/lib/rage/middleware/fiber_wrapper.rb:11: warning: Scheduler should implement #fiber_interrupt
INFO: 191 is running.
/usr/local/bundle/gems/rage-rb-1.22.1/lib/rage/middleware/fiber_wrapper.rb:11: warning: Scheduler should implement #fiber_interrupt
INFO: 196 is running.
/usr/local/bundle/gems/rage-rb-1.22.1/lib/rage/middleware/fiber_wrapper.rb:11: warning: Scheduler should implement #fiber_interrupt
INFO: 201 is running.
/usr/local/bundle/gems/rage-rb-1.22.1/lib/rage/middleware/fiber_wrapper.rb:11: warning: Scheduler should implement #fiber_interrupt
INFO: 205 is running.
/usr/local/bundle/gems/rage-rb-1.22.1/lib/rage/middleware/fiber_wrapper.rb:11: warning: Scheduler should implement #fiber_interrupt
INFO: 210 is running.
/usr/local/bundle/gems/rage-rb-1.22.1/lib/rage/middleware/fiber_wrapper.rb:11: warning: Scheduler should implement #fiber_interrupt
INFO: 215 is running.
/usr/local/bundle/gems/rage-rb-1.22.1/lib/rage/middleware/fiber_wrapper.rb:11: warning: Scheduler should implement #fiber_interrupt
INFO: 220 is running.
/usr/local/bundle/gems/rage-rb-1.22.1/lib/rage/middleware/fiber_wrapper.rb:11: warning: Scheduler should implement #fiber_interrupt
INFO: 225 is running.
/usr/local/bundle/gems/rage-rb-1.22.1/lib/rage/middleware/fiber_wrapper.rb:11: warning: Scheduler should implement #fiber_interrupt
INFO: 230 is running.
/usr/local/bundle/gems/rage-rb-1.22.1/lib/rage/middleware/fiber_wrapper.rb:11: warning: Scheduler should implement #fiber_interrupt
INFO: 235 is running.
/usr/local/bundle/gems/rage-rb-1.22.1/lib/rage/middleware/fiber_wrapper.rb:11: warning: Scheduler should implement #fiber_interrupt
INFO: 240 is running.
/usr/local/bundle/gems/rage-rb-1.22.1/lib/rage/middleware/fiber_wrapper.rb:11: warning: Scheduler should implement #fiber_interrupt
INFO: 246 is running.
/usr/local/bundle/gems/rage-rb-1.22.1/lib/rage/middleware/fiber_wrapper.rb:11: warning: Scheduler should implement #fiber_interrupt
INFO: 251 is running.
/usr/local/bundle/gems/rage-rb-1.22.1/lib/rage/middleware/fiber_wrapper.rb:11: warning: Scheduler should implement #fiber_interrupt
INFO: 256 is running.
/usr/local/bundle/gems/rage-rb-1.22.1/lib/rage/middleware/fiber_wrapper.rb:11: warning: Scheduler should implement #fiber_interrupt
INFO: 261 is running.
/usr/local/bundle/gems/rage-rb-1.22.1/lib/rage/middleware/fiber_wrapper.rb:11: warning: Scheduler should implement #fiber_interrupt
INFO: 266 is running.
/usr/local/bundle/gems/rage-rb-1.22.1/lib/rage/middleware/fiber_wrapper.rb:11: warning: Scheduler should implement #fiber_interrupt
INFO: 271 is running.
/usr/local/bundle/gems/rage-rb-1.22.1/lib/rage/middleware/fiber_wrapper.rb:11: warning: Scheduler should implement #fiber_interrupt
INFO: 276 is running.
/usr/local/bundle/gems/rage-rb-1.22.1/lib/rage/middleware/fiber_wrapper.rb:11: warning: Scheduler should implement #fiber_interrupt
INFO: 281 is running.
/usr/local/bundle/gems/rage-rb-1.22.1/lib/rage/middleware/fiber_wrapper.rb:11: warning: Scheduler should implement #fiber_interrupt
INFO: 286 is running.
/usr/local/bundle/gems/rage-rb-1.22.1/lib/rage/middleware/fiber_wrapper.rb:11: warning: Scheduler should implement #fiber_interrupt
INFO: 291 is running.
/usr/local/bundle/gems/rage-rb-1.22.1/lib/rage/middleware/fiber_wrapper.rb:11: warning: Scheduler should implement #fiber_interrupt
INFO: 299 is running.
/usr/local/bundle/gems/rage-rb-1.22.1/lib/rage/middleware/fiber_wrapper.rb:11: warning: Scheduler should implement #fiber_interrupt
INFO: 303 is running.
/usr/local/bundle/gems/rage-rb-1.22.1/lib/rage/middleware/fiber_wrapper.rb:11: warning: Scheduler should implement #fiber_interrupt
INFO: 307 is running.
/usr/local/bundle/gems/rage-rb-1.22.1/lib/rage/middleware/fiber_wrapper.rb:11: warning: Scheduler should implement #fiber_interrupt
INFO: 311 is running.
/usr/local/bundle/gems/rage-rb-1.22.1/lib/rage/middleware/fiber_wrapper.rb:11: warning: Scheduler should implement #fiber_interrupt
INFO: 316 is running.
/usr/local/bundle/gems/rage-rb-1.22.1/lib/rage/middleware/fiber_wrapper.rb:11: warning: Scheduler should implement #fiber_interrupt
INFO: 321 is running.
/usr/local/bundle/gems/rage-rb-1.22.1/lib/rage/middleware/fiber_wrapper.rb:11: warning: Scheduler should implement #fiber_interrupt
INFO: 326 is running.
/usr/local/bundle/gems/rage-rb-1.22.1/lib/rage/middleware/fiber_wrapper.rb:11: warning: Scheduler should implement #fiber_interrupt
INFO: 331 is running.
/usr/local/bundle/gems/rage-rb-1.22.1/lib/rage/middleware/fiber_wrapper.rb:11: warning: Scheduler should implement #fiber_interrupt
INFO: 336 is running.
/usr/local/bundle/gems/rage-rb-1.22.1/lib/rage/middleware/fiber_wrapper.rb:11: warning: Scheduler should implement #fiber_interrupt
INFO: 341 is running.
/usr/local/bundle/gems/rage-rb-1.22.1/lib/rage/middleware/fiber_wrapper.rb:11: warning: Scheduler should implement #fiber_interrupt
INFO: 349 is running.
/usr/local/bundle/gems/rage-rb-1.22.1/lib/rage/middleware/fiber_wrapper.rb:11: warning: Scheduler should implement #fiber_interrupt
INFO: 353 is running.
/usr/local/bundle/gems/rage-rb-1.22.1/lib/rage/middleware/fiber_wrapper.rb:11: warning: Scheduler should implement #fiber_interrupt
INFO: 357 is running.
/usr/local/bundle/gems/rage-rb-1.22.1/lib/rage/middleware/fiber_wrapper.rb:11: warning: Scheduler should implement #fiber_interrupt
INFO: 362 is running.
/usr/local/bundle/gems/rage-rb-1.22.1/lib/rage/middleware/fiber_wrapper.rb:11: warning: Scheduler should implement #fiber_interrupt
INFO: 367 is running.
/usr/local/bundle/gems/rage-rb-1.22.1/lib/rage/middleware/fiber_wrapper.rb:11: warning: Scheduler should implement #fiber_interrupt
INFO: 372 is running.
/usr/local/bundle/gems/rage-rb-1.22.1/lib/rage/middleware/fiber_wrapper.rb:11: warning: Scheduler should implement #fiber_interrupt
INFO: 377 is running.
/usr/local/bundle/gems/rage-rb-1.22.1/lib/rage/middleware/fiber_wrapper.rb:11: warning: Scheduler should implement #fiber_interrupt
INFO: 381 is running.
/usr/local/bundle/gems/rage-rb-1.22.1/lib/rage/middleware/fiber_wrapper.rb:11: warning: Scheduler should implement #fiber_interrupt
INFO: 386 is running.
/usr/local/bundle/gems/rage-rb-1.22.1/lib/rage/middleware/fiber_wrapper.rb:11: warning: Scheduler should implement #fiber_interrupt
INFO: 392 is running.
/usr/local/bundle/gems/rage-rb-1.22.1/lib/rage/middleware/fiber_wrapper.rb:11: warning: Scheduler should implement #fiber_interrupt
INFO: 397 is running.
/usr/local/bundle/gems/rage-rb-1.22.1/lib/rage/middleware/fiber_wrapper.rb:11: warning: Scheduler should implement #fiber_interrupt
INFO: 402 is running.
/usr/local/bundle/gems/rage-rb-1.22.1/lib/rage/middleware/fiber_wrapper.rb:11: warning: Scheduler should implement #fiber_interrupt
INFO: 407 is running.
/usr/local/bundle/gems/rage-rb-1.22.1/lib/rage/middleware/fiber_wrapper.rb:11: warning: Scheduler should implement #fiber_interrupt
INFO: 412 is running.
/usr/local/bundle/gems/rage-rb-1.22.1/lib/rage/middleware/fiber_wrapper.rb:11: warning: Scheduler should implement #fiber_interrupt
INFO: 417 is running.
/usr/local/bundle/gems/rage-rb-1.22.1/lib/rage/middleware/fiber_wrapper.rb:11: warning: Scheduler should implement #fiber_interrupt
INFO: 422 is running.
/usr/local/bundle/gems/rage-rb-1.22.1/lib/rage/middleware/fiber_wrapper.rb:11: warning: Scheduler should implement #fiber_interrupt
INFO: 427 is running.
/usr/local/bundle/gems/rage-rb-1.22.1/lib/rage/middleware/fiber_wrapper.rb:11: warning: Scheduler should implement #fiber_interrupt
INFO: 432 is running.
/usr/local/bundle/gems/rage-rb-1.22.1/lib/rage/middleware/fiber_wrapper.rb:11: warning: Scheduler should implement #fiber_interrupt
INFO: 437 is running.
/usr/local/bundle/gems/rage-rb-1.22.1/lib/rage/middleware/fiber_wrapper.rb:11: warning: Scheduler should implement #fiber_interrupt
INFO: 442 is running.
/usr/local/bundle/gems/rage-rb-1.22.1/lib/rage/middleware/fiber_wrapper.rb:11: warning: Scheduler should implement #fiber_interrupt
INFO: 447 is running.
/usr/local/bundle/gems/rage-rb-1.22.1/lib/rage/middleware/fiber_wrapper.rb:11: warning: Scheduler should implement #fiber_interrupt
INFO: 452 is running.
/usr/local/bundle/gems/rage-rb-1.22.1/lib/rage/middleware/fiber_wrapper.rb:11: warning: Scheduler should implement #fiber_interrupt
INFO: 457 is running.
/usr/local/bundle/gems/rage-rb-1.22.1/lib/rage/middleware/fiber_wrapper.rb:11: warning: Scheduler should implement #fiber_interrupt
INFO: 462 is running.
/usr/local/bundle/gems/rage-rb-1.22.1/lib/rage/middleware/fiber_wrapper.rb:11: warning: Scheduler should implement #fiber_interrupt
INFO: 467 is running.
/usr/local/bundle/gems/rage-rb-1.22.1/lib/rage/middleware/fiber_wrapper.rb:11: warning: Scheduler should implement #fiber_interrupt
INFO: 472 is running.
/usr/local/bundle/gems/rage-rb-1.22.1/lib/rage/middleware/fiber_wrapper.rb:11: warning: Scheduler should implement #fiber_interrupt
INFO: 477 is running.
/usr/local/bundle/gems/rage-rb-1.22.1/lib/rage/middleware/fiber_wrapper.rb:11: warning: Scheduler should implement #fiber_interrupt
INFO: 482 is running.
/usr/local/bundle/gems/rage-rb-1.22.1/lib/rage/middleware/fiber_wrapper.rb:11: warning: Scheduler should implement #fiber_interrupt
INFO: 487 is running.
/usr/local/bundle/gems/rage-rb-1.22.1/lib/rage/middleware/fiber_wrapper.rb:11: warning: Scheduler should implement #fiber_interrupt
INFO: 492 is running.
/usr/local/bundle/gems/rage-rb-1.22.1/lib/rage/middleware/fiber_wrapper.rb:11: warning: Scheduler should implement #fiber_interrupt
INFO: 497 is running.
/usr/local/bundle/gems/rage-rb-1.22.1/lib/rage/middleware/fiber_wrapper.rb:11: warning: Scheduler should implement #fiber_interrupt
INFO: 502 is running.
/usr/local/bundle/gems/rage-rb-1.22.1/lib/rage/middleware/fiber_wrapper.rb:11: warning: Scheduler should implement #fiber_interrupt
INFO: 507 is running.
/usr/local/bundle/gems/rage-rb-1.22.1/lib/rage/middleware/fiber_wrapper.rb:11: warning: Scheduler should implement #fiber_interrupt
INFO: 512 is running.
/usr/local/bundle/gems/rage-rb-1.22.1/lib/rage/middleware/fiber_wrapper.rb:11: warning: Scheduler should implement #fiber_interrupt
INFO: 517 is running.
/usr/local/bundle/gems/rage-rb-1.22.1/lib/rage/middleware/fiber_wrapper.rb:11: warning: Scheduler should implement #fiber_interrupt
INFO: 522 is running.
/usr/local/bundle/gems/rage-rb-1.22.1/lib/rage/middleware/fiber_wrapper.rb:11: warning: Scheduler should implement #fiber_interrupt
INFO: 527 is running.
/usr/local/bundle/gems/rage-rb-1.22.1/lib/rage/middleware/fiber_wrapper.rb:11: warning: Scheduler should implement #fiber_interrupt
INFO: 532 is running.
/usr/local/bundle/gems/rage-rb-1.22.1/lib/rage/middleware/fiber_wrapper.rb:11: warning: Scheduler should implement #fiber_interrupt
INFO: 537 is running.
/usr/local/bundle/gems/rage-rb-1.22.1/lib/rage/middleware/fiber_wrapper.rb:11: warning: Scheduler should implement #fiber_interrupt
INFO: 542 is running.
/usr/local/bundle/gems/rage-rb-1.22.1/lib/rage/middleware/fiber_wrapper.rb:11: warning: Scheduler should implement #fiber_interrupt
INFO: 547 is running.
/usr/local/bundle/gems/rage-rb-1.22.1/lib/rage/middleware/fiber_wrapper.rb:11: warning: Scheduler should implement #fiber_interrupt
INFO: 552 is running.
/usr/local/bundle/gems/rage-rb-1.22.1/lib/rage/middleware/fiber_wrapper.rb:11: warning: Scheduler should implement #fiber_interrupt
INFO: 557 is running.
/usr/local/bundle/gems/rage-rb-1.22.1/lib/rage/middleware/fiber_wrapper.rb:11: warning: Scheduler should implement #fiber_interrupt
/usr/local/bundle/gems/rage-rb-1.22.1/lib/rage/middleware/fiber_wrapper.rb:11: warning: Scheduler should implement #fiber_interrupt
INFO: 567 is running.
/usr/local/bundle/gems/rage-rb-1.22.1/lib/rage/middleware/fiber_wrapper.rb:11: warning: Scheduler should implement #fiber_interrupt
INFO: 572 is running.
INFO: 562 is running.
/usr/local/bundle/gems/rage-rb-1.22.1/lib/rage/middleware/fiber_wrapper.rb:11: warning: Scheduler should implement #fiber_interrupt
/usr/local/bundle/gems/rage-rb-1.22.1/lib/rage/middleware/fiber_wrapper.rb:11: warning: Scheduler should implement #fiber_interrupt
INFO: 588 is running.
INFO: 577 is running.
/usr/local/bundle/gems/rage-rb-1.22.1/lib/rage/middleware/fiber_wrapper.rb:11: warning: Scheduler should implement #fiber_interrupt
INFO: 592 is running.
/usr/local/bundle/gems/rage-rb-1.22.1/lib/rage/middleware/fiber_wrapper.rb:11: warning: Scheduler should implement #fiber_interrupt
INFO: 596 is running.
/usr/local/bundle/gems/rage-rb-1.22.1/lib/rage/middleware/fiber_wrapper.rb:11: warning: Scheduler should implement #fiber_interrupt
INFO: 601 is running.
/usr/local/bundle/gems/rage-rb-1.22.1/lib/rage/middleware/fiber_wrapper.rb:11: warning: Scheduler should implement #fiber_interrupt
INFO: 582 is running.
/usr/local/bundle/gems/rage-rb-1.22.1/lib/rage/middleware/fiber_wrapper.rb:11: warning: Scheduler should implement #fiber_interrupt
INFO: 606 is running.
/usr/local/bundle/gems/rage-rb-1.22.1/lib/rage/middleware/fiber_wrapper.rb:11: warning: Scheduler should implement #fiber_interrupt
INFO: 612 is running.
/usr/local/bundle/gems/rage-rb-1.22.1/lib/rage/middleware/fiber_wrapper.rb:11: warning: Scheduler should implement #fiber_interrupt
INFO: 618 is running.
/usr/local/bundle/gems/rage-rb-1.22.1/lib/rage/middleware/fiber_wrapper.rb:11: warning: Scheduler should implement #fiber_interrupt
INFO: 623 is running.
/usr/local/bundle/gems/rage-rb-1.22.1/lib/rage/middleware/fiber_wrapper.rb:11: warning: Scheduler should implement #fiber_interrupt
INFO: 627 is running.
/usr/local/bundle/gems/rage-rb-1.22.1/lib/rage/middleware/fiber_wrapper.rb:11: warning: Scheduler should implement #fiber_interrupt
INFO: 632 is running.
/usr/local/bundle/gems/rage-rb-1.22.1/lib/rage/middleware/fiber_wrapper.rb:11: warning: Scheduler should implement #fiber_interrupt
INFO: 637 is running.
