[2026-04-04 07:25:50 +0000] [1] [INFO] Starting gunicorn 23.0.0
[2026-04-04 07:25:50 +0000] [1] [INFO] Listening at: http://0.0.0.0:8080 (1)
[2026-04-04 07:25:50 +0000] [1] [INFO] Using worker: uvicorn.workers.UvicornWorker
[2026-04-04 07:25:50 +0000] [7] [INFO] Booting worker with pid: 7
[2026-04-04 07:25:50 +0000] [8] [INFO] Booting worker with pid: 8
[2026-04-04 07:25:50 +0000] [10] [INFO] Booting worker with pid: 10
[2026-04-04 07:25:50 +0000] [7] [INFO] Started server process [7]
[2026-04-04 07:25:50 +0000] [7] [INFO] Waiting for application startup.
[2026-04-04 07:25:50 +0000] [7] [INFO] Application startup complete.
[2026-04-04 07:25:50 +0000] [8] [INFO] Started server process [8]
[2026-04-04 07:25:50 +0000] [8] [INFO] Waiting for application startup.
[2026-04-04 07:25:50 +0000] [8] [INFO] Application startup complete.
[2026-04-04 07:25:50 +0000] [10] [INFO] Started server process [10]
[2026-04-04 07:25:50 +0000] [10] [INFO] Waiting for application startup.
[2026-04-04 07:25:50 +0000] [10] [INFO] Application startup complete.
[2026-04-04 07:25:50 +0000] [13] [INFO] Booting worker with pid: 13
[2026-04-04 07:25:50 +0000] [14] [INFO] Booting worker with pid: 14
[2026-04-04 07:25:50 +0000] [15] [INFO] Booting worker with pid: 15
[2026-04-04 07:25:50 +0000] [13] [INFO] Started server process [13]
[2026-04-04 07:25:50 +0000] [13] [INFO] Waiting for application startup.
[2026-04-04 07:25:50 +0000] [13] [INFO] Application startup complete.
[2026-04-04 07:25:50 +0000] [19] [INFO] Booting worker with pid: 19
[2026-04-04 07:25:50 +0000] [14] [INFO] Started server process [14]
[2026-04-04 07:25:50 +0000] [14] [INFO] Waiting for application startup.
[2026-04-04 07:25:50 +0000] [14] [INFO] Application startup complete.
[2026-04-04 07:25:50 +0000] [15] [INFO] Started server process [15]
[2026-04-04 07:25:50 +0000] [15] [INFO] Waiting for application startup.
[2026-04-04 07:25:50 +0000] [15] [INFO] Application startup complete.
[2026-04-04 07:25:50 +0000] [20] [INFO] Booting worker with pid: 20
[2026-04-04 07:25:50 +0000] [21] [INFO] Booting worker with pid: 21
[2026-04-04 07:25:51 +0000] [19] [INFO] Started server process [19]
[2026-04-04 07:25:51 +0000] [19] [INFO] Waiting for application startup.
[2026-04-04 07:25:51 +0000] [19] [INFO] Application startup complete.
[2026-04-04 07:25:51 +0000] [23] [INFO] Booting worker with pid: 23
[2026-04-04 07:25:51 +0000] [24] [INFO] Booting worker with pid: 24
[2026-04-04 07:25:51 +0000] [20] [INFO] Started server process [20]
[2026-04-04 07:25:51 +0000] [20] [INFO] Waiting for application startup.
[2026-04-04 07:25:51 +0000] [20] [INFO] Application startup complete.
[2026-04-04 07:25:51 +0000] [21] [INFO] Started server process [21]
[2026-04-04 07:25:51 +0000] [21] [INFO] Waiting for application startup.
[2026-04-04 07:25:51 +0000] [21] [INFO] Application startup complete.
[2026-04-04 07:25:51 +0000] [23] [INFO] Started server process [23]
[2026-04-04 07:25:51 +0000] [23] [INFO] Waiting for application startup.
[2026-04-04 07:25:51 +0000] [23] [INFO] Application startup complete.
[2026-04-04 07:25:51 +0000] [29] [INFO] Booting worker with pid: 29
[2026-04-04 07:25:51 +0000] [24] [INFO] Started server process [24]
[2026-04-04 07:25:51 +0000] [24] [INFO] Waiting for application startup.
[2026-04-04 07:25:51 +0000] [24] [INFO] Application startup complete.
[2026-04-04 07:25:51 +0000] [30] [INFO] Booting worker with pid: 30
[2026-04-04 07:25:51 +0000] [29] [INFO] Started server process [29]
[2026-04-04 07:25:51 +0000] [29] [INFO] Waiting for application startup.
[2026-04-04 07:25:51 +0000] [29] [INFO] Application startup complete.
[2026-04-04 07:25:51 +0000] [32] [INFO] Booting worker with pid: 32
[2026-04-04 07:25:51 +0000] [33] [INFO] Booting worker with pid: 33
[2026-04-04 07:25:51 +0000] [30] [INFO] Started server process [30]
[2026-04-04 07:25:51 +0000] [30] [INFO] Waiting for application startup.
[2026-04-04 07:25:51 +0000] [30] [INFO] Application startup complete.
[2026-04-04 07:25:51 +0000] [35] [INFO] Booting worker with pid: 35
[2026-04-04 07:25:51 +0000] [32] [INFO] Started server process [32]
[2026-04-04 07:25:51 +0000] [32] [INFO] Waiting for application startup.
[2026-04-04 07:25:51 +0000] [32] [INFO] Application startup complete.
[2026-04-04 07:25:51 +0000] [38] [INFO] Booting worker with pid: 38
[2026-04-04 07:25:51 +0000] [33] [INFO] Started server process [33]
[2026-04-04 07:25:51 +0000] [33] [INFO] Waiting for application startup.
[2026-04-04 07:25:51 +0000] [33] [INFO] Application startup complete.
[2026-04-04 07:25:51 +0000] [35] [INFO] Started server process [35]
[2026-04-04 07:25:51 +0000] [35] [INFO] Waiting for application startup.
[2026-04-04 07:25:51 +0000] [35] [INFO] Application startup complete.
[2026-04-04 07:25:51 +0000] [38] [INFO] Started server process [38]
[2026-04-04 07:25:51 +0000] [38] [INFO] Waiting for application startup.
[2026-04-04 07:25:51 +0000] [38] [INFO] Application startup complete.
[2026-04-04 07:25:51 +0000] [41] [INFO] Booting worker with pid: 41
[2026-04-04 07:25:51 +0000] [42] [INFO] Booting worker with pid: 42
[2026-04-04 07:25:51 +0000] [43] [INFO] Booting worker with pid: 43
[2026-04-04 07:25:51 +0000] [41] [INFO] Started server process [41]
[2026-04-04 07:25:51 +0000] [41] [INFO] Waiting for application startup.
[2026-04-04 07:25:51 +0000] [41] [INFO] Application startup complete.
[2026-04-04 07:25:51 +0000] [46] [INFO] Booting worker with pid: 46
[2026-04-04 07:25:51 +0000] [42] [INFO] Started server process [42]
[2026-04-04 07:25:51 +0000] [42] [INFO] Waiting for application startup.
[2026-04-04 07:25:51 +0000] [42] [INFO] Application startup complete.
[2026-04-04 07:25:51 +0000] [43] [INFO] Started server process [43]
[2026-04-04 07:25:51 +0000] [43] [INFO] Waiting for application startup.
[2026-04-04 07:25:51 +0000] [43] [INFO] Application startup complete.
[2026-04-04 07:25:51 +0000] [48] [INFO] Booting worker with pid: 48
[2026-04-04 07:25:51 +0000] [46] [INFO] Started server process [46]
[2026-04-04 07:25:51 +0000] [46] [INFO] Waiting for application startup.
[2026-04-04 07:25:51 +0000] [46] [INFO] Application startup complete.
[2026-04-04 07:25:51 +0000] [50] [INFO] Booting worker with pid: 50
[2026-04-04 07:25:51 +0000] [48] [INFO] Started server process [48]
[2026-04-04 07:25:51 +0000] [48] [INFO] Waiting for application startup.
[2026-04-04 07:25:51 +0000] [48] [INFO] Application startup complete.
[2026-04-04 07:25:51 +0000] [52] [INFO] Booting worker with pid: 52
[2026-04-04 07:25:51 +0000] [54] [INFO] Booting worker with pid: 54
[2026-04-04 07:25:51 +0000] [50] [INFO] Started server process [50]
[2026-04-04 07:25:51 +0000] [50] [INFO] Waiting for application startup.
[2026-04-04 07:25:51 +0000] [50] [INFO] Application startup complete.
[2026-04-04 07:25:51 +0000] [55] [INFO] Booting worker with pid: 55
[2026-04-04 07:25:51 +0000] [52] [INFO] Started server process [52]
[2026-04-04 07:25:51 +0000] [52] [INFO] Waiting for application startup.
[2026-04-04 07:25:51 +0000] [52] [INFO] Application startup complete.
[2026-04-04 07:25:51 +0000] [54] [INFO] Started server process [54]
[2026-04-04 07:25:51 +0000] [54] [INFO] Waiting for application startup.
[2026-04-04 07:25:51 +0000] [54] [INFO] Application startup complete.
[2026-04-04 07:25:51 +0000] [59] [INFO] Booting worker with pid: 59
[2026-04-04 07:25:51 +0000] [55] [INFO] Started server process [55]
[2026-04-04 07:25:51 +0000] [55] [INFO] Waiting for application startup.
[2026-04-04 07:25:51 +0000] [55] [INFO] Application startup complete.
[2026-04-04 07:25:51 +0000] [61] [INFO] Booting worker with pid: 61
[2026-04-04 07:25:51 +0000] [59] [INFO] Started server process [59]
[2026-04-04 07:25:51 +0000] [59] [INFO] Waiting for application startup.
[2026-04-04 07:25:51 +0000] [59] [INFO] Application startup complete.
[2026-04-04 07:25:51 +0000] [61] [INFO] Started server process [61]
[2026-04-04 07:25:51 +0000] [61] [INFO] Waiting for application startup.
[2026-04-04 07:25:51 +0000] [61] [INFO] Application startup complete.
[2026-04-04 07:25:51 +0000] [63] [INFO] Booting worker with pid: 63
[2026-04-04 07:25:52 +0000] [65] [INFO] Booting worker with pid: 65
[2026-04-04 07:25:52 +0000] [63] [INFO] Started server process [63]
[2026-04-04 07:25:52 +0000] [63] [INFO] Waiting for application startup.
[2026-04-04 07:25:52 +0000] [63] [INFO] Application startup complete.
[2026-04-04 07:25:52 +0000] [65] [INFO] Started server process [65]
[2026-04-04 07:25:52 +0000] [65] [INFO] Waiting for application startup.
[2026-04-04 07:25:52 +0000] [65] [INFO] Application startup complete.
[2026-04-04 07:25:52 +0000] [67] [INFO] Booting worker with pid: 67
[2026-04-04 07:25:52 +0000] [67] [INFO] Started server process [67]
[2026-04-04 07:25:52 +0000] [67] [INFO] Waiting for application startup.
[2026-04-04 07:25:52 +0000] [67] [INFO] Application startup complete.
[2026-04-04 07:25:52 +0000] [69] [INFO] Booting worker with pid: 69
[2026-04-04 07:25:52 +0000] [70] [INFO] Booting worker with pid: 70
[2026-04-04 07:25:52 +0000] [71] [INFO] Booting worker with pid: 71
[2026-04-04 07:25:52 +0000] [69] [INFO] Started server process [69]
[2026-04-04 07:25:52 +0000] [69] [INFO] Waiting for application startup.
[2026-04-04 07:25:52 +0000] [69] [INFO] Application startup complete.
[2026-04-04 07:25:52 +0000] [70] [INFO] Started server process [70]
[2026-04-04 07:25:52 +0000] [70] [INFO] Waiting for application startup.
[2026-04-04 07:25:52 +0000] [70] [INFO] Application startup complete.
[2026-04-04 07:25:52 +0000] [75] [INFO] Booting worker with pid: 75
[2026-04-04 07:25:52 +0000] [71] [INFO] Started server process [71]
[2026-04-04 07:25:52 +0000] [71] [INFO] Waiting for application startup.
[2026-04-04 07:25:52 +0000] [71] [INFO] Application startup complete.
[2026-04-04 07:25:52 +0000] [76] [INFO] Booting worker with pid: 76
[2026-04-04 07:25:52 +0000] [75] [INFO] Started server process [75]
[2026-04-04 07:25:52 +0000] [75] [INFO] Waiting for application startup.
[2026-04-04 07:25:52 +0000] [75] [INFO] Application startup complete.
[2026-04-04 07:25:52 +0000] [79] [INFO] Booting worker with pid: 79
[2026-04-04 07:25:52 +0000] [76] [INFO] Started server process [76]
[2026-04-04 07:25:52 +0000] [76] [INFO] Waiting for application startup.
[2026-04-04 07:25:52 +0000] [76] [INFO] Application startup complete.
[2026-04-04 07:25:52 +0000] [80] [INFO] Booting worker with pid: 80
[2026-04-04 07:25:52 +0000] [82] [INFO] Booting worker with pid: 82
[2026-04-04 07:25:52 +0000] [79] [INFO] Started server process [79]
[2026-04-04 07:25:52 +0000] [79] [INFO] Waiting for application startup.
[2026-04-04 07:25:52 +0000] [79] [INFO] Application startup complete.
[2026-04-04 07:25:52 +0000] [80] [INFO] Started server process [80]
[2026-04-04 07:25:52 +0000] [80] [INFO] Waiting for application startup.
[2026-04-04 07:25:52 +0000] [80] [INFO] Application startup complete.
[2026-04-04 07:25:52 +0000] [85] [INFO] Booting worker with pid: 85
[2026-04-04 07:25:52 +0000] [82] [INFO] Started server process [82]
[2026-04-04 07:25:52 +0000] [82] [INFO] Waiting for application startup.
[2026-04-04 07:25:52 +0000] [82] [INFO] Application startup complete.
[2026-04-04 07:25:52 +0000] [86] [INFO] Booting worker with pid: 86
[2026-04-04 07:25:52 +0000] [85] [INFO] Started server process [85]
[2026-04-04 07:25:52 +0000] [85] [INFO] Waiting for application startup.
[2026-04-04 07:25:52 +0000] [85] [INFO] Application startup complete.
[2026-04-04 07:25:52 +0000] [89] [INFO] Booting worker with pid: 89
[2026-04-04 07:25:52 +0000] [86] [INFO] Started server process [86]
[2026-04-04 07:25:52 +0000] [86] [INFO] Waiting for application startup.
[2026-04-04 07:25:52 +0000] [86] [INFO] Application startup complete.
[2026-04-04 07:25:52 +0000] [90] [INFO] Booting worker with pid: 90
[2026-04-04 07:25:52 +0000] [89] [INFO] Started server process [89]
[2026-04-04 07:25:52 +0000] [89] [INFO] Waiting for application startup.
[2026-04-04 07:25:52 +0000] [89] [INFO] Application startup complete.
[2026-04-04 07:25:52 +0000] [90] [INFO] Started server process [90]
[2026-04-04 07:25:52 +0000] [90] [INFO] Waiting for application startup.
[2026-04-04 07:25:52 +0000] [90] [INFO] Application startup complete.
[2026-04-04 07:25:52 +0000] [93] [INFO] Booting worker with pid: 93
[2026-04-04 07:25:52 +0000] [95] [INFO] Booting worker with pid: 95
[2026-04-04 07:25:52 +0000] [93] [INFO] Started server process [93]
[2026-04-04 07:25:52 +0000] [93] [INFO] Waiting for application startup.
[2026-04-04 07:25:52 +0000] [93] [INFO] Application startup complete.
[2026-04-04 07:25:52 +0000] [96] [INFO] Booting worker with pid: 96
[2026-04-04 07:25:52 +0000] [97] [INFO] Booting worker with pid: 97
[2026-04-04 07:25:53 +0000] [95] [INFO] Started server process [95]
[2026-04-04 07:25:53 +0000] [95] [INFO] Waiting for application startup.
[2026-04-04 07:25:53 +0000] [95] [INFO] Application startup complete.
[2026-04-04 07:25:53 +0000] [99] [INFO] Booting worker with pid: 99
[2026-04-04 07:25:53 +0000] [96] [INFO] Started server process [96]
[2026-04-04 07:25:53 +0000] [96] [INFO] Waiting for application startup.
[2026-04-04 07:25:53 +0000] [96] [INFO] Application startup complete.
[2026-04-04 07:25:53 +0000] [97] [INFO] Started server process [97]
[2026-04-04 07:25:53 +0000] [97] [INFO] Waiting for application startup.
[2026-04-04 07:25:53 +0000] [97] [INFO] Application startup complete.
[2026-04-04 07:25:53 +0000] [102] [INFO] Booting worker with pid: 102
[2026-04-04 07:25:53 +0000] [99] [INFO] Started server process [99]
[2026-04-04 07:25:53 +0000] [99] [INFO] Waiting for application startup.
[2026-04-04 07:25:53 +0000] [99] [INFO] Application startup complete.
[2026-04-04 07:25:53 +0000] [104] [INFO] Booting worker with pid: 104
[2026-04-04 07:25:53 +0000] [102] [INFO] Started server process [102]
[2026-04-04 07:25:53 +0000] [102] [INFO] Waiting for application startup.
[2026-04-04 07:25:53 +0000] [102] [INFO] Application startup complete.
[2026-04-04 07:25:53 +0000] [107] [INFO] Booting worker with pid: 107
[2026-04-04 07:25:53 +0000] [104] [INFO] Started server process [104]
[2026-04-04 07:25:53 +0000] [104] [INFO] Waiting for application startup.
[2026-04-04 07:25:53 +0000] [104] [INFO] Application startup complete.
[2026-04-04 07:25:53 +0000] [107] [INFO] Started server process [107]
[2026-04-04 07:25:53 +0000] [107] [INFO] Waiting for application startup.
[2026-04-04 07:25:53 +0000] [107] [INFO] Application startup complete.
[2026-04-04 07:25:53 +0000] [109] [INFO] Booting worker with pid: 109
[2026-04-04 07:25:53 +0000] [110] [INFO] Booting worker with pid: 110
[2026-04-04 07:25:53 +0000] [111] [INFO] Booting worker with pid: 111
[2026-04-04 07:25:53 +0000] [109] [INFO] Started server process [109]
[2026-04-04 07:25:53 +0000] [109] [INFO] Waiting for application startup.
[2026-04-04 07:25:53 +0000] [109] [INFO] Application startup complete.
[2026-04-04 07:25:53 +0000] [110] [INFO] Started server process [110]
[2026-04-04 07:25:53 +0000] [110] [INFO] Waiting for application startup.
[2026-04-04 07:25:53 +0000] [110] [INFO] Application startup complete.
[2026-04-04 07:25:53 +0000] [114] [INFO] Booting worker with pid: 114
[2026-04-04 07:25:53 +0000] [111] [INFO] Started server process [111]
[2026-04-04 07:25:53 +0000] [111] [INFO] Waiting for application startup.
[2026-04-04 07:25:53 +0000] [111] [INFO] Application startup complete.
[2026-04-04 07:25:53 +0000] [114] [INFO] Started server process [114]
[2026-04-04 07:25:53 +0000] [114] [INFO] Waiting for application startup.
[2026-04-04 07:25:53 +0000] [114] [INFO] Application startup complete.
[2026-04-04 07:25:53 +0000] [117] [INFO] Booting worker with pid: 117
[2026-04-04 07:25:53 +0000] [119] [INFO] Booting worker with pid: 119
[2026-04-04 07:25:53 +0000] [117] [INFO] Started server process [117]
[2026-04-04 07:25:53 +0000] [117] [INFO] Waiting for application startup.
[2026-04-04 07:25:53 +0000] [117] [INFO] Application startup complete.
[2026-04-04 07:25:53 +0000] [120] [INFO] Booting worker with pid: 120
[2026-04-04 07:25:53 +0000] [121] [INFO] Booting worker with pid: 121
[2026-04-04 07:25:53 +0000] [119] [INFO] Started server process [119]
[2026-04-04 07:25:53 +0000] [119] [INFO] Waiting for application startup.
[2026-04-04 07:25:53 +0000] [119] [INFO] Application startup complete.
[2026-04-04 07:25:53 +0000] [123] [INFO] Booting worker with pid: 123
[2026-04-04 07:25:53 +0000] [120] [INFO] Started server process [120]
[2026-04-04 07:25:53 +0000] [120] [INFO] Waiting for application startup.
[2026-04-04 07:25:53 +0000] [120] [INFO] Application startup complete.
[2026-04-04 07:25:53 +0000] [121] [INFO] Started server process [121]
[2026-04-04 07:25:53 +0000] [121] [INFO] Waiting for application startup.
[2026-04-04 07:25:53 +0000] [121] [INFO] Application startup complete.
[2026-04-04 07:25:53 +0000] [127] [INFO] Booting worker with pid: 127
[2026-04-04 07:25:53 +0000] [123] [INFO] Started server process [123]
[2026-04-04 07:25:53 +0000] [123] [INFO] Waiting for application startup.
[2026-04-04 07:25:53 +0000] [123] [INFO] Application startup complete.
[2026-04-04 07:25:53 +0000] [129] [INFO] Booting worker with pid: 129
[2026-04-04 07:25:53 +0000] [127] [INFO] Started server process [127]
[2026-04-04 07:25:53 +0000] [127] [INFO] Waiting for application startup.
[2026-04-04 07:25:53 +0000] [127] [INFO] Application startup complete.
[2026-04-04 07:25:53 +0000] [130] [INFO] Booting worker with pid: 130
[2026-04-04 07:25:53 +0000] [129] [INFO] Started server process [129]
[2026-04-04 07:25:53 +0000] [129] [INFO] Waiting for application startup.
[2026-04-04 07:25:53 +0000] [129] [INFO] Application startup complete.
[2026-04-04 07:25:54 +0000] [130] [INFO] Started server process [130]
[2026-04-04 07:25:54 +0000] [130] [INFO] Waiting for application startup.
[2026-04-04 07:25:54 +0000] [130] [INFO] Application startup complete.
[2026-04-04 07:25:54 +0000] [133] [INFO] Booting worker with pid: 133
[2026-04-04 07:25:54 +0000] [133] [INFO] Started server process [133]
[2026-04-04 07:25:54 +0000] [133] [INFO] Waiting for application startup.
[2026-04-04 07:25:54 +0000] [133] [INFO] Application startup complete.
