[2026-04-03 23:08:13 +0000] [1] [INFO] Starting gunicorn 23.0.0
[2026-04-03 23:08:13 +0000] [1] [INFO] Listening at: http://0.0.0.0:8080 (1)
[2026-04-03 23:08:13 +0000] [1] [INFO] Using worker: uvicorn.workers.UvicornWorker
[2026-04-03 23:08:13 +0000] [7] [INFO] Booting worker with pid: 7
[2026-04-03 23:08:13 +0000] [8] [INFO] Booting worker with pid: 8
[2026-04-03 23:08:13 +0000] [9] [INFO] Booting worker with pid: 9
[2026-04-03 23:08:13 +0000] [10] [INFO] Booting worker with pid: 10
[2026-04-03 23:08:13 +0000] [11] [INFO] Booting worker with pid: 11
[2026-04-03 23:08:13 +0000] [12] [INFO] Booting worker with pid: 12
[2026-04-03 23:08:13 +0000] [13] [INFO] Booting worker with pid: 13
[2026-04-03 23:08:13 +0000] [14] [INFO] Booting worker with pid: 14
[2026-04-03 23:08:13 +0000] [7] [INFO] Started server process [7]
[2026-04-03 23:08:13 +0000] [7] [INFO] Waiting for application startup.
[2026-04-03 23:08:13 +0000] [8] [INFO] Started server process [8]
[2026-04-03 23:08:13 +0000] [8] [INFO] Waiting for application startup.
[2026-04-03 23:08:13 +0000] [7] [INFO] Application startup complete.
[2026-04-03 23:08:13 +0000] [8] [INFO] Application startup complete.
[2026-04-03 23:08:13 +0000] [26] [INFO] Booting worker with pid: 26
[2026-04-03 23:08:13 +0000] [9] [INFO] Started server process [9]
[2026-04-03 23:08:13 +0000] [9] [INFO] Waiting for application startup.
[2026-04-03 23:08:13 +0000] [9] [INFO] Application startup complete.
[2026-04-03 23:08:13 +0000] [10] [INFO] Started server process [10]
[2026-04-03 23:08:13 +0000] [10] [INFO] Waiting for application startup.
[2026-04-03 23:08:13 +0000] [10] [INFO] Application startup complete.
[2026-04-03 23:08:13 +0000] [36] [INFO] Booting worker with pid: 36
[2026-04-03 23:08:13 +0000] [37] [INFO] Booting worker with pid: 37
[2026-04-03 23:08:13 +0000] [11] [INFO] Started server process [11]
[2026-04-03 23:08:13 +0000] [11] [INFO] Waiting for application startup.
[2026-04-03 23:08:13 +0000] [11] [INFO] Application startup complete.
[2026-04-03 23:08:13 +0000] [12] [INFO] Started server process [12]
[2026-04-03 23:08:13 +0000] [12] [INFO] Waiting for application startup.
[2026-04-03 23:08:13 +0000] [48] [INFO] Booting worker with pid: 48
[2026-04-03 23:08:13 +0000] [12] [INFO] Application startup complete.
[2026-04-03 23:08:13 +0000] [13] [INFO] Started server process [13]
[2026-04-03 23:08:13 +0000] [13] [INFO] Waiting for application startup.
[2026-04-03 23:08:13 +0000] [14] [INFO] Started server process [14]
[2026-04-03 23:08:13 +0000] [14] [INFO] Waiting for application startup.
[2026-04-03 23:08:13 +0000] [13] [INFO] Application startup complete.
[2026-04-03 23:08:13 +0000] [14] [INFO] Application startup complete.
[2026-04-03 23:08:13 +0000] [59] [INFO] Booting worker with pid: 59
[2026-04-03 23:08:13 +0000] [60] [INFO] Booting worker with pid: 60
[2026-04-03 23:08:13 +0000] [26] [INFO] Started server process [26]
[2026-04-03 23:08:13 +0000] [26] [INFO] Waiting for application startup.
[2026-04-03 23:08:13 +0000] [26] [INFO] Application startup complete.
[2026-04-03 23:08:13 +0000] [66] [INFO] Booting worker with pid: 66
[2026-04-03 23:08:13 +0000] [36] [INFO] Started server process [36]
[2026-04-03 23:08:13 +0000] [36] [INFO] Waiting for application startup.
[2026-04-03 23:08:13 +0000] [36] [INFO] Application startup complete.
[2026-04-03 23:08:13 +0000] [72] [INFO] Booting worker with pid: 72
[2026-04-03 23:08:13 +0000] [37] [INFO] Started server process [37]
[2026-04-03 23:08:13 +0000] [37] [INFO] Waiting for application startup.
[2026-04-03 23:08:13 +0000] [37] [INFO] Application startup complete.
[2026-04-03 23:08:13 +0000] [48] [INFO] Started server process [48]
[2026-04-03 23:08:13 +0000] [48] [INFO] Waiting for application startup.
[2026-04-03 23:08:13 +0000] [48] [INFO] Application startup complete.
[2026-04-03 23:08:13 +0000] [83] [INFO] Booting worker with pid: 83
[2026-04-03 23:08:13 +0000] [59] [INFO] Started server process [59]
[2026-04-03 23:08:13 +0000] [59] [INFO] Waiting for application startup.
[2026-04-03 23:08:13 +0000] [90] [INFO] Booting worker with pid: 90
[2026-04-03 23:08:13 +0000] [59] [INFO] Application startup complete.
[2026-04-03 23:08:14 +0000] [60] [INFO] Started server process [60]
[2026-04-03 23:08:14 +0000] [60] [INFO] Waiting for application startup.
[2026-04-03 23:08:14 +0000] [60] [INFO] Application startup complete.
[2026-04-03 23:08:14 +0000] [66] [INFO] Started server process [66]
[2026-04-03 23:08:14 +0000] [66] [INFO] Waiting for application startup.
[2026-04-03 23:08:14 +0000] [66] [INFO] Application startup complete.
[2026-04-03 23:08:14 +0000] [100] [INFO] Booting worker with pid: 100
[2026-04-03 23:08:14 +0000] [72] [INFO] Started server process [72]
[2026-04-03 23:08:14 +0000] [72] [INFO] Waiting for application startup.
[2026-04-03 23:08:14 +0000] [102] [INFO] Booting worker with pid: 102
[2026-04-03 23:08:14 +0000] [72] [INFO] Application startup complete.
[2026-04-03 23:08:14 +0000] [107] [INFO] Booting worker with pid: 107
[2026-04-03 23:08:14 +0000] [83] [INFO] Started server process [83]
[2026-04-03 23:08:14 +0000] [83] [INFO] Waiting for application startup.
[2026-04-03 23:08:14 +0000] [83] [INFO] Application startup complete.
[2026-04-03 23:08:14 +0000] [113] [INFO] Booting worker with pid: 113
[2026-04-03 23:08:14 +0000] [90] [INFO] Started server process [90]
[2026-04-03 23:08:14 +0000] [90] [INFO] Waiting for application startup.
[2026-04-03 23:08:14 +0000] [90] [INFO] Application startup complete.
[2026-04-03 23:08:14 +0000] [119] [INFO] Booting worker with pid: 119
[2026-04-03 23:08:14 +0000] [120] [INFO] Booting worker with pid: 120
[2026-04-03 23:08:14 +0000] [100] [INFO] Started server process [100]
[2026-04-03 23:08:14 +0000] [100] [INFO] Waiting for application startup.
[2026-04-03 23:08:14 +0000] [100] [INFO] Application startup complete.
[2026-04-03 23:08:14 +0000] [102] [INFO] Started server process [102]
[2026-04-03 23:08:14 +0000] [102] [INFO] Waiting for application startup.
[2026-04-03 23:08:14 +0000] [131] [INFO] Booting worker with pid: 131
[2026-04-03 23:08:14 +0000] [102] [INFO] Application startup complete.
[2026-04-03 23:08:14 +0000] [132] [INFO] Booting worker with pid: 132
[2026-04-03 23:08:14 +0000] [107] [INFO] Started server process [107]
[2026-04-03 23:08:14 +0000] [107] [INFO] Waiting for application startup.
[2026-04-03 23:08:14 +0000] [107] [INFO] Application startup complete.
[2026-04-03 23:08:14 +0000] [138] [INFO] Booting worker with pid: 138
[2026-04-03 23:08:14 +0000] [139] [INFO] Booting worker with pid: 139
[2026-04-03 23:08:14 +0000] [113] [INFO] Started server process [113]
[2026-04-03 23:08:14 +0000] [113] [INFO] Waiting for application startup.
[2026-04-03 23:08:14 +0000] [113] [INFO] Application startup complete.
[2026-04-03 23:08:14 +0000] [146] [INFO] Booting worker with pid: 146
[2026-04-03 23:08:14 +0000] [119] [INFO] Started server process [119]
[2026-04-03 23:08:14 +0000] [119] [INFO] Waiting for application startup.
[2026-04-03 23:08:14 +0000] [119] [INFO] Application startup complete.
[2026-04-03 23:08:14 +0000] [120] [INFO] Started server process [120]
[2026-04-03 23:08:14 +0000] [120] [INFO] Waiting for application startup.
[2026-04-03 23:08:14 +0000] [156] [INFO] Booting worker with pid: 156
[2026-04-03 23:08:14 +0000] [120] [INFO] Application startup complete.
[2026-04-03 23:08:14 +0000] [157] [INFO] Booting worker with pid: 157
[2026-04-03 23:08:14 +0000] [131] [INFO] Started server process [131]
[2026-04-03 23:08:14 +0000] [131] [INFO] Waiting for application startup.
[2026-04-03 23:08:14 +0000] [132] [INFO] Started server process [132]
[2026-04-03 23:08:14 +0000] [132] [INFO] Waiting for application startup.
[2026-04-03 23:08:14 +0000] [131] [INFO] Application startup complete.
[2026-04-03 23:08:14 +0000] [132] [INFO] Application startup complete.
[2026-04-03 23:08:14 +0000] [169] [INFO] Booting worker with pid: 169
[2026-04-03 23:08:14 +0000] [138] [INFO] Started server process [138]
[2026-04-03 23:08:14 +0000] [138] [INFO] Waiting for application startup.
[2026-04-03 23:08:14 +0000] [138] [INFO] Application startup complete.
[2026-04-03 23:08:14 +0000] [139] [INFO] Started server process [139]
[2026-04-03 23:08:14 +0000] [139] [INFO] Waiting for application startup.
[2026-04-03 23:08:14 +0000] [139] [INFO] Application startup complete.
[2026-04-03 23:08:14 +0000] [179] [INFO] Booting worker with pid: 179
[2026-04-03 23:08:14 +0000] [146] [INFO] Started server process [146]
[2026-04-03 23:08:14 +0000] [146] [INFO] Waiting for application startup.
[2026-04-03 23:08:14 +0000] [146] [INFO] Application startup complete.
[2026-04-03 23:08:14 +0000] [185] [INFO] Booting worker with pid: 185
[2026-04-03 23:08:14 +0000] [186] [INFO] Booting worker with pid: 186
[2026-04-03 23:08:14 +0000] [156] [INFO] Started server process [156]
[2026-04-03 23:08:14 +0000] [156] [INFO] Waiting for application startup.
[2026-04-03 23:08:14 +0000] [156] [INFO] Application startup complete.
[2026-04-03 23:08:14 +0000] [192] [INFO] Booting worker with pid: 192
[2026-04-03 23:08:15 +0000] [157] [INFO] Started server process [157]
[2026-04-03 23:08:15 +0000] [157] [INFO] Waiting for application startup.
[2026-04-03 23:08:15 +0000] [157] [INFO] Application startup complete.
[2026-04-03 23:08:15 +0000] [199] [INFO] Booting worker with pid: 199
[2026-04-03 23:08:15 +0000] [169] [INFO] Started server process [169]
[2026-04-03 23:08:15 +0000] [169] [INFO] Waiting for application startup.
[2026-04-03 23:08:15 +0000] [169] [INFO] Application startup complete.
[2026-04-03 23:08:15 +0000] [204] [INFO] Booting worker with pid: 204
[2026-04-03 23:08:15 +0000] [205] [INFO] Booting worker with pid: 205
[2026-04-03 23:08:15 +0000] [206] [INFO] Booting worker with pid: 206
[2026-04-03 23:08:15 +0000] [207] [INFO] Booting worker with pid: 207
[2026-04-03 23:08:15 +0000] [209] [INFO] Booting worker with pid: 209
[2026-04-03 23:08:15 +0000] [186] [INFO] Started server process [186]
[2026-04-03 23:08:15 +0000] [186] [INFO] Waiting for application startup.
[2026-04-03 23:08:15 +0000] [186] [INFO] Application startup complete.
[2026-04-03 23:08:15 +0000] [215] [INFO] Booting worker with pid: 215
[2026-04-03 23:08:15 +0000] [179] [INFO] Started server process [179]
[2026-04-03 23:08:15 +0000] [179] [INFO] Waiting for application startup.
[2026-04-03 23:08:15 +0000] [179] [INFO] Application startup complete.
[2026-04-03 23:08:15 +0000] [220] [INFO] Booting worker with pid: 220
[2026-04-03 23:08:15 +0000] [185] [INFO] Started server process [185]
[2026-04-03 23:08:15 +0000] [185] [INFO] Waiting for application startup.
[2026-04-03 23:08:15 +0000] [185] [INFO] Application startup complete.
[2026-04-03 23:08:15 +0000] [227] [INFO] Booting worker with pid: 227
[2026-04-03 23:08:15 +0000] [192] [INFO] Started server process [192]
[2026-04-03 23:08:15 +0000] [192] [INFO] Waiting for application startup.
[2026-04-03 23:08:15 +0000] [192] [INFO] Application startup complete.
[2026-04-03 23:08:15 +0000] [232] [INFO] Booting worker with pid: 232
[2026-04-03 23:08:15 +0000] [234] [INFO] Booting worker with pid: 234
[2026-04-03 23:08:15 +0000] [199] [INFO] Started server process [199]
[2026-04-03 23:08:15 +0000] [199] [INFO] Waiting for application startup.
[2026-04-03 23:08:15 +0000] [199] [INFO] Application startup complete.
[2026-04-03 23:08:15 +0000] [204] [INFO] Started server process [204]
[2026-04-03 23:08:15 +0000] [204] [INFO] Waiting for application startup.
[2026-04-03 23:08:15 +0000] [240] [INFO] Booting worker with pid: 240
[2026-04-03 23:08:15 +0000] [204] [INFO] Application startup complete.
[2026-04-03 23:08:15 +0000] [245] [INFO] Booting worker with pid: 245
[2026-04-03 23:08:15 +0000] [205] [INFO] Started server process [205]
[2026-04-03 23:08:15 +0000] [205] [INFO] Waiting for application startup.
[2026-04-03 23:08:15 +0000] [253] [INFO] Booting worker with pid: 253
[2026-04-03 23:08:15 +0000] [205] [INFO] Application startup complete.
[2026-04-03 23:08:15 +0000] [206] [INFO] Started server process [206]
[2026-04-03 23:08:15 +0000] [206] [INFO] Waiting for application startup.
[2026-04-03 23:08:15 +0000] [206] [INFO] Application startup complete.
[2026-04-03 23:08:15 +0000] [207] [INFO] Started server process [207]
[2026-04-03 23:08:15 +0000] [207] [INFO] Waiting for application startup.
[2026-04-03 23:08:15 +0000] [207] [INFO] Application startup complete.
[2026-04-03 23:08:15 +0000] [209] [INFO] Started server process [209]
[2026-04-03 23:08:15 +0000] [209] [INFO] Waiting for application startup.
[2026-04-03 23:08:15 +0000] [209] [INFO] Application startup complete.
[2026-04-03 23:08:15 +0000] [268] [INFO] Booting worker with pid: 268
[2026-04-03 23:08:15 +0000] [215] [INFO] Started server process [215]
[2026-04-03 23:08:15 +0000] [215] [INFO] Waiting for application startup.
[2026-04-03 23:08:15 +0000] [215] [INFO] Application startup complete.
[2026-04-03 23:08:15 +0000] [220] [INFO] Started server process [220]
[2026-04-03 23:08:15 +0000] [220] [INFO] Waiting for application startup.
[2026-04-03 23:08:15 +0000] [274] [INFO] Booting worker with pid: 274
[2026-04-03 23:08:15 +0000] [220] [INFO] Application startup complete.
[2026-04-03 23:08:15 +0000] [280] [INFO] Booting worker with pid: 280
[2026-04-03 23:08:15 +0000] [227] [INFO] Started server process [227]
[2026-04-03 23:08:15 +0000] [227] [INFO] Waiting for application startup.
[2026-04-03 23:08:15 +0000] [281] [INFO] Booting worker with pid: 281
[2026-04-03 23:08:15 +0000] [227] [INFO] Application startup complete.
[2026-04-03 23:08:15 +0000] [286] [INFO] Booting worker with pid: 286
[2026-04-03 23:08:15 +0000] [288] [INFO] Booting worker with pid: 288
[2026-04-03 23:08:15 +0000] [232] [INFO] Started server process [232]
[2026-04-03 23:08:15 +0000] [232] [INFO] Waiting for application startup.
[2026-04-03 23:08:15 +0000] [232] [INFO] Application startup complete.
[2026-04-03 23:08:15 +0000] [234] [INFO] Started server process [234]
[2026-04-03 23:08:15 +0000] [234] [INFO] Waiting for application startup.
[2026-04-03 23:08:15 +0000] [234] [INFO] Application startup complete.
[2026-04-03 23:08:15 +0000] [240] [INFO] Started server process [240]
[2026-04-03 23:08:15 +0000] [240] [INFO] Waiting for application startup.
[2026-04-03 23:08:15 +0000] [240] [INFO] Application startup complete.
[2026-04-03 23:08:15 +0000] [303] [INFO] Booting worker with pid: 303
[2026-04-03 23:08:15 +0000] [245] [INFO] Started server process [245]
[2026-04-03 23:08:15 +0000] [245] [INFO] Waiting for application startup.
[2026-04-03 23:08:15 +0000] [245] [INFO] Application startup complete.
[2026-04-03 23:08:16 +0000] [310] [INFO] Booting worker with pid: 310
[2026-04-03 23:08:16 +0000] [253] [INFO] Started server process [253]
[2026-04-03 23:08:16 +0000] [253] [INFO] Waiting for application startup.
[2026-04-03 23:08:16 +0000] [253] [INFO] Application startup complete.
[2026-04-03 23:08:16 +0000] [316] [INFO] Booting worker with pid: 316
[2026-04-03 23:08:16 +0000] [268] [INFO] Started server process [268]
[2026-04-03 23:08:16 +0000] [268] [INFO] Waiting for application startup.
[2026-04-03 23:08:16 +0000] [268] [INFO] Application startup complete.
[2026-04-03 23:08:16 +0000] [321] [INFO] Booting worker with pid: 321
[2026-04-03 23:08:16 +0000] [323] [INFO] Booting worker with pid: 323
[2026-04-03 23:08:16 +0000] [274] [INFO] Started server process [274]
[2026-04-03 23:08:16 +0000] [274] [INFO] Waiting for application startup.
[2026-04-03 23:08:16 +0000] [274] [INFO] Application startup complete.
[2026-04-03 23:08:16 +0000] [329] [INFO] Booting worker with pid: 329
[2026-04-03 23:08:16 +0000] [280] [INFO] Started server process [280]
[2026-04-03 23:08:16 +0000] [280] [INFO] Waiting for application startup.
[2026-04-03 23:08:16 +0000] [280] [INFO] Application startup complete.
[2026-04-03 23:08:16 +0000] [281] [INFO] Started server process [281]
[2026-04-03 23:08:16 +0000] [281] [INFO] Waiting for application startup.
[2026-04-03 23:08:16 +0000] [286] [INFO] Started server process [286]
[2026-04-03 23:08:16 +0000] [286] [INFO] Waiting for application startup.
[2026-04-03 23:08:16 +0000] [281] [INFO] Application startup complete.
[2026-04-03 23:08:16 +0000] [286] [INFO] Application startup complete.
[2026-04-03 23:08:16 +0000] [288] [INFO] Started server process [288]
[2026-04-03 23:08:16 +0000] [288] [INFO] Waiting for application startup.
[2026-04-03 23:08:16 +0000] [345] [INFO] Booting worker with pid: 345
[2026-04-03 23:08:16 +0000] [288] [INFO] Application startup complete.
[2026-04-03 23:08:16 +0000] [350] [INFO] Booting worker with pid: 350
[2026-04-03 23:08:16 +0000] [303] [INFO] Started server process [303]
[2026-04-03 23:08:16 +0000] [303] [INFO] Waiting for application startup.
[2026-04-03 23:08:16 +0000] [303] [INFO] Application startup complete.
[2026-04-03 23:08:16 +0000] [310] [INFO] Started server process [310]
[2026-04-03 23:08:16 +0000] [310] [INFO] Waiting for application startup.
[2026-04-03 23:08:16 +0000] [310] [INFO] Application startup complete.
[2026-04-03 23:08:16 +0000] [316] [INFO] Started server process [316]
[2026-04-03 23:08:16 +0000] [316] [INFO] Waiting for application startup.
[2026-04-03 23:08:16 +0000] [316] [INFO] Application startup complete.
[2026-04-03 23:08:16 +0000] [321] [INFO] Started server process [321]
[2026-04-03 23:08:16 +0000] [321] [INFO] Waiting for application startup.
[2026-04-03 23:08:16 +0000] [321] [INFO] Application startup complete.
[2026-04-03 23:08:16 +0000] [323] [INFO] Started server process [323]
[2026-04-03 23:08:16 +0000] [323] [INFO] Waiting for application startup.
[2026-04-03 23:08:16 +0000] [323] [INFO] Application startup complete.
[2026-04-03 23:08:16 +0000] [329] [INFO] Started server process [329]
[2026-04-03 23:08:16 +0000] [329] [INFO] Waiting for application startup.
[2026-04-03 23:08:16 +0000] [329] [INFO] Application startup complete.
[2026-04-03 23:08:16 +0000] [345] [INFO] Started server process [345]
[2026-04-03 23:08:16 +0000] [345] [INFO] Waiting for application startup.
[2026-04-03 23:08:16 +0000] [345] [INFO] Application startup complete.
[2026-04-03 23:08:16 +0000] [350] [INFO] Started server process [350]
[2026-04-03 23:08:16 +0000] [350] [INFO] Waiting for application startup.
[2026-04-03 23:08:16 +0000] [350] [INFO] Application startup complete.
