[2026-04-04 07:29:44 +0000] [1] [INFO] Starting gunicorn 23.0.0
[2026-04-04 07:29:44 +0000] [1] [INFO] Listening at: http://0.0.0.0:8080 (1)
[2026-04-04 07:29:44 +0000] [1] [INFO] Using worker: uvicorn.workers.UvicornWorker
[2026-04-04 07:29:44 +0000] [7] [INFO] Booting worker with pid: 7
[2026-04-04 07:29:44 +0000] [8] [INFO] Booting worker with pid: 8
[2026-04-04 07:29:44 +0000] [9] [INFO] Booting worker with pid: 9
[2026-04-04 07:29:44 +0000] [7] [INFO] Started server process [7]
[2026-04-04 07:29:44 +0000] [7] [INFO] Waiting for application startup.
[2026-04-04 07:29:44 +0000] [11] [INFO] Booting worker with pid: 11
[2026-04-04 07:29:44 +0000] [7] [INFO] Application startup complete.
[2026-04-04 07:29:44 +0000] [16] [INFO] Booting worker with pid: 16
[2026-04-04 07:29:44 +0000] [8] [INFO] Started server process [8]
[2026-04-04 07:29:44 +0000] [8] [INFO] Waiting for application startup.
[2026-04-04 07:29:44 +0000] [8] [INFO] Application startup complete.
[2026-04-04 07:29:44 +0000] [22] [INFO] Booting worker with pid: 22
[2026-04-04 07:29:44 +0000] [9] [INFO] Started server process [9]
[2026-04-04 07:29:44 +0000] [9] [INFO] Waiting for application startup.
[2026-04-04 07:29:44 +0000] [9] [INFO] Application startup complete.
[2026-04-04 07:29:44 +0000] [11] [INFO] Started server process [11]
[2026-04-04 07:29:44 +0000] [11] [INFO] Waiting for application startup.
[2026-04-04 07:29:44 +0000] [11] [INFO] Application startup complete.
[2026-04-04 07:29:44 +0000] [16] [INFO] Started server process [16]
[2026-04-04 07:29:44 +0000] [16] [INFO] Waiting for application startup.
[2026-04-04 07:29:44 +0000] [16] [INFO] Application startup complete.
[2026-04-04 07:29:44 +0000] [22] [INFO] Started server process [22]
[2026-04-04 07:29:44 +0000] [22] [INFO] Waiting for application startup.
[2026-04-04 07:29:44 +0000] [39] [INFO] Booting worker with pid: 39
[2026-04-04 07:29:44 +0000] [22] [INFO] Application startup complete.
[2026-04-04 07:29:44 +0000] [39] [INFO] Started server process [39]
[2026-04-04 07:29:44 +0000] [39] [INFO] Waiting for application startup.
[2026-04-04 07:29:44 +0000] [39] [INFO] Application startup complete.
[2026-04-04 07:29:44 +0000] [49] [INFO] Booting worker with pid: 49
[2026-04-04 07:29:44 +0000] [50] [INFO] Booting worker with pid: 50
[2026-04-04 07:29:44 +0000] [51] [INFO] Booting worker with pid: 51
[2026-04-04 07:29:44 +0000] [49] [INFO] Started server process [49]
[2026-04-04 07:29:44 +0000] [49] [INFO] Waiting for application startup.
[2026-04-04 07:29:44 +0000] [49] [INFO] Application startup complete.
[2026-04-04 07:29:44 +0000] [50] [INFO] Started server process [50]
[2026-04-04 07:29:44 +0000] [50] [INFO] Waiting for application startup.
[2026-04-04 07:29:44 +0000] [50] [INFO] Application startup complete.
[2026-04-04 07:29:44 +0000] [51] [INFO] Started server process [51]
[2026-04-04 07:29:44 +0000] [51] [INFO] Waiting for application startup.
[2026-04-04 07:29:44 +0000] [51] [INFO] Application startup complete.
[2026-04-04 07:29:44 +0000] [67] [INFO] Booting worker with pid: 67
[2026-04-04 07:29:44 +0000] [67] [INFO] Started server process [67]
[2026-04-04 07:29:44 +0000] [67] [INFO] Waiting for application startup.
[2026-04-04 07:29:44 +0000] [67] [INFO] Application startup complete.
[2026-04-04 07:29:44 +0000] [73] [INFO] Booting worker with pid: 73
[2026-04-04 07:29:44 +0000] [74] [INFO] Booting worker with pid: 74
[2026-04-04 07:29:44 +0000] [73] [INFO] Started server process [73]
[2026-04-04 07:29:44 +0000] [73] [INFO] Waiting for application startup.
[2026-04-04 07:29:44 +0000] [73] [INFO] Application startup complete.
[2026-04-04 07:29:44 +0000] [81] [INFO] Booting worker with pid: 81
[2026-04-04 07:29:44 +0000] [74] [INFO] Started server process [74]
[2026-04-04 07:29:44 +0000] [74] [INFO] Waiting for application startup.
[2026-04-04 07:29:44 +0000] [74] [INFO] Application startup complete.
[2026-04-04 07:29:44 +0000] [81] [INFO] Started server process [81]
[2026-04-04 07:29:44 +0000] [81] [INFO] Waiting for application startup.
[2026-04-04 07:29:44 +0000] [81] [INFO] Application startup complete.
[2026-04-04 07:29:44 +0000] [91] [INFO] Booting worker with pid: 91
[2026-04-04 07:29:44 +0000] [92] [INFO] Booting worker with pid: 92
[2026-04-04 07:29:44 +0000] [91] [INFO] Started server process [91]
[2026-04-04 07:29:44 +0000] [91] [INFO] Waiting for application startup.
[2026-04-04 07:29:44 +0000] [91] [INFO] Application startup complete.
[2026-04-04 07:29:44 +0000] [99] [INFO] Booting worker with pid: 99
[2026-04-04 07:29:44 +0000] [92] [INFO] Started server process [92]
[2026-04-04 07:29:44 +0000] [92] [INFO] Waiting for application startup.
[2026-04-04 07:29:44 +0000] [92] [INFO] Application startup complete.
[2026-04-04 07:29:45 +0000] [99] [INFO] Started server process [99]
[2026-04-04 07:29:45 +0000] [99] [INFO] Waiting for application startup.
[2026-04-04 07:29:45 +0000] [99] [INFO] Application startup complete.
[2026-04-04 07:29:45 +0000] [109] [INFO] Booting worker with pid: 109
[2026-04-04 07:29:45 +0000] [110] [INFO] Booting worker with pid: 110
[2026-04-04 07:29:45 +0000] [112] [INFO] Booting worker with pid: 112
[2026-04-04 07:29:45 +0000] [109] [INFO] Started server process [109]
[2026-04-04 07:29:45 +0000] [109] [INFO] Waiting for application startup.
[2026-04-04 07:29:45 +0000] [109] [INFO] Application startup complete.
[2026-04-04 07:29:45 +0000] [110] [INFO] Started server process [110]
[2026-04-04 07:29:45 +0000] [110] [INFO] Waiting for application startup.
[2026-04-04 07:29:45 +0000] [110] [INFO] Application startup complete.
[2026-04-04 07:29:45 +0000] [122] [INFO] Booting worker with pid: 122
[2026-04-04 07:29:45 +0000] [123] [INFO] Booting worker with pid: 123
[2026-04-04 07:29:45 +0000] [112] [INFO] Started server process [112]
[2026-04-04 07:29:45 +0000] [112] [INFO] Waiting for application startup.
[2026-04-04 07:29:45 +0000] [125] [INFO] Booting worker with pid: 125
[2026-04-04 07:29:45 +0000] [112] [INFO] Application startup complete.
[2026-04-04 07:29:45 +0000] [122] [INFO] Started server process [122]
[2026-04-04 07:29:45 +0000] [122] [INFO] Waiting for application startup.
[2026-04-04 07:29:45 +0000] [122] [INFO] Application startup complete.
[2026-04-04 07:29:45 +0000] [123] [INFO] Started server process [123]
[2026-04-04 07:29:45 +0000] [123] [INFO] Waiting for application startup.
[2026-04-04 07:29:45 +0000] [123] [INFO] Application startup complete.
[2026-04-04 07:29:45 +0000] [140] [INFO] Booting worker with pid: 140
[2026-04-04 07:29:45 +0000] [125] [INFO] Started server process [125]
[2026-04-04 07:29:45 +0000] [125] [INFO] Waiting for application startup.
[2026-04-04 07:29:45 +0000] [125] [INFO] Application startup complete.
[2026-04-04 07:29:45 +0000] [146] [INFO] Booting worker with pid: 146
[2026-04-04 07:29:45 +0000] [140] [INFO] Started server process [140]
[2026-04-04 07:29:45 +0000] [140] [INFO] Waiting for application startup.
[2026-04-04 07:29:45 +0000] [140] [INFO] Application startup complete.
[2026-04-04 07:29:45 +0000] [152] [INFO] Booting worker with pid: 152
[2026-04-04 07:29:45 +0000] [146] [INFO] Started server process [146]
[2026-04-04 07:29:45 +0000] [146] [INFO] Waiting for application startup.
[2026-04-04 07:29:45 +0000] [146] [INFO] Application startup complete.
[2026-04-04 07:29:45 +0000] [158] [INFO] Booting worker with pid: 158
[2026-04-04 07:29:45 +0000] [152] [INFO] Started server process [152]
[2026-04-04 07:29:45 +0000] [152] [INFO] Waiting for application startup.
[2026-04-04 07:29:45 +0000] [160] [INFO] Booting worker with pid: 160
[2026-04-04 07:29:45 +0000] [152] [INFO] Application startup complete.
[2026-04-04 07:29:45 +0000] [165] [INFO] Booting worker with pid: 165
[2026-04-04 07:29:45 +0000] [158] [INFO] Started server process [158]
[2026-04-04 07:29:45 +0000] [158] [INFO] Waiting for application startup.
[2026-04-04 07:29:45 +0000] [158] [INFO] Application startup complete.
[2026-04-04 07:29:45 +0000] [160] [INFO] Started server process [160]
[2026-04-04 07:29:45 +0000] [160] [INFO] Waiting for application startup.
[2026-04-04 07:29:45 +0000] [160] [INFO] Application startup complete.
[2026-04-04 07:29:45 +0000] [165] [INFO] Started server process [165]
[2026-04-04 07:29:45 +0000] [165] [INFO] Waiting for application startup.
[2026-04-04 07:29:45 +0000] [177] [INFO] Booting worker with pid: 177
[2026-04-04 07:29:45 +0000] [165] [INFO] Application startup complete.
[2026-04-04 07:29:45 +0000] [182] [INFO] Booting worker with pid: 182
[2026-04-04 07:29:45 +0000] [177] [INFO] Started server process [177]
[2026-04-04 07:29:45 +0000] [177] [INFO] Waiting for application startup.
[2026-04-04 07:29:45 +0000] [177] [INFO] Application startup complete.
[2026-04-04 07:29:45 +0000] [182] [INFO] Started server process [182]
[2026-04-04 07:29:45 +0000] [182] [INFO] Waiting for application startup.
[2026-04-04 07:29:45 +0000] [189] [INFO] Booting worker with pid: 189
[2026-04-04 07:29:45 +0000] [182] [INFO] Application startup complete.
[2026-04-04 07:29:45 +0000] [195] [INFO] Booting worker with pid: 195
[2026-04-04 07:29:45 +0000] [189] [INFO] Started server process [189]
[2026-04-04 07:29:45 +0000] [189] [INFO] Waiting for application startup.
[2026-04-04 07:29:45 +0000] [189] [INFO] Application startup complete.
[2026-04-04 07:29:45 +0000] [200] [INFO] Booting worker with pid: 200
[2026-04-04 07:29:45 +0000] [202] [INFO] Booting worker with pid: 202
[2026-04-04 07:29:45 +0000] [195] [INFO] Started server process [195]
[2026-04-04 07:29:45 +0000] [195] [INFO] Waiting for application startup.
[2026-04-04 07:29:45 +0000] [195] [INFO] Application startup complete.
[2026-04-04 07:29:45 +0000] [207] [INFO] Booting worker with pid: 207
[2026-04-04 07:29:45 +0000] [209] [INFO] Booting worker with pid: 209
[2026-04-04 07:29:45 +0000] [200] [INFO] Started server process [200]
[2026-04-04 07:29:45 +0000] [200] [INFO] Waiting for application startup.
[2026-04-04 07:29:45 +0000] [200] [INFO] Application startup complete.
[2026-04-04 07:29:46 +0000] [202] [INFO] Started server process [202]
[2026-04-04 07:29:46 +0000] [202] [INFO] Waiting for application startup.
[2026-04-04 07:29:46 +0000] [202] [INFO] Application startup complete.
[2026-04-04 07:29:46 +0000] [207] [INFO] Started server process [207]
[2026-04-04 07:29:46 +0000] [207] [INFO] Waiting for application startup.
[2026-04-04 07:29:46 +0000] [207] [INFO] Application startup complete.
[2026-04-04 07:29:46 +0000] [224] [INFO] Booting worker with pid: 224
[2026-04-04 07:29:46 +0000] [226] [INFO] Booting worker with pid: 226
[2026-04-04 07:29:46 +0000] [209] [INFO] Started server process [209]
[2026-04-04 07:29:46 +0000] [209] [INFO] Waiting for application startup.
[2026-04-04 07:29:46 +0000] [231] [INFO] Booting worker with pid: 231
[2026-04-04 07:29:46 +0000] [209] [INFO] Application startup complete.
[2026-04-04 07:29:46 +0000] [233] [INFO] Booting worker with pid: 233
[2026-04-04 07:29:46 +0000] [224] [INFO] Started server process [224]
[2026-04-04 07:29:46 +0000] [224] [INFO] Waiting for application startup.
[2026-04-04 07:29:46 +0000] [224] [INFO] Application startup complete.
[2026-04-04 07:29:46 +0000] [226] [INFO] Started server process [226]
[2026-04-04 07:29:46 +0000] [226] [INFO] Waiting for application startup.
[2026-04-04 07:29:46 +0000] [231] [INFO] Started server process [231]
[2026-04-04 07:29:46 +0000] [231] [INFO] Waiting for application startup.
[2026-04-04 07:29:46 +0000] [226] [INFO] Application startup complete.
[2026-04-04 07:29:46 +0000] [231] [INFO] Application startup complete.
[2026-04-04 07:29:46 +0000] [248] [INFO] Booting worker with pid: 248
[2026-04-04 07:29:46 +0000] [249] [INFO] Booting worker with pid: 249
[2026-04-04 07:29:46 +0000] [233] [INFO] Started server process [233]
[2026-04-04 07:29:46 +0000] [233] [INFO] Waiting for application startup.
[2026-04-04 07:29:46 +0000] [233] [INFO] Application startup complete.
[2026-04-04 07:29:46 +0000] [255] [INFO] Booting worker with pid: 255
[2026-04-04 07:29:46 +0000] [256] [INFO] Booting worker with pid: 256
[2026-04-04 07:29:46 +0000] [248] [INFO] Started server process [248]
[2026-04-04 07:29:46 +0000] [248] [INFO] Waiting for application startup.
[2026-04-04 07:29:46 +0000] [249] [INFO] Started server process [249]
[2026-04-04 07:29:46 +0000] [249] [INFO] Waiting for application startup.
[2026-04-04 07:29:46 +0000] [248] [INFO] Application startup complete.
[2026-04-04 07:29:46 +0000] [249] [INFO] Application startup complete.
[2026-04-04 07:29:46 +0000] [267] [INFO] Booting worker with pid: 267
[2026-04-04 07:29:46 +0000] [268] [INFO] Booting worker with pid: 268
[2026-04-04 07:29:46 +0000] [255] [INFO] Started server process [255]
[2026-04-04 07:29:46 +0000] [255] [INFO] Waiting for application startup.
[2026-04-04 07:29:46 +0000] [255] [INFO] Application startup complete.
[2026-04-04 07:29:46 +0000] [256] [INFO] Started server process [256]
[2026-04-04 07:29:46 +0000] [256] [INFO] Waiting for application startup.
[2026-04-04 07:29:46 +0000] [256] [INFO] Application startup complete.
[2026-04-04 07:29:46 +0000] [267] [INFO] Started server process [267]
[2026-04-04 07:29:46 +0000] [267] [INFO] Waiting for application startup.
[2026-04-04 07:29:46 +0000] [280] [INFO] Booting worker with pid: 280
[2026-04-04 07:29:46 +0000] [267] [INFO] Application startup complete.
[2026-04-04 07:29:46 +0000] [268] [INFO] Started server process [268]
[2026-04-04 07:29:46 +0000] [268] [INFO] Waiting for application startup.
[2026-04-04 07:29:46 +0000] [286] [INFO] Booting worker with pid: 286
[2026-04-04 07:29:46 +0000] [268] [INFO] Application startup complete.
[2026-04-04 07:29:46 +0000] [291] [INFO] Booting worker with pid: 291
[2026-04-04 07:29:46 +0000] [280] [INFO] Started server process [280]
[2026-04-04 07:29:46 +0000] [280] [INFO] Waiting for application startup.
[2026-04-04 07:29:46 +0000] [293] [INFO] Booting worker with pid: 293
[2026-04-04 07:29:46 +0000] [280] [INFO] Application startup complete.
[2026-04-04 07:29:46 +0000] [286] [INFO] Started server process [286]
[2026-04-04 07:29:46 +0000] [286] [INFO] Waiting for application startup.
[2026-04-04 07:29:46 +0000] [291] [INFO] Started server process [291]
[2026-04-04 07:29:46 +0000] [291] [INFO] Waiting for application startup.
[2026-04-04 07:29:46 +0000] [286] [INFO] Application startup complete.
[2026-04-04 07:29:46 +0000] [304] [INFO] Booting worker with pid: 304
[2026-04-04 07:29:46 +0000] [291] [INFO] Application startup complete.
[2026-04-04 07:29:46 +0000] [309] [INFO] Booting worker with pid: 309
[2026-04-04 07:29:46 +0000] [310] [INFO] Booting worker with pid: 310
[2026-04-04 07:29:46 +0000] [293] [INFO] Started server process [293]
[2026-04-04 07:29:46 +0000] [293] [INFO] Waiting for application startup.
[2026-04-04 07:29:46 +0000] [293] [INFO] Application startup complete.
[2026-04-04 07:29:46 +0000] [316] [INFO] Booting worker with pid: 316
[2026-04-04 07:29:46 +0000] [304] [INFO] Started server process [304]
[2026-04-04 07:29:46 +0000] [304] [INFO] Waiting for application startup.
[2026-04-04 07:29:46 +0000] [318] [INFO] Booting worker with pid: 318
[2026-04-04 07:29:46 +0000] [323] [INFO] Booting worker with pid: 323
[2026-04-04 07:29:46 +0000] [304] [INFO] Application startup complete.
[2026-04-04 07:29:46 +0000] [309] [INFO] Started server process [309]
[2026-04-04 07:29:46 +0000] [309] [INFO] Waiting for application startup.
[2026-04-04 07:29:46 +0000] [309] [INFO] Application startup complete.
[2026-04-04 07:29:46 +0000] [330] [INFO] Booting worker with pid: 330
[2026-04-04 07:29:46 +0000] [310] [INFO] Started server process [310]
[2026-04-04 07:29:46 +0000] [310] [INFO] Waiting for application startup.
[2026-04-04 07:29:46 +0000] [310] [INFO] Application startup complete.
[2026-04-04 07:29:46 +0000] [336] [INFO] Booting worker with pid: 336
[2026-04-04 07:29:46 +0000] [316] [INFO] Started server process [316]
[2026-04-04 07:29:46 +0000] [316] [INFO] Waiting for application startup.
[2026-04-04 07:29:46 +0000] [316] [INFO] Application startup complete.
[2026-04-04 07:29:46 +0000] [318] [INFO] Started server process [318]
[2026-04-04 07:29:46 +0000] [318] [INFO] Waiting for application startup.
[2026-04-04 07:29:46 +0000] [318] [INFO] Application startup complete.
[2026-04-04 07:29:46 +0000] [323] [INFO] Started server process [323]
[2026-04-04 07:29:46 +0000] [323] [INFO] Waiting for application startup.
[2026-04-04 07:29:46 +0000] [323] [INFO] Application startup complete.
[2026-04-04 07:29:47 +0000] [352] [INFO] Booting worker with pid: 352
[2026-04-04 07:29:47 +0000] [330] [INFO] Started server process [330]
[2026-04-04 07:29:47 +0000] [330] [INFO] Waiting for application startup.
[2026-04-04 07:29:47 +0000] [330] [INFO] Application startup complete.
[2026-04-04 07:29:47 +0000] [358] [INFO] Booting worker with pid: 358
[2026-04-04 07:29:47 +0000] [336] [INFO] Started server process [336]
[2026-04-04 07:29:47 +0000] [336] [INFO] Waiting for application startup.
[2026-04-04 07:29:47 +0000] [359] [INFO] Booting worker with pid: 359
[2026-04-04 07:29:47 +0000] [364] [INFO] Booting worker with pid: 364
[2026-04-04 07:29:47 +0000] [336] [INFO] Application startup complete.
[2026-04-04 07:29:47 +0000] [366] [INFO] Booting worker with pid: 366
[2026-04-04 07:29:47 +0000] [352] [INFO] Started server process [352]
[2026-04-04 07:29:47 +0000] [352] [INFO] Waiting for application startup.
[2026-04-04 07:29:47 +0000] [352] [INFO] Application startup complete.
[2026-04-04 07:29:47 +0000] [358] [INFO] Started server process [358]
[2026-04-04 07:29:47 +0000] [358] [INFO] Waiting for application startup.
[2026-04-04 07:29:47 +0000] [359] [INFO] Started server process [359]
[2026-04-04 07:29:47 +0000] [359] [INFO] Waiting for application startup.
[2026-04-04 07:29:47 +0000] [358] [INFO] Application startup complete.
[2026-04-04 07:29:47 +0000] [364] [INFO] Started server process [364]
[2026-04-04 07:29:47 +0000] [364] [INFO] Waiting for application startup.
[2026-04-04 07:29:47 +0000] [359] [INFO] Application startup complete.
[2026-04-04 07:29:47 +0000] [364] [INFO] Application startup complete.
[2026-04-04 07:29:47 +0000] [366] [INFO] Started server process [366]
[2026-04-04 07:29:47 +0000] [366] [INFO] Waiting for application startup.
[2026-04-04 07:29:47 +0000] [366] [INFO] Application startup complete.
