[2026-04-04 14:44:06 +0000] [1] [INFO] Starting gunicorn 23.0.0
[2026-04-04 14:44:06 +0000] [1] [INFO] Listening at: http://0.0.0.0:8080 (1)
[2026-04-04 14:44:06 +0000] [1] [INFO] Using worker: uvicorn.workers.UvicornWorker
[2026-04-04 14:44:06 +0000] [7] [INFO] Booting worker with pid: 7
[2026-04-04 14:44:06 +0000] [8] [INFO] Booting worker with pid: 8
[2026-04-04 14:44:06 +0000] [9] [INFO] Booting worker with pid: 9
[2026-04-04 14:44:06 +0000] [10] [INFO] Booting worker with pid: 10
[2026-04-04 14:44:06 +0000] [11] [INFO] Booting worker with pid: 11
[2026-04-04 14:44:06 +0000] [13] [INFO] Booting worker with pid: 13
[2026-04-04 14:44:06 +0000] [7] [INFO] Started server process [7]
[2026-04-04 14:44:06 +0000] [7] [INFO] Waiting for application startup.
[2026-04-04 14:44:06 +0000] [7] [INFO] Application startup complete.
[2026-04-04 14:44:06 +0000] [8] [INFO] Started server process [8]
[2026-04-04 14:44:06 +0000] [8] [INFO] Waiting for application startup.
[2026-04-04 14:44:06 +0000] [8] [INFO] Application startup complete.
[2026-04-04 14:44:06 +0000] [9] [INFO] Started server process [9]
[2026-04-04 14:44:06 +0000] [9] [INFO] Waiting for application startup.
[2026-04-04 14:44:06 +0000] [16] [INFO] Booting worker with pid: 16
[2026-04-04 14:44:06 +0000] [9] [INFO] Application startup complete.
[2026-04-04 14:44:06 +0000] [17] [INFO] Booting worker with pid: 17
[2026-04-04 14:44:06 +0000] [18] [INFO] Booting worker with pid: 18
[2026-04-04 14:44:06 +0000] [19] [INFO] Booting worker with pid: 19
[2026-04-04 14:44:06 +0000] [21] [INFO] Booting worker with pid: 21
[2026-04-04 14:44:06 +0000] [10] [INFO] Started server process [10]
[2026-04-04 14:44:06 +0000] [10] [INFO] Waiting for application startup.
[2026-04-04 14:44:06 +0000] [10] [INFO] Application startup complete.
[2026-04-04 14:44:06 +0000] [11] [INFO] Started server process [11]
[2026-04-04 14:44:06 +0000] [11] [INFO] Waiting for application startup.
[2026-04-04 14:44:06 +0000] [11] [INFO] Application startup complete.
[2026-04-04 14:44:07 +0000] [23] [INFO] Booting worker with pid: 23
[2026-04-04 14:44:07 +0000] [13] [INFO] Started server process [13]
[2026-04-04 14:44:07 +0000] [13] [INFO] Waiting for application startup.
[2026-04-04 14:44:07 +0000] [13] [INFO] Application startup complete.
[2026-04-04 14:44:07 +0000] [25] [INFO] Booting worker with pid: 25
[2026-04-04 14:44:07 +0000] [16] [INFO] Started server process [16]
[2026-04-04 14:44:07 +0000] [16] [INFO] Waiting for application startup.
[2026-04-04 14:44:07 +0000] [16] [INFO] Application startup complete.
[2026-04-04 14:44:07 +0000] [17] [INFO] Started server process [17]
[2026-04-04 14:44:07 +0000] [17] [INFO] Waiting for application startup.
[2026-04-04 14:44:07 +0000] [17] [INFO] Application startup complete.
[2026-04-04 14:44:07 +0000] [28] [INFO] Booting worker with pid: 28
[2026-04-04 14:44:07 +0000] [18] [INFO] Started server process [18]
[2026-04-04 14:44:07 +0000] [18] [INFO] Waiting for application startup.
[2026-04-04 14:44:07 +0000] [18] [INFO] Application startup complete.
[2026-04-04 14:44:07 +0000] [19] [INFO] Started server process [19]
[2026-04-04 14:44:07 +0000] [19] [INFO] Waiting for application startup.
[2026-04-04 14:44:07 +0000] [19] [INFO] Application startup complete.
[2026-04-04 14:44:07 +0000] [21] [INFO] Started server process [21]
[2026-04-04 14:44:07 +0000] [21] [INFO] Waiting for application startup.
[2026-04-04 14:44:07 +0000] [21] [INFO] Application startup complete.
[2026-04-04 14:44:07 +0000] [32] [INFO] Booting worker with pid: 32
[2026-04-04 14:44:07 +0000] [33] [INFO] Booting worker with pid: 33
[2026-04-04 14:44:07 +0000] [34] [INFO] Booting worker with pid: 34
[2026-04-04 14:44:07 +0000] [23] [INFO] Started server process [23]
[2026-04-04 14:44:07 +0000] [23] [INFO] Waiting for application startup.
[2026-04-04 14:44:07 +0000] [23] [INFO] Application startup complete.
[2026-04-04 14:44:07 +0000] [37] [INFO] Booting worker with pid: 37
[2026-04-04 14:44:07 +0000] [25] [INFO] Started server process [25]
[2026-04-04 14:44:07 +0000] [25] [INFO] Waiting for application startup.
[2026-04-04 14:44:07 +0000] [25] [INFO] Application startup complete.
[2026-04-04 14:44:07 +0000] [28] [INFO] Started server process [28]
[2026-04-04 14:44:07 +0000] [28] [INFO] Waiting for application startup.
[2026-04-04 14:44:07 +0000] [28] [INFO] Application startup complete.
[2026-04-04 14:44:07 +0000] [39] [INFO] Booting worker with pid: 39
[2026-04-04 14:44:07 +0000] [32] [INFO] Started server process [32]
[2026-04-04 14:44:07 +0000] [32] [INFO] Waiting for application startup.
[2026-04-04 14:44:07 +0000] [32] [INFO] Application startup complete.
[2026-04-04 14:44:07 +0000] [33] [INFO] Started server process [33]
[2026-04-04 14:44:07 +0000] [33] [INFO] Waiting for application startup.
[2026-04-04 14:44:07 +0000] [33] [INFO] Application startup complete.
[2026-04-04 14:44:07 +0000] [42] [INFO] Booting worker with pid: 42
[2026-04-04 14:44:07 +0000] [34] [INFO] Started server process [34]
[2026-04-04 14:44:07 +0000] [34] [INFO] Waiting for application startup.
[2026-04-04 14:44:07 +0000] [34] [INFO] Application startup complete.
[2026-04-04 14:44:07 +0000] [44] [INFO] Booting worker with pid: 44
[2026-04-04 14:44:07 +0000] [37] [INFO] Started server process [37]
[2026-04-04 14:44:07 +0000] [37] [INFO] Waiting for application startup.
[2026-04-04 14:44:07 +0000] [37] [INFO] Application startup complete.
[2026-04-04 14:44:07 +0000] [46] [INFO] Booting worker with pid: 46
[2026-04-04 14:44:07 +0000] [47] [INFO] Booting worker with pid: 47
[2026-04-04 14:44:07 +0000] [48] [INFO] Booting worker with pid: 48
[2026-04-04 14:44:07 +0000] [39] [INFO] Started server process [39]
[2026-04-04 14:44:07 +0000] [39] [INFO] Waiting for application startup.
[2026-04-04 14:44:07 +0000] [39] [INFO] Application startup complete.
[2026-04-04 14:44:07 +0000] [50] [INFO] Booting worker with pid: 50
[2026-04-04 14:44:07 +0000] [51] [INFO] Booting worker with pid: 51
[2026-04-04 14:44:07 +0000] [52] [INFO] Booting worker with pid: 52
[2026-04-04 14:44:07 +0000] [42] [INFO] Started server process [42]
[2026-04-04 14:44:07 +0000] [42] [INFO] Waiting for application startup.
[2026-04-04 14:44:07 +0000] [42] [INFO] Application startup complete.
[2026-04-04 14:44:07 +0000] [44] [INFO] Started server process [44]
[2026-04-04 14:44:07 +0000] [44] [INFO] Waiting for application startup.
[2026-04-04 14:44:07 +0000] [44] [INFO] Application startup complete.
[2026-04-04 14:44:07 +0000] [55] [INFO] Booting worker with pid: 55
[2026-04-04 14:44:07 +0000] [46] [INFO] Started server process [46]
[2026-04-04 14:44:07 +0000] [46] [INFO] Waiting for application startup.
[2026-04-04 14:44:07 +0000] [46] [INFO] Application startup complete.
[2026-04-04 14:44:07 +0000] [57] [INFO] Booting worker with pid: 57
[2026-04-04 14:44:07 +0000] [47] [INFO] Started server process [47]
[2026-04-04 14:44:07 +0000] [47] [INFO] Waiting for application startup.
[2026-04-04 14:44:07 +0000] [47] [INFO] Application startup complete.
[2026-04-04 14:44:08 +0000] [48] [INFO] Started server process [48]
[2026-04-04 14:44:08 +0000] [48] [INFO] Waiting for application startup.
[2026-04-04 14:44:08 +0000] [48] [INFO] Application startup complete.
[2026-04-04 14:44:08 +0000] [60] [INFO] Booting worker with pid: 60
[2026-04-04 14:44:08 +0000] [51] [INFO] Started server process [51]
[2026-04-04 14:44:08 +0000] [51] [INFO] Waiting for application startup.
[2026-04-04 14:44:08 +0000] [51] [INFO] Application startup complete.
[2026-04-04 14:44:08 +0000] [50] [INFO] Started server process [50]
[2026-04-04 14:44:08 +0000] [50] [INFO] Waiting for application startup.
[2026-04-04 14:44:08 +0000] [50] [INFO] Application startup complete.
[2026-04-04 14:44:08 +0000] [52] [INFO] Started server process [52]
[2026-04-04 14:44:08 +0000] [52] [INFO] Waiting for application startup.
[2026-04-04 14:44:08 +0000] [52] [INFO] Application startup complete.
[2026-04-04 14:44:08 +0000] [64] [INFO] Booting worker with pid: 64
[2026-04-04 14:44:08 +0000] [66] [INFO] Booting worker with pid: 66
[2026-04-04 14:44:08 +0000] [55] [INFO] Started server process [55]
[2026-04-04 14:44:08 +0000] [55] [INFO] Waiting for application startup.
[2026-04-04 14:44:08 +0000] [55] [INFO] Application startup complete.
[2026-04-04 14:44:08 +0000] [57] [INFO] Started server process [57]
[2026-04-04 14:44:08 +0000] [57] [INFO] Waiting for application startup.
[2026-04-04 14:44:08 +0000] [57] [INFO] Application startup complete.
[2026-04-04 14:44:08 +0000] [68] [INFO] Booting worker with pid: 68
[2026-04-04 14:44:08 +0000] [69] [INFO] Booting worker with pid: 69
[2026-04-04 14:44:08 +0000] [60] [INFO] Started server process [60]
[2026-04-04 14:44:08 +0000] [60] [INFO] Waiting for application startup.
[2026-04-04 14:44:08 +0000] [60] [INFO] Application startup complete.
[2026-04-04 14:44:08 +0000] [71] [INFO] Booting worker with pid: 71
[2026-04-04 14:44:08 +0000] [73] [INFO] Booting worker with pid: 73
[2026-04-04 14:44:08 +0000] [64] [INFO] Started server process [64]
[2026-04-04 14:44:08 +0000] [64] [INFO] Waiting for application startup.
[2026-04-04 14:44:08 +0000] [64] [INFO] Application startup complete.
[2026-04-04 14:44:08 +0000] [75] [INFO] Booting worker with pid: 75
[2026-04-04 14:44:08 +0000] [66] [INFO] Started server process [66]
[2026-04-04 14:44:08 +0000] [66] [INFO] Waiting for application startup.
[2026-04-04 14:44:08 +0000] [66] [INFO] Application startup complete.
[2026-04-04 14:44:08 +0000] [76] [INFO] Booting worker with pid: 76
[2026-04-04 14:44:08 +0000] [68] [INFO] Started server process [68]
[2026-04-04 14:44:08 +0000] [68] [INFO] Waiting for application startup.
[2026-04-04 14:44:08 +0000] [68] [INFO] Application startup complete.
[2026-04-04 14:44:08 +0000] [78] [INFO] Booting worker with pid: 78
[2026-04-04 14:44:08 +0000] [80] [INFO] Booting worker with pid: 80
[2026-04-04 14:44:08 +0000] [81] [INFO] Booting worker with pid: 81
[2026-04-04 14:44:08 +0000] [71] [INFO] Started server process [71]
[2026-04-04 14:44:08 +0000] [71] [INFO] Waiting for application startup.
[2026-04-04 14:44:08 +0000] [71] [INFO] Application startup complete.
[2026-04-04 14:44:08 +0000] [69] [INFO] Started server process [69]
[2026-04-04 14:44:08 +0000] [69] [INFO] Waiting for application startup.
[2026-04-04 14:44:08 +0000] [69] [INFO] Application startup complete.
[2026-04-04 14:44:08 +0000] [73] [INFO] Started server process [73]
[2026-04-04 14:44:08 +0000] [73] [INFO] Waiting for application startup.
[2026-04-04 14:44:08 +0000] [73] [INFO] Application startup complete.
[2026-04-04 14:44:08 +0000] [84] [INFO] Booting worker with pid: 84
[2026-04-04 14:44:08 +0000] [86] [INFO] Booting worker with pid: 86
[2026-04-04 14:44:08 +0000] [87] [INFO] Booting worker with pid: 87
[2026-04-04 14:44:08 +0000] [76] [INFO] Started server process [76]
[2026-04-04 14:44:08 +0000] [76] [INFO] Waiting for application startup.
[2026-04-04 14:44:08 +0000] [76] [INFO] Application startup complete.
[2026-04-04 14:44:08 +0000] [75] [INFO] Started server process [75]
[2026-04-04 14:44:08 +0000] [75] [INFO] Waiting for application startup.
[2026-04-04 14:44:08 +0000] [75] [INFO] Application startup complete.
[2026-04-04 14:44:08 +0000] [89] [INFO] Booting worker with pid: 89
[2026-04-04 14:44:08 +0000] [90] [INFO] Booting worker with pid: 90
[2026-04-04 14:44:09 +0000] [91] [INFO] Booting worker with pid: 91
[2026-04-04 14:44:09 +0000] [95] [INFO] Booting worker with pid: 95
[2026-04-04 14:44:09 +0000] [78] [INFO] Started server process [78]
[2026-04-04 14:44:09 +0000] [78] [INFO] Waiting for application startup.
[2026-04-04 14:44:09 +0000] [78] [INFO] Application startup complete.
[2026-04-04 14:44:09 +0000] [80] [INFO] Started server process [80]
[2026-04-04 14:44:09 +0000] [80] [INFO] Waiting for application startup.
[2026-04-04 14:44:09 +0000] [80] [INFO] Application startup complete.
[2026-04-04 14:44:09 +0000] [81] [INFO] Started server process [81]
[2026-04-04 14:44:09 +0000] [81] [INFO] Waiting for application startup.
[2026-04-04 14:44:09 +0000] [81] [INFO] Application startup complete.
[2026-04-04 14:44:09 +0000] [96] [INFO] Booting worker with pid: 96
[2026-04-04 14:44:09 +0000] [84] [INFO] Started server process [84]
[2026-04-04 14:44:09 +0000] [84] [INFO] Waiting for application startup.
[2026-04-04 14:44:09 +0000] [84] [INFO] Application startup complete.
[2026-04-04 14:44:09 +0000] [98] [INFO] Booting worker with pid: 98
[2026-04-04 14:44:09 +0000] [101] [INFO] Booting worker with pid: 101
[2026-04-04 14:44:09 +0000] [102] [INFO] Booting worker with pid: 102
[2026-04-04 14:44:09 +0000] [86] [INFO] Started server process [86]
[2026-04-04 14:44:09 +0000] [86] [INFO] Waiting for application startup.
[2026-04-04 14:44:09 +0000] [86] [INFO] Application startup complete.
[2026-04-04 14:44:09 +0000] [87] [INFO] Started server process [87]
[2026-04-04 14:44:09 +0000] [87] [INFO] Waiting for application startup.
[2026-04-04 14:44:09 +0000] [87] [INFO] Application startup complete.
[2026-04-04 14:44:09 +0000] [103] [INFO] Booting worker with pid: 103
[2026-04-04 14:44:09 +0000] [104] [INFO] Booting worker with pid: 104
[2026-04-04 14:44:09 +0000] [105] [INFO] Booting worker with pid: 105
[2026-04-04 14:44:09 +0000] [108] [INFO] Booting worker with pid: 108
[2026-04-04 14:44:09 +0000] [89] [INFO] Started server process [89]
[2026-04-04 14:44:09 +0000] [89] [INFO] Waiting for application startup.
[2026-04-04 14:44:09 +0000] [89] [INFO] Application startup complete.
[2026-04-04 14:44:09 +0000] [90] [INFO] Started server process [90]
[2026-04-04 14:44:09 +0000] [90] [INFO] Waiting for application startup.
[2026-04-04 14:44:09 +0000] [90] [INFO] Application startup complete.
[2026-04-04 14:44:09 +0000] [110] [INFO] Booting worker with pid: 110
[2026-04-04 14:44:09 +0000] [91] [INFO] Started server process [91]
[2026-04-04 14:44:09 +0000] [91] [INFO] Waiting for application startup.
[2026-04-04 14:44:09 +0000] [91] [INFO] Application startup complete.
[2026-04-04 14:44:09 +0000] [95] [INFO] Started server process [95]
[2026-04-04 14:44:09 +0000] [95] [INFO] Waiting for application startup.
[2026-04-04 14:44:09 +0000] [95] [INFO] Application startup complete.
[2026-04-04 14:44:09 +0000] [96] [INFO] Started server process [96]
[2026-04-04 14:44:09 +0000] [96] [INFO] Waiting for application startup.
[2026-04-04 14:44:09 +0000] [96] [INFO] Application startup complete.
[2026-04-04 14:44:09 +0000] [113] [INFO] Booting worker with pid: 113
[2026-04-04 14:44:09 +0000] [114] [INFO] Booting worker with pid: 114
[2026-04-04 14:44:09 +0000] [98] [INFO] Started server process [98]
[2026-04-04 14:44:09 +0000] [98] [INFO] Waiting for application startup.
[2026-04-04 14:44:09 +0000] [98] [INFO] Application startup complete.
[2026-04-04 14:44:09 +0000] [117] [INFO] Booting worker with pid: 117
[2026-04-04 14:44:09 +0000] [119] [INFO] Booting worker with pid: 119
[2026-04-04 14:44:09 +0000] [101] [INFO] Started server process [101]
[2026-04-04 14:44:09 +0000] [101] [INFO] Waiting for application startup.
[2026-04-04 14:44:09 +0000] [101] [INFO] Application startup complete.
[2026-04-04 14:44:09 +0000] [102] [INFO] Started server process [102]
[2026-04-04 14:44:09 +0000] [102] [INFO] Waiting for application startup.
[2026-04-04 14:44:09 +0000] [102] [INFO] Application startup complete.
[2026-04-04 14:44:09 +0000] [103] [INFO] Started server process [103]
[2026-04-04 14:44:09 +0000] [103] [INFO] Waiting for application startup.
[2026-04-04 14:44:09 +0000] [103] [INFO] Application startup complete.
[2026-04-04 14:44:09 +0000] [121] [INFO] Booting worker with pid: 121
[2026-04-04 14:44:09 +0000] [104] [INFO] Started server process [104]
[2026-04-04 14:44:09 +0000] [104] [INFO] Waiting for application startup.
[2026-04-04 14:44:09 +0000] [104] [INFO] Application startup complete.
[2026-04-04 14:44:09 +0000] [105] [INFO] Started server process [105]
[2026-04-04 14:44:09 +0000] [105] [INFO] Waiting for application startup.
[2026-04-04 14:44:09 +0000] [105] [INFO] Application startup complete.
[2026-04-04 14:44:09 +0000] [108] [INFO] Started server process [108]
[2026-04-04 14:44:09 +0000] [108] [INFO] Waiting for application startup.
[2026-04-04 14:44:09 +0000] [108] [INFO] Application startup complete.
[2026-04-04 14:44:09 +0000] [125] [INFO] Booting worker with pid: 125
[2026-04-04 14:44:09 +0000] [126] [INFO] Booting worker with pid: 126
[2026-04-04 14:44:09 +0000] [110] [INFO] Started server process [110]
[2026-04-04 14:44:09 +0000] [110] [INFO] Waiting for application startup.
[2026-04-04 14:44:09 +0000] [110] [INFO] Application startup complete.
[2026-04-04 14:44:10 +0000] [113] [INFO] Started server process [113]
[2026-04-04 14:44:10 +0000] [113] [INFO] Waiting for application startup.
[2026-04-04 14:44:10 +0000] [113] [INFO] Application startup complete.
[2026-04-04 14:44:10 +0000] [114] [INFO] Started server process [114]
[2026-04-04 14:44:10 +0000] [114] [INFO] Waiting for application startup.
[2026-04-04 14:44:10 +0000] [114] [INFO] Application startup complete.
[2026-04-04 14:44:10 +0000] [117] [INFO] Started server process [117]
[2026-04-04 14:44:10 +0000] [117] [INFO] Waiting for application startup.
[2026-04-04 14:44:10 +0000] [117] [INFO] Application startup complete.
[2026-04-04 14:44:10 +0000] [119] [INFO] Started server process [119]
[2026-04-04 14:44:10 +0000] [119] [INFO] Waiting for application startup.
[2026-04-04 14:44:10 +0000] [119] [INFO] Application startup complete.
[2026-04-04 14:44:10 +0000] [121] [INFO] Started server process [121]
[2026-04-04 14:44:10 +0000] [121] [INFO] Waiting for application startup.
[2026-04-04 14:44:10 +0000] [121] [INFO] Application startup complete.
[2026-04-04 14:44:10 +0000] [125] [INFO] Started server process [125]
[2026-04-04 14:44:10 +0000] [125] [INFO] Waiting for application startup.
[2026-04-04 14:44:10 +0000] [125] [INFO] Application startup complete.
[2026-04-04 14:44:10 +0000] [126] [INFO] Started server process [126]
[2026-04-04 14:44:10 +0000] [126] [INFO] Waiting for application startup.
[2026-04-04 14:44:10 +0000] [126] [INFO] Application startup complete.
