[2026-04-04 15:44:18 +0000] [1] [INFO] Starting gunicorn 23.0.0
[2026-04-04 15:44:18 +0000] [1] [INFO] Listening at: http://0.0.0.0:8080 (1)
[2026-04-04 15:44:18 +0000] [1] [INFO] Using worker: uvicorn.workers.UvicornWorker
[2026-04-04 15:44:18 +0000] [7] [INFO] Booting worker with pid: 7
[2026-04-04 15:44:18 +0000] [8] [INFO] Booting worker with pid: 8
[2026-04-04 15:44:18 +0000] [7] [INFO] Started server process [7]
[2026-04-04 15:44:18 +0000] [7] [INFO] Waiting for application startup.
[2026-04-04 15:44:18 +0000] [7] [INFO] Application startup complete.
[2026-04-04 15:44:18 +0000] [11] [INFO] Booting worker with pid: 11
[2026-04-04 15:44:18 +0000] [12] [INFO] Booting worker with pid: 12
[2026-04-04 15:44:18 +0000] [8] [INFO] Started server process [8]
[2026-04-04 15:44:18 +0000] [8] [INFO] Waiting for application startup.
[2026-04-04 15:44:18 +0000] [8] [INFO] Application startup complete.
[2026-04-04 15:44:18 +0000] [13] [INFO] Booting worker with pid: 13
[2026-04-04 15:44:18 +0000] [16] [INFO] Booting worker with pid: 16
[2026-04-04 15:44:18 +0000] [12] [INFO] Started server process [12]
[2026-04-04 15:44:18 +0000] [12] [INFO] Waiting for application startup.
[2026-04-04 15:44:18 +0000] [12] [INFO] Application startup complete.
[2026-04-04 15:44:18 +0000] [11] [INFO] Started server process [11]
[2026-04-04 15:44:18 +0000] [11] [INFO] Waiting for application startup.
[2026-04-04 15:44:18 +0000] [11] [INFO] Application startup complete.
[2026-04-04 15:44:18 +0000] [13] [INFO] Started server process [13]
[2026-04-04 15:44:18 +0000] [13] [INFO] Waiting for application startup.
[2026-04-04 15:44:18 +0000] [13] [INFO] Application startup complete.
[2026-04-04 15:44:18 +0000] [18] [INFO] Booting worker with pid: 18
[2026-04-04 15:44:18 +0000] [16] [INFO] Started server process [16]
[2026-04-04 15:44:18 +0000] [16] [INFO] Waiting for application startup.
[2026-04-04 15:44:18 +0000] [16] [INFO] Application startup complete.
[2026-04-04 15:44:18 +0000] [21] [INFO] Booting worker with pid: 21
[2026-04-04 15:44:18 +0000] [22] [INFO] Booting worker with pid: 22
[2026-04-04 15:44:18 +0000] [18] [INFO] Started server process [18]
[2026-04-04 15:44:18 +0000] [18] [INFO] Waiting for application startup.
[2026-04-04 15:44:18 +0000] [18] [INFO] Application startup complete.
[2026-04-04 15:44:18 +0000] [25] [INFO] Booting worker with pid: 25
[2026-04-04 15:44:18 +0000] [21] [INFO] Started server process [21]
[2026-04-04 15:44:18 +0000] [21] [INFO] Waiting for application startup.
[2026-04-04 15:44:18 +0000] [21] [INFO] Application startup complete.
[2026-04-04 15:44:18 +0000] [22] [INFO] Started server process [22]
[2026-04-04 15:44:18 +0000] [22] [INFO] Waiting for application startup.
[2026-04-04 15:44:18 +0000] [22] [INFO] Application startup complete.
[2026-04-04 15:44:18 +0000] [26] [INFO] Booting worker with pid: 26
[2026-04-04 15:44:18 +0000] [27] [INFO] Booting worker with pid: 27
[2026-04-04 15:44:18 +0000] [25] [INFO] Started server process [25]
[2026-04-04 15:44:18 +0000] [25] [INFO] Waiting for application startup.
[2026-04-04 15:44:18 +0000] [25] [INFO] Application startup complete.
[2026-04-04 15:44:18 +0000] [26] [INFO] Started server process [26]
[2026-04-04 15:44:18 +0000] [26] [INFO] Waiting for application startup.
[2026-04-04 15:44:18 +0000] [26] [INFO] Application startup complete.
[2026-04-04 15:44:18 +0000] [27] [INFO] Started server process [27]
[2026-04-04 15:44:18 +0000] [27] [INFO] Waiting for application startup.
[2026-04-04 15:44:18 +0000] [27] [INFO] Application startup complete.
[2026-04-04 15:44:18 +0000] [31] [INFO] Booting worker with pid: 31
[2026-04-04 15:44:18 +0000] [32] [INFO] Booting worker with pid: 32
[2026-04-04 15:44:18 +0000] [31] [INFO] Started server process [31]
[2026-04-04 15:44:18 +0000] [31] [INFO] Waiting for application startup.
[2026-04-04 15:44:18 +0000] [31] [INFO] Application startup complete.
[2026-04-04 15:44:19 +0000] [32] [INFO] Started server process [32]
[2026-04-04 15:44:19 +0000] [32] [INFO] Waiting for application startup.
[2026-04-04 15:44:19 +0000] [32] [INFO] Application startup complete.
[2026-04-04 15:44:19 +0000] [35] [INFO] Booting worker with pid: 35
[2026-04-04 15:44:19 +0000] [37] [INFO] Booting worker with pid: 37
[2026-04-04 15:44:19 +0000] [35] [INFO] Started server process [35]
[2026-04-04 15:44:19 +0000] [35] [INFO] Waiting for application startup.
[2026-04-04 15:44:19 +0000] [35] [INFO] Application startup complete.
[2026-04-04 15:44:19 +0000] [38] [INFO] Booting worker with pid: 38
[2026-04-04 15:44:19 +0000] [37] [INFO] Started server process [37]
[2026-04-04 15:44:19 +0000] [37] [INFO] Waiting for application startup.
[2026-04-04 15:44:19 +0000] [37] [INFO] Application startup complete.
[2026-04-04 15:44:19 +0000] [40] [INFO] Booting worker with pid: 40
[2026-04-04 15:44:19 +0000] [41] [INFO] Booting worker with pid: 41
[2026-04-04 15:44:19 +0000] [38] [INFO] Started server process [38]
[2026-04-04 15:44:19 +0000] [38] [INFO] Waiting for application startup.
[2026-04-04 15:44:19 +0000] [38] [INFO] Application startup complete.
[2026-04-04 15:44:19 +0000] [40] [INFO] Started server process [40]
[2026-04-04 15:44:19 +0000] [40] [INFO] Waiting for application startup.
[2026-04-04 15:44:19 +0000] [40] [INFO] Application startup complete.
[2026-04-04 15:44:19 +0000] [41] [INFO] Started server process [41]
[2026-04-04 15:44:19 +0000] [41] [INFO] Waiting for application startup.
[2026-04-04 15:44:19 +0000] [41] [INFO] Application startup complete.
[2026-04-04 15:44:19 +0000] [45] [INFO] Booting worker with pid: 45
[2026-04-04 15:44:19 +0000] [47] [INFO] Booting worker with pid: 47
[2026-04-04 15:44:19 +0000] [45] [INFO] Started server process [45]
[2026-04-04 15:44:19 +0000] [45] [INFO] Waiting for application startup.
[2026-04-04 15:44:19 +0000] [45] [INFO] Application startup complete.
[2026-04-04 15:44:19 +0000] [48] [INFO] Booting worker with pid: 48
[2026-04-04 15:44:19 +0000] [47] [INFO] Started server process [47]
[2026-04-04 15:44:19 +0000] [47] [INFO] Waiting for application startup.
[2026-04-04 15:44:19 +0000] [47] [INFO] Application startup complete.
[2026-04-04 15:44:19 +0000] [48] [INFO] Started server process [48]
[2026-04-04 15:44:19 +0000] [48] [INFO] Waiting for application startup.
[2026-04-04 15:44:19 +0000] [48] [INFO] Application startup complete.
[2026-04-04 15:44:19 +0000] [131] [INFO] Booting worker with pid: 131
[2026-04-04 15:44:19 +0000] [134] [INFO] Booting worker with pid: 134
[2026-04-04 15:44:19 +0000] [138] [INFO] Booting worker with pid: 138
[2026-04-04 15:44:19 +0000] [131] [INFO] Started server process [131]
[2026-04-04 15:44:19 +0000] [131] [INFO] Waiting for application startup.
[2026-04-04 15:44:19 +0000] [131] [INFO] Application startup complete.
[2026-04-04 15:44:19 +0000] [134] [INFO] Started server process [134]
[2026-04-04 15:44:19 +0000] [134] [INFO] Waiting for application startup.
[2026-04-04 15:44:19 +0000] [134] [INFO] Application startup complete.
[2026-04-04 15:44:19 +0000] [147] [INFO] Booting worker with pid: 147
[2026-04-04 15:44:19 +0000] [138] [INFO] Started server process [138]
[2026-04-04 15:44:19 +0000] [138] [INFO] Waiting for application startup.
[2026-04-04 15:44:19 +0000] [138] [INFO] Application startup complete.
[2026-04-04 15:44:19 +0000] [153] [INFO] Booting worker with pid: 153
[2026-04-04 15:44:19 +0000] [147] [INFO] Started server process [147]
[2026-04-04 15:44:19 +0000] [147] [INFO] Waiting for application startup.
[2026-04-04 15:44:19 +0000] [147] [INFO] Application startup complete.
[2026-04-04 15:44:19 +0000] [153] [INFO] Started server process [153]
[2026-04-04 15:44:19 +0000] [153] [INFO] Waiting for application startup.
[2026-04-04 15:44:19 +0000] [153] [INFO] Application startup complete.
[2026-04-04 15:44:19 +0000] [162] [INFO] Booting worker with pid: 162
[2026-04-04 15:44:19 +0000] [163] [INFO] Booting worker with pid: 163
[2026-04-04 15:44:19 +0000] [172] [INFO] Booting worker with pid: 172
[2026-04-04 15:44:19 +0000] [163] [INFO] Started server process [163]
[2026-04-04 15:44:19 +0000] [163] [INFO] Waiting for application startup.
[2026-04-04 15:44:19 +0000] [163] [INFO] Application startup complete.
[2026-04-04 15:44:19 +0000] [162] [INFO] Started server process [162]
[2026-04-04 15:44:19 +0000] [162] [INFO] Waiting for application startup.
[2026-04-04 15:44:19 +0000] [162] [INFO] Application startup complete.
[2026-04-04 15:44:19 +0000] [180] [INFO] Booting worker with pid: 180
[2026-04-04 15:44:19 +0000] [172] [INFO] Started server process [172]
[2026-04-04 15:44:19 +0000] [172] [INFO] Waiting for application startup.
[2026-04-04 15:44:19 +0000] [172] [INFO] Application startup complete.
[2026-04-04 15:44:20 +0000] [186] [INFO] Booting worker with pid: 186
[2026-04-04 15:44:20 +0000] [189] [INFO] Booting worker with pid: 189
[2026-04-04 15:44:20 +0000] [180] [INFO] Started server process [180]
[2026-04-04 15:44:20 +0000] [180] [INFO] Waiting for application startup.
[2026-04-04 15:44:20 +0000] [180] [INFO] Application startup complete.
[2026-04-04 15:44:20 +0000] [196] [INFO] Booting worker with pid: 196
[2026-04-04 15:44:20 +0000] [186] [INFO] Started server process [186]
[2026-04-04 15:44:20 +0000] [186] [INFO] Waiting for application startup.
[2026-04-04 15:44:20 +0000] [186] [INFO] Application startup complete.
[2026-04-04 15:44:20 +0000] [200] [INFO] Booting worker with pid: 200
[2026-04-04 15:44:20 +0000] [189] [INFO] Started server process [189]
[2026-04-04 15:44:20 +0000] [189] [INFO] Waiting for application startup.
[2026-04-04 15:44:20 +0000] [189] [INFO] Application startup complete.
[2026-04-04 15:44:20 +0000] [196] [INFO] Started server process [196]
[2026-04-04 15:44:20 +0000] [196] [INFO] Waiting for application startup.
[2026-04-04 15:44:20 +0000] [196] [INFO] Application startup complete.
[2026-04-04 15:44:20 +0000] [207] [INFO] Booting worker with pid: 207
[2026-04-04 15:44:20 +0000] [214] [INFO] Booting worker with pid: 214
[2026-04-04 15:44:20 +0000] [200] [INFO] Started server process [200]
[2026-04-04 15:44:20 +0000] [200] [INFO] Waiting for application startup.
[2026-04-04 15:44:20 +0000] [200] [INFO] Application startup complete.
[2026-04-04 15:44:20 +0000] [207] [INFO] Started server process [207]
[2026-04-04 15:44:20 +0000] [207] [INFO] Waiting for application startup.
[2026-04-04 15:44:20 +0000] [207] [INFO] Application startup complete.
[2026-04-04 15:44:20 +0000] [223] [INFO] Booting worker with pid: 223
[2026-04-04 15:44:20 +0000] [214] [INFO] Started server process [214]
[2026-04-04 15:44:20 +0000] [214] [INFO] Waiting for application startup.
[2026-04-04 15:44:20 +0000] [214] [INFO] Application startup complete.
[2026-04-04 15:44:20 +0000] [229] [INFO] Booting worker with pid: 229
[2026-04-04 15:44:20 +0000] [223] [INFO] Started server process [223]
[2026-04-04 15:44:20 +0000] [223] [INFO] Waiting for application startup.
[2026-04-04 15:44:20 +0000] [223] [INFO] Application startup complete.
[2026-04-04 15:44:20 +0000] [233] [INFO] Booting worker with pid: 233
[2026-04-04 15:44:20 +0000] [243] [INFO] Booting worker with pid: 243
[2026-04-04 15:44:20 +0000] [229] [INFO] Started server process [229]
[2026-04-04 15:44:20 +0000] [229] [INFO] Waiting for application startup.
[2026-04-04 15:44:20 +0000] [229] [INFO] Application startup complete.
[2026-04-04 15:44:20 +0000] [245] [INFO] Booting worker with pid: 245
[2026-04-04 15:44:20 +0000] [249] [INFO] Booting worker with pid: 249
[2026-04-04 15:44:20 +0000] [233] [INFO] Started server process [233]
[2026-04-04 15:44:20 +0000] [233] [INFO] Waiting for application startup.
[2026-04-04 15:44:20 +0000] [233] [INFO] Application startup complete.
[2026-04-04 15:44:20 +0000] [256] [INFO] Booting worker with pid: 256
[2026-04-04 15:44:20 +0000] [243] [INFO] Started server process [243]
[2026-04-04 15:44:20 +0000] [243] [INFO] Waiting for application startup.
[2026-04-04 15:44:20 +0000] [243] [INFO] Application startup complete.
[2026-04-04 15:44:20 +0000] [249] [INFO] Started server process [249]
[2026-04-04 15:44:20 +0000] [249] [INFO] Waiting for application startup.
[2026-04-04 15:44:20 +0000] [249] [INFO] Application startup complete.
[2026-04-04 15:44:20 +0000] [245] [INFO] Started server process [245]
[2026-04-04 15:44:20 +0000] [245] [INFO] Waiting for application startup.
[2026-04-04 15:44:20 +0000] [245] [INFO] Application startup complete.
[2026-04-04 15:44:20 +0000] [270] [INFO] Booting worker with pid: 270
[2026-04-04 15:44:20 +0000] [272] [INFO] Booting worker with pid: 272
[2026-04-04 15:44:20 +0000] [256] [INFO] Started server process [256]
[2026-04-04 15:44:20 +0000] [256] [INFO] Waiting for application startup.
[2026-04-04 15:44:20 +0000] [256] [INFO] Application startup complete.
[2026-04-04 15:44:20 +0000] [273] [INFO] Booting worker with pid: 273
[2026-04-04 15:44:20 +0000] [276] [INFO] Booting worker with pid: 276
[2026-04-04 15:44:20 +0000] [270] [INFO] Started server process [270]
[2026-04-04 15:44:20 +0000] [270] [INFO] Waiting for application startup.
[2026-04-04 15:44:20 +0000] [270] [INFO] Application startup complete.
[2026-04-04 15:44:20 +0000] [283] [INFO] Booting worker with pid: 283
[2026-04-04 15:44:20 +0000] [285] [INFO] Booting worker with pid: 285
[2026-04-04 15:44:20 +0000] [272] [INFO] Started server process [272]
[2026-04-04 15:44:20 +0000] [272] [INFO] Waiting for application startup.
[2026-04-04 15:44:20 +0000] [272] [INFO] Application startup complete.
[2026-04-04 15:44:20 +0000] [273] [INFO] Started server process [273]
[2026-04-04 15:44:20 +0000] [273] [INFO] Waiting for application startup.
[2026-04-04 15:44:20 +0000] [273] [INFO] Application startup complete.
[2026-04-04 15:44:20 +0000] [276] [INFO] Started server process [276]
[2026-04-04 15:44:20 +0000] [276] [INFO] Waiting for application startup.
[2026-04-04 15:44:20 +0000] [276] [INFO] Application startup complete.
[2026-04-04 15:44:20 +0000] [298] [INFO] Booting worker with pid: 298
[2026-04-04 15:44:20 +0000] [283] [INFO] Started server process [283]
[2026-04-04 15:44:20 +0000] [283] [INFO] Waiting for application startup.
[2026-04-04 15:44:20 +0000] [283] [INFO] Application startup complete.
[2026-04-04 15:44:20 +0000] [285] [INFO] Started server process [285]
[2026-04-04 15:44:20 +0000] [285] [INFO] Waiting for application startup.
[2026-04-04 15:44:20 +0000] [285] [INFO] Application startup complete.
[2026-04-04 15:44:20 +0000] [308] [INFO] Booting worker with pid: 308
[2026-04-04 15:44:21 +0000] [324] [INFO] Booting worker with pid: 324
[2026-04-04 15:44:21 +0000] [298] [INFO] Started server process [298]
[2026-04-04 15:44:21 +0000] [298] [INFO] Waiting for application startup.
[2026-04-04 15:44:21 +0000] [298] [INFO] Application startup complete.
[2026-04-04 15:44:21 +0000] [325] [INFO] Booting worker with pid: 325
[2026-04-04 15:44:21 +0000] [330] [INFO] Booting worker with pid: 330
[2026-04-04 15:44:21 +0000] [308] [INFO] Started server process [308]
[2026-04-04 15:44:21 +0000] [308] [INFO] Waiting for application startup.
[2026-04-04 15:44:21 +0000] [308] [INFO] Application startup complete.
[2026-04-04 15:44:21 +0000] [324] [INFO] Started server process [324]
[2026-04-04 15:44:21 +0000] [324] [INFO] Waiting for application startup.
[2026-04-04 15:44:21 +0000] [324] [INFO] Application startup complete.
[2026-04-04 15:44:21 +0000] [325] [INFO] Started server process [325]
[2026-04-04 15:44:21 +0000] [325] [INFO] Waiting for application startup.
[2026-04-04 15:44:21 +0000] [325] [INFO] Application startup complete.
[2026-04-04 15:44:21 +0000] [342] [INFO] Booting worker with pid: 342
[2026-04-04 15:44:21 +0000] [347] [INFO] Booting worker with pid: 347
[2026-04-04 15:44:21 +0000] [330] [INFO] Started server process [330]
[2026-04-04 15:44:21 +0000] [330] [INFO] Waiting for application startup.
[2026-04-04 15:44:21 +0000] [330] [INFO] Application startup complete.
[2026-04-04 15:44:21 +0000] [352] [INFO] Booting worker with pid: 352
[2026-04-04 15:44:21 +0000] [342] [INFO] Started server process [342]
[2026-04-04 15:44:21 +0000] [342] [INFO] Waiting for application startup.
[2026-04-04 15:44:21 +0000] [342] [INFO] Application startup complete.
[2026-04-04 15:44:21 +0000] [347] [INFO] Started server process [347]
[2026-04-04 15:44:21 +0000] [347] [INFO] Waiting for application startup.
[2026-04-04 15:44:21 +0000] [347] [INFO] Application startup complete.
[2026-04-04 15:44:21 +0000] [358] [INFO] Booting worker with pid: 358
[2026-04-04 15:44:21 +0000] [364] [INFO] Booting worker with pid: 364
[2026-04-04 15:44:21 +0000] [352] [INFO] Started server process [352]
[2026-04-04 15:44:21 +0000] [352] [INFO] Waiting for application startup.
[2026-04-04 15:44:21 +0000] [352] [INFO] Application startup complete.
[2026-04-04 15:44:21 +0000] [369] [INFO] Booting worker with pid: 369
[2026-04-04 15:44:21 +0000] [370] [INFO] Booting worker with pid: 370
[2026-04-04 15:44:21 +0000] [358] [INFO] Started server process [358]
[2026-04-04 15:44:21 +0000] [358] [INFO] Waiting for application startup.
[2026-04-04 15:44:21 +0000] [358] [INFO] Application startup complete.
[2026-04-04 15:44:21 +0000] [364] [INFO] Started server process [364]
[2026-04-04 15:44:21 +0000] [364] [INFO] Waiting for application startup.
[2026-04-04 15:44:21 +0000] [364] [INFO] Application startup complete.
[2026-04-04 15:44:21 +0000] [382] [INFO] Booting worker with pid: 382
[2026-04-04 15:44:21 +0000] [387] [INFO] Booting worker with pid: 387
[2026-04-04 15:44:21 +0000] [369] [INFO] Started server process [369]
[2026-04-04 15:44:21 +0000] [369] [INFO] Waiting for application startup.
[2026-04-04 15:44:21 +0000] [369] [INFO] Application startup complete.
[2026-04-04 15:44:21 +0000] [370] [INFO] Started server process [370]
[2026-04-04 15:44:21 +0000] [370] [INFO] Waiting for application startup.
[2026-04-04 15:44:21 +0000] [370] [INFO] Application startup complete.
[2026-04-04 15:44:21 +0000] [382] [INFO] Started server process [382]
[2026-04-04 15:44:21 +0000] [382] [INFO] Waiting for application startup.
[2026-04-04 15:44:21 +0000] [382] [INFO] Application startup complete.
[2026-04-04 15:44:21 +0000] [387] [INFO] Started server process [387]
[2026-04-04 15:44:21 +0000] [387] [INFO] Waiting for application startup.
[2026-04-04 15:44:21 +0000] [387] [INFO] Application startup complete.
