[2026-03-25 18:48:16 +0000] [1] [INFO] Starting gunicorn 23.0.0
[2026-03-25 18:48:16 +0000] [1] [INFO] Listening at: http://0.0.0.0:8080 (1)
[2026-03-25 18:48:16 +0000] [1] [INFO] Using worker: uvicorn.workers.UvicornWorker
[2026-03-25 18:48:16 +0000] [7] [INFO] Booting worker with pid: 7
[2026-03-25 18:48:16 +0000] [8] [INFO] Booting worker with pid: 8
[2026-03-25 18:48:16 +0000] [9] [INFO] Booting worker with pid: 9
[2026-03-25 18:48:17 +0000] [10] [INFO] Booting worker with pid: 10
[2026-03-25 18:48:17 +0000] [11] [INFO] Booting worker with pid: 11
[2026-03-25 18:48:17 +0000] [12] [INFO] Booting worker with pid: 12
[2026-03-25 18:48:17 +0000] [13] [INFO] Booting worker with pid: 13
[2026-03-25 18:48:17 +0000] [7] [INFO] Started server process [7]
[2026-03-25 18:48:17 +0000] [8] [INFO] Started server process [8]
[2026-03-25 18:48:17 +0000] [8] [INFO] Waiting for application startup.
[2026-03-25 18:48:17 +0000] [7] [INFO] Waiting for application startup.
[2026-03-25 18:48:17 +0000] [7] [INFO] Application startup complete.
[2026-03-25 18:48:17 +0000] [8] [INFO] Application startup complete.
[2026-03-25 18:48:17 +0000] [9] [INFO] Started server process [9]
[2026-03-25 18:48:17 +0000] [9] [INFO] Waiting for application startup.
[2026-03-25 18:48:17 +0000] [9] [INFO] Application startup complete.
[2026-03-25 18:48:17 +0000] [10] [INFO] Started server process [10]
[2026-03-25 18:48:17 +0000] [10] [INFO] Waiting for application startup.
[2026-03-25 18:48:17 +0000] [10] [INFO] Application startup complete.
[2026-03-25 18:48:17 +0000] [18] [INFO] Booting worker with pid: 18
[2026-03-25 18:48:17 +0000] [11] [INFO] Started server process [11]
[2026-03-25 18:48:17 +0000] [11] [INFO] Waiting for application startup.
[2026-03-25 18:48:17 +0000] [11] [INFO] Application startup complete.
[2026-03-25 18:48:17 +0000] [21] [INFO] Booting worker with pid: 21
[2026-03-25 18:48:17 +0000] [12] [INFO] Started server process [12]
[2026-03-25 18:48:17 +0000] [12] [INFO] Waiting for application startup.
[2026-03-25 18:48:17 +0000] [12] [INFO] Application startup complete.
[2026-03-25 18:48:17 +0000] [22] [INFO] Booting worker with pid: 22
[2026-03-25 18:48:17 +0000] [13] [INFO] Started server process [13]
[2026-03-25 18:48:17 +0000] [13] [INFO] Waiting for application startup.
[2026-03-25 18:48:17 +0000] [13] [INFO] Application startup complete.
[2026-03-25 18:48:17 +0000] [24] [INFO] Booting worker with pid: 24
[2026-03-25 18:48:17 +0000] [26] [INFO] Booting worker with pid: 26
[2026-03-25 18:48:17 +0000] [18] [INFO] Started server process [18]
[2026-03-25 18:48:17 +0000] [18] [INFO] Waiting for application startup.
[2026-03-25 18:48:17 +0000] [18] [INFO] Application startup complete.
[2026-03-25 18:48:17 +0000] [21] [INFO] Started server process [21]
[2026-03-25 18:48:17 +0000] [21] [INFO] Waiting for application startup.
[2026-03-25 18:48:17 +0000] [21] [INFO] Application startup complete.
[2026-03-25 18:48:17 +0000] [22] [INFO] Started server process [22]
[2026-03-25 18:48:17 +0000] [22] [INFO] Waiting for application startup.
[2026-03-25 18:48:17 +0000] [22] [INFO] Application startup complete.
[2026-03-25 18:48:17 +0000] [29] [INFO] Booting worker with pid: 29
[2026-03-25 18:48:17 +0000] [30] [INFO] Booting worker with pid: 30
[2026-03-25 18:48:17 +0000] [24] [INFO] Started server process [24]
[2026-03-25 18:48:17 +0000] [24] [INFO] Waiting for application startup.
[2026-03-25 18:48:17 +0000] [24] [INFO] Application startup complete.
[2026-03-25 18:48:17 +0000] [32] [INFO] Booting worker with pid: 32
[2026-03-25 18:48:17 +0000] [33] [INFO] Booting worker with pid: 33
[2026-03-25 18:48:17 +0000] [26] [INFO] Started server process [26]
[2026-03-25 18:48:17 +0000] [26] [INFO] Waiting for application startup.
[2026-03-25 18:48:17 +0000] [26] [INFO] Application startup complete.
[2026-03-25 18:48:17 +0000] [35] [INFO] Booting worker with pid: 35
[2026-03-25 18:48:17 +0000] [29] [INFO] Started server process [29]
[2026-03-25 18:48:17 +0000] [29] [INFO] Waiting for application startup.
[2026-03-25 18:48:17 +0000] [29] [INFO] Application startup complete.
[2026-03-25 18:48:17 +0000] [37] [INFO] Booting worker with pid: 37
[2026-03-25 18:48:17 +0000] [39] [INFO] Booting worker with pid: 39
[2026-03-25 18:48:17 +0000] [30] [INFO] Started server process [30]
[2026-03-25 18:48:17 +0000] [30] [INFO] Waiting for application startup.
[2026-03-25 18:48:17 +0000] [30] [INFO] Application startup complete.
[2026-03-25 18:48:18 +0000] [32] [INFO] Started server process [32]
[2026-03-25 18:48:18 +0000] [32] [INFO] Waiting for application startup.
[2026-03-25 18:48:18 +0000] [32] [INFO] Application startup complete.
[2026-03-25 18:48:18 +0000] [41] [INFO] Booting worker with pid: 41
[2026-03-25 18:48:18 +0000] [33] [INFO] Started server process [33]
[2026-03-25 18:48:18 +0000] [33] [INFO] Waiting for application startup.
[2026-03-25 18:48:18 +0000] [33] [INFO] Application startup complete.
[2026-03-25 18:48:18 +0000] [35] [INFO] Started server process [35]
[2026-03-25 18:48:18 +0000] [35] [INFO] Waiting for application startup.
[2026-03-25 18:48:18 +0000] [35] [INFO] Application startup complete.
[2026-03-25 18:48:18 +0000] [44] [INFO] Booting worker with pid: 44
[2026-03-25 18:48:18 +0000] [37] [INFO] Started server process [37]
[2026-03-25 18:48:18 +0000] [37] [INFO] Waiting for application startup.
[2026-03-25 18:48:18 +0000] [37] [INFO] Application startup complete.
[2026-03-25 18:48:18 +0000] [46] [INFO] Booting worker with pid: 46
[2026-03-25 18:48:18 +0000] [39] [INFO] Started server process [39]
[2026-03-25 18:48:18 +0000] [39] [INFO] Waiting for application startup.
[2026-03-25 18:48:18 +0000] [39] [INFO] Application startup complete.
[2026-03-25 18:48:18 +0000] [48] [INFO] Booting worker with pid: 48
[2026-03-25 18:48:18 +0000] [41] [INFO] Started server process [41]
[2026-03-25 18:48:18 +0000] [41] [INFO] Waiting for application startup.
[2026-03-25 18:48:18 +0000] [41] [INFO] Application startup complete.
[2026-03-25 18:48:18 +0000] [50] [INFO] Booting worker with pid: 50
[2026-03-25 18:48:18 +0000] [44] [INFO] Started server process [44]
[2026-03-25 18:48:18 +0000] [44] [INFO] Waiting for application startup.
[2026-03-25 18:48:18 +0000] [44] [INFO] Application startup complete.
[2026-03-25 18:48:18 +0000] [52] [INFO] Booting worker with pid: 52
[2026-03-25 18:48:18 +0000] [46] [INFO] Started server process [46]
[2026-03-25 18:48:18 +0000] [46] [INFO] Waiting for application startup.
[2026-03-25 18:48:18 +0000] [46] [INFO] Application startup complete.
[2026-03-25 18:48:18 +0000] [55] [INFO] Booting worker with pid: 55
[2026-03-25 18:48:18 +0000] [48] [INFO] Started server process [48]
[2026-03-25 18:48:18 +0000] [48] [INFO] Waiting for application startup.
[2026-03-25 18:48:18 +0000] [48] [INFO] Application startup complete.
[2026-03-25 18:48:18 +0000] [56] [INFO] Booting worker with pid: 56
[2026-03-25 18:48:18 +0000] [50] [INFO] Started server process [50]
[2026-03-25 18:48:18 +0000] [50] [INFO] Waiting for application startup.
[2026-03-25 18:48:18 +0000] [50] [INFO] Application startup complete.
[2026-03-25 18:48:18 +0000] [58] [INFO] Booting worker with pid: 58
[2026-03-25 18:48:18 +0000] [59] [INFO] Booting worker with pid: 59
[2026-03-25 18:48:18 +0000] [52] [INFO] Started server process [52]
[2026-03-25 18:48:18 +0000] [52] [INFO] Waiting for application startup.
[2026-03-25 18:48:18 +0000] [52] [INFO] Application startup complete.
[2026-03-25 18:48:18 +0000] [61] [INFO] Booting worker with pid: 61
[2026-03-25 18:48:18 +0000] [55] [INFO] Started server process [55]
[2026-03-25 18:48:18 +0000] [55] [INFO] Waiting for application startup.
[2026-03-25 18:48:18 +0000] [55] [INFO] Application startup complete.
[2026-03-25 18:48:18 +0000] [63] [INFO] Booting worker with pid: 63
[2026-03-25 18:48:18 +0000] [64] [INFO] Booting worker with pid: 64
[2026-03-25 18:48:18 +0000] [56] [INFO] Started server process [56]
[2026-03-25 18:48:18 +0000] [56] [INFO] Waiting for application startup.
[2026-03-25 18:48:18 +0000] [56] [INFO] Application startup complete.
[2026-03-25 18:48:18 +0000] [58] [INFO] Started server process [58]
[2026-03-25 18:48:18 +0000] [58] [INFO] Waiting for application startup.
[2026-03-25 18:48:18 +0000] [58] [INFO] Application startup complete.
[2026-03-25 18:48:18 +0000] [67] [INFO] Booting worker with pid: 67
[2026-03-25 18:48:18 +0000] [59] [INFO] Started server process [59]
[2026-03-25 18:48:18 +0000] [59] [INFO] Waiting for application startup.
[2026-03-25 18:48:18 +0000] [59] [INFO] Application startup complete.
[2026-03-25 18:48:18 +0000] [61] [INFO] Started server process [61]
[2026-03-25 18:48:18 +0000] [61] [INFO] Waiting for application startup.
[2026-03-25 18:48:18 +0000] [61] [INFO] Application startup complete.
[2026-03-25 18:48:18 +0000] [70] [INFO] Booting worker with pid: 70
[2026-03-25 18:48:18 +0000] [71] [INFO] Booting worker with pid: 71
[2026-03-25 18:48:19 +0000] [63] [INFO] Started server process [63]
[2026-03-25 18:48:19 +0000] [63] [INFO] Waiting for application startup.
[2026-03-25 18:48:19 +0000] [63] [INFO] Application startup complete.
[2026-03-25 18:48:19 +0000] [73] [INFO] Booting worker with pid: 73
[2026-03-25 18:48:19 +0000] [64] [INFO] Started server process [64]
[2026-03-25 18:48:19 +0000] [64] [INFO] Waiting for application startup.
[2026-03-25 18:48:19 +0000] [64] [INFO] Application startup complete.
[2026-03-25 18:48:19 +0000] [75] [INFO] Booting worker with pid: 75
[2026-03-25 18:48:19 +0000] [76] [INFO] Booting worker with pid: 76
[2026-03-25 18:48:19 +0000] [67] [INFO] Started server process [67]
[2026-03-25 18:48:19 +0000] [67] [INFO] Waiting for application startup.
[2026-03-25 18:48:19 +0000] [67] [INFO] Application startup complete.
[2026-03-25 18:48:19 +0000] [79] [INFO] Booting worker with pid: 79
[2026-03-25 18:48:19 +0000] [70] [INFO] Started server process [70]
[2026-03-25 18:48:19 +0000] [70] [INFO] Waiting for application startup.
[2026-03-25 18:48:19 +0000] [70] [INFO] Application startup complete.
[2026-03-25 18:48:19 +0000] [71] [INFO] Started server process [71]
[2026-03-25 18:48:19 +0000] [71] [INFO] Waiting for application startup.
[2026-03-25 18:48:19 +0000] [71] [INFO] Application startup complete.
[2026-03-25 18:48:19 +0000] [81] [INFO] Booting worker with pid: 81
[2026-03-25 18:48:19 +0000] [73] [INFO] Started server process [73]
[2026-03-25 18:48:19 +0000] [73] [INFO] Waiting for application startup.
[2026-03-25 18:48:19 +0000] [73] [INFO] Application startup complete.
[2026-03-25 18:48:19 +0000] [83] [INFO] Booting worker with pid: 83
[2026-03-25 18:48:19 +0000] [85] [INFO] Booting worker with pid: 85
[2026-03-25 18:48:19 +0000] [75] [INFO] Started server process [75]
[2026-03-25 18:48:19 +0000] [75] [INFO] Waiting for application startup.
[2026-03-25 18:48:19 +0000] [75] [INFO] Application startup complete.
[2026-03-25 18:48:19 +0000] [76] [INFO] Started server process [76]
[2026-03-25 18:48:19 +0000] [76] [INFO] Waiting for application startup.
[2026-03-25 18:48:19 +0000] [76] [INFO] Application startup complete.
[2026-03-25 18:48:19 +0000] [87] [INFO] Booting worker with pid: 87
[2026-03-25 18:48:19 +0000] [88] [INFO] Booting worker with pid: 88
[2026-03-25 18:48:19 +0000] [79] [INFO] Started server process [79]
[2026-03-25 18:48:19 +0000] [79] [INFO] Waiting for application startup.
[2026-03-25 18:48:19 +0000] [79] [INFO] Application startup complete.
[2026-03-25 18:48:19 +0000] [90] [INFO] Booting worker with pid: 90
[2026-03-25 18:48:19 +0000] [81] [INFO] Started server process [81]
[2026-03-25 18:48:19 +0000] [81] [INFO] Waiting for application startup.
[2026-03-25 18:48:19 +0000] [81] [INFO] Application startup complete.
[2026-03-25 18:48:19 +0000] [92] [INFO] Booting worker with pid: 92
[2026-03-25 18:48:19 +0000] [83] [INFO] Started server process [83]
[2026-03-25 18:48:19 +0000] [83] [INFO] Waiting for application startup.
[2026-03-25 18:48:19 +0000] [83] [INFO] Application startup complete.
[2026-03-25 18:48:19 +0000] [85] [INFO] Started server process [85]
[2026-03-25 18:48:19 +0000] [85] [INFO] Waiting for application startup.
[2026-03-25 18:48:19 +0000] [85] [INFO] Application startup complete.
[2026-03-25 18:48:19 +0000] [95] [INFO] Booting worker with pid: 95
[2026-03-25 18:48:19 +0000] [87] [INFO] Started server process [87]
[2026-03-25 18:48:19 +0000] [87] [INFO] Waiting for application startup.
[2026-03-25 18:48:19 +0000] [87] [INFO] Application startup complete.
[2026-03-25 18:48:19 +0000] [97] [INFO] Booting worker with pid: 97
[2026-03-25 18:48:19 +0000] [88] [INFO] Started server process [88]
[2026-03-25 18:48:19 +0000] [88] [INFO] Waiting for application startup.
[2026-03-25 18:48:19 +0000] [88] [INFO] Application startup complete.
[2026-03-25 18:48:19 +0000] [100] [INFO] Booting worker with pid: 100
[2026-03-25 18:48:19 +0000] [90] [INFO] Started server process [90]
[2026-03-25 18:48:19 +0000] [90] [INFO] Waiting for application startup.
[2026-03-25 18:48:19 +0000] [90] [INFO] Application startup complete.
[2026-03-25 18:48:19 +0000] [101] [INFO] Booting worker with pid: 101
[2026-03-25 18:48:19 +0000] [92] [INFO] Started server process [92]
[2026-03-25 18:48:19 +0000] [92] [INFO] Waiting for application startup.
[2026-03-25 18:48:19 +0000] [92] [INFO] Application startup complete.
[2026-03-25 18:48:19 +0000] [103] [INFO] Booting worker with pid: 103
[2026-03-25 18:48:19 +0000] [95] [INFO] Started server process [95]
[2026-03-25 18:48:19 +0000] [95] [INFO] Waiting for application startup.
[2026-03-25 18:48:19 +0000] [95] [INFO] Application startup complete.
[2026-03-25 18:48:19 +0000] [105] [INFO] Booting worker with pid: 105
[2026-03-25 18:48:19 +0000] [97] [INFO] Started server process [97]
[2026-03-25 18:48:19 +0000] [97] [INFO] Waiting for application startup.
[2026-03-25 18:48:19 +0000] [97] [INFO] Application startup complete.
[2026-03-25 18:48:19 +0000] [107] [INFO] Booting worker with pid: 107
[2026-03-25 18:48:20 +0000] [100] [INFO] Started server process [100]
[2026-03-25 18:48:20 +0000] [100] [INFO] Waiting for application startup.
[2026-03-25 18:48:20 +0000] [100] [INFO] Application startup complete.
[2026-03-25 18:48:20 +0000] [101] [INFO] Started server process [101]
[2026-03-25 18:48:20 +0000] [101] [INFO] Waiting for application startup.
[2026-03-25 18:48:20 +0000] [101] [INFO] Application startup complete.
[2026-03-25 18:48:20 +0000] [110] [INFO] Booting worker with pid: 110
[2026-03-25 18:48:20 +0000] [103] [INFO] Started server process [103]
[2026-03-25 18:48:20 +0000] [103] [INFO] Waiting for application startup.
[2026-03-25 18:48:20 +0000] [103] [INFO] Application startup complete.
[2026-03-25 18:48:20 +0000] [112] [INFO] Booting worker with pid: 112
[2026-03-25 18:48:20 +0000] [105] [INFO] Started server process [105]
[2026-03-25 18:48:20 +0000] [105] [INFO] Waiting for application startup.
[2026-03-25 18:48:20 +0000] [105] [INFO] Application startup complete.
[2026-03-25 18:48:20 +0000] [114] [INFO] Booting worker with pid: 114
[2026-03-25 18:48:20 +0000] [107] [INFO] Started server process [107]
[2026-03-25 18:48:20 +0000] [107] [INFO] Waiting for application startup.
[2026-03-25 18:48:20 +0000] [107] [INFO] Application startup complete.
[2026-03-25 18:48:20 +0000] [116] [INFO] Booting worker with pid: 116
[2026-03-25 18:48:20 +0000] [110] [INFO] Started server process [110]
[2026-03-25 18:48:20 +0000] [110] [INFO] Waiting for application startup.
[2026-03-25 18:48:20 +0000] [110] [INFO] Application startup complete.
[2026-03-25 18:48:20 +0000] [119] [INFO] Booting worker with pid: 119
[2026-03-25 18:48:20 +0000] [112] [INFO] Started server process [112]
[2026-03-25 18:48:20 +0000] [112] [INFO] Waiting for application startup.
[2026-03-25 18:48:20 +0000] [112] [INFO] Application startup complete.
[2026-03-25 18:48:20 +0000] [120] [INFO] Booting worker with pid: 120
[2026-03-25 18:48:20 +0000] [114] [INFO] Started server process [114]
[2026-03-25 18:48:20 +0000] [114] [INFO] Waiting for application startup.
[2026-03-25 18:48:20 +0000] [114] [INFO] Application startup complete.
[2026-03-25 18:48:20 +0000] [122] [INFO] Booting worker with pid: 122
[2026-03-25 18:48:20 +0000] [123] [INFO] Booting worker with pid: 123
[2026-03-25 18:48:20 +0000] [124] [INFO] Booting worker with pid: 124
[2026-03-25 18:48:20 +0000] [125] [INFO] Booting worker with pid: 125
[2026-03-25 18:48:20 +0000] [126] [INFO] Booting worker with pid: 126
[2026-03-25 18:48:20 +0000] [116] [INFO] Started server process [116]
[2026-03-25 18:48:20 +0000] [116] [INFO] Waiting for application startup.
[2026-03-25 18:48:20 +0000] [116] [INFO] Application startup complete.
[2026-03-25 18:48:20 +0000] [128] [INFO] Booting worker with pid: 128
[2026-03-25 18:48:20 +0000] [119] [INFO] Started server process [119]
[2026-03-25 18:48:20 +0000] [119] [INFO] Waiting for application startup.
[2026-03-25 18:48:20 +0000] [119] [INFO] Application startup complete.
[2026-03-25 18:48:20 +0000] [130] [INFO] Booting worker with pid: 130
[2026-03-25 18:48:20 +0000] [120] [INFO] Started server process [120]
[2026-03-25 18:48:20 +0000] [120] [INFO] Waiting for application startup.
[2026-03-25 18:48:20 +0000] [120] [INFO] Application startup complete.
[2026-03-25 18:48:20 +0000] [132] [INFO] Booting worker with pid: 132
[2026-03-25 18:48:20 +0000] [122] [INFO] Started server process [122]
[2026-03-25 18:48:20 +0000] [122] [INFO] Waiting for application startup.
[2026-03-25 18:48:20 +0000] [122] [INFO] Application startup complete.
[2026-03-25 18:48:20 +0000] [123] [INFO] Started server process [123]
[2026-03-25 18:48:20 +0000] [123] [INFO] Waiting for application startup.
[2026-03-25 18:48:20 +0000] [123] [INFO] Application startup complete.
[2026-03-25 18:48:20 +0000] [135] [INFO] Booting worker with pid: 135
[2026-03-25 18:48:20 +0000] [138] [INFO] Booting worker with pid: 138
[2026-03-25 18:48:20 +0000] [125] [INFO] Started server process [125]
[2026-03-25 18:48:20 +0000] [125] [INFO] Waiting for application startup.
[2026-03-25 18:48:20 +0000] [125] [INFO] Application startup complete.
[2026-03-25 18:48:20 +0000] [124] [INFO] Started server process [124]
[2026-03-25 18:48:20 +0000] [124] [INFO] Waiting for application startup.
[2026-03-25 18:48:20 +0000] [124] [INFO] Application startup complete.
[2026-03-25 18:48:20 +0000] [126] [INFO] Started server process [126]
[2026-03-25 18:48:20 +0000] [126] [INFO] Waiting for application startup.
[2026-03-25 18:48:20 +0000] [126] [INFO] Application startup complete.
[2026-03-25 18:48:20 +0000] [141] [INFO] Booting worker with pid: 141
[2026-03-25 18:48:20 +0000] [128] [INFO] Started server process [128]
[2026-03-25 18:48:20 +0000] [128] [INFO] Waiting for application startup.
[2026-03-25 18:48:20 +0000] [128] [INFO] Application startup complete.
[2026-03-25 18:48:20 +0000] [130] [INFO] Started server process [130]
[2026-03-25 18:48:20 +0000] [130] [INFO] Waiting for application startup.
[2026-03-25 18:48:20 +0000] [130] [INFO] Application startup complete.
[2026-03-25 18:48:20 +0000] [144] [INFO] Booting worker with pid: 144
[2026-03-25 18:48:20 +0000] [132] [INFO] Started server process [132]
[2026-03-25 18:48:20 +0000] [132] [INFO] Waiting for application startup.
[2026-03-25 18:48:20 +0000] [132] [INFO] Application startup complete.
[2026-03-25 18:48:21 +0000] [145] [INFO] Booting worker with pid: 145
[2026-03-25 18:48:21 +0000] [135] [INFO] Started server process [135]
[2026-03-25 18:48:21 +0000] [135] [INFO] Waiting for application startup.
[2026-03-25 18:48:21 +0000] [135] [INFO] Application startup complete.
[2026-03-25 18:48:21 +0000] [138] [INFO] Started server process [138]
[2026-03-25 18:48:21 +0000] [138] [INFO] Waiting for application startup.
[2026-03-25 18:48:21 +0000] [138] [INFO] Application startup complete.
[2026-03-25 18:48:21 +0000] [148] [INFO] Booting worker with pid: 148
[2026-03-25 18:48:21 +0000] [150] [INFO] Booting worker with pid: 150
[2026-03-25 18:48:21 +0000] [141] [INFO] Started server process [141]
[2026-03-25 18:48:21 +0000] [141] [INFO] Waiting for application startup.
[2026-03-25 18:48:21 +0000] [141] [INFO] Application startup complete.
[2026-03-25 18:48:21 +0000] [151] [INFO] Booting worker with pid: 151
[2026-03-25 18:48:21 +0000] [153] [INFO] Booting worker with pid: 153
[2026-03-25 18:48:21 +0000] [144] [INFO] Started server process [144]
[2026-03-25 18:48:21 +0000] [144] [INFO] Waiting for application startup.
[2026-03-25 18:48:21 +0000] [144] [INFO] Application startup complete.
[2026-03-25 18:48:21 +0000] [155] [INFO] Booting worker with pid: 155
[2026-03-25 18:48:21 +0000] [145] [INFO] Started server process [145]
[2026-03-25 18:48:21 +0000] [145] [INFO] Waiting for application startup.
[2026-03-25 18:48:21 +0000] [145] [INFO] Application startup complete.
[2026-03-25 18:48:21 +0000] [156] [INFO] Booting worker with pid: 156
[2026-03-25 18:48:21 +0000] [148] [INFO] Started server process [148]
[2026-03-25 18:48:21 +0000] [148] [INFO] Waiting for application startup.
[2026-03-25 18:48:21 +0000] [148] [INFO] Application startup complete.
[2026-03-25 18:48:21 +0000] [158] [INFO] Booting worker with pid: 158
[2026-03-25 18:48:21 +0000] [150] [INFO] Started server process [150]
[2026-03-25 18:48:21 +0000] [150] [INFO] Waiting for application startup.
[2026-03-25 18:48:21 +0000] [150] [INFO] Application startup complete.
[2026-03-25 18:48:21 +0000] [160] [INFO] Booting worker with pid: 160
[2026-03-25 18:48:21 +0000] [161] [INFO] Booting worker with pid: 161
[2026-03-25 18:48:21 +0000] [163] [INFO] Booting worker with pid: 163
[2026-03-25 18:48:21 +0000] [151] [INFO] Started server process [151]
[2026-03-25 18:48:21 +0000] [151] [INFO] Waiting for application startup.
[2026-03-25 18:48:21 +0000] [151] [INFO] Application startup complete.
[2026-03-25 18:48:21 +0000] [153] [INFO] Started server process [153]
[2026-03-25 18:48:21 +0000] [153] [INFO] Waiting for application startup.
[2026-03-25 18:48:21 +0000] [153] [INFO] Application startup complete.
[2026-03-25 18:48:21 +0000] [155] [INFO] Started server process [155]
[2026-03-25 18:48:21 +0000] [155] [INFO] Waiting for application startup.
[2026-03-25 18:48:21 +0000] [155] [INFO] Application startup complete.
[2026-03-25 18:48:21 +0000] [166] [INFO] Booting worker with pid: 166
[2026-03-25 18:48:21 +0000] [168] [INFO] Booting worker with pid: 168
[2026-03-25 18:48:21 +0000] [156] [INFO] Started server process [156]
[2026-03-25 18:48:21 +0000] [156] [INFO] Waiting for application startup.
[2026-03-25 18:48:21 +0000] [156] [INFO] Application startup complete.
[2026-03-25 18:48:21 +0000] [169] [INFO] Booting worker with pid: 169
[2026-03-25 18:48:21 +0000] [158] [INFO] Started server process [158]
[2026-03-25 18:48:21 +0000] [158] [INFO] Waiting for application startup.
[2026-03-25 18:48:21 +0000] [158] [INFO] Application startup complete.
[2026-03-25 18:48:21 +0000] [171] [INFO] Booting worker with pid: 171
[2026-03-25 18:48:21 +0000] [172] [INFO] Booting worker with pid: 172
[2026-03-25 18:48:21 +0000] [160] [INFO] Started server process [160]
[2026-03-25 18:48:21 +0000] [160] [INFO] Waiting for application startup.
[2026-03-25 18:48:21 +0000] [160] [INFO] Application startup complete.
[2026-03-25 18:48:21 +0000] [161] [INFO] Started server process [161]
[2026-03-25 18:48:21 +0000] [161] [INFO] Waiting for application startup.
[2026-03-25 18:48:21 +0000] [161] [INFO] Application startup complete.
[2026-03-25 18:48:21 +0000] [163] [INFO] Started server process [163]
[2026-03-25 18:48:21 +0000] [163] [INFO] Waiting for application startup.
[2026-03-25 18:48:21 +0000] [163] [INFO] Application startup complete.
[2026-03-25 18:48:21 +0000] [176] [INFO] Booting worker with pid: 176
[2026-03-25 18:48:21 +0000] [177] [INFO] Booting worker with pid: 177
[2026-03-25 18:48:21 +0000] [166] [INFO] Started server process [166]
[2026-03-25 18:48:21 +0000] [166] [INFO] Waiting for application startup.
[2026-03-25 18:48:21 +0000] [166] [INFO] Application startup complete.
[2026-03-25 18:48:21 +0000] [180] [INFO] Booting worker with pid: 180
[2026-03-25 18:48:21 +0000] [168] [INFO] Started server process [168]
[2026-03-25 18:48:21 +0000] [168] [INFO] Waiting for application startup.
[2026-03-25 18:48:21 +0000] [168] [INFO] Application startup complete.
[2026-03-25 18:48:21 +0000] [181] [INFO] Booting worker with pid: 181
[2026-03-25 18:48:21 +0000] [183] [INFO] Booting worker with pid: 183
[2026-03-25 18:48:21 +0000] [169] [INFO] Started server process [169]
[2026-03-25 18:48:21 +0000] [169] [INFO] Waiting for application startup.
[2026-03-25 18:48:21 +0000] [169] [INFO] Application startup complete.
[2026-03-25 18:48:21 +0000] [171] [INFO] Started server process [171]
[2026-03-25 18:48:21 +0000] [171] [INFO] Waiting for application startup.
[2026-03-25 18:48:21 +0000] [171] [INFO] Application startup complete.
[2026-03-25 18:48:21 +0000] [185] [INFO] Booting worker with pid: 185
[2026-03-25 18:48:21 +0000] [172] [INFO] Started server process [172]
[2026-03-25 18:48:21 +0000] [172] [INFO] Waiting for application startup.
[2026-03-25 18:48:21 +0000] [172] [INFO] Application startup complete.
[2026-03-25 18:48:21 +0000] [187] [INFO] Booting worker with pid: 187
[2026-03-25 18:48:21 +0000] [188] [INFO] Booting worker with pid: 188
[2026-03-25 18:48:22 +0000] [176] [INFO] Started server process [176]
[2026-03-25 18:48:22 +0000] [176] [INFO] Waiting for application startup.
[2026-03-25 18:48:22 +0000] [176] [INFO] Application startup complete.
[2026-03-25 18:48:22 +0000] [190] [INFO] Booting worker with pid: 190
[2026-03-25 18:48:22 +0000] [177] [INFO] Started server process [177]
[2026-03-25 18:48:22 +0000] [177] [INFO] Waiting for application startup.
[2026-03-25 18:48:22 +0000] [177] [INFO] Application startup complete.
[2026-03-25 18:48:22 +0000] [180] [INFO] Started server process [180]
[2026-03-25 18:48:22 +0000] [180] [INFO] Waiting for application startup.
[2026-03-25 18:48:22 +0000] [180] [INFO] Application startup complete.
[2026-03-25 18:48:22 +0000] [181] [INFO] Started server process [181]
[2026-03-25 18:48:22 +0000] [181] [INFO] Waiting for application startup.
[2026-03-25 18:48:22 +0000] [181] [INFO] Application startup complete.
[2026-03-25 18:48:22 +0000] [195] [INFO] Booting worker with pid: 195
[2026-03-25 18:48:22 +0000] [183] [INFO] Started server process [183]
[2026-03-25 18:48:22 +0000] [183] [INFO] Waiting for application startup.
[2026-03-25 18:48:22 +0000] [183] [INFO] Application startup complete.
[2026-03-25 18:48:22 +0000] [185] [INFO] Started server process [185]
[2026-03-25 18:48:22 +0000] [185] [INFO] Waiting for application startup.
[2026-03-25 18:48:22 +0000] [185] [INFO] Application startup complete.
[2026-03-25 18:48:22 +0000] [197] [INFO] Booting worker with pid: 197
[2026-03-25 18:48:22 +0000] [199] [INFO] Booting worker with pid: 199
[2026-03-25 18:48:22 +0000] [187] [INFO] Started server process [187]
[2026-03-25 18:48:22 +0000] [187] [INFO] Waiting for application startup.
[2026-03-25 18:48:22 +0000] [187] [INFO] Application startup complete.
[2026-03-25 18:48:22 +0000] [188] [INFO] Started server process [188]
[2026-03-25 18:48:22 +0000] [188] [INFO] Waiting for application startup.
[2026-03-25 18:48:22 +0000] [188] [INFO] Application startup complete.
[2026-03-25 18:48:22 +0000] [201] [INFO] Booting worker with pid: 201
[2026-03-25 18:48:22 +0000] [190] [INFO] Started server process [190]
[2026-03-25 18:48:22 +0000] [190] [INFO] Waiting for application startup.
[2026-03-25 18:48:22 +0000] [190] [INFO] Application startup complete.
[2026-03-25 18:48:22 +0000] [195] [INFO] Started server process [195]
[2026-03-25 18:48:22 +0000] [195] [INFO] Waiting for application startup.
[2026-03-25 18:48:22 +0000] [195] [INFO] Application startup complete.
[2026-03-25 18:48:22 +0000] [204] [INFO] Booting worker with pid: 204
[2026-03-25 18:48:22 +0000] [205] [INFO] Booting worker with pid: 205
[2026-03-25 18:48:22 +0000] [197] [INFO] Started server process [197]
[2026-03-25 18:48:22 +0000] [197] [INFO] Waiting for application startup.
[2026-03-25 18:48:22 +0000] [197] [INFO] Application startup complete.
[2026-03-25 18:48:22 +0000] [199] [INFO] Started server process [199]
[2026-03-25 18:48:22 +0000] [199] [INFO] Waiting for application startup.
[2026-03-25 18:48:22 +0000] [199] [INFO] Application startup complete.
[2026-03-25 18:48:22 +0000] [208] [INFO] Booting worker with pid: 208
[2026-03-25 18:48:22 +0000] [209] [INFO] Booting worker with pid: 209
[2026-03-25 18:48:22 +0000] [201] [INFO] Started server process [201]
[2026-03-25 18:48:22 +0000] [201] [INFO] Waiting for application startup.
[2026-03-25 18:48:22 +0000] [201] [INFO] Application startup complete.
[2026-03-25 18:48:22 +0000] [211] [INFO] Booting worker with pid: 211
[2026-03-25 18:48:22 +0000] [204] [INFO] Started server process [204]
[2026-03-25 18:48:22 +0000] [204] [INFO] Waiting for application startup.
[2026-03-25 18:48:22 +0000] [204] [INFO] Application startup complete.
[2026-03-25 18:48:22 +0000] [213] [INFO] Booting worker with pid: 213
[2026-03-25 18:48:22 +0000] [215] [INFO] Booting worker with pid: 215
[2026-03-25 18:48:22 +0000] [205] [INFO] Started server process [205]
[2026-03-25 18:48:22 +0000] [205] [INFO] Waiting for application startup.
[2026-03-25 18:48:22 +0000] [205] [INFO] Application startup complete.
[2026-03-25 18:48:22 +0000] [216] [INFO] Booting worker with pid: 216
[2026-03-25 18:48:22 +0000] [217] [INFO] Booting worker with pid: 217
[2026-03-25 18:48:22 +0000] [208] [INFO] Started server process [208]
[2026-03-25 18:48:22 +0000] [208] [INFO] Waiting for application startup.
[2026-03-25 18:48:22 +0000] [208] [INFO] Application startup complete.
[2026-03-25 18:48:22 +0000] [209] [INFO] Started server process [209]
[2026-03-25 18:48:22 +0000] [209] [INFO] Waiting for application startup.
[2026-03-25 18:48:22 +0000] [209] [INFO] Application startup complete.
[2026-03-25 18:48:22 +0000] [220] [INFO] Booting worker with pid: 220
[2026-03-25 18:48:22 +0000] [211] [INFO] Started server process [211]
[2026-03-25 18:48:22 +0000] [211] [INFO] Waiting for application startup.
[2026-03-25 18:48:22 +0000] [211] [INFO] Application startup complete.
[2026-03-25 18:48:22 +0000] [213] [INFO] Started server process [213]
[2026-03-25 18:48:22 +0000] [215] [INFO] Started server process [215]
[2026-03-25 18:48:22 +0000] [213] [INFO] Waiting for application startup.
[2026-03-25 18:48:22 +0000] [215] [INFO] Waiting for application startup.
[2026-03-25 18:48:22 +0000] [215] [INFO] Application startup complete.
[2026-03-25 18:48:22 +0000] [213] [INFO] Application startup complete.
[2026-03-25 18:48:22 +0000] [224] [INFO] Booting worker with pid: 224
[2026-03-25 18:48:22 +0000] [227] [INFO] Booting worker with pid: 227
[2026-03-25 18:48:22 +0000] [216] [INFO] Started server process [216]
[2026-03-25 18:48:22 +0000] [216] [INFO] Waiting for application startup.
[2026-03-25 18:48:22 +0000] [216] [INFO] Application startup complete.
[2026-03-25 18:48:22 +0000] [217] [INFO] Started server process [217]
[2026-03-25 18:48:22 +0000] [217] [INFO] Waiting for application startup.
[2026-03-25 18:48:22 +0000] [217] [INFO] Application startup complete.
[2026-03-25 18:48:23 +0000] [228] [INFO] Booting worker with pid: 228
[2026-03-25 18:48:23 +0000] [229] [INFO] Booting worker with pid: 229
[2026-03-25 18:48:23 +0000] [220] [INFO] Started server process [220]
[2026-03-25 18:48:23 +0000] [220] [INFO] Waiting for application startup.
[2026-03-25 18:48:23 +0000] [220] [INFO] Application startup complete.
[2026-03-25 18:48:23 +0000] [231] [INFO] Booting worker with pid: 231
[2026-03-25 18:48:23 +0000] [232] [INFO] Booting worker with pid: 232
[2026-03-25 18:48:23 +0000] [224] [INFO] Started server process [224]
[2026-03-25 18:48:23 +0000] [224] [INFO] Waiting for application startup.
[2026-03-25 18:48:23 +0000] [224] [INFO] Application startup complete.
[2026-03-25 18:48:23 +0000] [234] [INFO] Booting worker with pid: 234
[2026-03-25 18:48:23 +0000] [227] [INFO] Started server process [227]
[2026-03-25 18:48:23 +0000] [227] [INFO] Waiting for application startup.
[2026-03-25 18:48:23 +0000] [227] [INFO] Application startup complete.
[2026-03-25 18:48:23 +0000] [228] [INFO] Started server process [228]
[2026-03-25 18:48:23 +0000] [228] [INFO] Waiting for application startup.
[2026-03-25 18:48:23 +0000] [228] [INFO] Application startup complete.
[2026-03-25 18:48:23 +0000] [237] [INFO] Booting worker with pid: 237
[2026-03-25 18:48:23 +0000] [238] [INFO] Booting worker with pid: 238
[2026-03-25 18:48:23 +0000] [229] [INFO] Started server process [229]
[2026-03-25 18:48:23 +0000] [229] [INFO] Waiting for application startup.
[2026-03-25 18:48:23 +0000] [229] [INFO] Application startup complete.
[2026-03-25 18:48:23 +0000] [241] [INFO] Booting worker with pid: 241
[2026-03-25 18:48:23 +0000] [231] [INFO] Started server process [231]
[2026-03-25 18:48:23 +0000] [231] [INFO] Waiting for application startup.
[2026-03-25 18:48:23 +0000] [231] [INFO] Application startup complete.
[2026-03-25 18:48:23 +0000] [232] [INFO] Started server process [232]
[2026-03-25 18:48:23 +0000] [232] [INFO] Waiting for application startup.
[2026-03-25 18:48:23 +0000] [232] [INFO] Application startup complete.
[2026-03-25 18:48:23 +0000] [243] [INFO] Booting worker with pid: 243
[2026-03-25 18:48:23 +0000] [245] [INFO] Booting worker with pid: 245
[2026-03-25 18:48:23 +0000] [234] [INFO] Started server process [234]
[2026-03-25 18:48:23 +0000] [234] [INFO] Waiting for application startup.
[2026-03-25 18:48:23 +0000] [234] [INFO] Application startup complete.
[2026-03-25 18:48:23 +0000] [246] [INFO] Booting worker with pid: 246
[2026-03-25 18:48:23 +0000] [238] [INFO] Started server process [238]
[2026-03-25 18:48:23 +0000] [238] [INFO] Waiting for application startup.
[2026-03-25 18:48:23 +0000] [238] [INFO] Application startup complete.
[2026-03-25 18:48:23 +0000] [237] [INFO] Started server process [237]
[2026-03-25 18:48:23 +0000] [237] [INFO] Waiting for application startup.
[2026-03-25 18:48:23 +0000] [237] [INFO] Application startup complete.
[2026-03-25 18:48:23 +0000] [249] [INFO] Booting worker with pid: 249
[2026-03-25 18:48:23 +0000] [241] [INFO] Started server process [241]
[2026-03-25 18:48:23 +0000] [241] [INFO] Waiting for application startup.
[2026-03-25 18:48:23 +0000] [241] [INFO] Application startup complete.
[2026-03-25 18:48:23 +0000] [251] [INFO] Booting worker with pid: 251
[2026-03-25 18:48:23 +0000] [243] [INFO] Started server process [243]
[2026-03-25 18:48:23 +0000] [243] [INFO] Waiting for application startup.
[2026-03-25 18:48:23 +0000] [243] [INFO] Application startup complete.
[2026-03-25 18:48:23 +0000] [253] [INFO] Booting worker with pid: 253
[2026-03-25 18:48:23 +0000] [255] [INFO] Booting worker with pid: 255
[2026-03-25 18:48:23 +0000] [245] [INFO] Started server process [245]
[2026-03-25 18:48:23 +0000] [245] [INFO] Waiting for application startup.
[2026-03-25 18:48:23 +0000] [245] [INFO] Application startup complete.
[2026-03-25 18:48:23 +0000] [246] [INFO] Started server process [246]
[2026-03-25 18:48:23 +0000] [246] [INFO] Waiting for application startup.
[2026-03-25 18:48:23 +0000] [246] [INFO] Application startup complete.
[2026-03-25 18:48:23 +0000] [257] [INFO] Booting worker with pid: 257
[2026-03-25 18:48:23 +0000] [258] [INFO] Booting worker with pid: 258
[2026-03-25 18:48:23 +0000] [249] [INFO] Started server process [249]
[2026-03-25 18:48:23 +0000] [249] [INFO] Waiting for application startup.
[2026-03-25 18:48:23 +0000] [249] [INFO] Application startup complete.
[2026-03-25 18:48:23 +0000] [260] [INFO] Booting worker with pid: 260
[2026-03-25 18:48:23 +0000] [251] [INFO] Started server process [251]
[2026-03-25 18:48:23 +0000] [251] [INFO] Waiting for application startup.
[2026-03-25 18:48:23 +0000] [251] [INFO] Application startup complete.
[2026-03-25 18:48:23 +0000] [262] [INFO] Booting worker with pid: 262
[2026-03-25 18:48:23 +0000] [253] [INFO] Started server process [253]
[2026-03-25 18:48:23 +0000] [253] [INFO] Waiting for application startup.
[2026-03-25 18:48:23 +0000] [253] [INFO] Application startup complete.
[2026-03-25 18:48:23 +0000] [255] [INFO] Started server process [255]
[2026-03-25 18:48:23 +0000] [255] [INFO] Waiting for application startup.
[2026-03-25 18:48:23 +0000] [255] [INFO] Application startup complete.
[2026-03-25 18:48:24 +0000] [265] [INFO] Booting worker with pid: 265
[2026-03-25 18:48:24 +0000] [257] [INFO] Started server process [257]
[2026-03-25 18:48:24 +0000] [257] [INFO] Waiting for application startup.
[2026-03-25 18:48:24 +0000] [257] [INFO] Application startup complete.
[2026-03-25 18:48:24 +0000] [268] [INFO] Booting worker with pid: 268
[2026-03-25 18:48:24 +0000] [258] [INFO] Started server process [258]
[2026-03-25 18:48:24 +0000] [258] [INFO] Waiting for application startup.
[2026-03-25 18:48:24 +0000] [258] [INFO] Application startup complete.
[2026-03-25 18:48:24 +0000] [269] [INFO] Booting worker with pid: 269
[2026-03-25 18:48:24 +0000] [260] [INFO] Started server process [260]
[2026-03-25 18:48:24 +0000] [260] [INFO] Waiting for application startup.
[2026-03-25 18:48:24 +0000] [260] [INFO] Application startup complete.
[2026-03-25 18:48:24 +0000] [271] [INFO] Booting worker with pid: 271
[2026-03-25 18:48:24 +0000] [262] [INFO] Started server process [262]
[2026-03-25 18:48:24 +0000] [262] [INFO] Waiting for application startup.
[2026-03-25 18:48:24 +0000] [262] [INFO] Application startup complete.
[2026-03-25 18:48:24 +0000] [273] [INFO] Booting worker with pid: 273
[2026-03-25 18:48:24 +0000] [265] [INFO] Started server process [265]
[2026-03-25 18:48:24 +0000] [265] [INFO] Waiting for application startup.
[2026-03-25 18:48:24 +0000] [265] [INFO] Application startup complete.
[2026-03-25 18:48:24 +0000] [275] [INFO] Booting worker with pid: 275
[2026-03-25 18:48:24 +0000] [268] [INFO] Started server process [268]
[2026-03-25 18:48:24 +0000] [268] [INFO] Waiting for application startup.
[2026-03-25 18:48:24 +0000] [268] [INFO] Application startup complete.
[2026-03-25 18:48:24 +0000] [269] [INFO] Started server process [269]
[2026-03-25 18:48:24 +0000] [269] [INFO] Waiting for application startup.
[2026-03-25 18:48:24 +0000] [269] [INFO] Application startup complete.
[2026-03-25 18:48:24 +0000] [278] [INFO] Booting worker with pid: 278
[2026-03-25 18:48:24 +0000] [279] [INFO] Booting worker with pid: 279
[2026-03-25 18:48:24 +0000] [280] [INFO] Booting worker with pid: 280
[2026-03-25 18:48:24 +0000] [271] [INFO] Started server process [271]
[2026-03-25 18:48:24 +0000] [271] [INFO] Waiting for application startup.
[2026-03-25 18:48:24 +0000] [271] [INFO] Application startup complete.
[2026-03-25 18:48:24 +0000] [282] [INFO] Booting worker with pid: 282
[2026-03-25 18:48:24 +0000] [273] [INFO] Started server process [273]
[2026-03-25 18:48:24 +0000] [273] [INFO] Waiting for application startup.
[2026-03-25 18:48:24 +0000] [273] [INFO] Application startup complete.
[2026-03-25 18:48:24 +0000] [284] [INFO] Booting worker with pid: 284
[2026-03-25 18:48:24 +0000] [286] [INFO] Booting worker with pid: 286
[2026-03-25 18:48:24 +0000] [275] [INFO] Started server process [275]
[2026-03-25 18:48:24 +0000] [275] [INFO] Waiting for application startup.
[2026-03-25 18:48:24 +0000] [275] [INFO] Application startup complete.
[2026-03-25 18:48:24 +0000] [278] [INFO] Started server process [278]
[2026-03-25 18:48:24 +0000] [278] [INFO] Waiting for application startup.
[2026-03-25 18:48:24 +0000] [278] [INFO] Application startup complete.
[2026-03-25 18:48:24 +0000] [280] [INFO] Started server process [280]
[2026-03-25 18:48:24 +0000] [279] [INFO] Started server process [279]
[2026-03-25 18:48:24 +0000] [280] [INFO] Waiting for application startup.
[2026-03-25 18:48:24 +0000] [279] [INFO] Waiting for application startup.
[2026-03-25 18:48:24 +0000] [279] [INFO] Application startup complete.
[2026-03-25 18:48:24 +0000] [280] [INFO] Application startup complete.
[2026-03-25 18:48:24 +0000] [290] [INFO] Booting worker with pid: 290
[2026-03-25 18:48:24 +0000] [291] [INFO] Booting worker with pid: 291
[2026-03-25 18:48:24 +0000] [293] [INFO] Booting worker with pid: 293
[2026-03-25 18:48:24 +0000] [282] [INFO] Started server process [282]
[2026-03-25 18:48:24 +0000] [282] [INFO] Waiting for application startup.
[2026-03-25 18:48:24 +0000] [282] [INFO] Application startup complete.
[2026-03-25 18:48:24 +0000] [295] [INFO] Booting worker with pid: 295
[2026-03-25 18:48:24 +0000] [284] [INFO] Started server process [284]
[2026-03-25 18:48:24 +0000] [284] [INFO] Waiting for application startup.
[2026-03-25 18:48:24 +0000] [284] [INFO] Application startup complete.
[2026-03-25 18:48:24 +0000] [296] [INFO] Booting worker with pid: 296
[2026-03-25 18:48:24 +0000] [286] [INFO] Started server process [286]
[2026-03-25 18:48:24 +0000] [286] [INFO] Waiting for application startup.
[2026-03-25 18:48:24 +0000] [286] [INFO] Application startup complete.
[2026-03-25 18:48:24 +0000] [298] [INFO] Booting worker with pid: 298
[2026-03-25 18:48:24 +0000] [290] [INFO] Started server process [290]
[2026-03-25 18:48:24 +0000] [290] [INFO] Waiting for application startup.
[2026-03-25 18:48:24 +0000] [290] [INFO] Application startup complete.
[2026-03-25 18:48:24 +0000] [291] [INFO] Started server process [291]
[2026-03-25 18:48:24 +0000] [291] [INFO] Waiting for application startup.
[2026-03-25 18:48:24 +0000] [291] [INFO] Application startup complete.
[2026-03-25 18:48:24 +0000] [301] [INFO] Booting worker with pid: 301
[2026-03-25 18:48:24 +0000] [293] [INFO] Started server process [293]
[2026-03-25 18:48:24 +0000] [293] [INFO] Waiting for application startup.
[2026-03-25 18:48:24 +0000] [293] [INFO] Application startup complete.
[2026-03-25 18:48:25 +0000] [304] [INFO] Booting worker with pid: 304
[2026-03-25 18:48:25 +0000] [295] [INFO] Started server process [295]
[2026-03-25 18:48:25 +0000] [295] [INFO] Waiting for application startup.
[2026-03-25 18:48:25 +0000] [295] [INFO] Application startup complete.
[2026-03-25 18:48:25 +0000] [305] [INFO] Booting worker with pid: 305
[2026-03-25 18:48:25 +0000] [296] [INFO] Started server process [296]
[2026-03-25 18:48:25 +0000] [296] [INFO] Waiting for application startup.
[2026-03-25 18:48:25 +0000] [296] [INFO] Application startup complete.
[2026-03-25 18:48:25 +0000] [307] [INFO] Booting worker with pid: 307
[2026-03-25 18:48:25 +0000] [308] [INFO] Booting worker with pid: 308
[2026-03-25 18:48:25 +0000] [309] [INFO] Booting worker with pid: 309
[2026-03-25 18:48:25 +0000] [298] [INFO] Started server process [298]
[2026-03-25 18:48:25 +0000] [298] [INFO] Waiting for application startup.
[2026-03-25 18:48:25 +0000] [298] [INFO] Application startup complete.
[2026-03-25 18:48:25 +0000] [311] [INFO] Booting worker with pid: 311
[2026-03-25 18:48:25 +0000] [312] [INFO] Booting worker with pid: 312
[2026-03-25 18:48:25 +0000] [301] [INFO] Started server process [301]
[2026-03-25 18:48:25 +0000] [301] [INFO] Waiting for application startup.
[2026-03-25 18:48:25 +0000] [301] [INFO] Application startup complete.
[2026-03-25 18:48:25 +0000] [314] [INFO] Booting worker with pid: 314
[2026-03-25 18:48:25 +0000] [315] [INFO] Booting worker with pid: 315
[2026-03-25 18:48:25 +0000] [316] [INFO] Booting worker with pid: 316
[2026-03-25 18:48:25 +0000] [318] [INFO] Booting worker with pid: 318
[2026-03-25 18:48:25 +0000] [319] [INFO] Booting worker with pid: 319
[2026-03-25 18:48:25 +0000] [304] [INFO] Started server process [304]
[2026-03-25 18:48:25 +0000] [304] [INFO] Waiting for application startup.
[2026-03-25 18:48:25 +0000] [304] [INFO] Application startup complete.
[2026-03-25 18:48:25 +0000] [320] [INFO] Booting worker with pid: 320
[2026-03-25 18:48:25 +0000] [308] [INFO] Started server process [308]
[2026-03-25 18:48:25 +0000] [308] [INFO] Waiting for application startup.
[2026-03-25 18:48:25 +0000] [308] [INFO] Application startup complete.
[2026-03-25 18:48:25 +0000] [305] [INFO] Started server process [305]
[2026-03-25 18:48:25 +0000] [305] [INFO] Waiting for application startup.
[2026-03-25 18:48:25 +0000] [305] [INFO] Application startup complete.
[2026-03-25 18:48:25 +0000] [325] [INFO] Booting worker with pid: 325
[2026-03-25 18:48:25 +0000] [309] [INFO] Started server process [309]
[2026-03-25 18:48:25 +0000] [309] [INFO] Waiting for application startup.
[2026-03-25 18:48:25 +0000] [309] [INFO] Application startup complete.
[2026-03-25 18:48:25 +0000] [307] [INFO] Started server process [307]
[2026-03-25 18:48:25 +0000] [307] [INFO] Waiting for application startup.
[2026-03-25 18:48:25 +0000] [307] [INFO] Application startup complete.
[2026-03-25 18:48:25 +0000] [326] [INFO] Booting worker with pid: 326
[2026-03-25 18:48:25 +0000] [328] [INFO] Booting worker with pid: 328
[2026-03-25 18:48:25 +0000] [311] [INFO] Started server process [311]
[2026-03-25 18:48:25 +0000] [311] [INFO] Waiting for application startup.
[2026-03-25 18:48:25 +0000] [311] [INFO] Application startup complete.
[2026-03-25 18:48:25 +0000] [329] [INFO] Booting worker with pid: 329
[2026-03-25 18:48:25 +0000] [330] [INFO] Booting worker with pid: 330
[2026-03-25 18:48:25 +0000] [331] [INFO] Booting worker with pid: 331
[2026-03-25 18:48:25 +0000] [314] [INFO] Started server process [314]
[2026-03-25 18:48:25 +0000] [314] [INFO] Waiting for application startup.
[2026-03-25 18:48:25 +0000] [314] [INFO] Application startup complete.
[2026-03-25 18:48:26 +0000] [334] [INFO] Booting worker with pid: 334
[2026-03-25 18:48:26 +0000] [335] [INFO] Booting worker with pid: 335
[2026-03-25 18:48:26 +0000] [315] [INFO] Started server process [315]
[2026-03-25 18:48:26 +0000] [315] [INFO] Waiting for application startup.
[2026-03-25 18:48:26 +0000] [315] [INFO] Application startup complete.
[2026-03-25 18:48:26 +0000] [336] [INFO] Booting worker with pid: 336
[2026-03-25 18:48:26 +0000] [337] [INFO] Booting worker with pid: 337
[2026-03-25 18:48:26 +0000] [312] [INFO] Started server process [312]
[2026-03-25 18:48:26 +0000] [312] [INFO] Waiting for application startup.
[2026-03-25 18:48:26 +0000] [312] [INFO] Application startup complete.
[2026-03-25 18:48:26 +0000] [341] [INFO] Booting worker with pid: 341
[2026-03-25 18:48:26 +0000] [316] [INFO] Started server process [316]
[2026-03-25 18:48:26 +0000] [316] [INFO] Waiting for application startup.
[2026-03-25 18:48:26 +0000] [316] [INFO] Application startup complete.
[2026-03-25 18:48:26 +0000] [319] [INFO] Started server process [319]
[2026-03-25 18:48:26 +0000] [319] [INFO] Waiting for application startup.
[2026-03-25 18:48:26 +0000] [319] [INFO] Application startup complete.
[2026-03-25 18:48:26 +0000] [342] [INFO] Booting worker with pid: 342
[2026-03-25 18:48:26 +0000] [345] [INFO] Booting worker with pid: 345
[2026-03-25 18:48:26 +0000] [325] [INFO] Started server process [325]
[2026-03-25 18:48:26 +0000] [325] [INFO] Waiting for application startup.
[2026-03-25 18:48:26 +0000] [325] [INFO] Application startup complete.
[2026-03-25 18:48:26 +0000] [318] [INFO] Started server process [318]
[2026-03-25 18:48:26 +0000] [318] [INFO] Waiting for application startup.
[2026-03-25 18:48:26 +0000] [318] [INFO] Application startup complete.
[2026-03-25 18:48:26 +0000] [326] [INFO] Started server process [326]
[2026-03-25 18:48:26 +0000] [326] [INFO] Waiting for application startup.
[2026-03-25 18:48:26 +0000] [326] [INFO] Application startup complete.
[2026-03-25 18:48:26 +0000] [349] [INFO] Booting worker with pid: 349
[2026-03-25 18:48:26 +0000] [320] [INFO] Started server process [320]
[2026-03-25 18:48:26 +0000] [320] [INFO] Waiting for application startup.
[2026-03-25 18:48:26 +0000] [320] [INFO] Application startup complete.
[2026-03-25 18:48:26 +0000] [328] [INFO] Started server process [328]
[2026-03-25 18:48:26 +0000] [328] [INFO] Waiting for application startup.
[2026-03-25 18:48:26 +0000] [328] [INFO] Application startup complete.
[2026-03-25 18:48:26 +0000] [331] [INFO] Started server process [331]
[2026-03-25 18:48:26 +0000] [331] [INFO] Waiting for application startup.
[2026-03-25 18:48:26 +0000] [331] [INFO] Application startup complete.
[2026-03-25 18:48:26 +0000] [352] [INFO] Booting worker with pid: 352
[2026-03-25 18:48:26 +0000] [329] [INFO] Started server process [329]
[2026-03-25 18:48:26 +0000] [329] [INFO] Waiting for application startup.
[2026-03-25 18:48:26 +0000] [329] [INFO] Application startup complete.
[2026-03-25 18:48:26 +0000] [354] [INFO] Booting worker with pid: 354
[2026-03-25 18:48:26 +0000] [336] [INFO] Started server process [336]
[2026-03-25 18:48:26 +0000] [336] [INFO] Waiting for application startup.
[2026-03-25 18:48:26 +0000] [336] [INFO] Application startup complete.
[2026-03-25 18:48:26 +0000] [355] [INFO] Booting worker with pid: 355
[2026-03-25 18:48:26 +0000] [359] [INFO] Booting worker with pid: 359
[2026-03-25 18:48:26 +0000] [335] [INFO] Started server process [335]
[2026-03-25 18:48:26 +0000] [335] [INFO] Waiting for application startup.
[2026-03-25 18:48:26 +0000] [335] [INFO] Application startup complete.
[2026-03-25 18:48:26 +0000] [330] [INFO] Started server process [330]
[2026-03-25 18:48:26 +0000] [330] [INFO] Waiting for application startup.
[2026-03-25 18:48:26 +0000] [334] [INFO] Started server process [334]
[2026-03-25 18:48:26 +0000] [334] [INFO] Waiting for application startup.
[2026-03-25 18:48:26 +0000] [330] [INFO] Application startup complete.
[2026-03-25 18:48:26 +0000] [334] [INFO] Application startup complete.
[2026-03-25 18:48:26 +0000] [341] [INFO] Started server process [341]
[2026-03-25 18:48:26 +0000] [341] [INFO] Waiting for application startup.
[2026-03-25 18:48:26 +0000] [341] [INFO] Application startup complete.
[2026-03-25 18:48:26 +0000] [361] [INFO] Booting worker with pid: 361
[2026-03-25 18:48:26 +0000] [362] [INFO] Booting worker with pid: 362
[2026-03-25 18:48:26 +0000] [337] [INFO] Started server process [337]
[2026-03-25 18:48:26 +0000] [337] [INFO] Waiting for application startup.
[2026-03-25 18:48:26 +0000] [337] [INFO] Application startup complete.
[2026-03-25 18:48:26 +0000] [365] [INFO] Booting worker with pid: 365
[2026-03-25 18:48:26 +0000] [342] [INFO] Started server process [342]
[2026-03-25 18:48:26 +0000] [342] [INFO] Waiting for application startup.
[2026-03-25 18:48:26 +0000] [342] [INFO] Application startup complete.
[2026-03-25 18:48:26 +0000] [367] [INFO] Booting worker with pid: 367
[2026-03-25 18:48:26 +0000] [345] [INFO] Started server process [345]
[2026-03-25 18:48:26 +0000] [345] [INFO] Waiting for application startup.
[2026-03-25 18:48:26 +0000] [345] [INFO] Application startup complete.
[2026-03-25 18:48:26 +0000] [368] [INFO] Booting worker with pid: 368
[2026-03-25 18:48:26 +0000] [369] [INFO] Booting worker with pid: 369
[2026-03-25 18:48:26 +0000] [371] [INFO] Booting worker with pid: 371
[2026-03-25 18:48:26 +0000] [349] [INFO] Started server process [349]
[2026-03-25 18:48:26 +0000] [349] [INFO] Waiting for application startup.
[2026-03-25 18:48:26 +0000] [349] [INFO] Application startup complete.
[2026-03-25 18:48:26 +0000] [373] [INFO] Booting worker with pid: 373
[2026-03-25 18:48:26 +0000] [352] [INFO] Started server process [352]
[2026-03-25 18:48:27 +0000] [352] [INFO] Waiting for application startup.
[2026-03-25 18:48:27 +0000] [352] [INFO] Application startup complete.
[2026-03-25 18:48:27 +0000] [374] [INFO] Booting worker with pid: 374
[2026-03-25 18:48:27 +0000] [376] [INFO] Booting worker with pid: 376
[2026-03-25 18:48:27 +0000] [354] [INFO] Started server process [354]
[2026-03-25 18:48:27 +0000] [354] [INFO] Waiting for application startup.
[2026-03-25 18:48:27 +0000] [354] [INFO] Application startup complete.
[2026-03-25 18:48:27 +0000] [355] [INFO] Started server process [355]
[2026-03-25 18:48:27 +0000] [355] [INFO] Waiting for application startup.
[2026-03-25 18:48:27 +0000] [355] [INFO] Application startup complete.
[2026-03-25 18:48:27 +0000] [359] [INFO] Started server process [359]
[2026-03-25 18:48:27 +0000] [359] [INFO] Waiting for application startup.
[2026-03-25 18:48:27 +0000] [359] [INFO] Application startup complete.
[2026-03-25 18:48:27 +0000] [379] [INFO] Booting worker with pid: 379
[2026-03-25 18:48:27 +0000] [381] [INFO] Booting worker with pid: 381
[2026-03-25 18:48:27 +0000] [362] [INFO] Started server process [362]
[2026-03-25 18:48:27 +0000] [362] [INFO] Waiting for application startup.
[2026-03-25 18:48:27 +0000] [362] [INFO] Application startup complete.
[2026-03-25 18:48:27 +0000] [368] [INFO] Started server process [368]
[2026-03-25 18:48:27 +0000] [368] [INFO] Waiting for application startup.
[2026-03-25 18:48:27 +0000] [368] [INFO] Application startup complete.
[2026-03-25 18:48:27 +0000] [361] [INFO] Started server process [361]
[2026-03-25 18:48:27 +0000] [361] [INFO] Waiting for application startup.
[2026-03-25 18:48:27 +0000] [361] [INFO] Application startup complete.
[2026-03-25 18:48:27 +0000] [385] [INFO] Booting worker with pid: 385
[2026-03-25 18:48:27 +0000] [365] [INFO] Started server process [365]
[2026-03-25 18:48:27 +0000] [365] [INFO] Waiting for application startup.
[2026-03-25 18:48:27 +0000] [365] [INFO] Application startup complete.
[2026-03-25 18:48:27 +0000] [367] [INFO] Started server process [367]
[2026-03-25 18:48:27 +0000] [367] [INFO] Waiting for application startup.
[2026-03-25 18:48:27 +0000] [367] [INFO] Application startup complete.
[2026-03-25 18:48:27 +0000] [388] [INFO] Booting worker with pid: 388
[2026-03-25 18:48:27 +0000] [373] [INFO] Started server process [373]
[2026-03-25 18:48:27 +0000] [373] [INFO] Waiting for application startup.
[2026-03-25 18:48:27 +0000] [373] [INFO] Application startup complete.
[2026-03-25 18:48:27 +0000] [369] [INFO] Started server process [369]
[2026-03-25 18:48:27 +0000] [369] [INFO] Waiting for application startup.
[2026-03-25 18:48:27 +0000] [369] [INFO] Application startup complete.
[2026-03-25 18:48:27 +0000] [374] [INFO] Started server process [374]
[2026-03-25 18:48:27 +0000] [374] [INFO] Waiting for application startup.
[2026-03-25 18:48:27 +0000] [374] [INFO] Application startup complete.
[2026-03-25 18:48:27 +0000] [392] [INFO] Booting worker with pid: 392
[2026-03-25 18:48:27 +0000] [371] [INFO] Started server process [371]
[2026-03-25 18:48:27 +0000] [371] [INFO] Waiting for application startup.
[2026-03-25 18:48:27 +0000] [371] [INFO] Application startup complete.
[2026-03-25 18:48:27 +0000] [376] [INFO] Started server process [376]
[2026-03-25 18:48:27 +0000] [376] [INFO] Waiting for application startup.
[2026-03-25 18:48:27 +0000] [376] [INFO] Application startup complete.
[2026-03-25 18:48:27 +0000] [394] [INFO] Booting worker with pid: 394
[2026-03-25 18:48:27 +0000] [381] [INFO] Started server process [381]
[2026-03-25 18:48:27 +0000] [381] [INFO] Waiting for application startup.
[2026-03-25 18:48:27 +0000] [381] [INFO] Application startup complete.
[2026-03-25 18:48:27 +0000] [396] [INFO] Booting worker with pid: 396
[2026-03-25 18:48:27 +0000] [398] [INFO] Booting worker with pid: 398
[2026-03-25 18:48:27 +0000] [379] [INFO] Started server process [379]
[2026-03-25 18:48:27 +0000] [379] [INFO] Waiting for application startup.
[2026-03-25 18:48:27 +0000] [379] [INFO] Application startup complete.
[2026-03-25 18:48:27 +0000] [385] [INFO] Started server process [385]
[2026-03-25 18:48:27 +0000] [385] [INFO] Waiting for application startup.
[2026-03-25 18:48:27 +0000] [385] [INFO] Application startup complete.
[2026-03-25 18:48:27 +0000] [400] [INFO] Booting worker with pid: 400
[2026-03-25 18:48:27 +0000] [388] [INFO] Started server process [388]
[2026-03-25 18:48:27 +0000] [388] [INFO] Waiting for application startup.
[2026-03-25 18:48:27 +0000] [388] [INFO] Application startup complete.
[2026-03-25 18:48:27 +0000] [402] [INFO] Booting worker with pid: 402
[2026-03-25 18:48:27 +0000] [392] [INFO] Started server process [392]
[2026-03-25 18:48:27 +0000] [392] [INFO] Waiting for application startup.
[2026-03-25 18:48:27 +0000] [392] [INFO] Application startup complete.
[2026-03-25 18:48:27 +0000] [404] [INFO] Booting worker with pid: 404
[2026-03-25 18:48:27 +0000] [406] [INFO] Booting worker with pid: 406
[2026-03-25 18:48:27 +0000] [394] [INFO] Started server process [394]
[2026-03-25 18:48:27 +0000] [394] [INFO] Waiting for application startup.
[2026-03-25 18:48:27 +0000] [394] [INFO] Application startup complete.
[2026-03-25 18:48:27 +0000] [407] [INFO] Booting worker with pid: 407
[2026-03-25 18:48:27 +0000] [396] [INFO] Started server process [396]
[2026-03-25 18:48:27 +0000] [396] [INFO] Waiting for application startup.
[2026-03-25 18:48:27 +0000] [396] [INFO] Application startup complete.
[2026-03-25 18:48:27 +0000] [398] [INFO] Started server process [398]
[2026-03-25 18:48:27 +0000] [398] [INFO] Waiting for application startup.
[2026-03-25 18:48:27 +0000] [398] [INFO] Application startup complete.
[2026-03-25 18:48:28 +0000] [410] [INFO] Booting worker with pid: 410
[2026-03-25 18:48:28 +0000] [400] [INFO] Started server process [400]
[2026-03-25 18:48:28 +0000] [400] [INFO] Waiting for application startup.
[2026-03-25 18:48:28 +0000] [400] [INFO] Application startup complete.
[2026-03-25 18:48:28 +0000] [413] [INFO] Booting worker with pid: 413
[2026-03-25 18:48:28 +0000] [402] [INFO] Started server process [402]
[2026-03-25 18:48:28 +0000] [402] [INFO] Waiting for application startup.
[2026-03-25 18:48:28 +0000] [402] [INFO] Application startup complete.
[2026-03-25 18:48:28 +0000] [414] [INFO] Booting worker with pid: 414
[2026-03-25 18:48:28 +0000] [404] [INFO] Started server process [404]
[2026-03-25 18:48:28 +0000] [404] [INFO] Waiting for application startup.
[2026-03-25 18:48:28 +0000] [404] [INFO] Application startup complete.
[2026-03-25 18:48:28 +0000] [417] [INFO] Booting worker with pid: 417
[2026-03-25 18:48:28 +0000] [406] [INFO] Started server process [406]
[2026-03-25 18:48:28 +0000] [406] [INFO] Waiting for application startup.
[2026-03-25 18:48:28 +0000] [406] [INFO] Application startup complete.
[2026-03-25 18:48:28 +0000] [407] [INFO] Started server process [407]
[2026-03-25 18:48:28 +0000] [407] [INFO] Waiting for application startup.
[2026-03-25 18:48:28 +0000] [407] [INFO] Application startup complete.
[2026-03-25 18:48:28 +0000] [419] [INFO] Booting worker with pid: 419
[2026-03-25 18:48:28 +0000] [420] [INFO] Booting worker with pid: 420
[2026-03-25 18:48:28 +0000] [422] [INFO] Booting worker with pid: 422
[2026-03-25 18:48:28 +0000] [410] [INFO] Started server process [410]
[2026-03-25 18:48:28 +0000] [410] [INFO] Waiting for application startup.
[2026-03-25 18:48:28 +0000] [410] [INFO] Application startup complete.
[2026-03-25 18:48:28 +0000] [423] [INFO] Booting worker with pid: 423
[2026-03-25 18:48:28 +0000] [413] [INFO] Started server process [413]
[2026-03-25 18:48:28 +0000] [413] [INFO] Waiting for application startup.
[2026-03-25 18:48:28 +0000] [413] [INFO] Application startup complete.
[2026-03-25 18:48:28 +0000] [425] [INFO] Booting worker with pid: 425
[2026-03-25 18:48:28 +0000] [414] [INFO] Started server process [414]
[2026-03-25 18:48:28 +0000] [414] [INFO] Waiting for application startup.
[2026-03-25 18:48:28 +0000] [414] [INFO] Application startup complete.
[2026-03-25 18:48:28 +0000] [417] [INFO] Started server process [417]
[2026-03-25 18:48:28 +0000] [417] [INFO] Waiting for application startup.
[2026-03-25 18:48:28 +0000] [417] [INFO] Application startup complete.
[2026-03-25 18:48:28 +0000] [428] [INFO] Booting worker with pid: 428
[2026-03-25 18:48:28 +0000] [429] [INFO] Booting worker with pid: 429
[2026-03-25 18:48:28 +0000] [419] [INFO] Started server process [419]
[2026-03-25 18:48:28 +0000] [419] [INFO] Waiting for application startup.
[2026-03-25 18:48:28 +0000] [419] [INFO] Application startup complete.
[2026-03-25 18:48:28 +0000] [420] [INFO] Started server process [420]
[2026-03-25 18:48:28 +0000] [420] [INFO] Waiting for application startup.
[2026-03-25 18:48:28 +0000] [420] [INFO] Application startup complete.
[2026-03-25 18:48:28 +0000] [422] [INFO] Started server process [422]
[2026-03-25 18:48:28 +0000] [422] [INFO] Waiting for application startup.
[2026-03-25 18:48:28 +0000] [422] [INFO] Application startup complete.
[2026-03-25 18:48:28 +0000] [434] [INFO] Booting worker with pid: 434
[2026-03-25 18:48:28 +0000] [423] [INFO] Started server process [423]
[2026-03-25 18:48:28 +0000] [423] [INFO] Waiting for application startup.
[2026-03-25 18:48:28 +0000] [423] [INFO] Application startup complete.
[2026-03-25 18:48:28 +0000] [425] [INFO] Started server process [425]
[2026-03-25 18:48:28 +0000] [425] [INFO] Waiting for application startup.
[2026-03-25 18:48:28 +0000] [425] [INFO] Application startup complete.
[2026-03-25 18:48:28 +0000] [436] [INFO] Booting worker with pid: 436
[2026-03-25 18:48:28 +0000] [437] [INFO] Booting worker with pid: 437
[2026-03-25 18:48:28 +0000] [438] [INFO] Booting worker with pid: 438
[2026-03-25 18:48:28 +0000] [428] [INFO] Started server process [428]
[2026-03-25 18:48:28 +0000] [428] [INFO] Waiting for application startup.
[2026-03-25 18:48:28 +0000] [428] [INFO] Application startup complete.
[2026-03-25 18:48:28 +0000] [429] [INFO] Started server process [429]
[2026-03-25 18:48:28 +0000] [429] [INFO] Waiting for application startup.
[2026-03-25 18:48:28 +0000] [429] [INFO] Application startup complete.
[2026-03-25 18:48:28 +0000] [441] [INFO] Booting worker with pid: 441
[2026-03-25 18:48:28 +0000] [442] [INFO] Booting worker with pid: 442
[2026-03-25 18:48:28 +0000] [443] [INFO] Booting worker with pid: 443
[2026-03-25 18:48:28 +0000] [444] [INFO] Booting worker with pid: 444
[2026-03-25 18:48:28 +0000] [434] [INFO] Started server process [434]
[2026-03-25 18:48:28 +0000] [434] [INFO] Waiting for application startup.
[2026-03-25 18:48:28 +0000] [434] [INFO] Application startup complete.
[2026-03-25 18:48:28 +0000] [446] [INFO] Booting worker with pid: 446
[2026-03-25 18:48:29 +0000] [436] [INFO] Started server process [436]
[2026-03-25 18:48:29 +0000] [436] [INFO] Waiting for application startup.
[2026-03-25 18:48:29 +0000] [436] [INFO] Application startup complete.
[2026-03-25 18:48:29 +0000] [437] [INFO] Started server process [437]
[2026-03-25 18:48:29 +0000] [437] [INFO] Waiting for application startup.
[2026-03-25 18:48:29 +0000] [437] [INFO] Application startup complete.
[2026-03-25 18:48:29 +0000] [438] [INFO] Started server process [438]
[2026-03-25 18:48:29 +0000] [438] [INFO] Waiting for application startup.
[2026-03-25 18:48:29 +0000] [438] [INFO] Application startup complete.
[2026-03-25 18:48:29 +0000] [450] [INFO] Booting worker with pid: 450
[2026-03-25 18:48:29 +0000] [441] [INFO] Started server process [441]
[2026-03-25 18:48:29 +0000] [441] [INFO] Waiting for application startup.
[2026-03-25 18:48:29 +0000] [441] [INFO] Application startup complete.
[2026-03-25 18:48:29 +0000] [453] [INFO] Booting worker with pid: 453
[2026-03-25 18:48:29 +0000] [442] [INFO] Started server process [442]
[2026-03-25 18:48:29 +0000] [442] [INFO] Waiting for application startup.
[2026-03-25 18:48:29 +0000] [442] [INFO] Application startup complete.
[2026-03-25 18:48:29 +0000] [443] [INFO] Started server process [443]
[2026-03-25 18:48:29 +0000] [443] [INFO] Waiting for application startup.
[2026-03-25 18:48:29 +0000] [443] [INFO] Application startup complete.
[2026-03-25 18:48:29 +0000] [444] [INFO] Started server process [444]
[2026-03-25 18:48:29 +0000] [444] [INFO] Waiting for application startup.
[2026-03-25 18:48:29 +0000] [444] [INFO] Application startup complete.
[2026-03-25 18:48:29 +0000] [456] [INFO] Booting worker with pid: 456
[2026-03-25 18:48:29 +0000] [457] [INFO] Booting worker with pid: 457
[2026-03-25 18:48:29 +0000] [446] [INFO] Started server process [446]
[2026-03-25 18:48:29 +0000] [446] [INFO] Waiting for application startup.
[2026-03-25 18:48:29 +0000] [446] [INFO] Application startup complete.
[2026-03-25 18:48:29 +0000] [459] [INFO] Booting worker with pid: 459
[2026-03-25 18:48:29 +0000] [450] [INFO] Started server process [450]
[2026-03-25 18:48:29 +0000] [450] [INFO] Waiting for application startup.
[2026-03-25 18:48:29 +0000] [450] [INFO] Application startup complete.
[2026-03-25 18:48:29 +0000] [453] [INFO] Started server process [453]
[2026-03-25 18:48:29 +0000] [453] [INFO] Waiting for application startup.
[2026-03-25 18:48:29 +0000] [453] [INFO] Application startup complete.
[2026-03-25 18:48:29 +0000] [462] [INFO] Booting worker with pid: 462
[2026-03-25 18:48:29 +0000] [456] [INFO] Started server process [456]
[2026-03-25 18:48:29 +0000] [456] [INFO] Waiting for application startup.
[2026-03-25 18:48:29 +0000] [456] [INFO] Application startup complete.
[2026-03-25 18:48:29 +0000] [464] [INFO] Booting worker with pid: 464
[2026-03-25 18:48:29 +0000] [465] [INFO] Booting worker with pid: 465
[2026-03-25 18:48:29 +0000] [457] [INFO] Started server process [457]
[2026-03-25 18:48:29 +0000] [457] [INFO] Waiting for application startup.
[2026-03-25 18:48:29 +0000] [457] [INFO] Application startup complete.
[2026-03-25 18:48:29 +0000] [467] [INFO] Booting worker with pid: 467
[2026-03-25 18:48:29 +0000] [459] [INFO] Started server process [459]
[2026-03-25 18:48:29 +0000] [459] [INFO] Waiting for application startup.
[2026-03-25 18:48:29 +0000] [459] [INFO] Application startup complete.
[2026-03-25 18:48:29 +0000] [469] [INFO] Booting worker with pid: 469
[2026-03-25 18:48:29 +0000] [470] [INFO] Booting worker with pid: 470
[2026-03-25 18:48:29 +0000] [462] [INFO] Started server process [462]
[2026-03-25 18:48:29 +0000] [462] [INFO] Waiting for application startup.
[2026-03-25 18:48:29 +0000] [462] [INFO] Application startup complete.
[2026-03-25 18:48:29 +0000] [472] [INFO] Booting worker with pid: 472
[2026-03-25 18:48:29 +0000] [473] [INFO] Booting worker with pid: 473
[2026-03-25 18:48:29 +0000] [465] [INFO] Started server process [465]
[2026-03-25 18:48:29 +0000] [465] [INFO] Waiting for application startup.
[2026-03-25 18:48:29 +0000] [465] [INFO] Application startup complete.
[2026-03-25 18:48:29 +0000] [464] [INFO] Started server process [464]
[2026-03-25 18:48:29 +0000] [464] [INFO] Waiting for application startup.
[2026-03-25 18:48:29 +0000] [464] [INFO] Application startup complete.
[2026-03-25 18:48:29 +0000] [476] [INFO] Booting worker with pid: 476
[2026-03-25 18:48:29 +0000] [478] [INFO] Booting worker with pid: 478
[2026-03-25 18:48:29 +0000] [467] [INFO] Started server process [467]
[2026-03-25 18:48:29 +0000] [467] [INFO] Waiting for application startup.
[2026-03-25 18:48:29 +0000] [467] [INFO] Application startup complete.
[2026-03-25 18:48:29 +0000] [469] [INFO] Started server process [469]
[2026-03-25 18:48:29 +0000] [469] [INFO] Waiting for application startup.
[2026-03-25 18:48:29 +0000] [469] [INFO] Application startup complete.
[2026-03-25 18:48:29 +0000] [470] [INFO] Started server process [470]
[2026-03-25 18:48:29 +0000] [470] [INFO] Waiting for application startup.
[2026-03-25 18:48:29 +0000] [470] [INFO] Application startup complete.
[2026-03-25 18:48:29 +0000] [481] [INFO] Booting worker with pid: 481
[2026-03-25 18:48:29 +0000] [472] [INFO] Started server process [472]
[2026-03-25 18:48:29 +0000] [472] [INFO] Waiting for application startup.
[2026-03-25 18:48:29 +0000] [472] [INFO] Application startup complete.
[2026-03-25 18:48:29 +0000] [484] [INFO] Booting worker with pid: 484
[2026-03-25 18:48:29 +0000] [473] [INFO] Started server process [473]
[2026-03-25 18:48:29 +0000] [473] [INFO] Waiting for application startup.
[2026-03-25 18:48:29 +0000] [473] [INFO] Application startup complete.
[2026-03-25 18:48:29 +0000] [485] [INFO] Booting worker with pid: 485
[2026-03-25 18:48:29 +0000] [476] [INFO] Started server process [476]
[2026-03-25 18:48:29 +0000] [476] [INFO] Waiting for application startup.
[2026-03-25 18:48:29 +0000] [476] [INFO] Application startup complete.
[2026-03-25 18:48:29 +0000] [487] [INFO] Booting worker with pid: 487
[2026-03-25 18:48:29 +0000] [488] [INFO] Booting worker with pid: 488
[2026-03-25 18:48:30 +0000] [478] [INFO] Started server process [478]
[2026-03-25 18:48:30 +0000] [478] [INFO] Waiting for application startup.
[2026-03-25 18:48:30 +0000] [478] [INFO] Application startup complete.
[2026-03-25 18:48:30 +0000] [490] [INFO] Booting worker with pid: 490
[2026-03-25 18:48:30 +0000] [492] [INFO] Booting worker with pid: 492
[2026-03-25 18:48:30 +0000] [481] [INFO] Started server process [481]
[2026-03-25 18:48:30 +0000] [481] [INFO] Waiting for application startup.
[2026-03-25 18:48:30 +0000] [481] [INFO] Application startup complete.
[2026-03-25 18:48:30 +0000] [493] [INFO] Booting worker with pid: 493
[2026-03-25 18:48:30 +0000] [484] [INFO] Started server process [484]
[2026-03-25 18:48:30 +0000] [484] [INFO] Waiting for application startup.
[2026-03-25 18:48:30 +0000] [484] [INFO] Application startup complete.
[2026-03-25 18:48:30 +0000] [485] [INFO] Started server process [485]
[2026-03-25 18:48:30 +0000] [485] [INFO] Waiting for application startup.
[2026-03-25 18:48:30 +0000] [485] [INFO] Application startup complete.
[2026-03-25 18:48:30 +0000] [496] [INFO] Booting worker with pid: 496
[2026-03-25 18:48:30 +0000] [497] [INFO] Booting worker with pid: 497
[2026-03-25 18:48:30 +0000] [487] [INFO] Started server process [487]
[2026-03-25 18:48:30 +0000] [487] [INFO] Waiting for application startup.
[2026-03-25 18:48:30 +0000] [487] [INFO] Application startup complete.
[2026-03-25 18:48:30 +0000] [488] [INFO] Started server process [488]
[2026-03-25 18:48:30 +0000] [488] [INFO] Waiting for application startup.
[2026-03-25 18:48:30 +0000] [488] [INFO] Application startup complete.
[2026-03-25 18:48:30 +0000] [500] [INFO] Booting worker with pid: 500
[2026-03-25 18:48:30 +0000] [490] [INFO] Started server process [490]
[2026-03-25 18:48:30 +0000] [490] [INFO] Waiting for application startup.
[2026-03-25 18:48:30 +0000] [490] [INFO] Application startup complete.
[2026-03-25 18:48:30 +0000] [502] [INFO] Booting worker with pid: 502
[2026-03-25 18:48:30 +0000] [492] [INFO] Started server process [492]
[2026-03-25 18:48:30 +0000] [492] [INFO] Waiting for application startup.
[2026-03-25 18:48:30 +0000] [492] [INFO] Application startup complete.
[2026-03-25 18:48:30 +0000] [504] [INFO] Booting worker with pid: 504
[2026-03-25 18:48:30 +0000] [493] [INFO] Started server process [493]
[2026-03-25 18:48:30 +0000] [493] [INFO] Waiting for application startup.
[2026-03-25 18:48:30 +0000] [493] [INFO] Application startup complete.
[2026-03-25 18:48:30 +0000] [496] [INFO] Started server process [496]
[2026-03-25 18:48:30 +0000] [496] [INFO] Waiting for application startup.
[2026-03-25 18:48:30 +0000] [496] [INFO] Application startup complete.
[2026-03-25 18:48:30 +0000] [497] [INFO] Started server process [497]
[2026-03-25 18:48:30 +0000] [497] [INFO] Waiting for application startup.
[2026-03-25 18:48:30 +0000] [497] [INFO] Application startup complete.
[2026-03-25 18:48:30 +0000] [508] [INFO] Booting worker with pid: 508
[2026-03-25 18:48:30 +0000] [500] [INFO] Started server process [500]
[2026-03-25 18:48:30 +0000] [500] [INFO] Waiting for application startup.
[2026-03-25 18:48:30 +0000] [500] [INFO] Application startup complete.
[2026-03-25 18:48:30 +0000] [510] [INFO] Booting worker with pid: 510
[2026-03-25 18:48:30 +0000] [502] [INFO] Started server process [502]
[2026-03-25 18:48:30 +0000] [502] [INFO] Waiting for application startup.
[2026-03-25 18:48:30 +0000] [502] [INFO] Application startup complete.
[2026-03-25 18:48:30 +0000] [504] [INFO] Started server process [504]
[2026-03-25 18:48:30 +0000] [504] [INFO] Waiting for application startup.
[2026-03-25 18:48:30 +0000] [504] [INFO] Application startup complete.
[2026-03-25 18:48:30 +0000] [513] [INFO] Booting worker with pid: 513
[2026-03-25 18:48:30 +0000] [514] [INFO] Booting worker with pid: 514
[2026-03-25 18:48:30 +0000] [508] [INFO] Started server process [508]
[2026-03-25 18:48:30 +0000] [508] [INFO] Waiting for application startup.
[2026-03-25 18:48:30 +0000] [508] [INFO] Application startup complete.
[2026-03-25 18:48:30 +0000] [510] [INFO] Started server process [510]
[2026-03-25 18:48:30 +0000] [510] [INFO] Waiting for application startup.
[2026-03-25 18:48:30 +0000] [510] [INFO] Application startup complete.
[2026-03-25 18:48:30 +0000] [513] [INFO] Started server process [513]
[2026-03-25 18:48:30 +0000] [513] [INFO] Waiting for application startup.
[2026-03-25 18:48:30 +0000] [513] [INFO] Application startup complete.
[2026-03-25 18:48:30 +0000] [514] [INFO] Started server process [514]
[2026-03-25 18:48:30 +0000] [514] [INFO] Waiting for application startup.
[2026-03-25 18:48:30 +0000] [514] [INFO] Application startup complete.
