[2026-04-04 14:44:31 +0000] [1] [INFO] Starting gunicorn 23.0.0
[2026-04-04 14:44:31 +0000] [1] [INFO] Listening at: http://0.0.0.0:8080 (1)
[2026-04-04 14:44:31 +0000] [1] [INFO] Using worker: uvicorn.workers.UvicornWorker
[2026-04-04 14:44:31 +0000] [7] [INFO] Booting worker with pid: 7
[2026-04-04 14:44:31 +0000] [8] [INFO] Booting worker with pid: 8
[2026-04-04 14:44:31 +0000] [9] [INFO] Booting worker with pid: 9
[2026-04-04 14:44:31 +0000] [10] [INFO] Booting worker with pid: 10
[2026-04-04 14:44:31 +0000] [11] [INFO] Booting worker with pid: 11
[2026-04-04 14:44:31 +0000] [12] [INFO] Booting worker with pid: 12
[2026-04-04 14:44:31 +0000] [7] [INFO] Started server process [7]
[2026-04-04 14:44:31 +0000] [7] [INFO] Waiting for application startup.
[2026-04-04 14:44:31 +0000] [7] [INFO] Application startup complete.
[2026-04-04 14:44:31 +0000] [15] [INFO] Booting worker with pid: 15
[2026-04-04 14:44:31 +0000] [8] [INFO] Started server process [8]
[2026-04-04 14:44:31 +0000] [8] [INFO] Waiting for application startup.
[2026-04-04 14:44:31 +0000] [8] [INFO] Application startup complete.
[2026-04-04 14:44:31 +0000] [17] [INFO] Booting worker with pid: 17
[2026-04-04 14:44:31 +0000] [9] [INFO] Started server process [9]
[2026-04-04 14:44:31 +0000] [9] [INFO] Waiting for application startup.
[2026-04-04 14:44:31 +0000] [9] [INFO] Application startup complete.
[2026-04-04 14:44:32 +0000] [10] [INFO] Started server process [10]
[2026-04-04 14:44:32 +0000] [10] [INFO] Waiting for application startup.
[2026-04-04 14:44:32 +0000] [10] [INFO] Application startup complete.
[2026-04-04 14:44:32 +0000] [19] [INFO] Booting worker with pid: 19
[2026-04-04 14:44:32 +0000] [21] [INFO] Booting worker with pid: 21
[2026-04-04 14:44:32 +0000] [11] [INFO] Started server process [11]
[2026-04-04 14:44:32 +0000] [11] [INFO] Waiting for application startup.
[2026-04-04 14:44:32 +0000] [11] [INFO] Application startup complete.
[2026-04-04 14:44:32 +0000] [12] [INFO] Started server process [12]
[2026-04-04 14:44:32 +0000] [12] [INFO] Waiting for application startup.
[2026-04-04 14:44:32 +0000] [12] [INFO] Application startup complete.
[2026-04-04 14:44:32 +0000] [24] [INFO] Booting worker with pid: 24
[2026-04-04 14:44:32 +0000] [15] [INFO] Started server process [15]
[2026-04-04 14:44:32 +0000] [15] [INFO] Waiting for application startup.
[2026-04-04 14:44:32 +0000] [15] [INFO] Application startup complete.
[2026-04-04 14:44:32 +0000] [17] [INFO] Started server process [17]
[2026-04-04 14:44:32 +0000] [17] [INFO] Waiting for application startup.
[2026-04-04 14:44:32 +0000] [17] [INFO] Application startup complete.
[2026-04-04 14:44:32 +0000] [26] [INFO] Booting worker with pid: 26
[2026-04-04 14:44:32 +0000] [19] [INFO] Started server process [19]
[2026-04-04 14:44:32 +0000] [19] [INFO] Waiting for application startup.
[2026-04-04 14:44:32 +0000] [19] [INFO] Application startup complete.
[2026-04-04 14:44:32 +0000] [29] [INFO] Booting worker with pid: 29
[2026-04-04 14:44:32 +0000] [21] [INFO] Started server process [21]
[2026-04-04 14:44:32 +0000] [21] [INFO] Waiting for application startup.
[2026-04-04 14:44:32 +0000] [21] [INFO] Application startup complete.
[2026-04-04 14:44:32 +0000] [30] [INFO] Booting worker with pid: 30
[2026-04-04 14:44:32 +0000] [24] [INFO] Started server process [24]
[2026-04-04 14:44:32 +0000] [24] [INFO] Waiting for application startup.
[2026-04-04 14:44:32 +0000] [24] [INFO] Application startup complete.
[2026-04-04 14:44:32 +0000] [32] [INFO] Booting worker with pid: 32
[2026-04-04 14:44:32 +0000] [26] [INFO] Started server process [26]
[2026-04-04 14:44:32 +0000] [26] [INFO] Waiting for application startup.
[2026-04-04 14:44:32 +0000] [26] [INFO] Application startup complete.
[2026-04-04 14:44:32 +0000] [34] [INFO] Booting worker with pid: 34
[2026-04-04 14:44:32 +0000] [35] [INFO] Booting worker with pid: 35
[2026-04-04 14:44:32 +0000] [29] [INFO] Started server process [29]
[2026-04-04 14:44:32 +0000] [29] [INFO] Waiting for application startup.
[2026-04-04 14:44:32 +0000] [29] [INFO] Application startup complete.
[2026-04-04 14:44:32 +0000] [30] [INFO] Started server process [30]
[2026-04-04 14:44:32 +0000] [30] [INFO] Waiting for application startup.
[2026-04-04 14:44:32 +0000] [30] [INFO] Application startup complete.
[2026-04-04 14:44:32 +0000] [38] [INFO] Booting worker with pid: 38
[2026-04-04 14:44:32 +0000] [39] [INFO] Booting worker with pid: 39
[2026-04-04 14:44:32 +0000] [32] [INFO] Started server process [32]
[2026-04-04 14:44:32 +0000] [32] [INFO] Waiting for application startup.
[2026-04-04 14:44:32 +0000] [32] [INFO] Application startup complete.
[2026-04-04 14:44:32 +0000] [41] [INFO] Booting worker with pid: 41
[2026-04-04 14:44:32 +0000] [34] [INFO] Started server process [34]
[2026-04-04 14:44:32 +0000] [34] [INFO] Waiting for application startup.
[2026-04-04 14:44:32 +0000] [34] [INFO] Application startup complete.
[2026-04-04 14:44:32 +0000] [44] [INFO] Booting worker with pid: 44
[2026-04-04 14:44:32 +0000] [45] [INFO] Booting worker with pid: 45
[2026-04-04 14:44:32 +0000] [35] [INFO] Started server process [35]
[2026-04-04 14:44:32 +0000] [35] [INFO] Waiting for application startup.
[2026-04-04 14:44:32 +0000] [35] [INFO] Application startup complete.
[2026-04-04 14:44:32 +0000] [46] [INFO] Booting worker with pid: 46
[2026-04-04 14:44:32 +0000] [38] [INFO] Started server process [38]
[2026-04-04 14:44:32 +0000] [38] [INFO] Waiting for application startup.
[2026-04-04 14:44:32 +0000] [38] [INFO] Application startup complete.
[2026-04-04 14:44:32 +0000] [48] [INFO] Booting worker with pid: 48
[2026-04-04 14:44:33 +0000] [39] [INFO] Started server process [39]
[2026-04-04 14:44:33 +0000] [39] [INFO] Waiting for application startup.
[2026-04-04 14:44:33 +0000] [39] [INFO] Application startup complete.
[2026-04-04 14:44:33 +0000] [51] [INFO] Booting worker with pid: 51
[2026-04-04 14:44:33 +0000] [41] [INFO] Started server process [41]
[2026-04-04 14:44:33 +0000] [41] [INFO] Waiting for application startup.
[2026-04-04 14:44:33 +0000] [41] [INFO] Application startup complete.
[2026-04-04 14:44:33 +0000] [52] [INFO] Booting worker with pid: 52
[2026-04-04 14:44:33 +0000] [53] [INFO] Booting worker with pid: 53
[2026-04-04 14:44:33 +0000] [54] [INFO] Booting worker with pid: 54
[2026-04-04 14:44:33 +0000] [44] [INFO] Started server process [44]
[2026-04-04 14:44:33 +0000] [44] [INFO] Waiting for application startup.
[2026-04-04 14:44:33 +0000] [44] [INFO] Application startup complete.
[2026-04-04 14:44:33 +0000] [45] [INFO] Started server process [45]
[2026-04-04 14:44:33 +0000] [45] [INFO] Waiting for application startup.
[2026-04-04 14:44:33 +0000] [45] [INFO] Application startup complete.
[2026-04-04 14:44:33 +0000] [58] [INFO] Booting worker with pid: 58
[2026-04-04 14:44:33 +0000] [46] [INFO] Started server process [46]
[2026-04-04 14:44:33 +0000] [46] [INFO] Waiting for application startup.
[2026-04-04 14:44:33 +0000] [46] [INFO] Application startup complete.
[2026-04-04 14:44:33 +0000] [59] [INFO] Booting worker with pid: 59
[2026-04-04 14:44:33 +0000] [60] [INFO] Booting worker with pid: 60
[2026-04-04 14:44:33 +0000] [48] [INFO] Started server process [48]
[2026-04-04 14:44:33 +0000] [48] [INFO] Waiting for application startup.
[2026-04-04 14:44:33 +0000] [48] [INFO] Application startup complete.
[2026-04-04 14:44:33 +0000] [62] [INFO] Booting worker with pid: 62
[2026-04-04 14:44:33 +0000] [52] [INFO] Started server process [52]
[2026-04-04 14:44:33 +0000] [52] [INFO] Waiting for application startup.
[2026-04-04 14:44:33 +0000] [52] [INFO] Application startup complete.
[2026-04-04 14:44:33 +0000] [53] [INFO] Started server process [53]
[2026-04-04 14:44:33 +0000] [53] [INFO] Waiting for application startup.
[2026-04-04 14:44:33 +0000] [53] [INFO] Application startup complete.
[2026-04-04 14:44:33 +0000] [54] [INFO] Started server process [54]
[2026-04-04 14:44:33 +0000] [54] [INFO] Waiting for application startup.
[2026-04-04 14:44:33 +0000] [54] [INFO] Application startup complete.
[2026-04-04 14:44:33 +0000] [51] [INFO] Started server process [51]
[2026-04-04 14:44:33 +0000] [51] [INFO] Waiting for application startup.
[2026-04-04 14:44:33 +0000] [51] [INFO] Application startup complete.
[2026-04-04 14:44:33 +0000] [67] [INFO] Booting worker with pid: 67
[2026-04-04 14:44:33 +0000] [58] [INFO] Started server process [58]
[2026-04-04 14:44:33 +0000] [58] [INFO] Waiting for application startup.
[2026-04-04 14:44:33 +0000] [58] [INFO] Application startup complete.
[2026-04-04 14:44:33 +0000] [69] [INFO] Booting worker with pid: 69
[2026-04-04 14:44:33 +0000] [70] [INFO] Booting worker with pid: 70
[2026-04-04 14:44:33 +0000] [72] [INFO] Booting worker with pid: 72
[2026-04-04 14:44:33 +0000] [59] [INFO] Started server process [59]
[2026-04-04 14:44:33 +0000] [59] [INFO] Waiting for application startup.
[2026-04-04 14:44:33 +0000] [59] [INFO] Application startup complete.
[2026-04-04 14:44:33 +0000] [74] [INFO] Booting worker with pid: 74
[2026-04-04 14:44:33 +0000] [60] [INFO] Started server process [60]
[2026-04-04 14:44:33 +0000] [60] [INFO] Waiting for application startup.
[2026-04-04 14:44:33 +0000] [60] [INFO] Application startup complete.
[2026-04-04 14:44:33 +0000] [75] [INFO] Booting worker with pid: 75
[2026-04-04 14:44:33 +0000] [62] [INFO] Started server process [62]
[2026-04-04 14:44:33 +0000] [62] [INFO] Waiting for application startup.
[2026-04-04 14:44:33 +0000] [62] [INFO] Application startup complete.
[2026-04-04 14:44:33 +0000] [77] [INFO] Booting worker with pid: 77
[2026-04-04 14:44:33 +0000] [78] [INFO] Booting worker with pid: 78
[2026-04-04 14:44:33 +0000] [80] [INFO] Booting worker with pid: 80
[2026-04-04 14:44:33 +0000] [67] [INFO] Started server process [67]
[2026-04-04 14:44:33 +0000] [67] [INFO] Waiting for application startup.
[2026-04-04 14:44:33 +0000] [67] [INFO] Application startup complete.
[2026-04-04 14:44:33 +0000] [81] [INFO] Booting worker with pid: 81
[2026-04-04 14:44:33 +0000] [82] [INFO] Booting worker with pid: 82
[2026-04-04 14:44:33 +0000] [69] [INFO] Started server process [69]
[2026-04-04 14:44:33 +0000] [69] [INFO] Waiting for application startup.
[2026-04-04 14:44:33 +0000] [69] [INFO] Application startup complete.
[2026-04-04 14:44:33 +0000] [70] [INFO] Started server process [70]
[2026-04-04 14:44:33 +0000] [70] [INFO] Waiting for application startup.
[2026-04-04 14:44:33 +0000] [70] [INFO] Application startup complete.
[2026-04-04 14:44:33 +0000] [72] [INFO] Started server process [72]
[2026-04-04 14:44:33 +0000] [72] [INFO] Waiting for application startup.
[2026-04-04 14:44:33 +0000] [72] [INFO] Application startup complete.
[2026-04-04 14:44:33 +0000] [86] [INFO] Booting worker with pid: 86
[2026-04-04 14:44:33 +0000] [74] [INFO] Started server process [74]
[2026-04-04 14:44:33 +0000] [88] [INFO] Booting worker with pid: 88
[2026-04-04 14:44:33 +0000] [74] [INFO] Waiting for application startup.
[2026-04-04 14:44:33 +0000] [74] [INFO] Application startup complete.
[2026-04-04 14:44:34 +0000] [89] [INFO] Booting worker with pid: 89
[2026-04-04 14:44:34 +0000] [91] [INFO] Booting worker with pid: 91
[2026-04-04 14:44:34 +0000] [75] [INFO] Started server process [75]
[2026-04-04 14:44:34 +0000] [75] [INFO] Waiting for application startup.
[2026-04-04 14:44:34 +0000] [75] [INFO] Application startup complete.
[2026-04-04 14:44:34 +0000] [92] [INFO] Booting worker with pid: 92
[2026-04-04 14:44:34 +0000] [93] [INFO] Booting worker with pid: 93
[2026-04-04 14:44:34 +0000] [77] [INFO] Started server process [77]
[2026-04-04 14:44:34 +0000] [77] [INFO] Waiting for application startup.
[2026-04-04 14:44:34 +0000] [77] [INFO] Application startup complete.
[2026-04-04 14:44:34 +0000] [78] [INFO] Started server process [78]
[2026-04-04 14:44:34 +0000] [78] [INFO] Waiting for application startup.
[2026-04-04 14:44:34 +0000] [78] [INFO] Application startup complete.
[2026-04-04 14:44:34 +0000] [96] [INFO] Booting worker with pid: 96
[2026-04-04 14:44:34 +0000] [97] [INFO] Booting worker with pid: 97
[2026-04-04 14:44:34 +0000] [98] [INFO] Booting worker with pid: 98
[2026-04-04 14:44:34 +0000] [80] [INFO] Started server process [80]
[2026-04-04 14:44:34 +0000] [80] [INFO] Waiting for application startup.
[2026-04-04 14:44:34 +0000] [80] [INFO] Application startup complete.
[2026-04-04 14:44:34 +0000] [101] [INFO] Booting worker with pid: 101
[2026-04-04 14:44:34 +0000] [81] [INFO] Started server process [81]
[2026-04-04 14:44:34 +0000] [81] [INFO] Waiting for application startup.
[2026-04-04 14:44:34 +0000] [81] [INFO] Application startup complete.
[2026-04-04 14:44:34 +0000] [82] [INFO] Started server process [82]
[2026-04-04 14:44:34 +0000] [82] [INFO] Waiting for application startup.
[2026-04-04 14:44:34 +0000] [82] [INFO] Application startup complete.
[2026-04-04 14:44:34 +0000] [103] [INFO] Booting worker with pid: 103
[2026-04-04 14:44:34 +0000] [104] [INFO] Booting worker with pid: 104
[2026-04-04 14:44:34 +0000] [86] [INFO] Started server process [86]
[2026-04-04 14:44:34 +0000] [86] [INFO] Waiting for application startup.
[2026-04-04 14:44:34 +0000] [86] [INFO] Application startup complete.
[2026-04-04 14:44:34 +0000] [107] [INFO] Booting worker with pid: 107
[2026-04-04 14:44:34 +0000] [88] [INFO] Started server process [88]
[2026-04-04 14:44:34 +0000] [88] [INFO] Waiting for application startup.
[2026-04-04 14:44:34 +0000] [88] [INFO] Application startup complete.
[2026-04-04 14:44:34 +0000] [109] [INFO] Booting worker with pid: 109
[2026-04-04 14:44:34 +0000] [89] [INFO] Started server process [89]
[2026-04-04 14:44:34 +0000] [89] [INFO] Waiting for application startup.
[2026-04-04 14:44:34 +0000] [89] [INFO] Application startup complete.
[2026-04-04 14:44:34 +0000] [93] [INFO] Started server process [93]
[2026-04-04 14:44:34 +0000] [93] [INFO] Waiting for application startup.
[2026-04-04 14:44:34 +0000] [93] [INFO] Application startup complete.
[2026-04-04 14:44:34 +0000] [96] [INFO] Started server process [96]
[2026-04-04 14:44:34 +0000] [96] [INFO] Waiting for application startup.
[2026-04-04 14:44:34 +0000] [96] [INFO] Application startup complete.
[2026-04-04 14:44:34 +0000] [113] [INFO] Booting worker with pid: 113
[2026-04-04 14:44:34 +0000] [114] [INFO] Booting worker with pid: 114
[2026-04-04 14:44:34 +0000] [91] [INFO] Started server process [91]
[2026-04-04 14:44:34 +0000] [91] [INFO] Waiting for application startup.
[2026-04-04 14:44:34 +0000] [91] [INFO] Application startup complete.
[2026-04-04 14:44:34 +0000] [92] [INFO] Started server process [92]
[2026-04-04 14:44:34 +0000] [92] [INFO] Waiting for application startup.
[2026-04-04 14:44:34 +0000] [92] [INFO] Application startup complete.
[2026-04-04 14:44:34 +0000] [117] [INFO] Booting worker with pid: 117
[2026-04-04 14:44:34 +0000] [97] [INFO] Started server process [97]
[2026-04-04 14:44:34 +0000] [97] [INFO] Waiting for application startup.
[2026-04-04 14:44:34 +0000] [97] [INFO] Application startup complete.
[2026-04-04 14:44:34 +0000] [119] [INFO] Booting worker with pid: 119
[2026-04-04 14:44:34 +0000] [98] [INFO] Started server process [98]
[2026-04-04 14:44:34 +0000] [98] [INFO] Waiting for application startup.
[2026-04-04 14:44:34 +0000] [98] [INFO] Application startup complete.
[2026-04-04 14:44:34 +0000] [120] [INFO] Booting worker with pid: 120
[2026-04-04 14:44:34 +0000] [101] [INFO] Started server process [101]
[2026-04-04 14:44:34 +0000] [101] [INFO] Waiting for application startup.
[2026-04-04 14:44:34 +0000] [101] [INFO] Application startup complete.
[2026-04-04 14:44:34 +0000] [107] [INFO] Started server process [107]
[2026-04-04 14:44:34 +0000] [107] [INFO] Waiting for application startup.
[2026-04-04 14:44:34 +0000] [107] [INFO] Application startup complete.
[2026-04-04 14:44:34 +0000] [123] [INFO] Booting worker with pid: 123
[2026-04-04 14:44:34 +0000] [103] [INFO] Started server process [103]
[2026-04-04 14:44:34 +0000] [103] [INFO] Waiting for application startup.
[2026-04-04 14:44:34 +0000] [103] [INFO] Application startup complete.
[2026-04-04 14:44:34 +0000] [126] [INFO] Booting worker with pid: 126
[2026-04-04 14:44:34 +0000] [104] [INFO] Started server process [104]
[2026-04-04 14:44:34 +0000] [104] [INFO] Waiting for application startup.
[2026-04-04 14:44:34 +0000] [104] [INFO] Application startup complete.
[2026-04-04 14:44:34 +0000] [109] [INFO] Started server process [109]
[2026-04-04 14:44:34 +0000] [109] [INFO] Waiting for application startup.
[2026-04-04 14:44:34 +0000] [109] [INFO] Application startup complete.
[2026-04-04 14:44:34 +0000] [113] [INFO] Started server process [113]
[2026-04-04 14:44:34 +0000] [113] [INFO] Waiting for application startup.
[2026-04-04 14:44:34 +0000] [113] [INFO] Application startup complete.
[2026-04-04 14:44:35 +0000] [114] [INFO] Started server process [114]
[2026-04-04 14:44:35 +0000] [114] [INFO] Waiting for application startup.
[2026-04-04 14:44:35 +0000] [114] [INFO] Application startup complete.
[2026-04-04 14:44:35 +0000] [117] [INFO] Started server process [117]
[2026-04-04 14:44:35 +0000] [117] [INFO] Waiting for application startup.
[2026-04-04 14:44:35 +0000] [117] [INFO] Application startup complete.
[2026-04-04 14:44:35 +0000] [119] [INFO] Started server process [119]
[2026-04-04 14:44:35 +0000] [119] [INFO] Waiting for application startup.
[2026-04-04 14:44:35 +0000] [119] [INFO] Application startup complete.
[2026-04-04 14:44:35 +0000] [120] [INFO] Started server process [120]
[2026-04-04 14:44:35 +0000] [120] [INFO] Waiting for application startup.
[2026-04-04 14:44:35 +0000] [120] [INFO] Application startup complete.
[2026-04-04 14:44:35 +0000] [123] [INFO] Started server process [123]
[2026-04-04 14:44:35 +0000] [123] [INFO] Waiting for application startup.
[2026-04-04 14:44:35 +0000] [123] [INFO] Application startup complete.
[2026-04-04 14:44:35 +0000] [126] [INFO] Started server process [126]
[2026-04-04 14:44:35 +0000] [126] [INFO] Waiting for application startup.
[2026-04-04 14:44:35 +0000] [126] [INFO] Application startup complete.
