[2026-04-04 15:44:47 +0000] [1] [INFO] Starting gunicorn 23.0.0
[2026-04-04 15:44:47 +0000] [1] [INFO] Listening at: http://0.0.0.0:8080 (1)
[2026-04-04 15:44:47 +0000] [1] [INFO] Using worker: uvicorn.workers.UvicornWorker
[2026-04-04 15:44:47 +0000] [7] [INFO] Booting worker with pid: 7
[2026-04-04 15:44:47 +0000] [8] [INFO] Booting worker with pid: 8
[2026-04-04 15:44:47 +0000] [9] [INFO] Booting worker with pid: 9
[2026-04-04 15:44:47 +0000] [7] [INFO] Started server process [7]
[2026-04-04 15:44:47 +0000] [7] [INFO] Waiting for application startup.
[2026-04-04 15:44:47 +0000] [7] [INFO] Application startup complete.
[2026-04-04 15:44:47 +0000] [8] [INFO] Started server process [8]
[2026-04-04 15:44:47 +0000] [8] [INFO] Waiting for application startup.
[2026-04-04 15:44:47 +0000] [8] [INFO] Application startup complete.
[2026-04-04 15:44:47 +0000] [12] [INFO] Booting worker with pid: 12
[2026-04-04 15:44:47 +0000] [13] [INFO] Booting worker with pid: 13
[2026-04-04 15:44:47 +0000] [9] [INFO] Started server process [9]
[2026-04-04 15:44:47 +0000] [9] [INFO] Waiting for application startup.
[2026-04-04 15:44:47 +0000] [9] [INFO] Application startup complete.
[2026-04-04 15:44:47 +0000] [15] [INFO] Booting worker with pid: 15
[2026-04-04 15:44:48 +0000] [12] [INFO] Started server process [12]
[2026-04-04 15:44:48 +0000] [12] [INFO] Waiting for application startup.
[2026-04-04 15:44:48 +0000] [12] [INFO] Application startup complete.
[2026-04-04 15:44:48 +0000] [13] [INFO] Started server process [13]
[2026-04-04 15:44:48 +0000] [13] [INFO] Waiting for application startup.
[2026-04-04 15:44:48 +0000] [13] [INFO] Application startup complete.
[2026-04-04 15:44:48 +0000] [18] [INFO] Booting worker with pid: 18
[2026-04-04 15:44:48 +0000] [15] [INFO] Started server process [15]
[2026-04-04 15:44:48 +0000] [15] [INFO] Waiting for application startup.
[2026-04-04 15:44:48 +0000] [15] [INFO] Application startup complete.
[2026-04-04 15:44:48 +0000] [20] [INFO] Booting worker with pid: 20
[2026-04-04 15:44:48 +0000] [21] [INFO] Booting worker with pid: 21
[2026-04-04 15:44:48 +0000] [22] [INFO] Booting worker with pid: 22
[2026-04-04 15:44:48 +0000] [18] [INFO] Started server process [18]
[2026-04-04 15:44:48 +0000] [18] [INFO] Waiting for application startup.
[2026-04-04 15:44:48 +0000] [18] [INFO] Application startup complete.
[2026-04-04 15:44:48 +0000] [20] [INFO] Started server process [20]
[2026-04-04 15:44:48 +0000] [20] [INFO] Waiting for application startup.
[2026-04-04 15:44:48 +0000] [20] [INFO] Application startup complete.
[2026-04-04 15:44:48 +0000] [21] [INFO] Started server process [21]
[2026-04-04 15:44:48 +0000] [21] [INFO] Waiting for application startup.
[2026-04-04 15:44:48 +0000] [21] [INFO] Application startup complete.
[2026-04-04 15:44:48 +0000] [22] [INFO] Started server process [22]
[2026-04-04 15:44:48 +0000] [22] [INFO] Waiting for application startup.
[2026-04-04 15:44:48 +0000] [22] [INFO] Application startup complete.
[2026-04-04 15:44:48 +0000] [27] [INFO] Booting worker with pid: 27
[2026-04-04 15:44:48 +0000] [29] [INFO] Booting worker with pid: 29
[2026-04-04 15:44:48 +0000] [27] [INFO] Started server process [27]
[2026-04-04 15:44:48 +0000] [27] [INFO] Waiting for application startup.
[2026-04-04 15:44:48 +0000] [27] [INFO] Application startup complete.
[2026-04-04 15:44:48 +0000] [30] [INFO] Booting worker with pid: 30
[2026-04-04 15:44:48 +0000] [32] [INFO] Booting worker with pid: 32
[2026-04-04 15:44:48 +0000] [29] [INFO] Started server process [29]
[2026-04-04 15:44:48 +0000] [29] [INFO] Waiting for application startup.
[2026-04-04 15:44:48 +0000] [33] [INFO] Booting worker with pid: 33
[2026-04-04 15:44:48 +0000] [29] [INFO] Application startup complete.
[2026-04-04 15:44:48 +0000] [30] [INFO] Started server process [30]
[2026-04-04 15:44:48 +0000] [30] [INFO] Waiting for application startup.
[2026-04-04 15:44:48 +0000] [30] [INFO] Application startup complete.
[2026-04-04 15:44:48 +0000] [32] [INFO] Started server process [32]
[2026-04-04 15:44:48 +0000] [32] [INFO] Waiting for application startup.
[2026-04-04 15:44:48 +0000] [32] [INFO] Application startup complete.
[2026-04-04 15:44:48 +0000] [33] [INFO] Started server process [33]
[2026-04-04 15:44:48 +0000] [33] [INFO] Waiting for application startup.
[2026-04-04 15:44:48 +0000] [33] [INFO] Application startup complete.
[2026-04-04 15:44:48 +0000] [37] [INFO] Booting worker with pid: 37
[2026-04-04 15:44:48 +0000] [38] [INFO] Booting worker with pid: 38
[2026-04-04 15:44:48 +0000] [37] [INFO] Started server process [37]
[2026-04-04 15:44:48 +0000] [37] [INFO] Waiting for application startup.
[2026-04-04 15:44:48 +0000] [37] [INFO] Application startup complete.
[2026-04-04 15:44:48 +0000] [41] [INFO] Booting worker with pid: 41
[2026-04-04 15:44:48 +0000] [38] [INFO] Started server process [38]
[2026-04-04 15:44:48 +0000] [38] [INFO] Waiting for application startup.
[2026-04-04 15:44:48 +0000] [38] [INFO] Application startup complete.
[2026-04-04 15:44:48 +0000] [42] [INFO] Booting worker with pid: 42
[2026-04-04 15:44:48 +0000] [41] [INFO] Started server process [41]
[2026-04-04 15:44:48 +0000] [41] [INFO] Waiting for application startup.
[2026-04-04 15:44:48 +0000] [41] [INFO] Application startup complete.
[2026-04-04 15:44:48 +0000] [42] [INFO] Started server process [42]
[2026-04-04 15:44:48 +0000] [42] [INFO] Waiting for application startup.
[2026-04-04 15:44:48 +0000] [42] [INFO] Application startup complete.
[2026-04-04 15:44:48 +0000] [45] [INFO] Booting worker with pid: 45
[2026-04-04 15:44:48 +0000] [47] [INFO] Booting worker with pid: 47
[2026-04-04 15:44:48 +0000] [45] [INFO] Started server process [45]
[2026-04-04 15:44:48 +0000] [45] [INFO] Waiting for application startup.
[2026-04-04 15:44:48 +0000] [45] [INFO] Application startup complete.
[2026-04-04 15:44:48 +0000] [48] [INFO] Booting worker with pid: 48
[2026-04-04 15:44:48 +0000] [47] [INFO] Started server process [47]
[2026-04-04 15:44:48 +0000] [47] [INFO] Waiting for application startup.
[2026-04-04 15:44:48 +0000] [47] [INFO] Application startup complete.
[2026-04-04 15:44:48 +0000] [50] [INFO] Booting worker with pid: 50
[2026-04-04 15:44:48 +0000] [48] [INFO] Started server process [48]
[2026-04-04 15:44:48 +0000] [48] [INFO] Waiting for application startup.
[2026-04-04 15:44:48 +0000] [48] [INFO] Application startup complete.
[2026-04-04 15:44:48 +0000] [52] [INFO] Booting worker with pid: 52
[2026-04-04 15:44:48 +0000] [50] [INFO] Started server process [50]
[2026-04-04 15:44:48 +0000] [50] [INFO] Waiting for application startup.
[2026-04-04 15:44:48 +0000] [50] [INFO] Application startup complete.
[2026-04-04 15:44:48 +0000] [135] [INFO] Booting worker with pid: 135
[2026-04-04 15:44:48 +0000] [52] [INFO] Started server process [52]
[2026-04-04 15:44:48 +0000] [52] [INFO] Waiting for application startup.
[2026-04-04 15:44:48 +0000] [52] [INFO] Application startup complete.
[2026-04-04 15:44:48 +0000] [170] [INFO] Booting worker with pid: 170
[2026-04-04 15:44:49 +0000] [135] [INFO] Started server process [135]
[2026-04-04 15:44:49 +0000] [135] [INFO] Waiting for application startup.
[2026-04-04 15:44:49 +0000] [135] [INFO] Application startup complete.
[2026-04-04 15:44:49 +0000] [176] [INFO] Booting worker with pid: 176
[2026-04-04 15:44:49 +0000] [170] [INFO] Started server process [170]
[2026-04-04 15:44:49 +0000] [170] [INFO] Waiting for application startup.
[2026-04-04 15:44:49 +0000] [170] [INFO] Application startup complete.
[2026-04-04 15:44:49 +0000] [180] [INFO] Booting worker with pid: 180
[2026-04-04 15:44:49 +0000] [176] [INFO] Started server process [176]
[2026-04-04 15:44:49 +0000] [176] [INFO] Waiting for application startup.
[2026-04-04 15:44:49 +0000] [176] [INFO] Application startup complete.
[2026-04-04 15:44:49 +0000] [183] [INFO] Booting worker with pid: 183
[2026-04-04 15:44:49 +0000] [189] [INFO] Booting worker with pid: 189
[2026-04-04 15:44:49 +0000] [180] [INFO] Started server process [180]
[2026-04-04 15:44:49 +0000] [180] [INFO] Waiting for application startup.
[2026-04-04 15:44:49 +0000] [180] [INFO] Application startup complete.
[2026-04-04 15:44:49 +0000] [193] [INFO] Booting worker with pid: 193
[2026-04-04 15:44:49 +0000] [183] [INFO] Started server process [183]
[2026-04-04 15:44:49 +0000] [183] [INFO] Waiting for application startup.
[2026-04-04 15:44:49 +0000] [183] [INFO] Application startup complete.
[2026-04-04 15:44:49 +0000] [195] [INFO] Booting worker with pid: 195
[2026-04-04 15:44:49 +0000] [189] [INFO] Started server process [189]
[2026-04-04 15:44:49 +0000] [189] [INFO] Waiting for application startup.
[2026-04-04 15:44:49 +0000] [189] [INFO] Application startup complete.
[2026-04-04 15:44:49 +0000] [207] [INFO] Booting worker with pid: 207
[2026-04-04 15:44:49 +0000] [193] [INFO] Started server process [193]
[2026-04-04 15:44:49 +0000] [193] [INFO] Waiting for application startup.
[2026-04-04 15:44:49 +0000] [193] [INFO] Application startup complete.
[2026-04-04 15:44:49 +0000] [195] [INFO] Started server process [195]
[2026-04-04 15:44:49 +0000] [195] [INFO] Waiting for application startup.
[2026-04-04 15:44:49 +0000] [195] [INFO] Application startup complete.
[2026-04-04 15:44:49 +0000] [213] [INFO] Booting worker with pid: 213
[2026-04-04 15:44:49 +0000] [207] [INFO] Started server process [207]
[2026-04-04 15:44:49 +0000] [207] [INFO] Waiting for application startup.
[2026-04-04 15:44:49 +0000] [207] [INFO] Application startup complete.
[2026-04-04 15:44:49 +0000] [220] [INFO] Booting worker with pid: 220
[2026-04-04 15:44:49 +0000] [213] [INFO] Started server process [213]
[2026-04-04 15:44:49 +0000] [213] [INFO] Waiting for application startup.
[2026-04-04 15:44:49 +0000] [213] [INFO] Application startup complete.
[2026-04-04 15:44:49 +0000] [227] [INFO] Booting worker with pid: 227
[2026-04-04 15:44:49 +0000] [220] [INFO] Started server process [220]
[2026-04-04 15:44:49 +0000] [220] [INFO] Waiting for application startup.
[2026-04-04 15:44:49 +0000] [220] [INFO] Application startup complete.
[2026-04-04 15:44:49 +0000] [227] [INFO] Started server process [227]
[2026-04-04 15:44:49 +0000] [227] [INFO] Waiting for application startup.
[2026-04-04 15:44:49 +0000] [227] [INFO] Application startup complete.
[2026-04-04 15:44:49 +0000] [236] [INFO] Booting worker with pid: 236
[2026-04-04 15:44:49 +0000] [242] [INFO] Booting worker with pid: 242
[2026-04-04 15:44:49 +0000] [236] [INFO] Started server process [236]
[2026-04-04 15:44:49 +0000] [236] [INFO] Waiting for application startup.
[2026-04-04 15:44:49 +0000] [236] [INFO] Application startup complete.
[2026-04-04 15:44:49 +0000] [244] [INFO] Booting worker with pid: 244
[2026-04-04 15:44:49 +0000] [246] [INFO] Booting worker with pid: 246
[2026-04-04 15:44:49 +0000] [250] [INFO] Booting worker with pid: 250
[2026-04-04 15:44:49 +0000] [242] [INFO] Started server process [242]
[2026-04-04 15:44:49 +0000] [242] [INFO] Waiting for application startup.
[2026-04-04 15:44:49 +0000] [242] [INFO] Application startup complete.
[2026-04-04 15:44:49 +0000] [244] [INFO] Started server process [244]
[2026-04-04 15:44:49 +0000] [244] [INFO] Waiting for application startup.
[2026-04-04 15:44:49 +0000] [244] [INFO] Application startup complete.
[2026-04-04 15:44:49 +0000] [246] [INFO] Started server process [246]
[2026-04-04 15:44:49 +0000] [246] [INFO] Waiting for application startup.
[2026-04-04 15:44:49 +0000] [246] [INFO] Application startup complete.
[2026-04-04 15:44:49 +0000] [259] [INFO] Booting worker with pid: 259
[2026-04-04 15:44:49 +0000] [250] [INFO] Started server process [250]
[2026-04-04 15:44:49 +0000] [250] [INFO] Waiting for application startup.
[2026-04-04 15:44:49 +0000] [250] [INFO] Application startup complete.
[2026-04-04 15:44:49 +0000] [268] [INFO] Booting worker with pid: 268
[2026-04-04 15:44:49 +0000] [269] [INFO] Booting worker with pid: 269
[2026-04-04 15:44:49 +0000] [259] [INFO] Started server process [259]
[2026-04-04 15:44:49 +0000] [259] [INFO] Waiting for application startup.
[2026-04-04 15:44:49 +0000] [259] [INFO] Application startup complete.
[2026-04-04 15:44:50 +0000] [268] [INFO] Started server process [268]
[2026-04-04 15:44:50 +0000] [268] [INFO] Waiting for application startup.
[2026-04-04 15:44:50 +0000] [268] [INFO] Application startup complete.
[2026-04-04 15:44:50 +0000] [280] [INFO] Booting worker with pid: 280
[2026-04-04 15:44:50 +0000] [282] [INFO] Booting worker with pid: 282
[2026-04-04 15:44:50 +0000] [287] [INFO] Booting worker with pid: 287
[2026-04-04 15:44:50 +0000] [269] [INFO] Started server process [269]
[2026-04-04 15:44:50 +0000] [269] [INFO] Waiting for application startup.
[2026-04-04 15:44:50 +0000] [269] [INFO] Application startup complete.
[2026-04-04 15:44:50 +0000] [280] [INFO] Started server process [280]
[2026-04-04 15:44:50 +0000] [280] [INFO] Waiting for application startup.
[2026-04-04 15:44:50 +0000] [280] [INFO] Application startup complete.
[2026-04-04 15:44:50 +0000] [302] [INFO] Booting worker with pid: 302
[2026-04-04 15:44:50 +0000] [282] [INFO] Started server process [282]
[2026-04-04 15:44:50 +0000] [282] [INFO] Waiting for application startup.
[2026-04-04 15:44:50 +0000] [282] [INFO] Application startup complete.
[2026-04-04 15:44:50 +0000] [287] [INFO] Started server process [287]
[2026-04-04 15:44:50 +0000] [287] [INFO] Waiting for application startup.
[2026-04-04 15:44:50 +0000] [287] [INFO] Application startup complete.
[2026-04-04 15:44:50 +0000] [319] [INFO] Booting worker with pid: 319
[2026-04-04 15:44:50 +0000] [302] [INFO] Started server process [302]
[2026-04-04 15:44:50 +0000] [302] [INFO] Waiting for application startup.
[2026-04-04 15:44:50 +0000] [302] [INFO] Application startup complete.
[2026-04-04 15:44:50 +0000] [325] [INFO] Booting worker with pid: 325
[2026-04-04 15:44:50 +0000] [327] [INFO] Booting worker with pid: 327
[2026-04-04 15:44:50 +0000] [334] [INFO] Booting worker with pid: 334
[2026-04-04 15:44:50 +0000] [338] [INFO] Booting worker with pid: 338
[2026-04-04 15:44:50 +0000] [343] [INFO] Booting worker with pid: 343
[2026-04-04 15:44:50 +0000] [319] [INFO] Started server process [319]
[2026-04-04 15:44:50 +0000] [319] [INFO] Waiting for application startup.
[2026-04-04 15:44:50 +0000] [319] [INFO] Application startup complete.
[2026-04-04 15:44:50 +0000] [345] [INFO] Booting worker with pid: 345
[2026-04-04 15:44:50 +0000] [334] [INFO] Started server process [334]
[2026-04-04 15:44:50 +0000] [334] [INFO] Waiting for application startup.
[2026-04-04 15:44:50 +0000] [334] [INFO] Application startup complete.
[2026-04-04 15:44:50 +0000] [325] [INFO] Started server process [325]
[2026-04-04 15:44:50 +0000] [325] [INFO] Waiting for application startup.
[2026-04-04 15:44:50 +0000] [325] [INFO] Application startup complete.
[2026-04-04 15:44:50 +0000] [327] [INFO] Started server process [327]
[2026-04-04 15:44:50 +0000] [327] [INFO] Waiting for application startup.
[2026-04-04 15:44:50 +0000] [327] [INFO] Application startup complete.
[2026-04-04 15:44:50 +0000] [338] [INFO] Started server process [338]
[2026-04-04 15:44:50 +0000] [338] [INFO] Waiting for application startup.
[2026-04-04 15:44:50 +0000] [338] [INFO] Application startup complete.
[2026-04-04 15:44:50 +0000] [363] [INFO] Booting worker with pid: 363
[2026-04-04 15:44:50 +0000] [369] [INFO] Booting worker with pid: 369
[2026-04-04 15:44:50 +0000] [343] [INFO] Started server process [343]
[2026-04-04 15:44:50 +0000] [343] [INFO] Waiting for application startup.
[2026-04-04 15:44:50 +0000] [343] [INFO] Application startup complete.
[2026-04-04 15:44:50 +0000] [373] [INFO] Booting worker with pid: 373
[2026-04-04 15:44:50 +0000] [345] [INFO] Started server process [345]
[2026-04-04 15:44:50 +0000] [345] [INFO] Waiting for application startup.
[2026-04-04 15:44:50 +0000] [345] [INFO] Application startup complete.
[2026-04-04 15:44:50 +0000] [384] [INFO] Booting worker with pid: 384
[2026-04-04 15:44:50 +0000] [363] [INFO] Started server process [363]
[2026-04-04 15:44:50 +0000] [363] [INFO] Waiting for application startup.
[2026-04-04 15:44:50 +0000] [363] [INFO] Application startup complete.
[2026-04-04 15:44:50 +0000] [369] [INFO] Started server process [369]
[2026-04-04 15:44:50 +0000] [369] [INFO] Waiting for application startup.
[2026-04-04 15:44:50 +0000] [369] [INFO] Application startup complete.
[2026-04-04 15:44:50 +0000] [390] [INFO] Booting worker with pid: 390
[2026-04-04 15:44:50 +0000] [373] [INFO] Started server process [373]
[2026-04-04 15:44:50 +0000] [373] [INFO] Waiting for application startup.
[2026-04-04 15:44:50 +0000] [373] [INFO] Application startup complete.
[2026-04-04 15:44:50 +0000] [394] [INFO] Booting worker with pid: 394
[2026-04-04 15:44:50 +0000] [399] [INFO] Booting worker with pid: 399
[2026-04-04 15:44:50 +0000] [384] [INFO] Started server process [384]
[2026-04-04 15:44:50 +0000] [384] [INFO] Waiting for application startup.
[2026-04-04 15:44:50 +0000] [384] [INFO] Application startup complete.
[2026-04-04 15:44:50 +0000] [402] [INFO] Booting worker with pid: 402
[2026-04-04 15:44:50 +0000] [405] [INFO] Booting worker with pid: 405
[2026-04-04 15:44:50 +0000] [390] [INFO] Started server process [390]
[2026-04-04 15:44:50 +0000] [390] [INFO] Waiting for application startup.
[2026-04-04 15:44:50 +0000] [390] [INFO] Application startup complete.
[2026-04-04 15:44:50 +0000] [394] [INFO] Started server process [394]
[2026-04-04 15:44:50 +0000] [394] [INFO] Waiting for application startup.
[2026-04-04 15:44:50 +0000] [394] [INFO] Application startup complete.
[2026-04-04 15:44:50 +0000] [399] [INFO] Started server process [399]
[2026-04-04 15:44:50 +0000] [399] [INFO] Waiting for application startup.
[2026-04-04 15:44:50 +0000] [399] [INFO] Application startup complete.
[2026-04-04 15:44:50 +0000] [402] [INFO] Started server process [402]
[2026-04-04 15:44:50 +0000] [402] [INFO] Waiting for application startup.
[2026-04-04 15:44:50 +0000] [402] [INFO] Application startup complete.
[2026-04-04 15:44:50 +0000] [405] [INFO] Started server process [405]
[2026-04-04 15:44:50 +0000] [405] [INFO] Waiting for application startup.
[2026-04-04 15:44:50 +0000] [405] [INFO] Application startup complete.
