[2026-04-04 07:24:36 +0000] [1] [INFO] Starting gunicorn 23.0.0
[2026-04-04 07:24:36 +0000] [1] [INFO] Listening at: http://0.0.0.0:8080 (1)
[2026-04-04 07:24:36 +0000] [1] [INFO] Using worker: uvicorn.workers.UvicornWorker
[2026-04-04 07:24:36 +0000] [7] [INFO] Booting worker with pid: 7
[2026-04-04 07:24:36 +0000] [8] [INFO] Booting worker with pid: 8
[2026-04-04 07:24:36 +0000] [9] [INFO] Booting worker with pid: 9
[2026-04-04 07:24:36 +0000] [12] [INFO] Booting worker with pid: 12
[2026-04-04 07:24:36 +0000] [7] [INFO] Started server process [7]
[2026-04-04 07:24:36 +0000] [7] [INFO] Waiting for application startup.
[2026-04-04 07:24:36 +0000] [7] [INFO] Application startup complete.
[2026-04-04 07:24:36 +0000] [8] [INFO] Started server process [8]
[2026-04-04 07:24:36 +0000] [8] [INFO] Waiting for application startup.
[2026-04-04 07:24:36 +0000] [8] [INFO] Application startup complete.
[2026-04-04 07:24:36 +0000] [14] [INFO] Booting worker with pid: 14
[2026-04-04 07:24:36 +0000] [9] [INFO] Started server process [9]
[2026-04-04 07:24:36 +0000] [9] [INFO] Waiting for application startup.
[2026-04-04 07:24:36 +0000] [9] [INFO] Application startup complete.
[2026-04-04 07:24:36 +0000] [12] [INFO] Started server process [12]
[2026-04-04 07:24:36 +0000] [12] [INFO] Waiting for application startup.
[2026-04-04 07:24:36 +0000] [12] [INFO] Application startup complete.
[2026-04-04 07:24:36 +0000] [14] [INFO] Started server process [14]
[2026-04-04 07:24:36 +0000] [14] [INFO] Waiting for application startup.
[2026-04-04 07:24:36 +0000] [14] [INFO] Application startup complete.
[2026-04-04 07:24:36 +0000] [17] [INFO] Booting worker with pid: 17
[2026-04-04 07:24:36 +0000] [17] [INFO] Started server process [17]
[2026-04-04 07:24:36 +0000] [17] [INFO] Waiting for application startup.
[2026-04-04 07:24:36 +0000] [17] [INFO] Application startup complete.
[2026-04-04 07:24:36 +0000] [19] [INFO] Booting worker with pid: 19
[2026-04-04 07:24:36 +0000] [20] [INFO] Booting worker with pid: 20
[2026-04-04 07:24:36 +0000] [19] [INFO] Started server process [19]
[2026-04-04 07:24:36 +0000] [19] [INFO] Waiting for application startup.
[2026-04-04 07:24:36 +0000] [19] [INFO] Application startup complete.
[2026-04-04 07:24:36 +0000] [20] [INFO] Started server process [20]
[2026-04-04 07:24:36 +0000] [20] [INFO] Waiting for application startup.
[2026-04-04 07:24:36 +0000] [20] [INFO] Application startup complete.
[2026-04-04 07:24:36 +0000] [23] [INFO] Booting worker with pid: 23
[2026-04-04 07:24:36 +0000] [23] [INFO] Started server process [23]
[2026-04-04 07:24:36 +0000] [23] [INFO] Waiting for application startup.
[2026-04-04 07:24:36 +0000] [23] [INFO] Application startup complete.
[2026-04-04 07:24:36 +0000] [25] [INFO] Booting worker with pid: 25
[2026-04-04 07:24:36 +0000] [26] [INFO] Booting worker with pid: 26
[2026-04-04 07:24:36 +0000] [25] [INFO] Started server process [25]
[2026-04-04 07:24:36 +0000] [25] [INFO] Waiting for application startup.
[2026-04-04 07:24:36 +0000] [25] [INFO] Application startup complete.
[2026-04-04 07:24:36 +0000] [26] [INFO] Started server process [26]
[2026-04-04 07:24:36 +0000] [26] [INFO] Waiting for application startup.
[2026-04-04 07:24:36 +0000] [26] [INFO] Application startup complete.
[2026-04-04 07:24:36 +0000] [29] [INFO] Booting worker with pid: 29
[2026-04-04 07:24:37 +0000] [31] [INFO] Booting worker with pid: 31
[2026-04-04 07:24:37 +0000] [29] [INFO] Started server process [29]
[2026-04-04 07:24:37 +0000] [29] [INFO] Waiting for application startup.
[2026-04-04 07:24:37 +0000] [29] [INFO] Application startup complete.
[2026-04-04 07:24:37 +0000] [31] [INFO] Started server process [31]
[2026-04-04 07:24:37 +0000] [31] [INFO] Waiting for application startup.
[2026-04-04 07:24:37 +0000] [31] [INFO] Application startup complete.
[2026-04-04 07:24:37 +0000] [33] [INFO] Booting worker with pid: 33
[2026-04-04 07:24:37 +0000] [34] [INFO] Booting worker with pid: 34
[2026-04-04 07:24:37 +0000] [33] [INFO] Started server process [33]
[2026-04-04 07:24:37 +0000] [33] [INFO] Waiting for application startup.
[2026-04-04 07:24:37 +0000] [33] [INFO] Application startup complete.
[2026-04-04 07:24:37 +0000] [37] [INFO] Booting worker with pid: 37
[2026-04-04 07:24:37 +0000] [34] [INFO] Started server process [34]
[2026-04-04 07:24:37 +0000] [34] [INFO] Waiting for application startup.
[2026-04-04 07:24:37 +0000] [34] [INFO] Application startup complete.
[2026-04-04 07:24:37 +0000] [38] [INFO] Booting worker with pid: 38
[2026-04-04 07:24:37 +0000] [39] [INFO] Booting worker with pid: 39
[2026-04-04 07:24:37 +0000] [37] [INFO] Started server process [37]
[2026-04-04 07:24:37 +0000] [37] [INFO] Waiting for application startup.
[2026-04-04 07:24:37 +0000] [37] [INFO] Application startup complete.
[2026-04-04 07:24:37 +0000] [38] [INFO] Started server process [38]
[2026-04-04 07:24:37 +0000] [38] [INFO] Waiting for application startup.
[2026-04-04 07:24:37 +0000] [38] [INFO] Application startup complete.
[2026-04-04 07:24:37 +0000] [39] [INFO] Started server process [39]
[2026-04-04 07:24:37 +0000] [39] [INFO] Waiting for application startup.
[2026-04-04 07:24:37 +0000] [39] [INFO] Application startup complete.
[2026-04-04 07:24:37 +0000] [43] [INFO] Booting worker with pid: 43
[2026-04-04 07:24:37 +0000] [44] [INFO] Booting worker with pid: 44
[2026-04-04 07:24:37 +0000] [45] [INFO] Booting worker with pid: 45
[2026-04-04 07:24:37 +0000] [43] [INFO] Started server process [43]
[2026-04-04 07:24:37 +0000] [43] [INFO] Waiting for application startup.
[2026-04-04 07:24:37 +0000] [43] [INFO] Application startup complete.
[2026-04-04 07:24:37 +0000] [44] [INFO] Started server process [44]
[2026-04-04 07:24:37 +0000] [44] [INFO] Waiting for application startup.
[2026-04-04 07:24:37 +0000] [44] [INFO] Application startup complete.
[2026-04-04 07:24:37 +0000] [48] [INFO] Booting worker with pid: 48
[2026-04-04 07:24:37 +0000] [45] [INFO] Started server process [45]
[2026-04-04 07:24:37 +0000] [45] [INFO] Waiting for application startup.
[2026-04-04 07:24:37 +0000] [45] [INFO] Application startup complete.
[2026-04-04 07:24:37 +0000] [50] [INFO] Booting worker with pid: 50
[2026-04-04 07:24:37 +0000] [48] [INFO] Started server process [48]
[2026-04-04 07:24:37 +0000] [48] [INFO] Waiting for application startup.
[2026-04-04 07:24:37 +0000] [48] [INFO] Application startup complete.
[2026-04-04 07:24:37 +0000] [52] [INFO] Booting worker with pid: 52
[2026-04-04 07:24:37 +0000] [50] [INFO] Started server process [50]
[2026-04-04 07:24:37 +0000] [50] [INFO] Waiting for application startup.
[2026-04-04 07:24:37 +0000] [50] [INFO] Application startup complete.
[2026-04-04 07:24:37 +0000] [54] [INFO] Booting worker with pid: 54
[2026-04-04 07:24:37 +0000] [52] [INFO] Started server process [52]
[2026-04-04 07:24:37 +0000] [52] [INFO] Waiting for application startup.
[2026-04-04 07:24:37 +0000] [52] [INFO] Application startup complete.
[2026-04-04 07:24:37 +0000] [56] [INFO] Booting worker with pid: 56
[2026-04-04 07:24:37 +0000] [57] [INFO] Booting worker with pid: 57
[2026-04-04 07:24:37 +0000] [59] [INFO] Booting worker with pid: 59
[2026-04-04 07:24:37 +0000] [54] [INFO] Started server process [54]
[2026-04-04 07:24:37 +0000] [54] [INFO] Waiting for application startup.
[2026-04-04 07:24:37 +0000] [54] [INFO] Application startup complete.
[2026-04-04 07:24:37 +0000] [61] [INFO] Booting worker with pid: 61
[2026-04-04 07:24:37 +0000] [56] [INFO] Started server process [56]
[2026-04-04 07:24:37 +0000] [56] [INFO] Waiting for application startup.
[2026-04-04 07:24:37 +0000] [56] [INFO] Application startup complete.
[2026-04-04 07:24:37 +0000] [57] [INFO] Started server process [57]
[2026-04-04 07:24:37 +0000] [57] [INFO] Waiting for application startup.
[2026-04-04 07:24:37 +0000] [57] [INFO] Application startup complete.
[2026-04-04 07:24:37 +0000] [59] [INFO] Started server process [59]
[2026-04-04 07:24:37 +0000] [59] [INFO] Waiting for application startup.
[2026-04-04 07:24:37 +0000] [59] [INFO] Application startup complete.
[2026-04-04 07:24:37 +0000] [64] [INFO] Booting worker with pid: 64
[2026-04-04 07:24:37 +0000] [61] [INFO] Started server process [61]
[2026-04-04 07:24:37 +0000] [61] [INFO] Waiting for application startup.
[2026-04-04 07:24:37 +0000] [61] [INFO] Application startup complete.
[2026-04-04 07:24:37 +0000] [64] [INFO] Started server process [64]
[2026-04-04 07:24:37 +0000] [64] [INFO] Waiting for application startup.
[2026-04-04 07:24:37 +0000] [64] [INFO] Application startup complete.
[2026-04-04 07:24:37 +0000] [67] [INFO] Booting worker with pid: 67
[2026-04-04 07:24:38 +0000] [67] [INFO] Started server process [67]
[2026-04-04 07:24:38 +0000] [67] [INFO] Waiting for application startup.
[2026-04-04 07:24:38 +0000] [67] [INFO] Application startup complete.
[2026-04-04 07:24:38 +0000] [69] [INFO] Booting worker with pid: 69
[2026-04-04 07:24:38 +0000] [70] [INFO] Booting worker with pid: 70
[2026-04-04 07:24:38 +0000] [71] [INFO] Booting worker with pid: 71
[2026-04-04 07:24:38 +0000] [72] [INFO] Booting worker with pid: 72
[2026-04-04 07:24:38 +0000] [69] [INFO] Started server process [69]
[2026-04-04 07:24:38 +0000] [69] [INFO] Waiting for application startup.
[2026-04-04 07:24:38 +0000] [69] [INFO] Application startup complete.
[2026-04-04 07:24:38 +0000] [76] [INFO] Booting worker with pid: 76
[2026-04-04 07:24:38 +0000] [70] [INFO] Started server process [70]
[2026-04-04 07:24:38 +0000] [70] [INFO] Waiting for application startup.
[2026-04-04 07:24:38 +0000] [70] [INFO] Application startup complete.
[2026-04-04 07:24:38 +0000] [71] [INFO] Started server process [71]
[2026-04-04 07:24:38 +0000] [71] [INFO] Waiting for application startup.
[2026-04-04 07:24:38 +0000] [71] [INFO] Application startup complete.
[2026-04-04 07:24:38 +0000] [72] [INFO] Started server process [72]
[2026-04-04 07:24:38 +0000] [72] [INFO] Waiting for application startup.
[2026-04-04 07:24:38 +0000] [72] [INFO] Application startup complete.
[2026-04-04 07:24:38 +0000] [78] [INFO] Booting worker with pid: 78
[2026-04-04 07:24:38 +0000] [79] [INFO] Booting worker with pid: 79
[2026-04-04 07:24:38 +0000] [80] [INFO] Booting worker with pid: 80
[2026-04-04 07:24:38 +0000] [76] [INFO] Started server process [76]
[2026-04-04 07:24:38 +0000] [76] [INFO] Waiting for application startup.
[2026-04-04 07:24:38 +0000] [76] [INFO] Application startup complete.
[2026-04-04 07:24:38 +0000] [78] [INFO] Started server process [78]
[2026-04-04 07:24:38 +0000] [78] [INFO] Waiting for application startup.
[2026-04-04 07:24:38 +0000] [78] [INFO] Application startup complete.
[2026-04-04 07:24:38 +0000] [83] [INFO] Booting worker with pid: 83
[2026-04-04 07:24:38 +0000] [79] [INFO] Started server process [79]
[2026-04-04 07:24:38 +0000] [79] [INFO] Waiting for application startup.
[2026-04-04 07:24:38 +0000] [79] [INFO] Application startup complete.
[2026-04-04 07:24:38 +0000] [80] [INFO] Started server process [80]
[2026-04-04 07:24:38 +0000] [80] [INFO] Waiting for application startup.
[2026-04-04 07:24:38 +0000] [80] [INFO] Application startup complete.
[2026-04-04 07:24:38 +0000] [86] [INFO] Booting worker with pid: 86
[2026-04-04 07:24:38 +0000] [83] [INFO] Started server process [83]
[2026-04-04 07:24:38 +0000] [83] [INFO] Waiting for application startup.
[2026-04-04 07:24:38 +0000] [83] [INFO] Application startup complete.
[2026-04-04 07:24:38 +0000] [88] [INFO] Booting worker with pid: 88
[2026-04-04 07:24:38 +0000] [86] [INFO] Started server process [86]
[2026-04-04 07:24:38 +0000] [86] [INFO] Waiting for application startup.
[2026-04-04 07:24:38 +0000] [86] [INFO] Application startup complete.
[2026-04-04 07:24:38 +0000] [90] [INFO] Booting worker with pid: 90
[2026-04-04 07:24:38 +0000] [92] [INFO] Booting worker with pid: 92
[2026-04-04 07:24:38 +0000] [88] [INFO] Started server process [88]
[2026-04-04 07:24:38 +0000] [88] [INFO] Waiting for application startup.
[2026-04-04 07:24:38 +0000] [88] [INFO] Application startup complete.
[2026-04-04 07:24:38 +0000] [93] [INFO] Booting worker with pid: 93
[2026-04-04 07:24:38 +0000] [95] [INFO] Booting worker with pid: 95
[2026-04-04 07:24:38 +0000] [90] [INFO] Started server process [90]
[2026-04-04 07:24:38 +0000] [90] [INFO] Waiting for application startup.
[2026-04-04 07:24:38 +0000] [90] [INFO] Application startup complete.
[2026-04-04 07:24:38 +0000] [92] [INFO] Started server process [92]
[2026-04-04 07:24:38 +0000] [92] [INFO] Waiting for application startup.
[2026-04-04 07:24:38 +0000] [92] [INFO] Application startup complete.
[2026-04-04 07:24:38 +0000] [98] [INFO] Booting worker with pid: 98
[2026-04-04 07:24:38 +0000] [93] [INFO] Started server process [93]
[2026-04-04 07:24:38 +0000] [93] [INFO] Waiting for application startup.
[2026-04-04 07:24:38 +0000] [93] [INFO] Application startup complete.
[2026-04-04 07:24:38 +0000] [99] [INFO] Booting worker with pid: 99
[2026-04-04 07:24:38 +0000] [95] [INFO] Started server process [95]
[2026-04-04 07:24:38 +0000] [95] [INFO] Waiting for application startup.
[2026-04-04 07:24:38 +0000] [95] [INFO] Application startup complete.
[2026-04-04 07:24:38 +0000] [98] [INFO] Started server process [98]
[2026-04-04 07:24:38 +0000] [98] [INFO] Waiting for application startup.
[2026-04-04 07:24:38 +0000] [98] [INFO] Application startup complete.
[2026-04-04 07:24:38 +0000] [102] [INFO] Booting worker with pid: 102
[2026-04-04 07:24:38 +0000] [99] [INFO] Started server process [99]
[2026-04-04 07:24:38 +0000] [99] [INFO] Waiting for application startup.
[2026-04-04 07:24:38 +0000] [99] [INFO] Application startup complete.
[2026-04-04 07:24:38 +0000] [104] [INFO] Booting worker with pid: 104
[2026-04-04 07:24:39 +0000] [102] [INFO] Started server process [102]
[2026-04-04 07:24:39 +0000] [102] [INFO] Waiting for application startup.
[2026-04-04 07:24:39 +0000] [102] [INFO] Application startup complete.
[2026-04-04 07:24:39 +0000] [106] [INFO] Booting worker with pid: 106
[2026-04-04 07:24:39 +0000] [107] [INFO] Booting worker with pid: 107
[2026-04-04 07:24:39 +0000] [104] [INFO] Started server process [104]
[2026-04-04 07:24:39 +0000] [104] [INFO] Waiting for application startup.
[2026-04-04 07:24:39 +0000] [104] [INFO] Application startup complete.
[2026-04-04 07:24:39 +0000] [109] [INFO] Booting worker with pid: 109
[2026-04-04 07:24:39 +0000] [106] [INFO] Started server process [106]
[2026-04-04 07:24:39 +0000] [106] [INFO] Waiting for application startup.
[2026-04-04 07:24:39 +0000] [106] [INFO] Application startup complete.
[2026-04-04 07:24:39 +0000] [112] [INFO] Booting worker with pid: 112
[2026-04-04 07:24:39 +0000] [107] [INFO] Started server process [107]
[2026-04-04 07:24:39 +0000] [107] [INFO] Waiting for application startup.
[2026-04-04 07:24:39 +0000] [107] [INFO] Application startup complete.
[2026-04-04 07:24:39 +0000] [114] [INFO] Booting worker with pid: 114
[2026-04-04 07:24:39 +0000] [109] [INFO] Started server process [109]
[2026-04-04 07:24:39 +0000] [109] [INFO] Waiting for application startup.
[2026-04-04 07:24:39 +0000] [109] [INFO] Application startup complete.
[2026-04-04 07:24:39 +0000] [116] [INFO] Booting worker with pid: 116
[2026-04-04 07:24:39 +0000] [112] [INFO] Started server process [112]
[2026-04-04 07:24:39 +0000] [112] [INFO] Waiting for application startup.
[2026-04-04 07:24:39 +0000] [112] [INFO] Application startup complete.
[2026-04-04 07:24:39 +0000] [117] [INFO] Booting worker with pid: 117
[2026-04-04 07:24:39 +0000] [114] [INFO] Started server process [114]
[2026-04-04 07:24:39 +0000] [114] [INFO] Waiting for application startup.
[2026-04-04 07:24:39 +0000] [114] [INFO] Application startup complete.
[2026-04-04 07:24:39 +0000] [119] [INFO] Booting worker with pid: 119
[2026-04-04 07:24:39 +0000] [120] [INFO] Booting worker with pid: 120
[2026-04-04 07:24:39 +0000] [116] [INFO] Started server process [116]
[2026-04-04 07:24:39 +0000] [116] [INFO] Waiting for application startup.
[2026-04-04 07:24:39 +0000] [116] [INFO] Application startup complete.
[2026-04-04 07:24:39 +0000] [117] [INFO] Started server process [117]
[2026-04-04 07:24:39 +0000] [117] [INFO] Waiting for application startup.
[2026-04-04 07:24:39 +0000] [117] [INFO] Application startup complete.
[2026-04-04 07:24:39 +0000] [123] [INFO] Booting worker with pid: 123
[2026-04-04 07:24:39 +0000] [124] [INFO] Booting worker with pid: 124
[2026-04-04 07:24:39 +0000] [119] [INFO] Started server process [119]
[2026-04-04 07:24:39 +0000] [119] [INFO] Waiting for application startup.
[2026-04-04 07:24:39 +0000] [119] [INFO] Application startup complete.
[2026-04-04 07:24:39 +0000] [120] [INFO] Started server process [120]
[2026-04-04 07:24:39 +0000] [120] [INFO] Waiting for application startup.
[2026-04-04 07:24:39 +0000] [120] [INFO] Application startup complete.
[2026-04-04 07:24:39 +0000] [127] [INFO] Booting worker with pid: 127
[2026-04-04 07:24:39 +0000] [123] [INFO] Started server process [123]
[2026-04-04 07:24:39 +0000] [123] [INFO] Waiting for application startup.
[2026-04-04 07:24:39 +0000] [123] [INFO] Application startup complete.
[2026-04-04 07:24:39 +0000] [124] [INFO] Started server process [124]
[2026-04-04 07:24:39 +0000] [124] [INFO] Waiting for application startup.
[2026-04-04 07:24:39 +0000] [124] [INFO] Application startup complete.
[2026-04-04 07:24:39 +0000] [130] [INFO] Booting worker with pid: 130
[2026-04-04 07:24:39 +0000] [127] [INFO] Started server process [127]
[2026-04-04 07:24:39 +0000] [127] [INFO] Waiting for application startup.
[2026-04-04 07:24:39 +0000] [127] [INFO] Application startup complete.
[2026-04-04 07:24:39 +0000] [132] [INFO] Booting worker with pid: 132
[2026-04-04 07:24:39 +0000] [130] [INFO] Started server process [130]
[2026-04-04 07:24:39 +0000] [130] [INFO] Waiting for application startup.
[2026-04-04 07:24:39 +0000] [130] [INFO] Application startup complete.
[2026-04-04 07:24:39 +0000] [132] [INFO] Started server process [132]
[2026-04-04 07:24:39 +0000] [132] [INFO] Waiting for application startup.
[2026-04-04 07:24:39 +0000] [132] [INFO] Application startup complete.
