[2026-04-04 07:28:00 +0000] [1] [INFO] Starting gunicorn 23.0.0
[2026-04-04 07:28:00 +0000] [1] [INFO] Listening at: http://0.0.0.0:8080 (1)
[2026-04-04 07:28:00 +0000] [1] [INFO] Using worker: uvicorn.workers.UvicornWorker
[2026-04-04 07:28:00 +0000] [7] [INFO] Booting worker with pid: 7
[2026-04-04 07:28:00 +0000] [8] [INFO] Booting worker with pid: 8
[2026-04-04 07:28:00 +0000] [9] [INFO] Booting worker with pid: 9
[2026-04-04 07:28:00 +0000] [10] [INFO] Booting worker with pid: 10
[2026-04-04 07:28:00 +0000] [8] [INFO] Started server process [8]
[2026-04-04 07:28:00 +0000] [7] [INFO] Started server process [7]
[2026-04-04 07:28:00 +0000] [8] [INFO] Waiting for application startup.
[2026-04-04 07:28:00 +0000] [7] [INFO] Waiting for application startup.
[2026-04-04 07:28:00 +0000] [8] [INFO] Application startup complete.
[2026-04-04 07:28:00 +0000] [7] [INFO] Application startup complete.
[2026-04-04 07:28:00 +0000] [9] [INFO] Started server process [9]
[2026-04-04 07:28:00 +0000] [9] [INFO] Waiting for application startup.
[2026-04-04 07:28:00 +0000] [9] [INFO] Application startup complete.
[2026-04-04 07:28:00 +0000] [14] [INFO] Booting worker with pid: 14
[2026-04-04 07:28:00 +0000] [10] [INFO] Started server process [10]
[2026-04-04 07:28:00 +0000] [10] [INFO] Waiting for application startup.
[2026-04-04 07:28:00 +0000] [10] [INFO] Application startup complete.
[2026-04-04 07:28:00 +0000] [16] [INFO] Booting worker with pid: 16
[2026-04-04 07:28:00 +0000] [14] [INFO] Started server process [14]
[2026-04-04 07:28:00 +0000] [14] [INFO] Waiting for application startup.
[2026-04-04 07:28:00 +0000] [14] [INFO] Application startup complete.
[2026-04-04 07:28:00 +0000] [18] [INFO] Booting worker with pid: 18
[2026-04-04 07:28:00 +0000] [19] [INFO] Booting worker with pid: 19
[2026-04-04 07:28:00 +0000] [16] [INFO] Started server process [16]
[2026-04-04 07:28:00 +0000] [16] [INFO] Waiting for application startup.
[2026-04-04 07:28:00 +0000] [16] [INFO] Application startup complete.
[2026-04-04 07:28:00 +0000] [21] [INFO] Booting worker with pid: 21
[2026-04-04 07:28:00 +0000] [18] [INFO] Started server process [18]
[2026-04-04 07:28:00 +0000] [18] [INFO] Waiting for application startup.
[2026-04-04 07:28:00 +0000] [18] [INFO] Application startup complete.
[2026-04-04 07:28:00 +0000] [19] [INFO] Started server process [19]
[2026-04-04 07:28:00 +0000] [19] [INFO] Waiting for application startup.
[2026-04-04 07:28:00 +0000] [19] [INFO] Application startup complete.
[2026-04-04 07:28:00 +0000] [25] [INFO] Booting worker with pid: 25
[2026-04-04 07:28:00 +0000] [21] [INFO] Started server process [21]
[2026-04-04 07:28:00 +0000] [21] [INFO] Waiting for application startup.
[2026-04-04 07:28:00 +0000] [21] [INFO] Application startup complete.
[2026-04-04 07:28:00 +0000] [25] [INFO] Started server process [25]
[2026-04-04 07:28:00 +0000] [25] [INFO] Waiting for application startup.
[2026-04-04 07:28:00 +0000] [25] [INFO] Application startup complete.
[2026-04-04 07:28:00 +0000] [27] [INFO] Booting worker with pid: 27
[2026-04-04 07:28:01 +0000] [28] [INFO] Booting worker with pid: 28
[2026-04-04 07:28:01 +0000] [30] [INFO] Booting worker with pid: 30
[2026-04-04 07:28:01 +0000] [27] [INFO] Started server process [27]
[2026-04-04 07:28:01 +0000] [27] [INFO] Waiting for application startup.
[2026-04-04 07:28:01 +0000] [27] [INFO] Application startup complete.
[2026-04-04 07:28:01 +0000] [28] [INFO] Started server process [28]
[2026-04-04 07:28:01 +0000] [28] [INFO] Waiting for application startup.
[2026-04-04 07:28:01 +0000] [28] [INFO] Application startup complete.
[2026-04-04 07:28:01 +0000] [32] [INFO] Booting worker with pid: 32
[2026-04-04 07:28:01 +0000] [30] [INFO] Started server process [30]
[2026-04-04 07:28:01 +0000] [30] [INFO] Waiting for application startup.
[2026-04-04 07:28:01 +0000] [30] [INFO] Application startup complete.
[2026-04-04 07:28:01 +0000] [34] [INFO] Booting worker with pid: 34
[2026-04-04 07:28:01 +0000] [35] [INFO] Booting worker with pid: 35
[2026-04-04 07:28:01 +0000] [36] [INFO] Booting worker with pid: 36
[2026-04-04 07:28:01 +0000] [32] [INFO] Started server process [32]
[2026-04-04 07:28:01 +0000] [32] [INFO] Waiting for application startup.
[2026-04-04 07:28:01 +0000] [32] [INFO] Application startup complete.
[2026-04-04 07:28:01 +0000] [34] [INFO] Started server process [34]
[2026-04-04 07:28:01 +0000] [34] [INFO] Waiting for application startup.
[2026-04-04 07:28:01 +0000] [34] [INFO] Application startup complete.
[2026-04-04 07:28:01 +0000] [35] [INFO] Started server process [35]
[2026-04-04 07:28:01 +0000] [35] [INFO] Waiting for application startup.
[2026-04-04 07:28:01 +0000] [35] [INFO] Application startup complete.
[2026-04-04 07:28:01 +0000] [36] [INFO] Started server process [36]
[2026-04-04 07:28:01 +0000] [36] [INFO] Waiting for application startup.
[2026-04-04 07:28:01 +0000] [36] [INFO] Application startup complete.
[2026-04-04 07:28:01 +0000] [41] [INFO] Booting worker with pid: 41
[2026-04-04 07:28:01 +0000] [41] [INFO] Started server process [41]
[2026-04-04 07:28:01 +0000] [41] [INFO] Waiting for application startup.
[2026-04-04 07:28:01 +0000] [41] [INFO] Application startup complete.
[2026-04-04 07:28:01 +0000] [43] [INFO] Booting worker with pid: 43
[2026-04-04 07:28:01 +0000] [44] [INFO] Booting worker with pid: 44
[2026-04-04 07:28:01 +0000] [43] [INFO] Started server process [43]
[2026-04-04 07:28:01 +0000] [43] [INFO] Waiting for application startup.
[2026-04-04 07:28:01 +0000] [43] [INFO] Application startup complete.
[2026-04-04 07:28:01 +0000] [44] [INFO] Started server process [44]
[2026-04-04 07:28:01 +0000] [44] [INFO] Waiting for application startup.
[2026-04-04 07:28:01 +0000] [44] [INFO] Application startup complete.
[2026-04-04 07:28:01 +0000] [47] [INFO] Booting worker with pid: 47
[2026-04-04 07:28:01 +0000] [47] [INFO] Started server process [47]
[2026-04-04 07:28:01 +0000] [47] [INFO] Waiting for application startup.
[2026-04-04 07:28:01 +0000] [47] [INFO] Application startup complete.
[2026-04-04 07:28:01 +0000] [49] [INFO] Booting worker with pid: 49
[2026-04-04 07:28:01 +0000] [50] [INFO] Booting worker with pid: 50
[2026-04-04 07:28:01 +0000] [49] [INFO] Started server process [49]
[2026-04-04 07:28:01 +0000] [49] [INFO] Waiting for application startup.
[2026-04-04 07:28:01 +0000] [49] [INFO] Application startup complete.
[2026-04-04 07:28:01 +0000] [52] [INFO] Booting worker with pid: 52
[2026-04-04 07:28:01 +0000] [50] [INFO] Started server process [50]
[2026-04-04 07:28:01 +0000] [50] [INFO] Waiting for application startup.
[2026-04-04 07:28:01 +0000] [50] [INFO] Application startup complete.
[2026-04-04 07:28:01 +0000] [54] [INFO] Booting worker with pid: 54
[2026-04-04 07:28:01 +0000] [52] [INFO] Started server process [52]
[2026-04-04 07:28:01 +0000] [52] [INFO] Waiting for application startup.
[2026-04-04 07:28:01 +0000] [52] [INFO] Application startup complete.
[2026-04-04 07:28:01 +0000] [56] [INFO] Booting worker with pid: 56
[2026-04-04 07:28:01 +0000] [57] [INFO] Booting worker with pid: 57
[2026-04-04 07:28:01 +0000] [59] [INFO] Booting worker with pid: 59
[2026-04-04 07:28:01 +0000] [54] [INFO] Started server process [54]
[2026-04-04 07:28:01 +0000] [54] [INFO] Waiting for application startup.
[2026-04-04 07:28:01 +0000] [54] [INFO] Application startup complete.
[2026-04-04 07:28:01 +0000] [56] [INFO] Started server process [56]
[2026-04-04 07:28:01 +0000] [56] [INFO] Waiting for application startup.
[2026-04-04 07:28:01 +0000] [56] [INFO] Application startup complete.
[2026-04-04 07:28:01 +0000] [62] [INFO] Booting worker with pid: 62
[2026-04-04 07:28:01 +0000] [57] [INFO] Started server process [57]
[2026-04-04 07:28:01 +0000] [57] [INFO] Waiting for application startup.
[2026-04-04 07:28:01 +0000] [57] [INFO] Application startup complete.
[2026-04-04 07:28:01 +0000] [59] [INFO] Started server process [59]
[2026-04-04 07:28:01 +0000] [59] [INFO] Waiting for application startup.
[2026-04-04 07:28:01 +0000] [59] [INFO] Application startup complete.
[2026-04-04 07:28:01 +0000] [65] [INFO] Booting worker with pid: 65
[2026-04-04 07:28:01 +0000] [62] [INFO] Started server process [62]
[2026-04-04 07:28:01 +0000] [62] [INFO] Waiting for application startup.
[2026-04-04 07:28:01 +0000] [62] [INFO] Application startup complete.
[2026-04-04 07:28:01 +0000] [66] [INFO] Booting worker with pid: 66
[2026-04-04 07:28:01 +0000] [68] [INFO] Booting worker with pid: 68
[2026-04-04 07:28:01 +0000] [65] [INFO] Started server process [65]
[2026-04-04 07:28:01 +0000] [65] [INFO] Waiting for application startup.
[2026-04-04 07:28:01 +0000] [65] [INFO] Application startup complete.
[2026-04-04 07:28:01 +0000] [69] [INFO] Booting worker with pid: 69
[2026-04-04 07:28:02 +0000] [66] [INFO] Started server process [66]
[2026-04-04 07:28:02 +0000] [66] [INFO] Waiting for application startup.
[2026-04-04 07:28:02 +0000] [66] [INFO] Application startup complete.
[2026-04-04 07:28:02 +0000] [72] [INFO] Booting worker with pid: 72
[2026-04-04 07:28:02 +0000] [68] [INFO] Started server process [68]
[2026-04-04 07:28:02 +0000] [68] [INFO] Waiting for application startup.
[2026-04-04 07:28:02 +0000] [68] [INFO] Application startup complete.
[2026-04-04 07:28:02 +0000] [69] [INFO] Started server process [69]
[2026-04-04 07:28:02 +0000] [69] [INFO] Waiting for application startup.
[2026-04-04 07:28:02 +0000] [69] [INFO] Application startup complete.
[2026-04-04 07:28:02 +0000] [74] [INFO] Booting worker with pid: 74
[2026-04-04 07:28:02 +0000] [72] [INFO] Started server process [72]
[2026-04-04 07:28:02 +0000] [72] [INFO] Waiting for application startup.
[2026-04-04 07:28:02 +0000] [72] [INFO] Application startup complete.
[2026-04-04 07:28:02 +0000] [77] [INFO] Booting worker with pid: 77
[2026-04-04 07:28:02 +0000] [74] [INFO] Started server process [74]
[2026-04-04 07:28:02 +0000] [74] [INFO] Waiting for application startup.
[2026-04-04 07:28:02 +0000] [74] [INFO] Application startup complete.
[2026-04-04 07:28:02 +0000] [78] [INFO] Booting worker with pid: 78
[2026-04-04 07:28:02 +0000] [79] [INFO] Booting worker with pid: 79
[2026-04-04 07:28:02 +0000] [77] [INFO] Started server process [77]
[2026-04-04 07:28:02 +0000] [77] [INFO] Waiting for application startup.
[2026-04-04 07:28:02 +0000] [77] [INFO] Application startup complete.
[2026-04-04 07:28:02 +0000] [81] [INFO] Booting worker with pid: 81
[2026-04-04 07:28:02 +0000] [83] [INFO] Booting worker with pid: 83
[2026-04-04 07:28:02 +0000] [78] [INFO] Started server process [78]
[2026-04-04 07:28:02 +0000] [78] [INFO] Waiting for application startup.
[2026-04-04 07:28:02 +0000] [78] [INFO] Application startup complete.
[2026-04-04 07:28:02 +0000] [84] [INFO] Booting worker with pid: 84
[2026-04-04 07:28:02 +0000] [79] [INFO] Started server process [79]
[2026-04-04 07:28:02 +0000] [79] [INFO] Waiting for application startup.
[2026-04-04 07:28:02 +0000] [79] [INFO] Application startup complete.
[2026-04-04 07:28:02 +0000] [81] [INFO] Started server process [81]
[2026-04-04 07:28:02 +0000] [81] [INFO] Waiting for application startup.
[2026-04-04 07:28:02 +0000] [81] [INFO] Application startup complete.
[2026-04-04 07:28:02 +0000] [83] [INFO] Started server process [83]
[2026-04-04 07:28:02 +0000] [83] [INFO] Waiting for application startup.
[2026-04-04 07:28:02 +0000] [83] [INFO] Application startup complete.
[2026-04-04 07:28:02 +0000] [88] [INFO] Booting worker with pid: 88
[2026-04-04 07:28:02 +0000] [84] [INFO] Started server process [84]
[2026-04-04 07:28:02 +0000] [84] [INFO] Waiting for application startup.
[2026-04-04 07:28:02 +0000] [84] [INFO] Application startup complete.
[2026-04-04 07:28:02 +0000] [90] [INFO] Booting worker with pid: 90
[2026-04-04 07:28:02 +0000] [88] [INFO] Started server process [88]
[2026-04-04 07:28:02 +0000] [88] [INFO] Waiting for application startup.
[2026-04-04 07:28:02 +0000] [88] [INFO] Application startup complete.
[2026-04-04 07:28:02 +0000] [92] [INFO] Booting worker with pid: 92
[2026-04-04 07:28:02 +0000] [90] [INFO] Started server process [90]
[2026-04-04 07:28:02 +0000] [90] [INFO] Waiting for application startup.
[2026-04-04 07:28:02 +0000] [90] [INFO] Application startup complete.
[2026-04-04 07:28:02 +0000] [94] [INFO] Booting worker with pid: 94
[2026-04-04 07:28:02 +0000] [92] [INFO] Started server process [92]
[2026-04-04 07:28:02 +0000] [92] [INFO] Waiting for application startup.
[2026-04-04 07:28:02 +0000] [92] [INFO] Application startup complete.
[2026-04-04 07:28:02 +0000] [96] [INFO] Booting worker with pid: 96
[2026-04-04 07:28:02 +0000] [98] [INFO] Booting worker with pid: 98
[2026-04-04 07:28:02 +0000] [94] [INFO] Started server process [94]
[2026-04-04 07:28:02 +0000] [94] [INFO] Waiting for application startup.
[2026-04-04 07:28:02 +0000] [94] [INFO] Application startup complete.
[2026-04-04 07:28:02 +0000] [100] [INFO] Booting worker with pid: 100
[2026-04-04 07:28:02 +0000] [96] [INFO] Started server process [96]
[2026-04-04 07:28:02 +0000] [96] [INFO] Waiting for application startup.
[2026-04-04 07:28:02 +0000] [96] [INFO] Application startup complete.
[2026-04-04 07:28:02 +0000] [101] [INFO] Booting worker with pid: 101
[2026-04-04 07:28:02 +0000] [98] [INFO] Started server process [98]
[2026-04-04 07:28:02 +0000] [98] [INFO] Waiting for application startup.
[2026-04-04 07:28:02 +0000] [98] [INFO] Application startup complete.
[2026-04-04 07:28:03 +0000] [105] [INFO] Booting worker with pid: 105
[2026-04-04 07:28:03 +0000] [100] [INFO] Started server process [100]
[2026-04-04 07:28:03 +0000] [100] [INFO] Waiting for application startup.
[2026-04-04 07:28:03 +0000] [100] [INFO] Application startup complete.
[2026-04-04 07:28:03 +0000] [101] [INFO] Started server process [101]
[2026-04-04 07:28:03 +0000] [101] [INFO] Waiting for application startup.
[2026-04-04 07:28:03 +0000] [101] [INFO] Application startup complete.
[2026-04-04 07:28:03 +0000] [106] [INFO] Booting worker with pid: 106
[2026-04-04 07:28:03 +0000] [108] [INFO] Booting worker with pid: 108
[2026-04-04 07:28:03 +0000] [109] [INFO] Booting worker with pid: 109
[2026-04-04 07:28:03 +0000] [105] [INFO] Started server process [105]
[2026-04-04 07:28:03 +0000] [105] [INFO] Waiting for application startup.
[2026-04-04 07:28:03 +0000] [105] [INFO] Application startup complete.
[2026-04-04 07:28:03 +0000] [106] [INFO] Started server process [106]
[2026-04-04 07:28:03 +0000] [106] [INFO] Waiting for application startup.
[2026-04-04 07:28:03 +0000] [106] [INFO] Application startup complete.
[2026-04-04 07:28:03 +0000] [111] [INFO] Booting worker with pid: 111
[2026-04-04 07:28:03 +0000] [108] [INFO] Started server process [108]
[2026-04-04 07:28:03 +0000] [108] [INFO] Waiting for application startup.
[2026-04-04 07:28:03 +0000] [108] [INFO] Application startup complete.
[2026-04-04 07:28:03 +0000] [109] [INFO] Started server process [109]
[2026-04-04 07:28:03 +0000] [109] [INFO] Waiting for application startup.
[2026-04-04 07:28:03 +0000] [109] [INFO] Application startup complete.
[2026-04-04 07:28:03 +0000] [115] [INFO] Booting worker with pid: 115
[2026-04-04 07:28:03 +0000] [111] [INFO] Started server process [111]
[2026-04-04 07:28:03 +0000] [111] [INFO] Waiting for application startup.
[2026-04-04 07:28:03 +0000] [111] [INFO] Application startup complete.
[2026-04-04 07:28:03 +0000] [117] [INFO] Booting worker with pid: 117
[2026-04-04 07:28:03 +0000] [115] [INFO] Started server process [115]
[2026-04-04 07:28:03 +0000] [115] [INFO] Waiting for application startup.
[2026-04-04 07:28:03 +0000] [115] [INFO] Application startup complete.
[2026-04-04 07:28:03 +0000] [118] [INFO] Booting worker with pid: 118
[2026-04-04 07:28:03 +0000] [119] [INFO] Booting worker with pid: 119
[2026-04-04 07:28:03 +0000] [117] [INFO] Started server process [117]
[2026-04-04 07:28:03 +0000] [117] [INFO] Waiting for application startup.
[2026-04-04 07:28:03 +0000] [117] [INFO] Application startup complete.
[2026-04-04 07:28:03 +0000] [118] [INFO] Started server process [118]
[2026-04-04 07:28:03 +0000] [118] [INFO] Waiting for application startup.
[2026-04-04 07:28:03 +0000] [118] [INFO] Application startup complete.
[2026-04-04 07:28:03 +0000] [122] [INFO] Booting worker with pid: 122
[2026-04-04 07:28:03 +0000] [119] [INFO] Started server process [119]
[2026-04-04 07:28:03 +0000] [119] [INFO] Waiting for application startup.
[2026-04-04 07:28:03 +0000] [119] [INFO] Application startup complete.
[2026-04-04 07:28:03 +0000] [124] [INFO] Booting worker with pid: 124
[2026-04-04 07:28:03 +0000] [126] [INFO] Booting worker with pid: 126
[2026-04-04 07:28:03 +0000] [122] [INFO] Started server process [122]
[2026-04-04 07:28:03 +0000] [122] [INFO] Waiting for application startup.
[2026-04-04 07:28:03 +0000] [122] [INFO] Application startup complete.
[2026-04-04 07:28:03 +0000] [127] [INFO] Booting worker with pid: 127
[2026-04-04 07:28:03 +0000] [128] [INFO] Booting worker with pid: 128
[2026-04-04 07:28:03 +0000] [129] [INFO] Booting worker with pid: 129
[2026-04-04 07:28:03 +0000] [124] [INFO] Started server process [124]
[2026-04-04 07:28:03 +0000] [124] [INFO] Waiting for application startup.
[2026-04-04 07:28:03 +0000] [124] [INFO] Application startup complete.
[2026-04-04 07:28:03 +0000] [126] [INFO] Started server process [126]
[2026-04-04 07:28:03 +0000] [126] [INFO] Waiting for application startup.
[2026-04-04 07:28:03 +0000] [126] [INFO] Application startup complete.
[2026-04-04 07:28:03 +0000] [127] [INFO] Started server process [127]
[2026-04-04 07:28:03 +0000] [127] [INFO] Waiting for application startup.
[2026-04-04 07:28:03 +0000] [127] [INFO] Application startup complete.
[2026-04-04 07:28:03 +0000] [128] [INFO] Started server process [128]
[2026-04-04 07:28:03 +0000] [128] [INFO] Waiting for application startup.
[2026-04-04 07:28:03 +0000] [128] [INFO] Application startup complete.
[2026-04-04 07:28:03 +0000] [129] [INFO] Started server process [129]
[2026-04-04 07:28:03 +0000] [129] [INFO] Waiting for application startup.
[2026-04-04 07:28:03 +0000] [129] [INFO] Application startup complete.
