[2026-04-03 23:03:20 +0000] [1] [INFO] Starting gunicorn 23.0.0
[2026-04-03 23:03:20 +0000] [1] [INFO] Listening at: http://0.0.0.0:8080 (1)
[2026-04-03 23:03:20 +0000] [1] [INFO] Using worker: uvicorn.workers.UvicornWorker
[2026-04-03 23:03:20 +0000] [7] [INFO] Booting worker with pid: 7
[2026-04-03 23:03:20 +0000] [8] [INFO] Booting worker with pid: 8
[2026-04-03 23:03:20 +0000] [9] [INFO] Booting worker with pid: 9
[2026-04-03 23:03:20 +0000] [10] [INFO] Booting worker with pid: 10
[2026-04-03 23:03:20 +0000] [11] [INFO] Booting worker with pid: 11
[2026-04-03 23:03:20 +0000] [12] [INFO] Booting worker with pid: 12
[2026-04-03 23:03:20 +0000] [13] [INFO] Booting worker with pid: 13
[2026-04-03 23:03:20 +0000] [14] [INFO] Booting worker with pid: 14
[2026-04-03 23:03:20 +0000] [7] [INFO] Started server process [7]
[2026-04-03 23:03:20 +0000] [7] [INFO] Waiting for application startup.
[2026-04-03 23:03:20 +0000] [7] [INFO] Application startup complete.
[2026-04-03 23:03:20 +0000] [8] [INFO] Started server process [8]
[2026-04-03 23:03:20 +0000] [8] [INFO] Waiting for application startup.
[2026-04-03 23:03:20 +0000] [8] [INFO] Application startup complete.
[2026-04-03 23:03:20 +0000] [17] [INFO] Booting worker with pid: 17
[2026-04-03 23:03:20 +0000] [9] [INFO] Started server process [9]
[2026-04-03 23:03:20 +0000] [9] [INFO] Waiting for application startup.
[2026-04-03 23:03:20 +0000] [9] [INFO] Application startup complete.
[2026-04-03 23:03:20 +0000] [19] [INFO] Booting worker with pid: 19
[2026-04-03 23:03:20 +0000] [20] [INFO] Booting worker with pid: 20
[2026-04-03 23:03:20 +0000] [21] [INFO] Booting worker with pid: 21
[2026-04-03 23:03:20 +0000] [10] [INFO] Started server process [10]
[2026-04-03 23:03:20 +0000] [10] [INFO] Waiting for application startup.
[2026-04-03 23:03:20 +0000] [10] [INFO] Application startup complete.
[2026-04-03 23:03:20 +0000] [11] [INFO] Started server process [11]
[2026-04-03 23:03:20 +0000] [11] [INFO] Waiting for application startup.
[2026-04-03 23:03:20 +0000] [11] [INFO] Application startup complete.
[2026-04-03 23:03:20 +0000] [25] [INFO] Booting worker with pid: 25
[2026-04-03 23:03:20 +0000] [12] [INFO] Started server process [12]
[2026-04-03 23:03:20 +0000] [12] [INFO] Waiting for application startup.
[2026-04-03 23:03:20 +0000] [12] [INFO] Application startup complete.
[2026-04-03 23:03:20 +0000] [14] [INFO] Started server process [14]
[2026-04-03 23:03:20 +0000] [14] [INFO] Waiting for application startup.
[2026-04-03 23:03:20 +0000] [14] [INFO] Application startup complete.
[2026-04-03 23:03:20 +0000] [13] [INFO] Started server process [13]
[2026-04-03 23:03:20 +0000] [13] [INFO] Waiting for application startup.
[2026-04-03 23:03:20 +0000] [13] [INFO] Application startup complete.
[2026-04-03 23:03:20 +0000] [28] [INFO] Booting worker with pid: 28
[2026-04-03 23:03:20 +0000] [29] [INFO] Booting worker with pid: 29
[2026-04-03 23:03:20 +0000] [17] [INFO] Started server process [17]
[2026-04-03 23:03:20 +0000] [17] [INFO] Waiting for application startup.
[2026-04-03 23:03:20 +0000] [17] [INFO] Application startup complete.
[2026-04-03 23:03:20 +0000] [31] [INFO] Booting worker with pid: 31
[2026-04-03 23:03:20 +0000] [32] [INFO] Booting worker with pid: 32
[2026-04-03 23:03:20 +0000] [19] [INFO] Started server process [19]
[2026-04-03 23:03:20 +0000] [19] [INFO] Waiting for application startup.
[2026-04-03 23:03:20 +0000] [19] [INFO] Application startup complete.
[2026-04-03 23:03:20 +0000] [34] [INFO] Booting worker with pid: 34
[2026-04-03 23:03:20 +0000] [20] [INFO] Started server process [20]
[2026-04-03 23:03:20 +0000] [20] [INFO] Waiting for application startup.
[2026-04-03 23:03:20 +0000] [20] [INFO] Application startup complete.
[2026-04-03 23:03:20 +0000] [21] [INFO] Started server process [21]
[2026-04-03 23:03:20 +0000] [21] [INFO] Waiting for application startup.
[2026-04-03 23:03:20 +0000] [21] [INFO] Application startup complete.
[2026-04-03 23:03:20 +0000] [25] [INFO] Started server process [25]
[2026-04-03 23:03:20 +0000] [25] [INFO] Waiting for application startup.
[2026-04-03 23:03:20 +0000] [25] [INFO] Application startup complete.
[2026-04-03 23:03:20 +0000] [38] [INFO] Booting worker with pid: 38
[2026-04-03 23:03:20 +0000] [40] [INFO] Booting worker with pid: 40
[2026-04-03 23:03:20 +0000] [28] [INFO] Started server process [28]
[2026-04-03 23:03:20 +0000] [28] [INFO] Waiting for application startup.
[2026-04-03 23:03:20 +0000] [28] [INFO] Application startup complete.
[2026-04-03 23:03:20 +0000] [29] [INFO] Started server process [29]
[2026-04-03 23:03:20 +0000] [29] [INFO] Waiting for application startup.
[2026-04-03 23:03:20 +0000] [29] [INFO] Application startup complete.
[2026-04-03 23:03:20 +0000] [42] [INFO] Booting worker with pid: 42
[2026-04-03 23:03:21 +0000] [31] [INFO] Started server process [31]
[2026-04-03 23:03:21 +0000] [31] [INFO] Waiting for application startup.
[2026-04-03 23:03:21 +0000] [31] [INFO] Application startup complete.
[2026-04-03 23:03:21 +0000] [32] [INFO] Started server process [32]
[2026-04-03 23:03:21 +0000] [32] [INFO] Waiting for application startup.
[2026-04-03 23:03:21 +0000] [32] [INFO] Application startup complete.
[2026-04-03 23:03:21 +0000] [45] [INFO] Booting worker with pid: 45
[2026-04-03 23:03:21 +0000] [47] [INFO] Booting worker with pid: 47
[2026-04-03 23:03:21 +0000] [48] [INFO] Booting worker with pid: 48
[2026-04-03 23:03:21 +0000] [34] [INFO] Started server process [34]
[2026-04-03 23:03:21 +0000] [34] [INFO] Waiting for application startup.
[2026-04-03 23:03:21 +0000] [34] [INFO] Application startup complete.
[2026-04-03 23:03:21 +0000] [50] [INFO] Booting worker with pid: 50
[2026-04-03 23:03:21 +0000] [38] [INFO] Started server process [38]
[2026-04-03 23:03:21 +0000] [38] [INFO] Waiting for application startup.
[2026-04-03 23:03:21 +0000] [38] [INFO] Application startup complete.
[2026-04-03 23:03:21 +0000] [52] [INFO] Booting worker with pid: 52
[2026-04-03 23:03:21 +0000] [40] [INFO] Started server process [40]
[2026-04-03 23:03:21 +0000] [40] [INFO] Waiting for application startup.
[2026-04-03 23:03:21 +0000] [40] [INFO] Application startup complete.
[2026-04-03 23:03:21 +0000] [53] [INFO] Booting worker with pid: 53
[2026-04-03 23:03:21 +0000] [42] [INFO] Started server process [42]
[2026-04-03 23:03:21 +0000] [42] [INFO] Waiting for application startup.
[2026-04-03 23:03:21 +0000] [42] [INFO] Application startup complete.
[2026-04-03 23:03:21 +0000] [55] [INFO] Booting worker with pid: 55
[2026-04-03 23:03:21 +0000] [45] [INFO] Started server process [45]
[2026-04-03 23:03:21 +0000] [45] [INFO] Waiting for application startup.
[2026-04-03 23:03:21 +0000] [45] [INFO] Application startup complete.
[2026-04-03 23:03:21 +0000] [57] [INFO] Booting worker with pid: 57
[2026-04-03 23:03:21 +0000] [47] [INFO] Started server process [47]
[2026-04-03 23:03:21 +0000] [47] [INFO] Waiting for application startup.
[2026-04-03 23:03:21 +0000] [47] [INFO] Application startup complete.
[2026-04-03 23:03:21 +0000] [60] [INFO] Booting worker with pid: 60
[2026-04-03 23:03:21 +0000] [48] [INFO] Started server process [48]
[2026-04-03 23:03:21 +0000] [48] [INFO] Waiting for application startup.
[2026-04-03 23:03:21 +0000] [48] [INFO] Application startup complete.
[2026-04-03 23:03:21 +0000] [61] [INFO] Booting worker with pid: 61
[2026-04-03 23:03:21 +0000] [50] [INFO] Started server process [50]
[2026-04-03 23:03:21 +0000] [50] [INFO] Waiting for application startup.
[2026-04-03 23:03:21 +0000] [50] [INFO] Application startup complete.
[2026-04-03 23:03:21 +0000] [53] [INFO] Started server process [53]
[2026-04-03 23:03:21 +0000] [53] [INFO] Waiting for application startup.
[2026-04-03 23:03:21 +0000] [53] [INFO] Application startup complete.
[2026-04-03 23:03:21 +0000] [52] [INFO] Started server process [52]
[2026-04-03 23:03:21 +0000] [52] [INFO] Waiting for application startup.
[2026-04-03 23:03:21 +0000] [52] [INFO] Application startup complete.
[2026-04-03 23:03:21 +0000] [65] [INFO] Booting worker with pid: 65
[2026-04-03 23:03:21 +0000] [55] [INFO] Started server process [55]
[2026-04-03 23:03:21 +0000] [55] [INFO] Waiting for application startup.
[2026-04-03 23:03:21 +0000] [55] [INFO] Application startup complete.
[2026-04-03 23:03:21 +0000] [68] [INFO] Booting worker with pid: 68
[2026-04-03 23:03:21 +0000] [57] [INFO] Started server process [57]
[2026-04-03 23:03:21 +0000] [57] [INFO] Waiting for application startup.
[2026-04-03 23:03:21 +0000] [57] [INFO] Application startup complete.
[2026-04-03 23:03:21 +0000] [60] [INFO] Started server process [60]
[2026-04-03 23:03:21 +0000] [60] [INFO] Waiting for application startup.
[2026-04-03 23:03:21 +0000] [60] [INFO] Application startup complete.
[2026-04-03 23:03:21 +0000] [70] [INFO] Booting worker with pid: 70
[2026-04-03 23:03:21 +0000] [72] [INFO] Booting worker with pid: 72
[2026-04-03 23:03:21 +0000] [61] [INFO] Started server process [61]
[2026-04-03 23:03:21 +0000] [61] [INFO] Waiting for application startup.
[2026-04-03 23:03:21 +0000] [61] [INFO] Application startup complete.
[2026-04-03 23:03:21 +0000] [73] [INFO] Booting worker with pid: 73
[2026-04-03 23:03:21 +0000] [65] [INFO] Started server process [65]
[2026-04-03 23:03:21 +0000] [65] [INFO] Waiting for application startup.
[2026-04-03 23:03:21 +0000] [65] [INFO] Application startup complete.
[2026-04-03 23:03:21 +0000] [75] [INFO] Booting worker with pid: 75
[2026-04-03 23:03:21 +0000] [77] [INFO] Booting worker with pid: 77
[2026-04-03 23:03:21 +0000] [68] [INFO] Started server process [68]
[2026-04-03 23:03:21 +0000] [68] [INFO] Waiting for application startup.
[2026-04-03 23:03:21 +0000] [68] [INFO] Application startup complete.
[2026-04-03 23:03:22 +0000] [78] [INFO] Booting worker with pid: 78
[2026-04-03 23:03:22 +0000] [79] [INFO] Booting worker with pid: 79
[2026-04-03 23:03:22 +0000] [80] [INFO] Booting worker with pid: 80
[2026-04-03 23:03:22 +0000] [70] [INFO] Started server process [70]
[2026-04-03 23:03:22 +0000] [70] [INFO] Waiting for application startup.
[2026-04-03 23:03:22 +0000] [70] [INFO] Application startup complete.
[2026-04-03 23:03:22 +0000] [82] [INFO] Booting worker with pid: 82
[2026-04-03 23:03:22 +0000] [84] [INFO] Booting worker with pid: 84
[2026-04-03 23:03:22 +0000] [72] [INFO] Started server process [72]
[2026-04-03 23:03:22 +0000] [72] [INFO] Waiting for application startup.
[2026-04-03 23:03:22 +0000] [72] [INFO] Application startup complete.
[2026-04-03 23:03:22 +0000] [86] [INFO] Booting worker with pid: 86
[2026-04-03 23:03:22 +0000] [73] [INFO] Started server process [73]
[2026-04-03 23:03:22 +0000] [73] [INFO] Waiting for application startup.
[2026-04-03 23:03:22 +0000] [73] [INFO] Application startup complete.
[2026-04-03 23:03:22 +0000] [88] [INFO] Booting worker with pid: 88
[2026-04-03 23:03:22 +0000] [75] [INFO] Started server process [75]
[2026-04-03 23:03:22 +0000] [75] [INFO] Waiting for application startup.
[2026-04-03 23:03:22 +0000] [75] [INFO] Application startup complete.
[2026-04-03 23:03:22 +0000] [90] [INFO] Booting worker with pid: 90
[2026-04-03 23:03:22 +0000] [77] [INFO] Started server process [77]
[2026-04-03 23:03:22 +0000] [77] [INFO] Waiting for application startup.
[2026-04-03 23:03:22 +0000] [77] [INFO] Application startup complete.
[2026-04-03 23:03:22 +0000] [91] [INFO] Booting worker with pid: 91
[2026-04-03 23:03:22 +0000] [93] [INFO] Booting worker with pid: 93
[2026-04-03 23:03:22 +0000] [78] [INFO] Started server process [78]
[2026-04-03 23:03:22 +0000] [78] [INFO] Waiting for application startup.
[2026-04-03 23:03:22 +0000] [78] [INFO] Application startup complete.
[2026-04-03 23:03:22 +0000] [94] [INFO] Booting worker with pid: 94
[2026-04-03 23:03:22 +0000] [96] [INFO] Booting worker with pid: 96
[2026-04-03 23:03:22 +0000] [79] [INFO] Started server process [79]
[2026-04-03 23:03:22 +0000] [79] [INFO] Waiting for application startup.
[2026-04-03 23:03:22 +0000] [79] [INFO] Application startup complete.
[2026-04-03 23:03:22 +0000] [80] [INFO] Started server process [80]
[2026-04-03 23:03:22 +0000] [80] [INFO] Waiting for application startup.
[2026-04-03 23:03:22 +0000] [80] [INFO] Application startup complete.
[2026-04-03 23:03:22 +0000] [98] [INFO] Booting worker with pid: 98
[2026-04-03 23:03:22 +0000] [82] [INFO] Started server process [82]
[2026-04-03 23:03:22 +0000] [82] [INFO] Waiting for application startup.
[2026-04-03 23:03:22 +0000] [82] [INFO] Application startup complete.
[2026-04-03 23:03:22 +0000] [101] [INFO] Booting worker with pid: 101
[2026-04-03 23:03:22 +0000] [84] [INFO] Started server process [84]
[2026-04-03 23:03:22 +0000] [84] [INFO] Waiting for application startup.
[2026-04-03 23:03:22 +0000] [84] [INFO] Application startup complete.
[2026-04-03 23:03:22 +0000] [86] [INFO] Started server process [86]
[2026-04-03 23:03:22 +0000] [86] [INFO] Waiting for application startup.
[2026-04-03 23:03:22 +0000] [86] [INFO] Application startup complete.
[2026-04-03 23:03:22 +0000] [103] [INFO] Booting worker with pid: 103
[2026-04-03 23:03:22 +0000] [88] [INFO] Started server process [88]
[2026-04-03 23:03:22 +0000] [88] [INFO] Waiting for application startup.
[2026-04-03 23:03:22 +0000] [88] [INFO] Application startup complete.
[2026-04-03 23:03:22 +0000] [105] [INFO] Booting worker with pid: 105
[2026-04-03 23:03:22 +0000] [107] [INFO] Booting worker with pid: 107
[2026-04-03 23:03:22 +0000] [90] [INFO] Started server process [90]
[2026-04-03 23:03:22 +0000] [90] [INFO] Waiting for application startup.
[2026-04-03 23:03:22 +0000] [90] [INFO] Application startup complete.
[2026-04-03 23:03:22 +0000] [110] [INFO] Booting worker with pid: 110
[2026-04-03 23:03:22 +0000] [91] [INFO] Started server process [91]
[2026-04-03 23:03:22 +0000] [91] [INFO] Waiting for application startup.
[2026-04-03 23:03:22 +0000] [91] [INFO] Application startup complete.
[2026-04-03 23:03:22 +0000] [111] [INFO] Booting worker with pid: 111
[2026-04-03 23:03:22 +0000] [93] [INFO] Started server process [93]
[2026-04-03 23:03:22 +0000] [93] [INFO] Waiting for application startup.
[2026-04-03 23:03:22 +0000] [93] [INFO] Application startup complete.
[2026-04-03 23:03:23 +0000] [94] [INFO] Started server process [94]
[2026-04-03 23:03:23 +0000] [94] [INFO] Waiting for application startup.
[2026-04-03 23:03:23 +0000] [94] [INFO] Application startup complete.
[2026-04-03 23:03:23 +0000] [114] [INFO] Booting worker with pid: 114
[2026-04-03 23:03:23 +0000] [96] [INFO] Started server process [96]
[2026-04-03 23:03:23 +0000] [96] [INFO] Waiting for application startup.
[2026-04-03 23:03:23 +0000] [96] [INFO] Application startup complete.
[2026-04-03 23:03:23 +0000] [116] [INFO] Booting worker with pid: 116
[2026-04-03 23:03:23 +0000] [98] [INFO] Started server process [98]
[2026-04-03 23:03:23 +0000] [98] [INFO] Waiting for application startup.
[2026-04-03 23:03:23 +0000] [98] [INFO] Application startup complete.
[2026-04-03 23:03:23 +0000] [117] [INFO] Booting worker with pid: 117
[2026-04-03 23:03:23 +0000] [101] [INFO] Started server process [101]
[2026-04-03 23:03:23 +0000] [101] [INFO] Waiting for application startup.
[2026-04-03 23:03:23 +0000] [101] [INFO] Application startup complete.
[2026-04-03 23:03:23 +0000] [119] [INFO] Booting worker with pid: 119
[2026-04-03 23:03:23 +0000] [121] [INFO] Booting worker with pid: 121
[2026-04-03 23:03:23 +0000] [103] [INFO] Started server process [103]
[2026-04-03 23:03:23 +0000] [103] [INFO] Waiting for application startup.
[2026-04-03 23:03:23 +0000] [103] [INFO] Application startup complete.
[2026-04-03 23:03:23 +0000] [105] [INFO] Started server process [105]
[2026-04-03 23:03:23 +0000] [105] [INFO] Waiting for application startup.
[2026-04-03 23:03:23 +0000] [105] [INFO] Application startup complete.
[2026-04-03 23:03:23 +0000] [124] [INFO] Booting worker with pid: 124
[2026-04-03 23:03:23 +0000] [125] [INFO] Booting worker with pid: 125
[2026-04-03 23:03:23 +0000] [107] [INFO] Started server process [107]
[2026-04-03 23:03:23 +0000] [107] [INFO] Waiting for application startup.
[2026-04-03 23:03:23 +0000] [107] [INFO] Application startup complete.
[2026-04-03 23:03:23 +0000] [110] [INFO] Started server process [110]
[2026-04-03 23:03:23 +0000] [110] [INFO] Waiting for application startup.
[2026-04-03 23:03:23 +0000] [110] [INFO] Application startup complete.
[2026-04-03 23:03:23 +0000] [111] [INFO] Started server process [111]
[2026-04-03 23:03:23 +0000] [111] [INFO] Waiting for application startup.
[2026-04-03 23:03:23 +0000] [111] [INFO] Application startup complete.
[2026-04-03 23:03:23 +0000] [114] [INFO] Started server process [114]
[2026-04-03 23:03:23 +0000] [114] [INFO] Waiting for application startup.
[2026-04-03 23:03:23 +0000] [114] [INFO] Application startup complete.
[2026-04-03 23:03:23 +0000] [116] [INFO] Started server process [116]
[2026-04-03 23:03:23 +0000] [116] [INFO] Waiting for application startup.
[2026-04-03 23:03:23 +0000] [116] [INFO] Application startup complete.
[2026-04-03 23:03:23 +0000] [117] [INFO] Started server process [117]
[2026-04-03 23:03:23 +0000] [117] [INFO] Waiting for application startup.
[2026-04-03 23:03:23 +0000] [117] [INFO] Application startup complete.
[2026-04-03 23:03:23 +0000] [119] [INFO] Started server process [119]
[2026-04-03 23:03:23 +0000] [119] [INFO] Waiting for application startup.
[2026-04-03 23:03:23 +0000] [119] [INFO] Application startup complete.
[2026-04-03 23:03:23 +0000] [121] [INFO] Started server process [121]
[2026-04-03 23:03:23 +0000] [121] [INFO] Waiting for application startup.
[2026-04-03 23:03:23 +0000] [121] [INFO] Application startup complete.
[2026-04-03 23:03:23 +0000] [124] [INFO] Started server process [124]
[2026-04-03 23:03:23 +0000] [124] [INFO] Waiting for application startup.
[2026-04-03 23:03:23 +0000] [124] [INFO] Application startup complete.
[2026-04-03 23:03:23 +0000] [125] [INFO] Started server process [125]
[2026-04-03 23:03:23 +0000] [125] [INFO] Waiting for application startup.
[2026-04-03 23:03:23 +0000] [125] [INFO] Application startup complete.
