[2026-04-04 07:25:01 +0000] [1] [INFO] Starting gunicorn 23.0.0
[2026-04-04 07:25:01 +0000] [1] [INFO] Listening at: http://0.0.0.0:8080 (1)
[2026-04-04 07:25:01 +0000] [1] [INFO] Using worker: uvicorn.workers.UvicornWorker
[2026-04-04 07:25:01 +0000] [7] [INFO] Booting worker with pid: 7
[2026-04-04 07:25:01 +0000] [8] [INFO] Booting worker with pid: 8
[2026-04-04 07:25:01 +0000] [9] [INFO] Booting worker with pid: 9
[2026-04-04 07:25:01 +0000] [11] [INFO] Booting worker with pid: 11
[2026-04-04 07:25:01 +0000] [7] [INFO] Started server process [7]
[2026-04-04 07:25:01 +0000] [7] [INFO] Waiting for application startup.
[2026-04-04 07:25:01 +0000] [7] [INFO] Application startup complete.
[2026-04-04 07:25:01 +0000] [8] [INFO] Started server process [8]
[2026-04-04 07:25:01 +0000] [8] [INFO] Waiting for application startup.
[2026-04-04 07:25:01 +0000] [8] [INFO] Application startup complete.
[2026-04-04 07:25:01 +0000] [9] [INFO] Started server process [9]
[2026-04-04 07:25:01 +0000] [9] [INFO] Waiting for application startup.
[2026-04-04 07:25:01 +0000] [9] [INFO] Application startup complete.
[2026-04-04 07:25:01 +0000] [14] [INFO] Booting worker with pid: 14
[2026-04-04 07:25:01 +0000] [11] [INFO] Started server process [11]
[2026-04-04 07:25:01 +0000] [11] [INFO] Waiting for application startup.
[2026-04-04 07:25:01 +0000] [11] [INFO] Application startup complete.
[2026-04-04 07:25:01 +0000] [16] [INFO] Booting worker with pid: 16
[2026-04-04 07:25:01 +0000] [14] [INFO] Started server process [14]
[2026-04-04 07:25:01 +0000] [14] [INFO] Waiting for application startup.
[2026-04-04 07:25:01 +0000] [14] [INFO] Application startup complete.
[2026-04-04 07:25:01 +0000] [16] [INFO] Started server process [16]
[2026-04-04 07:25:01 +0000] [16] [INFO] Waiting for application startup.
[2026-04-04 07:25:01 +0000] [16] [INFO] Application startup complete.
[2026-04-04 07:25:01 +0000] [19] [INFO] Booting worker with pid: 19
[2026-04-04 07:25:01 +0000] [20] [INFO] Booting worker with pid: 20
[2026-04-04 07:25:01 +0000] [19] [INFO] Started server process [19]
[2026-04-04 07:25:01 +0000] [19] [INFO] Waiting for application startup.
[2026-04-04 07:25:01 +0000] [19] [INFO] Application startup complete.
[2026-04-04 07:25:01 +0000] [20] [INFO] Started server process [20]
[2026-04-04 07:25:01 +0000] [20] [INFO] Waiting for application startup.
[2026-04-04 07:25:01 +0000] [20] [INFO] Application startup complete.
[2026-04-04 07:25:01 +0000] [23] [INFO] Booting worker with pid: 23
[2026-04-04 07:25:01 +0000] [24] [INFO] Booting worker with pid: 24
[2026-04-04 07:25:01 +0000] [25] [INFO] Booting worker with pid: 25
[2026-04-04 07:25:01 +0000] [26] [INFO] Booting worker with pid: 26
[2026-04-04 07:25:01 +0000] [23] [INFO] Started server process [23]
[2026-04-04 07:25:01 +0000] [23] [INFO] Waiting for application startup.
[2026-04-04 07:25:01 +0000] [23] [INFO] Application startup complete.
[2026-04-04 07:25:01 +0000] [24] [INFO] Started server process [24]
[2026-04-04 07:25:01 +0000] [24] [INFO] Waiting for application startup.
[2026-04-04 07:25:01 +0000] [24] [INFO] Application startup complete.
[2026-04-04 07:25:01 +0000] [31] [INFO] Booting worker with pid: 31
[2026-04-04 07:25:01 +0000] [25] [INFO] Started server process [25]
[2026-04-04 07:25:01 +0000] [25] [INFO] Waiting for application startup.
[2026-04-04 07:25:01 +0000] [25] [INFO] Application startup complete.
[2026-04-04 07:25:01 +0000] [26] [INFO] Started server process [26]
[2026-04-04 07:25:01 +0000] [26] [INFO] Waiting for application startup.
[2026-04-04 07:25:01 +0000] [26] [INFO] Application startup complete.
[2026-04-04 07:25:01 +0000] [31] [INFO] Started server process [31]
[2026-04-04 07:25:01 +0000] [31] [INFO] Waiting for application startup.
[2026-04-04 07:25:01 +0000] [31] [INFO] Application startup complete.
[2026-04-04 07:25:01 +0000] [33] [INFO] Booting worker with pid: 33
[2026-04-04 07:25:01 +0000] [33] [INFO] Started server process [33]
[2026-04-04 07:25:01 +0000] [33] [INFO] Waiting for application startup.
[2026-04-04 07:25:01 +0000] [33] [INFO] Application startup complete.
[2026-04-04 07:25:01 +0000] [35] [INFO] Booting worker with pid: 35
[2026-04-04 07:25:01 +0000] [36] [INFO] Booting worker with pid: 36
[2026-04-04 07:25:01 +0000] [37] [INFO] Booting worker with pid: 37
[2026-04-04 07:25:01 +0000] [35] [INFO] Started server process [35]
[2026-04-04 07:25:01 +0000] [35] [INFO] Waiting for application startup.
[2026-04-04 07:25:01 +0000] [35] [INFO] Application startup complete.
[2026-04-04 07:25:01 +0000] [40] [INFO] Booting worker with pid: 40
[2026-04-04 07:25:01 +0000] [36] [INFO] Started server process [36]
[2026-04-04 07:25:01 +0000] [36] [INFO] Waiting for application startup.
[2026-04-04 07:25:01 +0000] [36] [INFO] Application startup complete.
[2026-04-04 07:25:01 +0000] [37] [INFO] Started server process [37]
[2026-04-04 07:25:01 +0000] [37] [INFO] Waiting for application startup.
[2026-04-04 07:25:01 +0000] [37] [INFO] Application startup complete.
[2026-04-04 07:25:01 +0000] [42] [INFO] Booting worker with pid: 42
[2026-04-04 07:25:01 +0000] [40] [INFO] Started server process [40]
[2026-04-04 07:25:01 +0000] [40] [INFO] Waiting for application startup.
[2026-04-04 07:25:01 +0000] [40] [INFO] Application startup complete.
[2026-04-04 07:25:01 +0000] [44] [INFO] Booting worker with pid: 44
[2026-04-04 07:25:02 +0000] [42] [INFO] Started server process [42]
[2026-04-04 07:25:02 +0000] [42] [INFO] Waiting for application startup.
[2026-04-04 07:25:02 +0000] [42] [INFO] Application startup complete.
[2026-04-04 07:25:02 +0000] [47] [INFO] Booting worker with pid: 47
[2026-04-04 07:25:02 +0000] [44] [INFO] Started server process [44]
[2026-04-04 07:25:02 +0000] [44] [INFO] Waiting for application startup.
[2026-04-04 07:25:02 +0000] [44] [INFO] Application startup complete.
[2026-04-04 07:25:02 +0000] [49] [INFO] Booting worker with pid: 49
[2026-04-04 07:25:02 +0000] [47] [INFO] Started server process [47]
[2026-04-04 07:25:02 +0000] [47] [INFO] Waiting for application startup.
[2026-04-04 07:25:02 +0000] [47] [INFO] Application startup complete.
[2026-04-04 07:25:02 +0000] [51] [INFO] Booting worker with pid: 51
[2026-04-04 07:25:02 +0000] [49] [INFO] Started server process [49]
[2026-04-04 07:25:02 +0000] [49] [INFO] Waiting for application startup.
[2026-04-04 07:25:02 +0000] [49] [INFO] Application startup complete.
[2026-04-04 07:25:02 +0000] [51] [INFO] Started server process [51]
[2026-04-04 07:25:02 +0000] [51] [INFO] Waiting for application startup.
[2026-04-04 07:25:02 +0000] [51] [INFO] Application startup complete.
[2026-04-04 07:25:02 +0000] [53] [INFO] Booting worker with pid: 53
[2026-04-04 07:25:02 +0000] [54] [INFO] Booting worker with pid: 54
[2026-04-04 07:25:02 +0000] [53] [INFO] Started server process [53]
[2026-04-04 07:25:02 +0000] [53] [INFO] Waiting for application startup.
[2026-04-04 07:25:02 +0000] [53] [INFO] Application startup complete.
[2026-04-04 07:25:02 +0000] [56] [INFO] Booting worker with pid: 56
[2026-04-04 07:25:02 +0000] [54] [INFO] Started server process [54]
[2026-04-04 07:25:02 +0000] [54] [INFO] Waiting for application startup.
[2026-04-04 07:25:02 +0000] [54] [INFO] Application startup complete.
[2026-04-04 07:25:02 +0000] [59] [INFO] Booting worker with pid: 59
[2026-04-04 07:25:02 +0000] [56] [INFO] Started server process [56]
[2026-04-04 07:25:02 +0000] [56] [INFO] Waiting for application startup.
[2026-04-04 07:25:02 +0000] [56] [INFO] Application startup complete.
[2026-04-04 07:25:02 +0000] [60] [INFO] Booting worker with pid: 60
[2026-04-04 07:25:02 +0000] [59] [INFO] Started server process [59]
[2026-04-04 07:25:02 +0000] [59] [INFO] Waiting for application startup.
[2026-04-04 07:25:02 +0000] [59] [INFO] Application startup complete.
[2026-04-04 07:25:02 +0000] [62] [INFO] Booting worker with pid: 62
[2026-04-04 07:25:02 +0000] [60] [INFO] Started server process [60]
[2026-04-04 07:25:02 +0000] [60] [INFO] Waiting for application startup.
[2026-04-04 07:25:02 +0000] [60] [INFO] Application startup complete.
[2026-04-04 07:25:02 +0000] [64] [INFO] Booting worker with pid: 64
[2026-04-04 07:25:02 +0000] [62] [INFO] Started server process [62]
[2026-04-04 07:25:02 +0000] [62] [INFO] Waiting for application startup.
[2026-04-04 07:25:02 +0000] [62] [INFO] Application startup complete.
[2026-04-04 07:25:02 +0000] [64] [INFO] Started server process [64]
[2026-04-04 07:25:02 +0000] [64] [INFO] Waiting for application startup.
[2026-04-04 07:25:02 +0000] [64] [INFO] Application startup complete.
[2026-04-04 07:25:02 +0000] [67] [INFO] Booting worker with pid: 67
[2026-04-04 07:25:02 +0000] [68] [INFO] Booting worker with pid: 68
[2026-04-04 07:25:02 +0000] [67] [INFO] Started server process [67]
[2026-04-04 07:25:02 +0000] [67] [INFO] Waiting for application startup.
[2026-04-04 07:25:02 +0000] [67] [INFO] Application startup complete.
[2026-04-04 07:25:02 +0000] [70] [INFO] Booting worker with pid: 70
[2026-04-04 07:25:02 +0000] [68] [INFO] Started server process [68]
[2026-04-04 07:25:02 +0000] [68] [INFO] Waiting for application startup.
[2026-04-04 07:25:02 +0000] [68] [INFO] Application startup complete.
[2026-04-04 07:25:02 +0000] [72] [INFO] Booting worker with pid: 72
[2026-04-04 07:25:02 +0000] [74] [INFO] Booting worker with pid: 74
[2026-04-04 07:25:02 +0000] [70] [INFO] Started server process [70]
[2026-04-04 07:25:02 +0000] [70] [INFO] Waiting for application startup.
[2026-04-04 07:25:02 +0000] [70] [INFO] Application startup complete.
[2026-04-04 07:25:03 +0000] [75] [INFO] Booting worker with pid: 75
[2026-04-04 07:25:03 +0000] [72] [INFO] Started server process [72]
[2026-04-04 07:25:03 +0000] [72] [INFO] Waiting for application startup.
[2026-04-04 07:25:03 +0000] [72] [INFO] Application startup complete.
[2026-04-04 07:25:03 +0000] [78] [INFO] Booting worker with pid: 78
[2026-04-04 07:25:03 +0000] [74] [INFO] Started server process [74]
[2026-04-04 07:25:03 +0000] [74] [INFO] Waiting for application startup.
[2026-04-04 07:25:03 +0000] [74] [INFO] Application startup complete.
[2026-04-04 07:25:03 +0000] [75] [INFO] Started server process [75]
[2026-04-04 07:25:03 +0000] [75] [INFO] Waiting for application startup.
[2026-04-04 07:25:03 +0000] [75] [INFO] Application startup complete.
[2026-04-04 07:25:03 +0000] [80] [INFO] Booting worker with pid: 80
[2026-04-04 07:25:03 +0000] [82] [INFO] Booting worker with pid: 82
[2026-04-04 07:25:03 +0000] [78] [INFO] Started server process [78]
[2026-04-04 07:25:03 +0000] [78] [INFO] Waiting for application startup.
[2026-04-04 07:25:03 +0000] [78] [INFO] Application startup complete.
[2026-04-04 07:25:03 +0000] [83] [INFO] Booting worker with pid: 83
[2026-04-04 07:25:03 +0000] [84] [INFO] Booting worker with pid: 84
[2026-04-04 07:25:03 +0000] [80] [INFO] Started server process [80]
[2026-04-04 07:25:03 +0000] [80] [INFO] Waiting for application startup.
[2026-04-04 07:25:03 +0000] [80] [INFO] Application startup complete.
[2026-04-04 07:25:03 +0000] [82] [INFO] Started server process [82]
[2026-04-04 07:25:03 +0000] [82] [INFO] Waiting for application startup.
[2026-04-04 07:25:03 +0000] [82] [INFO] Application startup complete.
[2026-04-04 07:25:03 +0000] [87] [INFO] Booting worker with pid: 87
[2026-04-04 07:25:03 +0000] [83] [INFO] Started server process [83]
[2026-04-04 07:25:03 +0000] [83] [INFO] Waiting for application startup.
[2026-04-04 07:25:03 +0000] [83] [INFO] Application startup complete.
[2026-04-04 07:25:03 +0000] [84] [INFO] Started server process [84]
[2026-04-04 07:25:03 +0000] [84] [INFO] Waiting for application startup.
[2026-04-04 07:25:03 +0000] [84] [INFO] Application startup complete.
[2026-04-04 07:25:03 +0000] [90] [INFO] Booting worker with pid: 90
[2026-04-04 07:25:03 +0000] [91] [INFO] Booting worker with pid: 91
[2026-04-04 07:25:03 +0000] [87] [INFO] Started server process [87]
[2026-04-04 07:25:03 +0000] [87] [INFO] Waiting for application startup.
[2026-04-04 07:25:03 +0000] [87] [INFO] Application startup complete.
[2026-04-04 07:25:03 +0000] [93] [INFO] Booting worker with pid: 93
[2026-04-04 07:25:03 +0000] [90] [INFO] Started server process [90]
[2026-04-04 07:25:03 +0000] [90] [INFO] Waiting for application startup.
[2026-04-04 07:25:03 +0000] [90] [INFO] Application startup complete.
[2026-04-04 07:25:03 +0000] [96] [INFO] Booting worker with pid: 96
[2026-04-04 07:25:03 +0000] [91] [INFO] Started server process [91]
[2026-04-04 07:25:03 +0000] [91] [INFO] Waiting for application startup.
[2026-04-04 07:25:03 +0000] [91] [INFO] Application startup complete.
[2026-04-04 07:25:03 +0000] [97] [INFO] Booting worker with pid: 97
[2026-04-04 07:25:03 +0000] [93] [INFO] Started server process [93]
[2026-04-04 07:25:03 +0000] [93] [INFO] Waiting for application startup.
[2026-04-04 07:25:03 +0000] [93] [INFO] Application startup complete.
[2026-04-04 07:25:03 +0000] [96] [INFO] Started server process [96]
[2026-04-04 07:25:03 +0000] [96] [INFO] Waiting for application startup.
[2026-04-04 07:25:03 +0000] [96] [INFO] Application startup complete.
[2026-04-04 07:25:03 +0000] [100] [INFO] Booting worker with pid: 100
[2026-04-04 07:25:03 +0000] [97] [INFO] Started server process [97]
[2026-04-04 07:25:03 +0000] [97] [INFO] Waiting for application startup.
[2026-04-04 07:25:03 +0000] [97] [INFO] Application startup complete.
[2026-04-04 07:25:03 +0000] [102] [INFO] Booting worker with pid: 102
[2026-04-04 07:25:03 +0000] [100] [INFO] Started server process [100]
[2026-04-04 07:25:03 +0000] [100] [INFO] Waiting for application startup.
[2026-04-04 07:25:03 +0000] [100] [INFO] Application startup complete.
[2026-04-04 07:25:03 +0000] [104] [INFO] Booting worker with pid: 104
[2026-04-04 07:25:03 +0000] [106] [INFO] Booting worker with pid: 106
[2026-04-04 07:25:03 +0000] [102] [INFO] Started server process [102]
[2026-04-04 07:25:03 +0000] [102] [INFO] Waiting for application startup.
[2026-04-04 07:25:03 +0000] [102] [INFO] Application startup complete.
[2026-04-04 07:25:04 +0000] [107] [INFO] Booting worker with pid: 107
[2026-04-04 07:25:04 +0000] [104] [INFO] Started server process [104]
[2026-04-04 07:25:04 +0000] [104] [INFO] Waiting for application startup.
[2026-04-04 07:25:04 +0000] [104] [INFO] Application startup complete.
[2026-04-04 07:25:04 +0000] [106] [INFO] Started server process [106]
[2026-04-04 07:25:04 +0000] [106] [INFO] Waiting for application startup.
[2026-04-04 07:25:04 +0000] [106] [INFO] Application startup complete.
[2026-04-04 07:25:04 +0000] [110] [INFO] Booting worker with pid: 110
[2026-04-04 07:25:04 +0000] [107] [INFO] Started server process [107]
[2026-04-04 07:25:04 +0000] [107] [INFO] Waiting for application startup.
[2026-04-04 07:25:04 +0000] [107] [INFO] Application startup complete.
[2026-04-04 07:25:04 +0000] [112] [INFO] Booting worker with pid: 112
[2026-04-04 07:25:04 +0000] [110] [INFO] Started server process [110]
[2026-04-04 07:25:04 +0000] [110] [INFO] Waiting for application startup.
[2026-04-04 07:25:04 +0000] [110] [INFO] Application startup complete.
[2026-04-04 07:25:04 +0000] [114] [INFO] Booting worker with pid: 114
[2026-04-04 07:25:04 +0000] [112] [INFO] Started server process [112]
[2026-04-04 07:25:04 +0000] [112] [INFO] Waiting for application startup.
[2026-04-04 07:25:04 +0000] [112] [INFO] Application startup complete.
[2026-04-04 07:25:04 +0000] [116] [INFO] Booting worker with pid: 116
[2026-04-04 07:25:04 +0000] [114] [INFO] Started server process [114]
[2026-04-04 07:25:04 +0000] [114] [INFO] Waiting for application startup.
[2026-04-04 07:25:04 +0000] [114] [INFO] Application startup complete.
[2026-04-04 07:25:04 +0000] [118] [INFO] Booting worker with pid: 118
[2026-04-04 07:25:04 +0000] [116] [INFO] Started server process [116]
[2026-04-04 07:25:04 +0000] [116] [INFO] Waiting for application startup.
[2026-04-04 07:25:04 +0000] [116] [INFO] Application startup complete.
[2026-04-04 07:25:04 +0000] [120] [INFO] Booting worker with pid: 120
[2026-04-04 07:25:04 +0000] [122] [INFO] Booting worker with pid: 122
[2026-04-04 07:25:04 +0000] [118] [INFO] Started server process [118]
[2026-04-04 07:25:04 +0000] [118] [INFO] Waiting for application startup.
[2026-04-04 07:25:04 +0000] [118] [INFO] Application startup complete.
[2026-04-04 07:25:04 +0000] [123] [INFO] Booting worker with pid: 123
[2026-04-04 07:25:04 +0000] [120] [INFO] Started server process [120]
[2026-04-04 07:25:04 +0000] [120] [INFO] Waiting for application startup.
[2026-04-04 07:25:04 +0000] [120] [INFO] Application startup complete.
[2026-04-04 07:25:04 +0000] [125] [INFO] Booting worker with pid: 125
[2026-04-04 07:25:04 +0000] [122] [INFO] Started server process [122]
[2026-04-04 07:25:04 +0000] [122] [INFO] Waiting for application startup.
[2026-04-04 07:25:04 +0000] [122] [INFO] Application startup complete.
[2026-04-04 07:25:04 +0000] [127] [INFO] Booting worker with pid: 127
[2026-04-04 07:25:04 +0000] [123] [INFO] Started server process [123]
[2026-04-04 07:25:04 +0000] [123] [INFO] Waiting for application startup.
[2026-04-04 07:25:04 +0000] [123] [INFO] Application startup complete.
[2026-04-04 07:25:04 +0000] [130] [INFO] Booting worker with pid: 130
[2026-04-04 07:25:04 +0000] [125] [INFO] Started server process [125]
[2026-04-04 07:25:04 +0000] [125] [INFO] Waiting for application startup.
[2026-04-04 07:25:04 +0000] [125] [INFO] Application startup complete.
[2026-04-04 07:25:04 +0000] [132] [INFO] Booting worker with pid: 132
[2026-04-04 07:25:04 +0000] [127] [INFO] Started server process [127]
[2026-04-04 07:25:04 +0000] [127] [INFO] Waiting for application startup.
[2026-04-04 07:25:04 +0000] [127] [INFO] Application startup complete.
[2026-04-04 07:25:05 +0000] [130] [INFO] Started server process [130]
[2026-04-04 07:25:05 +0000] [130] [INFO] Waiting for application startup.
[2026-04-04 07:25:05 +0000] [130] [INFO] Application startup complete.
[2026-04-04 07:25:05 +0000] [132] [INFO] Started server process [132]
[2026-04-04 07:25:05 +0000] [132] [INFO] Waiting for application startup.
[2026-04-04 07:25:05 +0000] [132] [INFO] Application startup complete.
