[serve-worker-0 ] deno serve: Listening on http://0.0.0.0:8080/ with 64 threads
[serve-worker-46] Http: error reading a body from connection
    at async Object.pull (ext:deno_web/06_streams.js:963:27) {
  name: "Http"
}
[serve-worker-9 ] Http: error reading a body from connection
    at async Object.pull (ext:deno_web/06_streams.js:963:27) {
  name: "Http"
}
[serve-worker-26] Http: error reading a body from connection
    at async Object.pull (ext:deno_web/06_streams.js:963:27) {
  name: "Http"
}
[serve-worker-2 ] Http: error reading a body from connection
    at async Object.pull (ext:deno_web/06_streams.js:963:27) {
  name: "Http"
}
[serve-worker-31] Http: error reading a body from connection
    at async Object.pull (ext:deno_web/06_streams.js:963:27) {
  name: "Http"
}
[serve-worker-42] Http: error reading a body from connection
    at async Object.pull (ext:deno_web/06_streams.js:963:27) {
  name: "Http"
}
[serve-worker-8 ] Http: error reading a body from connection
    at async Object.pull (ext:deno_web/06_streams.js:963:27) {
  name: "Http"
}
[serve-worker-38] Http: error reading a body from connection
    at async Object.pull (ext:deno_web/06_streams.js:963:27) {
  name: "Http"
}
[serve-worker-11] Http: error reading a body from connection
    at async Object.pull (ext:deno_web/06_streams.js:963:27) {
  name: "Http"
}
[serve-worker-0 ] Http: error reading a body from connection
    at async Object.pull (ext:deno_web/06_streams.js:963:27) {
  name: "Http"
}
[serve-worker-2 ] Http: error reading a body from connection
    at async Object.pull (ext:deno_web/06_streams.js:963:27) {
  name: "Http"
}
[serve-worker-26] Http: error reading a body from connection
    at async Object.pull (ext:deno_web/06_streams.js:963:27) {
  name: "Http"
}
[serve-worker-8 ] Http: error reading a body from connection
    at async Object.pull (ext:deno_web/06_streams.js:963:27) {
  name: "Http"
}
[serve-worker-10] Http: error reading a body from connection
    at async Object.pull (ext:deno_web/06_streams.js:963:27) {
  name: "Http"
}
[serve-worker-4 ] Http: error reading a body from connection
    at async Object.pull (ext:deno_web/06_streams.js:963:27) {
  name: "Http"
}
[serve-worker-9 ] Http: error reading a body from connection
    at async Object.pull (ext:deno_web/06_streams.js:963:27) {
  name: "Http"
}
[serve-worker-43] Http: error reading a body from connection
    at async Object.pull (ext:deno_web/06_streams.js:963:27) {
  name: "Http"
}
[serve-worker-26] Http: error reading a body from connection
    at async Object.pull (ext:deno_web/06_streams.js:963:27) {
  name: "Http"
}
[serve-worker-8 ] Http: error reading a body from connection
    at async Object.pull (ext:deno_web/06_streams.js:963:27) {
  name: "Http"
}
[serve-worker-9 ] Http: error reading a body from connection
    at async Object.pull (ext:deno_web/06_streams.js:963:27) {
  name: "Http"
}
[serve-worker-26] Http: error reading a body from connection
    at async Object.pull (ext:deno_web/06_streams.js:963:27) {
  name: "Http"
}
[serve-worker-8 ] Http: error reading a body from connection
    at async Object.pull (ext:deno_web/06_streams.js:963:27) {
  name: "Http"
}
[serve-worker-9 ] Http: error reading a body from connection
    at async Object.pull (ext:deno_web/06_streams.js:963:27) {
  name: "Http"
}
[serve-worker-2 ] Http: error reading a body from connection
    at async Object.pull (ext:deno_web/06_streams.js:963:27) {
  name: "Http"
}
[serve-worker-26] Http: error reading a body from connection
    at async Object.pull (ext:deno_web/06_streams.js:963:27) {
  name: "Http"
}
[serve-worker-9 ] Http: error reading a body from connection
    at async Object.pull (ext:deno_web/06_streams.js:963:27) {
  name: "Http"
}
[serve-worker-9 ] Http: error reading a body from connection
    at async Object.pull (ext:deno_web/06_streams.js:963:27) {
  name: "Http"
}
[serve-worker-42] Http: error reading a body from connection
    at async Object.pull (ext:deno_web/06_streams.js:963:27) {
  name: "Http"
}
[serve-worker-9 ] Http: error reading a body from connection
    at async Object.pull (ext:deno_web/06_streams.js:963:27) {
  name: "Http"
}
[serve-worker-42] Http: error reading a body from connection
    at async Object.pull (ext:deno_web/06_streams.js:963:27) {
  name: "Http"
}
[serve-worker-42] Http: error reading a body from connection
    at async Object.pull (ext:deno_web/06_streams.js:963:27) {
  name: "Http"
}
[serve-worker-42] Http: error reading a body from connection
    at async Object.pull (ext:deno_web/06_streams.js:963:27) {
  name: "Http"
}
[serve-worker-4 ] Http: error reading a body from connection
    at async Object.pull (ext:deno_web/06_streams.js:963:27) {
  name: "Http"
}
[serve-worker-38] Http: error reading a body from connection
    at async Object.pull (ext:deno_web/06_streams.js:963:27) {
  name: "Http"
}
[serve-worker-0 ] Http: error reading a body from connection
    at async Object.pull (ext:deno_web/06_streams.js:963:27) {
  name: "Http"
}
[serve-worker-38] Http: error reading a body from connection
    at async Object.pull (ext:deno_web/06_streams.js:963:27) {
  name: "Http"
}
[serve-worker-0 ] Http: error reading a body from connection
    at async Object.pull (ext:deno_web/06_streams.js:963:27) {
  name: "Http"
}
[serve-worker-42] Http: error reading a body from connection
    at async Object.pull (ext:deno_web/06_streams.js:963:27) {
  name: "Http"
}
[serve-worker-38] Http: error reading a body from connection
    at async Object.pull (ext:deno_web/06_streams.js:963:27) {
  name: "Http"
}
[serve-worker-0 ] Http: error reading a body from connection
    at async Object.pull (ext:deno_web/06_streams.js:963:27) {
  name: "Http"
}
[serve-worker-43] Http: error reading a body from connection
    at async Object.pull (ext:deno_web/06_streams.js:963:27) {
  name: "Http"
}
[serve-worker-42] Http: error reading a body from connection
    at async Object.pull (ext:deno_web/06_streams.js:963:27) {
  name: "Http"
}
[serve-worker-38] Http: error reading a body from connection
    at async Object.pull (ext:deno_web/06_streams.js:963:27) {
  name: "Http"
}
[serve-worker-9 ] Http: error reading a body from connection
    at async Object.pull (ext:deno_web/06_streams.js:963:27) {
  name: "Http"
}
[serve-worker-0 ] Http: error reading a body from connection
    at async Object.pull (ext:deno_web/06_streams.js:963:27) {
  name: "Http"
}
[serve-worker-43] Http: error reading a body from connection
    at async Object.pull (ext:deno_web/06_streams.js:963:27) {
  name: "Http"
}
[serve-worker-42] Http: error reading a body from connection
    at async Object.pull (ext:deno_web/06_streams.js:963:27) {
  name: "Http"
}
[serve-worker-38] Http: error reading a body from connection
    at async Object.pull (ext:deno_web/06_streams.js:963:27) {
  name: "Http"
}
[serve-worker-0 ] Http: error reading a body from connection
    at async Object.pull (ext:deno_web/06_streams.js:963:27) {
  name: "Http"
}
[serve-worker-43] Http: error reading a body from connection
    at async Object.pull (ext:deno_web/06_streams.js:963:27) {
  name: "Http"
}
[serve-worker-26] Http: error reading a body from connection
    at async Object.pull (ext:deno_web/06_streams.js:963:27) {
  name: "Http"
}
[serve-worker-9 ] Http: error reading a body from connection
    at async Object.pull (ext:deno_web/06_streams.js:963:27) {
  name: "Http"
}
[serve-worker-38] Http: error reading a body from connection
    at async Object.pull (ext:deno_web/06_streams.js:963:27) {
  name: "Http"
}
[serve-worker-43] Http: error reading a body from connection
    at async Object.pull (ext:deno_web/06_streams.js:963:27) {
  name: "Http"
}
[serve-worker-9 ] Http: error reading a body from connection
    at async Object.pull (ext:deno_web/06_streams.js:963:27) {
  name: "Http"
}
[serve-worker-0 ] Http: error reading a body from connection
    at async Object.pull (ext:deno_web/06_streams.js:963:27) {
  name: "Http"
}
[serve-worker-26] Http: error reading a body from connection
    at async Object.pull (ext:deno_web/06_streams.js:963:27) {
  name: "Http"
}
[serve-worker-38] Http: error reading a body from connection
    at async Object.pull (ext:deno_web/06_streams.js:963:27) {
  name: "Http"
}
[serve-worker-43] Http: error reading a body from connection
    at async Object.pull (ext:deno_web/06_streams.js:963:27) {
  name: "Http"
}
[serve-worker-9 ] Http: error reading a body from connection
    at async Object.pull (ext:deno_web/06_streams.js:963:27) {
  name: "Http"
}
[serve-worker-26] Http: error reading a body from connection
    at async Object.pull (ext:deno_web/06_streams.js:963:27) {
  name: "Http"
}
[serve-worker-9 ] Http: error reading a body from connection
    at async Object.pull (ext:deno_web/06_streams.js:963:27) {
  name: "Http"
}
[serve-worker-9 ] Http: error reading a body from connection
    at async Object.pull (ext:deno_web/06_streams.js:963:27) {
  name: "Http"
}
[serve-worker-26] Http: error reading a body from connection
    at async Object.pull (ext:deno_web/06_streams.js:963:27) {
  name: "Http"
}
[serve-worker-39] Http: error reading a body from connection
    at async Object.pull (ext:deno_web/06_streams.js:963:27) {
  name: "Http"
}
[serve-worker-10] Http: error reading a body from connection
    at async Object.pull (ext:deno_web/06_streams.js:963:27) {
  name: "Http"
}
[serve-worker-26] Http: error reading a body from connection
    at async Object.pull (ext:deno_web/06_streams.js:963:27) {
  name: "Http"
}
[serve-worker-26] Http: error reading a body from connection
    at async Object.pull (ext:deno_web/06_streams.js:963:27) {
  name: "Http"
}
[serve-worker-10] Http: error reading a body from connection
    at async Object.pull (ext:deno_web/06_streams.js:963:27) {
  name: "Http"
}
[serve-worker-10] Http: error reading a body from connection
    at async Object.pull (ext:deno_web/06_streams.js:963:27) {
  name: "Http"
}
[serve-worker-10] Http: error reading a body from connection
    at async Object.pull (ext:deno_web/06_streams.js:963:27) {
  name: "Http"
}
[serve-worker-10] Http: error reading a body from connection
    at async Object.pull (ext:deno_web/06_streams.js:963:27) {
  name: "Http"
}
[serve-worker-10] Http: error reading a body from connection
    at async Object.pull (ext:deno_web/06_streams.js:963:27) {
  name: "Http"
}
[serve-worker-10] Http: error reading a body from connection
    at async Object.pull (ext:deno_web/06_streams.js:963:27) {
  name: "Http"
}
[serve-worker-39] Http: error reading a body from connection
    at async Object.pull (ext:deno_web/06_streams.js:963:27) {
  name: "Http"
}
[serve-worker-43] Http: error reading a body from connection
    at async Object.pull (ext:deno_web/06_streams.js:963:27) {
  name: "Http"
}
[serve-worker-43] Http: error reading a body from connection
    at async Object.pull (ext:deno_web/06_streams.js:963:27) {
  name: "Http"
}
[serve-worker-43] Http: error reading a body from connection
    at async Object.pull (ext:deno_web/06_streams.js:963:27) {
  name: "Http"
}
[serve-worker-9 ] Http: error reading a body from connection
    at async Object.pull (ext:deno_web/06_streams.js:963:27) {
  name: "Http"
}
[serve-worker-19] Http: error reading a body from connection
    at async Object.pull (ext:deno_web/06_streams.js:963:27) {
  name: "Http"
}
[serve-worker-19] Http: error reading a body from connection
    at async Object.pull (ext:deno_web/06_streams.js:963:27) {
  name: "Http"
}
[serve-worker-19] Http: error reading a body from connection
    at async Object.pull (ext:deno_web/06_streams.js:963:27) {
  name: "Http"
}
[serve-worker-19] Http: error reading a body from connection
    at async Object.pull (ext:deno_web/06_streams.js:963:27) {
  name: "Http"
}
[serve-worker-19] Http: error reading a body from connection
    at async Object.pull (ext:deno_web/06_streams.js:963:27) {
  name: "Http"
}
[serve-worker-8 ] Http: error reading a body from connection
    at async Object.pull (ext:deno_web/06_streams.js:963:27) {
  name: "Http"
}
[serve-worker-11] Http: error reading a body from connection
    at async Object.pull (ext:deno_web/06_streams.js:963:27) {
  name: "Http"
}
[serve-worker-11] Http: error reading a body from connection
    at async Object.pull (ext:deno_web/06_streams.js:963:27) {
  name: "Http"
}
[serve-worker-8 ] Http: error reading a body from connection
    at async Object.pull (ext:deno_web/06_streams.js:963:27) {
  name: "Http"
}
[serve-worker-11] Http: error reading a body from connection
    at async Object.pull (ext:deno_web/06_streams.js:963:27) {
  name: "Http"
}
[serve-worker-8 ] Http: error reading a body from connection
    at async Object.pull (ext:deno_web/06_streams.js:963:27) {
  name: "Http"
}
[serve-worker-11] Http: error reading a body from connection
    at async Object.pull (ext:deno_web/06_streams.js:963:27) {
  name: "Http"
}
[serve-worker-11] Http: error reading a body from connection
    at async Object.pull (ext:deno_web/06_streams.js:963:27) {
  name: "Http"
}
[serve-worker-46] Http: error reading a body from connection
    at async Object.pull (ext:deno_web/06_streams.js:963:27) {
  name: "Http"
}
[serve-worker-8 ] Http: error reading a body from connection
    at async Object.pull (ext:deno_web/06_streams.js:963:27) {
  name: "Http"
}
[serve-worker-26] Http: error reading a body from connection
    at async Object.pull (ext:deno_web/06_streams.js:963:27) {
  name: "Http"
}
[serve-worker-11] Http: error reading a body from connection
    at async Object.pull (ext:deno_web/06_streams.js:963:27) {
  name: "Http"
}
[serve-worker-8 ] Http: error reading a body from connection
    at async Object.pull (ext:deno_web/06_streams.js:963:27) {
  name: "Http"
}
[serve-worker-46] Http: error reading a body from connection
    at async Object.pull (ext:deno_web/06_streams.js:963:27) {
  name: "Http"
}
[serve-worker-46] Http: error reading a body from connection
    at async Object.pull (ext:deno_web/06_streams.js:963:27) {
  name: "Http"
}
[serve-worker-8 ] Http: error reading a body from connection
    at async Object.pull (ext:deno_web/06_streams.js:963:27) {
  name: "Http"
}
[serve-worker-46] Http: error reading a body from connection
    at async Object.pull (ext:deno_web/06_streams.js:963:27) {
  name: "Http"
}
[serve-worker-8 ] Http: error reading a body from connection
    at async Object.pull (ext:deno_web/06_streams.js:963:27) {
  name: "Http"
}
[serve-worker-10] Http: error reading a body from connection
    at async Object.pull (ext:deno_web/06_streams.js:963:27) {
  name: "Http"
}
[serve-worker-31] Http: error reading a body from connection
    at async Object.pull (ext:deno_web/06_streams.js:963:27) {
  name: "Http"
}
[serve-worker-46] Http: error reading a body from connection
    at async Object.pull (ext:deno_web/06_streams.js:963:27) {
  name: "Http"
}
[serve-worker-8 ] Http: error reading a body from connection
    at async Object.pull (ext:deno_web/06_streams.js:963:27) {
  name: "Http"
}
[serve-worker-8 ] Http: error reading a body from connection
    at async Object.pull (ext:deno_web/06_streams.js:963:27) {
  name: "Http"
}
[serve-worker-31] Http: error reading a body from connection
    at async Object.pull (ext:deno_web/06_streams.js:963:27) {
  name: "Http"
}
[serve-worker-10] Http: error reading a body from connection
    at async Object.pull (ext:deno_web/06_streams.js:963:27) {
  name: "Http"
}
[serve-worker-8 ] Http: error reading a body from connection
    at async Object.pull (ext:deno_web/06_streams.js:963:27) {
  name: "Http"
}
[serve-worker-8 ] Http: error reading a body from connection
    at async Object.pull (ext:deno_web/06_streams.js:963:27) {
  name: "Http"
}
[serve-worker-31] Http: error reading a body from connection
    at async Object.pull (ext:deno_web/06_streams.js:963:27) {
  name: "Http"
}
[serve-worker-8 ] Http: error reading a body from connection
    at async Object.pull (ext:deno_web/06_streams.js:963:27) {
  name: "Http"
}
[serve-worker-31] Http: error reading a body from connection
    at async Object.pull (ext:deno_web/06_streams.js:963:27) {
  name: "Http"
}
[serve-worker-8 ] Http: error reading a body from connection
    at async Object.pull (ext:deno_web/06_streams.js:963:27) {
  name: "Http"
}
[serve-worker-31] Http: error reading a body from connection
    at async Object.pull (ext:deno_web/06_streams.js:963:27) {
  name: "Http"
}
[serve-worker-38] Http: error reading a body from connection
    at async Object.pull (ext:deno_web/06_streams.js:963:27) {
  name: "Http"
}
[serve-worker-11] Http: error reading a body from connection
    at async Object.pull (ext:deno_web/06_streams.js:963:27) {
  name: "Http"
}
[serve-worker-31] Http: error reading a body from connection
    at async Object.pull (ext:deno_web/06_streams.js:963:27) {
  name: "Http"
}
[serve-worker-11] Http: error reading a body from connection
    at async Object.pull (ext:deno_web/06_streams.js:963:27) {
  name: "Http"
}
[serve-worker-38] Http: error reading a body from connection
    at async Object.pull (ext:deno_web/06_streams.js:963:27) {
  name: "Http"
}
[serve-worker-31] Http: error reading a body from connection
    at async Object.pull (ext:deno_web/06_streams.js:963:27) {
  name: "Http"
}
[serve-worker-11] Http: error reading a body from connection
    at async Object.pull (ext:deno_web/06_streams.js:963:27) {
  name: "Http"
}
[serve-worker-31] Http: error reading a body from connection
    at async Object.pull (ext:deno_web/06_streams.js:963:27) {
  name: "Http"
}
[serve-worker-31] Http: error reading a body from connection
    at async Object.pull (ext:deno_web/06_streams.js:963:27) {
  name: "Http"
}
[serve-worker-31] Http: error reading a body from connection
    at async Object.pull (ext:deno_web/06_streams.js:963:27) {
  name: "Http"
}
[serve-worker-31] Http: error reading a body from connection
    at async Object.pull (ext:deno_web/06_streams.js:963:27) {
  name: "Http"
}
[serve-worker-0 ] Http: error reading a body from connection
    at async Object.pull (ext:deno_web/06_streams.js:963:27) {
  name: "Http"
}
[serve-worker-0 ] Http: error reading a body from connection
    at async Object.pull (ext:deno_web/06_streams.js:963:27) {
  name: "Http"
}
[serve-worker-0 ] Http: error reading a body from connection
    at async Object.pull (ext:deno_web/06_streams.js:963:27) {
  name: "Http"
}
[serve-worker-8 ] Http: error reading a body from connection
    at async Object.pull (ext:deno_web/06_streams.js:963:27) {
  name: "Http"
}
[serve-worker-31] Http: error reading a body from connection
    at async Object.pull (ext:deno_web/06_streams.js:963:27) {
  name: "Http"
}
[serve-worker-31] Http: error reading a body from connection
    at async Object.pull (ext:deno_web/06_streams.js:963:27) {
  name: "Http"
}
[serve-worker-31] Http: error reading a body from connection
    at async Object.pull (ext:deno_web/06_streams.js:963:27) {
  name: "Http"
}
[serve-worker-31] Http: error reading a body from connection
    at async Object.pull (ext:deno_web/06_streams.js:963:27) {
  name: "Http"
}
[serve-worker-31] Http: error reading a body from connection
    at async Object.pull (ext:deno_web/06_streams.js:963:27) {
  name: "Http"
}
[serve-worker-1 ] Http: error reading a body from connection
    at async Object.pull (ext:deno_web/06_streams.js:963:27) {
  name: "Http"
}
[serve-worker-20] Http: error reading a body from connection
    at async Object.pull (ext:deno_web/06_streams.js:963:27) {
  name: "Http"
}
[serve-worker-1 ] Http: error reading a body from connection
    at async Object.pull (ext:deno_web/06_streams.js:963:27) {
  name: "Http"
}
[serve-worker-1 ] Http: error reading a body from connection
    at async Object.pull (ext:deno_web/06_streams.js:963:27) {
  name: "Http"
}
[serve-worker-1 ] Http: error reading a body from connection
    at async Object.pull (ext:deno_web/06_streams.js:963:27) {
  name: "Http"
}
[serve-worker-1 ] Http: error reading a body from connection
    at async Object.pull (ext:deno_web/06_streams.js:963:27) {
  name: "Http"
}
[serve-worker-1 ] Http: error reading a body from connection
    at async Object.pull (ext:deno_web/06_streams.js:963:27) {
  name: "Http"
}
[serve-worker-1 ] Http: error reading a body from connection
    at async Object.pull (ext:deno_web/06_streams.js:963:27) {
  name: "Http"
}
[serve-worker-1 ] Http: error reading a body from connection
    at async Object.pull (ext:deno_web/06_streams.js:963:27) {
  name: "Http"
}
[serve-worker-1 ] Http: error reading a body from connection
    at async Object.pull (ext:deno_web/06_streams.js:963:27) {
  name: "Http"
}
[serve-worker-1 ] Http: error reading a body from connection
    at async Object.pull (ext:deno_web/06_streams.js:963:27) {
  name: "Http"
}
[serve-worker-1 ] Http: error reading a body from connection
    at async Object.pull (ext:deno_web/06_streams.js:963:27) {
  name: "Http"
}
[serve-worker-1 ] Http: error reading a body from connection
    at async Object.pull (ext:deno_web/06_streams.js:963:27) {
  name: "Http"
}
[serve-worker-1 ] Http: error reading a body from connection
    at Object.pull (ext:deno_web/06_streams.js:963:38)
    at Module.invokeCallbackFunction (ext:deno_webidl/00_webidl.js:1116:16)
    at ReadableByteStreamController.pullAlgorithm (ext:deno_web/06_streams.js:3588:14)
    at readableByteStreamControllerCallPullIfNeeded (ext:deno_web/06_streams.js:1263:49)
    at ext:deno_web/06_streams.js:1271:11
    at eventLoopTick (ext:core/01_core.js:177:7) {
  name: "Http"
}
[serve-worker-1 ] Http: error reading a body from connection
    at async Object.pull (ext:deno_web/06_streams.js:963:27) {
  name: "Http"
}
[serve-worker-1 ] Http: error reading a body from connection
    at async Object.pull (ext:deno_web/06_streams.js:963:27) {
  name: "Http"
}
[serve-worker-20] Http: error reading a body from connection
    at async Object.pull (ext:deno_web/06_streams.js:963:27) {
  name: "Http"
}
[serve-worker-1 ] Http: error reading a body from connection
    at async Object.pull (ext:deno_web/06_streams.js:963:27) {
  name: "Http"
}
[serve-worker-1 ] Http: error reading a body from connection
    at async Object.pull (ext:deno_web/06_streams.js:963:27) {
  name: "Http"
}
[serve-worker-20] Http: error reading a body from connection
    at async Object.pull (ext:deno_web/06_streams.js:963:27) {
  name: "Http"
}
[serve-worker-1 ] Http: error reading a body from connection
    at async Object.pull (ext:deno_web/06_streams.js:963:27) {
  name: "Http"
}
[serve-worker-20] Http: error reading a body from connection
    at async Object.pull (ext:deno_web/06_streams.js:963:27) {
  name: "Http"
}
[serve-worker-1 ] Http: error reading a body from connection
    at async Object.pull (ext:deno_web/06_streams.js:963:27) {
  name: "Http"
}
[serve-worker-20] Http: error reading a body from connection
    at async Object.pull (ext:deno_web/06_streams.js:963:27) {
  name: "Http"
}
[serve-worker-1 ] Http: error reading a body from connection
    at async Object.pull (ext:deno_web/06_streams.js:963:27) {
  name: "Http"
}
[serve-worker-20] Http: error reading a body from connection
    at async Object.pull (ext:deno_web/06_streams.js:963:27) {
  name: "Http"
}
[serve-worker-20] Http: error reading a body from connection
    at async Object.pull (ext:deno_web/06_streams.js:963:27) {
  name: "Http"
}
[serve-worker-1 ] Http: error reading a body from connection
    at async Object.pull (ext:deno_web/06_streams.js:963:27) {
  name: "Http"
}
[serve-worker-1 ] Http: error reading a body from connection
    at async Object.pull (ext:deno_web/06_streams.js:963:27) {
  name: "Http"
}
[serve-worker-1 ] Http: error reading a body from connection
    at async Object.pull (ext:deno_web/06_streams.js:963:27) {
  name: "Http"
}
[serve-worker-1 ] Http: error reading a body from connection
    at async Object.pull (ext:deno_web/06_streams.js:963:27) {
  name: "Http"
}
[serve-worker-20] Http: error reading a body from connection
    at Object.pull (ext:deno_web/06_streams.js:963:38)
    at Module.invokeCallbackFunction (ext:deno_webidl/00_webidl.js:1116:16)
    at ReadableByteStreamController.pullAlgorithm (ext:deno_web/06_streams.js:3588:14)
    at readableByteStreamControllerCallPullIfNeeded (ext:deno_web/06_streams.js:1263:49)
    at ext:deno_web/06_streams.js:1271:11
    at eventLoopTick (ext:core/01_core.js:177:7) {
  name: "Http"
}
[serve-worker-1 ] Http: error reading a body from connection
    at async Object.pull (ext:deno_web/06_streams.js:963:27) {
  name: "Http"
}
[serve-worker-1 ] Http: error reading a body from connection
    at async Object.pull (ext:deno_web/06_streams.js:963:27) {
  name: "Http"
}
[serve-worker-1 ] Http: error reading a body from connection
    at async Object.pull (ext:deno_web/06_streams.js:963:27) {
  name: "Http"
}
[serve-worker-1 ] Http: error reading a body from connection
    at async Object.pull (ext:deno_web/06_streams.js:963:27) {
  name: "Http"
}
[serve-worker-1 ] Http: error reading a body from connection
    at async Object.pull (ext:deno_web/06_streams.js:963:27) {
  name: "Http"
}
[serve-worker-1 ] Http: error reading a body from connection
    at async Object.pull (ext:deno_web/06_streams.js:963:27) {
  name: "Http"
}
[serve-worker-1 ] Http: error reading a body from connection
    at async Object.pull (ext:deno_web/06_streams.js:963:27) {
  name: "Http"
}
[serve-worker-1 ] Http: error reading a body from connection
    at async Object.pull (ext:deno_web/06_streams.js:963:27) {
  name: "Http"
}
[serve-worker-20] Http: error reading a body from connection
    at async Object.pull (ext:deno_web/06_streams.js:963:27) {
  name: "Http"
}
[serve-worker-20] Http: error reading a body from connection
    at async Object.pull (ext:deno_web/06_streams.js:963:27) {
  name: "Http"
}
[serve-worker-20] Http: error reading a body from connection
    at async Object.pull (ext:deno_web/06_streams.js:963:27) {
  name: "Http"
}
[serve-worker-20] Http: error reading a body from connection
    at async Object.pull (ext:deno_web/06_streams.js:963:27) {
  name: "Http"
}
[serve-worker-20] Http: error reading a body from connection
    at async Object.pull (ext:deno_web/06_streams.js:963:27) {
  name: "Http"
}
[serve-worker-20] Http: error reading a body from connection
    at async Object.pull (ext:deno_web/06_streams.js:963:27) {
  name: "Http"
}
[serve-worker-20] Http: error reading a body from connection
    at async Object.pull (ext:deno_web/06_streams.js:963:27) {
  name: "Http"
}
[serve-worker-20] Http: error reading a body from connection
    at async Object.pull (ext:deno_web/06_streams.js:963:27) {
  name: "Http"
}
[serve-worker-20] Http: error reading a body from connection
    at async Object.pull (ext:deno_web/06_streams.js:963:27) {
  name: "Http"
}
[serve-worker-20] Http: error reading a body from connection
    at async Object.pull (ext:deno_web/06_streams.js:963:27) {
  name: "Http"
}
[serve-worker-20] Http: error reading a body from connection
    at async Object.pull (ext:deno_web/06_streams.js:963:27) {
  name: "Http"
}
[serve-worker-20] BadResource: Cannot read request body as underlying resource unavailable
    at ext:deno_http/00_serve.ts:252:26
    at Object.pull (ext:deno_web/06_streams.js:973:11)
    at eventLoopTick (ext:core/01_core.js:177:7) {
  name: "BadResource"
}
[serve-worker-20] Http: error reading a body from connection
    at async Object.pull (ext:deno_web/06_streams.js:963:27) {
  name: "Http"
}
[serve-worker-20] Http: error reading a body from connection
    at async Object.pull (ext:deno_web/06_streams.js:963:27) {
  name: "Http"
}
[serve-worker-20] Http: error reading a body from connection
    at async Object.pull (ext:deno_web/06_streams.js:963:27) {
  name: "Http"
}
[serve-worker-20] Http: error reading a body from connection
    at async Object.pull (ext:deno_web/06_streams.js:963:27) {
  name: "Http"
}
[serve-worker-20] Http: error reading a body from connection
    at async Object.pull (ext:deno_web/06_streams.js:963:27) {
  name: "Http"
}
[serve-worker-20] Http: error reading a body from connection
    at async Object.pull (ext:deno_web/06_streams.js:963:27) {
  name: "Http"
}
[serve-worker-20] Http: error reading a body from connection
    at async Object.pull (ext:deno_web/06_streams.js:963:27) {
  name: "Http"
}
[serve-worker-20] Http: error reading a body from connection
    at async Object.pull (ext:deno_web/06_streams.js:963:27) {
  name: "Http"
}
[serve-worker-20] Http: error reading a body from connection
    at async Object.pull (ext:deno_web/06_streams.js:963:27) {
  name: "Http"
}
[serve-worker-20] Http: error reading a body from connection
    at async Object.pull (ext:deno_web/06_streams.js:963:27) {
  name: "Http"
}
[serve-worker-20] Http: error reading a body from connection
    at async Object.pull (ext:deno_web/06_streams.js:963:27) {
  name: "Http"
}
[serve-worker-20] Http: error reading a body from connection
    at async Object.pull (ext:deno_web/06_streams.js:963:27) {
  name: "Http"
}
[serve-worker-9 ] Http: error reading a body from connection
    at async Object.pull (ext:deno_web/06_streams.js:963:27) {
  name: "Http"
}
[serve-worker-9 ] Http: error reading a body from connection
    at async Object.pull (ext:deno_web/06_streams.js:963:27) {
  name: "Http"
}
[serve-worker-9 ] Http: error reading a body from connection
    at async Object.pull (ext:deno_web/06_streams.js:963:27) {
  name: "Http"
}
[serve-worker-42] Http: error reading a body from connection
    at async Object.pull (ext:deno_web/06_streams.js:963:27) {
  name: "Http"
}
[serve-worker-8 ] Http: error reading a body from connection
    at async Object.pull (ext:deno_web/06_streams.js:963:27) {
  name: "Http"
}
[serve-worker-38] Http: error reading a body from connection
    at async Object.pull (ext:deno_web/06_streams.js:963:27) {
  name: "Http"
}
[serve-worker-11] Http: error reading a body from connection
    at async Object.pull (ext:deno_web/06_streams.js:963:27) {
  name: "Http"
}
[serve-worker-44] Http: error reading a body from connection
    at async Object.pull (ext:deno_web/06_streams.js:963:27) {
  name: "Http"
}
[serve-worker-3 ] Http: error reading a body from connection
    at async Object.pull (ext:deno_web/06_streams.js:963:27) {
  name: "Http"
}
[serve-worker-10] Http: error reading a body from connection
    at async Object.pull (ext:deno_web/06_streams.js:963:27) {
  name: "Http"
}
[serve-worker-38] Http: error reading a body from connection
    at async Object.pull (ext:deno_web/06_streams.js:963:27) {
  name: "Http"
}
[serve-worker-43] Http: error reading a body from connection
    at async Object.pull (ext:deno_web/06_streams.js:963:27) {
  name: "Http"
}
[serve-worker-50] Http: error reading a body from connection
    at async Object.pull (ext:deno_web/06_streams.js:963:27) {
  name: "Http"
}
[serve-worker-35] Http: error reading a body from connection
    at async Object.pull (ext:deno_web/06_streams.js:963:27) {
  name: "Http"
}
[serve-worker-7 ] Http: error reading a body from connection
    at async Object.pull (ext:deno_web/06_streams.js:963:27) {
  name: "Http"
}
[serve-worker-38] Http: error reading a body from connection
    at async Object.pull (ext:deno_web/06_streams.js:963:27) {
  name: "Http"
}
[serve-worker-1 ] Http: error reading a body from connection
    at async Object.pull (ext:deno_web/06_streams.js:963:27) {
  name: "Http"
}
[serve-worker-2 ] Http: error reading a body from connection
    at async Object.pull (ext:deno_web/06_streams.js:963:27) {
  name: "Http"
}
[serve-worker-55] Http: error reading a body from connection
    at async Object.pull (ext:deno_web/06_streams.js:963:27) {
  name: "Http"
}
[serve-worker-31] Http: error reading a body from connection
    at async Object.pull (ext:deno_web/06_streams.js:963:27) {
  name: "Http"
}
[serve-worker-52] Http: error reading a body from connection
    at async Object.pull (ext:deno_web/06_streams.js:963:27) {
  name: "Http"
}
[serve-worker-1 ] Http: error reading a body from connection
    at async Object.pull (ext:deno_web/06_streams.js:963:27) {
  name: "Http"
}
[serve-worker-19] Http: error reading a body from connection
    at async Object.pull (ext:deno_web/06_streams.js:963:27) {
  name: "Http"
}
[serve-worker-1 ] Http: error reading a body from connection
    at async Object.pull (ext:deno_web/06_streams.js:963:27) {
  name: "Http"
}
[serve-worker-39] Http: error reading a body from connection
    at async Object.pull (ext:deno_web/06_streams.js:963:27) {
  name: "Http"
}
[serve-worker-50] Http: error reading a body from connection
    at async Object.pull (ext:deno_web/06_streams.js:963:27) {
  name: "Http"
}
[serve-worker-31] Http: error reading a body from connection
    at async Object.pull (ext:deno_web/06_streams.js:963:27) {
  name: "Http"
}
[serve-worker-22] Http: error reading a body from connection
    at async Object.pull (ext:deno_web/06_streams.js:963:27) {
  name: "Http"
}
[serve-worker-25] Http: error reading a body from connection
    at async Object.pull (ext:deno_web/06_streams.js:963:27) {
  name: "Http"
}
[serve-worker-3 ] Http: error reading a body from connection
    at async Object.pull (ext:deno_web/06_streams.js:963:27) {
  name: "Http"
}
[serve-worker-23] Http: error reading a body from connection
    at async Object.pull (ext:deno_web/06_streams.js:963:27) {
  name: "Http"
}
[serve-worker-33] Http: error reading a body from connection
    at async Object.pull (ext:deno_web/06_streams.js:963:27) {
  name: "Http"
}
[serve-worker-3 ] Http: error reading a body from connection
    at async Object.pull (ext:deno_web/06_streams.js:963:27) {
  name: "Http"
}
[serve-worker-48] Http: error reading a body from connection
    at async Object.pull (ext:deno_web/06_streams.js:963:27) {
  name: "Http"
}
[serve-worker-3 ] Http: error reading a body from connection
    at async Object.pull (ext:deno_web/06_streams.js:963:27) {
  name: "Http"
}
[serve-worker-56] Http: error reading a body from connection
    at async Object.pull (ext:deno_web/06_streams.js:963:27) {
  name: "Http"
}
[serve-worker-7 ] Http: error reading a body from connection
    at async Object.pull (ext:deno_web/06_streams.js:963:27) {
  name: "Http"
}
[serve-worker-7 ] Http: error reading a body from connection
    at async Object.pull (ext:deno_web/06_streams.js:963:27) {
  name: "Http"
}
[serve-worker-7 ] Http: error reading a body from connection
    at async Object.pull (ext:deno_web/06_streams.js:963:27) {
  name: "Http"
}
[serve-worker-7 ] Http: error reading a body from connection
    at async Object.pull (ext:deno_web/06_streams.js:963:27) {
  name: "Http"
}
[serve-worker-18] Http: error reading a body from connection
    at async Object.pull (ext:deno_web/06_streams.js:963:27) {
  name: "Http"
}
[serve-worker-7 ] Http: error reading a body from connection
    at async Object.pull (ext:deno_web/06_streams.js:963:27) {
  name: "Http"
}
[serve-worker-62] Http: error reading a body from connection
    at async Object.pull (ext:deno_web/06_streams.js:963:27) {
  name: "Http"
}
[serve-worker-7 ] Http: error reading a body from connection
    at async Object.pull (ext:deno_web/06_streams.js:963:27) {
  name: "Http"
}
[serve-worker-46] Http: error reading a body from connection
    at async Object.pull (ext:deno_web/06_streams.js:963:27) {
  name: "Http"
}
[serve-worker-40] Http: error reading a body from connection
    at async Object.pull (ext:deno_web/06_streams.js:963:27) {
  name: "Http"
}
[serve-worker-36] Http: error reading a body from connection
    at async Object.pull (ext:deno_web/06_streams.js:963:27) {
  name: "Http"
}
[serve-worker-23] Http: error reading a body from connection
    at async Object.pull (ext:deno_web/06_streams.js:963:27) {
  name: "Http"
}
[serve-worker-23] Http: error reading a body from connection
    at async Object.pull (ext:deno_web/06_streams.js:963:27) {
  name: "Http"
}
[serve-worker-45] Http: error reading a body from connection
    at async Object.pull (ext:deno_web/06_streams.js:963:27) {
  name: "Http"
}
[serve-worker-9 ] Http: error reading a body from connection
    at async Object.pull (ext:deno_web/06_streams.js:963:27) {
  name: "Http"
}
[serve-worker-14] Http: error reading a body from connection
    at async Object.pull (ext:deno_web/06_streams.js:963:27) {
  name: "Http"
}
[serve-worker-24] Http: error reading a body from connection
    at async Object.pull (ext:deno_web/06_streams.js:963:27) {
  name: "Http"
}
[serve-worker-23] Http: error reading a body from connection
    at async Object.pull (ext:deno_web/06_streams.js:963:27) {
  name: "Http"
}
[serve-worker-56] Http: error reading a body from connection
    at async Object.pull (ext:deno_web/06_streams.js:963:27) {
  name: "Http"
}
[serve-worker-23] Http: error reading a body from connection
    at async Object.pull (ext:deno_web/06_streams.js:963:27) {
  name: "Http"
}
[serve-worker-54] Http: error reading a body from connection
    at async Object.pull (ext:deno_web/06_streams.js:963:27) {
  name: "Http"
}
[serve-worker-56] Http: error reading a body from connection
    at async Object.pull (ext:deno_web/06_streams.js:963:27) {
  name: "Http"
}
[serve-worker-60] Http: error reading a body from connection
    at async Object.pull (ext:deno_web/06_streams.js:963:27) {
  name: "Http"
}
[serve-worker-56] Http: error reading a body from connection
    at async Object.pull (ext:deno_web/06_streams.js:963:27) {
  name: "Http"
}
[serve-worker-0 ] Http: error reading a body from connection
    at async Object.pull (ext:deno_web/06_streams.js:963:27) {
  name: "Http"
}
[serve-worker-56] Http: error reading a body from connection
    at async Object.pull (ext:deno_web/06_streams.js:963:27) {
  name: "Http"
}
[serve-worker-12] Http: error reading a body from connection
    at async Object.pull (ext:deno_web/06_streams.js:963:27) {
  name: "Http"
}
[serve-worker-56] Http: error reading a body from connection
    at async Object.pull (ext:deno_web/06_streams.js:963:27) {
  name: "Http"
}
[serve-worker-56] Http: error reading a body from connection
    at async Object.pull (ext:deno_web/06_streams.js:963:27) {
  name: "Http"
}
[serve-worker-49] Http: error reading a body from connection
    at async Object.pull (ext:deno_web/06_streams.js:963:27) {
  name: "Http"
}
[serve-worker-34] Http: error reading a body from connection
    at async Object.pull (ext:deno_web/06_streams.js:963:27) {
  name: "Http"
}
[serve-worker-5 ] Http: error reading a body from connection
    at async Object.pull (ext:deno_web/06_streams.js:963:27) {
  name: "Http"
}
[serve-worker-57] Http: error reading a body from connection
    at async Object.pull (ext:deno_web/06_streams.js:963:27) {
  name: "Http"
}
[serve-worker-32] Http: error reading a body from connection
    at async Object.pull (ext:deno_web/06_streams.js:963:27) {
  name: "Http"
}
[serve-worker-34] Http: error reading a body from connection
    at async Object.pull (ext:deno_web/06_streams.js:963:27) {
  name: "Http"
}
[serve-worker-59] Http: error reading a body from connection
    at async Object.pull (ext:deno_web/06_streams.js:963:27) {
  name: "Http"
}
[serve-worker-26] Http: error reading a body from connection
    at async Object.pull (ext:deno_web/06_streams.js:963:27) {
  name: "Http"
}
[serve-worker-34] Http: error reading a body from connection
    at async Object.pull (ext:deno_web/06_streams.js:963:27) {
  name: "Http"
}
[serve-worker-24] Http: error reading a body from connection
    at async Object.pull (ext:deno_web/06_streams.js:963:27) {
  name: "Http"
}
[serve-worker-37] Http: error reading a body from connection
    at async Object.pull (ext:deno_web/06_streams.js:963:27) {
  name: "Http"
}
[serve-worker-17] Http: error reading a body from connection
    at async Object.pull (ext:deno_web/06_streams.js:963:27) {
  name: "Http"
}
[serve-worker-24] Http: error reading a body from connection
    at async Object.pull (ext:deno_web/06_streams.js:963:27) {
  name: "Http"
}
[serve-worker-61] Http: error reading a body from connection
    at async Object.pull (ext:deno_web/06_streams.js:963:27) {
  name: "Http"
}
[serve-worker-16] Http: error reading a body from connection
    at async Object.pull (ext:deno_web/06_streams.js:963:27) {
  name: "Http"
}
[serve-worker-59] Http: error reading a body from connection
    at async Object.pull (ext:deno_web/06_streams.js:963:27) {
  name: "Http"
}
[serve-worker-29] Http: error reading a body from connection
    at async Object.pull (ext:deno_web/06_streams.js:963:27) {
  name: "Http"
}
[serve-worker-29] Http: error reading a body from connection
    at async Object.pull (ext:deno_web/06_streams.js:963:27) {
  name: "Http"
}
[serve-worker-7 ] Http: error reading a body from connection
    at async Object.pull (ext:deno_web/06_streams.js:963:27) {
  name: "Http"
}
[serve-worker-13] Http: error reading a body from connection
    at async Object.pull (ext:deno_web/06_streams.js:963:27) {
  name: "Http"
}
[serve-worker-7 ] Http: error reading a body from connection
    at async Object.pull (ext:deno_web/06_streams.js:963:27) {
  name: "Http"
}
[serve-worker-53] Http: error reading a body from connection
    at async Object.pull (ext:deno_web/06_streams.js:963:27) {
  name: "Http"
}
[serve-worker-47] Http: error reading a body from connection
    at async Object.pull (ext:deno_web/06_streams.js:963:27) {
  name: "Http"
}
[serve-worker-27] Http: error reading a body from connection
    at async Object.pull (ext:deno_web/06_streams.js:963:27) {
  name: "Http"
}
[serve-worker-28] Http: error reading a body from connection
    at async Object.pull (ext:deno_web/06_streams.js:963:27) {
  name: "Http"
}
[serve-worker-27] Http: error reading a body from connection
    at async Object.pull (ext:deno_web/06_streams.js:963:27) {
  name: "Http"
}
[serve-worker-30] Http: error reading a body from connection
    at async Object.pull (ext:deno_web/06_streams.js:963:27) {
  name: "Http"
}
[serve-worker-30] Http: error reading a body from connection
    at async Object.pull (ext:deno_web/06_streams.js:963:27) {
  name: "Http"
}
[serve-worker-30] Http: error reading a body from connection
    at async Object.pull (ext:deno_web/06_streams.js:963:27) {
  name: "Http"
}
[serve-worker-4 ] Http: error reading a body from connection
    at async Object.pull (ext:deno_web/06_streams.js:963:27) {
  name: "Http"
}
[serve-worker-6 ] Http: error reading a body from connection
    at async Object.pull (ext:deno_web/06_streams.js:963:27) {
  name: "Http"
}
[serve-worker-20] Http: error reading a body from connection
    at async Object.pull (ext:deno_web/06_streams.js:963:27) {
  name: "Http"
}
[serve-worker-15] Http: error reading a body from connection
    at async Object.pull (ext:deno_web/06_streams.js:963:27) {
  name: "Http"
}
[serve-worker-63] Http: error reading a body from connection
    at async Object.pull (ext:deno_web/06_streams.js:963:27) {
  name: "Http"
}
[serve-worker-46] Http: error reading a body from connection
    at async Object.pull (ext:deno_web/06_streams.js:963:27) {
  name: "Http"
}
[serve-worker-46] Http: error reading a body from connection
    at async Object.pull (ext:deno_web/06_streams.js:963:27) {
  name: "Http"
}
[serve-worker-46] Http: error reading a body from connection
    at async Object.pull (ext:deno_web/06_streams.js:963:27) {
  name: "Http"
}
[serve-worker-46] Http: error reading a body from connection
    at async Object.pull (ext:deno_web/06_streams.js:963:27) {
  name: "Http"
}
[serve-worker-44] Http: error reading a body from connection
    at async Object.pull (ext:deno_web/06_streams.js:963:27) {
  name: "Http"
}
[serve-worker-44] Http: error reading a body from connection
    at async Object.pull (ext:deno_web/06_streams.js:963:27) {
  name: "Http"
}
[serve-worker-44] Http: error reading a body from connection
    at async Object.pull (ext:deno_web/06_streams.js:963:27) {
  name: "Http"
}
[serve-worker-26] Http: error reading a body from connection
    at async Object.pull (ext:deno_web/06_streams.js:963:27) {
  name: "Http"
}
[serve-worker-26] Http: error reading a body from connection
    at async Object.pull (ext:deno_web/06_streams.js:963:27) {
  name: "Http"
}
[serve-worker-26] Http: error reading a body from connection
    at async Object.pull (ext:deno_web/06_streams.js:963:27) {
  name: "Http"
}
[serve-worker-26] Http: error reading a body from connection
    at async Object.pull (ext:deno_web/06_streams.js:963:27) {
  name: "Http"
}
[serve-worker-2 ] Http: error reading a body from connection
    at async Object.pull (ext:deno_web/06_streams.js:963:27) {
  name: "Http"
}
[serve-worker-26] Http: error reading a body from connection
    at async Object.pull (ext:deno_web/06_streams.js:963:27) {
  name: "Http"
}
[serve-worker-2 ] Http: error reading a body from connection
    at async Object.pull (ext:deno_web/06_streams.js:963:27) {
  name: "Http"
}
[serve-worker-26] Http: error reading a body from connection
    at async Object.pull (ext:deno_web/06_streams.js:963:27) {
  name: "Http"
}
[serve-worker-2 ] Http: error reading a body from connection
    at async Object.pull (ext:deno_web/06_streams.js:963:27) {
  name: "Http"
}
[serve-worker-26] Http: error reading a body from connection
    at async Object.pull (ext:deno_web/06_streams.js:963:27) {
  name: "Http"
}
[serve-worker-26] Http: error reading a body from connection
    at async Object.pull (ext:deno_web/06_streams.js:963:27) {
  name: "Http"
}
[serve-worker-42] Http: error reading a body from connection
    at async Object.pull (ext:deno_web/06_streams.js:963:27) {
  name: "Http"
}
[serve-worker-10] Http: error reading a body from connection
    at async Object.pull (ext:deno_web/06_streams.js:963:27) {
  name: "Http"
}
[serve-worker-42] Http: error reading a body from connection
    at async Object.pull (ext:deno_web/06_streams.js:963:27) {
  name: "Http"
}
[serve-worker-10] Http: error reading a body from connection
    at async Object.pull (ext:deno_web/06_streams.js:963:27) {
  name: "Http"
}
[serve-worker-10] Http: error reading a body from connection
    at async Object.pull (ext:deno_web/06_streams.js:963:27) {
  name: "Http"
}
[serve-worker-42] Http: error reading a body from connection
    at async Object.pull (ext:deno_web/06_streams.js:963:27) {
  name: "Http"
}
[serve-worker-10] Http: error reading a body from connection
    at async Object.pull (ext:deno_web/06_streams.js:963:27) {
  name: "Http"
}
[serve-worker-42] Http: error reading a body from connection
    at async Object.pull (ext:deno_web/06_streams.js:963:27) {
  name: "Http"
}
[serve-worker-55] Http: error reading a body from connection
    at async Object.pull (ext:deno_web/06_streams.js:963:27) {
  name: "Http"
}
[serve-worker-42] Http: error reading a body from connection
    at async Object.pull (ext:deno_web/06_streams.js:963:27) {
  name: "Http"
}
[serve-worker-42] Http: error reading a body from connection
    at async Object.pull (ext:deno_web/06_streams.js:963:27) {
  name: "Http"
}
[serve-worker-55] Http: error reading a body from connection
    at async Object.pull (ext:deno_web/06_streams.js:963:27) {
  name: "Http"
}
[serve-worker-55] Http: error reading a body from connection
    at async Object.pull (ext:deno_web/06_streams.js:963:27) {
  name: "Http"
}
[serve-worker-60] Http: error reading a body from connection
    at async Object.pull (ext:deno_web/06_streams.js:963:27) {
  name: "Http"
}
[serve-worker-55] Http: error reading a body from connection
    at async Object.pull (ext:deno_web/06_streams.js:963:27) {
  name: "Http"
}
[serve-worker-4 ] Http: error reading a body from connection
    at async Object.pull (ext:deno_web/06_streams.js:963:27) {
  name: "Http"
}
[serve-worker-55] Http: error reading a body from connection
    at async Object.pull (ext:deno_web/06_streams.js:963:27) {
  name: "Http"
}
[serve-worker-60] Http: error reading a body from connection
    at async Object.pull (ext:deno_web/06_streams.js:963:27) {
  name: "Http"
}
[serve-worker-55] Http: error reading a body from connection
    at async Object.pull (ext:deno_web/06_streams.js:963:27) {
  name: "Http"
}
[serve-worker-10] Http: error reading a body from connection
    at async Object.pull (ext:deno_web/06_streams.js:963:27) {
  name: "Http"
}
[serve-worker-60] Http: error reading a body from connection
    at async Object.pull (ext:deno_web/06_streams.js:963:27) {
  name: "Http"
}
[serve-worker-4 ] Http: error reading a body from connection
    at async Object.pull (ext:deno_web/06_streams.js:963:27) {
  name: "Http"
}
[serve-worker-0 ] Http: error reading a body from connection
    at async Object.pull (ext:deno_web/06_streams.js:963:27) {
  name: "Http"
}
[serve-worker-8 ] Http: error reading a body from connection
    at async Object.pull (ext:deno_web/06_streams.js:963:27) {
  name: "Http"
}
[serve-worker-4 ] Http: error reading a body from connection
    at async Object.pull (ext:deno_web/06_streams.js:963:27) {
  name: "Http"
}
[serve-worker-60] Http: error reading a body from connection
    at async Object.pull (ext:deno_web/06_streams.js:963:27) {
  name: "Http"
}
[serve-worker-0 ] Http: error reading a body from connection
    at async Object.pull (ext:deno_web/06_streams.js:963:27) {
  name: "Http"
}
[serve-worker-0 ] Http: error reading a body from connection
    at async Object.pull (ext:deno_web/06_streams.js:963:27) {
  name: "Http"
}
[serve-worker-8 ] Http: error reading a body from connection
    at async Object.pull (ext:deno_web/06_streams.js:963:27) {
  name: "Http"
}
[serve-worker-4 ] Http: error reading a body from connection
    at async Object.pull (ext:deno_web/06_streams.js:963:27) {
  name: "Http"
}
[serve-worker-8 ] Http: error reading a body from connection
    at async Object.pull (ext:deno_web/06_streams.js:963:27) {
  name: "Http"
}
[serve-worker-6 ] Http: error reading a body from connection
    at async Object.pull (ext:deno_web/06_streams.js:963:27) {
  name: "Http"
}
[serve-worker-60] Http: error reading a body from connection
    at async Object.pull (ext:deno_web/06_streams.js:963:27) {
  name: "Http"
}
[serve-worker-39] Http: error reading a body from connection
    at async Object.pull (ext:deno_web/06_streams.js:963:27) {
  name: "Http"
}
[serve-worker-6 ] Http: error reading a body from connection
    at async Object.pull (ext:deno_web/06_streams.js:963:27) {
  name: "Http"
}
[serve-worker-11] Http: error reading a body from connection
    at async Object.pull (ext:deno_web/06_streams.js:963:27) {
  name: "Http"
}
[serve-worker-39] Http: error reading a body from connection
    at async Object.pull (ext:deno_web/06_streams.js:963:27) {
  name: "Http"
}
[serve-worker-6 ] Http: error reading a body from connection
    at async Object.pull (ext:deno_web/06_streams.js:963:27) {
  name: "Http"
}
[serve-worker-20] Http: error reading a body from connection
    at async Object.pull (ext:deno_web/06_streams.js:963:27) {
  name: "Http"
}
[serve-worker-8 ] Http: error reading a body from connection
    at async Object.pull (ext:deno_web/06_streams.js:963:27) {
  name: "Http"
}
[serve-worker-6 ] Http: error reading a body from connection
    at async Object.pull (ext:deno_web/06_streams.js:963:27) {
  name: "Http"
}
[serve-worker-20] Http: error reading a body from connection
    at async Object.pull (ext:deno_web/06_streams.js:963:27) {
  name: "Http"
}
[serve-worker-20] Http: error reading a body from connection
    at async Object.pull (ext:deno_web/06_streams.js:963:27) {
  name: "Http"
}
[serve-worker-11] Http: error reading a body from connection
    at async Object.pull (ext:deno_web/06_streams.js:963:27) {
  name: "Http"
}
[serve-worker-11] Http: error reading a body from connection
    at async Object.pull (ext:deno_web/06_streams.js:963:27) {
  name: "Http"
}
[serve-worker-25] Http: error reading a body from connection
    at async Object.pull (ext:deno_web/06_streams.js:963:27) {
  name: "Http"
}
[serve-worker-25] Http: error reading a body from connection
    at async Object.pull (ext:deno_web/06_streams.js:963:27) {
  name: "Http"
}
[serve-worker-25] Http: error reading a body from connection
    at async Object.pull (ext:deno_web/06_streams.js:963:27) {
  name: "Http"
}
[serve-worker-25] Http: error reading a body from connection
    at async Object.pull (ext:deno_web/06_streams.js:963:27) {
  name: "Http"
}
[serve-worker-32] Http: error reading a body from connection
    at async Object.pull (ext:deno_web/06_streams.js:963:27) {
  name: "Http"
}
[serve-worker-32] Http: error reading a body from connection
    at async Object.pull (ext:deno_web/06_streams.js:963:27) {
  name: "Http"
}
[serve-worker-12] Http: error reading a body from connection
    at async Object.pull (ext:deno_web/06_streams.js:963:27) {
  name: "Http"
}
[serve-worker-18] Http: error reading a body from connection
    at async Object.pull (ext:deno_web/06_streams.js:963:27) {
  name: "Http"
}
[serve-worker-32] Http: error reading a body from connection
    at async Object.pull (ext:deno_web/06_streams.js:963:27) {
  name: "Http"
}
[serve-worker-19] Http: error reading a body from connection
    at async Object.pull (ext:deno_web/06_streams.js:963:27) {
  name: "Http"
}
[serve-worker-12] Http: error reading a body from connection
    at async Object.pull (ext:deno_web/06_streams.js:963:27) {
  name: "Http"
}
[serve-worker-18] Http: error reading a body from connection
    at async Object.pull (ext:deno_web/06_streams.js:963:27) {
  name: "Http"
}
[serve-worker-32] Http: error reading a body from connection
    at async Object.pull (ext:deno_web/06_streams.js:963:27) {
  name: "Http"
}
[serve-worker-18] Http: error reading a body from connection
    at async Object.pull (ext:deno_web/06_streams.js:963:27) {
  name: "Http"
}
[serve-worker-19] Http: error reading a body from connection
    at async Object.pull (ext:deno_web/06_streams.js:963:27) {
  name: "Http"
}
[serve-worker-18] Http: error reading a body from connection
    at async Object.pull (ext:deno_web/06_streams.js:963:27) {
  name: "Http"
}
[serve-worker-22] Http: error reading a body from connection
    at async Object.pull (ext:deno_web/06_streams.js:963:27) {
  name: "Http"
}
[serve-worker-31] Http: error reading a body from connection
    at async Object.pull (ext:deno_web/06_streams.js:963:27) {
  name: "Http"
}
[serve-worker-31] Http: error reading a body from connection
    at async Object.pull (ext:deno_web/06_streams.js:963:27) {
  name: "Http"
}
[serve-worker-31] Http: error reading a body from connection
    at async Object.pull (ext:deno_web/06_streams.js:963:27) {
  name: "Http"
}
[serve-worker-31] Http: error reading a body from connection
    at async Object.pull (ext:deno_web/06_streams.js:963:27) {
  name: "Http"
}
[serve-worker-52] Http: error reading a body from connection
    at async Object.pull (ext:deno_web/06_streams.js:963:27) {
  name: "Http"
}
[serve-worker-14] Http: error reading a body from connection
    at async Object.pull (ext:deno_web/06_streams.js:963:27) {
  name: "Http"
}
[serve-worker-12] Http: error reading a body from connection
    at async Object.pull (ext:deno_web/06_streams.js:963:27) {
  name: "Http"
}
[serve-worker-35] Http: error reading a body from connection
    at async Object.pull (ext:deno_web/06_streams.js:963:27) {
  name: "Http"
}
[serve-worker-40] Http: error reading a body from connection
    at async Object.pull (ext:deno_web/06_streams.js:963:27) {
  name: "Http"
}
[serve-worker-1 ] Http: error reading a body from connection
    at async Object.pull (ext:deno_web/06_streams.js:963:27) {
  name: "Http"
}
[serve-worker-16] Http: error reading a body from connection
    at async Object.pull (ext:deno_web/06_streams.js:963:27) {
  name: "Http"
}
[serve-worker-27] Http: error reading a body from connection
    at async Object.pull (ext:deno_web/06_streams.js:963:27) {
  name: "Http"
}
[serve-worker-13] Http: error reading a body from connection
    at async Object.pull (ext:deno_web/06_streams.js:963:27) {
  name: "Http"
}
[serve-worker-13] Http: error reading a body from connection
    at async Object.pull (ext:deno_web/06_streams.js:963:27) {
  name: "Http"
}
[serve-worker-13] Http: error reading a body from connection
    at async Object.pull (ext:deno_web/06_streams.js:963:27) {
  name: "Http"
}
[serve-worker-13] Http: error reading a body from connection
    at async Object.pull (ext:deno_web/06_streams.js:963:27) {
  name: "Http"
}
[serve-worker-30] Http: error reading a body from connection
    at async Object.pull (ext:deno_web/06_streams.js:963:27) {
  name: "Http"
}
[serve-worker-45] Http: error reading a body from connection
    at async Object.pull (ext:deno_web/06_streams.js:963:27) {
  name: "Http"
}
[serve-worker-34] Http: error reading a body from connection
    at async Object.pull (ext:deno_web/06_streams.js:963:27) {
  name: "Http"
}
[serve-worker-45] Http: error reading a body from connection
    at async Object.pull (ext:deno_web/06_streams.js:963:27) {
  name: "Http"
}
[serve-worker-47] Http: error reading a body from connection
    at async Object.pull (ext:deno_web/06_streams.js:963:27) {
  name: "Http"
}
[serve-worker-47] Http: error reading a body from connection
    at async Object.pull (ext:deno_web/06_streams.js:963:27) {
  name: "Http"
}
[serve-worker-47] Http: error reading a body from connection
    at async Object.pull (ext:deno_web/06_streams.js:963:27) {
  name: "Http"
}
[serve-worker-47] Http: error reading a body from connection
    at async Object.pull (ext:deno_web/06_streams.js:963:27) {
  name: "Http"
}
[serve-worker-12] Http: error reading a body from connection
    at async Object.pull (ext:deno_web/06_streams.js:963:27) {
  name: "Http"
}
[serve-worker-9 ] Http: error reading a body from connection
    at async Object.pull (ext:deno_web/06_streams.js:963:27) {
  name: "Http"
}
[serve-worker-36] Http: error reading a body from connection
    at async Object.pull (ext:deno_web/06_streams.js:963:27) {
  name: "Http"
}
[serve-worker-38] Http: error reading a body from connection
    at async Object.pull (ext:deno_web/06_streams.js:963:27) {
  name: "Http"
}
[serve-worker-11] Http: error reading a body from connection
    at async Object.pull (ext:deno_web/06_streams.js:963:27) {
  name: "Http"
}
[serve-worker-36] Http: error reading a body from connection
    at async Object.pull (ext:deno_web/06_streams.js:963:27) {
  name: "Http"
}
[serve-worker-1 ] Http: error reading a body from connection
    at async Object.pull (ext:deno_web/06_streams.js:963:27) {
  name: "Http"
}
[serve-worker-12] Http: error reading a body from connection
    at async Object.pull (ext:deno_web/06_streams.js:963:27) {
  name: "Http"
}
[serve-worker-52] Http: error reading a body from connection
    at async Object.pull (ext:deno_web/06_streams.js:963:27) {
  name: "Http"
}
[serve-worker-13] Http: error reading a body from connection
    at async Object.pull (ext:deno_web/06_streams.js:963:27) {
  name: "Http"
}
[serve-worker-55] Http: error reading a body from connection
    at async Object.pull (ext:deno_web/06_streams.js:963:27) {
  name: "Http"
}
[serve-worker-40] Http: error reading a body from connection
    at async Object.pull (ext:deno_web/06_streams.js:963:27) {
  name: "Http"
}
[serve-worker-12] Http: error reading a body from connection
    at async Object.pull (ext:deno_web/06_streams.js:963:27) {
  name: "Http"
}
[serve-worker-7 ] Http: error reading a body from connection
    at async Object.pull (ext:deno_web/06_streams.js:963:27) {
  name: "Http"
}
[serve-worker-47] Http: error reading a body from connection
    at async Object.pull (ext:deno_web/06_streams.js:963:27) {
  name: "Http"
}
[serve-worker-33] Http: error reading a body from connection
    at async Object.pull (ext:deno_web/06_streams.js:963:27) {
  name: "Http"
}
[serve-worker-31] Http: error reading a body from connection
    at async Object.pull (ext:deno_web/06_streams.js:963:27) {
  name: "Http"
}
[serve-worker-60] Http: error reading a body from connection
    at async Object.pull (ext:deno_web/06_streams.js:963:27) {
  name: "Http"
}
[serve-worker-25] Http: error reading a body from connection
    at async Object.pull (ext:deno_web/06_streams.js:963:27) {
  name: "Http"
}
[serve-worker-40] Http: error reading a body from connection
    at async Object.pull (ext:deno_web/06_streams.js:963:27) {
  name: "Http"
}
[serve-worker-32] Http: error reading a body from connection
    at async Object.pull (ext:deno_web/06_streams.js:963:27) {
  name: "Http"
}
[serve-worker-13] Http: error reading a body from connection
    at async Object.pull (ext:deno_web/06_streams.js:963:27) {
  name: "Http"
}
[serve-worker-40] Http: error reading a body from connection
    at async Object.pull (ext:deno_web/06_streams.js:963:27) {
  name: "Http"
}
[serve-worker-60] Http: error reading a body from connection
    at async Object.pull (ext:deno_web/06_streams.js:963:27) {
  name: "Http"
}
[serve-worker-54] Http: error reading a body from connection
    at async Object.pull (ext:deno_web/06_streams.js:963:27) {
  name: "Http"
}
[serve-worker-50] Http: error reading a body from connection
    at async Object.pull (ext:deno_web/06_streams.js:963:27) {
  name: "Http"
}
[serve-worker-12] Http: error reading a body from connection
    at async Object.pull (ext:deno_web/06_streams.js:963:27) {
  name: "Http"
}
[serve-worker-26] Http: error reading a body from connection
    at async Object.pull (ext:deno_web/06_streams.js:963:27) {
  name: "Http"
}
[serve-worker-7 ] Http: error reading a body from connection
    at async Object.pull (ext:deno_web/06_streams.js:963:27) {
  name: "Http"
}
[serve-worker-47] Http: error reading a body from connection
    at async Object.pull (ext:deno_web/06_streams.js:963:27) {
  name: "Http"
}
[serve-worker-31] Http: error reading a body from connection
    at async Object.pull (ext:deno_web/06_streams.js:963:27) {
  name: "Http"
}
[serve-worker-13] Http: error reading a body from connection
    at async Object.pull (ext:deno_web/06_streams.js:963:27) {
  name: "Http"
}
[serve-worker-47] Http: error reading a body from connection
    at async Object.pull (ext:deno_web/06_streams.js:963:27) {
  name: "Http"
}
[serve-worker-60] Http: error reading a body from connection
    at async Object.pull (ext:deno_web/06_streams.js:963:27) {
  name: "Http"
}
[serve-worker-26] Http: error reading a body from connection
    at async Object.pull (ext:deno_web/06_streams.js:963:27) {
  name: "Http"
}
[serve-worker-47] Http: error reading a body from connection
    at async Object.pull (ext:deno_web/06_streams.js:963:27) {
  name: "Http"
}
[serve-worker-48] Http: error reading a body from connection
    at async Object.pull (ext:deno_web/06_streams.js:963:27) {
  name: "Http"
}
[serve-worker-26] Http: error reading a body from connection
    at async Object.pull (ext:deno_web/06_streams.js:963:27) {
  name: "Http"
}
[serve-worker-26] Http: error reading a body from connection
    at async Object.pull (ext:deno_web/06_streams.js:963:27) {
  name: "Http"
}
[serve-worker-47] Http: error reading a body from connection
    at async Object.pull (ext:deno_web/06_streams.js:963:27) {
  name: "Http"
}
[serve-worker-10] Http: error reading a body from connection
    at async Object.pull (ext:deno_web/06_streams.js:963:27) {
  name: "Http"
}
[serve-worker-36] Http: error reading a body from connection
    at async Object.pull (ext:deno_web/06_streams.js:963:27) {
  name: "Http"
}
[serve-worker-3 ] Http: error reading a body from connection
    at async Object.pull (ext:deno_web/06_streams.js:963:27) {
  name: "Http"
}
[serve-worker-54] Http: error reading a body from connection
    at async Object.pull (ext:deno_web/06_streams.js:963:27) {
  name: "Http"
}
[serve-worker-8 ] Http: error reading a body from connection
    at async Object.pull (ext:deno_web/06_streams.js:963:27) {
  name: "Http"
}
[serve-worker-11] Http: error reading a body from connection
    at async Object.pull (ext:deno_web/06_streams.js:963:27) {
  name: "Http"
}
[serve-worker-60] Http: error reading a body from connection
    at async Object.pull (ext:deno_web/06_streams.js:963:27) {
  name: "Http"
}
[serve-worker-36] Http: error reading a body from connection
    at async Object.pull (ext:deno_web/06_streams.js:963:27) {
  name: "Http"
}
[serve-worker-3 ] Http: error reading a body from connection
    at async Object.pull (ext:deno_web/06_streams.js:963:27) {
  name: "Http"
}
[serve-worker-31] Http: error reading a body from connection
    at async Object.pull (ext:deno_web/06_streams.js:963:27) {
  name: "Http"
}
[serve-worker-54] Http: error reading a body from connection
    at async Object.pull (ext:deno_web/06_streams.js:963:27) {
  name: "Http"
}
[serve-worker-55] Http: error reading a body from connection
    at async Object.pull (ext:deno_web/06_streams.js:963:27) {
  name: "Http"
}
[serve-worker-42] Http: error reading a body from connection
    at async Object.pull (ext:deno_web/06_streams.js:963:27) {
  name: "Http"
}
[serve-worker-50] Http: error reading a body from connection
    at async Object.pull (ext:deno_web/06_streams.js:963:27) {
  name: "Http"
}
[serve-worker-55] Http: error reading a body from connection
    at async Object.pull (ext:deno_web/06_streams.js:963:27) {
  name: "Http"
}
[serve-worker-45] Http: error reading a body from connection
    at async Object.pull (ext:deno_web/06_streams.js:963:27) {
  name: "Http"
}
[serve-worker-61] Http: error reading a body from connection
    at async Object.pull (ext:deno_web/06_streams.js:963:27) {
  name: "Http"
}
[serve-worker-20] Http: error reading a body from connection
    at async Object.pull (ext:deno_web/06_streams.js:963:27) {
  name: "Http"
}
[serve-worker-50] Http: error reading a body from connection
    at async Object.pull (ext:deno_web/06_streams.js:963:27) {
  name: "Http"
}
[serve-worker-24] Http: error reading a body from connection
    at async Object.pull (ext:deno_web/06_streams.js:963:27) {
  name: "Http"
}
[serve-worker-23] Http: error reading a body from connection
    at async Object.pull (ext:deno_web/06_streams.js:963:27) {
  name: "Http"
}
[serve-worker-25] Http: error reading a body from connection
    at async Object.pull (ext:deno_web/06_streams.js:963:27) {
  name: "Http"
}
[serve-worker-18] Http: error reading a body from connection
    at async Object.pull (ext:deno_web/06_streams.js:963:27) {
  name: "Http"
}
[serve-worker-12] Http: error reading a body from connection
    at async Object.pull (ext:deno_web/06_streams.js:963:27) {
  name: "Http"
}
[serve-worker-55] Http: error reading a body from connection
    at async Object.pull (ext:deno_web/06_streams.js:963:27) {
  name: "Http"
}
[serve-worker-27] Http: error reading a body from connection
    at async Object.pull (ext:deno_web/06_streams.js:963:27) {
  name: "Http"
}
[serve-worker-29] Http: error reading a body from connection
    at async Object.pull (ext:deno_web/06_streams.js:963:27) {
  name: "Http"
}
[serve-worker-22] Http: error reading a body from connection
    at async Object.pull (ext:deno_web/06_streams.js:963:27) {
  name: "Http"
}
[serve-worker-25] Http: error reading a body from connection
    at async Object.pull (ext:deno_web/06_streams.js:963:27) {
  name: "Http"
}
[serve-worker-59] Http: error reading a body from connection
    at async Object.pull (ext:deno_web/06_streams.js:963:27) {
  name: "Http"
}
[serve-worker-2 ] Http: error reading a body from connection
    at async Object.pull (ext:deno_web/06_streams.js:963:27) {
  name: "Http"
}
[serve-worker-30] Http: error reading a body from connection
    at async Object.pull (ext:deno_web/06_streams.js:963:27) {
  name: "Http"
}
[serve-worker-25] Http: error reading a body from connection
    at async Object.pull (ext:deno_web/06_streams.js:963:27) {
  name: "Http"
}
[serve-worker-25] Http: error reading a body from connection
    at async Object.pull (ext:deno_web/06_streams.js:963:27) {
  name: "Http"
}
[serve-worker-34] Http: error reading a body from connection
    at async Object.pull (ext:deno_web/06_streams.js:963:27) {
  name: "Http"
}
[serve-worker-25] Http: error reading a body from connection
    at async Object.pull (ext:deno_web/06_streams.js:963:27) {
  name: "Http"
}
[serve-worker-46] Http: error reading a body from connection
    at async Object.pull (ext:deno_web/06_streams.js:963:27) {
  name: "Http"
}
[serve-worker-17] Http: error reading a body from connection
    at async Object.pull (ext:deno_web/06_streams.js:963:27) {
  name: "Http"
}
[serve-worker-25] Http: error reading a body from connection
    at async Object.pull (ext:deno_web/06_streams.js:963:27) {
  name: "Http"
}
[serve-worker-43] Http: error reading a body from connection
    at async Object.pull (ext:deno_web/06_streams.js:963:27) {
  name: "Http"
}
[serve-worker-20] Http: error reading a body from connection
    at async Object.pull (ext:deno_web/06_streams.js:963:27) {
  name: "Http"
}
[serve-worker-51] Http: error reading a body from connection
    at async Object.pull (ext:deno_web/06_streams.js:963:27) {
  name: "Http"
}
[serve-worker-19] Http: error reading a body from connection
    at async Object.pull (ext:deno_web/06_streams.js:963:27) {
  name: "Http"
}
[serve-worker-22] Http: error reading a body from connection
    at async Object.pull (ext:deno_web/06_streams.js:963:27) {
  name: "Http"
}
[serve-worker-18] Http: error reading a body from connection
    at async Object.pull (ext:deno_web/06_streams.js:963:27) {
  name: "Http"
}
[serve-worker-22] Http: error reading a body from connection
    at async Object.pull (ext:deno_web/06_streams.js:963:27) {
  name: "Http"
}
[serve-worker-18] Http: error reading a body from connection
    at async Object.pull (ext:deno_web/06_streams.js:963:27) {
  name: "Http"
}
[serve-worker-16] Http: error reading a body from connection
    at async Object.pull (ext:deno_web/06_streams.js:963:27) {
  name: "Http"
}
[serve-worker-35] Http: error reading a body from connection
    at async Object.pull (ext:deno_web/06_streams.js:963:27) {
  name: "Http"
}
[serve-worker-13] Http: error reading a body from connection
    at async Object.pull (ext:deno_web/06_streams.js:963:27) {
  name: "Http"
}
[serve-worker-53] Http: error reading a body from connection
    at async Object.pull (ext:deno_web/06_streams.js:963:27) {
  name: "Http"
}
[serve-worker-37] Http: error reading a body from connection
    at async Object.pull (ext:deno_web/06_streams.js:963:27) {
  name: "Http"
}
[serve-worker-42] Http: error reading a body from connection
    at async Object.pull (ext:deno_web/06_streams.js:963:27) {
  name: "Http"
}
[serve-worker-44] Http: error reading a body from connection
    at async Object.pull (ext:deno_web/06_streams.js:963:27) {
  name: "Http"
}
[serve-worker-41] Http: error reading a body from connection
    at async Object.pull (ext:deno_web/06_streams.js:963:27) {
  name: "Http"
}
[serve-worker-6 ] Http: error reading a body from connection
    at async Object.pull (ext:deno_web/06_streams.js:963:27) {
  name: "Http"
}
[serve-worker-53] Http: error reading a body from connection
    at async Object.pull (ext:deno_web/06_streams.js:963:27) {
  name: "Http"
}
[serve-worker-4 ] Http: error reading a body from connection
    at async Object.pull (ext:deno_web/06_streams.js:963:27) {
  name: "Http"
}
[serve-worker-21] Http: error reading a body from connection
    at async Object.pull (ext:deno_web/06_streams.js:963:27) {
  name: "Http"
}
[serve-worker-42] Http: error reading a body from connection
    at async Object.pull (ext:deno_web/06_streams.js:963:27) {
  name: "Http"
}
[serve-worker-59] Http: error reading a body from connection
    at async Object.pull (ext:deno_web/06_streams.js:963:27) {
  name: "Http"
}
[serve-worker-59] Http: error reading a body from connection
    at async Object.pull (ext:deno_web/06_streams.js:963:27) {
  name: "Http"
}
[serve-worker-59] Http: error reading a body from connection
    at async Object.pull (ext:deno_web/06_streams.js:963:27) {
  name: "Http"
}
[serve-worker-5 ] Http: error reading a body from connection
    at async Object.pull (ext:deno_web/06_streams.js:963:27) {
  name: "Http"
}
[serve-worker-15] Http: error reading a body from connection
    at async Object.pull (ext:deno_web/06_streams.js:963:27) {
  name: "Http"
}
[serve-worker-4 ] Http: error reading a body from connection
    at async Object.pull (ext:deno_web/06_streams.js:963:27) {
  name: "Http"
}
[serve-worker-4 ] Http: error reading a body from connection
    at async Object.pull (ext:deno_web/06_streams.js:963:27) {
  name: "Http"
}
[serve-worker-62] Http: error reading a body from connection
    at async Object.pull (ext:deno_web/06_streams.js:963:27) {
  name: "Http"
}
[serve-worker-56] Http: error reading a body from connection
    at async Object.pull (ext:deno_web/06_streams.js:963:27) {
  name: "Http"
}
[serve-worker-49] Http: error reading a body from connection
    at async Object.pull (ext:deno_web/06_streams.js:963:27) {
  name: "Http"
}
[serve-worker-63] Http: error reading a body from connection
    at async Object.pull (ext:deno_web/06_streams.js:963:27) {
  name: "Http"
}
[serve-worker-57] Http: error reading a body from connection
    at async Object.pull (ext:deno_web/06_streams.js:963:27) {
  name: "Http"
}
[serve-worker-14] Http: error reading a body from connection
    at async Object.pull (ext:deno_web/06_streams.js:963:27) {
  name: "Http"
}
[serve-worker-39] Http: error reading a body from connection
    at async Object.pull (ext:deno_web/06_streams.js:963:27) {
  name: "Http"
}
[serve-worker-39] Http: error reading a body from connection
    at async Object.pull (ext:deno_web/06_streams.js:963:27) {
  name: "Http"
}
[serve-worker-39] Http: error reading a body from connection
    at async Object.pull (ext:deno_web/06_streams.js:963:27) {
  name: "Http"
}
[serve-worker-39] Http: error reading a body from connection
    at async Object.pull (ext:deno_web/06_streams.js:963:27) {
  name: "Http"
}
[serve-worker-32] Http: error reading a body from connection
    at async Object.pull (ext:deno_web/06_streams.js:963:27) {
  name: "Http"
}
[serve-worker-6 ] Http: error reading a body from connection
    at async Object.pull (ext:deno_web/06_streams.js:963:27) {
  name: "Http"
}
[serve-worker-6 ] Http: error reading a body from connection
    at async Object.pull (ext:deno_web/06_streams.js:963:27) {
  name: "Http"
}
[serve-worker-32] Http: error reading a body from connection
    at async Object.pull (ext:deno_web/06_streams.js:963:27) {
  name: "Http"
}
[serve-worker-5 ] Http: error reading a body from connection
    at async Object.pull (ext:deno_web/06_streams.js:963:27) {
  name: "Http"
}
[serve-worker-5 ] Http: error reading a body from connection
    at async Object.pull (ext:deno_web/06_streams.js:963:27) {
  name: "Http"
}
[serve-worker-8 ] Http: error reading a body from connection
    at async Object.pull (ext:deno_web/06_streams.js:963:27) {
  name: "Http"
}
[serve-worker-8 ] Http: error reading a body from connection
    at async Object.pull (ext:deno_web/06_streams.js:963:27) {
  name: "Http"
}
[serve-worker-8 ] Http: error reading a body from connection
    at async Object.pull (ext:deno_web/06_streams.js:963:27) {
  name: "Http"
}
[serve-worker-52] Http: error reading a body from connection
    at async Object.pull (ext:deno_web/06_streams.js:963:27) {
  name: "Http"
}
[serve-worker-34] Http: error reading a body from connection
    at async Object.pull (ext:deno_web/06_streams.js:963:27) {
  name: "Http"
}
[serve-worker-34] Http: error reading a body from connection
    at async Object.pull (ext:deno_web/06_streams.js:963:27) {
  name: "Http"
}
[serve-worker-34] Http: error reading a body from connection
    at async Object.pull (ext:deno_web/06_streams.js:963:27) {
  name: "Http"
}
[serve-worker-2 ] Http: error reading a body from connection
    at async Object.pull (ext:deno_web/06_streams.js:963:27) {
  name: "Http"
}
[serve-worker-34] Http: error reading a body from connection
    at async Object.pull (ext:deno_web/06_streams.js:963:27) {
  name: "Http"
}
[serve-worker-52] Http: error reading a body from connection
    at async Object.pull (ext:deno_web/06_streams.js:963:27) {
  name: "Http"
}
[serve-worker-2 ] Http: error reading a body from connection
    at async Object.pull (ext:deno_web/06_streams.js:963:27) {
  name: "Http"
}
[serve-worker-51] Http: error reading a body from connection
    at async Object.pull (ext:deno_web/06_streams.js:963:27) {
  name: "Http"
}
[serve-worker-33] Http: error reading a body from connection
    at async Object.pull (ext:deno_web/06_streams.js:963:27) {
  name: "Http"
}
[serve-worker-35] Http: error reading a body from connection
    at async Object.pull (ext:deno_web/06_streams.js:963:27) {
  name: "Http"
}
[serve-worker-35] Http: error reading a body from connection
    at async Object.pull (ext:deno_web/06_streams.js:963:27) {
  name: "Http"
}
[serve-worker-41] Http: error reading a body from connection
    at async Object.pull (ext:deno_web/06_streams.js:963:27) {
  name: "Http"
}
[serve-worker-41] Http: error reading a body from connection
    at async Object.pull (ext:deno_web/06_streams.js:963:27) {
  name: "Http"
}
[serve-worker-23] Http: error reading a body from connection
    at async Object.pull (ext:deno_web/06_streams.js:963:27) {
  name: "Http"
}
[serve-worker-17] Http: error reading a body from connection
    at async Object.pull (ext:deno_web/06_streams.js:963:27) {
  name: "Http"
}
[serve-worker-1 ] Http: error reading a body from connection
    at async Object.pull (ext:deno_web/06_streams.js:963:27) {
  name: "Http"
}
[serve-worker-41] Http: error reading a body from connection
    at async Object.pull (ext:deno_web/06_streams.js:963:27) {
  name: "Http"
}
[serve-worker-17] Http: error reading a body from connection
    at async Object.pull (ext:deno_web/06_streams.js:963:27) {
  name: "Http"
}
[serve-worker-23] Http: error reading a body from connection
    at async Object.pull (ext:deno_web/06_streams.js:963:27) {
  name: "Http"
}
[serve-worker-26] Http: error reading a body from connection
    at async Object.pull (ext:deno_web/06_streams.js:963:27) {
  name: "Http"
}
[serve-worker-23] Http: error reading a body from connection
    at async Object.pull (ext:deno_web/06_streams.js:963:27) {
  name: "Http"
}
[serve-worker-9 ] Http: error reading a body from connection
    at async Object.pull (ext:deno_web/06_streams.js:963:27) {
  name: "Http"
}
[serve-worker-26] Http: error reading a body from connection
    at async Object.pull (ext:deno_web/06_streams.js:963:27) {
  name: "Http"
}
[serve-worker-26] Http: error reading a body from connection
    at async Object.pull (ext:deno_web/06_streams.js:963:27) {
  name: "Http"
}
[serve-worker-43] Http: error reading a body from connection
    at async Object.pull (ext:deno_web/06_streams.js:963:27) {
  name: "Http"
}
[serve-worker-19] Http: error reading a body from connection
    at async Object.pull (ext:deno_web/06_streams.js:963:27) {
  name: "Http"
}
[serve-worker-63] Http: error reading a body from connection
    at async Object.pull (ext:deno_web/06_streams.js:963:27) {
  name: "Http"
}
[serve-worker-43] Http: error reading a body from connection
    at async Object.pull (ext:deno_web/06_streams.js:963:27) {
  name: "Http"
}
[serve-worker-63] Http: error reading a body from connection
    at async Object.pull (ext:deno_web/06_streams.js:963:27) {
  name: "Http"
}
[serve-worker-19] Http: error reading a body from connection
    at async Object.pull (ext:deno_web/06_streams.js:963:27) {
  name: "Http"
}
[serve-worker-63] Http: error reading a body from connection
    at async Object.pull (ext:deno_web/06_streams.js:963:27) {
  name: "Http"
}
[serve-worker-57] Http: error reading a body from connection
    at async Object.pull (ext:deno_web/06_streams.js:963:27) {
  name: "Http"
}
[serve-worker-19] Http: error reading a body from connection
    at async Object.pull (ext:deno_web/06_streams.js:963:27) {
  name: "Http"
}
[serve-worker-19] Http: error reading a body from connection
    at async Object.pull (ext:deno_web/06_streams.js:963:27) {
  name: "Http"
}
[serve-worker-24] Http: error reading a body from connection
    at async Object.pull (ext:deno_web/06_streams.js:963:27) {
  name: "Http"
}
[serve-worker-50] Http: error reading a body from connection
    at async Object.pull (ext:deno_web/06_streams.js:963:27) {
  name: "Http"
}
[serve-worker-50] Http: error reading a body from connection
    at async Object.pull (ext:deno_web/06_streams.js:963:27) {
  name: "Http"
}
[serve-worker-50] Http: error reading a body from connection
    at async Object.pull (ext:deno_web/06_streams.js:963:27) {
  name: "Http"
}
[serve-worker-45] Http: error reading a body from connection
    at async Object.pull (ext:deno_web/06_streams.js:963:27) {
  name: "Http"
}
[serve-worker-10] Http: error reading a body from connection
    at async Object.pull (ext:deno_web/06_streams.js:963:27) {
  name: "Http"
}
[serve-worker-10] Http: error reading a body from connection
    at async Object.pull (ext:deno_web/06_streams.js:963:27) {
  name: "Http"
}
[serve-worker-27] Http: error reading a body from connection
    at async Object.pull (ext:deno_web/06_streams.js:963:27) {
  name: "Http"
}
[serve-worker-37] Http: error reading a body from connection
    at async Object.pull (ext:deno_web/06_streams.js:963:27) {
  name: "Http"
}
[serve-worker-29] Http: error reading a body from connection
    at async Object.pull (ext:deno_web/06_streams.js:963:27) {
  name: "Http"
}
[serve-worker-48] Http: error reading a body from connection
    at async Object.pull (ext:deno_web/06_streams.js:963:27) {
  name: "Http"
}
[serve-worker-29] Http: error reading a body from connection
    at async Object.pull (ext:deno_web/06_streams.js:963:27) {
  name: "Http"
}
[serve-worker-20] Http: error reading a body from connection
    at async Object.pull (ext:deno_web/06_streams.js:963:27) {
  name: "Http"
}
[serve-worker-48] Http: error reading a body from connection
    at async Object.pull (ext:deno_web/06_streams.js:963:27) {
  name: "Http"
}
[serve-worker-14] Http: error reading a body from connection
    at async Object.pull (ext:deno_web/06_streams.js:963:27) {
  name: "Http"
}
[serve-worker-48] Http: error reading a body from connection
    at async Object.pull (ext:deno_web/06_streams.js:963:27) {
  name: "Http"
}
[serve-worker-48] Http: error reading a body from connection
    at async Object.pull (ext:deno_web/06_streams.js:963:27) {
  name: "Http"
}
[serve-worker-21] Http: error reading a body from connection
    at async Object.pull (ext:deno_web/06_streams.js:963:27) {
  name: "Http"
}
[serve-worker-21] Http: error reading a body from connection
    at async Object.pull (ext:deno_web/06_streams.js:963:27) {
  name: "Http"
}
[serve-worker-46] Http: error reading a body from connection
    at async Object.pull (ext:deno_web/06_streams.js:963:27) {
  name: "Http"
}
[serve-worker-45] Http: error reading a body from connection
    at async Object.pull (ext:deno_web/06_streams.js:963:27) {
  name: "Http"
}
[serve-worker-21] Http: error reading a body from connection
    at async Object.pull (ext:deno_web/06_streams.js:963:27) {
  name: "Http"
}
[serve-worker-45] Http: error reading a body from connection
    at async Object.pull (ext:deno_web/06_streams.js:963:27) {
  name: "Http"
}
[serve-worker-46] Http: error reading a body from connection
    at async Object.pull (ext:deno_web/06_streams.js:963:27) {
  name: "Http"
}
[serve-worker-45] Http: error reading a body from connection
    at async Object.pull (ext:deno_web/06_streams.js:963:27) {
  name: "Http"
}
[serve-worker-46] Http: error reading a body from connection
    at async Object.pull (ext:deno_web/06_streams.js:963:27) {
  name: "Http"
}
[serve-worker-16] Http: error reading a body from connection
    at async Object.pull (ext:deno_web/06_streams.js:963:27) {
  name: "Http"
}
[serve-worker-46] Http: error reading a body from connection
    at async Object.pull (ext:deno_web/06_streams.js:963:27) {
  name: "Http"
}
[serve-worker-62] Http: error reading a body from connection
    at async Object.pull (ext:deno_web/06_streams.js:963:27) {
  name: "Http"
}
[serve-worker-25] Http: error reading a body from connection
    at async Object.pull (ext:deno_web/06_streams.js:963:27) {
  name: "Http"
}
[serve-worker-56] Http: error reading a body from connection
    at async Object.pull (ext:deno_web/06_streams.js:963:27) {
  name: "Http"
}
[serve-worker-56] Http: error reading a body from connection
    at async Object.pull (ext:deno_web/06_streams.js:963:27) {
  name: "Http"
}
[serve-worker-15] Http: error reading a body from connection
    at async Object.pull (ext:deno_web/06_streams.js:963:27) {
  name: "Http"
}
[serve-worker-15] Http: error reading a body from connection
    at async Object.pull (ext:deno_web/06_streams.js:963:27) {
  name: "Http"
}
[serve-worker-15] Http: error reading a body from connection
    at async Object.pull (ext:deno_web/06_streams.js:963:27) {
  name: "Http"
}
[serve-worker-15] Http: error reading a body from connection
    at async Object.pull (ext:deno_web/06_streams.js:963:27) {
  name: "Http"
}
[serve-worker-15] Http: error reading a body from connection
    at async Object.pull (ext:deno_web/06_streams.js:963:27) {
  name: "Http"
}
