[2026-04-03 23:01:06 +0000] [1] [INFO] Starting gunicorn 23.0.0
[2026-04-03 23:01:06 +0000] [1] [INFO] Listening at: http://0.0.0.0:8080 (1)
[2026-04-03 23:01:06 +0000] [1] [INFO] Using worker: uvicorn.workers.UvicornWorker
[2026-04-03 23:01:06 +0000] [7] [INFO] Booting worker with pid: 7
[2026-04-03 23:01:06 +0000] [8] [INFO] Booting worker with pid: 8
[2026-04-03 23:01:07 +0000] [9] [INFO] Booting worker with pid: 9
[2026-04-03 23:01:07 +0000] [10] [INFO] Booting worker with pid: 10
[2026-04-03 23:01:07 +0000] [11] [INFO] Booting worker with pid: 11
[2026-04-03 23:01:07 +0000] [13] [INFO] Booting worker with pid: 13
[2026-04-03 23:01:07 +0000] [7] [INFO] Started server process [7]
[2026-04-03 23:01:07 +0000] [7] [INFO] Waiting for application startup.
[2026-04-03 23:01:07 +0000] [7] [INFO] Application startup complete.
[2026-04-03 23:01:07 +0000] [8] [INFO] Started server process [8]
[2026-04-03 23:01:07 +0000] [8] [INFO] Waiting for application startup.
[2026-04-03 23:01:07 +0000] [8] [INFO] Application startup complete.
[2026-04-03 23:01:07 +0000] [15] [INFO] Booting worker with pid: 15
[2026-04-03 23:01:07 +0000] [9] [INFO] Started server process [9]
[2026-04-03 23:01:07 +0000] [9] [INFO] Waiting for application startup.
[2026-04-03 23:01:07 +0000] [9] [INFO] Application startup complete.
[2026-04-03 23:01:07 +0000] [17] [INFO] Booting worker with pid: 17
[2026-04-03 23:01:07 +0000] [18] [INFO] Booting worker with pid: 18
[2026-04-03 23:01:07 +0000] [10] [INFO] Started server process [10]
[2026-04-03 23:01:07 +0000] [10] [INFO] Waiting for application startup.
[2026-04-03 23:01:07 +0000] [10] [INFO] Application startup complete.
[2026-04-03 23:01:07 +0000] [20] [INFO] Booting worker with pid: 20
[2026-04-03 23:01:07 +0000] [11] [INFO] Started server process [11]
[2026-04-03 23:01:07 +0000] [11] [INFO] Waiting for application startup.
[2026-04-03 23:01:07 +0000] [11] [INFO] Application startup complete.
[2026-04-03 23:01:07 +0000] [13] [INFO] Started server process [13]
[2026-04-03 23:01:07 +0000] [13] [INFO] Waiting for application startup.
[2026-04-03 23:01:07 +0000] [13] [INFO] Application startup complete.
[2026-04-03 23:01:07 +0000] [23] [INFO] Booting worker with pid: 23
[2026-04-03 23:01:07 +0000] [24] [INFO] Booting worker with pid: 24
[2026-04-03 23:01:07 +0000] [26] [INFO] Booting worker with pid: 26
[2026-04-03 23:01:07 +0000] [15] [INFO] Started server process [15]
[2026-04-03 23:01:07 +0000] [15] [INFO] Waiting for application startup.
[2026-04-03 23:01:07 +0000] [15] [INFO] Application startup complete.
[2026-04-03 23:01:07 +0000] [27] [INFO] Booting worker with pid: 27
[2026-04-03 23:01:07 +0000] [18] [INFO] Started server process [18]
[2026-04-03 23:01:07 +0000] [18] [INFO] Waiting for application startup.
[2026-04-03 23:01:07 +0000] [18] [INFO] Application startup complete.
[2026-04-03 23:01:07 +0000] [17] [INFO] Started server process [17]
[2026-04-03 23:01:07 +0000] [17] [INFO] Waiting for application startup.
[2026-04-03 23:01:07 +0000] [17] [INFO] Application startup complete.
[2026-04-03 23:01:07 +0000] [30] [INFO] Booting worker with pid: 30
[2026-04-03 23:01:07 +0000] [32] [INFO] Booting worker with pid: 32
[2026-04-03 23:01:07 +0000] [20] [INFO] Started server process [20]
[2026-04-03 23:01:07 +0000] [20] [INFO] Waiting for application startup.
[2026-04-03 23:01:07 +0000] [20] [INFO] Application startup complete.
[2026-04-03 23:01:07 +0000] [33] [INFO] Booting worker with pid: 33
[2026-04-03 23:01:07 +0000] [23] [INFO] Started server process [23]
[2026-04-03 23:01:07 +0000] [23] [INFO] Waiting for application startup.
[2026-04-03 23:01:07 +0000] [23] [INFO] Application startup complete.
[2026-04-03 23:01:07 +0000] [36] [INFO] Booting worker with pid: 36
[2026-04-03 23:01:07 +0000] [24] [INFO] Started server process [24]
[2026-04-03 23:01:07 +0000] [24] [INFO] Waiting for application startup.
[2026-04-03 23:01:07 +0000] [24] [INFO] Application startup complete.
[2026-04-03 23:01:07 +0000] [26] [INFO] Started server process [26]
[2026-04-03 23:01:07 +0000] [26] [INFO] Waiting for application startup.
[2026-04-03 23:01:07 +0000] [26] [INFO] Application startup complete.
[2026-04-03 23:01:07 +0000] [27] [INFO] Started server process [27]
[2026-04-03 23:01:07 +0000] [27] [INFO] Waiting for application startup.
[2026-04-03 23:01:07 +0000] [27] [INFO] Application startup complete.
[2026-04-03 23:01:07 +0000] [39] [INFO] Booting worker with pid: 39
[2026-04-03 23:01:07 +0000] [40] [INFO] Booting worker with pid: 40
[2026-04-03 23:01:07 +0000] [30] [INFO] Started server process [30]
[2026-04-03 23:01:07 +0000] [30] [INFO] Waiting for application startup.
[2026-04-03 23:01:07 +0000] [30] [INFO] Application startup complete.
[2026-04-03 23:01:07 +0000] [42] [INFO] Booting worker with pid: 42
[2026-04-03 23:01:07 +0000] [32] [INFO] Started server process [32]
[2026-04-03 23:01:07 +0000] [32] [INFO] Waiting for application startup.
[2026-04-03 23:01:07 +0000] [32] [INFO] Application startup complete.
[2026-04-03 23:01:07 +0000] [33] [INFO] Started server process [33]
[2026-04-03 23:01:07 +0000] [33] [INFO] Waiting for application startup.
[2026-04-03 23:01:07 +0000] [33] [INFO] Application startup complete.
[2026-04-03 23:01:08 +0000] [45] [INFO] Booting worker with pid: 45
[2026-04-03 23:01:08 +0000] [36] [INFO] Started server process [36]
[2026-04-03 23:01:08 +0000] [36] [INFO] Waiting for application startup.
[2026-04-03 23:01:08 +0000] [36] [INFO] Application startup complete.
[2026-04-03 23:01:08 +0000] [47] [INFO] Booting worker with pid: 47
[2026-04-03 23:01:08 +0000] [48] [INFO] Booting worker with pid: 48
[2026-04-03 23:01:08 +0000] [39] [INFO] Started server process [39]
[2026-04-03 23:01:08 +0000] [39] [INFO] Waiting for application startup.
[2026-04-03 23:01:08 +0000] [39] [INFO] Application startup complete.
[2026-04-03 23:01:08 +0000] [40] [INFO] Started server process [40]
[2026-04-03 23:01:08 +0000] [40] [INFO] Waiting for application startup.
[2026-04-03 23:01:08 +0000] [40] [INFO] Application startup complete.
[2026-04-03 23:01:08 +0000] [42] [INFO] Started server process [42]
[2026-04-03 23:01:08 +0000] [42] [INFO] Waiting for application startup.
[2026-04-03 23:01:08 +0000] [42] [INFO] Application startup complete.
[2026-04-03 23:01:08 +0000] [52] [INFO] Booting worker with pid: 52
[2026-04-03 23:01:08 +0000] [54] [INFO] Booting worker with pid: 54
[2026-04-03 23:01:08 +0000] [45] [INFO] Started server process [45]
[2026-04-03 23:01:08 +0000] [45] [INFO] Waiting for application startup.
[2026-04-03 23:01:08 +0000] [45] [INFO] Application startup complete.
[2026-04-03 23:01:08 +0000] [56] [INFO] Booting worker with pid: 56
[2026-04-03 23:01:08 +0000] [47] [INFO] Started server process [47]
[2026-04-03 23:01:08 +0000] [47] [INFO] Waiting for application startup.
[2026-04-03 23:01:08 +0000] [47] [INFO] Application startup complete.
[2026-04-03 23:01:08 +0000] [57] [INFO] Booting worker with pid: 57
[2026-04-03 23:01:08 +0000] [58] [INFO] Booting worker with pid: 58
[2026-04-03 23:01:08 +0000] [48] [INFO] Started server process [48]
[2026-04-03 23:01:08 +0000] [48] [INFO] Waiting for application startup.
[2026-04-03 23:01:08 +0000] [48] [INFO] Application startup complete.
[2026-04-03 23:01:08 +0000] [60] [INFO] Booting worker with pid: 60
[2026-04-03 23:01:08 +0000] [52] [INFO] Started server process [52]
[2026-04-03 23:01:08 +0000] [52] [INFO] Waiting for application startup.
[2026-04-03 23:01:08 +0000] [52] [INFO] Application startup complete.
[2026-04-03 23:01:08 +0000] [62] [INFO] Booting worker with pid: 62
[2026-04-03 23:01:08 +0000] [54] [INFO] Started server process [54]
[2026-04-03 23:01:08 +0000] [54] [INFO] Waiting for application startup.
[2026-04-03 23:01:08 +0000] [54] [INFO] Application startup complete.
[2026-04-03 23:01:08 +0000] [64] [INFO] Booting worker with pid: 64
[2026-04-03 23:01:08 +0000] [65] [INFO] Booting worker with pid: 65
[2026-04-03 23:01:08 +0000] [56] [INFO] Started server process [56]
[2026-04-03 23:01:08 +0000] [56] [INFO] Waiting for application startup.
[2026-04-03 23:01:08 +0000] [56] [INFO] Application startup complete.
[2026-04-03 23:01:08 +0000] [58] [INFO] Started server process [58]
[2026-04-03 23:01:08 +0000] [58] [INFO] Waiting for application startup.
[2026-04-03 23:01:08 +0000] [58] [INFO] Application startup complete.
[2026-04-03 23:01:08 +0000] [57] [INFO] Started server process [57]
[2026-04-03 23:01:08 +0000] [57] [INFO] Waiting for application startup.
[2026-04-03 23:01:08 +0000] [57] [INFO] Application startup complete.
[2026-04-03 23:01:08 +0000] [69] [INFO] Booting worker with pid: 69
[2026-04-03 23:01:08 +0000] [70] [INFO] Booting worker with pid: 70
[2026-04-03 23:01:08 +0000] [60] [INFO] Started server process [60]
[2026-04-03 23:01:08 +0000] [60] [INFO] Waiting for application startup.
[2026-04-03 23:01:08 +0000] [60] [INFO] Application startup complete.
[2026-04-03 23:01:08 +0000] [72] [INFO] Booting worker with pid: 72
[2026-04-03 23:01:08 +0000] [62] [INFO] Started server process [62]
[2026-04-03 23:01:08 +0000] [62] [INFO] Waiting for application startup.
[2026-04-03 23:01:08 +0000] [62] [INFO] Application startup complete.
[2026-04-03 23:01:08 +0000] [75] [INFO] Booting worker with pid: 75
[2026-04-03 23:01:08 +0000] [64] [INFO] Started server process [64]
[2026-04-03 23:01:08 +0000] [64] [INFO] Waiting for application startup.
[2026-04-03 23:01:08 +0000] [64] [INFO] Application startup complete.
[2026-04-03 23:01:08 +0000] [65] [INFO] Started server process [65]
[2026-04-03 23:01:08 +0000] [65] [INFO] Waiting for application startup.
[2026-04-03 23:01:08 +0000] [65] [INFO] Application startup complete.
[2026-04-03 23:01:08 +0000] [77] [INFO] Booting worker with pid: 77
[2026-04-03 23:01:09 +0000] [80] [INFO] Booting worker with pid: 80
[2026-04-03 23:01:09 +0000] [69] [INFO] Started server process [69]
[2026-04-03 23:01:09 +0000] [69] [INFO] Waiting for application startup.
[2026-04-03 23:01:09 +0000] [69] [INFO] Application startup complete.
[2026-04-03 23:01:09 +0000] [70] [INFO] Started server process [70]
[2026-04-03 23:01:09 +0000] [70] [INFO] Waiting for application startup.
[2026-04-03 23:01:09 +0000] [70] [INFO] Application startup complete.
[2026-04-03 23:01:09 +0000] [81] [INFO] Booting worker with pid: 81
[2026-04-03 23:01:09 +0000] [72] [INFO] Started server process [72]
[2026-04-03 23:01:09 +0000] [72] [INFO] Waiting for application startup.
[2026-04-03 23:01:09 +0000] [72] [INFO] Application startup complete.
[2026-04-03 23:01:09 +0000] [83] [INFO] Booting worker with pid: 83
[2026-04-03 23:01:09 +0000] [75] [INFO] Started server process [75]
[2026-04-03 23:01:09 +0000] [75] [INFO] Waiting for application startup.
[2026-04-03 23:01:09 +0000] [75] [INFO] Application startup complete.
[2026-04-03 23:01:09 +0000] [85] [INFO] Booting worker with pid: 85
[2026-04-03 23:01:09 +0000] [77] [INFO] Started server process [77]
[2026-04-03 23:01:09 +0000] [77] [INFO] Waiting for application startup.
[2026-04-03 23:01:09 +0000] [77] [INFO] Application startup complete.
[2026-04-03 23:01:09 +0000] [87] [INFO] Booting worker with pid: 87
[2026-04-03 23:01:09 +0000] [80] [INFO] Started server process [80]
[2026-04-03 23:01:09 +0000] [80] [INFO] Waiting for application startup.
[2026-04-03 23:01:09 +0000] [80] [INFO] Application startup complete.
[2026-04-03 23:01:09 +0000] [81] [INFO] Started server process [81]
[2026-04-03 23:01:09 +0000] [81] [INFO] Waiting for application startup.
[2026-04-03 23:01:09 +0000] [81] [INFO] Application startup complete.
[2026-04-03 23:01:09 +0000] [90] [INFO] Booting worker with pid: 90
[2026-04-03 23:01:09 +0000] [83] [INFO] Started server process [83]
[2026-04-03 23:01:09 +0000] [83] [INFO] Waiting for application startup.
[2026-04-03 23:01:09 +0000] [83] [INFO] Application startup complete.
[2026-04-03 23:01:09 +0000] [92] [INFO] Booting worker with pid: 92
[2026-04-03 23:01:09 +0000] [85] [INFO] Started server process [85]
[2026-04-03 23:01:09 +0000] [85] [INFO] Waiting for application startup.
[2026-04-03 23:01:09 +0000] [85] [INFO] Application startup complete.
[2026-04-03 23:01:09 +0000] [87] [INFO] Started server process [87]
[2026-04-03 23:01:09 +0000] [87] [INFO] Waiting for application startup.
[2026-04-03 23:01:09 +0000] [87] [INFO] Application startup complete.
[2026-04-03 23:01:09 +0000] [95] [INFO] Booting worker with pid: 95
[2026-04-03 23:01:09 +0000] [90] [INFO] Started server process [90]
[2026-04-03 23:01:09 +0000] [90] [INFO] Waiting for application startup.
[2026-04-03 23:01:09 +0000] [90] [INFO] Application startup complete.
[2026-04-03 23:01:09 +0000] [97] [INFO] Booting worker with pid: 97
[2026-04-03 23:01:09 +0000] [98] [INFO] Booting worker with pid: 98
[2026-04-03 23:01:09 +0000] [100] [INFO] Booting worker with pid: 100
[2026-04-03 23:01:09 +0000] [92] [INFO] Started server process [92]
[2026-04-03 23:01:09 +0000] [92] [INFO] Waiting for application startup.
[2026-04-03 23:01:09 +0000] [92] [INFO] Application startup complete.
[2026-04-03 23:01:09 +0000] [101] [INFO] Booting worker with pid: 101
[2026-04-03 23:01:09 +0000] [102] [INFO] Booting worker with pid: 102
[2026-04-03 23:01:09 +0000] [95] [INFO] Started server process [95]
[2026-04-03 23:01:09 +0000] [95] [INFO] Waiting for application startup.
[2026-04-03 23:01:09 +0000] [95] [INFO] Application startup complete.
[2026-04-03 23:01:09 +0000] [104] [INFO] Booting worker with pid: 104
[2026-04-03 23:01:09 +0000] [97] [INFO] Started server process [97]
[2026-04-03 23:01:09 +0000] [97] [INFO] Waiting for application startup.
[2026-04-03 23:01:09 +0000] [97] [INFO] Application startup complete.
[2026-04-03 23:01:09 +0000] [98] [INFO] Started server process [98]
[2026-04-03 23:01:09 +0000] [98] [INFO] Waiting for application startup.
[2026-04-03 23:01:09 +0000] [98] [INFO] Application startup complete.
[2026-04-03 23:01:09 +0000] [107] [INFO] Booting worker with pid: 107
[2026-04-03 23:01:09 +0000] [108] [INFO] Booting worker with pid: 108
[2026-04-03 23:01:09 +0000] [109] [INFO] Booting worker with pid: 109
[2026-04-03 23:01:09 +0000] [110] [INFO] Booting worker with pid: 110
[2026-04-03 23:01:09 +0000] [111] [INFO] Booting worker with pid: 111
[2026-04-03 23:01:10 +0000] [100] [INFO] Started server process [100]
[2026-04-03 23:01:10 +0000] [100] [INFO] Waiting for application startup.
[2026-04-03 23:01:10 +0000] [100] [INFO] Application startup complete.
[2026-04-03 23:01:10 +0000] [114] [INFO] Booting worker with pid: 114
[2026-04-03 23:01:10 +0000] [101] [INFO] Started server process [101]
[2026-04-03 23:01:10 +0000] [101] [INFO] Waiting for application startup.
[2026-04-03 23:01:10 +0000] [101] [INFO] Application startup complete.
[2026-04-03 23:01:10 +0000] [102] [INFO] Started server process [102]
[2026-04-03 23:01:10 +0000] [102] [INFO] Waiting for application startup.
[2026-04-03 23:01:10 +0000] [102] [INFO] Application startup complete.
[2026-04-03 23:01:10 +0000] [117] [INFO] Booting worker with pid: 117
[2026-04-03 23:01:10 +0000] [104] [INFO] Started server process [104]
[2026-04-03 23:01:10 +0000] [104] [INFO] Waiting for application startup.
[2026-04-03 23:01:10 +0000] [104] [INFO] Application startup complete.
[2026-04-03 23:01:10 +0000] [118] [INFO] Booting worker with pid: 118
[2026-04-03 23:01:10 +0000] [119] [INFO] Booting worker with pid: 119
[2026-04-03 23:01:10 +0000] [107] [INFO] Started server process [107]
[2026-04-03 23:01:10 +0000] [107] [INFO] Waiting for application startup.
[2026-04-03 23:01:10 +0000] [107] [INFO] Application startup complete.
[2026-04-03 23:01:10 +0000] [108] [INFO] Started server process [108]
[2026-04-03 23:01:10 +0000] [108] [INFO] Waiting for application startup.
[2026-04-03 23:01:10 +0000] [108] [INFO] Application startup complete.
[2026-04-03 23:01:10 +0000] [109] [INFO] Started server process [109]
[2026-04-03 23:01:10 +0000] [109] [INFO] Waiting for application startup.
[2026-04-03 23:01:10 +0000] [109] [INFO] Application startup complete.
[2026-04-03 23:01:10 +0000] [110] [INFO] Started server process [110]
[2026-04-03 23:01:10 +0000] [110] [INFO] Waiting for application startup.
[2026-04-03 23:01:10 +0000] [110] [INFO] Application startup complete.
[2026-04-03 23:01:10 +0000] [111] [INFO] Started server process [111]
[2026-04-03 23:01:10 +0000] [111] [INFO] Waiting for application startup.
[2026-04-03 23:01:10 +0000] [111] [INFO] Application startup complete.
[2026-04-03 23:01:10 +0000] [125] [INFO] Booting worker with pid: 125
[2026-04-03 23:01:10 +0000] [126] [INFO] Booting worker with pid: 126
[2026-04-03 23:01:10 +0000] [114] [INFO] Started server process [114]
[2026-04-03 23:01:10 +0000] [114] [INFO] Waiting for application startup.
[2026-04-03 23:01:10 +0000] [114] [INFO] Application startup complete.
[2026-04-03 23:01:10 +0000] [128] [INFO] Booting worker with pid: 128
[2026-04-03 23:01:10 +0000] [117] [INFO] Started server process [117]
[2026-04-03 23:01:10 +0000] [117] [INFO] Waiting for application startup.
[2026-04-03 23:01:10 +0000] [117] [INFO] Application startup complete.
[2026-04-03 23:01:10 +0000] [118] [INFO] Started server process [118]
[2026-04-03 23:01:10 +0000] [118] [INFO] Waiting for application startup.
[2026-04-03 23:01:10 +0000] [118] [INFO] Application startup complete.
[2026-04-03 23:01:10 +0000] [119] [INFO] Started server process [119]
[2026-04-03 23:01:10 +0000] [119] [INFO] Waiting for application startup.
[2026-04-03 23:01:10 +0000] [119] [INFO] Application startup complete.
[2026-04-03 23:01:10 +0000] [125] [INFO] Started server process [125]
[2026-04-03 23:01:10 +0000] [125] [INFO] Waiting for application startup.
[2026-04-03 23:01:10 +0000] [125] [INFO] Application startup complete.
[2026-04-03 23:01:10 +0000] [126] [INFO] Started server process [126]
[2026-04-03 23:01:10 +0000] [126] [INFO] Waiting for application startup.
[2026-04-03 23:01:10 +0000] [126] [INFO] Application startup complete.
[2026-04-03 23:01:10 +0000] [128] [INFO] Started server process [128]
[2026-04-03 23:01:10 +0000] [128] [INFO] Waiting for application startup.
[2026-04-03 23:01:10 +0000] [128] [INFO] Application startup complete.
