[2026-04-04 07:22:57 +0000] [1] [INFO] Starting gunicorn 23.0.0
[2026-04-04 07:22:57 +0000] [1] [INFO] Listening at: http://0.0.0.0:8080 (1)
[2026-04-04 07:22:57 +0000] [1] [INFO] Using worker: uvicorn.workers.UvicornWorker
[2026-04-04 07:22:57 +0000] [7] [INFO] Booting worker with pid: 7
[2026-04-04 07:22:57 +0000] [9] [INFO] Booting worker with pid: 9
[2026-04-04 07:22:57 +0000] [7] [INFO] Started server process [7]
[2026-04-04 07:22:57 +0000] [7] [INFO] Waiting for application startup.
[2026-04-04 07:22:57 +0000] [7] [INFO] Application startup complete.
[2026-04-04 07:22:57 +0000] [9] [INFO] Started server process [9]
[2026-04-04 07:22:57 +0000] [9] [INFO] Waiting for application startup.
[2026-04-04 07:22:57 +0000] [9] [INFO] Application startup complete.
[2026-04-04 07:22:57 +0000] [11] [INFO] Booting worker with pid: 11
[2026-04-04 07:22:57 +0000] [12] [INFO] Booting worker with pid: 12
[2026-04-04 07:22:57 +0000] [14] [INFO] Booting worker with pid: 14
[2026-04-04 07:22:57 +0000] [11] [INFO] Started server process [11]
[2026-04-04 07:22:57 +0000] [11] [INFO] Waiting for application startup.
[2026-04-04 07:22:57 +0000] [11] [INFO] Application startup complete.
[2026-04-04 07:22:57 +0000] [12] [INFO] Started server process [12]
[2026-04-04 07:22:57 +0000] [12] [INFO] Waiting for application startup.
[2026-04-04 07:22:57 +0000] [12] [INFO] Application startup complete.
[2026-04-04 07:22:57 +0000] [17] [INFO] Booting worker with pid: 17
[2026-04-04 07:22:57 +0000] [14] [INFO] Started server process [14]
[2026-04-04 07:22:57 +0000] [14] [INFO] Waiting for application startup.
[2026-04-04 07:22:57 +0000] [14] [INFO] Application startup complete.
[2026-04-04 07:22:57 +0000] [17] [INFO] Started server process [17]
[2026-04-04 07:22:57 +0000] [17] [INFO] Waiting for application startup.
[2026-04-04 07:22:57 +0000] [17] [INFO] Application startup complete.
[2026-04-04 07:22:57 +0000] [19] [INFO] Booting worker with pid: 19
[2026-04-04 07:22:57 +0000] [20] [INFO] Booting worker with pid: 20
[2026-04-04 07:22:57 +0000] [19] [INFO] Started server process [19]
[2026-04-04 07:22:57 +0000] [19] [INFO] Waiting for application startup.
[2026-04-04 07:22:57 +0000] [19] [INFO] Application startup complete.
[2026-04-04 07:22:57 +0000] [23] [INFO] Booting worker with pid: 23
[2026-04-04 07:22:57 +0000] [20] [INFO] Started server process [20]
[2026-04-04 07:22:57 +0000] [20] [INFO] Waiting for application startup.
[2026-04-04 07:22:57 +0000] [20] [INFO] Application startup complete.
[2026-04-04 07:22:57 +0000] [24] [INFO] Booting worker with pid: 24
[2026-04-04 07:22:57 +0000] [25] [INFO] Booting worker with pid: 25
[2026-04-04 07:22:57 +0000] [26] [INFO] Booting worker with pid: 26
[2026-04-04 07:22:57 +0000] [27] [INFO] Booting worker with pid: 27
[2026-04-04 07:22:57 +0000] [23] [INFO] Started server process [23]
[2026-04-04 07:22:57 +0000] [24] [INFO] Started server process [24]
[2026-04-04 07:22:57 +0000] [24] [INFO] Waiting for application startup.
[2026-04-04 07:22:57 +0000] [23] [INFO] Waiting for application startup.
[2026-04-04 07:22:57 +0000] [24] [INFO] Application startup complete.
[2026-04-04 07:22:57 +0000] [23] [INFO] Application startup complete.
[2026-04-04 07:22:57 +0000] [30] [INFO] Booting worker with pid: 30
[2026-04-04 07:22:57 +0000] [32] [INFO] Booting worker with pid: 32
[2026-04-04 07:22:57 +0000] [25] [INFO] Started server process [25]
[2026-04-04 07:22:57 +0000] [25] [INFO] Waiting for application startup.
[2026-04-04 07:22:57 +0000] [25] [INFO] Application startup complete.
[2026-04-04 07:22:57 +0000] [33] [INFO] Booting worker with pid: 33
[2026-04-04 07:22:57 +0000] [26] [INFO] Started server process [26]
[2026-04-04 07:22:57 +0000] [26] [INFO] Waiting for application startup.
[2026-04-04 07:22:57 +0000] [26] [INFO] Application startup complete.
[2026-04-04 07:22:57 +0000] [27] [INFO] Started server process [27]
[2026-04-04 07:22:57 +0000] [27] [INFO] Waiting for application startup.
[2026-04-04 07:22:57 +0000] [27] [INFO] Application startup complete.
[2026-04-04 07:22:57 +0000] [30] [INFO] Started server process [30]
[2026-04-04 07:22:57 +0000] [30] [INFO] Waiting for application startup.
[2026-04-04 07:22:57 +0000] [30] [INFO] Application startup complete.
[2026-04-04 07:22:57 +0000] [32] [INFO] Started server process [32]
[2026-04-04 07:22:57 +0000] [32] [INFO] Waiting for application startup.
[2026-04-04 07:22:57 +0000] [32] [INFO] Application startup complete.
[2026-04-04 07:22:57 +0000] [39] [INFO] Booting worker with pid: 39
[2026-04-04 07:22:57 +0000] [33] [INFO] Started server process [33]
[2026-04-04 07:22:57 +0000] [33] [INFO] Waiting for application startup.
[2026-04-04 07:22:57 +0000] [33] [INFO] Application startup complete.
[2026-04-04 07:22:57 +0000] [40] [INFO] Booting worker with pid: 40
[2026-04-04 07:22:57 +0000] [41] [INFO] Booting worker with pid: 41
[2026-04-04 07:22:57 +0000] [39] [INFO] Started server process [39]
[2026-04-04 07:22:57 +0000] [39] [INFO] Waiting for application startup.
[2026-04-04 07:22:57 +0000] [39] [INFO] Application startup complete.
[2026-04-04 07:22:57 +0000] [40] [INFO] Started server process [40]
[2026-04-04 07:22:57 +0000] [40] [INFO] Waiting for application startup.
[2026-04-04 07:22:57 +0000] [40] [INFO] Application startup complete.
[2026-04-04 07:22:58 +0000] [44] [INFO] Booting worker with pid: 44
[2026-04-04 07:22:58 +0000] [41] [INFO] Started server process [41]
[2026-04-04 07:22:58 +0000] [41] [INFO] Waiting for application startup.
[2026-04-04 07:22:58 +0000] [41] [INFO] Application startup complete.
[2026-04-04 07:22:58 +0000] [46] [INFO] Booting worker with pid: 46
[2026-04-04 07:22:58 +0000] [44] [INFO] Started server process [44]
[2026-04-04 07:22:58 +0000] [44] [INFO] Waiting for application startup.
[2026-04-04 07:22:58 +0000] [44] [INFO] Application startup complete.
[2026-04-04 07:22:58 +0000] [46] [INFO] Started server process [46]
[2026-04-04 07:22:58 +0000] [46] [INFO] Waiting for application startup.
[2026-04-04 07:22:58 +0000] [46] [INFO] Application startup complete.
[2026-04-04 07:22:58 +0000] [49] [INFO] Booting worker with pid: 49
[2026-04-04 07:22:58 +0000] [49] [INFO] Started server process [49]
[2026-04-04 07:22:58 +0000] [49] [INFO] Waiting for application startup.
[2026-04-04 07:22:58 +0000] [49] [INFO] Application startup complete.
[2026-04-04 07:22:58 +0000] [51] [INFO] Booting worker with pid: 51
[2026-04-04 07:22:58 +0000] [51] [INFO] Started server process [51]
[2026-04-04 07:22:58 +0000] [51] [INFO] Waiting for application startup.
[2026-04-04 07:22:58 +0000] [51] [INFO] Application startup complete.
[2026-04-04 07:22:58 +0000] [53] [INFO] Booting worker with pid: 53
[2026-04-04 07:22:58 +0000] [54] [INFO] Booting worker with pid: 54
[2026-04-04 07:22:58 +0000] [56] [INFO] Booting worker with pid: 56
[2026-04-04 07:22:58 +0000] [53] [INFO] Started server process [53]
[2026-04-04 07:22:58 +0000] [53] [INFO] Waiting for application startup.
[2026-04-04 07:22:58 +0000] [53] [INFO] Application startup complete.
[2026-04-04 07:22:58 +0000] [54] [INFO] Started server process [54]
[2026-04-04 07:22:58 +0000] [54] [INFO] Waiting for application startup.
[2026-04-04 07:22:58 +0000] [54] [INFO] Application startup complete.
[2026-04-04 07:22:58 +0000] [58] [INFO] Booting worker with pid: 58
[2026-04-04 07:22:58 +0000] [60] [INFO] Booting worker with pid: 60
[2026-04-04 07:22:58 +0000] [56] [INFO] Started server process [56]
[2026-04-04 07:22:58 +0000] [56] [INFO] Waiting for application startup.
[2026-04-04 07:22:58 +0000] [56] [INFO] Application startup complete.
[2026-04-04 07:22:58 +0000] [62] [INFO] Booting worker with pid: 62
[2026-04-04 07:22:58 +0000] [58] [INFO] Started server process [58]
[2026-04-04 07:22:58 +0000] [58] [INFO] Waiting for application startup.
[2026-04-04 07:22:58 +0000] [58] [INFO] Application startup complete.
[2026-04-04 07:22:58 +0000] [63] [INFO] Booting worker with pid: 63
[2026-04-04 07:22:58 +0000] [60] [INFO] Started server process [60]
[2026-04-04 07:22:58 +0000] [60] [INFO] Waiting for application startup.
[2026-04-04 07:22:58 +0000] [60] [INFO] Application startup complete.
[2026-04-04 07:22:58 +0000] [65] [INFO] Booting worker with pid: 65
[2026-04-04 07:22:58 +0000] [62] [INFO] Started server process [62]
[2026-04-04 07:22:58 +0000] [62] [INFO] Waiting for application startup.
[2026-04-04 07:22:58 +0000] [62] [INFO] Application startup complete.
[2026-04-04 07:22:58 +0000] [63] [INFO] Started server process [63]
[2026-04-04 07:22:58 +0000] [63] [INFO] Waiting for application startup.
[2026-04-04 07:22:58 +0000] [63] [INFO] Application startup complete.
[2026-04-04 07:22:58 +0000] [69] [INFO] Booting worker with pid: 69
[2026-04-04 07:22:58 +0000] [65] [INFO] Started server process [65]
[2026-04-04 07:22:58 +0000] [65] [INFO] Waiting for application startup.
[2026-04-04 07:22:58 +0000] [65] [INFO] Application startup complete.
[2026-04-04 07:22:58 +0000] [70] [INFO] Booting worker with pid: 70
[2026-04-04 07:22:58 +0000] [72] [INFO] Booting worker with pid: 72
[2026-04-04 07:22:58 +0000] [69] [INFO] Started server process [69]
[2026-04-04 07:22:58 +0000] [69] [INFO] Waiting for application startup.
[2026-04-04 07:22:58 +0000] [69] [INFO] Application startup complete.
[2026-04-04 07:22:58 +0000] [70] [INFO] Started server process [70]
[2026-04-04 07:22:58 +0000] [70] [INFO] Waiting for application startup.
[2026-04-04 07:22:58 +0000] [70] [INFO] Application startup complete.
[2026-04-04 07:22:58 +0000] [74] [INFO] Booting worker with pid: 74
[2026-04-04 07:22:58 +0000] [72] [INFO] Started server process [72]
[2026-04-04 07:22:58 +0000] [72] [INFO] Waiting for application startup.
[2026-04-04 07:22:58 +0000] [72] [INFO] Application startup complete.
[2026-04-04 07:22:58 +0000] [76] [INFO] Booting worker with pid: 76
[2026-04-04 07:22:58 +0000] [74] [INFO] Started server process [74]
[2026-04-04 07:22:58 +0000] [74] [INFO] Waiting for application startup.
[2026-04-04 07:22:58 +0000] [74] [INFO] Application startup complete.
[2026-04-04 07:22:58 +0000] [79] [INFO] Booting worker with pid: 79
[2026-04-04 07:22:58 +0000] [80] [INFO] Booting worker with pid: 80
[2026-04-04 07:22:58 +0000] [76] [INFO] Started server process [76]
[2026-04-04 07:22:58 +0000] [76] [INFO] Waiting for application startup.
[2026-04-04 07:22:58 +0000] [76] [INFO] Application startup complete.
[2026-04-04 07:22:58 +0000] [81] [INFO] Booting worker with pid: 81
[2026-04-04 07:22:58 +0000] [82] [INFO] Booting worker with pid: 82
[2026-04-04 07:22:58 +0000] [85] [INFO] Booting worker with pid: 85
[2026-04-04 07:22:58 +0000] [79] [INFO] Started server process [79]
[2026-04-04 07:22:58 +0000] [79] [INFO] Waiting for application startup.
[2026-04-04 07:22:58 +0000] [79] [INFO] Application startup complete.
[2026-04-04 07:22:58 +0000] [80] [INFO] Started server process [80]
[2026-04-04 07:22:58 +0000] [80] [INFO] Waiting for application startup.
[2026-04-04 07:22:58 +0000] [80] [INFO] Application startup complete.
[2026-04-04 07:22:58 +0000] [87] [INFO] Booting worker with pid: 87
[2026-04-04 07:22:58 +0000] [81] [INFO] Started server process [81]
[2026-04-04 07:22:58 +0000] [81] [INFO] Waiting for application startup.
[2026-04-04 07:22:58 +0000] [81] [INFO] Application startup complete.
[2026-04-04 07:22:58 +0000] [88] [INFO] Booting worker with pid: 88
[2026-04-04 07:22:59 +0000] [89] [INFO] Booting worker with pid: 89
[2026-04-04 07:22:59 +0000] [90] [INFO] Booting worker with pid: 90
[2026-04-04 07:22:59 +0000] [82] [INFO] Started server process [82]
[2026-04-04 07:22:59 +0000] [82] [INFO] Waiting for application startup.
[2026-04-04 07:22:59 +0000] [82] [INFO] Application startup complete.
[2026-04-04 07:22:59 +0000] [85] [INFO] Started server process [85]
[2026-04-04 07:22:59 +0000] [85] [INFO] Waiting for application startup.
[2026-04-04 07:22:59 +0000] [85] [INFO] Application startup complete.
[2026-04-04 07:22:59 +0000] [93] [INFO] Booting worker with pid: 93
[2026-04-04 07:22:59 +0000] [87] [INFO] Started server process [87]
[2026-04-04 07:22:59 +0000] [87] [INFO] Waiting for application startup.
[2026-04-04 07:22:59 +0000] [87] [INFO] Application startup complete.
[2026-04-04 07:22:59 +0000] [88] [INFO] Started server process [88]
[2026-04-04 07:22:59 +0000] [88] [INFO] Waiting for application startup.
[2026-04-04 07:22:59 +0000] [88] [INFO] Application startup complete.
[2026-04-04 07:22:59 +0000] [89] [INFO] Started server process [89]
[2026-04-04 07:22:59 +0000] [89] [INFO] Waiting for application startup.
[2026-04-04 07:22:59 +0000] [89] [INFO] Application startup complete.
[2026-04-04 07:22:59 +0000] [90] [INFO] Started server process [90]
[2026-04-04 07:22:59 +0000] [90] [INFO] Waiting for application startup.
[2026-04-04 07:22:59 +0000] [90] [INFO] Application startup complete.
[2026-04-04 07:22:59 +0000] [99] [INFO] Booting worker with pid: 99
[2026-04-04 07:22:59 +0000] [93] [INFO] Started server process [93]
[2026-04-04 07:22:59 +0000] [93] [INFO] Waiting for application startup.
[2026-04-04 07:22:59 +0000] [93] [INFO] Application startup complete.
[2026-04-04 07:22:59 +0000] [100] [INFO] Booting worker with pid: 100
[2026-04-04 07:22:59 +0000] [99] [INFO] Started server process [99]
[2026-04-04 07:22:59 +0000] [99] [INFO] Waiting for application startup.
[2026-04-04 07:22:59 +0000] [99] [INFO] Application startup complete.
[2026-04-04 07:22:59 +0000] [103] [INFO] Booting worker with pid: 103
[2026-04-04 07:22:59 +0000] [100] [INFO] Started server process [100]
[2026-04-04 07:22:59 +0000] [100] [INFO] Waiting for application startup.
[2026-04-04 07:22:59 +0000] [100] [INFO] Application startup complete.
[2026-04-04 07:22:59 +0000] [104] [INFO] Booting worker with pid: 104
[2026-04-04 07:22:59 +0000] [103] [INFO] Started server process [103]
[2026-04-04 07:22:59 +0000] [103] [INFO] Waiting for application startup.
[2026-04-04 07:22:59 +0000] [103] [INFO] Application startup complete.
[2026-04-04 07:22:59 +0000] [107] [INFO] Booting worker with pid: 107
[2026-04-04 07:22:59 +0000] [104] [INFO] Started server process [104]
[2026-04-04 07:22:59 +0000] [104] [INFO] Waiting for application startup.
[2026-04-04 07:22:59 +0000] [104] [INFO] Application startup complete.
[2026-04-04 07:22:59 +0000] [108] [INFO] Booting worker with pid: 108
[2026-04-04 07:22:59 +0000] [109] [INFO] Booting worker with pid: 109
[2026-04-04 07:22:59 +0000] [107] [INFO] Started server process [107]
[2026-04-04 07:22:59 +0000] [107] [INFO] Waiting for application startup.
[2026-04-04 07:22:59 +0000] [107] [INFO] Application startup complete.
[2026-04-04 07:22:59 +0000] [113] [INFO] Booting worker with pid: 113
[2026-04-04 07:22:59 +0000] [108] [INFO] Started server process [108]
[2026-04-04 07:22:59 +0000] [108] [INFO] Waiting for application startup.
[2026-04-04 07:22:59 +0000] [108] [INFO] Application startup complete.
[2026-04-04 07:22:59 +0000] [109] [INFO] Started server process [109]
[2026-04-04 07:22:59 +0000] [109] [INFO] Waiting for application startup.
[2026-04-04 07:22:59 +0000] [109] [INFO] Application startup complete.
[2026-04-04 07:22:59 +0000] [114] [INFO] Booting worker with pid: 114
[2026-04-04 07:22:59 +0000] [113] [INFO] Started server process [113]
[2026-04-04 07:22:59 +0000] [113] [INFO] Waiting for application startup.
[2026-04-04 07:22:59 +0000] [113] [INFO] Application startup complete.
[2026-04-04 07:22:59 +0000] [116] [INFO] Booting worker with pid: 116
[2026-04-04 07:22:59 +0000] [118] [INFO] Booting worker with pid: 118
[2026-04-04 07:22:59 +0000] [114] [INFO] Started server process [114]
[2026-04-04 07:22:59 +0000] [114] [INFO] Waiting for application startup.
[2026-04-04 07:22:59 +0000] [114] [INFO] Application startup complete.
[2026-04-04 07:22:59 +0000] [116] [INFO] Started server process [116]
[2026-04-04 07:22:59 +0000] [116] [INFO] Waiting for application startup.
[2026-04-04 07:22:59 +0000] [116] [INFO] Application startup complete.
[2026-04-04 07:22:59 +0000] [118] [INFO] Started server process [118]
[2026-04-04 07:22:59 +0000] [118] [INFO] Waiting for application startup.
[2026-04-04 07:22:59 +0000] [118] [INFO] Application startup complete.
[2026-04-04 07:22:59 +0000] [121] [INFO] Booting worker with pid: 121
[2026-04-04 07:22:59 +0000] [122] [INFO] Booting worker with pid: 122
[2026-04-04 07:22:59 +0000] [123] [INFO] Booting worker with pid: 123
[2026-04-04 07:22:59 +0000] [121] [INFO] Started server process [121]
[2026-04-04 07:22:59 +0000] [121] [INFO] Waiting for application startup.
[2026-04-04 07:22:59 +0000] [121] [INFO] Application startup complete.
[2026-04-04 07:22:59 +0000] [126] [INFO] Booting worker with pid: 126
[2026-04-04 07:22:59 +0000] [122] [INFO] Started server process [122]
[2026-04-04 07:22:59 +0000] [122] [INFO] Waiting for application startup.
[2026-04-04 07:22:59 +0000] [122] [INFO] Application startup complete.
[2026-04-04 07:22:59 +0000] [128] [INFO] Booting worker with pid: 128
[2026-04-04 07:22:59 +0000] [123] [INFO] Started server process [123]
[2026-04-04 07:22:59 +0000] [123] [INFO] Waiting for application startup.
[2026-04-04 07:22:59 +0000] [123] [INFO] Application startup complete.
[2026-04-04 07:22:59 +0000] [126] [INFO] Started server process [126]
[2026-04-04 07:22:59 +0000] [126] [INFO] Waiting for application startup.
[2026-04-04 07:22:59 +0000] [126] [INFO] Application startup complete.
[2026-04-04 07:22:59 +0000] [131] [INFO] Booting worker with pid: 131
[2026-04-04 07:22:59 +0000] [128] [INFO] Started server process [128]
[2026-04-04 07:22:59 +0000] [128] [INFO] Waiting for application startup.
[2026-04-04 07:22:59 +0000] [128] [INFO] Application startup complete.
[2026-04-04 07:22:59 +0000] [132] [INFO] Booting worker with pid: 132
[2026-04-04 07:23:00 +0000] [131] [INFO] Started server process [131]
[2026-04-04 07:23:00 +0000] [131] [INFO] Waiting for application startup.
[2026-04-04 07:23:00 +0000] [131] [INFO] Application startup complete.
[2026-04-04 07:23:00 +0000] [132] [INFO] Started server process [132]
[2026-04-04 07:23:00 +0000] [132] [INFO] Waiting for application startup.
[2026-04-04 07:23:00 +0000] [132] [INFO] Application startup complete.
