[2026-04-03 23:00:16 +0000] [1] [INFO] Starting gunicorn 23.0.0
[2026-04-03 23:00:16 +0000] [1] [INFO] Listening at: http://0.0.0.0:8080 (1)
[2026-04-03 23:00:16 +0000] [1] [INFO] Using worker: uvicorn.workers.UvicornWorker
[2026-04-03 23:00:16 +0000] [7] [INFO] Booting worker with pid: 7
[2026-04-03 23:00:16 +0000] [8] [INFO] Booting worker with pid: 8
[2026-04-03 23:00:16 +0000] [9] [INFO] Booting worker with pid: 9
[2026-04-03 23:00:16 +0000] [10] [INFO] Booting worker with pid: 10
[2026-04-03 23:00:16 +0000] [11] [INFO] Booting worker with pid: 11
[2026-04-03 23:00:16 +0000] [12] [INFO] Booting worker with pid: 12
[2026-04-03 23:00:16 +0000] [13] [INFO] Booting worker with pid: 13
[2026-04-03 23:00:16 +0000] [14] [INFO] Booting worker with pid: 14
[2026-04-03 23:00:16 +0000] [8] [INFO] Started server process [8]
[2026-04-03 23:00:16 +0000] [10] [INFO] Started server process [10]
[2026-04-03 23:00:16 +0000] [8] [INFO] Waiting for application startup.
[2026-04-03 23:00:16 +0000] [10] [INFO] Waiting for application startup.
[2026-04-03 23:00:16 +0000] [9] [INFO] Started server process [9]
[2026-04-03 23:00:16 +0000] [7] [INFO] Started server process [7]
[2026-04-03 23:00:16 +0000] [7] [INFO] Waiting for application startup.
[2026-04-03 23:00:16 +0000] [9] [INFO] Waiting for application startup.
[2026-04-03 23:00:16 +0000] [8] [INFO] Application startup complete.
[2026-04-03 23:00:16 +0000] [7] [INFO] Application startup complete.
[2026-04-03 23:00:16 +0000] [10] [INFO] Application startup complete.
[2026-04-03 23:00:16 +0000] [9] [INFO] Application startup complete.
[2026-04-03 23:00:16 +0000] [19] [INFO] Booting worker with pid: 19
[2026-04-03 23:00:16 +0000] [20] [INFO] Booting worker with pid: 20
[2026-04-03 23:00:16 +0000] [11] [INFO] Started server process [11]
[2026-04-03 23:00:16 +0000] [11] [INFO] Waiting for application startup.
[2026-04-03 23:00:16 +0000] [11] [INFO] Application startup complete.
[2026-04-03 23:00:16 +0000] [12] [INFO] Started server process [12]
[2026-04-03 23:00:16 +0000] [12] [INFO] Waiting for application startup.
[2026-04-03 23:00:16 +0000] [12] [INFO] Application startup complete.
[2026-04-03 23:00:16 +0000] [23] [INFO] Booting worker with pid: 23
[2026-04-03 23:00:16 +0000] [24] [INFO] Booting worker with pid: 24
[2026-04-03 23:00:17 +0000] [13] [INFO] Started server process [13]
[2026-04-03 23:00:17 +0000] [13] [INFO] Waiting for application startup.
[2026-04-03 23:00:17 +0000] [13] [INFO] Application startup complete.
[2026-04-03 23:00:17 +0000] [26] [INFO] Booting worker with pid: 26
[2026-04-03 23:00:17 +0000] [14] [INFO] Started server process [14]
[2026-04-03 23:00:17 +0000] [14] [INFO] Waiting for application startup.
[2026-04-03 23:00:17 +0000] [14] [INFO] Application startup complete.
[2026-04-03 23:00:17 +0000] [28] [INFO] Booting worker with pid: 28
[2026-04-03 23:00:17 +0000] [19] [INFO] Started server process [19]
[2026-04-03 23:00:17 +0000] [19] [INFO] Waiting for application startup.
[2026-04-03 23:00:17 +0000] [19] [INFO] Application startup complete.
[2026-04-03 23:00:17 +0000] [20] [INFO] Started server process [20]
[2026-04-03 23:00:17 +0000] [20] [INFO] Waiting for application startup.
[2026-04-03 23:00:17 +0000] [20] [INFO] Application startup complete.
[2026-04-03 23:00:17 +0000] [31] [INFO] Booting worker with pid: 31
[2026-04-03 23:00:17 +0000] [33] [INFO] Booting worker with pid: 33
[2026-04-03 23:00:17 +0000] [23] [INFO] Started server process [23]
[2026-04-03 23:00:17 +0000] [23] [INFO] Waiting for application startup.
[2026-04-03 23:00:17 +0000] [23] [INFO] Application startup complete.
[2026-04-03 23:00:17 +0000] [24] [INFO] Started server process [24]
[2026-04-03 23:00:17 +0000] [24] [INFO] Waiting for application startup.
[2026-04-03 23:00:17 +0000] [24] [INFO] Application startup complete.
[2026-04-03 23:00:17 +0000] [35] [INFO] Booting worker with pid: 35
[2026-04-03 23:00:17 +0000] [26] [INFO] Started server process [26]
[2026-04-03 23:00:17 +0000] [26] [INFO] Waiting for application startup.
[2026-04-03 23:00:17 +0000] [26] [INFO] Application startup complete.
[2026-04-03 23:00:17 +0000] [38] [INFO] Booting worker with pid: 38
[2026-04-03 23:00:17 +0000] [39] [INFO] Booting worker with pid: 39
[2026-04-03 23:00:17 +0000] [28] [INFO] Started server process [28]
[2026-04-03 23:00:17 +0000] [28] [INFO] Waiting for application startup.
[2026-04-03 23:00:17 +0000] [28] [INFO] Application startup complete.
[2026-04-03 23:00:17 +0000] [40] [INFO] Booting worker with pid: 40
[2026-04-03 23:00:17 +0000] [41] [INFO] Booting worker with pid: 41
[2026-04-03 23:00:17 +0000] [31] [INFO] Started server process [31]
[2026-04-03 23:00:17 +0000] [31] [INFO] Waiting for application startup.
[2026-04-03 23:00:17 +0000] [31] [INFO] Application startup complete.
[2026-04-03 23:00:17 +0000] [44] [INFO] Booting worker with pid: 44
[2026-04-03 23:00:17 +0000] [33] [INFO] Started server process [33]
[2026-04-03 23:00:17 +0000] [33] [INFO] Waiting for application startup.
[2026-04-03 23:00:17 +0000] [33] [INFO] Application startup complete.
[2026-04-03 23:00:17 +0000] [46] [INFO] Booting worker with pid: 46
[2026-04-03 23:00:17 +0000] [35] [INFO] Started server process [35]
[2026-04-03 23:00:17 +0000] [35] [INFO] Waiting for application startup.
[2026-04-03 23:00:17 +0000] [35] [INFO] Application startup complete.
[2026-04-03 23:00:17 +0000] [48] [INFO] Booting worker with pid: 48
[2026-04-03 23:00:17 +0000] [49] [INFO] Booting worker with pid: 49
[2026-04-03 23:00:17 +0000] [38] [INFO] Started server process [38]
[2026-04-03 23:00:17 +0000] [38] [INFO] Waiting for application startup.
[2026-04-03 23:00:17 +0000] [38] [INFO] Application startup complete.
[2026-04-03 23:00:17 +0000] [53] [INFO] Booting worker with pid: 53
[2026-04-03 23:00:17 +0000] [40] [INFO] Started server process [40]
[2026-04-03 23:00:17 +0000] [40] [INFO] Waiting for application startup.
[2026-04-03 23:00:17 +0000] [40] [INFO] Application startup complete.
[2026-04-03 23:00:17 +0000] [41] [INFO] Started server process [41]
[2026-04-03 23:00:17 +0000] [41] [INFO] Waiting for application startup.
[2026-04-03 23:00:17 +0000] [41] [INFO] Application startup complete.
[2026-04-03 23:00:17 +0000] [39] [INFO] Started server process [39]
[2026-04-03 23:00:17 +0000] [39] [INFO] Waiting for application startup.
[2026-04-03 23:00:17 +0000] [54] [INFO] Booting worker with pid: 54
[2026-04-03 23:00:17 +0000] [39] [INFO] Application startup complete.
[2026-04-03 23:00:17 +0000] [56] [INFO] Booting worker with pid: 56
[2026-04-03 23:00:17 +0000] [44] [INFO] Started server process [44]
[2026-04-03 23:00:17 +0000] [44] [INFO] Waiting for application startup.
[2026-04-03 23:00:17 +0000] [44] [INFO] Application startup complete.
[2026-04-03 23:00:17 +0000] [57] [INFO] Booting worker with pid: 57
[2026-04-03 23:00:17 +0000] [59] [INFO] Booting worker with pid: 59
[2026-04-03 23:00:17 +0000] [46] [INFO] Started server process [46]
[2026-04-03 23:00:17 +0000] [46] [INFO] Waiting for application startup.
[2026-04-03 23:00:17 +0000] [46] [INFO] Application startup complete.
[2026-04-03 23:00:17 +0000] [60] [INFO] Booting worker with pid: 60
[2026-04-03 23:00:17 +0000] [48] [INFO] Started server process [48]
[2026-04-03 23:00:17 +0000] [48] [INFO] Waiting for application startup.
[2026-04-03 23:00:17 +0000] [48] [INFO] Application startup complete.
[2026-04-03 23:00:17 +0000] [49] [INFO] Started server process [49]
[2026-04-03 23:00:17 +0000] [49] [INFO] Waiting for application startup.
[2026-04-03 23:00:17 +0000] [49] [INFO] Application startup complete.
[2026-04-03 23:00:17 +0000] [64] [INFO] Booting worker with pid: 64
[2026-04-03 23:00:17 +0000] [53] [INFO] Started server process [53]
[2026-04-03 23:00:17 +0000] [53] [INFO] Waiting for application startup.
[2026-04-03 23:00:17 +0000] [53] [INFO] Application startup complete.
[2026-04-03 23:00:17 +0000] [54] [INFO] Started server process [54]
[2026-04-03 23:00:17 +0000] [54] [INFO] Waiting for application startup.
[2026-04-03 23:00:17 +0000] [54] [INFO] Application startup complete.
[2026-04-03 23:00:17 +0000] [66] [INFO] Booting worker with pid: 66
[2026-04-03 23:00:17 +0000] [67] [INFO] Booting worker with pid: 67
[2026-04-03 23:00:18 +0000] [56] [INFO] Started server process [56]
[2026-04-03 23:00:18 +0000] [56] [INFO] Waiting for application startup.
[2026-04-03 23:00:18 +0000] [56] [INFO] Application startup complete.
[2026-04-03 23:00:18 +0000] [57] [INFO] Started server process [57]
[2026-04-03 23:00:18 +0000] [57] [INFO] Waiting for application startup.
[2026-04-03 23:00:18 +0000] [57] [INFO] Application startup complete.
[2026-04-03 23:00:18 +0000] [71] [INFO] Booting worker with pid: 71
[2026-04-03 23:00:18 +0000] [72] [INFO] Booting worker with pid: 72
[2026-04-03 23:00:18 +0000] [59] [INFO] Started server process [59]
[2026-04-03 23:00:18 +0000] [59] [INFO] Waiting for application startup.
[2026-04-03 23:00:18 +0000] [59] [INFO] Application startup complete.
[2026-04-03 23:00:18 +0000] [74] [INFO] Booting worker with pid: 74
[2026-04-03 23:00:18 +0000] [60] [INFO] Started server process [60]
[2026-04-03 23:00:18 +0000] [60] [INFO] Waiting for application startup.
[2026-04-03 23:00:18 +0000] [60] [INFO] Application startup complete.
[2026-04-03 23:00:18 +0000] [75] [INFO] Booting worker with pid: 75
[2026-04-03 23:00:18 +0000] [64] [INFO] Started server process [64]
[2026-04-03 23:00:18 +0000] [64] [INFO] Waiting for application startup.
[2026-04-03 23:00:18 +0000] [64] [INFO] Application startup complete.
[2026-04-03 23:00:18 +0000] [79] [INFO] Booting worker with pid: 79
[2026-04-03 23:00:18 +0000] [66] [INFO] Started server process [66]
[2026-04-03 23:00:18 +0000] [66] [INFO] Waiting for application startup.
[2026-04-03 23:00:18 +0000] [66] [INFO] Application startup complete.
[2026-04-03 23:00:18 +0000] [67] [INFO] Started server process [67]
[2026-04-03 23:00:18 +0000] [67] [INFO] Waiting for application startup.
[2026-04-03 23:00:18 +0000] [67] [INFO] Application startup complete.
[2026-04-03 23:00:18 +0000] [80] [INFO] Booting worker with pid: 80
[2026-04-03 23:00:18 +0000] [82] [INFO] Booting worker with pid: 82
[2026-04-03 23:00:18 +0000] [71] [INFO] Started server process [71]
[2026-04-03 23:00:18 +0000] [71] [INFO] Waiting for application startup.
[2026-04-03 23:00:18 +0000] [71] [INFO] Application startup complete.
[2026-04-03 23:00:18 +0000] [72] [INFO] Started server process [72]
[2026-04-03 23:00:18 +0000] [72] [INFO] Waiting for application startup.
[2026-04-03 23:00:18 +0000] [72] [INFO] Application startup complete.
[2026-04-03 23:00:18 +0000] [84] [INFO] Booting worker with pid: 84
[2026-04-03 23:00:18 +0000] [74] [INFO] Started server process [74]
[2026-04-03 23:00:18 +0000] [74] [INFO] Waiting for application startup.
[2026-04-03 23:00:18 +0000] [74] [INFO] Application startup complete.
[2026-04-03 23:00:18 +0000] [75] [INFO] Started server process [75]
[2026-04-03 23:00:18 +0000] [75] [INFO] Waiting for application startup.
[2026-04-03 23:00:18 +0000] [75] [INFO] Application startup complete.
[2026-04-03 23:00:18 +0000] [87] [INFO] Booting worker with pid: 87
[2026-04-03 23:00:18 +0000] [79] [INFO] Started server process [79]
[2026-04-03 23:00:18 +0000] [79] [INFO] Waiting for application startup.
[2026-04-03 23:00:18 +0000] [79] [INFO] Application startup complete.
[2026-04-03 23:00:18 +0000] [89] [INFO] Booting worker with pid: 89
[2026-04-03 23:00:18 +0000] [80] [INFO] Started server process [80]
[2026-04-03 23:00:18 +0000] [80] [INFO] Waiting for application startup.
[2026-04-03 23:00:18 +0000] [80] [INFO] Application startup complete.
[2026-04-03 23:00:18 +0000] [82] [INFO] Started server process [82]
[2026-04-03 23:00:18 +0000] [82] [INFO] Waiting for application startup.
[2026-04-03 23:00:18 +0000] [82] [INFO] Application startup complete.
[2026-04-03 23:00:18 +0000] [92] [INFO] Booting worker with pid: 92
[2026-04-03 23:00:18 +0000] [94] [INFO] Booting worker with pid: 94
[2026-04-03 23:00:18 +0000] [84] [INFO] Started server process [84]
[2026-04-03 23:00:18 +0000] [84] [INFO] Waiting for application startup.
[2026-04-03 23:00:18 +0000] [84] [INFO] Application startup complete.
[2026-04-03 23:00:18 +0000] [95] [INFO] Booting worker with pid: 95
[2026-04-03 23:00:18 +0000] [96] [INFO] Booting worker with pid: 96
[2026-04-03 23:00:18 +0000] [87] [INFO] Started server process [87]
[2026-04-03 23:00:18 +0000] [87] [INFO] Waiting for application startup.
[2026-04-03 23:00:18 +0000] [87] [INFO] Application startup complete.
[2026-04-03 23:00:18 +0000] [98] [INFO] Booting worker with pid: 98
[2026-04-03 23:00:18 +0000] [99] [INFO] Booting worker with pid: 99
[2026-04-03 23:00:18 +0000] [89] [INFO] Started server process [89]
[2026-04-03 23:00:18 +0000] [89] [INFO] Waiting for application startup.
[2026-04-03 23:00:18 +0000] [89] [INFO] Application startup complete.
[2026-04-03 23:00:18 +0000] [101] [INFO] Booting worker with pid: 101
[2026-04-03 23:00:18 +0000] [102] [INFO] Booting worker with pid: 102
[2026-04-03 23:00:18 +0000] [103] [INFO] Booting worker with pid: 103
[2026-04-03 23:00:18 +0000] [105] [INFO] Booting worker with pid: 105
[2026-04-03 23:00:18 +0000] [92] [INFO] Started server process [92]
[2026-04-03 23:00:18 +0000] [92] [INFO] Waiting for application startup.
[2026-04-03 23:00:18 +0000] [92] [INFO] Application startup complete.
[2026-04-03 23:00:18 +0000] [94] [INFO] Started server process [94]
[2026-04-03 23:00:18 +0000] [94] [INFO] Waiting for application startup.
[2026-04-03 23:00:18 +0000] [94] [INFO] Application startup complete.
[2026-04-03 23:00:18 +0000] [107] [INFO] Booting worker with pid: 107
[2026-04-03 23:00:18 +0000] [95] [INFO] Started server process [95]
[2026-04-03 23:00:18 +0000] [95] [INFO] Waiting for application startup.
[2026-04-03 23:00:18 +0000] [95] [INFO] Application startup complete.
[2026-04-03 23:00:19 +0000] [96] [INFO] Started server process [96]
[2026-04-03 23:00:19 +0000] [96] [INFO] Waiting for application startup.
[2026-04-03 23:00:19 +0000] [96] [INFO] Application startup complete.
[2026-04-03 23:00:19 +0000] [98] [INFO] Started server process [98]
[2026-04-03 23:00:19 +0000] [98] [INFO] Waiting for application startup.
[2026-04-03 23:00:19 +0000] [98] [INFO] Application startup complete.
[2026-04-03 23:00:19 +0000] [112] [INFO] Booting worker with pid: 112
[2026-04-03 23:00:19 +0000] [99] [INFO] Started server process [99]
[2026-04-03 23:00:19 +0000] [99] [INFO] Waiting for application startup.
[2026-04-03 23:00:19 +0000] [99] [INFO] Application startup complete.
[2026-04-03 23:00:19 +0000] [113] [INFO] Booting worker with pid: 113
[2026-04-03 23:00:19 +0000] [114] [INFO] Booting worker with pid: 114
[2026-04-03 23:00:19 +0000] [101] [INFO] Started server process [101]
[2026-04-03 23:00:19 +0000] [101] [INFO] Waiting for application startup.
[2026-04-03 23:00:19 +0000] [101] [INFO] Application startup complete.
[2026-04-03 23:00:19 +0000] [102] [INFO] Started server process [102]
[2026-04-03 23:00:19 +0000] [102] [INFO] Waiting for application startup.
[2026-04-03 23:00:19 +0000] [102] [INFO] Application startup complete.
[2026-04-03 23:00:19 +0000] [103] [INFO] Started server process [103]
[2026-04-03 23:00:19 +0000] [103] [INFO] Waiting for application startup.
[2026-04-03 23:00:19 +0000] [103] [INFO] Application startup complete.
[2026-04-03 23:00:19 +0000] [105] [INFO] Started server process [105]
[2026-04-03 23:00:19 +0000] [105] [INFO] Waiting for application startup.
[2026-04-03 23:00:19 +0000] [105] [INFO] Application startup complete.
[2026-04-03 23:00:19 +0000] [120] [INFO] Booting worker with pid: 120
[2026-04-03 23:00:19 +0000] [107] [INFO] Started server process [107]
[2026-04-03 23:00:19 +0000] [107] [INFO] Waiting for application startup.
[2026-04-03 23:00:19 +0000] [107] [INFO] Application startup complete.
[2026-04-03 23:00:19 +0000] [122] [INFO] Booting worker with pid: 122
[2026-04-03 23:00:19 +0000] [112] [INFO] Started server process [112]
[2026-04-03 23:00:19 +0000] [112] [INFO] Waiting for application startup.
[2026-04-03 23:00:19 +0000] [112] [INFO] Application startup complete.
[2026-04-03 23:00:19 +0000] [113] [INFO] Started server process [113]
[2026-04-03 23:00:19 +0000] [113] [INFO] Waiting for application startup.
[2026-04-03 23:00:19 +0000] [113] [INFO] Application startup complete.
[2026-04-03 23:00:19 +0000] [114] [INFO] Started server process [114]
[2026-04-03 23:00:19 +0000] [114] [INFO] Waiting for application startup.
[2026-04-03 23:00:19 +0000] [114] [INFO] Application startup complete.
[2026-04-03 23:00:19 +0000] [125] [INFO] Booting worker with pid: 125
[2026-04-03 23:00:19 +0000] [126] [INFO] Booting worker with pid: 126
[2026-04-03 23:00:19 +0000] [127] [INFO] Booting worker with pid: 127
[2026-04-03 23:00:19 +0000] [128] [INFO] Booting worker with pid: 128
[2026-04-03 23:00:19 +0000] [120] [INFO] Started server process [120]
[2026-04-03 23:00:19 +0000] [120] [INFO] Waiting for application startup.
[2026-04-03 23:00:19 +0000] [120] [INFO] Application startup complete.
[2026-04-03 23:00:19 +0000] [122] [INFO] Started server process [122]
[2026-04-03 23:00:19 +0000] [122] [INFO] Waiting for application startup.
[2026-04-03 23:00:19 +0000] [122] [INFO] Application startup complete.
[2026-04-03 23:00:19 +0000] [125] [INFO] Started server process [125]
[2026-04-03 23:00:19 +0000] [125] [INFO] Waiting for application startup.
[2026-04-03 23:00:19 +0000] [125] [INFO] Application startup complete.
[2026-04-03 23:00:19 +0000] [126] [INFO] Started server process [126]
[2026-04-03 23:00:19 +0000] [126] [INFO] Waiting for application startup.
[2026-04-03 23:00:19 +0000] [126] [INFO] Application startup complete.
[2026-04-03 23:00:19 +0000] [127] [INFO] Started server process [127]
[2026-04-03 23:00:19 +0000] [127] [INFO] Waiting for application startup.
[2026-04-03 23:00:19 +0000] [127] [INFO] Application startup complete.
[2026-04-03 23:00:19 +0000] [128] [INFO] Started server process [128]
[2026-04-03 23:00:19 +0000] [128] [INFO] Waiting for application startup.
[2026-04-03 23:00:19 +0000] [128] [INFO] Application startup complete.
