[2026-04-04 07:22:07 +0000] [1] [INFO] Starting gunicorn 23.0.0
[2026-04-04 07:22:07 +0000] [1] [INFO] Listening at: http://0.0.0.0:8080 (1)
[2026-04-04 07:22:07 +0000] [1] [INFO] Using worker: uvicorn.workers.UvicornWorker
[2026-04-04 07:22:07 +0000] [7] [INFO] Booting worker with pid: 7
[2026-04-04 07:22:07 +0000] [8] [INFO] Booting worker with pid: 8
[2026-04-04 07:22:07 +0000] [9] [INFO] Booting worker with pid: 9
[2026-04-04 07:22:08 +0000] [13] [INFO] Booting worker with pid: 13
[2026-04-04 07:22:08 +0000] [7] [INFO] Started server process [7]
[2026-04-04 07:22:08 +0000] [8] [INFO] Started server process [8]
[2026-04-04 07:22:08 +0000] [9] [INFO] Started server process [9]
[2026-04-04 07:22:08 +0000] [8] [INFO] Waiting for application startup.
[2026-04-04 07:22:08 +0000] [7] [INFO] Waiting for application startup.
[2026-04-04 07:22:08 +0000] [9] [INFO] Waiting for application startup.
[2026-04-04 07:22:08 +0000] [8] [INFO] Application startup complete.
[2026-04-04 07:22:08 +0000] [7] [INFO] Application startup complete.
[2026-04-04 07:22:08 +0000] [9] [INFO] Application startup complete.
[2026-04-04 07:22:08 +0000] [13] [INFO] Started server process [13]
[2026-04-04 07:22:08 +0000] [13] [INFO] Waiting for application startup.
[2026-04-04 07:22:08 +0000] [13] [INFO] Application startup complete.
[2026-04-04 07:22:08 +0000] [15] [INFO] Booting worker with pid: 15
[2026-04-04 07:22:08 +0000] [15] [INFO] Started server process [15]
[2026-04-04 07:22:08 +0000] [15] [INFO] Waiting for application startup.
[2026-04-04 07:22:08 +0000] [15] [INFO] Application startup complete.
[2026-04-04 07:22:08 +0000] [17] [INFO] Booting worker with pid: 17
[2026-04-04 07:22:08 +0000] [18] [INFO] Booting worker with pid: 18
[2026-04-04 07:22:08 +0000] [19] [INFO] Booting worker with pid: 19
[2026-04-04 07:22:08 +0000] [17] [INFO] Started server process [17]
[2026-04-04 07:22:08 +0000] [17] [INFO] Waiting for application startup.
[2026-04-04 07:22:08 +0000] [17] [INFO] Application startup complete.
[2026-04-04 07:22:08 +0000] [18] [INFO] Started server process [18]
[2026-04-04 07:22:08 +0000] [18] [INFO] Waiting for application startup.
[2026-04-04 07:22:08 +0000] [18] [INFO] Application startup complete.
[2026-04-04 07:22:08 +0000] [22] [INFO] Booting worker with pid: 22
[2026-04-04 07:22:08 +0000] [19] [INFO] Started server process [19]
[2026-04-04 07:22:08 +0000] [19] [INFO] Waiting for application startup.
[2026-04-04 07:22:08 +0000] [19] [INFO] Application startup complete.
[2026-04-04 07:22:08 +0000] [24] [INFO] Booting worker with pid: 24
[2026-04-04 07:22:08 +0000] [22] [INFO] Started server process [22]
[2026-04-04 07:22:08 +0000] [22] [INFO] Waiting for application startup.
[2026-04-04 07:22:08 +0000] [22] [INFO] Application startup complete.
[2026-04-04 07:22:08 +0000] [27] [INFO] Booting worker with pid: 27
[2026-04-04 07:22:08 +0000] [24] [INFO] Started server process [24]
[2026-04-04 07:22:08 +0000] [24] [INFO] Waiting for application startup.
[2026-04-04 07:22:08 +0000] [24] [INFO] Application startup complete.
[2026-04-04 07:22:08 +0000] [27] [INFO] Started server process [27]
[2026-04-04 07:22:08 +0000] [27] [INFO] Waiting for application startup.
[2026-04-04 07:22:08 +0000] [27] [INFO] Application startup complete.
[2026-04-04 07:22:08 +0000] [29] [INFO] Booting worker with pid: 29
[2026-04-04 07:22:08 +0000] [29] [INFO] Started server process [29]
[2026-04-04 07:22:08 +0000] [29] [INFO] Waiting for application startup.
[2026-04-04 07:22:08 +0000] [29] [INFO] Application startup complete.
[2026-04-04 07:22:08 +0000] [31] [INFO] Booting worker with pid: 31
[2026-04-04 07:22:08 +0000] [32] [INFO] Booting worker with pid: 32
[2026-04-04 07:22:08 +0000] [31] [INFO] Started server process [31]
[2026-04-04 07:22:08 +0000] [31] [INFO] Waiting for application startup.
[2026-04-04 07:22:08 +0000] [31] [INFO] Application startup complete.
[2026-04-04 07:22:08 +0000] [35] [INFO] Booting worker with pid: 35
[2026-04-04 07:22:08 +0000] [32] [INFO] Started server process [32]
[2026-04-04 07:22:08 +0000] [32] [INFO] Waiting for application startup.
[2026-04-04 07:22:08 +0000] [32] [INFO] Application startup complete.
[2026-04-04 07:22:08 +0000] [36] [INFO] Booting worker with pid: 36
[2026-04-04 07:22:08 +0000] [35] [INFO] Started server process [35]
[2026-04-04 07:22:08 +0000] [35] [INFO] Waiting for application startup.
[2026-04-04 07:22:08 +0000] [35] [INFO] Application startup complete.
[2026-04-04 07:22:08 +0000] [36] [INFO] Started server process [36]
[2026-04-04 07:22:08 +0000] [36] [INFO] Waiting for application startup.
[2026-04-04 07:22:08 +0000] [36] [INFO] Application startup complete.
[2026-04-04 07:22:08 +0000] [39] [INFO] Booting worker with pid: 39
[2026-04-04 07:22:08 +0000] [40] [INFO] Booting worker with pid: 40
[2026-04-04 07:22:08 +0000] [42] [INFO] Booting worker with pid: 42
[2026-04-04 07:22:08 +0000] [39] [INFO] Started server process [39]
[2026-04-04 07:22:08 +0000] [39] [INFO] Waiting for application startup.
[2026-04-04 07:22:08 +0000] [39] [INFO] Application startup complete.
[2026-04-04 07:22:08 +0000] [40] [INFO] Started server process [40]
[2026-04-04 07:22:08 +0000] [40] [INFO] Waiting for application startup.
[2026-04-04 07:22:08 +0000] [40] [INFO] Application startup complete.
[2026-04-04 07:22:09 +0000] [42] [INFO] Started server process [42]
[2026-04-04 07:22:09 +0000] [42] [INFO] Waiting for application startup.
[2026-04-04 07:22:09 +0000] [42] [INFO] Application startup complete.
[2026-04-04 07:22:09 +0000] [45] [INFO] Booting worker with pid: 45
[2026-04-04 07:22:09 +0000] [45] [INFO] Started server process [45]
[2026-04-04 07:22:09 +0000] [45] [INFO] Waiting for application startup.
[2026-04-04 07:22:09 +0000] [45] [INFO] Application startup complete.
[2026-04-04 07:22:09 +0000] [47] [INFO] Booting worker with pid: 47
[2026-04-04 07:22:09 +0000] [49] [INFO] Booting worker with pid: 49
[2026-04-04 07:22:09 +0000] [47] [INFO] Started server process [47]
[2026-04-04 07:22:09 +0000] [47] [INFO] Waiting for application startup.
[2026-04-04 07:22:09 +0000] [47] [INFO] Application startup complete.
[2026-04-04 07:22:09 +0000] [50] [INFO] Booting worker with pid: 50
[2026-04-04 07:22:09 +0000] [49] [INFO] Started server process [49]
[2026-04-04 07:22:09 +0000] [49] [INFO] Waiting for application startup.
[2026-04-04 07:22:09 +0000] [49] [INFO] Application startup complete.
[2026-04-04 07:22:09 +0000] [52] [INFO] Booting worker with pid: 52
[2026-04-04 07:22:09 +0000] [54] [INFO] Booting worker with pid: 54
[2026-04-04 07:22:09 +0000] [50] [INFO] Started server process [50]
[2026-04-04 07:22:09 +0000] [50] [INFO] Waiting for application startup.
[2026-04-04 07:22:09 +0000] [50] [INFO] Application startup complete.
[2026-04-04 07:22:09 +0000] [55] [INFO] Booting worker with pid: 55
[2026-04-04 07:22:09 +0000] [52] [INFO] Started server process [52]
[2026-04-04 07:22:09 +0000] [52] [INFO] Waiting for application startup.
[2026-04-04 07:22:09 +0000] [52] [INFO] Application startup complete.
[2026-04-04 07:22:09 +0000] [54] [INFO] Started server process [54]
[2026-04-04 07:22:09 +0000] [54] [INFO] Waiting for application startup.
[2026-04-04 07:22:09 +0000] [54] [INFO] Application startup complete.
[2026-04-04 07:22:09 +0000] [58] [INFO] Booting worker with pid: 58
[2026-04-04 07:22:09 +0000] [55] [INFO] Started server process [55]
[2026-04-04 07:22:09 +0000] [55] [INFO] Waiting for application startup.
[2026-04-04 07:22:09 +0000] [55] [INFO] Application startup complete.
[2026-04-04 07:22:09 +0000] [58] [INFO] Started server process [58]
[2026-04-04 07:22:09 +0000] [58] [INFO] Waiting for application startup.
[2026-04-04 07:22:09 +0000] [58] [INFO] Application startup complete.
[2026-04-04 07:22:09 +0000] [61] [INFO] Booting worker with pid: 61
[2026-04-04 07:22:09 +0000] [61] [INFO] Started server process [61]
[2026-04-04 07:22:09 +0000] [61] [INFO] Waiting for application startup.
[2026-04-04 07:22:09 +0000] [61] [INFO] Application startup complete.
[2026-04-04 07:22:09 +0000] [63] [INFO] Booting worker with pid: 63
[2026-04-04 07:22:09 +0000] [65] [INFO] Booting worker with pid: 65
[2026-04-04 07:22:09 +0000] [63] [INFO] Started server process [63]
[2026-04-04 07:22:09 +0000] [63] [INFO] Waiting for application startup.
[2026-04-04 07:22:09 +0000] [63] [INFO] Application startup complete.
[2026-04-04 07:22:09 +0000] [65] [INFO] Started server process [65]
[2026-04-04 07:22:09 +0000] [65] [INFO] Waiting for application startup.
[2026-04-04 07:22:09 +0000] [65] [INFO] Application startup complete.
[2026-04-04 07:22:09 +0000] [67] [INFO] Booting worker with pid: 67
[2026-04-04 07:22:09 +0000] [69] [INFO] Booting worker with pid: 69
[2026-04-04 07:22:09 +0000] [67] [INFO] Started server process [67]
[2026-04-04 07:22:09 +0000] [67] [INFO] Waiting for application startup.
[2026-04-04 07:22:09 +0000] [67] [INFO] Application startup complete.
[2026-04-04 07:22:09 +0000] [69] [INFO] Started server process [69]
[2026-04-04 07:22:09 +0000] [69] [INFO] Waiting for application startup.
[2026-04-04 07:22:09 +0000] [69] [INFO] Application startup complete.
[2026-04-04 07:22:09 +0000] [71] [INFO] Booting worker with pid: 71
[2026-04-04 07:22:09 +0000] [72] [INFO] Booting worker with pid: 72
[2026-04-04 07:22:09 +0000] [71] [INFO] Started server process [71]
[2026-04-04 07:22:09 +0000] [71] [INFO] Waiting for application startup.
[2026-04-04 07:22:09 +0000] [71] [INFO] Application startup complete.
[2026-04-04 07:22:09 +0000] [74] [INFO] Booting worker with pid: 74
[2026-04-04 07:22:09 +0000] [76] [INFO] Booting worker with pid: 76
[2026-04-04 07:22:09 +0000] [72] [INFO] Started server process [72]
[2026-04-04 07:22:09 +0000] [72] [INFO] Waiting for application startup.
[2026-04-04 07:22:09 +0000] [72] [INFO] Application startup complete.
[2026-04-04 07:22:10 +0000] [74] [INFO] Started server process [74]
[2026-04-04 07:22:10 +0000] [74] [INFO] Waiting for application startup.
[2026-04-04 07:22:10 +0000] [74] [INFO] Application startup complete.
[2026-04-04 07:22:10 +0000] [76] [INFO] Started server process [76]
[2026-04-04 07:22:10 +0000] [76] [INFO] Waiting for application startup.
[2026-04-04 07:22:10 +0000] [76] [INFO] Application startup complete.
[2026-04-04 07:22:10 +0000] [79] [INFO] Booting worker with pid: 79
[2026-04-04 07:22:10 +0000] [79] [INFO] Started server process [79]
[2026-04-04 07:22:10 +0000] [79] [INFO] Waiting for application startup.
[2026-04-04 07:22:10 +0000] [79] [INFO] Application startup complete.
[2026-04-04 07:22:10 +0000] [81] [INFO] Booting worker with pid: 81
[2026-04-04 07:22:10 +0000] [81] [INFO] Started server process [81]
[2026-04-04 07:22:10 +0000] [81] [INFO] Waiting for application startup.
[2026-04-04 07:22:10 +0000] [81] [INFO] Application startup complete.
[2026-04-04 07:22:10 +0000] [83] [INFO] Booting worker with pid: 83
[2026-04-04 07:22:10 +0000] [83] [INFO] Started server process [83]
[2026-04-04 07:22:10 +0000] [83] [INFO] Waiting for application startup.
[2026-04-04 07:22:10 +0000] [83] [INFO] Application startup complete.
[2026-04-04 07:22:10 +0000] [85] [INFO] Booting worker with pid: 85
[2026-04-04 07:22:10 +0000] [85] [INFO] Started server process [85]
[2026-04-04 07:22:10 +0000] [85] [INFO] Waiting for application startup.
[2026-04-04 07:22:10 +0000] [85] [INFO] Application startup complete.
[2026-04-04 07:22:10 +0000] [87] [INFO] Booting worker with pid: 87
[2026-04-04 07:22:10 +0000] [88] [INFO] Booting worker with pid: 88
[2026-04-04 07:22:10 +0000] [90] [INFO] Booting worker with pid: 90
[2026-04-04 07:22:10 +0000] [87] [INFO] Started server process [87]
[2026-04-04 07:22:10 +0000] [87] [INFO] Waiting for application startup.
[2026-04-04 07:22:10 +0000] [87] [INFO] Application startup complete.
[2026-04-04 07:22:10 +0000] [88] [INFO] Started server process [88]
[2026-04-04 07:22:10 +0000] [88] [INFO] Waiting for application startup.
[2026-04-04 07:22:10 +0000] [88] [INFO] Application startup complete.
[2026-04-04 07:22:10 +0000] [92] [INFO] Booting worker with pid: 92
[2026-04-04 07:22:10 +0000] [94] [INFO] Booting worker with pid: 94
[2026-04-04 07:22:10 +0000] [90] [INFO] Started server process [90]
[2026-04-04 07:22:10 +0000] [90] [INFO] Waiting for application startup.
[2026-04-04 07:22:10 +0000] [90] [INFO] Application startup complete.
[2026-04-04 07:22:10 +0000] [92] [INFO] Started server process [92]
[2026-04-04 07:22:10 +0000] [92] [INFO] Waiting for application startup.
[2026-04-04 07:22:10 +0000] [92] [INFO] Application startup complete.
[2026-04-04 07:22:10 +0000] [97] [INFO] Booting worker with pid: 97
[2026-04-04 07:22:10 +0000] [94] [INFO] Started server process [94]
[2026-04-04 07:22:10 +0000] [94] [INFO] Waiting for application startup.
[2026-04-04 07:22:10 +0000] [94] [INFO] Application startup complete.
[2026-04-04 07:22:10 +0000] [97] [INFO] Started server process [97]
[2026-04-04 07:22:10 +0000] [97] [INFO] Waiting for application startup.
[2026-04-04 07:22:10 +0000] [97] [INFO] Application startup complete.
[2026-04-04 07:22:10 +0000] [99] [INFO] Booting worker with pid: 99
[2026-04-04 07:22:10 +0000] [99] [INFO] Started server process [99]
[2026-04-04 07:22:10 +0000] [99] [INFO] Waiting for application startup.
[2026-04-04 07:22:10 +0000] [99] [INFO] Application startup complete.
[2026-04-04 07:22:10 +0000] [101] [INFO] Booting worker with pid: 101
[2026-04-04 07:22:10 +0000] [102] [INFO] Booting worker with pid: 102
[2026-04-04 07:22:10 +0000] [101] [INFO] Started server process [101]
[2026-04-04 07:22:10 +0000] [101] [INFO] Waiting for application startup.
[2026-04-04 07:22:10 +0000] [101] [INFO] Application startup complete.
[2026-04-04 07:22:10 +0000] [104] [INFO] Booting worker with pid: 104
[2026-04-04 07:22:10 +0000] [102] [INFO] Started server process [102]
[2026-04-04 07:22:10 +0000] [102] [INFO] Waiting for application startup.
[2026-04-04 07:22:10 +0000] [102] [INFO] Application startup complete.
[2026-04-04 07:22:10 +0000] [104] [INFO] Started server process [104]
[2026-04-04 07:22:10 +0000] [104] [INFO] Waiting for application startup.
[2026-04-04 07:22:10 +0000] [104] [INFO] Application startup complete.
[2026-04-04 07:22:10 +0000] [107] [INFO] Booting worker with pid: 107
[2026-04-04 07:22:11 +0000] [108] [INFO] Booting worker with pid: 108
[2026-04-04 07:22:11 +0000] [107] [INFO] Started server process [107]
[2026-04-04 07:22:11 +0000] [107] [INFO] Waiting for application startup.
[2026-04-04 07:22:11 +0000] [107] [INFO] Application startup complete.
[2026-04-04 07:22:11 +0000] [110] [INFO] Booting worker with pid: 110
[2026-04-04 07:22:11 +0000] [111] [INFO] Booting worker with pid: 111
[2026-04-04 07:22:11 +0000] [108] [INFO] Started server process [108]
[2026-04-04 07:22:11 +0000] [108] [INFO] Waiting for application startup.
[2026-04-04 07:22:11 +0000] [108] [INFO] Application startup complete.
[2026-04-04 07:22:11 +0000] [115] [INFO] Booting worker with pid: 115
[2026-04-04 07:22:11 +0000] [110] [INFO] Started server process [110]
[2026-04-04 07:22:11 +0000] [110] [INFO] Waiting for application startup.
[2026-04-04 07:22:11 +0000] [110] [INFO] Application startup complete.
[2026-04-04 07:22:11 +0000] [111] [INFO] Started server process [111]
[2026-04-04 07:22:11 +0000] [111] [INFO] Waiting for application startup.
[2026-04-04 07:22:11 +0000] [111] [INFO] Application startup complete.
[2026-04-04 07:22:11 +0000] [115] [INFO] Started server process [115]
[2026-04-04 07:22:11 +0000] [115] [INFO] Waiting for application startup.
[2026-04-04 07:22:11 +0000] [115] [INFO] Application startup complete.
[2026-04-04 07:22:11 +0000] [117] [INFO] Booting worker with pid: 117
[2026-04-04 07:22:11 +0000] [119] [INFO] Booting worker with pid: 119
[2026-04-04 07:22:11 +0000] [117] [INFO] Started server process [117]
[2026-04-04 07:22:11 +0000] [117] [INFO] Waiting for application startup.
[2026-04-04 07:22:11 +0000] [117] [INFO] Application startup complete.
[2026-04-04 07:22:11 +0000] [120] [INFO] Booting worker with pid: 120
[2026-04-04 07:22:11 +0000] [119] [INFO] Started server process [119]
[2026-04-04 07:22:11 +0000] [119] [INFO] Waiting for application startup.
[2026-04-04 07:22:11 +0000] [119] [INFO] Application startup complete.
[2026-04-04 07:22:11 +0000] [120] [INFO] Started server process [120]
[2026-04-04 07:22:11 +0000] [120] [INFO] Waiting for application startup.
[2026-04-04 07:22:11 +0000] [120] [INFO] Application startup complete.
[2026-04-04 07:22:11 +0000] [123] [INFO] Booting worker with pid: 123
[2026-04-04 07:22:11 +0000] [123] [INFO] Started server process [123]
[2026-04-04 07:22:11 +0000] [123] [INFO] Waiting for application startup.
[2026-04-04 07:22:11 +0000] [123] [INFO] Application startup complete.
[2026-04-04 07:22:11 +0000] [125] [INFO] Booting worker with pid: 125
[2026-04-04 07:22:11 +0000] [126] [INFO] Booting worker with pid: 126
[2026-04-04 07:22:11 +0000] [125] [INFO] Started server process [125]
[2026-04-04 07:22:11 +0000] [125] [INFO] Waiting for application startup.
[2026-04-04 07:22:11 +0000] [125] [INFO] Application startup complete.
[2026-04-04 07:22:11 +0000] [128] [INFO] Booting worker with pid: 128
[2026-04-04 07:22:11 +0000] [129] [INFO] Booting worker with pid: 129
[2026-04-04 07:22:11 +0000] [126] [INFO] Started server process [126]
[2026-04-04 07:22:11 +0000] [126] [INFO] Waiting for application startup.
[2026-04-04 07:22:11 +0000] [131] [INFO] Booting worker with pid: 131
[2026-04-04 07:22:11 +0000] [126] [INFO] Application startup complete.
[2026-04-04 07:22:11 +0000] [128] [INFO] Started server process [128]
[2026-04-04 07:22:11 +0000] [128] [INFO] Waiting for application startup.
[2026-04-04 07:22:11 +0000] [128] [INFO] Application startup complete.
[2026-04-04 07:22:11 +0000] [129] [INFO] Started server process [129]
[2026-04-04 07:22:11 +0000] [129] [INFO] Waiting for application startup.
[2026-04-04 07:22:11 +0000] [129] [INFO] Application startup complete.
[2026-04-04 07:22:11 +0000] [131] [INFO] Started server process [131]
[2026-04-04 07:22:11 +0000] [131] [INFO] Waiting for application startup.
[2026-04-04 07:22:11 +0000] [131] [INFO] Application startup complete.
