[2026-04-03 23:05:59 +0000] [1] [INFO] Starting gunicorn 23.0.0
[2026-04-03 23:05:59 +0000] [1] [INFO] Listening at: http://0.0.0.0:8080 (1)
[2026-04-03 23:05:59 +0000] [1] [INFO] Using worker: uvicorn.workers.UvicornWorker
[2026-04-03 23:05:59 +0000] [7] [INFO] Booting worker with pid: 7
[2026-04-03 23:05:59 +0000] [8] [INFO] Booting worker with pid: 8
[2026-04-03 23:05:59 +0000] [9] [INFO] Booting worker with pid: 9
[2026-04-03 23:05:59 +0000] [10] [INFO] Booting worker with pid: 10
[2026-04-03 23:05:59 +0000] [12] [INFO] Booting worker with pid: 12
[2026-04-03 23:05:59 +0000] [7] [INFO] Started server process [7]
[2026-04-03 23:05:59 +0000] [7] [INFO] Waiting for application startup.
[2026-04-03 23:05:59 +0000] [7] [INFO] Application startup complete.
[2026-04-03 23:05:59 +0000] [14] [INFO] Booting worker with pid: 14
[2026-04-03 23:05:59 +0000] [8] [INFO] Started server process [8]
[2026-04-03 23:05:59 +0000] [8] [INFO] Waiting for application startup.
[2026-04-03 23:05:59 +0000] [8] [INFO] Application startup complete.
[2026-04-03 23:05:59 +0000] [9] [INFO] Started server process [9]
[2026-04-03 23:05:59 +0000] [9] [INFO] Waiting for application startup.
[2026-04-03 23:05:59 +0000] [9] [INFO] Application startup complete.
[2026-04-03 23:05:59 +0000] [17] [INFO] Booting worker with pid: 17
[2026-04-03 23:05:59 +0000] [10] [INFO] Started server process [10]
[2026-04-03 23:05:59 +0000] [10] [INFO] Waiting for application startup.
[2026-04-03 23:05:59 +0000] [10] [INFO] Application startup complete.
[2026-04-03 23:05:59 +0000] [18] [INFO] Booting worker with pid: 18
[2026-04-03 23:06:00 +0000] [19] [INFO] Booting worker with pid: 19
[2026-04-03 23:06:00 +0000] [21] [INFO] Booting worker with pid: 21
[2026-04-03 23:06:00 +0000] [12] [INFO] Started server process [12]
[2026-04-03 23:06:00 +0000] [12] [INFO] Waiting for application startup.
[2026-04-03 23:06:00 +0000] [12] [INFO] Application startup complete.
[2026-04-03 23:06:00 +0000] [22] [INFO] Booting worker with pid: 22
[2026-04-03 23:06:00 +0000] [14] [INFO] Started server process [14]
[2026-04-03 23:06:00 +0000] [14] [INFO] Waiting for application startup.
[2026-04-03 23:06:00 +0000] [14] [INFO] Application startup complete.
[2026-04-03 23:06:00 +0000] [24] [INFO] Booting worker with pid: 24
[2026-04-03 23:06:00 +0000] [26] [INFO] Booting worker with pid: 26
[2026-04-03 23:06:00 +0000] [17] [INFO] Started server process [17]
[2026-04-03 23:06:00 +0000] [17] [INFO] Waiting for application startup.
[2026-04-03 23:06:00 +0000] [17] [INFO] Application startup complete.
[2026-04-03 23:06:00 +0000] [27] [INFO] Booting worker with pid: 27
[2026-04-03 23:06:00 +0000] [28] [INFO] Booting worker with pid: 28
[2026-04-03 23:06:00 +0000] [18] [INFO] Started server process [18]
[2026-04-03 23:06:00 +0000] [18] [INFO] Waiting for application startup.
[2026-04-03 23:06:00 +0000] [18] [INFO] Application startup complete.
[2026-04-03 23:06:00 +0000] [31] [INFO] Booting worker with pid: 31
[2026-04-03 23:06:00 +0000] [19] [INFO] Started server process [19]
[2026-04-03 23:06:00 +0000] [19] [INFO] Waiting for application startup.
[2026-04-03 23:06:00 +0000] [19] [INFO] Application startup complete.
[2026-04-03 23:06:00 +0000] [21] [INFO] Started server process [21]
[2026-04-03 23:06:00 +0000] [21] [INFO] Waiting for application startup.
[2026-04-03 23:06:00 +0000] [21] [INFO] Application startup complete.
[2026-04-03 23:06:00 +0000] [33] [INFO] Booting worker with pid: 33
[2026-04-03 23:06:00 +0000] [22] [INFO] Started server process [22]
[2026-04-03 23:06:00 +0000] [22] [INFO] Waiting for application startup.
[2026-04-03 23:06:00 +0000] [22] [INFO] Application startup complete.
[2026-04-03 23:06:00 +0000] [35] [INFO] Booting worker with pid: 35
[2026-04-03 23:06:00 +0000] [36] [INFO] Booting worker with pid: 36
[2026-04-03 23:06:00 +0000] [37] [INFO] Booting worker with pid: 37
[2026-04-03 23:06:00 +0000] [24] [INFO] Started server process [24]
[2026-04-03 23:06:00 +0000] [24] [INFO] Waiting for application startup.
[2026-04-03 23:06:00 +0000] [24] [INFO] Application startup complete.
[2026-04-03 23:06:00 +0000] [26] [INFO] Started server process [26]
[2026-04-03 23:06:00 +0000] [26] [INFO] Waiting for application startup.
[2026-04-03 23:06:00 +0000] [26] [INFO] Application startup complete.
[2026-04-03 23:06:00 +0000] [42] [INFO] Booting worker with pid: 42
[2026-04-03 23:06:00 +0000] [28] [INFO] Started server process [28]
[2026-04-03 23:06:00 +0000] [28] [INFO] Waiting for application startup.
[2026-04-03 23:06:00 +0000] [28] [INFO] Application startup complete.
[2026-04-03 23:06:00 +0000] [27] [INFO] Started server process [27]
[2026-04-03 23:06:00 +0000] [27] [INFO] Waiting for application startup.
[2026-04-03 23:06:00 +0000] [27] [INFO] Application startup complete.
[2026-04-03 23:06:00 +0000] [43] [INFO] Booting worker with pid: 43
[2026-04-03 23:06:00 +0000] [45] [INFO] Booting worker with pid: 45
[2026-04-03 23:06:00 +0000] [31] [INFO] Started server process [31]
[2026-04-03 23:06:00 +0000] [31] [INFO] Waiting for application startup.
[2026-04-03 23:06:00 +0000] [31] [INFO] Application startup complete.
[2026-04-03 23:06:00 +0000] [33] [INFO] Started server process [33]
[2026-04-03 23:06:00 +0000] [33] [INFO] Waiting for application startup.
[2026-04-03 23:06:00 +0000] [33] [INFO] Application startup complete.
[2026-04-03 23:06:00 +0000] [36] [INFO] Started server process [36]
[2026-04-03 23:06:00 +0000] [36] [INFO] Waiting for application startup.
[2026-04-03 23:06:00 +0000] [36] [INFO] Application startup complete.
[2026-04-03 23:06:00 +0000] [35] [INFO] Started server process [35]
[2026-04-03 23:06:00 +0000] [35] [INFO] Waiting for application startup.
[2026-04-03 23:06:00 +0000] [35] [INFO] Application startup complete.
[2026-04-03 23:06:00 +0000] [49] [INFO] Booting worker with pid: 49
[2026-04-03 23:06:00 +0000] [37] [INFO] Started server process [37]
[2026-04-03 23:06:00 +0000] [37] [INFO] Waiting for application startup.
[2026-04-03 23:06:00 +0000] [37] [INFO] Application startup complete.
[2026-04-03 23:06:00 +0000] [51] [INFO] Booting worker with pid: 51
[2026-04-03 23:06:00 +0000] [52] [INFO] Booting worker with pid: 52
[2026-04-03 23:06:00 +0000] [53] [INFO] Booting worker with pid: 53
[2026-04-03 23:06:00 +0000] [55] [INFO] Booting worker with pid: 55
[2026-04-03 23:06:00 +0000] [42] [INFO] Started server process [42]
[2026-04-03 23:06:00 +0000] [42] [INFO] Waiting for application startup.
[2026-04-03 23:06:00 +0000] [42] [INFO] Application startup complete.
[2026-04-03 23:06:00 +0000] [43] [INFO] Started server process [43]
[2026-04-03 23:06:00 +0000] [43] [INFO] Waiting for application startup.
[2026-04-03 23:06:00 +0000] [43] [INFO] Application startup complete.
[2026-04-03 23:06:00 +0000] [57] [INFO] Booting worker with pid: 57
[2026-04-03 23:06:00 +0000] [45] [INFO] Started server process [45]
[2026-04-03 23:06:00 +0000] [45] [INFO] Waiting for application startup.
[2026-04-03 23:06:00 +0000] [45] [INFO] Application startup complete.
[2026-04-03 23:06:00 +0000] [59] [INFO] Booting worker with pid: 59
[2026-04-03 23:06:00 +0000] [49] [INFO] Started server process [49]
[2026-04-03 23:06:00 +0000] [49] [INFO] Waiting for application startup.
[2026-04-03 23:06:00 +0000] [49] [INFO] Application startup complete.
[2026-04-03 23:06:00 +0000] [62] [INFO] Booting worker with pid: 62
[2026-04-03 23:06:01 +0000] [51] [INFO] Started server process [51]
[2026-04-03 23:06:01 +0000] [51] [INFO] Waiting for application startup.
[2026-04-03 23:06:01 +0000] [51] [INFO] Application startup complete.
[2026-04-03 23:06:01 +0000] [53] [INFO] Started server process [53]
[2026-04-03 23:06:01 +0000] [53] [INFO] Waiting for application startup.
[2026-04-03 23:06:01 +0000] [53] [INFO] Application startup complete.
[2026-04-03 23:06:01 +0000] [52] [INFO] Started server process [52]
[2026-04-03 23:06:01 +0000] [52] [INFO] Waiting for application startup.
[2026-04-03 23:06:01 +0000] [52] [INFO] Application startup complete.
[2026-04-03 23:06:01 +0000] [55] [INFO] Started server process [55]
[2026-04-03 23:06:01 +0000] [55] [INFO] Waiting for application startup.
[2026-04-03 23:06:01 +0000] [55] [INFO] Application startup complete.
[2026-04-03 23:06:01 +0000] [66] [INFO] Booting worker with pid: 66
[2026-04-03 23:06:01 +0000] [68] [INFO] Booting worker with pid: 68
[2026-04-03 23:06:01 +0000] [57] [INFO] Started server process [57]
[2026-04-03 23:06:01 +0000] [57] [INFO] Waiting for application startup.
[2026-04-03 23:06:01 +0000] [57] [INFO] Application startup complete.
[2026-04-03 23:06:01 +0000] [59] [INFO] Started server process [59]
[2026-04-03 23:06:01 +0000] [59] [INFO] Waiting for application startup.
[2026-04-03 23:06:01 +0000] [59] [INFO] Application startup complete.
[2026-04-03 23:06:01 +0000] [70] [INFO] Booting worker with pid: 70
[2026-04-03 23:06:01 +0000] [62] [INFO] Started server process [62]
[2026-04-03 23:06:01 +0000] [62] [INFO] Waiting for application startup.
[2026-04-03 23:06:01 +0000] [62] [INFO] Application startup complete.
[2026-04-03 23:06:01 +0000] [72] [INFO] Booting worker with pid: 72
[2026-04-03 23:06:01 +0000] [73] [INFO] Booting worker with pid: 73
[2026-04-03 23:06:01 +0000] [74] [INFO] Booting worker with pid: 74
[2026-04-03 23:06:01 +0000] [75] [INFO] Booting worker with pid: 75
[2026-04-03 23:06:01 +0000] [76] [INFO] Booting worker with pid: 76
[2026-04-03 23:06:01 +0000] [77] [INFO] Booting worker with pid: 77
[2026-04-03 23:06:01 +0000] [78] [INFO] Booting worker with pid: 78
[2026-04-03 23:06:01 +0000] [80] [INFO] Booting worker with pid: 80
[2026-04-03 23:06:01 +0000] [66] [INFO] Started server process [66]
[2026-04-03 23:06:01 +0000] [66] [INFO] Waiting for application startup.
[2026-04-03 23:06:01 +0000] [66] [INFO] Application startup complete.
[2026-04-03 23:06:01 +0000] [81] [INFO] Booting worker with pid: 81
[2026-04-03 23:06:01 +0000] [83] [INFO] Booting worker with pid: 83
[2026-04-03 23:06:01 +0000] [68] [INFO] Started server process [68]
[2026-04-03 23:06:01 +0000] [68] [INFO] Waiting for application startup.
[2026-04-03 23:06:01 +0000] [68] [INFO] Application startup complete.
[2026-04-03 23:06:01 +0000] [84] [INFO] Booting worker with pid: 84
[2026-04-03 23:06:01 +0000] [85] [INFO] Booting worker with pid: 85
[2026-04-03 23:06:01 +0000] [70] [INFO] Started server process [70]
[2026-04-03 23:06:01 +0000] [70] [INFO] Waiting for application startup.
[2026-04-03 23:06:01 +0000] [70] [INFO] Application startup complete.
[2026-04-03 23:06:01 +0000] [87] [INFO] Booting worker with pid: 87
[2026-04-03 23:06:01 +0000] [89] [INFO] Booting worker with pid: 89
[2026-04-03 23:06:01 +0000] [72] [INFO] Started server process [72]
[2026-04-03 23:06:01 +0000] [72] [INFO] Waiting for application startup.
[2026-04-03 23:06:01 +0000] [72] [INFO] Application startup complete.
[2026-04-03 23:06:01 +0000] [92] [INFO] Booting worker with pid: 92
[2026-04-03 23:06:01 +0000] [73] [INFO] Started server process [73]
[2026-04-03 23:06:01 +0000] [73] [INFO] Waiting for application startup.
[2026-04-03 23:06:01 +0000] [73] [INFO] Application startup complete.
[2026-04-03 23:06:01 +0000] [74] [INFO] Started server process [74]
[2026-04-03 23:06:01 +0000] [74] [INFO] Waiting for application startup.
[2026-04-03 23:06:01 +0000] [74] [INFO] Application startup complete.
[2026-04-03 23:06:01 +0000] [75] [INFO] Started server process [75]
[2026-04-03 23:06:01 +0000] [75] [INFO] Waiting for application startup.
[2026-04-03 23:06:01 +0000] [75] [INFO] Application startup complete.
[2026-04-03 23:06:01 +0000] [76] [INFO] Started server process [76]
[2026-04-03 23:06:01 +0000] [76] [INFO] Waiting for application startup.
[2026-04-03 23:06:01 +0000] [76] [INFO] Application startup complete.
[2026-04-03 23:06:01 +0000] [77] [INFO] Started server process [77]
[2026-04-03 23:06:01 +0000] [77] [INFO] Waiting for application startup.
[2026-04-03 23:06:01 +0000] [77] [INFO] Application startup complete.
[2026-04-03 23:06:01 +0000] [78] [INFO] Started server process [78]
[2026-04-03 23:06:01 +0000] [78] [INFO] Waiting for application startup.
[2026-04-03 23:06:01 +0000] [78] [INFO] Application startup complete.
[2026-04-03 23:06:01 +0000] [80] [INFO] Started server process [80]
[2026-04-03 23:06:01 +0000] [80] [INFO] Waiting for application startup.
[2026-04-03 23:06:01 +0000] [80] [INFO] Application startup complete.
[2026-04-03 23:06:01 +0000] [98] [INFO] Booting worker with pid: 98
[2026-04-03 23:06:01 +0000] [81] [INFO] Started server process [81]
[2026-04-03 23:06:01 +0000] [81] [INFO] Waiting for application startup.
[2026-04-03 23:06:01 +0000] [81] [INFO] Application startup complete.
[2026-04-03 23:06:01 +0000] [100] [INFO] Booting worker with pid: 100
[2026-04-03 23:06:01 +0000] [101] [INFO] Booting worker with pid: 101
[2026-04-03 23:06:01 +0000] [83] [INFO] Started server process [83]
[2026-04-03 23:06:01 +0000] [83] [INFO] Waiting for application startup.
[2026-04-03 23:06:01 +0000] [83] [INFO] Application startup complete.
[2026-04-03 23:06:01 +0000] [84] [INFO] Started server process [84]
[2026-04-03 23:06:01 +0000] [84] [INFO] Waiting for application startup.
[2026-04-03 23:06:01 +0000] [84] [INFO] Application startup complete.
[2026-04-03 23:06:01 +0000] [105] [INFO] Booting worker with pid: 105
[2026-04-03 23:06:01 +0000] [85] [INFO] Started server process [85]
[2026-04-03 23:06:01 +0000] [85] [INFO] Waiting for application startup.
[2026-04-03 23:06:01 +0000] [85] [INFO] Application startup complete.
[2026-04-03 23:06:01 +0000] [106] [INFO] Booting worker with pid: 106
[2026-04-03 23:06:02 +0000] [87] [INFO] Started server process [87]
[2026-04-03 23:06:02 +0000] [87] [INFO] Waiting for application startup.
[2026-04-03 23:06:02 +0000] [87] [INFO] Application startup complete.
[2026-04-03 23:06:02 +0000] [109] [INFO] Booting worker with pid: 109
[2026-04-03 23:06:02 +0000] [89] [INFO] Started server process [89]
[2026-04-03 23:06:02 +0000] [89] [INFO] Waiting for application startup.
[2026-04-03 23:06:02 +0000] [89] [INFO] Application startup complete.
[2026-04-03 23:06:02 +0000] [92] [INFO] Started server process [92]
[2026-04-03 23:06:02 +0000] [92] [INFO] Waiting for application startup.
[2026-04-03 23:06:02 +0000] [92] [INFO] Application startup complete.
[2026-04-03 23:06:02 +0000] [111] [INFO] Booting worker with pid: 111
[2026-04-03 23:06:02 +0000] [98] [INFO] Started server process [98]
[2026-04-03 23:06:02 +0000] [98] [INFO] Waiting for application startup.
[2026-04-03 23:06:02 +0000] [98] [INFO] Application startup complete.
[2026-04-03 23:06:02 +0000] [113] [INFO] Booting worker with pid: 113
[2026-04-03 23:06:02 +0000] [100] [INFO] Started server process [100]
[2026-04-03 23:06:02 +0000] [100] [INFO] Waiting for application startup.
[2026-04-03 23:06:02 +0000] [100] [INFO] Application startup complete.
[2026-04-03 23:06:02 +0000] [101] [INFO] Started server process [101]
[2026-04-03 23:06:02 +0000] [101] [INFO] Waiting for application startup.
[2026-04-03 23:06:02 +0000] [101] [INFO] Application startup complete.
[2026-04-03 23:06:02 +0000] [116] [INFO] Booting worker with pid: 116
[2026-04-03 23:06:02 +0000] [118] [INFO] Booting worker with pid: 118
[2026-04-03 23:06:02 +0000] [105] [INFO] Started server process [105]
[2026-04-03 23:06:02 +0000] [105] [INFO] Waiting for application startup.
[2026-04-03 23:06:02 +0000] [105] [INFO] Application startup complete.
[2026-04-03 23:06:02 +0000] [106] [INFO] Started server process [106]
[2026-04-03 23:06:02 +0000] [106] [INFO] Waiting for application startup.
[2026-04-03 23:06:02 +0000] [106] [INFO] Application startup complete.
[2026-04-03 23:06:02 +0000] [120] [INFO] Booting worker with pid: 120
[2026-04-03 23:06:02 +0000] [122] [INFO] Booting worker with pid: 122
[2026-04-03 23:06:02 +0000] [109] [INFO] Started server process [109]
[2026-04-03 23:06:02 +0000] [109] [INFO] Waiting for application startup.
[2026-04-03 23:06:02 +0000] [109] [INFO] Application startup complete.
[2026-04-03 23:06:02 +0000] [111] [INFO] Started server process [111]
[2026-04-03 23:06:02 +0000] [111] [INFO] Waiting for application startup.
[2026-04-03 23:06:02 +0000] [111] [INFO] Application startup complete.
[2026-04-03 23:06:02 +0000] [124] [INFO] Booting worker with pid: 124
[2026-04-03 23:06:02 +0000] [126] [INFO] Booting worker with pid: 126
[2026-04-03 23:06:02 +0000] [113] [INFO] Started server process [113]
[2026-04-03 23:06:02 +0000] [113] [INFO] Waiting for application startup.
[2026-04-03 23:06:02 +0000] [113] [INFO] Application startup complete.
[2026-04-03 23:06:02 +0000] [127] [INFO] Booting worker with pid: 127
[2026-04-03 23:06:02 +0000] [116] [INFO] Started server process [116]
[2026-04-03 23:06:02 +0000] [116] [INFO] Waiting for application startup.
[2026-04-03 23:06:02 +0000] [116] [INFO] Application startup complete.
[2026-04-03 23:06:02 +0000] [118] [INFO] Started server process [118]
[2026-04-03 23:06:02 +0000] [118] [INFO] Waiting for application startup.
[2026-04-03 23:06:02 +0000] [118] [INFO] Application startup complete.
[2026-04-03 23:06:02 +0000] [120] [INFO] Started server process [120]
[2026-04-03 23:06:02 +0000] [120] [INFO] Waiting for application startup.
[2026-04-03 23:06:02 +0000] [120] [INFO] Application startup complete.
[2026-04-03 23:06:02 +0000] [122] [INFO] Started server process [122]
[2026-04-03 23:06:02 +0000] [122] [INFO] Waiting for application startup.
[2026-04-03 23:06:02 +0000] [122] [INFO] Application startup complete.
[2026-04-03 23:06:02 +0000] [124] [INFO] Started server process [124]
[2026-04-03 23:06:02 +0000] [124] [INFO] Waiting for application startup.
[2026-04-03 23:06:02 +0000] [124] [INFO] Application startup complete.
[2026-04-03 23:06:03 +0000] [126] [INFO] Started server process [126]
[2026-04-03 23:06:03 +0000] [126] [INFO] Waiting for application startup.
[2026-04-03 23:06:03 +0000] [126] [INFO] Application startup complete.
[2026-04-03 23:06:03 +0000] [127] [INFO] Started server process [127]
[2026-04-03 23:06:03 +0000] [127] [INFO] Waiting for application startup.
[2026-04-03 23:06:03 +0000] [127] [INFO] Application startup complete.
