[2026-04-04 07:27:35 +0000] [1] [INFO] Starting gunicorn 23.0.0
[2026-04-04 07:27:35 +0000] [1] [INFO] Listening at: http://0.0.0.0:8080 (1)
[2026-04-04 07:27:35 +0000] [1] [INFO] Using worker: uvicorn.workers.UvicornWorker
[2026-04-04 07:27:35 +0000] [7] [INFO] Booting worker with pid: 7
[2026-04-04 07:27:35 +0000] [8] [INFO] Booting worker with pid: 8
[2026-04-04 07:27:35 +0000] [7] [INFO] Started server process [7]
[2026-04-04 07:27:35 +0000] [7] [INFO] Waiting for application startup.
[2026-04-04 07:27:35 +0000] [7] [INFO] Application startup complete.
[2026-04-04 07:27:35 +0000] [8] [INFO] Started server process [8]
[2026-04-04 07:27:35 +0000] [8] [INFO] Waiting for application startup.
[2026-04-04 07:27:35 +0000] [8] [INFO] Application startup complete.
[2026-04-04 07:27:35 +0000] [11] [INFO] Booting worker with pid: 11
[2026-04-04 07:27:35 +0000] [12] [INFO] Booting worker with pid: 12
[2026-04-04 07:27:35 +0000] [11] [INFO] Started server process [11]
[2026-04-04 07:27:35 +0000] [11] [INFO] Waiting for application startup.
[2026-04-04 07:27:35 +0000] [11] [INFO] Application startup complete.
[2026-04-04 07:27:35 +0000] [14] [INFO] Booting worker with pid: 14
[2026-04-04 07:27:35 +0000] [12] [INFO] Started server process [12]
[2026-04-04 07:27:35 +0000] [12] [INFO] Waiting for application startup.
[2026-04-04 07:27:35 +0000] [12] [INFO] Application startup complete.
[2026-04-04 07:27:35 +0000] [16] [INFO] Booting worker with pid: 16
[2026-04-04 07:27:35 +0000] [14] [INFO] Started server process [14]
[2026-04-04 07:27:35 +0000] [14] [INFO] Waiting for application startup.
[2026-04-04 07:27:35 +0000] [14] [INFO] Application startup complete.
[2026-04-04 07:27:35 +0000] [18] [INFO] Booting worker with pid: 18
[2026-04-04 07:27:35 +0000] [16] [INFO] Started server process [16]
[2026-04-04 07:27:35 +0000] [16] [INFO] Waiting for application startup.
[2026-04-04 07:27:35 +0000] [16] [INFO] Application startup complete.
[2026-04-04 07:27:35 +0000] [20] [INFO] Booting worker with pid: 20
[2026-04-04 07:27:35 +0000] [18] [INFO] Started server process [18]
[2026-04-04 07:27:35 +0000] [18] [INFO] Waiting for application startup.
[2026-04-04 07:27:35 +0000] [18] [INFO] Application startup complete.
[2026-04-04 07:27:35 +0000] [22] [INFO] Booting worker with pid: 22
[2026-04-04 07:27:35 +0000] [20] [INFO] Started server process [20]
[2026-04-04 07:27:35 +0000] [20] [INFO] Waiting for application startup.
[2026-04-04 07:27:35 +0000] [20] [INFO] Application startup complete.
[2026-04-04 07:27:35 +0000] [24] [INFO] Booting worker with pid: 24
[2026-04-04 07:27:35 +0000] [22] [INFO] Started server process [22]
[2026-04-04 07:27:35 +0000] [22] [INFO] Waiting for application startup.
[2026-04-04 07:27:35 +0000] [22] [INFO] Application startup complete.
[2026-04-04 07:27:35 +0000] [26] [INFO] Booting worker with pid: 26
[2026-04-04 07:27:35 +0000] [24] [INFO] Started server process [24]
[2026-04-04 07:27:35 +0000] [24] [INFO] Waiting for application startup.
[2026-04-04 07:27:35 +0000] [24] [INFO] Application startup complete.
[2026-04-04 07:27:35 +0000] [28] [INFO] Booting worker with pid: 28
[2026-04-04 07:27:35 +0000] [26] [INFO] Started server process [26]
[2026-04-04 07:27:35 +0000] [26] [INFO] Waiting for application startup.
[2026-04-04 07:27:35 +0000] [26] [INFO] Application startup complete.
[2026-04-04 07:27:35 +0000] [31] [INFO] Booting worker with pid: 31
[2026-04-04 07:27:35 +0000] [28] [INFO] Started server process [28]
[2026-04-04 07:27:35 +0000] [28] [INFO] Waiting for application startup.
[2026-04-04 07:27:35 +0000] [28] [INFO] Application startup complete.
[2026-04-04 07:27:35 +0000] [31] [INFO] Started server process [31]
[2026-04-04 07:27:35 +0000] [31] [INFO] Waiting for application startup.
[2026-04-04 07:27:35 +0000] [31] [INFO] Application startup complete.
[2026-04-04 07:27:35 +0000] [33] [INFO] Booting worker with pid: 33
[2026-04-04 07:27:36 +0000] [33] [INFO] Started server process [33]
[2026-04-04 07:27:36 +0000] [33] [INFO] Waiting for application startup.
[2026-04-04 07:27:36 +0000] [33] [INFO] Application startup complete.
[2026-04-04 07:27:36 +0000] [35] [INFO] Booting worker with pid: 35
[2026-04-04 07:27:36 +0000] [36] [INFO] Booting worker with pid: 36
[2026-04-04 07:27:36 +0000] [35] [INFO] Started server process [35]
[2026-04-04 07:27:36 +0000] [35] [INFO] Waiting for application startup.
[2026-04-04 07:27:36 +0000] [35] [INFO] Application startup complete.
[2026-04-04 07:27:36 +0000] [39] [INFO] Booting worker with pid: 39
[2026-04-04 07:27:36 +0000] [36] [INFO] Started server process [36]
[2026-04-04 07:27:36 +0000] [36] [INFO] Waiting for application startup.
[2026-04-04 07:27:36 +0000] [36] [INFO] Application startup complete.
[2026-04-04 07:27:36 +0000] [39] [INFO] Started server process [39]
[2026-04-04 07:27:36 +0000] [39] [INFO] Waiting for application startup.
[2026-04-04 07:27:36 +0000] [39] [INFO] Application startup complete.
[2026-04-04 07:27:36 +0000] [41] [INFO] Booting worker with pid: 41
[2026-04-04 07:27:36 +0000] [42] [INFO] Booting worker with pid: 42
[2026-04-04 07:27:36 +0000] [43] [INFO] Booting worker with pid: 43
[2026-04-04 07:27:36 +0000] [44] [INFO] Booting worker with pid: 44
[2026-04-04 07:27:36 +0000] [41] [INFO] Started server process [41]
[2026-04-04 07:27:36 +0000] [41] [INFO] Waiting for application startup.
[2026-04-04 07:27:36 +0000] [41] [INFO] Application startup complete.
[2026-04-04 07:27:36 +0000] [42] [INFO] Started server process [42]
[2026-04-04 07:27:36 +0000] [42] [INFO] Waiting for application startup.
[2026-04-04 07:27:36 +0000] [42] [INFO] Application startup complete.
[2026-04-04 07:27:36 +0000] [43] [INFO] Started server process [43]
[2026-04-04 07:27:36 +0000] [43] [INFO] Waiting for application startup.
[2026-04-04 07:27:36 +0000] [43] [INFO] Application startup complete.
[2026-04-04 07:27:36 +0000] [48] [INFO] Booting worker with pid: 48
[2026-04-04 07:27:36 +0000] [50] [INFO] Booting worker with pid: 50
[2026-04-04 07:27:36 +0000] [44] [INFO] Started server process [44]
[2026-04-04 07:27:36 +0000] [44] [INFO] Waiting for application startup.
[2026-04-04 07:27:36 +0000] [44] [INFO] Application startup complete.
[2026-04-04 07:27:36 +0000] [53] [INFO] Booting worker with pid: 53
[2026-04-04 07:27:36 +0000] [48] [INFO] Started server process [48]
[2026-04-04 07:27:36 +0000] [48] [INFO] Waiting for application startup.
[2026-04-04 07:27:36 +0000] [48] [INFO] Application startup complete.
[2026-04-04 07:27:36 +0000] [50] [INFO] Started server process [50]
[2026-04-04 07:27:36 +0000] [50] [INFO] Waiting for application startup.
[2026-04-04 07:27:36 +0000] [50] [INFO] Application startup complete.
[2026-04-04 07:27:36 +0000] [53] [INFO] Started server process [53]
[2026-04-04 07:27:36 +0000] [53] [INFO] Waiting for application startup.
[2026-04-04 07:27:36 +0000] [53] [INFO] Application startup complete.
[2026-04-04 07:27:36 +0000] [55] [INFO] Booting worker with pid: 55
[2026-04-04 07:27:36 +0000] [56] [INFO] Booting worker with pid: 56
[2026-04-04 07:27:36 +0000] [55] [INFO] Started server process [55]
[2026-04-04 07:27:36 +0000] [55] [INFO] Waiting for application startup.
[2026-04-04 07:27:36 +0000] [55] [INFO] Application startup complete.
[2026-04-04 07:27:36 +0000] [58] [INFO] Booting worker with pid: 58
[2026-04-04 07:27:36 +0000] [59] [INFO] Booting worker with pid: 59
[2026-04-04 07:27:36 +0000] [56] [INFO] Started server process [56]
[2026-04-04 07:27:36 +0000] [56] [INFO] Waiting for application startup.
[2026-04-04 07:27:36 +0000] [56] [INFO] Application startup complete.
[2026-04-04 07:27:36 +0000] [61] [INFO] Booting worker with pid: 61
[2026-04-04 07:27:36 +0000] [58] [INFO] Started server process [58]
[2026-04-04 07:27:36 +0000] [58] [INFO] Waiting for application startup.
[2026-04-04 07:27:36 +0000] [58] [INFO] Application startup complete.
[2026-04-04 07:27:36 +0000] [64] [INFO] Booting worker with pid: 64
[2026-04-04 07:27:36 +0000] [59] [INFO] Started server process [59]
[2026-04-04 07:27:36 +0000] [59] [INFO] Waiting for application startup.
[2026-04-04 07:27:36 +0000] [59] [INFO] Application startup complete.
[2026-04-04 07:27:36 +0000] [65] [INFO] Booting worker with pid: 65
[2026-04-04 07:27:36 +0000] [66] [INFO] Booting worker with pid: 66
[2026-04-04 07:27:36 +0000] [61] [INFO] Started server process [61]
[2026-04-04 07:27:36 +0000] [61] [INFO] Waiting for application startup.
[2026-04-04 07:27:36 +0000] [61] [INFO] Application startup complete.
[2026-04-04 07:27:36 +0000] [64] [INFO] Started server process [64]
[2026-04-04 07:27:36 +0000] [64] [INFO] Waiting for application startup.
[2026-04-04 07:27:36 +0000] [64] [INFO] Application startup complete.
[2026-04-04 07:27:36 +0000] [65] [INFO] Started server process [65]
[2026-04-04 07:27:36 +0000] [65] [INFO] Waiting for application startup.
[2026-04-04 07:27:36 +0000] [65] [INFO] Application startup complete.
[2026-04-04 07:27:36 +0000] [66] [INFO] Started server process [66]
[2026-04-04 07:27:36 +0000] [66] [INFO] Waiting for application startup.
[2026-04-04 07:27:36 +0000] [66] [INFO] Application startup complete.
[2026-04-04 07:27:36 +0000] [71] [INFO] Booting worker with pid: 71
[2026-04-04 07:27:36 +0000] [72] [INFO] Booting worker with pid: 72
[2026-04-04 07:27:36 +0000] [73] [INFO] Booting worker with pid: 73
[2026-04-04 07:27:36 +0000] [71] [INFO] Started server process [71]
[2026-04-04 07:27:36 +0000] [71] [INFO] Waiting for application startup.
[2026-04-04 07:27:36 +0000] [71] [INFO] Application startup complete.
[2026-04-04 07:27:37 +0000] [75] [INFO] Booting worker with pid: 75
[2026-04-04 07:27:37 +0000] [72] [INFO] Started server process [72]
[2026-04-04 07:27:37 +0000] [72] [INFO] Waiting for application startup.
[2026-04-04 07:27:37 +0000] [72] [INFO] Application startup complete.
[2026-04-04 07:27:37 +0000] [73] [INFO] Started server process [73]
[2026-04-04 07:27:37 +0000] [73] [INFO] Waiting for application startup.
[2026-04-04 07:27:37 +0000] [73] [INFO] Application startup complete.
[2026-04-04 07:27:37 +0000] [79] [INFO] Booting worker with pid: 79
[2026-04-04 07:27:37 +0000] [75] [INFO] Started server process [75]
[2026-04-04 07:27:37 +0000] [75] [INFO] Waiting for application startup.
[2026-04-04 07:27:37 +0000] [75] [INFO] Application startup complete.
[2026-04-04 07:27:37 +0000] [80] [INFO] Booting worker with pid: 80
[2026-04-04 07:27:37 +0000] [79] [INFO] Started server process [79]
[2026-04-04 07:27:37 +0000] [79] [INFO] Waiting for application startup.
[2026-04-04 07:27:37 +0000] [79] [INFO] Application startup complete.
[2026-04-04 07:27:37 +0000] [82] [INFO] Booting worker with pid: 82
[2026-04-04 07:27:37 +0000] [80] [INFO] Started server process [80]
[2026-04-04 07:27:37 +0000] [80] [INFO] Waiting for application startup.
[2026-04-04 07:27:37 +0000] [80] [INFO] Application startup complete.
[2026-04-04 07:27:37 +0000] [84] [INFO] Booting worker with pid: 84
[2026-04-04 07:27:37 +0000] [85] [INFO] Booting worker with pid: 85
[2026-04-04 07:27:37 +0000] [82] [INFO] Started server process [82]
[2026-04-04 07:27:37 +0000] [82] [INFO] Waiting for application startup.
[2026-04-04 07:27:37 +0000] [82] [INFO] Application startup complete.
[2026-04-04 07:27:37 +0000] [88] [INFO] Booting worker with pid: 88
[2026-04-04 07:27:37 +0000] [84] [INFO] Started server process [84]
[2026-04-04 07:27:37 +0000] [84] [INFO] Waiting for application startup.
[2026-04-04 07:27:37 +0000] [84] [INFO] Application startup complete.
[2026-04-04 07:27:37 +0000] [85] [INFO] Started server process [85]
[2026-04-04 07:27:37 +0000] [85] [INFO] Waiting for application startup.
[2026-04-04 07:27:37 +0000] [85] [INFO] Application startup complete.
[2026-04-04 07:27:37 +0000] [90] [INFO] Booting worker with pid: 90
[2026-04-04 07:27:37 +0000] [88] [INFO] Started server process [88]
[2026-04-04 07:27:37 +0000] [88] [INFO] Waiting for application startup.
[2026-04-04 07:27:37 +0000] [88] [INFO] Application startup complete.
[2026-04-04 07:27:37 +0000] [92] [INFO] Booting worker with pid: 92
[2026-04-04 07:27:37 +0000] [94] [INFO] Booting worker with pid: 94
[2026-04-04 07:27:37 +0000] [90] [INFO] Started server process [90]
[2026-04-04 07:27:37 +0000] [90] [INFO] Waiting for application startup.
[2026-04-04 07:27:37 +0000] [90] [INFO] Application startup complete.
[2026-04-04 07:27:37 +0000] [95] [INFO] Booting worker with pid: 95
[2026-04-04 07:27:37 +0000] [92] [INFO] Started server process [92]
[2026-04-04 07:27:37 +0000] [92] [INFO] Waiting for application startup.
[2026-04-04 07:27:37 +0000] [92] [INFO] Application startup complete.
[2026-04-04 07:27:37 +0000] [97] [INFO] Booting worker with pid: 97
[2026-04-04 07:27:37 +0000] [98] [INFO] Booting worker with pid: 98
[2026-04-04 07:27:37 +0000] [94] [INFO] Started server process [94]
[2026-04-04 07:27:37 +0000] [94] [INFO] Waiting for application startup.
[2026-04-04 07:27:37 +0000] [94] [INFO] Application startup complete.
[2026-04-04 07:27:37 +0000] [95] [INFO] Started server process [95]
[2026-04-04 07:27:37 +0000] [95] [INFO] Waiting for application startup.
[2026-04-04 07:27:37 +0000] [95] [INFO] Application startup complete.
[2026-04-04 07:27:37 +0000] [102] [INFO] Booting worker with pid: 102
[2026-04-04 07:27:37 +0000] [97] [INFO] Started server process [97]
[2026-04-04 07:27:37 +0000] [97] [INFO] Waiting for application startup.
[2026-04-04 07:27:37 +0000] [97] [INFO] Application startup complete.
[2026-04-04 07:27:37 +0000] [98] [INFO] Started server process [98]
[2026-04-04 07:27:37 +0000] [98] [INFO] Waiting for application startup.
[2026-04-04 07:27:37 +0000] [98] [INFO] Application startup complete.
[2026-04-04 07:27:37 +0000] [104] [INFO] Booting worker with pid: 104
[2026-04-04 07:27:37 +0000] [105] [INFO] Booting worker with pid: 105
[2026-04-04 07:27:37 +0000] [102] [INFO] Started server process [102]
[2026-04-04 07:27:37 +0000] [102] [INFO] Waiting for application startup.
[2026-04-04 07:27:37 +0000] [102] [INFO] Application startup complete.
[2026-04-04 07:27:37 +0000] [104] [INFO] Started server process [104]
[2026-04-04 07:27:37 +0000] [104] [INFO] Waiting for application startup.
[2026-04-04 07:27:37 +0000] [104] [INFO] Application startup complete.
[2026-04-04 07:27:37 +0000] [108] [INFO] Booting worker with pid: 108
[2026-04-04 07:27:37 +0000] [105] [INFO] Started server process [105]
[2026-04-04 07:27:37 +0000] [105] [INFO] Waiting for application startup.
[2026-04-04 07:27:37 +0000] [105] [INFO] Application startup complete.
[2026-04-04 07:27:38 +0000] [111] [INFO] Booting worker with pid: 111
[2026-04-04 07:27:38 +0000] [112] [INFO] Booting worker with pid: 112
[2026-04-04 07:27:38 +0000] [108] [INFO] Started server process [108]
[2026-04-04 07:27:38 +0000] [108] [INFO] Waiting for application startup.
[2026-04-04 07:27:38 +0000] [108] [INFO] Application startup complete.
[2026-04-04 07:27:38 +0000] [113] [INFO] Booting worker with pid: 113
[2026-04-04 07:27:38 +0000] [114] [INFO] Booting worker with pid: 114
[2026-04-04 07:27:38 +0000] [116] [INFO] Booting worker with pid: 116
[2026-04-04 07:27:38 +0000] [111] [INFO] Started server process [111]
[2026-04-04 07:27:38 +0000] [111] [INFO] Waiting for application startup.
[2026-04-04 07:27:38 +0000] [111] [INFO] Application startup complete.
[2026-04-04 07:27:38 +0000] [112] [INFO] Started server process [112]
[2026-04-04 07:27:38 +0000] [112] [INFO] Waiting for application startup.
[2026-04-04 07:27:38 +0000] [112] [INFO] Application startup complete.
[2026-04-04 07:27:38 +0000] [113] [INFO] Started server process [113]
[2026-04-04 07:27:38 +0000] [113] [INFO] Waiting for application startup.
[2026-04-04 07:27:38 +0000] [113] [INFO] Application startup complete.
[2026-04-04 07:27:38 +0000] [119] [INFO] Booting worker with pid: 119
[2026-04-04 07:27:38 +0000] [121] [INFO] Booting worker with pid: 121
[2026-04-04 07:27:38 +0000] [114] [INFO] Started server process [114]
[2026-04-04 07:27:38 +0000] [114] [INFO] Waiting for application startup.
[2026-04-04 07:27:38 +0000] [114] [INFO] Application startup complete.
[2026-04-04 07:27:38 +0000] [123] [INFO] Booting worker with pid: 123
[2026-04-04 07:27:38 +0000] [116] [INFO] Started server process [116]
[2026-04-04 07:27:38 +0000] [116] [INFO] Waiting for application startup.
[2026-04-04 07:27:38 +0000] [116] [INFO] Application startup complete.
[2026-04-04 07:27:38 +0000] [119] [INFO] Started server process [119]
[2026-04-04 07:27:38 +0000] [119] [INFO] Waiting for application startup.
[2026-04-04 07:27:38 +0000] [119] [INFO] Application startup complete.
[2026-04-04 07:27:38 +0000] [125] [INFO] Booting worker with pid: 125
[2026-04-04 07:27:38 +0000] [121] [INFO] Started server process [121]
[2026-04-04 07:27:38 +0000] [121] [INFO] Waiting for application startup.
[2026-04-04 07:27:38 +0000] [121] [INFO] Application startup complete.
[2026-04-04 07:27:38 +0000] [127] [INFO] Booting worker with pid: 127
[2026-04-04 07:27:38 +0000] [123] [INFO] Started server process [123]
[2026-04-04 07:27:38 +0000] [123] [INFO] Waiting for application startup.
[2026-04-04 07:27:38 +0000] [123] [INFO] Application startup complete.
[2026-04-04 07:27:38 +0000] [129] [INFO] Booting worker with pid: 129
[2026-04-04 07:27:38 +0000] [125] [INFO] Started server process [125]
[2026-04-04 07:27:38 +0000] [125] [INFO] Waiting for application startup.
[2026-04-04 07:27:38 +0000] [125] [INFO] Application startup complete.
[2026-04-04 07:27:38 +0000] [127] [INFO] Started server process [127]
[2026-04-04 07:27:38 +0000] [127] [INFO] Waiting for application startup.
[2026-04-04 07:27:38 +0000] [127] [INFO] Application startup complete.
[2026-04-04 07:27:38 +0000] [132] [INFO] Booting worker with pid: 132
[2026-04-04 07:27:38 +0000] [129] [INFO] Started server process [129]
[2026-04-04 07:27:38 +0000] [129] [INFO] Waiting for application startup.
[2026-04-04 07:27:38 +0000] [129] [INFO] Application startup complete.
[2026-04-04 07:27:38 +0000] [132] [INFO] Started server process [132]
[2026-04-04 07:27:38 +0000] [132] [INFO] Waiting for application startup.
[2026-04-04 07:27:38 +0000] [132] [INFO] Application startup complete.
