[2026-04-03 23:00:41 +0000] [1] [INFO] Starting gunicorn 23.0.0
[2026-04-03 23:00:41 +0000] [1] [INFO] Listening at: http://0.0.0.0:8080 (1)
[2026-04-03 23:00:41 +0000] [1] [INFO] Using worker: uvicorn.workers.UvicornWorker
[2026-04-03 23:00:41 +0000] [7] [INFO] Booting worker with pid: 7
[2026-04-03 23:00:41 +0000] [8] [INFO] Booting worker with pid: 8
[2026-04-03 23:00:41 +0000] [9] [INFO] Booting worker with pid: 9
[2026-04-03 23:00:41 +0000] [10] [INFO] Booting worker with pid: 10
[2026-04-03 23:00:41 +0000] [11] [INFO] Booting worker with pid: 11
[2026-04-03 23:00:41 +0000] [7] [INFO] Started server process [7]
[2026-04-03 23:00:41 +0000] [7] [INFO] Waiting for application startup.
[2026-04-03 23:00:41 +0000] [7] [INFO] Application startup complete.
[2026-04-03 23:00:41 +0000] [13] [INFO] Booting worker with pid: 13
[2026-04-03 23:00:41 +0000] [14] [INFO] Booting worker with pid: 14
[2026-04-03 23:00:41 +0000] [8] [INFO] Started server process [8]
[2026-04-03 23:00:41 +0000] [8] [INFO] Waiting for application startup.
[2026-04-03 23:00:41 +0000] [8] [INFO] Application startup complete.
[2026-04-03 23:00:41 +0000] [16] [INFO] Booting worker with pid: 16
[2026-04-03 23:00:41 +0000] [17] [INFO] Booting worker with pid: 17
[2026-04-03 23:00:41 +0000] [9] [INFO] Started server process [9]
[2026-04-03 23:00:41 +0000] [9] [INFO] Waiting for application startup.
[2026-04-03 23:00:41 +0000] [9] [INFO] Application startup complete.
[2026-04-03 23:00:41 +0000] [19] [INFO] Booting worker with pid: 19
[2026-04-03 23:00:41 +0000] [20] [INFO] Booting worker with pid: 20
[2026-04-03 23:00:41 +0000] [10] [INFO] Started server process [10]
[2026-04-03 23:00:41 +0000] [10] [INFO] Waiting for application startup.
[2026-04-03 23:00:41 +0000] [10] [INFO] Application startup complete.
[2026-04-03 23:00:41 +0000] [11] [INFO] Started server process [11]
[2026-04-03 23:00:41 +0000] [11] [INFO] Waiting for application startup.
[2026-04-03 23:00:41 +0000] [11] [INFO] Application startup complete.
[2026-04-03 23:00:41 +0000] [25] [INFO] Booting worker with pid: 25
[2026-04-03 23:00:41 +0000] [26] [INFO] Booting worker with pid: 26
[2026-04-03 23:00:41 +0000] [27] [INFO] Booting worker with pid: 27
[2026-04-03 23:00:41 +0000] [13] [INFO] Started server process [13]
[2026-04-03 23:00:41 +0000] [13] [INFO] Waiting for application startup.
[2026-04-03 23:00:41 +0000] [13] [INFO] Application startup complete.
[2026-04-03 23:00:41 +0000] [14] [INFO] Started server process [14]
[2026-04-03 23:00:41 +0000] [14] [INFO] Waiting for application startup.
[2026-04-03 23:00:41 +0000] [14] [INFO] Application startup complete.
[2026-04-03 23:00:41 +0000] [28] [INFO] Booting worker with pid: 28
[2026-04-03 23:00:41 +0000] [31] [INFO] Booting worker with pid: 31
[2026-04-03 23:00:41 +0000] [16] [INFO] Started server process [16]
[2026-04-03 23:00:41 +0000] [16] [INFO] Waiting for application startup.
[2026-04-03 23:00:41 +0000] [16] [INFO] Application startup complete.
[2026-04-03 23:00:41 +0000] [17] [INFO] Started server process [17]
[2026-04-03 23:00:41 +0000] [17] [INFO] Waiting for application startup.
[2026-04-03 23:00:41 +0000] [17] [INFO] Application startup complete.
[2026-04-03 23:00:41 +0000] [33] [INFO] Booting worker with pid: 33
[2026-04-03 23:00:41 +0000] [19] [INFO] Started server process [19]
[2026-04-03 23:00:41 +0000] [19] [INFO] Waiting for application startup.
[2026-04-03 23:00:41 +0000] [19] [INFO] Application startup complete.
[2026-04-03 23:00:41 +0000] [20] [INFO] Started server process [20]
[2026-04-03 23:00:41 +0000] [20] [INFO] Waiting for application startup.
[2026-04-03 23:00:41 +0000] [20] [INFO] Application startup complete.
[2026-04-03 23:00:41 +0000] [35] [INFO] Booting worker with pid: 35
[2026-04-03 23:00:42 +0000] [25] [INFO] Started server process [25]
[2026-04-03 23:00:42 +0000] [25] [INFO] Waiting for application startup.
[2026-04-03 23:00:42 +0000] [25] [INFO] Application startup complete.
[2026-04-03 23:00:42 +0000] [26] [INFO] Started server process [26]
[2026-04-03 23:00:42 +0000] [26] [INFO] Waiting for application startup.
[2026-04-03 23:00:42 +0000] [26] [INFO] Application startup complete.
[2026-04-03 23:00:42 +0000] [27] [INFO] Started server process [27]
[2026-04-03 23:00:42 +0000] [27] [INFO] Waiting for application startup.
[2026-04-03 23:00:42 +0000] [27] [INFO] Application startup complete.
[2026-04-03 23:00:42 +0000] [39] [INFO] Booting worker with pid: 39
[2026-04-03 23:00:42 +0000] [41] [INFO] Booting worker with pid: 41
[2026-04-03 23:00:42 +0000] [28] [INFO] Started server process [28]
[2026-04-03 23:00:42 +0000] [28] [INFO] Waiting for application startup.
[2026-04-03 23:00:42 +0000] [28] [INFO] Application startup complete.
[2026-04-03 23:00:42 +0000] [31] [INFO] Started server process [31]
[2026-04-03 23:00:42 +0000] [31] [INFO] Waiting for application startup.
[2026-04-03 23:00:42 +0000] [31] [INFO] Application startup complete.
[2026-04-03 23:00:42 +0000] [43] [INFO] Booting worker with pid: 43
[2026-04-03 23:00:42 +0000] [45] [INFO] Booting worker with pid: 45
[2026-04-03 23:00:42 +0000] [33] [INFO] Started server process [33]
[2026-04-03 23:00:42 +0000] [33] [INFO] Waiting for application startup.
[2026-04-03 23:00:42 +0000] [33] [INFO] Application startup complete.
[2026-04-03 23:00:42 +0000] [35] [INFO] Started server process [35]
[2026-04-03 23:00:42 +0000] [35] [INFO] Waiting for application startup.
[2026-04-03 23:00:42 +0000] [35] [INFO] Application startup complete.
[2026-04-03 23:00:42 +0000] [47] [INFO] Booting worker with pid: 47
[2026-04-03 23:00:42 +0000] [49] [INFO] Booting worker with pid: 49
[2026-04-03 23:00:42 +0000] [39] [INFO] Started server process [39]
[2026-04-03 23:00:42 +0000] [39] [INFO] Waiting for application startup.
[2026-04-03 23:00:42 +0000] [39] [INFO] Application startup complete.
[2026-04-03 23:00:42 +0000] [51] [INFO] Booting worker with pid: 51
[2026-04-03 23:00:42 +0000] [41] [INFO] Started server process [41]
[2026-04-03 23:00:42 +0000] [41] [INFO] Waiting for application startup.
[2026-04-03 23:00:42 +0000] [52] [INFO] Booting worker with pid: 52
[2026-04-03 23:00:42 +0000] [41] [INFO] Application startup complete.
[2026-04-03 23:00:42 +0000] [53] [INFO] Booting worker with pid: 53
[2026-04-03 23:00:42 +0000] [43] [INFO] Started server process [43]
[2026-04-03 23:00:42 +0000] [43] [INFO] Waiting for application startup.
[2026-04-03 23:00:42 +0000] [43] [INFO] Application startup complete.
[2026-04-03 23:00:42 +0000] [55] [INFO] Booting worker with pid: 55
[2026-04-03 23:00:42 +0000] [45] [INFO] Started server process [45]
[2026-04-03 23:00:42 +0000] [45] [INFO] Waiting for application startup.
[2026-04-03 23:00:42 +0000] [45] [INFO] Application startup complete.
[2026-04-03 23:00:42 +0000] [58] [INFO] Booting worker with pid: 58
[2026-04-03 23:00:42 +0000] [47] [INFO] Started server process [47]
[2026-04-03 23:00:42 +0000] [47] [INFO] Waiting for application startup.
[2026-04-03 23:00:42 +0000] [47] [INFO] Application startup complete.
[2026-04-03 23:00:42 +0000] [60] [INFO] Booting worker with pid: 60
[2026-04-03 23:00:42 +0000] [51] [INFO] Started server process [51]
[2026-04-03 23:00:42 +0000] [51] [INFO] Waiting for application startup.
[2026-04-03 23:00:42 +0000] [51] [INFO] Application startup complete.
[2026-04-03 23:00:42 +0000] [52] [INFO] Started server process [52]
[2026-04-03 23:00:42 +0000] [52] [INFO] Waiting for application startup.
[2026-04-03 23:00:42 +0000] [52] [INFO] Application startup complete.
[2026-04-03 23:00:42 +0000] [49] [INFO] Started server process [49]
[2026-04-03 23:00:42 +0000] [49] [INFO] Waiting for application startup.
[2026-04-03 23:00:42 +0000] [49] [INFO] Application startup complete.
[2026-04-03 23:00:42 +0000] [63] [INFO] Booting worker with pid: 63
[2026-04-03 23:00:42 +0000] [64] [INFO] Booting worker with pid: 64
[2026-04-03 23:00:42 +0000] [53] [INFO] Started server process [53]
[2026-04-03 23:00:42 +0000] [53] [INFO] Waiting for application startup.
[2026-04-03 23:00:42 +0000] [53] [INFO] Application startup complete.
[2026-04-03 23:00:42 +0000] [66] [INFO] Booting worker with pid: 66
[2026-04-03 23:00:42 +0000] [55] [INFO] Started server process [55]
[2026-04-03 23:00:42 +0000] [55] [INFO] Waiting for application startup.
[2026-04-03 23:00:42 +0000] [55] [INFO] Application startup complete.
[2026-04-03 23:00:42 +0000] [68] [INFO] Booting worker with pid: 68
[2026-04-03 23:00:42 +0000] [69] [INFO] Booting worker with pid: 69
[2026-04-03 23:00:42 +0000] [58] [INFO] Started server process [58]
[2026-04-03 23:00:42 +0000] [58] [INFO] Waiting for application startup.
[2026-04-03 23:00:42 +0000] [58] [INFO] Application startup complete.
[2026-04-03 23:00:42 +0000] [72] [INFO] Booting worker with pid: 72
[2026-04-03 23:00:42 +0000] [60] [INFO] Started server process [60]
[2026-04-03 23:00:42 +0000] [60] [INFO] Waiting for application startup.
[2026-04-03 23:00:42 +0000] [60] [INFO] Application startup complete.
[2026-04-03 23:00:42 +0000] [73] [INFO] Booting worker with pid: 73
[2026-04-03 23:00:42 +0000] [74] [INFO] Booting worker with pid: 74
[2026-04-03 23:00:42 +0000] [77] [INFO] Booting worker with pid: 77
[2026-04-03 23:00:42 +0000] [63] [INFO] Started server process [63]
[2026-04-03 23:00:42 +0000] [63] [INFO] Waiting for application startup.
[2026-04-03 23:00:42 +0000] [63] [INFO] Application startup complete.
[2026-04-03 23:00:43 +0000] [64] [INFO] Started server process [64]
[2026-04-03 23:00:43 +0000] [64] [INFO] Waiting for application startup.
[2026-04-03 23:00:43 +0000] [64] [INFO] Application startup complete.
[2026-04-03 23:00:43 +0000] [79] [INFO] Booting worker with pid: 79
[2026-04-03 23:00:43 +0000] [66] [INFO] Started server process [66]
[2026-04-03 23:00:43 +0000] [66] [INFO] Waiting for application startup.
[2026-04-03 23:00:43 +0000] [66] [INFO] Application startup complete.
[2026-04-03 23:00:43 +0000] [68] [INFO] Started server process [68]
[2026-04-03 23:00:43 +0000] [68] [INFO] Waiting for application startup.
[2026-04-03 23:00:43 +0000] [68] [INFO] Application startup complete.
[2026-04-03 23:00:43 +0000] [69] [INFO] Started server process [69]
[2026-04-03 23:00:43 +0000] [69] [INFO] Waiting for application startup.
[2026-04-03 23:00:43 +0000] [69] [INFO] Application startup complete.
[2026-04-03 23:00:43 +0000] [82] [INFO] Booting worker with pid: 82
[2026-04-03 23:00:43 +0000] [83] [INFO] Booting worker with pid: 83
[2026-04-03 23:00:43 +0000] [85] [INFO] Booting worker with pid: 85
[2026-04-03 23:00:43 +0000] [72] [INFO] Started server process [72]
[2026-04-03 23:00:43 +0000] [72] [INFO] Waiting for application startup.
[2026-04-03 23:00:43 +0000] [72] [INFO] Application startup complete.
[2026-04-03 23:00:43 +0000] [87] [INFO] Booting worker with pid: 87
[2026-04-03 23:00:43 +0000] [73] [INFO] Started server process [73]
[2026-04-03 23:00:43 +0000] [73] [INFO] Waiting for application startup.
[2026-04-03 23:00:43 +0000] [73] [INFO] Application startup complete.
[2026-04-03 23:00:43 +0000] [74] [INFO] Started server process [74]
[2026-04-03 23:00:43 +0000] [74] [INFO] Waiting for application startup.
[2026-04-03 23:00:43 +0000] [74] [INFO] Application startup complete.
[2026-04-03 23:00:43 +0000] [90] [INFO] Booting worker with pid: 90
[2026-04-03 23:00:43 +0000] [77] [INFO] Started server process [77]
[2026-04-03 23:00:43 +0000] [77] [INFO] Waiting for application startup.
[2026-04-03 23:00:43 +0000] [77] [INFO] Application startup complete.
[2026-04-03 23:00:43 +0000] [91] [INFO] Booting worker with pid: 91
[2026-04-03 23:00:43 +0000] [92] [INFO] Booting worker with pid: 92
[2026-04-03 23:00:43 +0000] [79] [INFO] Started server process [79]
[2026-04-03 23:00:43 +0000] [79] [INFO] Waiting for application startup.
[2026-04-03 23:00:43 +0000] [79] [INFO] Application startup complete.
[2026-04-03 23:00:43 +0000] [82] [INFO] Started server process [82]
[2026-04-03 23:00:43 +0000] [82] [INFO] Waiting for application startup.
[2026-04-03 23:00:43 +0000] [82] [INFO] Application startup complete.
[2026-04-03 23:00:43 +0000] [96] [INFO] Booting worker with pid: 96
[2026-04-03 23:00:43 +0000] [83] [INFO] Started server process [83]
[2026-04-03 23:00:43 +0000] [83] [INFO] Waiting for application startup.
[2026-04-03 23:00:43 +0000] [83] [INFO] Application startup complete.
[2026-04-03 23:00:43 +0000] [85] [INFO] Started server process [85]
[2026-04-03 23:00:43 +0000] [85] [INFO] Waiting for application startup.
[2026-04-03 23:00:43 +0000] [85] [INFO] Application startup complete.
[2026-04-03 23:00:43 +0000] [87] [INFO] Started server process [87]
[2026-04-03 23:00:43 +0000] [87] [INFO] Waiting for application startup.
[2026-04-03 23:00:43 +0000] [87] [INFO] Application startup complete.
[2026-04-03 23:00:43 +0000] [90] [INFO] Started server process [90]
[2026-04-03 23:00:43 +0000] [90] [INFO] Waiting for application startup.
[2026-04-03 23:00:43 +0000] [90] [INFO] Application startup complete.
[2026-04-03 23:00:43 +0000] [100] [INFO] Booting worker with pid: 100
[2026-04-03 23:00:43 +0000] [91] [INFO] Started server process [91]
[2026-04-03 23:00:43 +0000] [91] [INFO] Waiting for application startup.
[2026-04-03 23:00:43 +0000] [91] [INFO] Application startup complete.
[2026-04-03 23:00:43 +0000] [92] [INFO] Started server process [92]
[2026-04-03 23:00:43 +0000] [92] [INFO] Waiting for application startup.
[2026-04-03 23:00:43 +0000] [92] [INFO] Application startup complete.
[2026-04-03 23:00:43 +0000] [103] [INFO] Booting worker with pid: 103
[2026-04-03 23:00:43 +0000] [104] [INFO] Booting worker with pid: 104
[2026-04-03 23:00:43 +0000] [96] [INFO] Started server process [96]
[2026-04-03 23:00:43 +0000] [96] [INFO] Waiting for application startup.
[2026-04-03 23:00:43 +0000] [96] [INFO] Application startup complete.
[2026-04-03 23:00:43 +0000] [106] [INFO] Booting worker with pid: 106
[2026-04-03 23:00:43 +0000] [100] [INFO] Started server process [100]
[2026-04-03 23:00:43 +0000] [100] [INFO] Waiting for application startup.
[2026-04-03 23:00:43 +0000] [100] [INFO] Application startup complete.
[2026-04-03 23:00:43 +0000] [108] [INFO] Booting worker with pid: 108
[2026-04-03 23:00:43 +0000] [110] [INFO] Booting worker with pid: 110
[2026-04-03 23:00:43 +0000] [103] [INFO] Started server process [103]
[2026-04-03 23:00:43 +0000] [103] [INFO] Waiting for application startup.
[2026-04-03 23:00:43 +0000] [103] [INFO] Application startup complete.
[2026-04-03 23:00:43 +0000] [104] [INFO] Started server process [104]
[2026-04-03 23:00:43 +0000] [104] [INFO] Waiting for application startup.
[2026-04-03 23:00:43 +0000] [104] [INFO] Application startup complete.
[2026-04-03 23:00:43 +0000] [112] [INFO] Booting worker with pid: 112
[2026-04-03 23:00:44 +0000] [113] [INFO] Booting worker with pid: 113
[2026-04-03 23:00:44 +0000] [114] [INFO] Booting worker with pid: 114
[2026-04-03 23:00:44 +0000] [106] [INFO] Started server process [106]
[2026-04-03 23:00:44 +0000] [106] [INFO] Waiting for application startup.
[2026-04-03 23:00:44 +0000] [106] [INFO] Application startup complete.
[2026-04-03 23:00:44 +0000] [116] [INFO] Booting worker with pid: 116
[2026-04-03 23:00:44 +0000] [118] [INFO] Booting worker with pid: 118
[2026-04-03 23:00:44 +0000] [108] [INFO] Started server process [108]
[2026-04-03 23:00:44 +0000] [108] [INFO] Waiting for application startup.
[2026-04-03 23:00:44 +0000] [108] [INFO] Application startup complete.
[2026-04-03 23:00:44 +0000] [110] [INFO] Started server process [110]
[2026-04-03 23:00:44 +0000] [110] [INFO] Waiting for application startup.
[2026-04-03 23:00:44 +0000] [110] [INFO] Application startup complete.
[2026-04-03 23:00:44 +0000] [120] [INFO] Booting worker with pid: 120
[2026-04-03 23:00:44 +0000] [122] [INFO] Booting worker with pid: 122
[2026-04-03 23:00:44 +0000] [112] [INFO] Started server process [112]
[2026-04-03 23:00:44 +0000] [112] [INFO] Waiting for application startup.
[2026-04-03 23:00:44 +0000] [112] [INFO] Application startup complete.
[2026-04-03 23:00:44 +0000] [113] [INFO] Started server process [113]
[2026-04-03 23:00:44 +0000] [113] [INFO] Waiting for application startup.
[2026-04-03 23:00:44 +0000] [113] [INFO] Application startup complete.
[2026-04-03 23:00:44 +0000] [114] [INFO] Started server process [114]
[2026-04-03 23:00:44 +0000] [114] [INFO] Waiting for application startup.
[2026-04-03 23:00:44 +0000] [114] [INFO] Application startup complete.
[2026-04-03 23:00:44 +0000] [125] [INFO] Booting worker with pid: 125
[2026-04-03 23:00:44 +0000] [116] [INFO] Started server process [116]
[2026-04-03 23:00:44 +0000] [116] [INFO] Waiting for application startup.
[2026-04-03 23:00:44 +0000] [116] [INFO] Application startup complete.
[2026-04-03 23:00:44 +0000] [127] [INFO] Booting worker with pid: 127
[2026-04-03 23:00:44 +0000] [118] [INFO] Started server process [118]
[2026-04-03 23:00:44 +0000] [118] [INFO] Waiting for application startup.
[2026-04-03 23:00:44 +0000] [118] [INFO] Application startup complete.
[2026-04-03 23:00:44 +0000] [129] [INFO] Booting worker with pid: 129
[2026-04-03 23:00:44 +0000] [120] [INFO] Started server process [120]
[2026-04-03 23:00:44 +0000] [120] [INFO] Waiting for application startup.
[2026-04-03 23:00:44 +0000] [120] [INFO] Application startup complete.
[2026-04-03 23:00:44 +0000] [122] [INFO] Started server process [122]
[2026-04-03 23:00:44 +0000] [122] [INFO] Waiting for application startup.
[2026-04-03 23:00:44 +0000] [122] [INFO] Application startup complete.
[2026-04-03 23:00:44 +0000] [125] [INFO] Started server process [125]
[2026-04-03 23:00:44 +0000] [125] [INFO] Waiting for application startup.
[2026-04-03 23:00:44 +0000] [125] [INFO] Application startup complete.
[2026-04-03 23:00:44 +0000] [127] [INFO] Started server process [127]
[2026-04-03 23:00:44 +0000] [127] [INFO] Waiting for application startup.
[2026-04-03 23:00:44 +0000] [127] [INFO] Application startup complete.
[2026-04-03 23:00:44 +0000] [129] [INFO] Started server process [129]
[2026-04-03 23:00:44 +0000] [129] [INFO] Waiting for application startup.
[2026-04-03 23:00:44 +0000] [129] [INFO] Application startup complete.
