[2026-04-04 07:22:32 +0000] [1] [INFO] Starting gunicorn 23.0.0
[2026-04-04 07:22:32 +0000] [1] [INFO] Listening at: http://0.0.0.0:8080 (1)
[2026-04-04 07:22:32 +0000] [1] [INFO] Using worker: uvicorn.workers.UvicornWorker
[2026-04-04 07:22:32 +0000] [7] [INFO] Booting worker with pid: 7
[2026-04-04 07:22:32 +0000] [8] [INFO] Booting worker with pid: 8
[2026-04-04 07:22:32 +0000] [7] [INFO] Started server process [7]
[2026-04-04 07:22:32 +0000] [7] [INFO] Waiting for application startup.
[2026-04-04 07:22:32 +0000] [7] [INFO] Application startup complete.
[2026-04-04 07:22:32 +0000] [8] [INFO] Started server process [8]
[2026-04-04 07:22:32 +0000] [8] [INFO] Waiting for application startup.
[2026-04-04 07:22:32 +0000] [8] [INFO] Application startup complete.
[2026-04-04 07:22:32 +0000] [11] [INFO] Booting worker with pid: 11
[2026-04-04 07:22:32 +0000] [11] [INFO] Started server process [11]
[2026-04-04 07:22:32 +0000] [11] [INFO] Waiting for application startup.
[2026-04-04 07:22:32 +0000] [11] [INFO] Application startup complete.
[2026-04-04 07:22:32 +0000] [13] [INFO] Booting worker with pid: 13
[2026-04-04 07:22:32 +0000] [14] [INFO] Booting worker with pid: 14
[2026-04-04 07:22:32 +0000] [16] [INFO] Booting worker with pid: 16
[2026-04-04 07:22:32 +0000] [13] [INFO] Started server process [13]
[2026-04-04 07:22:32 +0000] [13] [INFO] Waiting for application startup.
[2026-04-04 07:22:32 +0000] [13] [INFO] Application startup complete.
[2026-04-04 07:22:32 +0000] [14] [INFO] Started server process [14]
[2026-04-04 07:22:32 +0000] [14] [INFO] Waiting for application startup.
[2026-04-04 07:22:32 +0000] [14] [INFO] Application startup complete.
[2026-04-04 07:22:32 +0000] [18] [INFO] Booting worker with pid: 18
[2026-04-04 07:22:32 +0000] [16] [INFO] Started server process [16]
[2026-04-04 07:22:32 +0000] [16] [INFO] Waiting for application startup.
[2026-04-04 07:22:32 +0000] [16] [INFO] Application startup complete.
[2026-04-04 07:22:32 +0000] [18] [INFO] Started server process [18]
[2026-04-04 07:22:32 +0000] [18] [INFO] Waiting for application startup.
[2026-04-04 07:22:32 +0000] [18] [INFO] Application startup complete.
[2026-04-04 07:22:32 +0000] [21] [INFO] Booting worker with pid: 21
[2026-04-04 07:22:32 +0000] [22] [INFO] Booting worker with pid: 22
[2026-04-04 07:22:32 +0000] [23] [INFO] Booting worker with pid: 23
[2026-04-04 07:22:32 +0000] [21] [INFO] Started server process [21]
[2026-04-04 07:22:32 +0000] [21] [INFO] Waiting for application startup.
[2026-04-04 07:22:32 +0000] [21] [INFO] Application startup complete.
[2026-04-04 07:22:32 +0000] [22] [INFO] Started server process [22]
[2026-04-04 07:22:32 +0000] [22] [INFO] Waiting for application startup.
[2026-04-04 07:22:32 +0000] [22] [INFO] Application startup complete.
[2026-04-04 07:22:32 +0000] [23] [INFO] Started server process [23]
[2026-04-04 07:22:32 +0000] [23] [INFO] Waiting for application startup.
[2026-04-04 07:22:32 +0000] [23] [INFO] Application startup complete.
[2026-04-04 07:22:32 +0000] [27] [INFO] Booting worker with pid: 27
[2026-04-04 07:22:33 +0000] [27] [INFO] Started server process [27]
[2026-04-04 07:22:33 +0000] [27] [INFO] Waiting for application startup.
[2026-04-04 07:22:33 +0000] [27] [INFO] Application startup complete.
[2026-04-04 07:22:33 +0000] [29] [INFO] Booting worker with pid: 29
[2026-04-04 07:22:33 +0000] [29] [INFO] Started server process [29]
[2026-04-04 07:22:33 +0000] [29] [INFO] Waiting for application startup.
[2026-04-04 07:22:33 +0000] [29] [INFO] Application startup complete.
[2026-04-04 07:22:33 +0000] [31] [INFO] Booting worker with pid: 31
[2026-04-04 07:22:33 +0000] [32] [INFO] Booting worker with pid: 32
[2026-04-04 07:22:33 +0000] [31] [INFO] Started server process [31]
[2026-04-04 07:22:33 +0000] [31] [INFO] Waiting for application startup.
[2026-04-04 07:22:33 +0000] [31] [INFO] Application startup complete.
[2026-04-04 07:22:33 +0000] [32] [INFO] Started server process [32]
[2026-04-04 07:22:33 +0000] [32] [INFO] Waiting for application startup.
[2026-04-04 07:22:33 +0000] [32] [INFO] Application startup complete.
[2026-04-04 07:22:33 +0000] [35] [INFO] Booting worker with pid: 35
[2026-04-04 07:22:33 +0000] [36] [INFO] Booting worker with pid: 36
[2026-04-04 07:22:33 +0000] [37] [INFO] Booting worker with pid: 37
[2026-04-04 07:22:33 +0000] [38] [INFO] Booting worker with pid: 38
[2026-04-04 07:22:33 +0000] [40] [INFO] Booting worker with pid: 40
[2026-04-04 07:22:33 +0000] [35] [INFO] Started server process [35]
[2026-04-04 07:22:33 +0000] [35] [INFO] Waiting for application startup.
[2026-04-04 07:22:33 +0000] [35] [INFO] Application startup complete.
[2026-04-04 07:22:33 +0000] [42] [INFO] Booting worker with pid: 42
[2026-04-04 07:22:33 +0000] [36] [INFO] Started server process [36]
[2026-04-04 07:22:33 +0000] [36] [INFO] Waiting for application startup.
[2026-04-04 07:22:33 +0000] [36] [INFO] Application startup complete.
[2026-04-04 07:22:33 +0000] [37] [INFO] Started server process [37]
[2026-04-04 07:22:33 +0000] [37] [INFO] Waiting for application startup.
[2026-04-04 07:22:33 +0000] [37] [INFO] Application startup complete.
[2026-04-04 07:22:33 +0000] [38] [INFO] Started server process [38]
[2026-04-04 07:22:33 +0000] [38] [INFO] Waiting for application startup.
[2026-04-04 07:22:33 +0000] [38] [INFO] Application startup complete.
[2026-04-04 07:22:33 +0000] [46] [INFO] Booting worker with pid: 46
[2026-04-04 07:22:33 +0000] [40] [INFO] Started server process [40]
[2026-04-04 07:22:33 +0000] [40] [INFO] Waiting for application startup.
[2026-04-04 07:22:33 +0000] [40] [INFO] Application startup complete.
[2026-04-04 07:22:33 +0000] [42] [INFO] Started server process [42]
[2026-04-04 07:22:33 +0000] [42] [INFO] Waiting for application startup.
[2026-04-04 07:22:33 +0000] [42] [INFO] Application startup complete.
[2026-04-04 07:22:33 +0000] [49] [INFO] Booting worker with pid: 49
[2026-04-04 07:22:33 +0000] [46] [INFO] Started server process [46]
[2026-04-04 07:22:33 +0000] [46] [INFO] Waiting for application startup.
[2026-04-04 07:22:33 +0000] [46] [INFO] Application startup complete.
[2026-04-04 07:22:33 +0000] [51] [INFO] Booting worker with pid: 51
[2026-04-04 07:22:33 +0000] [49] [INFO] Started server process [49]
[2026-04-04 07:22:33 +0000] [49] [INFO] Waiting for application startup.
[2026-04-04 07:22:33 +0000] [49] [INFO] Application startup complete.
[2026-04-04 07:22:33 +0000] [52] [INFO] Booting worker with pid: 52
[2026-04-04 07:22:33 +0000] [51] [INFO] Started server process [51]
[2026-04-04 07:22:33 +0000] [51] [INFO] Waiting for application startup.
[2026-04-04 07:22:33 +0000] [51] [INFO] Application startup complete.
[2026-04-04 07:22:33 +0000] [54] [INFO] Booting worker with pid: 54
[2026-04-04 07:22:33 +0000] [52] [INFO] Started server process [52]
[2026-04-04 07:22:33 +0000] [52] [INFO] Waiting for application startup.
[2026-04-04 07:22:33 +0000] [52] [INFO] Application startup complete.
[2026-04-04 07:22:33 +0000] [56] [INFO] Booting worker with pid: 56
[2026-04-04 07:22:33 +0000] [54] [INFO] Started server process [54]
[2026-04-04 07:22:33 +0000] [54] [INFO] Waiting for application startup.
[2026-04-04 07:22:33 +0000] [54] [INFO] Application startup complete.
[2026-04-04 07:22:33 +0000] [58] [INFO] Booting worker with pid: 58
[2026-04-04 07:22:33 +0000] [60] [INFO] Booting worker with pid: 60
[2026-04-04 07:22:33 +0000] [56] [INFO] Started server process [56]
[2026-04-04 07:22:33 +0000] [56] [INFO] Waiting for application startup.
[2026-04-04 07:22:33 +0000] [56] [INFO] Application startup complete.
[2026-04-04 07:22:33 +0000] [58] [INFO] Started server process [58]
[2026-04-04 07:22:33 +0000] [58] [INFO] Waiting for application startup.
[2026-04-04 07:22:33 +0000] [58] [INFO] Application startup complete.
[2026-04-04 07:22:33 +0000] [60] [INFO] Started server process [60]
[2026-04-04 07:22:33 +0000] [60] [INFO] Waiting for application startup.
[2026-04-04 07:22:33 +0000] [60] [INFO] Application startup complete.
[2026-04-04 07:22:33 +0000] [63] [INFO] Booting worker with pid: 63
[2026-04-04 07:22:33 +0000] [63] [INFO] Started server process [63]
[2026-04-04 07:22:33 +0000] [63] [INFO] Waiting for application startup.
[2026-04-04 07:22:33 +0000] [63] [INFO] Application startup complete.
[2026-04-04 07:22:33 +0000] [65] [INFO] Booting worker with pid: 65
[2026-04-04 07:22:33 +0000] [66] [INFO] Booting worker with pid: 66
[2026-04-04 07:22:34 +0000] [65] [INFO] Started server process [65]
[2026-04-04 07:22:34 +0000] [65] [INFO] Waiting for application startup.
[2026-04-04 07:22:34 +0000] [65] [INFO] Application startup complete.
[2026-04-04 07:22:34 +0000] [68] [INFO] Booting worker with pid: 68
[2026-04-04 07:22:34 +0000] [66] [INFO] Started server process [66]
[2026-04-04 07:22:34 +0000] [66] [INFO] Waiting for application startup.
[2026-04-04 07:22:34 +0000] [66] [INFO] Application startup complete.
[2026-04-04 07:22:34 +0000] [68] [INFO] Started server process [68]
[2026-04-04 07:22:34 +0000] [68] [INFO] Waiting for application startup.
[2026-04-04 07:22:34 +0000] [68] [INFO] Application startup complete.
[2026-04-04 07:22:34 +0000] [71] [INFO] Booting worker with pid: 71
[2026-04-04 07:22:34 +0000] [71] [INFO] Started server process [71]
[2026-04-04 07:22:34 +0000] [71] [INFO] Waiting for application startup.
[2026-04-04 07:22:34 +0000] [71] [INFO] Application startup complete.
[2026-04-04 07:22:34 +0000] [73] [INFO] Booting worker with pid: 73
[2026-04-04 07:22:34 +0000] [74] [INFO] Booting worker with pid: 74
[2026-04-04 07:22:34 +0000] [75] [INFO] Booting worker with pid: 75
[2026-04-04 07:22:34 +0000] [73] [INFO] Started server process [73]
[2026-04-04 07:22:34 +0000] [73] [INFO] Waiting for application startup.
[2026-04-04 07:22:34 +0000] [73] [INFO] Application startup complete.
[2026-04-04 07:22:34 +0000] [74] [INFO] Started server process [74]
[2026-04-04 07:22:34 +0000] [74] [INFO] Waiting for application startup.
[2026-04-04 07:22:34 +0000] [74] [INFO] Application startup complete.
[2026-04-04 07:22:34 +0000] [78] [INFO] Booting worker with pid: 78
[2026-04-04 07:22:34 +0000] [79] [INFO] Booting worker with pid: 79
[2026-04-04 07:22:34 +0000] [75] [INFO] Started server process [75]
[2026-04-04 07:22:34 +0000] [75] [INFO] Waiting for application startup.
[2026-04-04 07:22:34 +0000] [75] [INFO] Application startup complete.
[2026-04-04 07:22:34 +0000] [81] [INFO] Booting worker with pid: 81
[2026-04-04 07:22:34 +0000] [78] [INFO] Started server process [78]
[2026-04-04 07:22:34 +0000] [78] [INFO] Waiting for application startup.
[2026-04-04 07:22:34 +0000] [78] [INFO] Application startup complete.
[2026-04-04 07:22:34 +0000] [79] [INFO] Started server process [79]
[2026-04-04 07:22:34 +0000] [79] [INFO] Waiting for application startup.
[2026-04-04 07:22:34 +0000] [79] [INFO] Application startup complete.
[2026-04-04 07:22:34 +0000] [84] [INFO] Booting worker with pid: 84
[2026-04-04 07:22:34 +0000] [85] [INFO] Booting worker with pid: 85
[2026-04-04 07:22:34 +0000] [81] [INFO] Started server process [81]
[2026-04-04 07:22:34 +0000] [81] [INFO] Waiting for application startup.
[2026-04-04 07:22:34 +0000] [81] [INFO] Application startup complete.
[2026-04-04 07:22:34 +0000] [84] [INFO] Started server process [84]
[2026-04-04 07:22:34 +0000] [84] [INFO] Waiting for application startup.
[2026-04-04 07:22:34 +0000] [84] [INFO] Application startup complete.
[2026-04-04 07:22:34 +0000] [89] [INFO] Booting worker with pid: 89
[2026-04-04 07:22:34 +0000] [85] [INFO] Started server process [85]
[2026-04-04 07:22:34 +0000] [85] [INFO] Waiting for application startup.
[2026-04-04 07:22:34 +0000] [85] [INFO] Application startup complete.
[2026-04-04 07:22:34 +0000] [89] [INFO] Started server process [89]
[2026-04-04 07:22:34 +0000] [89] [INFO] Waiting for application startup.
[2026-04-04 07:22:34 +0000] [91] [INFO] Booting worker with pid: 91
[2026-04-04 07:22:34 +0000] [89] [INFO] Application startup complete.
[2026-04-04 07:22:34 +0000] [92] [INFO] Booting worker with pid: 92
[2026-04-04 07:22:34 +0000] [94] [INFO] Booting worker with pid: 94
[2026-04-04 07:22:34 +0000] [91] [INFO] Started server process [91]
[2026-04-04 07:22:34 +0000] [91] [INFO] Waiting for application startup.
[2026-04-04 07:22:34 +0000] [91] [INFO] Application startup complete.
[2026-04-04 07:22:34 +0000] [95] [INFO] Booting worker with pid: 95
[2026-04-04 07:22:34 +0000] [92] [INFO] Started server process [92]
[2026-04-04 07:22:34 +0000] [92] [INFO] Waiting for application startup.
[2026-04-04 07:22:34 +0000] [92] [INFO] Application startup complete.
[2026-04-04 07:22:34 +0000] [97] [INFO] Booting worker with pid: 97
[2026-04-04 07:22:34 +0000] [94] [INFO] Started server process [94]
[2026-04-04 07:22:34 +0000] [94] [INFO] Waiting for application startup.
[2026-04-04 07:22:34 +0000] [94] [INFO] Application startup complete.
[2026-04-04 07:22:34 +0000] [95] [INFO] Started server process [95]
[2026-04-04 07:22:34 +0000] [95] [INFO] Waiting for application startup.
[2026-04-04 07:22:34 +0000] [95] [INFO] Application startup complete.
[2026-04-04 07:22:34 +0000] [100] [INFO] Booting worker with pid: 100
[2026-04-04 07:22:34 +0000] [97] [INFO] Started server process [97]
[2026-04-04 07:22:34 +0000] [97] [INFO] Waiting for application startup.
[2026-04-04 07:22:34 +0000] [97] [INFO] Application startup complete.
[2026-04-04 07:22:34 +0000] [102] [INFO] Booting worker with pid: 102
[2026-04-04 07:22:34 +0000] [100] [INFO] Started server process [100]
[2026-04-04 07:22:34 +0000] [100] [INFO] Waiting for application startup.
[2026-04-04 07:22:34 +0000] [100] [INFO] Application startup complete.
[2026-04-04 07:22:34 +0000] [104] [INFO] Booting worker with pid: 104
[2026-04-04 07:22:34 +0000] [102] [INFO] Started server process [102]
[2026-04-04 07:22:34 +0000] [102] [INFO] Waiting for application startup.
[2026-04-04 07:22:34 +0000] [102] [INFO] Application startup complete.
[2026-04-04 07:22:34 +0000] [104] [INFO] Started server process [104]
[2026-04-04 07:22:34 +0000] [104] [INFO] Waiting for application startup.
[2026-04-04 07:22:34 +0000] [104] [INFO] Application startup complete.
[2026-04-04 07:22:34 +0000] [107] [INFO] Booting worker with pid: 107
[2026-04-04 07:22:35 +0000] [108] [INFO] Booting worker with pid: 108
[2026-04-04 07:22:35 +0000] [109] [INFO] Booting worker with pid: 109
[2026-04-04 07:22:35 +0000] [107] [INFO] Started server process [107]
[2026-04-04 07:22:35 +0000] [107] [INFO] Waiting for application startup.
[2026-04-04 07:22:35 +0000] [107] [INFO] Application startup complete.
[2026-04-04 07:22:35 +0000] [111] [INFO] Booting worker with pid: 111
[2026-04-04 07:22:35 +0000] [112] [INFO] Booting worker with pid: 112
[2026-04-04 07:22:35 +0000] [108] [INFO] Started server process [108]
[2026-04-04 07:22:35 +0000] [108] [INFO] Waiting for application startup.
[2026-04-04 07:22:35 +0000] [108] [INFO] Application startup complete.
[2026-04-04 07:22:35 +0000] [109] [INFO] Started server process [109]
[2026-04-04 07:22:35 +0000] [109] [INFO] Waiting for application startup.
[2026-04-04 07:22:35 +0000] [109] [INFO] Application startup complete.
[2026-04-04 07:22:35 +0000] [115] [INFO] Booting worker with pid: 115
[2026-04-04 07:22:35 +0000] [116] [INFO] Booting worker with pid: 116
[2026-04-04 07:22:35 +0000] [118] [INFO] Booting worker with pid: 118
[2026-04-04 07:22:35 +0000] [111] [INFO] Started server process [111]
[2026-04-04 07:22:35 +0000] [111] [INFO] Waiting for application startup.
[2026-04-04 07:22:35 +0000] [111] [INFO] Application startup complete.
[2026-04-04 07:22:35 +0000] [112] [INFO] Started server process [112]
[2026-04-04 07:22:35 +0000] [112] [INFO] Waiting for application startup.
[2026-04-04 07:22:35 +0000] [112] [INFO] Application startup complete.
[2026-04-04 07:22:35 +0000] [115] [INFO] Started server process [115]
[2026-04-04 07:22:35 +0000] [115] [INFO] Waiting for application startup.
[2026-04-04 07:22:35 +0000] [115] [INFO] Application startup complete.
[2026-04-04 07:22:35 +0000] [116] [INFO] Started server process [116]
[2026-04-04 07:22:35 +0000] [116] [INFO] Waiting for application startup.
[2026-04-04 07:22:35 +0000] [116] [INFO] Application startup complete.
[2026-04-04 07:22:35 +0000] [123] [INFO] Booting worker with pid: 123
[2026-04-04 07:22:35 +0000] [118] [INFO] Started server process [118]
[2026-04-04 07:22:35 +0000] [118] [INFO] Waiting for application startup.
[2026-04-04 07:22:35 +0000] [118] [INFO] Application startup complete.
[2026-04-04 07:22:35 +0000] [124] [INFO] Booting worker with pid: 124
[2026-04-04 07:22:35 +0000] [123] [INFO] Started server process [123]
[2026-04-04 07:22:35 +0000] [123] [INFO] Waiting for application startup.
[2026-04-04 07:22:35 +0000] [123] [INFO] Application startup complete.
[2026-04-04 07:22:35 +0000] [126] [INFO] Booting worker with pid: 126
[2026-04-04 07:22:35 +0000] [124] [INFO] Started server process [124]
[2026-04-04 07:22:35 +0000] [124] [INFO] Waiting for application startup.
[2026-04-04 07:22:35 +0000] [124] [INFO] Application startup complete.
[2026-04-04 07:22:35 +0000] [128] [INFO] Booting worker with pid: 128
[2026-04-04 07:22:35 +0000] [130] [INFO] Booting worker with pid: 130
[2026-04-04 07:22:35 +0000] [126] [INFO] Started server process [126]
[2026-04-04 07:22:35 +0000] [126] [INFO] Waiting for application startup.
[2026-04-04 07:22:35 +0000] [126] [INFO] Application startup complete.
[2026-04-04 07:22:35 +0000] [128] [INFO] Started server process [128]
[2026-04-04 07:22:35 +0000] [128] [INFO] Waiting for application startup.
[2026-04-04 07:22:35 +0000] [128] [INFO] Application startup complete.
[2026-04-04 07:22:35 +0000] [133] [INFO] Booting worker with pid: 133
[2026-04-04 07:22:35 +0000] [130] [INFO] Started server process [130]
[2026-04-04 07:22:35 +0000] [130] [INFO] Waiting for application startup.
[2026-04-04 07:22:35 +0000] [130] [INFO] Application startup complete.
[2026-04-04 07:22:35 +0000] [133] [INFO] Started server process [133]
[2026-04-04 07:22:35 +0000] [133] [INFO] Waiting for application startup.
[2026-04-04 07:22:35 +0000] [133] [INFO] Application startup complete.
