[2026-04-04 12:53:25 +0000] [1] [INFO] Starting gunicorn 23.0.0
[2026-04-04 12:53:25 +0000] [1] [INFO] Listening at: http://0.0.0.0:8080 (1)
[2026-04-04 12:53:25 +0000] [1] [INFO] Using worker: uvicorn.workers.UvicornWorker
[2026-04-04 12:53:25 +0000] [7] [INFO] Booting worker with pid: 7
[2026-04-04 12:53:26 +0000] [8] [INFO] Booting worker with pid: 8
[2026-04-04 12:53:26 +0000] [9] [INFO] Booting worker with pid: 9
[2026-04-04 12:53:26 +0000] [10] [INFO] Booting worker with pid: 10
[2026-04-04 12:53:26 +0000] [11] [INFO] Booting worker with pid: 11
[2026-04-04 12:53:26 +0000] [12] [INFO] Booting worker with pid: 12
[2026-04-04 12:53:26 +0000] [13] [INFO] Booting worker with pid: 13
[2026-04-04 12:53:26 +0000] [14] [INFO] Booting worker with pid: 14
[2026-04-04 12:53:26 +0000] [8] [INFO] Started server process [8]
[2026-04-04 12:53:26 +0000] [9] [INFO] Started server process [9]
[2026-04-04 12:53:26 +0000] [7] [INFO] Started server process [7]
[2026-04-04 12:53:26 +0000] [8] [INFO] Waiting for application startup.
[2026-04-04 12:53:26 +0000] [9] [INFO] Waiting for application startup.
[2026-04-04 12:53:26 +0000] [7] [INFO] Waiting for application startup.
[2026-04-04 12:53:26 +0000] [9] [INFO] Application startup complete.
[2026-04-04 12:53:26 +0000] [7] [INFO] Application startup complete.
[2026-04-04 12:53:26 +0000] [8] [INFO] Application startup complete.
[2026-04-04 12:53:26 +0000] [10] [INFO] Started server process [10]
[2026-04-04 12:53:26 +0000] [10] [INFO] Waiting for application startup.
[2026-04-04 12:53:26 +0000] [10] [INFO] Application startup complete.
[2026-04-04 12:53:26 +0000] [11] [INFO] Started server process [11]
[2026-04-04 12:53:26 +0000] [11] [INFO] Waiting for application startup.
[2026-04-04 12:53:26 +0000] [36] [INFO] Booting worker with pid: 36
[2026-04-04 12:53:26 +0000] [11] [INFO] Application startup complete.
[2026-04-04 12:53:26 +0000] [12] [INFO] Started server process [12]
[2026-04-04 12:53:26 +0000] [12] [INFO] Waiting for application startup.
[2026-04-04 12:53:26 +0000] [12] [INFO] Application startup complete.
[2026-04-04 12:53:26 +0000] [46] [INFO] Booting worker with pid: 46
[2026-04-04 12:53:26 +0000] [13] [INFO] Started server process [13]
[2026-04-04 12:53:26 +0000] [13] [INFO] Waiting for application startup.
[2026-04-04 12:53:26 +0000] [13] [INFO] Application startup complete.
[2026-04-04 12:53:26 +0000] [52] [INFO] Booting worker with pid: 52
[2026-04-04 12:53:26 +0000] [14] [INFO] Started server process [14]
[2026-04-04 12:53:26 +0000] [14] [INFO] Waiting for application startup.
[2026-04-04 12:53:26 +0000] [54] [INFO] Booting worker with pid: 54
[2026-04-04 12:53:26 +0000] [14] [INFO] Application startup complete.
[2026-04-04 12:53:26 +0000] [59] [INFO] Booting worker with pid: 59
[2026-04-04 12:53:26 +0000] [36] [INFO] Started server process [36]
[2026-04-04 12:53:26 +0000] [36] [INFO] Waiting for application startup.
[2026-04-04 12:53:26 +0000] [36] [INFO] Application startup complete.
[2026-04-04 12:53:26 +0000] [46] [INFO] Started server process [46]
[2026-04-04 12:53:26 +0000] [46] [INFO] Waiting for application startup.
[2026-04-04 12:53:26 +0000] [66] [INFO] Booting worker with pid: 66
[2026-04-04 12:53:26 +0000] [46] [INFO] Application startup complete.
[2026-04-04 12:53:26 +0000] [52] [INFO] Started server process [52]
[2026-04-04 12:53:26 +0000] [52] [INFO] Waiting for application startup.
[2026-04-04 12:53:26 +0000] [52] [INFO] Application startup complete.
[2026-04-04 12:53:26 +0000] [76] [INFO] Booting worker with pid: 76
[2026-04-04 12:53:26 +0000] [77] [INFO] Booting worker with pid: 77
[2026-04-04 12:53:26 +0000] [54] [INFO] Started server process [54]
[2026-04-04 12:53:26 +0000] [54] [INFO] Waiting for application startup.
[2026-04-04 12:53:26 +0000] [54] [INFO] Application startup complete.
[2026-04-04 12:53:26 +0000] [59] [INFO] Started server process [59]
[2026-04-04 12:53:26 +0000] [59] [INFO] Waiting for application startup.
[2026-04-04 12:53:26 +0000] [59] [INFO] Application startup complete.
[2026-04-04 12:53:26 +0000] [66] [INFO] Started server process [66]
[2026-04-04 12:53:26 +0000] [66] [INFO] Waiting for application startup.
[2026-04-04 12:53:26 +0000] [66] [INFO] Application startup complete.
[2026-04-04 12:53:27 +0000] [76] [INFO] Started server process [76]
[2026-04-04 12:53:27 +0000] [76] [INFO] Waiting for application startup.
[2026-04-04 12:53:27 +0000] [76] [INFO] Application startup complete.
[2026-04-04 12:53:27 +0000] [77] [INFO] Started server process [77]
[2026-04-04 12:53:27 +0000] [77] [INFO] Waiting for application startup.
[2026-04-04 12:53:27 +0000] [77] [INFO] Application startup complete.
