[2026-04-04 13:44:09 +0000] [1] [INFO] Starting gunicorn 23.0.0
[2026-04-04 13:44:09 +0000] [1] [INFO] Listening at: http://0.0.0.0:8080 (1)
[2026-04-04 13:44:09 +0000] [1] [INFO] Using worker: uvicorn.workers.UvicornWorker
[2026-04-04 13:44:09 +0000] [7] [INFO] Booting worker with pid: 7
[2026-04-04 13:44:09 +0000] [8] [INFO] Booting worker with pid: 8
[2026-04-04 13:44:09 +0000] [9] [INFO] Booting worker with pid: 9
[2026-04-04 13:44:09 +0000] [10] [INFO] Booting worker with pid: 10
[2026-04-04 13:44:09 +0000] [7] [INFO] Started server process [7]
[2026-04-04 13:44:09 +0000] [8] [INFO] Started server process [8]
[2026-04-04 13:44:09 +0000] [9] [INFO] Started server process [9]
[2026-04-04 13:44:09 +0000] [7] [INFO] Waiting for application startup.
[2026-04-04 13:44:09 +0000] [8] [INFO] Waiting for application startup.
[2026-04-04 13:44:09 +0000] [9] [INFO] Waiting for application startup.
[2026-04-04 13:44:09 +0000] [7] [INFO] Application startup complete.
[2026-04-04 13:44:09 +0000] [9] [INFO] Application startup complete.
[2026-04-04 13:44:09 +0000] [8] [INFO] Application startup complete.
[2026-04-04 13:44:09 +0000] [10] [INFO] Started server process [10]
[2026-04-04 13:44:09 +0000] [10] [INFO] Waiting for application startup.
[2026-04-04 13:44:10 +0000] [10] [INFO] Application startup complete.
[2026-04-04 13:44:10 +0000] [31] [INFO] Booting worker with pid: 31
[2026-04-04 13:44:10 +0000] [31] [INFO] Started server process [31]
[2026-04-04 13:44:10 +0000] [31] [INFO] Waiting for application startup.
[2026-04-04 13:44:10 +0000] [31] [INFO] Application startup complete.
[2026-04-04 13:44:10 +0000] [37] [INFO] Booting worker with pid: 37
[2026-04-04 13:44:10 +0000] [37] [INFO] Started server process [37]
[2026-04-04 13:44:10 +0000] [37] [INFO] Waiting for application startup.
[2026-04-04 13:44:10 +0000] [39] [INFO] Booting worker with pid: 39
[2026-04-04 13:44:10 +0000] [37] [INFO] Application startup complete.
[2026-04-04 13:44:10 +0000] [44] [INFO] Booting worker with pid: 44
[2026-04-04 13:44:10 +0000] [46] [INFO] Booting worker with pid: 46
[2026-04-04 13:44:10 +0000] [39] [INFO] Started server process [39]
[2026-04-04 13:44:10 +0000] [39] [INFO] Waiting for application startup.
[2026-04-04 13:44:10 +0000] [47] [INFO] Booting worker with pid: 47
[2026-04-04 13:44:10 +0000] [39] [INFO] Application startup complete.
[2026-04-04 13:44:10 +0000] [52] [INFO] Booting worker with pid: 52
[2026-04-04 13:44:10 +0000] [44] [INFO] Started server process [44]
[2026-04-04 13:44:10 +0000] [44] [INFO] Waiting for application startup.
[2026-04-04 13:44:10 +0000] [54] [INFO] Booting worker with pid: 54
[2026-04-04 13:44:10 +0000] [44] [INFO] Application startup complete.
[2026-04-04 13:44:10 +0000] [59] [INFO] Booting worker with pid: 59
[2026-04-04 13:44:10 +0000] [46] [INFO] Started server process [46]
[2026-04-04 13:44:10 +0000] [46] [INFO] Waiting for application startup.
[2026-04-04 13:44:10 +0000] [46] [INFO] Application startup complete.
[2026-04-04 13:44:10 +0000] [47] [INFO] Started server process [47]
[2026-04-04 13:44:10 +0000] [47] [INFO] Waiting for application startup.
[2026-04-04 13:44:10 +0000] [66] [INFO] Booting worker with pid: 66
[2026-04-04 13:44:10 +0000] [47] [INFO] Application startup complete.
[2026-04-04 13:44:10 +0000] [52] [INFO] Started server process [52]
[2026-04-04 13:44:10 +0000] [52] [INFO] Waiting for application startup.
[2026-04-04 13:44:10 +0000] [52] [INFO] Application startup complete.
[2026-04-04 13:44:10 +0000] [54] [INFO] Started server process [54]
[2026-04-04 13:44:10 +0000] [54] [INFO] Waiting for application startup.
[2026-04-04 13:44:10 +0000] [54] [INFO] Application startup complete.
[2026-04-04 13:44:10 +0000] [59] [INFO] Started server process [59]
[2026-04-04 13:44:10 +0000] [59] [INFO] Waiting for application startup.
[2026-04-04 13:44:10 +0000] [59] [INFO] Application startup complete.
[2026-04-04 13:44:10 +0000] [87] [INFO] Booting worker with pid: 87
[2026-04-04 13:44:10 +0000] [66] [INFO] Started server process [66]
[2026-04-04 13:44:10 +0000] [66] [INFO] Waiting for application startup.
[2026-04-04 13:44:10 +0000] [66] [INFO] Application startup complete.
[2026-04-04 13:44:10 +0000] [92] [INFO] Booting worker with pid: 92
[2026-04-04 13:44:10 +0000] [87] [INFO] Started server process [87]
[2026-04-04 13:44:10 +0000] [87] [INFO] Waiting for application startup.
[2026-04-04 13:44:10 +0000] [87] [INFO] Application startup complete.
[2026-04-04 13:44:10 +0000] [92] [INFO] Started server process [92]
[2026-04-04 13:44:10 +0000] [92] [INFO] Waiting for application startup.
[2026-04-04 13:44:10 +0000] [92] [INFO] Application startup complete.
