[2026-04-03 23:12:27 +0000] [1] [INFO] Starting gunicorn 23.0.0
[2026-04-03 23:12:27 +0000] [1] [INFO] Listening at: http://0.0.0.0:8080 (1)
[2026-04-03 23:12:27 +0000] [1] [INFO] Using worker: uvicorn.workers.UvicornWorker
[2026-04-03 23:12:27 +0000] [7] [INFO] Booting worker with pid: 7
[2026-04-03 23:12:27 +0000] [8] [INFO] Booting worker with pid: 8
[2026-04-03 23:12:27 +0000] [9] [INFO] Booting worker with pid: 9
[2026-04-03 23:12:27 +0000] [10] [INFO] Booting worker with pid: 10
[2026-04-03 23:12:27 +0000] [12] [INFO] Booting worker with pid: 12
[2026-04-03 23:12:27 +0000] [7] [INFO] Started server process [7]
[2026-04-03 23:12:27 +0000] [7] [INFO] Waiting for application startup.
[2026-04-03 23:12:27 +0000] [7] [INFO] Application startup complete.
[2026-04-03 23:12:27 +0000] [8] [INFO] Started server process [8]
[2026-04-03 23:12:27 +0000] [8] [INFO] Waiting for application startup.
[2026-04-03 23:12:27 +0000] [22] [INFO] Booting worker with pid: 22
[2026-04-03 23:12:27 +0000] [8] [INFO] Application startup complete.
[2026-04-03 23:12:27 +0000] [23] [INFO] Booting worker with pid: 23
[2026-04-03 23:12:27 +0000] [24] [INFO] Booting worker with pid: 24
[2026-04-03 23:12:27 +0000] [25] [INFO] Booting worker with pid: 25
[2026-04-03 23:12:27 +0000] [9] [INFO] Started server process [9]
[2026-04-03 23:12:27 +0000] [9] [INFO] Waiting for application startup.
[2026-04-03 23:12:27 +0000] [9] [INFO] Application startup complete.
[2026-04-03 23:12:27 +0000] [31] [INFO] Booting worker with pid: 31
[2026-04-03 23:12:27 +0000] [32] [INFO] Booting worker with pid: 32
[2026-04-03 23:12:27 +0000] [10] [INFO] Started server process [10]
[2026-04-03 23:12:27 +0000] [10] [INFO] Waiting for application startup.
[2026-04-03 23:12:27 +0000] [10] [INFO] Application startup complete.
[2026-04-03 23:12:27 +0000] [39] [INFO] Booting worker with pid: 39
[2026-04-03 23:12:27 +0000] [12] [INFO] Started server process [12]
[2026-04-03 23:12:27 +0000] [12] [INFO] Waiting for application startup.
[2026-04-03 23:12:27 +0000] [12] [INFO] Application startup complete.
[2026-04-03 23:12:27 +0000] [44] [INFO] Booting worker with pid: 44
[2026-04-03 23:12:27 +0000] [22] [INFO] Started server process [22]
[2026-04-03 23:12:27 +0000] [22] [INFO] Waiting for application startup.
[2026-04-03 23:12:27 +0000] [50] [INFO] Booting worker with pid: 50
[2026-04-03 23:12:27 +0000] [22] [INFO] Application startup complete.
[2026-04-03 23:12:27 +0000] [23] [INFO] Started server process [23]
[2026-04-03 23:12:27 +0000] [23] [INFO] Waiting for application startup.
[2026-04-03 23:12:27 +0000] [24] [INFO] Started server process [24]
[2026-04-03 23:12:27 +0000] [24] [INFO] Waiting for application startup.
[2026-04-03 23:12:27 +0000] [25] [INFO] Started server process [25]
[2026-04-03 23:12:27 +0000] [25] [INFO] Waiting for application startup.
[2026-04-03 23:12:27 +0000] [23] [INFO] Application startup complete.
[2026-04-03 23:12:27 +0000] [24] [INFO] Application startup complete.
[2026-04-03 23:12:27 +0000] [25] [INFO] Application startup complete.
[2026-04-03 23:12:27 +0000] [66] [INFO] Booting worker with pid: 66
[2026-04-03 23:12:27 +0000] [31] [INFO] Started server process [31]
[2026-04-03 23:12:27 +0000] [31] [INFO] Waiting for application startup.
[2026-04-03 23:12:27 +0000] [31] [INFO] Application startup complete.
[2026-04-03 23:12:27 +0000] [72] [INFO] Booting worker with pid: 72
[2026-04-03 23:12:27 +0000] [73] [INFO] Booting worker with pid: 73
[2026-04-03 23:12:27 +0000] [32] [INFO] Started server process [32]
[2026-04-03 23:12:27 +0000] [32] [INFO] Waiting for application startup.
[2026-04-03 23:12:27 +0000] [32] [INFO] Application startup complete.
[2026-04-03 23:12:27 +0000] [80] [INFO] Booting worker with pid: 80
[2026-04-03 23:12:27 +0000] [39] [INFO] Started server process [39]
[2026-04-03 23:12:27 +0000] [39] [INFO] Waiting for application startup.
[2026-04-03 23:12:27 +0000] [39] [INFO] Application startup complete.
[2026-04-03 23:12:27 +0000] [44] [INFO] Started server process [44]
[2026-04-03 23:12:28 +0000] [44] [INFO] Waiting for application startup.
[2026-04-03 23:12:28 +0000] [44] [INFO] Application startup complete.
[2026-04-03 23:12:28 +0000] [90] [INFO] Booting worker with pid: 90
[2026-04-03 23:12:28 +0000] [50] [INFO] Started server process [50]
[2026-04-03 23:12:28 +0000] [50] [INFO] Waiting for application startup.
[2026-04-03 23:12:28 +0000] [50] [INFO] Application startup complete.
[2026-04-03 23:12:28 +0000] [66] [INFO] Started server process [66]
[2026-04-03 23:12:28 +0000] [66] [INFO] Waiting for application startup.
[2026-04-03 23:12:28 +0000] [101] [INFO] Booting worker with pid: 101
[2026-04-03 23:12:28 +0000] [66] [INFO] Application startup complete.
[2026-04-03 23:12:28 +0000] [103] [INFO] Booting worker with pid: 103
[2026-04-03 23:12:28 +0000] [72] [INFO] Started server process [72]
[2026-04-03 23:12:28 +0000] [72] [INFO] Waiting for application startup.
[2026-04-03 23:12:28 +0000] [72] [INFO] Application startup complete.
[2026-04-03 23:12:28 +0000] [108] [INFO] Booting worker with pid: 108
[2026-04-03 23:12:28 +0000] [73] [INFO] Started server process [73]
[2026-04-03 23:12:28 +0000] [73] [INFO] Waiting for application startup.
[2026-04-03 23:12:28 +0000] [73] [INFO] Application startup complete.
[2026-04-03 23:12:28 +0000] [114] [INFO] Booting worker with pid: 114
[2026-04-03 23:12:28 +0000] [115] [INFO] Booting worker with pid: 115
[2026-04-03 23:12:28 +0000] [80] [INFO] Started server process [80]
[2026-04-03 23:12:28 +0000] [80] [INFO] Waiting for application startup.
[2026-04-03 23:12:28 +0000] [80] [INFO] Application startup complete.
[2026-04-03 23:12:28 +0000] [121] [INFO] Booting worker with pid: 121
[2026-04-03 23:12:28 +0000] [122] [INFO] Booting worker with pid: 122
[2026-04-03 23:12:28 +0000] [90] [INFO] Started server process [90]
[2026-04-03 23:12:28 +0000] [90] [INFO] Waiting for application startup.
[2026-04-03 23:12:28 +0000] [90] [INFO] Application startup complete.
[2026-04-03 23:12:28 +0000] [128] [INFO] Booting worker with pid: 128
[2026-04-03 23:12:28 +0000] [101] [INFO] Started server process [101]
[2026-04-03 23:12:28 +0000] [101] [INFO] Waiting for application startup.
[2026-04-03 23:12:28 +0000] [101] [INFO] Application startup complete.
[2026-04-03 23:12:28 +0000] [134] [INFO] Booting worker with pid: 134
[2026-04-03 23:12:28 +0000] [103] [INFO] Started server process [103]
[2026-04-03 23:12:28 +0000] [103] [INFO] Waiting for application startup.
[2026-04-03 23:12:28 +0000] [103] [INFO] Application startup complete.
[2026-04-03 23:12:28 +0000] [108] [INFO] Started server process [108]
[2026-04-03 23:12:28 +0000] [108] [INFO] Waiting for application startup.
[2026-04-03 23:12:28 +0000] [108] [INFO] Application startup complete.
[2026-04-03 23:12:28 +0000] [114] [INFO] Started server process [114]
[2026-04-03 23:12:28 +0000] [114] [INFO] Waiting for application startup.
[2026-04-03 23:12:28 +0000] [151] [INFO] Booting worker with pid: 151
[2026-04-03 23:12:28 +0000] [114] [INFO] Application startup complete.
[2026-04-03 23:12:28 +0000] [115] [INFO] Started server process [115]
[2026-04-03 23:12:28 +0000] [115] [INFO] Waiting for application startup.
[2026-04-03 23:12:28 +0000] [115] [INFO] Application startup complete.
[2026-04-03 23:12:28 +0000] [158] [INFO] Booting worker with pid: 158
[2026-04-03 23:12:28 +0000] [121] [INFO] Started server process [121]
[2026-04-03 23:12:28 +0000] [121] [INFO] Waiting for application startup.
[2026-04-03 23:12:28 +0000] [122] [INFO] Started server process [122]
[2026-04-03 23:12:28 +0000] [122] [INFO] Waiting for application startup.
[2026-04-03 23:12:28 +0000] [121] [INFO] Application startup complete.
[2026-04-03 23:12:28 +0000] [122] [INFO] Application startup complete.
[2026-04-03 23:12:28 +0000] [167] [INFO] Booting worker with pid: 167
[2026-04-03 23:12:28 +0000] [168] [INFO] Booting worker with pid: 168
[2026-04-03 23:12:28 +0000] [128] [INFO] Started server process [128]
[2026-04-03 23:12:28 +0000] [128] [INFO] Waiting for application startup.
[2026-04-03 23:12:28 +0000] [128] [INFO] Application startup complete.
[2026-04-03 23:12:28 +0000] [174] [INFO] Booting worker with pid: 174
[2026-04-03 23:12:28 +0000] [134] [INFO] Started server process [134]
[2026-04-03 23:12:28 +0000] [134] [INFO] Waiting for application startup.
[2026-04-03 23:12:28 +0000] [134] [INFO] Application startup complete.
[2026-04-03 23:12:28 +0000] [180] [INFO] Booting worker with pid: 180
[2026-04-03 23:12:28 +0000] [151] [INFO] Started server process [151]
[2026-04-03 23:12:28 +0000] [151] [INFO] Waiting for application startup.
[2026-04-03 23:12:28 +0000] [151] [INFO] Application startup complete.
[2026-04-03 23:12:28 +0000] [186] [INFO] Booting worker with pid: 186
[2026-04-03 23:12:28 +0000] [158] [INFO] Started server process [158]
[2026-04-03 23:12:28 +0000] [158] [INFO] Waiting for application startup.
[2026-04-03 23:12:28 +0000] [158] [INFO] Application startup complete.
[2026-04-03 23:12:28 +0000] [192] [INFO] Booting worker with pid: 192
[2026-04-03 23:12:28 +0000] [167] [INFO] Started server process [167]
[2026-04-03 23:12:28 +0000] [167] [INFO] Waiting for application startup.
[2026-04-03 23:12:28 +0000] [167] [INFO] Application startup complete.
[2026-04-03 23:12:28 +0000] [168] [INFO] Started server process [168]
[2026-04-03 23:12:28 +0000] [168] [INFO] Waiting for application startup.
[2026-04-03 23:12:29 +0000] [168] [INFO] Application startup complete.
[2026-04-03 23:12:29 +0000] [203] [INFO] Booting worker with pid: 203
[2026-04-03 23:12:29 +0000] [204] [INFO] Booting worker with pid: 204
[2026-04-03 23:12:29 +0000] [174] [INFO] Started server process [174]
[2026-04-03 23:12:29 +0000] [174] [INFO] Waiting for application startup.
[2026-04-03 23:12:29 +0000] [174] [INFO] Application startup complete.
[2026-04-03 23:12:29 +0000] [180] [INFO] Started server process [180]
[2026-04-03 23:12:29 +0000] [180] [INFO] Waiting for application startup.
[2026-04-03 23:12:29 +0000] [215] [INFO] Booting worker with pid: 215
[2026-04-03 23:12:29 +0000] [180] [INFO] Application startup complete.
[2026-04-03 23:12:29 +0000] [216] [INFO] Booting worker with pid: 216
[2026-04-03 23:12:29 +0000] [186] [INFO] Started server process [186]
[2026-04-03 23:12:29 +0000] [186] [INFO] Waiting for application startup.
[2026-04-03 23:12:29 +0000] [186] [INFO] Application startup complete.
[2026-04-03 23:12:29 +0000] [223] [INFO] Booting worker with pid: 223
[2026-04-03 23:12:29 +0000] [192] [INFO] Started server process [192]
[2026-04-03 23:12:29 +0000] [192] [INFO] Waiting for application startup.
[2026-04-03 23:12:29 +0000] [192] [INFO] Application startup complete.
[2026-04-03 23:12:29 +0000] [228] [INFO] Booting worker with pid: 228
[2026-04-03 23:12:29 +0000] [229] [INFO] Booting worker with pid: 229
[2026-04-03 23:12:29 +0000] [204] [INFO] Started server process [204]
[2026-04-03 23:12:29 +0000] [204] [INFO] Waiting for application startup.
[2026-04-03 23:12:29 +0000] [203] [INFO] Started server process [203]
[2026-04-03 23:12:29 +0000] [203] [INFO] Waiting for application startup.
[2026-04-03 23:12:29 +0000] [204] [INFO] Application startup complete.
[2026-04-03 23:12:29 +0000] [203] [INFO] Application startup complete.
[2026-04-03 23:12:29 +0000] [240] [INFO] Booting worker with pid: 240
[2026-04-03 23:12:29 +0000] [241] [INFO] Booting worker with pid: 241
[2026-04-03 23:12:29 +0000] [216] [INFO] Started server process [216]
[2026-04-03 23:12:29 +0000] [216] [INFO] Waiting for application startup.
[2026-04-03 23:12:29 +0000] [215] [INFO] Started server process [215]
[2026-04-03 23:12:29 +0000] [215] [INFO] Waiting for application startup.
[2026-04-03 23:12:29 +0000] [216] [INFO] Application startup complete.
[2026-04-03 23:12:29 +0000] [252] [INFO] Booting worker with pid: 252
[2026-04-03 23:12:29 +0000] [215] [INFO] Application startup complete.
[2026-04-03 23:12:29 +0000] [253] [INFO] Booting worker with pid: 253
[2026-04-03 23:12:29 +0000] [256] [INFO] Booting worker with pid: 256
[2026-04-03 23:12:29 +0000] [223] [INFO] Started server process [223]
[2026-04-03 23:12:29 +0000] [223] [INFO] Waiting for application startup.
[2026-04-03 23:12:29 +0000] [223] [INFO] Application startup complete.
[2026-04-03 23:12:29 +0000] [228] [INFO] Started server process [228]
[2026-04-03 23:12:29 +0000] [228] [INFO] Waiting for application startup.
[2026-04-03 23:12:29 +0000] [228] [INFO] Application startup complete.
[2026-04-03 23:12:29 +0000] [229] [INFO] Started server process [229]
[2026-04-03 23:12:29 +0000] [229] [INFO] Waiting for application startup.
[2026-04-03 23:12:29 +0000] [229] [INFO] Application startup complete.
[2026-04-03 23:12:29 +0000] [270] [INFO] Booting worker with pid: 270
[2026-04-03 23:12:29 +0000] [272] [INFO] Booting worker with pid: 272
[2026-04-03 23:12:29 +0000] [240] [INFO] Started server process [240]
[2026-04-03 23:12:29 +0000] [240] [INFO] Waiting for application startup.
[2026-04-03 23:12:29 +0000] [240] [INFO] Application startup complete.
[2026-04-03 23:12:29 +0000] [241] [INFO] Started server process [241]
[2026-04-03 23:12:29 +0000] [241] [INFO] Waiting for application startup.
[2026-04-03 23:12:29 +0000] [241] [INFO] Application startup complete.
[2026-04-03 23:12:29 +0000] [253] [INFO] Started server process [253]
[2026-04-03 23:12:29 +0000] [253] [INFO] Waiting for application startup.
[2026-04-03 23:12:29 +0000] [253] [INFO] Application startup complete.
[2026-04-03 23:12:29 +0000] [252] [INFO] Started server process [252]
[2026-04-03 23:12:29 +0000] [252] [INFO] Waiting for application startup.
[2026-04-03 23:12:29 +0000] [292] [INFO] Booting worker with pid: 292
[2026-04-03 23:12:29 +0000] [252] [INFO] Application startup complete.
[2026-04-03 23:12:29 +0000] [256] [INFO] Started server process [256]
[2026-04-03 23:12:29 +0000] [256] [INFO] Waiting for application startup.
[2026-04-03 23:12:29 +0000] [256] [INFO] Application startup complete.
[2026-04-03 23:12:29 +0000] [298] [INFO] Booting worker with pid: 298
[2026-04-03 23:12:29 +0000] [299] [INFO] Booting worker with pid: 299
[2026-04-03 23:12:29 +0000] [301] [INFO] Booting worker with pid: 301
[2026-04-03 23:12:30 +0000] [270] [INFO] Started server process [270]
[2026-04-03 23:12:30 +0000] [270] [INFO] Waiting for application startup.
[2026-04-03 23:12:30 +0000] [270] [INFO] Application startup complete.
[2026-04-03 23:12:30 +0000] [306] [INFO] Booting worker with pid: 306
[2026-04-03 23:12:30 +0000] [272] [INFO] Started server process [272]
[2026-04-03 23:12:30 +0000] [272] [INFO] Waiting for application startup.
[2026-04-03 23:12:30 +0000] [272] [INFO] Application startup complete.
[2026-04-03 23:12:30 +0000] [312] [INFO] Booting worker with pid: 312
[2026-04-03 23:12:30 +0000] [292] [INFO] Started server process [292]
[2026-04-03 23:12:30 +0000] [292] [INFO] Waiting for application startup.
[2026-04-03 23:12:30 +0000] [292] [INFO] Application startup complete.
[2026-04-03 23:12:30 +0000] [319] [INFO] Booting worker with pid: 319
[2026-04-03 23:12:30 +0000] [298] [INFO] Started server process [298]
[2026-04-03 23:12:30 +0000] [298] [INFO] Waiting for application startup.
[2026-04-03 23:12:30 +0000] [298] [INFO] Application startup complete.
[2026-04-03 23:12:30 +0000] [299] [INFO] Started server process [299]
[2026-04-03 23:12:30 +0000] [299] [INFO] Waiting for application startup.
[2026-04-03 23:12:30 +0000] [299] [INFO] Application startup complete.
[2026-04-03 23:12:30 +0000] [330] [INFO] Booting worker with pid: 330
[2026-04-03 23:12:30 +0000] [301] [INFO] Started server process [301]
[2026-04-03 23:12:30 +0000] [301] [INFO] Waiting for application startup.
[2026-04-03 23:12:30 +0000] [301] [INFO] Application startup complete.
[2026-04-03 23:12:30 +0000] [306] [INFO] Started server process [306]
[2026-04-03 23:12:30 +0000] [306] [INFO] Waiting for application startup.
[2026-04-03 23:12:30 +0000] [306] [INFO] Application startup complete.
[2026-04-03 23:12:30 +0000] [340] [INFO] Booting worker with pid: 340
[2026-04-03 23:12:30 +0000] [341] [INFO] Booting worker with pid: 341
[2026-04-03 23:12:30 +0000] [312] [INFO] Started server process [312]
[2026-04-03 23:12:30 +0000] [312] [INFO] Waiting for application startup.
[2026-04-03 23:12:30 +0000] [343] [INFO] Booting worker with pid: 343
[2026-04-03 23:12:30 +0000] [312] [INFO] Application startup complete.
[2026-04-03 23:12:30 +0000] [348] [INFO] Booting worker with pid: 348
[2026-04-03 23:12:30 +0000] [349] [INFO] Booting worker with pid: 349
[2026-04-03 23:12:30 +0000] [319] [INFO] Started server process [319]
[2026-04-03 23:12:30 +0000] [319] [INFO] Waiting for application startup.
[2026-04-03 23:12:30 +0000] [319] [INFO] Application startup complete.
[2026-04-03 23:12:30 +0000] [355] [INFO] Booting worker with pid: 355
[2026-04-03 23:12:30 +0000] [330] [INFO] Started server process [330]
[2026-04-03 23:12:30 +0000] [330] [INFO] Waiting for application startup.
[2026-04-03 23:12:30 +0000] [330] [INFO] Application startup complete.
[2026-04-03 23:12:30 +0000] [340] [INFO] Started server process [340]
[2026-04-03 23:12:30 +0000] [340] [INFO] Waiting for application startup.
[2026-04-03 23:12:30 +0000] [340] [INFO] Application startup complete.
[2026-04-03 23:12:30 +0000] [341] [INFO] Started server process [341]
[2026-04-03 23:12:30 +0000] [341] [INFO] Waiting for application startup.
[2026-04-03 23:12:30 +0000] [341] [INFO] Application startup complete.
[2026-04-03 23:12:30 +0000] [343] [INFO] Started server process [343]
[2026-04-03 23:12:30 +0000] [343] [INFO] Waiting for application startup.
[2026-04-03 23:12:30 +0000] [343] [INFO] Application startup complete.
[2026-04-03 23:12:30 +0000] [348] [INFO] Started server process [348]
[2026-04-03 23:12:30 +0000] [348] [INFO] Waiting for application startup.
[2026-04-03 23:12:30 +0000] [348] [INFO] Application startup complete.
[2026-04-03 23:12:30 +0000] [349] [INFO] Started server process [349]
[2026-04-03 23:12:30 +0000] [349] [INFO] Waiting for application startup.
[2026-04-03 23:12:30 +0000] [349] [INFO] Application startup complete.
[2026-04-03 23:12:30 +0000] [355] [INFO] Started server process [355]
[2026-04-03 23:12:30 +0000] [355] [INFO] Waiting for application startup.
[2026-04-03 23:12:30 +0000] [355] [INFO] Application startup complete.
