INFO: Listening on port 8080
INFO: Starting up Iodine:
 * Iodine 5.2.1
 * Ruby 4.0.2
 * facil.io 0.7.4 (epoll)
 * 127 Workers X 1 Threads per worker.
 * Maximum 131056 open files / sockets per worker.
 * Master (root) process: 1.

INFO: Server is running 127 workers X 1 thread with facil.io 0.7.4 (epoll)
* Detected capacity: 131056 open file limit
* Root pid: 1
* Press ^C to stop

/usr/local/bundle/gems/rage-rb-1.22.1/lib/rage/middleware/fiber_wrapper.rb:11: warning: Scheduler should implement #fiber_interrupt
INFO: 9 is running.
/usr/local/bundle/gems/rage-rb-1.22.1/lib/rage/middleware/fiber_wrapper.rb:11: warning: Scheduler should implement #fiber_interrupt
INFO: 13 is running.
/usr/local/bundle/gems/rage-rb-1.22.1/lib/rage/middleware/fiber_wrapper.rb:11: warning: Scheduler should implement #fiber_interrupt
INFO: 17 is running.
/usr/local/bundle/gems/rage-rb-1.22.1/lib/rage/middleware/fiber_wrapper.rb:11: warning: Scheduler should implement #fiber_interrupt
INFO: 21 is running.
/usr/local/bundle/gems/rage-rb-1.22.1/lib/rage/middleware/fiber_wrapper.rb:11: warning: Scheduler should implement #fiber_interrupt
INFO: 25 is running.
/usr/local/bundle/gems/rage-rb-1.22.1/lib/rage/middleware/fiber_wrapper.rb:11: warning: Scheduler should implement #fiber_interrupt
INFO: 30 is running.
/usr/local/bundle/gems/rage-rb-1.22.1/lib/rage/middleware/fiber_wrapper.rb:11: warning: Scheduler should implement #fiber_interrupt
INFO: 35 is running.
/usr/local/bundle/gems/rage-rb-1.22.1/lib/rage/middleware/fiber_wrapper.rb:11: warning: Scheduler should implement #fiber_interrupt
INFO: 41 is running.
/usr/local/bundle/gems/rage-rb-1.22.1/lib/rage/middleware/fiber_wrapper.rb:11: warning: Scheduler should implement #fiber_interrupt
INFO: 46 is running.
/usr/local/bundle/gems/rage-rb-1.22.1/lib/rage/middleware/fiber_wrapper.rb:11: warning: Scheduler should implement #fiber_interrupt
INFO: 51 is running.
/usr/local/bundle/gems/rage-rb-1.22.1/lib/rage/middleware/fiber_wrapper.rb:11: warning: Scheduler should implement #fiber_interrupt
INFO: 56 is running.
/usr/local/bundle/gems/rage-rb-1.22.1/lib/rage/middleware/fiber_wrapper.rb:11: warning: Scheduler should implement #fiber_interrupt
INFO: 61 is running.
/usr/local/bundle/gems/rage-rb-1.22.1/lib/rage/middleware/fiber_wrapper.rb:11: warning: Scheduler should implement #fiber_interrupt
INFO: 69 is running.
/usr/local/bundle/gems/rage-rb-1.22.1/lib/rage/middleware/fiber_wrapper.rb:11: warning: Scheduler should implement #fiber_interrupt
INFO: 73 is running.
/usr/local/bundle/gems/rage-rb-1.22.1/lib/rage/middleware/fiber_wrapper.rb:11: warning: Scheduler should implement #fiber_interrupt
INFO: 77 is running.
/usr/local/bundle/gems/rage-rb-1.22.1/lib/rage/middleware/fiber_wrapper.rb:11: warning: Scheduler should implement #fiber_interrupt
INFO: 81 is running.
/usr/local/bundle/gems/rage-rb-1.22.1/lib/rage/middleware/fiber_wrapper.rb:11: warning: Scheduler should implement #fiber_interrupt
INFO: 86 is running.
/usr/local/bundle/gems/rage-rb-1.22.1/lib/rage/middleware/fiber_wrapper.rb:11: warning: Scheduler should implement #fiber_interrupt
INFO: 91 is running.
/usr/local/bundle/gems/rage-rb-1.22.1/lib/rage/middleware/fiber_wrapper.rb:11: warning: Scheduler should implement #fiber_interrupt
INFO: 96 is running.
/usr/local/bundle/gems/rage-rb-1.22.1/lib/rage/middleware/fiber_wrapper.rb:11: warning: Scheduler should implement #fiber_interrupt
INFO: 101 is running.
/usr/local/bundle/gems/rage-rb-1.22.1/lib/rage/middleware/fiber_wrapper.rb:11: warning: Scheduler should implement #fiber_interrupt
INFO: 106 is running.
/usr/local/bundle/gems/rage-rb-1.22.1/lib/rage/middleware/fiber_wrapper.rb:11: warning: Scheduler should implement #fiber_interrupt
INFO: 110 is running.
/usr/local/bundle/gems/rage-rb-1.22.1/lib/rage/middleware/fiber_wrapper.rb:11: warning: Scheduler should implement #fiber_interrupt
INFO: 115 is running.
/usr/local/bundle/gems/rage-rb-1.22.1/lib/rage/middleware/fiber_wrapper.rb:11: warning: Scheduler should implement #fiber_interrupt
INFO: 120 is running.
/usr/local/bundle/gems/rage-rb-1.22.1/lib/rage/middleware/fiber_wrapper.rb:11: warning: Scheduler should implement #fiber_interrupt
INFO: 126 is running.
/usr/local/bundle/gems/rage-rb-1.22.1/lib/rage/middleware/fiber_wrapper.rb:11: warning: Scheduler should implement #fiber_interrupt
INFO: 131 is running.
/usr/local/bundle/gems/rage-rb-1.22.1/lib/rage/middleware/fiber_wrapper.rb:11: warning: Scheduler should implement #fiber_interrupt
INFO: 136 is running.
/usr/local/bundle/gems/rage-rb-1.22.1/lib/rage/middleware/fiber_wrapper.rb:11: warning: Scheduler should implement #fiber_interrupt
INFO: 141 is running.
/usr/local/bundle/gems/rage-rb-1.22.1/lib/rage/middleware/fiber_wrapper.rb:11: warning: Scheduler should implement #fiber_interrupt
INFO: 146 is running.
/usr/local/bundle/gems/rage-rb-1.22.1/lib/rage/middleware/fiber_wrapper.rb:11: warning: Scheduler should implement #fiber_interrupt
INFO: 151 is running.
/usr/local/bundle/gems/rage-rb-1.22.1/lib/rage/middleware/fiber_wrapper.rb:11: warning: Scheduler should implement #fiber_interrupt
INFO: 156 is running.
/usr/local/bundle/gems/rage-rb-1.22.1/lib/rage/middleware/fiber_wrapper.rb:11: warning: Scheduler should implement #fiber_interrupt
INFO: 161 is running.
/usr/local/bundle/gems/rage-rb-1.22.1/lib/rage/middleware/fiber_wrapper.rb:11: warning: Scheduler should implement #fiber_interrupt
INFO: 166 is running.
/usr/local/bundle/gems/rage-rb-1.22.1/lib/rage/middleware/fiber_wrapper.rb:11: warning: Scheduler should implement #fiber_interrupt
INFO: 171 is running.
/usr/local/bundle/gems/rage-rb-1.22.1/lib/rage/middleware/fiber_wrapper.rb:11: warning: Scheduler should implement #fiber_interrupt
INFO: 176 is running.
/usr/local/bundle/gems/rage-rb-1.22.1/lib/rage/middleware/fiber_wrapper.rb:11: warning: Scheduler should implement #fiber_interrupt
INFO: 181 is running.
/usr/local/bundle/gems/rage-rb-1.22.1/lib/rage/middleware/fiber_wrapper.rb:11: warning: Scheduler should implement #fiber_interrupt
INFO: 186 is running.
/usr/local/bundle/gems/rage-rb-1.22.1/lib/rage/middleware/fiber_wrapper.rb:11: warning: Scheduler should implement #fiber_interrupt
INFO: 191 is running.
/usr/local/bundle/gems/rage-rb-1.22.1/lib/rage/middleware/fiber_wrapper.rb:11: warning: Scheduler should implement #fiber_interrupt
INFO: 196 is running.
/usr/local/bundle/gems/rage-rb-1.22.1/lib/rage/middleware/fiber_wrapper.rb:11: warning: Scheduler should implement #fiber_interrupt
INFO: 201 is running.
/usr/local/bundle/gems/rage-rb-1.22.1/lib/rage/middleware/fiber_wrapper.rb:11: warning: Scheduler should implement #fiber_interrupt
INFO: 206 is running.
/usr/local/bundle/gems/rage-rb-1.22.1/lib/rage/middleware/fiber_wrapper.rb:11: warning: Scheduler should implement #fiber_interrupt
INFO: 211 is running.
/usr/local/bundle/gems/rage-rb-1.22.1/lib/rage/middleware/fiber_wrapper.rb:11: warning: Scheduler should implement #fiber_interrupt
INFO: 216 is running.
/usr/local/bundle/gems/rage-rb-1.22.1/lib/rage/middleware/fiber_wrapper.rb:11: warning: Scheduler should implement #fiber_interrupt
INFO: 221 is running.
/usr/local/bundle/gems/rage-rb-1.22.1/lib/rage/middleware/fiber_wrapper.rb:11: warning: Scheduler should implement #fiber_interrupt
INFO: 226 is running.
/usr/local/bundle/gems/rage-rb-1.22.1/lib/rage/middleware/fiber_wrapper.rb:11: warning: Scheduler should implement #fiber_interrupt
INFO: 231 is running.
/usr/local/bundle/gems/rage-rb-1.22.1/lib/rage/middleware/fiber_wrapper.rb:11: warning: Scheduler should implement #fiber_interrupt
INFO: 236 is running.
/usr/local/bundle/gems/rage-rb-1.22.1/lib/rage/middleware/fiber_wrapper.rb:11: warning: Scheduler should implement #fiber_interrupt
INFO: 241 is running.
/usr/local/bundle/gems/rage-rb-1.22.1/lib/rage/middleware/fiber_wrapper.rb:11: warning: Scheduler should implement #fiber_interrupt
INFO: 246 is running.
/usr/local/bundle/gems/rage-rb-1.22.1/lib/rage/middleware/fiber_wrapper.rb:11: warning: Scheduler should implement #fiber_interrupt
INFO: 251 is running.
/usr/local/bundle/gems/rage-rb-1.22.1/lib/rage/middleware/fiber_wrapper.rb:11: warning: Scheduler should implement #fiber_interrupt
INFO: 255 is running.
/usr/local/bundle/gems/rage-rb-1.22.1/lib/rage/middleware/fiber_wrapper.rb:11: warning: Scheduler should implement #fiber_interrupt
INFO: 260 is running.
/usr/local/bundle/gems/rage-rb-1.22.1/lib/rage/middleware/fiber_wrapper.rb:11: warning: Scheduler should implement #fiber_interrupt
INFO: 265 is running.
/usr/local/bundle/gems/rage-rb-1.22.1/lib/rage/middleware/fiber_wrapper.rb:11: warning: Scheduler should implement #fiber_interrupt
INFO: 270 is running.
/usr/local/bundle/gems/rage-rb-1.22.1/lib/rage/middleware/fiber_wrapper.rb:11: warning: Scheduler should implement #fiber_interrupt
INFO: 275 is running.
/usr/local/bundle/gems/rage-rb-1.22.1/lib/rage/middleware/fiber_wrapper.rb:11: warning: Scheduler should implement #fiber_interrupt
INFO: 280 is running.
/usr/local/bundle/gems/rage-rb-1.22.1/lib/rage/middleware/fiber_wrapper.rb:11: warning: Scheduler should implement #fiber_interrupt
INFO: 286 is running.
/usr/local/bundle/gems/rage-rb-1.22.1/lib/rage/middleware/fiber_wrapper.rb:11: warning: Scheduler should implement #fiber_interrupt
INFO: 291 is running.
/usr/local/bundle/gems/concurrent-ruby-1.3.6/lib/concurrent-ruby/concurrent/utility/processor_counter.rb:108: warning: IO::Buffer is experimental and both the Ruby and C interface may change in the future!
/usr/local/bundle/gems/concurrent-ruby-1.3.6/lib/concurrent-ruby/concurrent/utility/processor_counter.rb:108: warning: IO::Buffer is experimental and both the Ruby and C interface may change in the future!
/usr/local/bundle/gems/concurrent-ruby-1.3.6/lib/concurrent-ruby/concurrent/utility/processor_counter.rb:108: warning: IO::Buffer is experimental and both the Ruby and C interface may change in the future!
/usr/local/bundle/gems/concurrent-ruby-1.3.6/lib/concurrent-ruby/concurrent/utility/processor_counter.rb:108: warning: IO::Buffer is experimental and both the Ruby and C interface may change in the future!
/usr/local/bundle/gems/concurrent-ruby-1.3.6/lib/concurrent-ruby/concurrent/utility/processor_counter.rb:108: warning: IO::Buffer is experimental and both the Ruby and C interface may change in the future!
/usr/local/bundle/gems/concurrent-ruby-1.3.6/lib/concurrent-ruby/concurrent/utility/processor_counter.rb:108: warning: IO::Buffer is experimental and both the Ruby and C interface may change in the future!
/usr/local/bundle/gems/concurrent-ruby-1.3.6/lib/concurrent-ruby/concurrent/utility/processor_counter.rb:108: warning: IO::Buffer is experimental and both the Ruby and C interface may change in the future!
/usr/local/bundle/gems/concurrent-ruby-1.3.6/lib/concurrent-ruby/concurrent/utility/processor_counter.rb:108: warning: IO::Buffer is experimental and both the Ruby and C interface may change in the future!
/usr/local/bundle/gems/concurrent-ruby-1.3.6/lib/concurrent-ruby/concurrent/utility/processor_counter.rb:108: warning: IO::Buffer is experimental and both the Ruby and C interface may change in the future!
/usr/local/bundle/gems/concurrent-ruby-1.3.6/lib/concurrent-ruby/concurrent/utility/processor_counter.rb:108: warning: IO::Buffer is experimental and both the Ruby and C interface may change in the future!
/usr/local/bundle/gems/concurrent-ruby-1.3.6/lib/concurrent-ruby/concurrent/utility/processor_counter.rb:108: warning: IO::Buffer is experimental and both the Ruby and C interface may change in the future!
/usr/local/bundle/gems/concurrent-ruby-1.3.6/lib/concurrent-ruby/concurrent/utility/processor_counter.rb:108: warning: IO::Buffer is experimental and both the Ruby and C interface may change in the future!
/usr/local/bundle/gems/concurrent-ruby-1.3.6/lib/concurrent-ruby/concurrent/utility/processor_counter.rb:108: warning: IO::Buffer is experimental and both the Ruby and C interface may change in the future!
/usr/local/bundle/gems/concurrent-ruby-1.3.6/lib/concurrent-ruby/concurrent/utility/processor_counter.rb:108: warning: IO::Buffer is experimental and both the Ruby and C interface may change in the future!
/usr/local/bundle/gems/concurrent-ruby-1.3.6/lib/concurrent-ruby/concurrent/utility/processor_counter.rb:108: warning: IO::Buffer is experimental and both the Ruby and C interface may change in the future!
/usr/local/bundle/gems/concurrent-ruby-1.3.6/lib/concurrent-ruby/concurrent/utility/processor_counter.rb:108: warning: IO::Buffer is experimental and both the Ruby and C interface may change in the future!
/usr/local/bundle/gems/concurrent-ruby-1.3.6/lib/concurrent-ruby/concurrent/utility/processor_counter.rb:108: warning: IO::Buffer is experimental and both the Ruby and C interface may change in the future!
/usr/local/bundle/gems/concurrent-ruby-1.3.6/lib/concurrent-ruby/concurrent/utility/processor_counter.rb:108: warning: IO::Buffer is experimental and both the Ruby and C interface may change in the future!
/usr/local/bundle/gems/concurrent-ruby-1.3.6/lib/concurrent-ruby/concurrent/utility/processor_counter.rb:108: warning: IO::Buffer is experimental and both the Ruby and C interface may change in the future!
/usr/local/bundle/gems/concurrent-ruby-1.3.6/lib/concurrent-ruby/concurrent/utility/processor_counter.rb:108: warning: IO::Buffer is experimental and both the Ruby and C interface may change in the future!
/usr/local/bundle/gems/concurrent-ruby-1.3.6/lib/concurrent-ruby/concurrent/utility/processor_counter.rb:108: warning: IO::Buffer is experimental and both the Ruby and C interface may change in the future!
/usr/local/bundle/gems/concurrent-ruby-1.3.6/lib/concurrent-ruby/concurrent/utility/processor_counter.rb:108: warning: IO::Buffer is experimental and both the Ruby and C interface may change in the future!
/usr/local/bundle/gems/concurrent-ruby-1.3.6/lib/concurrent-ruby/concurrent/utility/processor_counter.rb:108: warning: IO::Buffer is experimental and both the Ruby and C interface may change in the future!
/usr/local/bundle/gems/concurrent-ruby-1.3.6/lib/concurrent-ruby/concurrent/utility/processor_counter.rb:108: warning: IO::Buffer is experimental and both the Ruby and C interface may change in the future!
/usr/local/bundle/gems/concurrent-ruby-1.3.6/lib/concurrent-ruby/concurrent/utility/processor_counter.rb:108: warning: IO::Buffer is experimental and both the Ruby and C interface may change in the future!
/usr/local/bundle/gems/concurrent-ruby-1.3.6/lib/concurrent-ruby/concurrent/utility/processor_counter.rb:108: warning: IO::Buffer is experimental and both the Ruby and C interface may change in the future!
/usr/local/bundle/gems/concurrent-ruby-1.3.6/lib/concurrent-ruby/concurrent/utility/processor_counter.rb:108: warning: IO::Buffer is experimental and both the Ruby and C interface may change in the future!
/usr/local/bundle/gems/concurrent-ruby-1.3.6/lib/concurrent-ruby/concurrent/utility/processor_counter.rb:108: warning: IO::Buffer is experimental and both the Ruby and C interface may change in the future!
/usr/local/bundle/gems/concurrent-ruby-1.3.6/lib/concurrent-ruby/concurrent/utility/processor_counter.rb:108: warning: IO::Buffer is experimental and both the Ruby and C interface may change in the future!
/usr/local/bundle/gems/concurrent-ruby-1.3.6/lib/concurrent-ruby/concurrent/utility/processor_counter.rb:108: warning: IO::Buffer is experimental and both the Ruby and C interface may change in the future!
/usr/local/bundle/gems/concurrent-ruby-1.3.6/lib/concurrent-ruby/concurrent/utility/processor_counter.rb:108: warning: IO::Buffer is experimental and both the Ruby and C interface may change in the future!
/usr/local/bundle/gems/concurrent-ruby-1.3.6/lib/concurrent-ruby/concurrent/utility/processor_counter.rb:108: warning: IO::Buffer is experimental and both the Ruby and C interface may change in the future!
/usr/local/bundle/gems/concurrent-ruby-1.3.6/lib/concurrent-ruby/concurrent/utility/processor_counter.rb:108: warning: IO::Buffer is experimental and both the Ruby and C interface may change in the future!
/usr/local/bundle/gems/concurrent-ruby-1.3.6/lib/concurrent-ruby/concurrent/utility/processor_counter.rb:108: warning: IO::Buffer is experimental and both the Ruby and C interface may change in the future!
/usr/local/bundle/gems/concurrent-ruby-1.3.6/lib/concurrent-ruby/concurrent/utility/processor_counter.rb:108: warning: IO::Buffer is experimental and both the Ruby and C interface may change in the future!
/usr/local/bundle/gems/concurrent-ruby-1.3.6/lib/concurrent-ruby/concurrent/utility/processor_counter.rb:108: warning: IO::Buffer is experimental and both the Ruby and C interface may change in the future!
/usr/local/bundle/gems/concurrent-ruby-1.3.6/lib/concurrent-ruby/concurrent/utility/processor_counter.rb:108: warning: IO::Buffer is experimental and both the Ruby and C interface may change in the future!
/usr/local/bundle/gems/concurrent-ruby-1.3.6/lib/concurrent-ruby/concurrent/utility/processor_counter.rb:108: warning: IO::Buffer is experimental and both the Ruby and C interface may change in the future!
/usr/local/bundle/gems/concurrent-ruby-1.3.6/lib/concurrent-ruby/concurrent/utility/processor_counter.rb:108: warning: IO::Buffer is experimental and both the Ruby and C interface may change in the future!
/usr/local/bundle/gems/concurrent-ruby-1.3.6/lib/concurrent-ruby/concurrent/utility/processor_counter.rb:108: warning: IO::Buffer is experimental and both the Ruby and C interface may change in the future!
/usr/local/bundle/gems/concurrent-ruby-1.3.6/lib/concurrent-ruby/concurrent/utility/processor_counter.rb:108: warning: IO::Buffer is experimental and both the Ruby and C interface may change in the future!
/usr/local/bundle/gems/concurrent-ruby-1.3.6/lib/concurrent-ruby/concurrent/utility/processor_counter.rb:108: warning: IO::Buffer is experimental and both the Ruby and C interface may change in the future!
/usr/local/bundle/gems/concurrent-ruby-1.3.6/lib/concurrent-ruby/concurrent/utility/processor_counter.rb:108: warning: IO::Buffer is experimental and both the Ruby and C interface may change in the future!
/usr/local/bundle/gems/concurrent-ruby-1.3.6/lib/concurrent-ruby/concurrent/utility/processor_counter.rb:108: warning: IO::Buffer is experimental and both the Ruby and C interface may change in the future!
/usr/local/bundle/gems/concurrent-ruby-1.3.6/lib/concurrent-ruby/concurrent/utility/processor_counter.rb:108: warning: IO::Buffer is experimental and both the Ruby and C interface may change in the future!
/usr/local/bundle/gems/concurrent-ruby-1.3.6/lib/concurrent-ruby/concurrent/utility/processor_counter.rb:108: warning: IO::Buffer is experimental and both the Ruby and C interface may change in the future!
/usr/local/bundle/gems/concurrent-ruby-1.3.6/lib/concurrent-ruby/concurrent/utility/processor_counter.rb:108: warning: IO::Buffer is experimental and both the Ruby and C interface may change in the future!
/usr/local/bundle/gems/concurrent-ruby-1.3.6/lib/concurrent-ruby/concurrent/utility/processor_counter.rb:108: warning: IO::Buffer is experimental and both the Ruby and C interface may change in the future!
/usr/local/bundle/gems/rage-rb-1.22.1/lib/rage/middleware/fiber_wrapper.rb:11: warning: Scheduler should implement #fiber_interrupt
INFO: 299 is running.
/usr/local/bundle/gems/rage-rb-1.22.1/lib/rage/middleware/fiber_wrapper.rb:11: warning: Scheduler should implement #fiber_interrupt
INFO: 303 is running.
/usr/local/bundle/gems/concurrent-ruby-1.3.6/lib/concurrent-ruby/concurrent/utility/processor_counter.rb:108: warning: IO::Buffer is experimental and both the Ruby and C interface may change in the future!
/usr/local/bundle/gems/concurrent-ruby-1.3.6/lib/concurrent-ruby/concurrent/utility/processor_counter.rb:108: warning: IO::Buffer is experimental and both the Ruby and C interface may change in the future!
/usr/local/bundle/gems/concurrent-ruby-1.3.6/lib/concurrent-ruby/concurrent/utility/processor_counter.rb:108: warning: IO::Buffer is experimental and both the Ruby and C interface may change in the future!
/usr/local/bundle/gems/rage-rb-1.22.1/lib/rage/middleware/fiber_wrapper.rb:11: warning: Scheduler should implement #fiber_interrupt
INFO: 307 is running.
/usr/local/bundle/gems/rage-rb-1.22.1/lib/rage/middleware/fiber_wrapper.rb:11: warning: Scheduler should implement #fiber_interrupt
INFO: 311 is running.
/usr/local/bundle/gems/rage-rb-1.22.1/lib/rage/middleware/fiber_wrapper.rb:11: warning: Scheduler should implement #fiber_interrupt
INFO: 316 is running.
/usr/local/bundle/gems/rage-rb-1.22.1/lib/rage/middleware/fiber_wrapper.rb:11: warning: Scheduler should implement #fiber_interrupt
INFO: 321 is running.
/usr/local/bundle/gems/concurrent-ruby-1.3.6/lib/concurrent-ruby/concurrent/utility/processor_counter.rb:108: warning: IO::Buffer is experimental and both the Ruby and C interface may change in the future!
/usr/local/bundle/gems/concurrent-ruby-1.3.6/lib/concurrent-ruby/concurrent/utility/processor_counter.rb:108: warning: IO::Buffer is experimental and both the Ruby and C interface may change in the future!
/usr/local/bundle/gems/concurrent-ruby-1.3.6/lib/concurrent-ruby/concurrent/utility/processor_counter.rb:108: warning: IO::Buffer is experimental and both the Ruby and C interface may change in the future!
/usr/local/bundle/gems/concurrent-ruby-1.3.6/lib/concurrent-ruby/concurrent/utility/processor_counter.rb:108: warning: IO::Buffer is experimental and both the Ruby and C interface may change in the future!
/usr/local/bundle/gems/concurrent-ruby-1.3.6/lib/concurrent-ruby/concurrent/utility/processor_counter.rb:108: warning: IO::Buffer is experimental and both the Ruby and C interface may change in the future!
/usr/local/bundle/gems/concurrent-ruby-1.3.6/lib/concurrent-ruby/concurrent/utility/processor_counter.rb:108: warning: IO::Buffer is experimental and both the Ruby and C interface may change in the future!
/usr/local/bundle/gems/concurrent-ruby-1.3.6/lib/concurrent-ruby/concurrent/utility/processor_counter.rb:108: warning: IO::Buffer is experimental and both the Ruby and C interface may change in the future!
/usr/local/bundle/gems/concurrent-ruby-1.3.6/lib/concurrent-ruby/concurrent/utility/processor_counter.rb:108: warning: IO::Buffer is experimental and both the Ruby and C interface may change in the future!
/usr/local/bundle/gems/concurrent-ruby-1.3.6/lib/concurrent-ruby/concurrent/utility/processor_counter.rb:108: warning: IO::Buffer is experimental and both the Ruby and C interface may change in the future!
/usr/local/bundle/gems/concurrent-ruby-1.3.6/lib/concurrent-ruby/concurrent/utility/processor_counter.rb:108: warning: IO::Buffer is experimental and both the Ruby and C interface may change in the future!
/usr/local/bundle/gems/concurrent-ruby-1.3.6/lib/concurrent-ruby/concurrent/utility/processor_counter.rb:108: warning: IO::Buffer is experimental and both the Ruby and C interface may change in the future!
/usr/local/bundle/gems/concurrent-ruby-1.3.6/lib/concurrent-ruby/concurrent/utility/processor_counter.rb:108: warning: IO::Buffer is experimental and both the Ruby and C interface may change in the future!
/usr/local/bundle/gems/rage-rb-1.22.1/lib/rage/middleware/fiber_wrapper.rb:11: warning: Scheduler should implement #fiber_interrupt
INFO: 325 is running.
/usr/local/bundle/gems/concurrent-ruby-1.3.6/lib/concurrent-ruby/concurrent/utility/processor_counter.rb:108: warning: IO::Buffer is experimental and both the Ruby and C interface may change in the future!
/usr/local/bundle/gems/concurrent-ruby-1.3.6/lib/concurrent-ruby/concurrent/utility/processor_counter.rb:108: warning: IO::Buffer is experimental and both the Ruby and C interface may change in the future!
/usr/local/bundle/gems/rage-rb-1.22.1/lib/rage/middleware/fiber_wrapper.rb:11: warning: Scheduler should implement #fiber_interrupt
INFO: 332 is running.
/usr/local/bundle/gems/rage-rb-1.22.1/lib/rage/middleware/fiber_wrapper.rb:11: warning: Scheduler should implement #fiber_interrupt
INFO: 337 is running.
/usr/local/bundle/gems/rage-rb-1.22.1/lib/rage/middleware/fiber_wrapper.rb:11: warning: Scheduler should implement #fiber_interrupt
INFO: 342 is running.
/usr/local/bundle/gems/rage-rb-1.22.1/lib/rage/middleware/fiber_wrapper.rb:11: warning: Scheduler should implement #fiber_interrupt
INFO: 349 is running.
/usr/local/bundle/gems/rage-rb-1.22.1/lib/rage/middleware/fiber_wrapper.rb:11: warning: Scheduler should implement #fiber_interrupt
INFO: 353 is running.
/usr/local/bundle/gems/rage-rb-1.22.1/lib/rage/middleware/fiber_wrapper.rb:11: warning: Scheduler should implement #fiber_interrupt
INFO: 362 is running.
/usr/local/bundle/gems/rage-rb-1.22.1/lib/rage/middleware/fiber_wrapper.rb:11: warning: Scheduler should implement #fiber_interrupt
INFO: 357 is running.
/usr/local/bundle/gems/rage-rb-1.22.1/lib/rage/middleware/fiber_wrapper.rb:11: warning: Scheduler should implement #fiber_interrupt
INFO: 367 is running.
/usr/local/bundle/gems/rage-rb-1.22.1/lib/rage/middleware/fiber_wrapper.rb:11: warning: Scheduler should implement #fiber_interrupt
INFO: 373 is running.
/usr/local/bundle/gems/rage-rb-1.22.1/lib/rage/middleware/fiber_wrapper.rb:11: warning: Scheduler should implement #fiber_interrupt
INFO: 378 is running.
/usr/local/bundle/gems/rage-rb-1.22.1/lib/rage/middleware/fiber_wrapper.rb:11: warning: Scheduler should implement #fiber_interrupt
INFO: 387 is running.
/usr/local/bundle/gems/rage-rb-1.22.1/lib/rage/middleware/fiber_wrapper.rb:11: warning: Scheduler should implement #fiber_interrupt
INFO: 383 is running.
/usr/local/bundle/gems/rage-rb-1.22.1/lib/rage/middleware/fiber_wrapper.rb:11: warning: Scheduler should implement #fiber_interrupt
INFO: 391 is running.
/usr/local/bundle/gems/rage-rb-1.22.1/lib/rage/middleware/fiber_wrapper.rb:11: warning: Scheduler should implement #fiber_interrupt
INFO: 396 is running.
/usr/local/bundle/gems/rage-rb-1.22.1/lib/rage/middleware/fiber_wrapper.rb:11: warning: Scheduler should implement #fiber_interrupt
INFO: 402 is running.
/usr/local/bundle/gems/rage-rb-1.22.1/lib/rage/middleware/fiber_wrapper.rb:11: warning: Scheduler should implement #fiber_interrupt
INFO: 407 is running.
/usr/local/bundle/gems/rage-rb-1.22.1/lib/rage/middleware/fiber_wrapper.rb:11: warning: Scheduler should implement #fiber_interrupt
INFO: 413 is running.
/usr/local/bundle/gems/rage-rb-1.22.1/lib/rage/middleware/fiber_wrapper.rb:11: warning: Scheduler should implement #fiber_interrupt
INFO: 418 is running.
/usr/local/bundle/gems/rage-rb-1.22.1/lib/rage/middleware/fiber_wrapper.rb:11: warning: Scheduler should implement #fiber_interrupt
INFO: 423 is running.
/usr/local/bundle/gems/rage-rb-1.22.1/lib/rage/middleware/fiber_wrapper.rb:11: warning: Scheduler should implement #fiber_interrupt
/usr/local/bundle/gems/rage-rb-1.22.1/lib/rage/middleware/fiber_wrapper.rb:11: warning: Scheduler should implement #fiber_interrupt
INFO: 432 is running.
INFO: 427 is running.
/usr/local/bundle/gems/rage-rb-1.22.1/lib/rage/middleware/fiber_wrapper.rb:11: warning: Scheduler should implement #fiber_interrupt
INFO: 437 is running.
/usr/local/bundle/gems/rage-rb-1.22.1/lib/rage/middleware/fiber_wrapper.rb:11: warning: Scheduler should implement #fiber_interrupt
INFO: 443 is running.
/usr/local/bundle/gems/rage-rb-1.22.1/lib/rage/middleware/fiber_wrapper.rb:11: warning: Scheduler should implement #fiber_interrupt
INFO: 447 is running.
/usr/local/bundle/gems/rage-rb-1.22.1/lib/rage/middleware/fiber_wrapper.rb:11: warning: Scheduler should implement #fiber_interrupt
INFO: 452 is running.
/usr/local/bundle/gems/rage-rb-1.22.1/lib/rage/middleware/fiber_wrapper.rb:11: warning: Scheduler should implement #fiber_interrupt
INFO: 462 is running.
/usr/local/bundle/gems/rage-rb-1.22.1/lib/rage/middleware/fiber_wrapper.rb:11: warning: Scheduler should implement #fiber_interrupt
INFO: 457 is running.
/usr/local/bundle/gems/rage-rb-1.22.1/lib/rage/middleware/fiber_wrapper.rb:11: warning: Scheduler should implement #fiber_interrupt
INFO: 472 is running.
/usr/local/bundle/gems/rage-rb-1.22.1/lib/rage/middleware/fiber_wrapper.rb:11: warning: Scheduler should implement #fiber_interrupt
INFO: 467 is running.
/usr/local/bundle/gems/rage-rb-1.22.1/lib/rage/middleware/fiber_wrapper.rb:11: warning: Scheduler should implement #fiber_interrupt
INFO: 477 is running.
/usr/local/bundle/gems/rage-rb-1.22.1/lib/rage/middleware/fiber_wrapper.rb:11: warning: Scheduler should implement #fiber_interrupt
INFO: 487 is running.
/usr/local/bundle/gems/rage-rb-1.22.1/lib/rage/middleware/fiber_wrapper.rb:11: warning: Scheduler should implement #fiber_interrupt
INFO: 482 is running.
/usr/local/bundle/gems/rage-rb-1.22.1/lib/rage/middleware/fiber_wrapper.rb:11: warning: Scheduler should implement #fiber_interrupt
INFO: 492 is running.
/usr/local/bundle/gems/rage-rb-1.22.1/lib/rage/middleware/fiber_wrapper.rb:11: warning: Scheduler should implement #fiber_interrupt
INFO: 502 is running.
/usr/local/bundle/gems/rage-rb-1.22.1/lib/rage/middleware/fiber_wrapper.rb:11: warning: Scheduler should implement #fiber_interrupt
INFO: 498 is running.
/usr/local/bundle/gems/rage-rb-1.22.1/lib/rage/middleware/fiber_wrapper.rb:11: warning: Scheduler should implement #fiber_interrupt
INFO: 512 is running.
/usr/local/bundle/gems/rage-rb-1.22.1/lib/rage/middleware/fiber_wrapper.rb:11: warning: Scheduler should implement #fiber_interrupt
INFO: 506 is running.
/usr/local/bundle/gems/rage-rb-1.22.1/lib/rage/middleware/fiber_wrapper.rb:11: warning: Scheduler should implement #fiber_interrupt
INFO: 517 is running.
/usr/local/bundle/gems/rage-rb-1.22.1/lib/rage/middleware/fiber_wrapper.rb:11: warning: Scheduler should implement #fiber_interrupt
INFO: 522 is running.
/usr/local/bundle/gems/rage-rb-1.22.1/lib/rage/middleware/fiber_wrapper.rb:11: warning: Scheduler should implement #fiber_interrupt
INFO: 527 is running.
/usr/local/bundle/gems/rage-rb-1.22.1/lib/rage/middleware/fiber_wrapper.rb:11: warning: Scheduler should implement #fiber_interrupt
INFO: 532 is running.
/usr/local/bundle/gems/rage-rb-1.22.1/lib/rage/middleware/fiber_wrapper.rb:11: warning: Scheduler should implement #fiber_interrupt
INFO: 537 is running.
/usr/local/bundle/gems/rage-rb-1.22.1/lib/rage/middleware/fiber_wrapper.rb:11: warning: Scheduler should implement #fiber_interrupt
INFO: 543 is running.
/usr/local/bundle/gems/rage-rb-1.22.1/lib/rage/middleware/fiber_wrapper.rb:11: warning: Scheduler should implement #fiber_interrupt
INFO: 548 is running.
/usr/local/bundle/gems/rage-rb-1.22.1/lib/rage/middleware/fiber_wrapper.rb:11: warning: Scheduler should implement #fiber_interrupt
INFO: 557 is running.
/usr/local/bundle/gems/rage-rb-1.22.1/lib/rage/middleware/fiber_wrapper.rb:11: warning: Scheduler should implement #fiber_interrupt
INFO: 552 is running.
/usr/local/bundle/gems/rage-rb-1.22.1/lib/rage/middleware/fiber_wrapper.rb:11: warning: Scheduler should implement #fiber_interrupt
INFO: 562 is running.
/usr/local/bundle/gems/rage-rb-1.22.1/lib/rage/middleware/fiber_wrapper.rb:11: warning: Scheduler should implement #fiber_interrupt
INFO: 573 is running.
/usr/local/bundle/gems/rage-rb-1.22.1/lib/rage/middleware/fiber_wrapper.rb:11: warning: Scheduler should implement #fiber_interrupt
INFO: 566 is running.
/usr/local/bundle/gems/rage-rb-1.22.1/lib/rage/middleware/fiber_wrapper.rb:11: warning: Scheduler should implement #fiber_interrupt
INFO: 577 is running.
/usr/local/bundle/gems/rage-rb-1.22.1/lib/rage/middleware/fiber_wrapper.rb:11: warning: Scheduler should implement #fiber_interrupt
INFO: 587 is running.
/usr/local/bundle/gems/rage-rb-1.22.1/lib/rage/middleware/fiber_wrapper.rb:11: warning: Scheduler should implement #fiber_interrupt
INFO: 582 is running.
/usr/local/bundle/gems/rage-rb-1.22.1/lib/rage/middleware/fiber_wrapper.rb:11: warning: Scheduler should implement #fiber_interrupt
INFO: 591 is running.
/usr/local/bundle/gems/rage-rb-1.22.1/lib/rage/middleware/fiber_wrapper.rb:11: warning: Scheduler should implement #fiber_interrupt
INFO: 597 is running.
/usr/local/bundle/gems/rage-rb-1.22.1/lib/rage/middleware/fiber_wrapper.rb:11: warning: Scheduler should implement #fiber_interrupt
INFO: 606 is running.
/usr/local/bundle/gems/rage-rb-1.22.1/lib/rage/middleware/fiber_wrapper.rb:11: warning: Scheduler should implement #fiber_interrupt
INFO: 611 is running.
/usr/local/bundle/gems/rage-rb-1.22.1/lib/rage/middleware/fiber_wrapper.rb:11: warning: Scheduler should implement #fiber_interrupt
INFO: 602 is running.
/usr/local/bundle/gems/rage-rb-1.22.1/lib/rage/middleware/fiber_wrapper.rb:11: warning: Scheduler should implement #fiber_interrupt
INFO: 618 is running.
/usr/local/bundle/gems/rage-rb-1.22.1/lib/rage/middleware/fiber_wrapper.rb:11: warning: Scheduler should implement #fiber_interrupt
INFO: 623 is running.
/usr/local/bundle/gems/rage-rb-1.22.1/lib/rage/middleware/fiber_wrapper.rb:11: warning: Scheduler should implement #fiber_interrupt
INFO: 632 is running.
/usr/local/bundle/gems/rage-rb-1.22.1/lib/rage/middleware/fiber_wrapper.rb:11: warning: Scheduler should implement #fiber_interrupt
INFO: 628 is running.
/usr/local/bundle/gems/rage-rb-1.22.1/lib/rage/middleware/fiber_wrapper.rb:11: warning: Scheduler should implement #fiber_interrupt
INFO: 636 is running.
/usr/local/bundle/gems/concurrent-ruby-1.3.6/lib/concurrent-ruby/concurrent/utility/processor_counter.rb:108: warning: IO::Buffer is experimental and both the Ruby and C interface may change in the future!
/usr/local/bundle/gems/concurrent-ruby-1.3.6/lib/concurrent-ruby/concurrent/utility/processor_counter.rb:108: warning: IO::Buffer is experimental and both the Ruby and C interface may change in the future!
/usr/local/bundle/gems/concurrent-ruby-1.3.6/lib/concurrent-ruby/concurrent/utility/processor_counter.rb:108: warning: IO::Buffer is experimental and both the Ruby and C interface may change in the future!
/usr/local/bundle/gems/concurrent-ruby-1.3.6/lib/concurrent-ruby/concurrent/utility/processor_counter.rb:108: warning: IO::Buffer is experimental and both the Ruby and C interface may change in the future!
/usr/local/bundle/gems/concurrent-ruby-1.3.6/lib/concurrent-ruby/concurrent/utility/processor_counter.rb:108: warning: IO::Buffer is experimental and both the Ruby and C interface may change in the future!
/usr/local/bundle/gems/concurrent-ruby-1.3.6/lib/concurrent-ruby/concurrent/utility/processor_counter.rb:108: warning: IO::Buffer is experimental and both the Ruby and C interface may change in the future!
/usr/local/bundle/gems/concurrent-ruby-1.3.6/lib/concurrent-ruby/concurrent/utility/processor_counter.rb:108: warning: IO::Buffer is experimental and both the Ruby and C interface may change in the future!
/usr/local/bundle/gems/concurrent-ruby-1.3.6/lib/concurrent-ruby/concurrent/utility/processor_counter.rb:108: warning: IO::Buffer is experimental and both the Ruby and C interface may change in the future!
/usr/local/bundle/gems/concurrent-ruby-1.3.6/lib/concurrent-ruby/concurrent/utility/processor_counter.rb:108: warning: IO::Buffer is experimental and both the Ruby and C interface may change in the future!
/usr/local/bundle/gems/concurrent-ruby-1.3.6/lib/concurrent-ruby/concurrent/utility/processor_counter.rb:108: warning: IO::Buffer is experimental and both the Ruby and C interface may change in the future!
/usr/local/bundle/gems/concurrent-ruby-1.3.6/lib/concurrent-ruby/concurrent/utility/processor_counter.rb:108: warning: IO::Buffer is experimental and both the Ruby and C interface may change in the future!
/usr/local/bundle/gems/concurrent-ruby-1.3.6/lib/concurrent-ruby/concurrent/utility/processor_counter.rb:108: warning: IO::Buffer is experimental and both the Ruby and C interface may change in the future!
/usr/local/bundle/gems/concurrent-ruby-1.3.6/lib/concurrent-ruby/concurrent/utility/processor_counter.rb:108: warning: IO::Buffer is experimental and both the Ruby and C interface may change in the future!
/usr/local/bundle/gems/concurrent-ruby-1.3.6/lib/concurrent-ruby/concurrent/utility/processor_counter.rb:108: warning: IO::Buffer is experimental and both the Ruby and C interface may change in the future!
/usr/local/bundle/gems/concurrent-ruby-1.3.6/lib/concurrent-ruby/concurrent/utility/processor_counter.rb:108: warning: IO::Buffer is experimental and both the Ruby and C interface may change in the future!
/usr/local/bundle/gems/concurrent-ruby-1.3.6/lib/concurrent-ruby/concurrent/utility/processor_counter.rb:108: warning: IO::Buffer is experimental and both the Ruby and C interface may change in the future!
/usr/local/bundle/gems/concurrent-ruby-1.3.6/lib/concurrent-ruby/concurrent/utility/processor_counter.rb:108: warning: IO::Buffer is experimental and both the Ruby and C interface may change in the future!
/usr/local/bundle/gems/concurrent-ruby-1.3.6/lib/concurrent-ruby/concurrent/utility/processor_counter.rb:108: warning: IO::Buffer is experimental and both the Ruby and C interface may change in the future!
/usr/local/bundle/gems/concurrent-ruby-1.3.6/lib/concurrent-ruby/concurrent/utility/processor_counter.rb:108: warning: IO::Buffer is experimental and both the Ruby and C interface may change in the future!
/usr/local/bundle/gems/concurrent-ruby-1.3.6/lib/concurrent-ruby/concurrent/utility/processor_counter.rb:108: warning: IO::Buffer is experimental and both the Ruby and C interface may change in the future!
/usr/local/bundle/gems/concurrent-ruby-1.3.6/lib/concurrent-ruby/concurrent/utility/processor_counter.rb:108: warning: IO::Buffer is experimental and both the Ruby and C interface may change in the future!
/usr/local/bundle/gems/concurrent-ruby-1.3.6/lib/concurrent-ruby/concurrent/utility/processor_counter.rb:108: warning: IO::Buffer is experimental and both the Ruby and C interface may change in the future!
/usr/local/bundle/gems/concurrent-ruby-1.3.6/lib/concurrent-ruby/concurrent/utility/processor_counter.rb:108: warning: IO::Buffer is experimental and both the Ruby and C interface may change in the future!
/usr/local/bundle/gems/concurrent-ruby-1.3.6/lib/concurrent-ruby/concurrent/utility/processor_counter.rb:108: warning: IO::Buffer is experimental and both the Ruby and C interface may change in the future!
/usr/local/bundle/gems/concurrent-ruby-1.3.6/lib/concurrent-ruby/concurrent/utility/processor_counter.rb:108: warning: IO::Buffer is experimental and both the Ruby and C interface may change in the future!
/usr/local/bundle/gems/concurrent-ruby-1.3.6/lib/concurrent-ruby/concurrent/utility/processor_counter.rb:108: warning: IO::Buffer is experimental and both the Ruby and C interface may change in the future!
/usr/local/bundle/gems/concurrent-ruby-1.3.6/lib/concurrent-ruby/concurrent/utility/processor_counter.rb:108: warning: IO::Buffer is experimental and both the Ruby and C interface may change in the future!
/usr/local/bundle/gems/concurrent-ruby-1.3.6/lib/concurrent-ruby/concurrent/utility/processor_counter.rb:108: warning: IO::Buffer is experimental and both the Ruby and C interface may change in the future!
/usr/local/bundle/gems/concurrent-ruby-1.3.6/lib/concurrent-ruby/concurrent/utility/processor_counter.rb:108: warning: IO::Buffer is experimental and both the Ruby and C interface may change in the future!
/usr/local/bundle/gems/concurrent-ruby-1.3.6/lib/concurrent-ruby/concurrent/utility/processor_counter.rb:108: warning: IO::Buffer is experimental and both the Ruby and C interface may change in the future!
/usr/local/bundle/gems/concurrent-ruby-1.3.6/lib/concurrent-ruby/concurrent/utility/processor_counter.rb:108: warning: IO::Buffer is experimental and both the Ruby and C interface may change in the future!
/usr/local/bundle/gems/concurrent-ruby-1.3.6/lib/concurrent-ruby/concurrent/utility/processor_counter.rb:108: warning: IO::Buffer is experimental and both the Ruby and C interface may change in the future!
/usr/local/bundle/gems/concurrent-ruby-1.3.6/lib/concurrent-ruby/concurrent/utility/processor_counter.rb:108: warning: IO::Buffer is experimental and both the Ruby and C interface may change in the future!
/usr/local/bundle/gems/concurrent-ruby-1.3.6/lib/concurrent-ruby/concurrent/utility/processor_counter.rb:108: warning: IO::Buffer is experimental and both the Ruby and C interface may change in the future!
/usr/local/bundle/gems/concurrent-ruby-1.3.6/lib/concurrent-ruby/concurrent/utility/processor_counter.rb:108: warning: IO::Buffer is experimental and both the Ruby and C interface may change in the future!
/usr/local/bundle/gems/concurrent-ruby-1.3.6/lib/concurrent-ruby/concurrent/utility/processor_counter.rb:108: warning: IO::Buffer is experimental and both the Ruby and C interface may change in the future!
/usr/local/bundle/gems/concurrent-ruby-1.3.6/lib/concurrent-ruby/concurrent/utility/processor_counter.rb:108: warning: IO::Buffer is experimental and both the Ruby and C interface may change in the future!
/usr/local/bundle/gems/concurrent-ruby-1.3.6/lib/concurrent-ruby/concurrent/utility/processor_counter.rb:108: warning: IO::Buffer is experimental and both the Ruby and C interface may change in the future!
/usr/local/bundle/gems/concurrent-ruby-1.3.6/lib/concurrent-ruby/concurrent/utility/processor_counter.rb:108: warning: IO::Buffer is experimental and both the Ruby and C interface may change in the future!
/usr/local/bundle/gems/concurrent-ruby-1.3.6/lib/concurrent-ruby/concurrent/utility/processor_counter.rb:108: warning: IO::Buffer is experimental and both the Ruby and C interface may change in the future!
/usr/local/bundle/gems/concurrent-ruby-1.3.6/lib/concurrent-ruby/concurrent/utility/processor_counter.rb:108: warning: IO::Buffer is experimental and both the Ruby and C interface may change in the future!
/usr/local/bundle/gems/concurrent-ruby-1.3.6/lib/concurrent-ruby/concurrent/utility/processor_counter.rb:108: warning: IO::Buffer is experimental and both the Ruby and C interface may change in the future!
/usr/local/bundle/gems/concurrent-ruby-1.3.6/lib/concurrent-ruby/concurrent/utility/processor_counter.rb:108: warning: IO::Buffer is experimental and both the Ruby and C interface may change in the future!
/usr/local/bundle/gems/concurrent-ruby-1.3.6/lib/concurrent-ruby/concurrent/utility/processor_counter.rb:108: warning: IO::Buffer is experimental and both the Ruby and C interface may change in the future!
/usr/local/bundle/gems/concurrent-ruby-1.3.6/lib/concurrent-ruby/concurrent/utility/processor_counter.rb:108: warning: IO::Buffer is experimental and both the Ruby and C interface may change in the future!
/usr/local/bundle/gems/concurrent-ruby-1.3.6/lib/concurrent-ruby/concurrent/utility/processor_counter.rb:108: warning: IO::Buffer is experimental and both the Ruby and C interface may change in the future!
/usr/local/bundle/gems/concurrent-ruby-1.3.6/lib/concurrent-ruby/concurrent/utility/processor_counter.rb:108: warning: IO::Buffer is experimental and both the Ruby and C interface may change in the future!
/usr/local/bundle/gems/concurrent-ruby-1.3.6/lib/concurrent-ruby/concurrent/utility/processor_counter.rb:108: warning: IO::Buffer is experimental and both the Ruby and C interface may change in the future!
/usr/local/bundle/gems/concurrent-ruby-1.3.6/lib/concurrent-ruby/concurrent/utility/processor_counter.rb:108: warning: IO::Buffer is experimental and both the Ruby and C interface may change in the future!
/usr/local/bundle/gems/concurrent-ruby-1.3.6/lib/concurrent-ruby/concurrent/utility/processor_counter.rb:108: warning: IO::Buffer is experimental and both the Ruby and C interface may change in the future!
/usr/local/bundle/gems/concurrent-ruby-1.3.6/lib/concurrent-ruby/concurrent/utility/processor_counter.rb:108: warning: IO::Buffer is experimental and both the Ruby and C interface may change in the future!
/usr/local/bundle/gems/concurrent-ruby-1.3.6/lib/concurrent-ruby/concurrent/utility/processor_counter.rb:108: warning: IO::Buffer is experimental and both the Ruby and C interface may change in the future!
/usr/local/bundle/gems/concurrent-ruby-1.3.6/lib/concurrent-ruby/concurrent/utility/processor_counter.rb:108: warning: IO::Buffer is experimental and both the Ruby and C interface may change in the future!
/usr/local/bundle/gems/concurrent-ruby-1.3.6/lib/concurrent-ruby/concurrent/utility/processor_counter.rb:108: warning: IO::Buffer is experimental and both the Ruby and C interface may change in the future!
/usr/local/bundle/gems/concurrent-ruby-1.3.6/lib/concurrent-ruby/concurrent/utility/processor_counter.rb:108: warning: IO::Buffer is experimental and both the Ruby and C interface may change in the future!
/usr/local/bundle/gems/concurrent-ruby-1.3.6/lib/concurrent-ruby/concurrent/utility/processor_counter.rb:108: warning: IO::Buffer is experimental and both the Ruby and C interface may change in the future!
/usr/local/bundle/gems/concurrent-ruby-1.3.6/lib/concurrent-ruby/concurrent/utility/processor_counter.rb:108: warning: IO::Buffer is experimental and both the Ruby and C interface may change in the future!
/usr/local/bundle/gems/concurrent-ruby-1.3.6/lib/concurrent-ruby/concurrent/utility/processor_counter.rb:108: warning: IO::Buffer is experimental and both the Ruby and C interface may change in the future!
/usr/local/bundle/gems/concurrent-ruby-1.3.6/lib/concurrent-ruby/concurrent/utility/processor_counter.rb:108: warning: IO::Buffer is experimental and both the Ruby and C interface may change in the future!
/usr/local/bundle/gems/concurrent-ruby-1.3.6/lib/concurrent-ruby/concurrent/utility/processor_counter.rb:108: warning: IO::Buffer is experimental and both the Ruby and C interface may change in the future!
/usr/local/bundle/gems/concurrent-ruby-1.3.6/lib/concurrent-ruby/concurrent/utility/processor_counter.rb:108: warning: IO::Buffer is experimental and both the Ruby and C interface may change in the future!
/usr/local/bundle/gems/concurrent-ruby-1.3.6/lib/concurrent-ruby/concurrent/utility/processor_counter.rb:108: warning: IO::Buffer is experimental and both the Ruby and C interface may change in the future!
