[2026-04-04 07:34:05 +0000] [1] [INFO] Starting gunicorn 23.0.0
[2026-04-04 07:34:05 +0000] [1] [INFO] Listening at: http://0.0.0.0:8080 (1)
[2026-04-04 07:34:05 +0000] [1] [INFO] Using worker: uvicorn.workers.UvicornWorker
[2026-04-04 07:34:05 +0000] [7] [INFO] Booting worker with pid: 7
[2026-04-04 07:34:05 +0000] [8] [INFO] Booting worker with pid: 8
[2026-04-04 07:34:05 +0000] [7] [INFO] Started server process [7]
[2026-04-04 07:34:05 +0000] [7] [INFO] Waiting for application startup.
[2026-04-04 07:34:05 +0000] [7] [INFO] Application startup complete.
[2026-04-04 07:34:05 +0000] [8] [INFO] Started server process [8]
[2026-04-04 07:34:05 +0000] [8] [INFO] Waiting for application startup.
[2026-04-04 07:34:05 +0000] [8] [INFO] Application startup complete.
[2026-04-04 07:34:05 +0000] [19] [INFO] Booting worker with pid: 19
[2026-04-04 07:34:05 +0000] [19] [INFO] Started server process [19]
[2026-04-04 07:34:05 +0000] [19] [INFO] Waiting for application startup.
[2026-04-04 07:34:05 +0000] [25] [INFO] Booting worker with pid: 25
[2026-04-04 07:34:05 +0000] [19] [INFO] Application startup complete.
[2026-04-04 07:34:05 +0000] [25] [INFO] Started server process [25]
[2026-04-04 07:34:05 +0000] [25] [INFO] Waiting for application startup.
[2026-04-04 07:34:05 +0000] [25] [INFO] Application startup complete.
[2026-04-04 07:34:05 +0000] [31] [INFO] Booting worker with pid: 31
[2026-04-04 07:34:06 +0000] [31] [INFO] Started server process [31]
[2026-04-04 07:34:06 +0000] [31] [INFO] Waiting for application startup.
[2026-04-04 07:34:06 +0000] [31] [INFO] Application startup complete.
[2026-04-04 07:34:06 +0000] [37] [INFO] Booting worker with pid: 37
[2026-04-04 07:34:06 +0000] [38] [INFO] Booting worker with pid: 38
[2026-04-04 07:34:06 +0000] [39] [INFO] Booting worker with pid: 39
[2026-04-04 07:34:06 +0000] [37] [INFO] Started server process [37]
[2026-04-04 07:34:06 +0000] [37] [INFO] Waiting for application startup.
[2026-04-04 07:34:06 +0000] [37] [INFO] Application startup complete.
[2026-04-04 07:34:06 +0000] [38] [INFO] Started server process [38]
[2026-04-04 07:34:06 +0000] [38] [INFO] Waiting for application startup.
[2026-04-04 07:34:06 +0000] [38] [INFO] Application startup complete.
[2026-04-04 07:34:06 +0000] [51] [INFO] Booting worker with pid: 51
[2026-04-04 07:34:06 +0000] [39] [INFO] Started server process [39]
[2026-04-04 07:34:06 +0000] [39] [INFO] Waiting for application startup.
[2026-04-04 07:34:06 +0000] [39] [INFO] Application startup complete.
[2026-04-04 07:34:06 +0000] [56] [INFO] Booting worker with pid: 56
[2026-04-04 07:34:06 +0000] [51] [INFO] Started server process [51]
[2026-04-04 07:34:06 +0000] [51] [INFO] Waiting for application startup.
[2026-04-04 07:34:06 +0000] [51] [INFO] Application startup complete.
[2026-04-04 07:34:06 +0000] [62] [INFO] Booting worker with pid: 62
[2026-04-04 07:34:06 +0000] [64] [INFO] Booting worker with pid: 64
[2026-04-04 07:34:06 +0000] [56] [INFO] Started server process [56]
[2026-04-04 07:34:06 +0000] [56] [INFO] Waiting for application startup.
[2026-04-04 07:34:06 +0000] [56] [INFO] Application startup complete.
[2026-04-04 07:34:06 +0000] [62] [INFO] Started server process [62]
[2026-04-04 07:34:06 +0000] [62] [INFO] Waiting for application startup.
[2026-04-04 07:34:06 +0000] [62] [INFO] Application startup complete.
[2026-04-04 07:34:06 +0000] [64] [INFO] Started server process [64]
[2026-04-04 07:34:06 +0000] [64] [INFO] Waiting for application startup.
[2026-04-04 07:34:06 +0000] [64] [INFO] Application startup complete.
[2026-04-04 07:34:06 +0000] [79] [INFO] Booting worker with pid: 79
[2026-04-04 07:34:06 +0000] [80] [INFO] Booting worker with pid: 80
[2026-04-04 07:34:06 +0000] [81] [INFO] Booting worker with pid: 81
[2026-04-04 07:34:06 +0000] [82] [INFO] Booting worker with pid: 82
[2026-04-04 07:34:06 +0000] [79] [INFO] Started server process [79]
[2026-04-04 07:34:06 +0000] [79] [INFO] Waiting for application startup.
[2026-04-04 07:34:06 +0000] [79] [INFO] Application startup complete.
[2026-04-04 07:34:06 +0000] [88] [INFO] Booting worker with pid: 88
[2026-04-04 07:34:06 +0000] [89] [INFO] Booting worker with pid: 89
[2026-04-04 07:34:06 +0000] [80] [INFO] Started server process [80]
[2026-04-04 07:34:06 +0000] [80] [INFO] Waiting for application startup.
[2026-04-04 07:34:06 +0000] [96] [INFO] Booting worker with pid: 96
[2026-04-04 07:34:06 +0000] [80] [INFO] Application startup complete.
[2026-04-04 07:34:06 +0000] [81] [INFO] Started server process [81]
[2026-04-04 07:34:06 +0000] [81] [INFO] Waiting for application startup.
[2026-04-04 07:34:06 +0000] [82] [INFO] Started server process [82]
[2026-04-04 07:34:06 +0000] [82] [INFO] Waiting for application startup.
[2026-04-04 07:34:06 +0000] [81] [INFO] Application startup complete.
[2026-04-04 07:34:06 +0000] [82] [INFO] Application startup complete.
[2026-04-04 07:34:06 +0000] [88] [INFO] Started server process [88]
[2026-04-04 07:34:06 +0000] [88] [INFO] Waiting for application startup.
[2026-04-04 07:34:06 +0000] [88] [INFO] Application startup complete.
[2026-04-04 07:34:06 +0000] [89] [INFO] Started server process [89]
[2026-04-04 07:34:06 +0000] [89] [INFO] Waiting for application startup.
[2026-04-04 07:34:06 +0000] [89] [INFO] Application startup complete.
[2026-04-04 07:34:06 +0000] [116] [INFO] Booting worker with pid: 116
[2026-04-04 07:34:06 +0000] [96] [INFO] Started server process [96]
[2026-04-04 07:34:06 +0000] [96] [INFO] Waiting for application startup.
[2026-04-04 07:34:06 +0000] [96] [INFO] Application startup complete.
[2026-04-04 07:34:06 +0000] [116] [INFO] Started server process [116]
[2026-04-04 07:34:06 +0000] [116] [INFO] Waiting for application startup.
[2026-04-04 07:34:06 +0000] [116] [INFO] Application startup complete.
[2026-04-04 07:34:06 +0000] [127] [INFO] Booting worker with pid: 127
[2026-04-04 07:34:06 +0000] [128] [INFO] Booting worker with pid: 128
[2026-04-04 07:34:06 +0000] [127] [INFO] Started server process [127]
[2026-04-04 07:34:06 +0000] [127] [INFO] Waiting for application startup.
[2026-04-04 07:34:06 +0000] [127] [INFO] Application startup complete.
[2026-04-04 07:34:06 +0000] [128] [INFO] Started server process [128]
[2026-04-04 07:34:06 +0000] [128] [INFO] Waiting for application startup.
[2026-04-04 07:34:06 +0000] [135] [INFO] Booting worker with pid: 135
[2026-04-04 07:34:06 +0000] [128] [INFO] Application startup complete.
[2026-04-04 07:34:06 +0000] [140] [INFO] Booting worker with pid: 140
[2026-04-04 07:34:06 +0000] [135] [INFO] Started server process [135]
[2026-04-04 07:34:06 +0000] [135] [INFO] Waiting for application startup.
[2026-04-04 07:34:06 +0000] [135] [INFO] Application startup complete.
[2026-04-04 07:34:07 +0000] [146] [INFO] Booting worker with pid: 146
[2026-04-04 07:34:07 +0000] [140] [INFO] Started server process [140]
[2026-04-04 07:34:07 +0000] [140] [INFO] Waiting for application startup.
[2026-04-04 07:34:07 +0000] [140] [INFO] Application startup complete.
[2026-04-04 07:34:07 +0000] [152] [INFO] Booting worker with pid: 152
[2026-04-04 07:34:07 +0000] [146] [INFO] Started server process [146]
[2026-04-04 07:34:07 +0000] [146] [INFO] Waiting for application startup.
[2026-04-04 07:34:07 +0000] [154] [INFO] Booting worker with pid: 154
[2026-04-04 07:34:07 +0000] [146] [INFO] Application startup complete.
[2026-04-04 07:34:07 +0000] [152] [INFO] Started server process [152]
[2026-04-04 07:34:07 +0000] [152] [INFO] Waiting for application startup.
[2026-04-04 07:34:07 +0000] [152] [INFO] Application startup complete.
[2026-04-04 07:34:07 +0000] [165] [INFO] Booting worker with pid: 165
[2026-04-04 07:34:07 +0000] [154] [INFO] Started server process [154]
[2026-04-04 07:34:07 +0000] [154] [INFO] Waiting for application startup.
[2026-04-04 07:34:07 +0000] [166] [INFO] Booting worker with pid: 166
[2026-04-04 07:34:07 +0000] [154] [INFO] Application startup complete.
[2026-04-04 07:34:07 +0000] [171] [INFO] Booting worker with pid: 171
[2026-04-04 07:34:07 +0000] [165] [INFO] Started server process [165]
[2026-04-04 07:34:07 +0000] [165] [INFO] Waiting for application startup.
[2026-04-04 07:34:07 +0000] [174] [INFO] Booting worker with pid: 174
[2026-04-04 07:34:07 +0000] [166] [INFO] Started server process [166]
[2026-04-04 07:34:07 +0000] [166] [INFO] Waiting for application startup.
[2026-04-04 07:34:07 +0000] [165] [INFO] Application startup complete.
[2026-04-04 07:34:07 +0000] [166] [INFO] Application startup complete.
[2026-04-04 07:34:07 +0000] [171] [INFO] Started server process [171]
[2026-04-04 07:34:07 +0000] [171] [INFO] Waiting for application startup.
[2026-04-04 07:34:07 +0000] [184] [INFO] Booting worker with pid: 184
[2026-04-04 07:34:07 +0000] [171] [INFO] Application startup complete.
[2026-04-04 07:34:07 +0000] [174] [INFO] Started server process [174]
[2026-04-04 07:34:07 +0000] [174] [INFO] Waiting for application startup.
[2026-04-04 07:34:07 +0000] [174] [INFO] Application startup complete.
[2026-04-04 07:34:07 +0000] [194] [INFO] Booting worker with pid: 194
[2026-04-04 07:34:07 +0000] [184] [INFO] Started server process [184]
[2026-04-04 07:34:07 +0000] [184] [INFO] Waiting for application startup.
[2026-04-04 07:34:07 +0000] [184] [INFO] Application startup complete.
[2026-04-04 07:34:07 +0000] [200] [INFO] Booting worker with pid: 200
[2026-04-04 07:34:07 +0000] [202] [INFO] Booting worker with pid: 202
[2026-04-04 07:34:07 +0000] [194] [INFO] Started server process [194]
[2026-04-04 07:34:07 +0000] [194] [INFO] Waiting for application startup.
[2026-04-04 07:34:07 +0000] [207] [INFO] Booting worker with pid: 207
[2026-04-04 07:34:07 +0000] [194] [INFO] Application startup complete.
[2026-04-04 07:34:07 +0000] [200] [INFO] Started server process [200]
[2026-04-04 07:34:07 +0000] [200] [INFO] Waiting for application startup.
[2026-04-04 07:34:07 +0000] [200] [INFO] Application startup complete.
[2026-04-04 07:34:07 +0000] [214] [INFO] Booting worker with pid: 214
[2026-04-04 07:34:07 +0000] [202] [INFO] Started server process [202]
[2026-04-04 07:34:07 +0000] [202] [INFO] Waiting for application startup.
[2026-04-04 07:34:07 +0000] [202] [INFO] Application startup complete.
[2026-04-04 07:34:07 +0000] [207] [INFO] Started server process [207]
[2026-04-04 07:34:07 +0000] [207] [INFO] Waiting for application startup.
[2026-04-04 07:34:07 +0000] [207] [INFO] Application startup complete.
[2026-04-04 07:34:07 +0000] [224] [INFO] Booting worker with pid: 224
[2026-04-04 07:34:07 +0000] [214] [INFO] Started server process [214]
[2026-04-04 07:34:07 +0000] [214] [INFO] Waiting for application startup.
[2026-04-04 07:34:07 +0000] [214] [INFO] Application startup complete.
[2026-04-04 07:34:07 +0000] [230] [INFO] Booting worker with pid: 230
[2026-04-04 07:34:07 +0000] [232] [INFO] Booting worker with pid: 232
[2026-04-04 07:34:07 +0000] [224] [INFO] Started server process [224]
[2026-04-04 07:34:07 +0000] [224] [INFO] Waiting for application startup.
[2026-04-04 07:34:07 +0000] [233] [INFO] Booting worker with pid: 233
[2026-04-04 07:34:07 +0000] [224] [INFO] Application startup complete.
[2026-04-04 07:34:07 +0000] [239] [INFO] Booting worker with pid: 239
[2026-04-04 07:34:07 +0000] [230] [INFO] Started server process [230]
[2026-04-04 07:34:07 +0000] [230] [INFO] Waiting for application startup.
[2026-04-04 07:34:07 +0000] [230] [INFO] Application startup complete.
[2026-04-04 07:34:07 +0000] [232] [INFO] Started server process [232]
[2026-04-04 07:34:07 +0000] [232] [INFO] Waiting for application startup.
[2026-04-04 07:34:07 +0000] [232] [INFO] Application startup complete.
[2026-04-04 07:34:07 +0000] [233] [INFO] Started server process [233]
[2026-04-04 07:34:07 +0000] [233] [INFO] Waiting for application startup.
[2026-04-04 07:34:07 +0000] [233] [INFO] Application startup complete.
[2026-04-04 07:34:07 +0000] [255] [INFO] Booting worker with pid: 255
[2026-04-04 07:34:07 +0000] [239] [INFO] Started server process [239]
[2026-04-04 07:34:07 +0000] [239] [INFO] Waiting for application startup.
[2026-04-04 07:34:07 +0000] [239] [INFO] Application startup complete.
[2026-04-04 07:34:08 +0000] [261] [INFO] Booting worker with pid: 261
[2026-04-04 07:34:08 +0000] [255] [INFO] Started server process [255]
[2026-04-04 07:34:08 +0000] [255] [INFO] Waiting for application startup.
[2026-04-04 07:34:08 +0000] [255] [INFO] Application startup complete.
[2026-04-04 07:34:08 +0000] [261] [INFO] Started server process [261]
[2026-04-04 07:34:08 +0000] [261] [INFO] Waiting for application startup.
[2026-04-04 07:34:08 +0000] [267] [INFO] Booting worker with pid: 267
[2026-04-04 07:34:08 +0000] [261] [INFO] Application startup complete.
[2026-04-04 07:34:08 +0000] [272] [INFO] Booting worker with pid: 272
[2026-04-04 07:34:08 +0000] [273] [INFO] Booting worker with pid: 273
[2026-04-04 07:34:08 +0000] [267] [INFO] Started server process [267]
[2026-04-04 07:34:08 +0000] [267] [INFO] Waiting for application startup.
[2026-04-04 07:34:08 +0000] [267] [INFO] Application startup complete.
[2026-04-04 07:34:08 +0000] [280] [INFO] Booting worker with pid: 280
[2026-04-04 07:34:08 +0000] [272] [INFO] Started server process [272]
[2026-04-04 07:34:08 +0000] [272] [INFO] Waiting for application startup.
[2026-04-04 07:34:08 +0000] [272] [INFO] Application startup complete.
[2026-04-04 07:34:08 +0000] [273] [INFO] Started server process [273]
[2026-04-04 07:34:08 +0000] [273] [INFO] Waiting for application startup.
[2026-04-04 07:34:08 +0000] [286] [INFO] Booting worker with pid: 286
[2026-04-04 07:34:08 +0000] [273] [INFO] Application startup complete.
[2026-04-04 07:34:08 +0000] [280] [INFO] Started server process [280]
[2026-04-04 07:34:08 +0000] [280] [INFO] Waiting for application startup.
[2026-04-04 07:34:08 +0000] [280] [INFO] Application startup complete.
[2026-04-04 07:34:08 +0000] [296] [INFO] Booting worker with pid: 296
[2026-04-04 07:34:08 +0000] [298] [INFO] Booting worker with pid: 298
[2026-04-04 07:34:08 +0000] [286] [INFO] Started server process [286]
[2026-04-04 07:34:08 +0000] [286] [INFO] Waiting for application startup.
[2026-04-04 07:34:08 +0000] [286] [INFO] Application startup complete.
[2026-04-04 07:34:08 +0000] [296] [INFO] Started server process [296]
[2026-04-04 07:34:08 +0000] [296] [INFO] Waiting for application startup.
[2026-04-04 07:34:08 +0000] [304] [INFO] Booting worker with pid: 304
[2026-04-04 07:34:08 +0000] [296] [INFO] Application startup complete.
[2026-04-04 07:34:08 +0000] [298] [INFO] Started server process [298]
[2026-04-04 07:34:08 +0000] [298] [INFO] Waiting for application startup.
[2026-04-04 07:34:08 +0000] [298] [INFO] Application startup complete.
[2026-04-04 07:34:08 +0000] [315] [INFO] Booting worker with pid: 315
[2026-04-04 07:34:08 +0000] [304] [INFO] Started server process [304]
[2026-04-04 07:34:08 +0000] [304] [INFO] Waiting for application startup.
[2026-04-04 07:34:08 +0000] [304] [INFO] Application startup complete.
[2026-04-04 07:34:08 +0000] [320] [INFO] Booting worker with pid: 320
[2026-04-04 07:34:08 +0000] [315] [INFO] Started server process [315]
[2026-04-04 07:34:08 +0000] [315] [INFO] Waiting for application startup.
[2026-04-04 07:34:08 +0000] [315] [INFO] Application startup complete.
[2026-04-04 07:34:08 +0000] [326] [INFO] Booting worker with pid: 326
[2026-04-04 07:34:08 +0000] [320] [INFO] Started server process [320]
[2026-04-04 07:34:08 +0000] [320] [INFO] Waiting for application startup.
[2026-04-04 07:34:08 +0000] [320] [INFO] Application startup complete.
[2026-04-04 07:34:08 +0000] [332] [INFO] Booting worker with pid: 332
[2026-04-04 07:34:08 +0000] [334] [INFO] Booting worker with pid: 334
[2026-04-04 07:34:08 +0000] [326] [INFO] Started server process [326]
[2026-04-04 07:34:08 +0000] [326] [INFO] Waiting for application startup.
[2026-04-04 07:34:08 +0000] [326] [INFO] Application startup complete.
[2026-04-04 07:34:08 +0000] [332] [INFO] Started server process [332]
[2026-04-04 07:34:08 +0000] [332] [INFO] Waiting for application startup.
[2026-04-04 07:34:08 +0000] [332] [INFO] Application startup complete.
[2026-04-04 07:34:08 +0000] [344] [INFO] Booting worker with pid: 344
[2026-04-04 07:34:08 +0000] [346] [INFO] Booting worker with pid: 346
[2026-04-04 07:34:08 +0000] [334] [INFO] Started server process [334]
[2026-04-04 07:34:08 +0000] [334] [INFO] Waiting for application startup.
[2026-04-04 07:34:08 +0000] [351] [INFO] Booting worker with pid: 351
[2026-04-04 07:34:08 +0000] [334] [INFO] Application startup complete.
[2026-04-04 07:34:08 +0000] [344] [INFO] Started server process [344]
[2026-04-04 07:34:08 +0000] [344] [INFO] Waiting for application startup.
[2026-04-04 07:34:08 +0000] [344] [INFO] Application startup complete.
[2026-04-04 07:34:08 +0000] [358] [INFO] Booting worker with pid: 358
[2026-04-04 07:34:08 +0000] [346] [INFO] Started server process [346]
[2026-04-04 07:34:08 +0000] [346] [INFO] Waiting for application startup.
[2026-04-04 07:34:08 +0000] [361] [INFO] Booting worker with pid: 361
[2026-04-04 07:34:08 +0000] [346] [INFO] Application startup complete.
[2026-04-04 07:34:08 +0000] [351] [INFO] Started server process [351]
[2026-04-04 07:34:08 +0000] [351] [INFO] Waiting for application startup.
[2026-04-04 07:34:08 +0000] [351] [INFO] Application startup complete.
[2026-04-04 07:34:08 +0000] [369] [INFO] Booting worker with pid: 369
[2026-04-04 07:34:09 +0000] [361] [INFO] Started server process [361]
[2026-04-04 07:34:09 +0000] [361] [INFO] Waiting for application startup.
[2026-04-04 07:34:09 +0000] [358] [INFO] Started server process [358]
[2026-04-04 07:34:09 +0000] [358] [INFO] Waiting for application startup.
[2026-04-04 07:34:09 +0000] [361] [INFO] Application startup complete.
[2026-04-04 07:34:09 +0000] [358] [INFO] Application startup complete.
[2026-04-04 07:34:09 +0000] [380] [INFO] Booting worker with pid: 380
[2026-04-04 07:34:09 +0000] [369] [INFO] Started server process [369]
[2026-04-04 07:34:09 +0000] [369] [INFO] Waiting for application startup.
[2026-04-04 07:34:09 +0000] [369] [INFO] Application startup complete.
[2026-04-04 07:34:09 +0000] [380] [INFO] Started server process [380]
[2026-04-04 07:34:09 +0000] [380] [INFO] Waiting for application startup.
[2026-04-04 07:34:09 +0000] [380] [INFO] Application startup complete.
