[2026-03-28 15:14:21 +0000] [1] [INFO] Starting gunicorn 23.0.0
[2026-03-28 15:14:21 +0000] [1] [INFO] Listening at: http://0.0.0.0:8080 (1)
[2026-03-28 15:14:21 +0000] [1] [INFO] Using worker: uvicorn.workers.UvicornWorker
[2026-03-28 15:14:21 +0000] [7] [INFO] Booting worker with pid: 7
[2026-03-28 15:14:21 +0000] [8] [INFO] Booting worker with pid: 8
[2026-03-28 15:14:21 +0000] [9] [INFO] Booting worker with pid: 9
[2026-03-28 15:14:21 +0000] [10] [INFO] Booting worker with pid: 10
[2026-03-28 15:14:21 +0000] [11] [INFO] Booting worker with pid: 11
[2026-03-28 15:14:21 +0000] [12] [INFO] Booting worker with pid: 12
[2026-03-28 15:14:21 +0000] [13] [INFO] Booting worker with pid: 13
[2026-03-28 15:14:22 +0000] [7] [INFO] Started server process [7]
[2026-03-28 15:14:22 +0000] [7] [INFO] Waiting for application startup.
[2026-03-28 15:14:22 +0000] [7] [INFO] Application startup complete.
[2026-03-28 15:14:22 +0000] [16] [INFO] Booting worker with pid: 16
[2026-03-28 15:14:22 +0000] [8] [INFO] Started server process [8]
[2026-03-28 15:14:22 +0000] [8] [INFO] Waiting for application startup.
[2026-03-28 15:14:22 +0000] [8] [INFO] Application startup complete.
[2026-03-28 15:14:22 +0000] [9] [INFO] Started server process [9]
[2026-03-28 15:14:22 +0000] [9] [INFO] Waiting for application startup.
[2026-03-28 15:14:22 +0000] [9] [INFO] Application startup complete.
[2026-03-28 15:14:22 +0000] [18] [INFO] Booting worker with pid: 18
[2026-03-28 15:14:22 +0000] [20] [INFO] Booting worker with pid: 20
[2026-03-28 15:14:22 +0000] [10] [INFO] Started server process [10]
[2026-03-28 15:14:22 +0000] [10] [INFO] Waiting for application startup.
[2026-03-28 15:14:22 +0000] [10] [INFO] Application startup complete.
[2026-03-28 15:14:22 +0000] [11] [INFO] Started server process [11]
[2026-03-28 15:14:22 +0000] [11] [INFO] Waiting for application startup.
[2026-03-28 15:14:22 +0000] [11] [INFO] Application startup complete.
[2026-03-28 15:14:22 +0000] [22] [INFO] Booting worker with pid: 22
[2026-03-28 15:14:22 +0000] [12] [INFO] Started server process [12]
[2026-03-28 15:14:22 +0000] [12] [INFO] Waiting for application startup.
[2026-03-28 15:14:22 +0000] [12] [INFO] Application startup complete.
[2026-03-28 15:14:22 +0000] [13] [INFO] Started server process [13]
[2026-03-28 15:14:22 +0000] [13] [INFO] Waiting for application startup.
[2026-03-28 15:14:22 +0000] [13] [INFO] Application startup complete.
[2026-03-28 15:14:22 +0000] [25] [INFO] Booting worker with pid: 25
[2026-03-28 15:14:22 +0000] [16] [INFO] Started server process [16]
[2026-03-28 15:14:22 +0000] [16] [INFO] Waiting for application startup.
[2026-03-28 15:14:22 +0000] [16] [INFO] Application startup complete.
[2026-03-28 15:14:22 +0000] [18] [INFO] Started server process [18]
[2026-03-28 15:14:22 +0000] [18] [INFO] Waiting for application startup.
[2026-03-28 15:14:22 +0000] [18] [INFO] Application startup complete.
[2026-03-28 15:14:22 +0000] [28] [INFO] Booting worker with pid: 28
[2026-03-28 15:14:22 +0000] [30] [INFO] Booting worker with pid: 30
[2026-03-28 15:14:22 +0000] [20] [INFO] Started server process [20]
[2026-03-28 15:14:22 +0000] [20] [INFO] Waiting for application startup.
[2026-03-28 15:14:22 +0000] [20] [INFO] Application startup complete.
[2026-03-28 15:14:22 +0000] [31] [INFO] Booting worker with pid: 31
[2026-03-28 15:14:22 +0000] [33] [INFO] Booting worker with pid: 33
[2026-03-28 15:14:22 +0000] [22] [INFO] Started server process [22]
[2026-03-28 15:14:22 +0000] [22] [INFO] Waiting for application startup.
[2026-03-28 15:14:22 +0000] [22] [INFO] Application startup complete.
[2026-03-28 15:14:22 +0000] [34] [INFO] Booting worker with pid: 34
[2026-03-28 15:14:22 +0000] [25] [INFO] Started server process [25]
[2026-03-28 15:14:22 +0000] [25] [INFO] Waiting for application startup.
[2026-03-28 15:14:22 +0000] [25] [INFO] Application startup complete.
[2026-03-28 15:14:22 +0000] [36] [INFO] Booting worker with pid: 36
[2026-03-28 15:14:22 +0000] [37] [INFO] Booting worker with pid: 37
[2026-03-28 15:14:22 +0000] [28] [INFO] Started server process [28]
[2026-03-28 15:14:22 +0000] [28] [INFO] Waiting for application startup.
[2026-03-28 15:14:22 +0000] [28] [INFO] Application startup complete.
[2026-03-28 15:14:22 +0000] [30] [INFO] Started server process [30]
[2026-03-28 15:14:22 +0000] [30] [INFO] Waiting for application startup.
[2026-03-28 15:14:22 +0000] [30] [INFO] Application startup complete.
[2026-03-28 15:14:22 +0000] [40] [INFO] Booting worker with pid: 40
[2026-03-28 15:14:22 +0000] [41] [INFO] Booting worker with pid: 41
[2026-03-28 15:14:22 +0000] [31] [INFO] Started server process [31]
[2026-03-28 15:14:22 +0000] [31] [INFO] Waiting for application startup.
[2026-03-28 15:14:22 +0000] [31] [INFO] Application startup complete.
[2026-03-28 15:14:22 +0000] [44] [INFO] Booting worker with pid: 44
[2026-03-28 15:14:22 +0000] [33] [INFO] Started server process [33]
[2026-03-28 15:14:22 +0000] [33] [INFO] Waiting for application startup.
[2026-03-28 15:14:22 +0000] [33] [INFO] Application startup complete.
[2026-03-28 15:14:22 +0000] [46] [INFO] Booting worker with pid: 46
[2026-03-28 15:14:22 +0000] [34] [INFO] Started server process [34]
[2026-03-28 15:14:22 +0000] [34] [INFO] Waiting for application startup.
[2026-03-28 15:14:22 +0000] [34] [INFO] Application startup complete.
[2026-03-28 15:14:22 +0000] [47] [INFO] Booting worker with pid: 47
[2026-03-28 15:14:22 +0000] [49] [INFO] Booting worker with pid: 49
[2026-03-28 15:14:22 +0000] [36] [INFO] Started server process [36]
[2026-03-28 15:14:22 +0000] [36] [INFO] Waiting for application startup.
[2026-03-28 15:14:22 +0000] [36] [INFO] Application startup complete.
[2026-03-28 15:14:22 +0000] [37] [INFO] Started server process [37]
[2026-03-28 15:14:22 +0000] [37] [INFO] Waiting for application startup.
[2026-03-28 15:14:22 +0000] [37] [INFO] Application startup complete.
[2026-03-28 15:14:22 +0000] [40] [INFO] Started server process [40]
[2026-03-28 15:14:22 +0000] [40] [INFO] Waiting for application startup.
[2026-03-28 15:14:22 +0000] [40] [INFO] Application startup complete.
[2026-03-28 15:14:23 +0000] [41] [INFO] Started server process [41]
[2026-03-28 15:14:23 +0000] [41] [INFO] Waiting for application startup.
[2026-03-28 15:14:23 +0000] [41] [INFO] Application startup complete.
[2026-03-28 15:14:23 +0000] [53] [INFO] Booting worker with pid: 53
[2026-03-28 15:14:23 +0000] [55] [INFO] Booting worker with pid: 55
[2026-03-28 15:14:23 +0000] [44] [INFO] Started server process [44]
[2026-03-28 15:14:23 +0000] [44] [INFO] Waiting for application startup.
[2026-03-28 15:14:23 +0000] [44] [INFO] Application startup complete.
[2026-03-28 15:14:23 +0000] [56] [INFO] Booting worker with pid: 56
[2026-03-28 15:14:23 +0000] [57] [INFO] Booting worker with pid: 57
[2026-03-28 15:14:23 +0000] [58] [INFO] Booting worker with pid: 58
[2026-03-28 15:14:23 +0000] [59] [INFO] Booting worker with pid: 59
[2026-03-28 15:14:23 +0000] [46] [INFO] Started server process [46]
[2026-03-28 15:14:23 +0000] [46] [INFO] Waiting for application startup.
[2026-03-28 15:14:23 +0000] [46] [INFO] Application startup complete.
[2026-03-28 15:14:23 +0000] [62] [INFO] Booting worker with pid: 62
[2026-03-28 15:14:23 +0000] [47] [INFO] Started server process [47]
[2026-03-28 15:14:23 +0000] [47] [INFO] Waiting for application startup.
[2026-03-28 15:14:23 +0000] [47] [INFO] Application startup complete.
[2026-03-28 15:14:23 +0000] [49] [INFO] Started server process [49]
[2026-03-28 15:14:23 +0000] [49] [INFO] Waiting for application startup.
[2026-03-28 15:14:23 +0000] [49] [INFO] Application startup complete.
[2026-03-28 15:14:23 +0000] [64] [INFO] Booting worker with pid: 64
[2026-03-28 15:14:23 +0000] [65] [INFO] Booting worker with pid: 65
[2026-03-28 15:14:23 +0000] [66] [INFO] Booting worker with pid: 66
[2026-03-28 15:14:23 +0000] [68] [INFO] Booting worker with pid: 68
[2026-03-28 15:14:23 +0000] [69] [INFO] Booting worker with pid: 69
[2026-03-28 15:14:23 +0000] [53] [INFO] Started server process [53]
[2026-03-28 15:14:23 +0000] [53] [INFO] Waiting for application startup.
[2026-03-28 15:14:23 +0000] [53] [INFO] Application startup complete.
[2026-03-28 15:14:23 +0000] [55] [INFO] Started server process [55]
[2026-03-28 15:14:23 +0000] [55] [INFO] Waiting for application startup.
[2026-03-28 15:14:23 +0000] [55] [INFO] Application startup complete.
[2026-03-28 15:14:23 +0000] [56] [INFO] Started server process [56]
[2026-03-28 15:14:23 +0000] [56] [INFO] Waiting for application startup.
[2026-03-28 15:14:23 +0000] [56] [INFO] Application startup complete.
[2026-03-28 15:14:23 +0000] [58] [INFO] Started server process [58]
[2026-03-28 15:14:23 +0000] [58] [INFO] Waiting for application startup.
[2026-03-28 15:14:23 +0000] [58] [INFO] Application startup complete.
[2026-03-28 15:14:23 +0000] [74] [INFO] Booting worker with pid: 74
[2026-03-28 15:14:23 +0000] [57] [INFO] Started server process [57]
[2026-03-28 15:14:23 +0000] [57] [INFO] Waiting for application startup.
[2026-03-28 15:14:23 +0000] [57] [INFO] Application startup complete.
[2026-03-28 15:14:23 +0000] [59] [INFO] Started server process [59]
[2026-03-28 15:14:23 +0000] [59] [INFO] Waiting for application startup.
[2026-03-28 15:14:23 +0000] [59] [INFO] Application startup complete.
[2026-03-28 15:14:23 +0000] [76] [INFO] Booting worker with pid: 76
[2026-03-28 15:14:23 +0000] [77] [INFO] Booting worker with pid: 77
[2026-03-28 15:14:23 +0000] [62] [INFO] Started server process [62]
[2026-03-28 15:14:23 +0000] [62] [INFO] Waiting for application startup.
[2026-03-28 15:14:23 +0000] [62] [INFO] Application startup complete.
[2026-03-28 15:14:23 +0000] [79] [INFO] Booting worker with pid: 79
[2026-03-28 15:14:23 +0000] [64] [INFO] Started server process [64]
[2026-03-28 15:14:23 +0000] [64] [INFO] Waiting for application startup.
[2026-03-28 15:14:23 +0000] [64] [INFO] Application startup complete.
[2026-03-28 15:14:23 +0000] [65] [INFO] Started server process [65]
[2026-03-28 15:14:23 +0000] [65] [INFO] Waiting for application startup.
[2026-03-28 15:14:23 +0000] [65] [INFO] Application startup complete.
[2026-03-28 15:14:23 +0000] [82] [INFO] Booting worker with pid: 82
[2026-03-28 15:14:23 +0000] [66] [INFO] Started server process [66]
[2026-03-28 15:14:23 +0000] [66] [INFO] Waiting for application startup.
[2026-03-28 15:14:23 +0000] [66] [INFO] Application startup complete.
[2026-03-28 15:14:23 +0000] [84] [INFO] Booting worker with pid: 84
[2026-03-28 15:14:23 +0000] [68] [INFO] Started server process [68]
[2026-03-28 15:14:23 +0000] [68] [INFO] Waiting for application startup.
[2026-03-28 15:14:23 +0000] [68] [INFO] Application startup complete.
[2026-03-28 15:14:23 +0000] [69] [INFO] Started server process [69]
[2026-03-28 15:14:23 +0000] [69] [INFO] Waiting for application startup.
[2026-03-28 15:14:23 +0000] [69] [INFO] Application startup complete.
[2026-03-28 15:14:23 +0000] [87] [INFO] Booting worker with pid: 87
[2026-03-28 15:14:23 +0000] [88] [INFO] Booting worker with pid: 88
[2026-03-28 15:14:23 +0000] [89] [INFO] Booting worker with pid: 89
[2026-03-28 15:14:23 +0000] [90] [INFO] Booting worker with pid: 90
[2026-03-28 15:14:23 +0000] [92] [INFO] Booting worker with pid: 92
[2026-03-28 15:14:23 +0000] [74] [INFO] Started server process [74]
[2026-03-28 15:14:23 +0000] [74] [INFO] Waiting for application startup.
[2026-03-28 15:14:23 +0000] [74] [INFO] Application startup complete.
[2026-03-28 15:14:23 +0000] [93] [INFO] Booting worker with pid: 93
[2026-03-28 15:14:23 +0000] [77] [INFO] Started server process [77]
[2026-03-28 15:14:23 +0000] [77] [INFO] Waiting for application startup.
[2026-03-28 15:14:23 +0000] [77] [INFO] Application startup complete.
[2026-03-28 15:14:23 +0000] [76] [INFO] Started server process [76]
[2026-03-28 15:14:23 +0000] [76] [INFO] Waiting for application startup.
[2026-03-28 15:14:23 +0000] [76] [INFO] Application startup complete.
[2026-03-28 15:14:23 +0000] [97] [INFO] Booting worker with pid: 97
[2026-03-28 15:14:23 +0000] [79] [INFO] Started server process [79]
[2026-03-28 15:14:23 +0000] [79] [INFO] Waiting for application startup.
[2026-03-28 15:14:23 +0000] [79] [INFO] Application startup complete.
[2026-03-28 15:14:23 +0000] [82] [INFO] Started server process [82]
[2026-03-28 15:14:23 +0000] [82] [INFO] Waiting for application startup.
[2026-03-28 15:14:23 +0000] [82] [INFO] Application startup complete.
[2026-03-28 15:14:23 +0000] [99] [INFO] Booting worker with pid: 99
[2026-03-28 15:14:24 +0000] [84] [INFO] Started server process [84]
[2026-03-28 15:14:24 +0000] [84] [INFO] Waiting for application startup.
[2026-03-28 15:14:24 +0000] [84] [INFO] Application startup complete.
[2026-03-28 15:14:24 +0000] [87] [INFO] Started server process [87]
[2026-03-28 15:14:24 +0000] [87] [INFO] Waiting for application startup.
[2026-03-28 15:14:24 +0000] [87] [INFO] Application startup complete.
[2026-03-28 15:14:24 +0000] [105] [INFO] Booting worker with pid: 105
[2026-03-28 15:14:24 +0000] [88] [INFO] Started server process [88]
[2026-03-28 15:14:24 +0000] [88] [INFO] Waiting for application startup.
[2026-03-28 15:14:24 +0000] [88] [INFO] Application startup complete.
[2026-03-28 15:14:24 +0000] [89] [INFO] Started server process [89]
[2026-03-28 15:14:24 +0000] [89] [INFO] Waiting for application startup.
[2026-03-28 15:14:24 +0000] [89] [INFO] Application startup complete.
[2026-03-28 15:14:24 +0000] [106] [INFO] Booting worker with pid: 106
[2026-03-28 15:14:24 +0000] [90] [INFO] Started server process [90]
[2026-03-28 15:14:24 +0000] [90] [INFO] Waiting for application startup.
[2026-03-28 15:14:24 +0000] [90] [INFO] Application startup complete.
[2026-03-28 15:14:24 +0000] [92] [INFO] Started server process [92]
[2026-03-28 15:14:24 +0000] [92] [INFO] Waiting for application startup.
[2026-03-28 15:14:24 +0000] [92] [INFO] Application startup complete.
[2026-03-28 15:14:24 +0000] [93] [INFO] Started server process [93]
[2026-03-28 15:14:24 +0000] [93] [INFO] Waiting for application startup.
[2026-03-28 15:14:24 +0000] [93] [INFO] Application startup complete.
[2026-03-28 15:14:24 +0000] [109] [INFO] Booting worker with pid: 109
[2026-03-28 15:14:24 +0000] [97] [INFO] Started server process [97]
[2026-03-28 15:14:24 +0000] [97] [INFO] Waiting for application startup.
[2026-03-28 15:14:24 +0000] [97] [INFO] Application startup complete.
[2026-03-28 15:14:24 +0000] [111] [INFO] Booting worker with pid: 111
[2026-03-28 15:14:24 +0000] [112] [INFO] Booting worker with pid: 112
[2026-03-28 15:14:24 +0000] [114] [INFO] Booting worker with pid: 114
[2026-03-28 15:14:24 +0000] [99] [INFO] Started server process [99]
[2026-03-28 15:14:24 +0000] [99] [INFO] Waiting for application startup.
[2026-03-28 15:14:24 +0000] [99] [INFO] Application startup complete.
[2026-03-28 15:14:24 +0000] [115] [INFO] Booting worker with pid: 115
[2026-03-28 15:14:24 +0000] [105] [INFO] Started server process [105]
[2026-03-28 15:14:24 +0000] [105] [INFO] Waiting for application startup.
[2026-03-28 15:14:24 +0000] [105] [INFO] Application startup complete.
[2026-03-28 15:14:24 +0000] [118] [INFO] Booting worker with pid: 118
[2026-03-28 15:14:24 +0000] [106] [INFO] Started server process [106]
[2026-03-28 15:14:24 +0000] [106] [INFO] Waiting for application startup.
[2026-03-28 15:14:24 +0000] [106] [INFO] Application startup complete.
[2026-03-28 15:14:24 +0000] [109] [INFO] Started server process [109]
[2026-03-28 15:14:24 +0000] [109] [INFO] Waiting for application startup.
[2026-03-28 15:14:24 +0000] [109] [INFO] Application startup complete.
[2026-03-28 15:14:24 +0000] [120] [INFO] Booting worker with pid: 120
[2026-03-28 15:14:24 +0000] [111] [INFO] Started server process [111]
[2026-03-28 15:14:24 +0000] [111] [INFO] Waiting for application startup.
[2026-03-28 15:14:24 +0000] [111] [INFO] Application startup complete.
[2026-03-28 15:14:24 +0000] [122] [INFO] Booting worker with pid: 122
[2026-03-28 15:14:24 +0000] [124] [INFO] Booting worker with pid: 124
[2026-03-28 15:14:24 +0000] [112] [INFO] Started server process [112]
[2026-03-28 15:14:24 +0000] [112] [INFO] Waiting for application startup.
[2026-03-28 15:14:24 +0000] [112] [INFO] Application startup complete.
[2026-03-28 15:14:24 +0000] [126] [INFO] Booting worker with pid: 126
[2026-03-28 15:14:24 +0000] [114] [INFO] Started server process [114]
[2026-03-28 15:14:24 +0000] [114] [INFO] Waiting for application startup.
[2026-03-28 15:14:24 +0000] [114] [INFO] Application startup complete.
[2026-03-28 15:14:24 +0000] [128] [INFO] Booting worker with pid: 128
[2026-03-28 15:14:24 +0000] [115] [INFO] Started server process [115]
[2026-03-28 15:14:24 +0000] [115] [INFO] Waiting for application startup.
[2026-03-28 15:14:24 +0000] [115] [INFO] Application startup complete.
[2026-03-28 15:14:24 +0000] [118] [INFO] Started server process [118]
[2026-03-28 15:14:24 +0000] [118] [INFO] Waiting for application startup.
[2026-03-28 15:14:24 +0000] [118] [INFO] Application startup complete.
[2026-03-28 15:14:24 +0000] [130] [INFO] Booting worker with pid: 130
[2026-03-28 15:14:24 +0000] [131] [INFO] Booting worker with pid: 131
[2026-03-28 15:14:24 +0000] [120] [INFO] Started server process [120]
[2026-03-28 15:14:24 +0000] [120] [INFO] Waiting for application startup.
[2026-03-28 15:14:24 +0000] [120] [INFO] Application startup complete.
[2026-03-28 15:14:25 +0000] [133] [INFO] Booting worker with pid: 133
[2026-03-28 15:14:25 +0000] [135] [INFO] Booting worker with pid: 135
[2026-03-28 15:14:25 +0000] [122] [INFO] Started server process [122]
[2026-03-28 15:14:25 +0000] [122] [INFO] Waiting for application startup.
[2026-03-28 15:14:25 +0000] [122] [INFO] Application startup complete.
[2026-03-28 15:14:25 +0000] [137] [INFO] Booting worker with pid: 137
[2026-03-28 15:14:25 +0000] [124] [INFO] Started server process [124]
[2026-03-28 15:14:25 +0000] [124] [INFO] Waiting for application startup.
[2026-03-28 15:14:25 +0000] [124] [INFO] Application startup complete.
[2026-03-28 15:14:25 +0000] [138] [INFO] Booting worker with pid: 138
[2026-03-28 15:14:25 +0000] [139] [INFO] Booting worker with pid: 139
[2026-03-28 15:14:25 +0000] [126] [INFO] Started server process [126]
[2026-03-28 15:14:25 +0000] [126] [INFO] Waiting for application startup.
[2026-03-28 15:14:25 +0000] [126] [INFO] Application startup complete.
[2026-03-28 15:14:25 +0000] [142] [INFO] Booting worker with pid: 142
[2026-03-28 15:14:25 +0000] [141] [INFO] Booting worker with pid: 141
[2026-03-28 15:14:25 +0000] [143] [INFO] Booting worker with pid: 143
[2026-03-28 15:14:25 +0000] [144] [INFO] Booting worker with pid: 144
[2026-03-28 15:14:25 +0000] [130] [INFO] Started server process [130]
[2026-03-28 15:14:25 +0000] [130] [INFO] Waiting for application startup.
[2026-03-28 15:14:25 +0000] [130] [INFO] Application startup complete.
[2026-03-28 15:14:25 +0000] [147] [INFO] Booting worker with pid: 147
[2026-03-28 15:14:25 +0000] [148] [INFO] Booting worker with pid: 148
[2026-03-28 15:14:25 +0000] [128] [INFO] Started server process [128]
[2026-03-28 15:14:25 +0000] [128] [INFO] Waiting for application startup.
[2026-03-28 15:14:25 +0000] [128] [INFO] Application startup complete.
[2026-03-28 15:14:25 +0000] [131] [INFO] Started server process [131]
[2026-03-28 15:14:25 +0000] [131] [INFO] Waiting for application startup.
[2026-03-28 15:14:25 +0000] [131] [INFO] Application startup complete.
[2026-03-28 15:14:25 +0000] [150] [INFO] Booting worker with pid: 150
[2026-03-28 15:14:25 +0000] [151] [INFO] Booting worker with pid: 151
[2026-03-28 15:14:25 +0000] [155] [INFO] Booting worker with pid: 155
[2026-03-28 15:14:25 +0000] [133] [INFO] Started server process [133]
[2026-03-28 15:14:25 +0000] [133] [INFO] Waiting for application startup.
[2026-03-28 15:14:25 +0000] [133] [INFO] Application startup complete.
[2026-03-28 15:14:25 +0000] [135] [INFO] Started server process [135]
[2026-03-28 15:14:25 +0000] [135] [INFO] Waiting for application startup.
[2026-03-28 15:14:25 +0000] [135] [INFO] Application startup complete.
[2026-03-28 15:14:25 +0000] [138] [INFO] Started server process [138]
[2026-03-28 15:14:25 +0000] [138] [INFO] Waiting for application startup.
[2026-03-28 15:14:25 +0000] [138] [INFO] Application startup complete.
[2026-03-28 15:14:25 +0000] [156] [INFO] Booting worker with pid: 156
[2026-03-28 15:14:25 +0000] [137] [INFO] Started server process [137]
[2026-03-28 15:14:25 +0000] [137] [INFO] Waiting for application startup.
[2026-03-28 15:14:25 +0000] [137] [INFO] Application startup complete.
[2026-03-28 15:14:25 +0000] [160] [INFO] Booting worker with pid: 160
[2026-03-28 15:14:25 +0000] [142] [INFO] Started server process [142]
[2026-03-28 15:14:25 +0000] [142] [INFO] Waiting for application startup.
[2026-03-28 15:14:25 +0000] [142] [INFO] Application startup complete.
[2026-03-28 15:14:25 +0000] [139] [INFO] Started server process [139]
[2026-03-28 15:14:25 +0000] [139] [INFO] Waiting for application startup.
[2026-03-28 15:14:25 +0000] [139] [INFO] Application startup complete.
[2026-03-28 15:14:25 +0000] [163] [INFO] Booting worker with pid: 163
[2026-03-28 15:14:25 +0000] [164] [INFO] Booting worker with pid: 164
[2026-03-28 15:14:25 +0000] [141] [INFO] Started server process [141]
[2026-03-28 15:14:25 +0000] [141] [INFO] Waiting for application startup.
[2026-03-28 15:14:25 +0000] [143] [INFO] Started server process [143]
[2026-03-28 15:14:25 +0000] [141] [INFO] Application startup complete.
[2026-03-28 15:14:25 +0000] [143] [INFO] Waiting for application startup.
[2026-03-28 15:14:25 +0000] [143] [INFO] Application startup complete.
[2026-03-28 15:14:25 +0000] [165] [INFO] Booting worker with pid: 165
[2026-03-28 15:14:25 +0000] [144] [INFO] Started server process [144]
[2026-03-28 15:14:25 +0000] [144] [INFO] Waiting for application startup.
[2026-03-28 15:14:25 +0000] [144] [INFO] Application startup complete.
[2026-03-28 15:14:25 +0000] [169] [INFO] Booting worker with pid: 169
[2026-03-28 15:14:25 +0000] [147] [INFO] Started server process [147]
[2026-03-28 15:14:25 +0000] [147] [INFO] Waiting for application startup.
[2026-03-28 15:14:25 +0000] [147] [INFO] Application startup complete.
[2026-03-28 15:14:25 +0000] [148] [INFO] Started server process [148]
[2026-03-28 15:14:25 +0000] [148] [INFO] Waiting for application startup.
[2026-03-28 15:14:25 +0000] [148] [INFO] Application startup complete.
[2026-03-28 15:14:25 +0000] [172] [INFO] Booting worker with pid: 172
[2026-03-28 15:14:25 +0000] [151] [INFO] Started server process [151]
[2026-03-28 15:14:25 +0000] [151] [INFO] Waiting for application startup.
[2026-03-28 15:14:25 +0000] [150] [INFO] Started server process [150]
[2026-03-28 15:14:25 +0000] [150] [INFO] Waiting for application startup.
[2026-03-28 15:14:25 +0000] [151] [INFO] Application startup complete.
[2026-03-28 15:14:25 +0000] [150] [INFO] Application startup complete.
[2026-03-28 15:14:25 +0000] [173] [INFO] Booting worker with pid: 173
[2026-03-28 15:14:26 +0000] [175] [INFO] Booting worker with pid: 175
[2026-03-28 15:14:26 +0000] [155] [INFO] Started server process [155]
[2026-03-28 15:14:26 +0000] [155] [INFO] Waiting for application startup.
[2026-03-28 15:14:26 +0000] [155] [INFO] Application startup complete.
[2026-03-28 15:14:26 +0000] [176] [INFO] Booting worker with pid: 176
[2026-03-28 15:14:26 +0000] [156] [INFO] Started server process [156]
[2026-03-28 15:14:26 +0000] [156] [INFO] Waiting for application startup.
[2026-03-28 15:14:26 +0000] [156] [INFO] Application startup complete.
[2026-03-28 15:14:26 +0000] [179] [INFO] Booting worker with pid: 179
[2026-03-28 15:14:26 +0000] [164] [INFO] Started server process [164]
[2026-03-28 15:14:26 +0000] [164] [INFO] Waiting for application startup.
[2026-03-28 15:14:26 +0000] [164] [INFO] Application startup complete.
[2026-03-28 15:14:26 +0000] [181] [INFO] Booting worker with pid: 181
[2026-03-28 15:14:26 +0000] [160] [INFO] Started server process [160]
[2026-03-28 15:14:26 +0000] [160] [INFO] Waiting for application startup.
[2026-03-28 15:14:26 +0000] [160] [INFO] Application startup complete.
[2026-03-28 15:14:26 +0000] [163] [INFO] Started server process [163]
[2026-03-28 15:14:26 +0000] [163] [INFO] Waiting for application startup.
[2026-03-28 15:14:26 +0000] [163] [INFO] Application startup complete.
[2026-03-28 15:14:26 +0000] [183] [INFO] Booting worker with pid: 183
[2026-03-28 15:14:26 +0000] [185] [INFO] Booting worker with pid: 185
[2026-03-28 15:14:26 +0000] [165] [INFO] Started server process [165]
[2026-03-28 15:14:26 +0000] [165] [INFO] Waiting for application startup.
[2026-03-28 15:14:26 +0000] [165] [INFO] Application startup complete.
[2026-03-28 15:14:26 +0000] [187] [INFO] Booting worker with pid: 187
[2026-03-28 15:14:26 +0000] [169] [INFO] Started server process [169]
[2026-03-28 15:14:26 +0000] [169] [INFO] Waiting for application startup.
[2026-03-28 15:14:26 +0000] [169] [INFO] Application startup complete.
[2026-03-28 15:14:26 +0000] [188] [INFO] Booting worker with pid: 188
[2026-03-28 15:14:26 +0000] [172] [INFO] Started server process [172]
[2026-03-28 15:14:26 +0000] [172] [INFO] Waiting for application startup.
[2026-03-28 15:14:26 +0000] [172] [INFO] Application startup complete.
[2026-03-28 15:14:26 +0000] [190] [INFO] Booting worker with pid: 190
[2026-03-28 15:14:26 +0000] [193] [INFO] Booting worker with pid: 193
[2026-03-28 15:14:26 +0000] [175] [INFO] Started server process [175]
[2026-03-28 15:14:26 +0000] [175] [INFO] Waiting for application startup.
[2026-03-28 15:14:26 +0000] [175] [INFO] Application startup complete.
[2026-03-28 15:14:26 +0000] [173] [INFO] Started server process [173]
[2026-03-28 15:14:26 +0000] [173] [INFO] Waiting for application startup.
[2026-03-28 15:14:26 +0000] [173] [INFO] Application startup complete.
[2026-03-28 15:14:26 +0000] [194] [INFO] Booting worker with pid: 194
[2026-03-28 15:14:26 +0000] [176] [INFO] Started server process [176]
[2026-03-28 15:14:26 +0000] [176] [INFO] Waiting for application startup.
[2026-03-28 15:14:26 +0000] [176] [INFO] Application startup complete.
[2026-03-28 15:14:26 +0000] [179] [INFO] Started server process [179]
[2026-03-28 15:14:26 +0000] [179] [INFO] Waiting for application startup.
[2026-03-28 15:14:26 +0000] [179] [INFO] Application startup complete.
[2026-03-28 15:14:26 +0000] [181] [INFO] Started server process [181]
[2026-03-28 15:14:26 +0000] [181] [INFO] Waiting for application startup.
[2026-03-28 15:14:26 +0000] [181] [INFO] Application startup complete.
[2026-03-28 15:14:26 +0000] [198] [INFO] Booting worker with pid: 198
[2026-03-28 15:14:26 +0000] [199] [INFO] Booting worker with pid: 199
[2026-03-28 15:14:26 +0000] [201] [INFO] Booting worker with pid: 201
[2026-03-28 15:14:26 +0000] [187] [INFO] Started server process [187]
[2026-03-28 15:14:26 +0000] [187] [INFO] Waiting for application startup.
[2026-03-28 15:14:26 +0000] [187] [INFO] Application startup complete.
[2026-03-28 15:14:26 +0000] [203] [INFO] Booting worker with pid: 203
[2026-03-28 15:14:26 +0000] [183] [INFO] Started server process [183]
[2026-03-28 15:14:26 +0000] [183] [INFO] Waiting for application startup.
[2026-03-28 15:14:26 +0000] [183] [INFO] Application startup complete.
[2026-03-28 15:14:26 +0000] [185] [INFO] Started server process [185]
[2026-03-28 15:14:26 +0000] [185] [INFO] Waiting for application startup.
[2026-03-28 15:14:26 +0000] [185] [INFO] Application startup complete.
[2026-03-28 15:14:26 +0000] [205] [INFO] Booting worker with pid: 205
[2026-03-28 15:14:26 +0000] [206] [INFO] Booting worker with pid: 206
[2026-03-28 15:14:26 +0000] [188] [INFO] Started server process [188]
[2026-03-28 15:14:26 +0000] [188] [INFO] Waiting for application startup.
[2026-03-28 15:14:26 +0000] [188] [INFO] Application startup complete.
[2026-03-28 15:14:27 +0000] [208] [INFO] Booting worker with pid: 208
[2026-03-28 15:14:27 +0000] [190] [INFO] Started server process [190]
[2026-03-28 15:14:27 +0000] [190] [INFO] Waiting for application startup.
[2026-03-28 15:14:27 +0000] [193] [INFO] Started server process [193]
[2026-03-28 15:14:27 +0000] [193] [INFO] Waiting for application startup.
[2026-03-28 15:14:27 +0000] [190] [INFO] Application startup complete.
[2026-03-28 15:14:27 +0000] [193] [INFO] Application startup complete.
[2026-03-28 15:14:27 +0000] [211] [INFO] Booting worker with pid: 211
[2026-03-28 15:14:27 +0000] [212] [INFO] Booting worker with pid: 212
[2026-03-28 15:14:27 +0000] [215] [INFO] Booting worker with pid: 215
[2026-03-28 15:14:27 +0000] [199] [INFO] Started server process [199]
[2026-03-28 15:14:27 +0000] [199] [INFO] Waiting for application startup.
[2026-03-28 15:14:27 +0000] [199] [INFO] Application startup complete.
[2026-03-28 15:14:27 +0000] [201] [INFO] Started server process [201]
[2026-03-28 15:14:27 +0000] [201] [INFO] Waiting for application startup.
[2026-03-28 15:14:27 +0000] [201] [INFO] Application startup complete.
[2026-03-28 15:14:27 +0000] [198] [INFO] Started server process [198]
[2026-03-28 15:14:27 +0000] [198] [INFO] Waiting for application startup.
[2026-03-28 15:14:27 +0000] [198] [INFO] Application startup complete.
[2026-03-28 15:14:27 +0000] [218] [INFO] Booting worker with pid: 218
[2026-03-28 15:14:27 +0000] [194] [INFO] Started server process [194]
[2026-03-28 15:14:27 +0000] [194] [INFO] Waiting for application startup.
[2026-03-28 15:14:27 +0000] [194] [INFO] Application startup complete.
[2026-03-28 15:14:27 +0000] [220] [INFO] Booting worker with pid: 220
[2026-03-28 15:14:27 +0000] [203] [INFO] Started server process [203]
[2026-03-28 15:14:27 +0000] [203] [INFO] Waiting for application startup.
[2026-03-28 15:14:27 +0000] [203] [INFO] Application startup complete.
[2026-03-28 15:14:27 +0000] [221] [INFO] Booting worker with pid: 221
[2026-03-28 15:14:27 +0000] [205] [INFO] Started server process [205]
[2026-03-28 15:14:27 +0000] [205] [INFO] Waiting for application startup.
[2026-03-28 15:14:27 +0000] [205] [INFO] Application startup complete.
[2026-03-28 15:14:27 +0000] [223] [INFO] Booting worker with pid: 223
[2026-03-28 15:14:27 +0000] [226] [INFO] Booting worker with pid: 226
[2026-03-28 15:14:27 +0000] [208] [INFO] Started server process [208]
[2026-03-28 15:14:27 +0000] [208] [INFO] Waiting for application startup.
[2026-03-28 15:14:27 +0000] [208] [INFO] Application startup complete.
[2026-03-28 15:14:27 +0000] [206] [INFO] Started server process [206]
[2026-03-28 15:14:27 +0000] [206] [INFO] Waiting for application startup.
[2026-03-28 15:14:27 +0000] [206] [INFO] Application startup complete.
[2026-03-28 15:14:27 +0000] [227] [INFO] Booting worker with pid: 227
[2026-03-28 15:14:27 +0000] [229] [INFO] Booting worker with pid: 229
[2026-03-28 15:14:27 +0000] [211] [INFO] Started server process [211]
[2026-03-28 15:14:27 +0000] [211] [INFO] Waiting for application startup.
[2026-03-28 15:14:27 +0000] [211] [INFO] Application startup complete.
[2026-03-28 15:14:27 +0000] [212] [INFO] Started server process [212]
[2026-03-28 15:14:27 +0000] [212] [INFO] Waiting for application startup.
[2026-03-28 15:14:27 +0000] [212] [INFO] Application startup complete.
[2026-03-28 15:14:27 +0000] [231] [INFO] Booting worker with pid: 231
[2026-03-28 15:14:27 +0000] [215] [INFO] Started server process [215]
[2026-03-28 15:14:27 +0000] [215] [INFO] Waiting for application startup.
[2026-03-28 15:14:27 +0000] [215] [INFO] Application startup complete.
[2026-03-28 15:14:27 +0000] [218] [INFO] Started server process [218]
[2026-03-28 15:14:27 +0000] [218] [INFO] Waiting for application startup.
[2026-03-28 15:14:27 +0000] [218] [INFO] Application startup complete.
[2026-03-28 15:14:27 +0000] [220] [INFO] Started server process [220]
[2026-03-28 15:14:27 +0000] [220] [INFO] Waiting for application startup.
[2026-03-28 15:14:27 +0000] [220] [INFO] Application startup complete.
[2026-03-28 15:14:27 +0000] [235] [INFO] Booting worker with pid: 235
[2026-03-28 15:14:27 +0000] [236] [INFO] Booting worker with pid: 236
[2026-03-28 15:14:27 +0000] [221] [INFO] Started server process [221]
[2026-03-28 15:14:27 +0000] [223] [INFO] Started server process [223]
[2026-03-28 15:14:27 +0000] [221] [INFO] Waiting for application startup.
[2026-03-28 15:14:27 +0000] [223] [INFO] Waiting for application startup.
[2026-03-28 15:14:27 +0000] [221] [INFO] Application startup complete.
[2026-03-28 15:14:27 +0000] [223] [INFO] Application startup complete.
[2026-03-28 15:14:27 +0000] [240] [INFO] Booting worker with pid: 240
[2026-03-28 15:14:27 +0000] [226] [INFO] Started server process [226]
[2026-03-28 15:14:27 +0000] [226] [INFO] Waiting for application startup.
[2026-03-28 15:14:27 +0000] [226] [INFO] Application startup complete.
[2026-03-28 15:14:27 +0000] [227] [INFO] Started server process [227]
[2026-03-28 15:14:27 +0000] [227] [INFO] Waiting for application startup.
[2026-03-28 15:14:27 +0000] [227] [INFO] Application startup complete.
[2026-03-28 15:14:27 +0000] [229] [INFO] Started server process [229]
[2026-03-28 15:14:27 +0000] [229] [INFO] Waiting for application startup.
[2026-03-28 15:14:27 +0000] [229] [INFO] Application startup complete.
[2026-03-28 15:14:27 +0000] [243] [INFO] Booting worker with pid: 243
[2026-03-28 15:14:27 +0000] [231] [INFO] Started server process [231]
[2026-03-28 15:14:27 +0000] [231] [INFO] Waiting for application startup.
[2026-03-28 15:14:27 +0000] [231] [INFO] Application startup complete.
[2026-03-28 15:14:27 +0000] [245] [INFO] Booting worker with pid: 245
[2026-03-28 15:14:28 +0000] [246] [INFO] Booting worker with pid: 246
[2026-03-28 15:14:28 +0000] [249] [INFO] Booting worker with pid: 249
[2026-03-28 15:14:28 +0000] [235] [INFO] Started server process [235]
[2026-03-28 15:14:28 +0000] [235] [INFO] Waiting for application startup.
[2026-03-28 15:14:28 +0000] [235] [INFO] Application startup complete.
[2026-03-28 15:14:28 +0000] [236] [INFO] Started server process [236]
[2026-03-28 15:14:28 +0000] [236] [INFO] Waiting for application startup.
[2026-03-28 15:14:28 +0000] [236] [INFO] Application startup complete.
[2026-03-28 15:14:28 +0000] [250] [INFO] Booting worker with pid: 250
[2026-03-28 15:14:28 +0000] [240] [INFO] Started server process [240]
[2026-03-28 15:14:28 +0000] [240] [INFO] Waiting for application startup.
[2026-03-28 15:14:28 +0000] [240] [INFO] Application startup complete.
[2026-03-28 15:14:28 +0000] [252] [INFO] Booting worker with pid: 252
[2026-03-28 15:14:28 +0000] [243] [INFO] Started server process [243]
[2026-03-28 15:14:28 +0000] [243] [INFO] Waiting for application startup.
[2026-03-28 15:14:28 +0000] [243] [INFO] Application startup complete.
[2026-03-28 15:14:28 +0000] [254] [INFO] Booting worker with pid: 254
[2026-03-28 15:14:28 +0000] [245] [INFO] Started server process [245]
[2026-03-28 15:14:28 +0000] [245] [INFO] Waiting for application startup.
[2026-03-28 15:14:28 +0000] [245] [INFO] Application startup complete.
[2026-03-28 15:14:28 +0000] [246] [INFO] Started server process [246]
[2026-03-28 15:14:28 +0000] [246] [INFO] Waiting for application startup.
[2026-03-28 15:14:28 +0000] [246] [INFO] Application startup complete.
[2026-03-28 15:14:28 +0000] [257] [INFO] Booting worker with pid: 257
[2026-03-28 15:14:28 +0000] [258] [INFO] Booting worker with pid: 258
[2026-03-28 15:14:28 +0000] [249] [INFO] Started server process [249]
[2026-03-28 15:14:28 +0000] [249] [INFO] Waiting for application startup.
[2026-03-28 15:14:28 +0000] [249] [INFO] Application startup complete.
[2026-03-28 15:14:28 +0000] [250] [INFO] Started server process [250]
[2026-03-28 15:14:28 +0000] [250] [INFO] Waiting for application startup.
[2026-03-28 15:14:28 +0000] [250] [INFO] Application startup complete.
[2026-03-28 15:14:28 +0000] [261] [INFO] Booting worker with pid: 261
[2026-03-28 15:14:28 +0000] [262] [INFO] Booting worker with pid: 262
[2026-03-28 15:14:28 +0000] [252] [INFO] Started server process [252]
[2026-03-28 15:14:28 +0000] [252] [INFO] Waiting for application startup.
[2026-03-28 15:14:28 +0000] [252] [INFO] Application startup complete.
[2026-03-28 15:14:28 +0000] [264] [INFO] Booting worker with pid: 264
[2026-03-28 15:14:28 +0000] [254] [INFO] Started server process [254]
[2026-03-28 15:14:28 +0000] [254] [INFO] Waiting for application startup.
[2026-03-28 15:14:28 +0000] [254] [INFO] Application startup complete.
[2026-03-28 15:14:28 +0000] [266] [INFO] Booting worker with pid: 266
[2026-03-28 15:14:28 +0000] [257] [INFO] Started server process [257]
[2026-03-28 15:14:28 +0000] [257] [INFO] Waiting for application startup.
[2026-03-28 15:14:28 +0000] [257] [INFO] Application startup complete.
[2026-03-28 15:14:28 +0000] [268] [INFO] Booting worker with pid: 268
[2026-03-28 15:14:28 +0000] [258] [INFO] Started server process [258]
[2026-03-28 15:14:28 +0000] [258] [INFO] Waiting for application startup.
[2026-03-28 15:14:28 +0000] [258] [INFO] Application startup complete.
[2026-03-28 15:14:28 +0000] [271] [INFO] Booting worker with pid: 271
[2026-03-28 15:14:28 +0000] [261] [INFO] Started server process [261]
[2026-03-28 15:14:28 +0000] [261] [INFO] Waiting for application startup.
[2026-03-28 15:14:28 +0000] [261] [INFO] Application startup complete.
[2026-03-28 15:14:28 +0000] [272] [INFO] Booting worker with pid: 272
[2026-03-28 15:14:28 +0000] [262] [INFO] Started server process [262]
[2026-03-28 15:14:28 +0000] [262] [INFO] Waiting for application startup.
[2026-03-28 15:14:28 +0000] [262] [INFO] Application startup complete.
[2026-03-28 15:14:28 +0000] [264] [INFO] Started server process [264]
[2026-03-28 15:14:28 +0000] [264] [INFO] Waiting for application startup.
[2026-03-28 15:14:28 +0000] [264] [INFO] Application startup complete.
[2026-03-28 15:14:28 +0000] [275] [INFO] Booting worker with pid: 275
[2026-03-28 15:14:28 +0000] [276] [INFO] Booting worker with pid: 276
[2026-03-28 15:14:28 +0000] [277] [INFO] Booting worker with pid: 277
[2026-03-28 15:14:28 +0000] [266] [INFO] Started server process [266]
[2026-03-28 15:14:28 +0000] [266] [INFO] Waiting for application startup.
[2026-03-28 15:14:28 +0000] [266] [INFO] Application startup complete.
[2026-03-28 15:14:28 +0000] [279] [INFO] Booting worker with pid: 279
[2026-03-28 15:14:28 +0000] [280] [INFO] Booting worker with pid: 280
[2026-03-28 15:14:28 +0000] [281] [INFO] Booting worker with pid: 281
[2026-03-28 15:14:28 +0000] [282] [INFO] Booting worker with pid: 282
[2026-03-28 15:14:28 +0000] [268] [INFO] Started server process [268]
[2026-03-28 15:14:28 +0000] [268] [INFO] Waiting for application startup.
[2026-03-28 15:14:28 +0000] [268] [INFO] Application startup complete.
[2026-03-28 15:14:28 +0000] [284] [INFO] Booting worker with pid: 284
[2026-03-28 15:14:28 +0000] [271] [INFO] Started server process [271]
[2026-03-28 15:14:28 +0000] [271] [INFO] Waiting for application startup.
[2026-03-28 15:14:28 +0000] [271] [INFO] Application startup complete.
[2026-03-28 15:14:28 +0000] [272] [INFO] Started server process [272]
[2026-03-28 15:14:28 +0000] [272] [INFO] Waiting for application startup.
[2026-03-28 15:14:28 +0000] [272] [INFO] Application startup complete.
[2026-03-28 15:14:29 +0000] [289] [INFO] Booting worker with pid: 289
[2026-03-28 15:14:29 +0000] [275] [INFO] Started server process [275]
[2026-03-28 15:14:29 +0000] [275] [INFO] Waiting for application startup.
[2026-03-28 15:14:29 +0000] [275] [INFO] Application startup complete.
[2026-03-28 15:14:29 +0000] [276] [INFO] Started server process [276]
[2026-03-28 15:14:29 +0000] [276] [INFO] Waiting for application startup.
[2026-03-28 15:14:29 +0000] [276] [INFO] Application startup complete.
[2026-03-28 15:14:29 +0000] [277] [INFO] Started server process [277]
[2026-03-28 15:14:29 +0000] [277] [INFO] Waiting for application startup.
[2026-03-28 15:14:29 +0000] [277] [INFO] Application startup complete.
[2026-03-28 15:14:29 +0000] [279] [INFO] Started server process [279]
[2026-03-28 15:14:29 +0000] [279] [INFO] Waiting for application startup.
[2026-03-28 15:14:29 +0000] [279] [INFO] Application startup complete.
[2026-03-28 15:14:29 +0000] [280] [INFO] Started server process [280]
[2026-03-28 15:14:29 +0000] [280] [INFO] Waiting for application startup.
[2026-03-28 15:14:29 +0000] [280] [INFO] Application startup complete.
[2026-03-28 15:14:29 +0000] [294] [INFO] Booting worker with pid: 294
[2026-03-28 15:14:29 +0000] [281] [INFO] Started server process [281]
[2026-03-28 15:14:29 +0000] [281] [INFO] Waiting for application startup.
[2026-03-28 15:14:29 +0000] [281] [INFO] Application startup complete.
[2026-03-28 15:14:29 +0000] [282] [INFO] Started server process [282]
[2026-03-28 15:14:29 +0000] [282] [INFO] Waiting for application startup.
[2026-03-28 15:14:29 +0000] [282] [INFO] Application startup complete.
[2026-03-28 15:14:29 +0000] [297] [INFO] Booting worker with pid: 297
[2026-03-28 15:14:29 +0000] [284] [INFO] Started server process [284]
[2026-03-28 15:14:29 +0000] [284] [INFO] Waiting for application startup.
[2026-03-28 15:14:29 +0000] [284] [INFO] Application startup complete.
[2026-03-28 15:14:29 +0000] [289] [INFO] Started server process [289]
[2026-03-28 15:14:29 +0000] [289] [INFO] Waiting for application startup.
[2026-03-28 15:14:29 +0000] [289] [INFO] Application startup complete.
[2026-03-28 15:14:29 +0000] [299] [INFO] Booting worker with pid: 299
[2026-03-28 15:14:29 +0000] [300] [INFO] Booting worker with pid: 300
[2026-03-28 15:14:29 +0000] [294] [INFO] Started server process [294]
[2026-03-28 15:14:29 +0000] [294] [INFO] Waiting for application startup.
[2026-03-28 15:14:29 +0000] [294] [INFO] Application startup complete.
[2026-03-28 15:14:29 +0000] [302] [INFO] Booting worker with pid: 302
[2026-03-28 15:14:29 +0000] [304] [INFO] Booting worker with pid: 304
[2026-03-28 15:14:29 +0000] [297] [INFO] Started server process [297]
[2026-03-28 15:14:29 +0000] [297] [INFO] Waiting for application startup.
[2026-03-28 15:14:29 +0000] [297] [INFO] Application startup complete.
[2026-03-28 15:14:29 +0000] [305] [INFO] Booting worker with pid: 305
[2026-03-28 15:14:29 +0000] [299] [INFO] Started server process [299]
[2026-03-28 15:14:29 +0000] [299] [INFO] Waiting for application startup.
[2026-03-28 15:14:29 +0000] [299] [INFO] Application startup complete.
[2026-03-28 15:14:29 +0000] [307] [INFO] Booting worker with pid: 307
[2026-03-28 15:14:29 +0000] [308] [INFO] Booting worker with pid: 308
[2026-03-28 15:14:29 +0000] [300] [INFO] Started server process [300]
[2026-03-28 15:14:29 +0000] [300] [INFO] Waiting for application startup.
[2026-03-28 15:14:29 +0000] [300] [INFO] Application startup complete.
[2026-03-28 15:14:29 +0000] [310] [INFO] Booting worker with pid: 310
[2026-03-28 15:14:29 +0000] [302] [INFO] Started server process [302]
[2026-03-28 15:14:29 +0000] [302] [INFO] Waiting for application startup.
[2026-03-28 15:14:29 +0000] [302] [INFO] Application startup complete.
[2026-03-28 15:14:29 +0000] [304] [INFO] Started server process [304]
[2026-03-28 15:14:29 +0000] [304] [INFO] Waiting for application startup.
[2026-03-28 15:14:29 +0000] [304] [INFO] Application startup complete.
[2026-03-28 15:14:29 +0000] [305] [INFO] Started server process [305]
[2026-03-28 15:14:29 +0000] [305] [INFO] Waiting for application startup.
[2026-03-28 15:14:29 +0000] [305] [INFO] Application startup complete.
[2026-03-28 15:14:29 +0000] [314] [INFO] Booting worker with pid: 314
[2026-03-28 15:14:29 +0000] [307] [INFO] Started server process [307]
[2026-03-28 15:14:29 +0000] [307] [INFO] Waiting for application startup.
[2026-03-28 15:14:29 +0000] [307] [INFO] Application startup complete.
[2026-03-28 15:14:29 +0000] [317] [INFO] Booting worker with pid: 317
[2026-03-28 15:14:29 +0000] [308] [INFO] Started server process [308]
[2026-03-28 15:14:29 +0000] [308] [INFO] Waiting for application startup.
[2026-03-28 15:14:29 +0000] [308] [INFO] Application startup complete.
[2026-03-28 15:14:29 +0000] [318] [INFO] Booting worker with pid: 318
[2026-03-28 15:14:30 +0000] [310] [INFO] Started server process [310]
[2026-03-28 15:14:30 +0000] [310] [INFO] Waiting for application startup.
[2026-03-28 15:14:30 +0000] [310] [INFO] Application startup complete.
[2026-03-28 15:14:30 +0000] [320] [INFO] Booting worker with pid: 320
[2026-03-28 15:14:30 +0000] [321] [INFO] Booting worker with pid: 321
[2026-03-28 15:14:30 +0000] [314] [INFO] Started server process [314]
[2026-03-28 15:14:30 +0000] [314] [INFO] Waiting for application startup.
[2026-03-28 15:14:30 +0000] [314] [INFO] Application startup complete.
[2026-03-28 15:14:30 +0000] [323] [INFO] Booting worker with pid: 323
[2026-03-28 15:14:30 +0000] [325] [INFO] Booting worker with pid: 325
[2026-03-28 15:14:30 +0000] [317] [INFO] Started server process [317]
[2026-03-28 15:14:30 +0000] [317] [INFO] Waiting for application startup.
[2026-03-28 15:14:30 +0000] [317] [INFO] Application startup complete.
[2026-03-28 15:14:30 +0000] [318] [INFO] Started server process [318]
[2026-03-28 15:14:30 +0000] [318] [INFO] Waiting for application startup.
[2026-03-28 15:14:30 +0000] [318] [INFO] Application startup complete.
[2026-03-28 15:14:30 +0000] [327] [INFO] Booting worker with pid: 327
[2026-03-28 15:14:30 +0000] [320] [INFO] Started server process [320]
[2026-03-28 15:14:30 +0000] [320] [INFO] Waiting for application startup.
[2026-03-28 15:14:30 +0000] [320] [INFO] Application startup complete.
[2026-03-28 15:14:30 +0000] [330] [INFO] Booting worker with pid: 330
[2026-03-28 15:14:30 +0000] [321] [INFO] Started server process [321]
[2026-03-28 15:14:30 +0000] [321] [INFO] Waiting for application startup.
[2026-03-28 15:14:30 +0000] [321] [INFO] Application startup complete.
[2026-03-28 15:14:30 +0000] [331] [INFO] Booting worker with pid: 331
[2026-03-28 15:14:30 +0000] [333] [INFO] Booting worker with pid: 333
[2026-03-28 15:14:30 +0000] [323] [INFO] Started server process [323]
[2026-03-28 15:14:30 +0000] [323] [INFO] Waiting for application startup.
[2026-03-28 15:14:30 +0000] [323] [INFO] Application startup complete.
[2026-03-28 15:14:30 +0000] [325] [INFO] Started server process [325]
[2026-03-28 15:14:30 +0000] [325] [INFO] Waiting for application startup.
[2026-03-28 15:14:30 +0000] [325] [INFO] Application startup complete.
[2026-03-28 15:14:30 +0000] [335] [INFO] Booting worker with pid: 335
[2026-03-28 15:14:30 +0000] [327] [INFO] Started server process [327]
[2026-03-28 15:14:30 +0000] [327] [INFO] Waiting for application startup.
[2026-03-28 15:14:30 +0000] [327] [INFO] Application startup complete.
[2026-03-28 15:14:30 +0000] [337] [INFO] Booting worker with pid: 337
[2026-03-28 15:14:30 +0000] [330] [INFO] Started server process [330]
[2026-03-28 15:14:30 +0000] [330] [INFO] Waiting for application startup.
[2026-03-28 15:14:30 +0000] [330] [INFO] Application startup complete.
[2026-03-28 15:14:30 +0000] [331] [INFO] Started server process [331]
[2026-03-28 15:14:30 +0000] [331] [INFO] Waiting for application startup.
[2026-03-28 15:14:30 +0000] [331] [INFO] Application startup complete.
[2026-03-28 15:14:30 +0000] [340] [INFO] Booting worker with pid: 340
[2026-03-28 15:14:30 +0000] [341] [INFO] Booting worker with pid: 341
[2026-03-28 15:14:30 +0000] [333] [INFO] Started server process [333]
[2026-03-28 15:14:30 +0000] [333] [INFO] Waiting for application startup.
[2026-03-28 15:14:30 +0000] [333] [INFO] Application startup complete.
[2026-03-28 15:14:30 +0000] [343] [INFO] Booting worker with pid: 343
[2026-03-28 15:14:30 +0000] [344] [INFO] Booting worker with pid: 344
[2026-03-28 15:14:30 +0000] [345] [INFO] Booting worker with pid: 345
[2026-03-28 15:14:31 +0000] [346] [INFO] Booting worker with pid: 346
[2026-03-28 15:14:31 +0000] [337] [INFO] Started server process [337]
[2026-03-28 15:14:31 +0000] [337] [INFO] Waiting for application startup.
[2026-03-28 15:14:31 +0000] [337] [INFO] Application startup complete.
[2026-03-28 15:14:31 +0000] [348] [INFO] Booting worker with pid: 348
[2026-03-28 15:14:31 +0000] [349] [INFO] Booting worker with pid: 349
[2026-03-28 15:14:31 +0000] [340] [INFO] Started server process [340]
[2026-03-28 15:14:31 +0000] [340] [INFO] Waiting for application startup.
[2026-03-28 15:14:31 +0000] [340] [INFO] Application startup complete.
[2026-03-28 15:14:31 +0000] [351] [INFO] Booting worker with pid: 351
[2026-03-28 15:14:31 +0000] [353] [INFO] Booting worker with pid: 353
[2026-03-28 15:14:31 +0000] [341] [INFO] Started server process [341]
[2026-03-28 15:14:31 +0000] [341] [INFO] Waiting for application startup.
[2026-03-28 15:14:31 +0000] [341] [INFO] Application startup complete.
[2026-03-28 15:14:31 +0000] [354] [INFO] Booting worker with pid: 354
[2026-03-28 15:14:31 +0000] [344] [INFO] Started server process [344]
[2026-03-28 15:14:31 +0000] [344] [INFO] Waiting for application startup.
[2026-03-28 15:14:31 +0000] [344] [INFO] Application startup complete.
[2026-03-28 15:14:31 +0000] [345] [INFO] Started server process [345]
[2026-03-28 15:14:31 +0000] [345] [INFO] Waiting for application startup.
[2026-03-28 15:14:31 +0000] [345] [INFO] Application startup complete.
[2026-03-28 15:14:31 +0000] [357] [INFO] Booting worker with pid: 357
[2026-03-28 15:14:31 +0000] [359] [INFO] Booting worker with pid: 359
[2026-03-28 15:14:31 +0000] [343] [INFO] Started server process [343]
[2026-03-28 15:14:31 +0000] [343] [INFO] Waiting for application startup.
[2026-03-28 15:14:31 +0000] [343] [INFO] Application startup complete.
[2026-03-28 15:14:31 +0000] [360] [INFO] Booting worker with pid: 360
[2026-03-28 15:14:31 +0000] [348] [INFO] Started server process [348]
[2026-03-28 15:14:31 +0000] [348] [INFO] Waiting for application startup.
[2026-03-28 15:14:31 +0000] [348] [INFO] Application startup complete.
[2026-03-28 15:14:31 +0000] [362] [INFO] Booting worker with pid: 362
[2026-03-28 15:14:31 +0000] [363] [INFO] Booting worker with pid: 363
[2026-03-28 15:14:31 +0000] [364] [INFO] Booting worker with pid: 364
[2026-03-28 15:14:31 +0000] [366] [INFO] Booting worker with pid: 366
[2026-03-28 15:14:31 +0000] [349] [INFO] Started server process [349]
[2026-03-28 15:14:31 +0000] [349] [INFO] Waiting for application startup.
[2026-03-28 15:14:31 +0000] [349] [INFO] Application startup complete.
[2026-03-28 15:14:32 +0000] [368] [INFO] Booting worker with pid: 368
[2026-03-28 15:14:32 +0000] [354] [INFO] Started server process [354]
[2026-03-28 15:14:32 +0000] [354] [INFO] Waiting for application startup.
[2026-03-28 15:14:32 +0000] [354] [INFO] Application startup complete.
[2026-03-28 15:14:32 +0000] [370] [INFO] Booting worker with pid: 370
[2026-03-28 15:14:32 +0000] [335] [INFO] Started server process [335]
[2026-03-28 15:14:32 +0000] [335] [INFO] Waiting for application startup.
[2026-03-28 15:14:32 +0000] [335] [INFO] Application startup complete.
[2026-03-28 15:14:32 +0000] [371] [INFO] Booting worker with pid: 371
[2026-03-28 15:14:32 +0000] [359] [INFO] Started server process [359]
[2026-03-28 15:14:32 +0000] [359] [INFO] Waiting for application startup.
[2026-03-28 15:14:32 +0000] [359] [INFO] Application startup complete.
[2026-03-28 15:14:32 +0000] [375] [INFO] Booting worker with pid: 375
[2026-03-28 15:14:32 +0000] [353] [INFO] Started server process [353]
[2026-03-28 15:14:32 +0000] [353] [INFO] Waiting for application startup.
[2026-03-28 15:14:32 +0000] [353] [INFO] Application startup complete.
[2026-03-28 15:14:32 +0000] [346] [INFO] Started server process [346]
[2026-03-28 15:14:32 +0000] [346] [INFO] Waiting for application startup.
[2026-03-28 15:14:32 +0000] [346] [INFO] Application startup complete.
[2026-03-28 15:14:32 +0000] [376] [INFO] Booting worker with pid: 376
[2026-03-28 15:14:32 +0000] [378] [INFO] Booting worker with pid: 378
[2026-03-28 15:14:32 +0000] [360] [INFO] Started server process [360]
[2026-03-28 15:14:32 +0000] [360] [INFO] Waiting for application startup.
[2026-03-28 15:14:32 +0000] [360] [INFO] Application startup complete.
[2026-03-28 15:14:32 +0000] [363] [INFO] Started server process [363]
[2026-03-28 15:14:32 +0000] [363] [INFO] Waiting for application startup.
[2026-03-28 15:14:32 +0000] [363] [INFO] Application startup complete.
[2026-03-28 15:14:32 +0000] [380] [INFO] Booting worker with pid: 380
[2026-03-28 15:14:32 +0000] [357] [INFO] Started server process [357]
[2026-03-28 15:14:32 +0000] [357] [INFO] Waiting for application startup.
[2026-03-28 15:14:32 +0000] [357] [INFO] Application startup complete.
[2026-03-28 15:14:32 +0000] [383] [INFO] Booting worker with pid: 383
[2026-03-28 15:14:32 +0000] [351] [INFO] Started server process [351]
[2026-03-28 15:14:32 +0000] [351] [INFO] Waiting for application startup.
[2026-03-28 15:14:32 +0000] [351] [INFO] Application startup complete.
[2026-03-28 15:14:32 +0000] [384] [INFO] Booting worker with pid: 384
[2026-03-28 15:14:32 +0000] [385] [INFO] Booting worker with pid: 385
[2026-03-28 15:14:32 +0000] [386] [INFO] Booting worker with pid: 386
[2026-03-28 15:14:32 +0000] [388] [INFO] Booting worker with pid: 388
[2026-03-28 15:14:32 +0000] [366] [INFO] Started server process [366]
[2026-03-28 15:14:32 +0000] [366] [INFO] Waiting for application startup.
[2026-03-28 15:14:32 +0000] [366] [INFO] Application startup complete.
[2026-03-28 15:14:32 +0000] [368] [INFO] Started server process [368]
[2026-03-28 15:14:32 +0000] [368] [INFO] Waiting for application startup.
[2026-03-28 15:14:32 +0000] [368] [INFO] Application startup complete.
[2026-03-28 15:14:32 +0000] [391] [INFO] Booting worker with pid: 391
[2026-03-28 15:14:32 +0000] [370] [INFO] Started server process [370]
[2026-03-28 15:14:32 +0000] [370] [INFO] Waiting for application startup.
[2026-03-28 15:14:32 +0000] [370] [INFO] Application startup complete.
[2026-03-28 15:14:32 +0000] [375] [INFO] Started server process [375]
[2026-03-28 15:14:32 +0000] [375] [INFO] Waiting for application startup.
[2026-03-28 15:14:32 +0000] [375] [INFO] Application startup complete.
[2026-03-28 15:14:32 +0000] [394] [INFO] Booting worker with pid: 394
[2026-03-28 15:14:32 +0000] [364] [INFO] Started server process [364]
[2026-03-28 15:14:32 +0000] [364] [INFO] Waiting for application startup.
[2026-03-28 15:14:32 +0000] [364] [INFO] Application startup complete.
[2026-03-28 15:14:32 +0000] [376] [INFO] Started server process [376]
[2026-03-28 15:14:32 +0000] [376] [INFO] Waiting for application startup.
[2026-03-28 15:14:32 +0000] [376] [INFO] Application startup complete.
[2026-03-28 15:14:32 +0000] [396] [INFO] Booting worker with pid: 396
[2026-03-28 15:14:32 +0000] [362] [INFO] Started server process [362]
[2026-03-28 15:14:32 +0000] [362] [INFO] Waiting for application startup.
[2026-03-28 15:14:32 +0000] [362] [INFO] Application startup complete.
[2026-03-28 15:14:32 +0000] [398] [INFO] Booting worker with pid: 398
[2026-03-28 15:14:32 +0000] [380] [INFO] Started server process [380]
[2026-03-28 15:14:32 +0000] [380] [INFO] Waiting for application startup.
[2026-03-28 15:14:32 +0000] [380] [INFO] Application startup complete.
[2026-03-28 15:14:33 +0000] [400] [INFO] Booting worker with pid: 400
[2026-03-28 15:14:33 +0000] [401] [INFO] Booting worker with pid: 401
[2026-03-28 15:14:33 +0000] [402] [INFO] Booting worker with pid: 402
[2026-03-28 15:14:33 +0000] [403] [INFO] Booting worker with pid: 403
[2026-03-28 15:14:33 +0000] [404] [INFO] Booting worker with pid: 404
[2026-03-28 15:14:33 +0000] [405] [INFO] Booting worker with pid: 405
[2026-03-28 15:14:33 +0000] [407] [INFO] Booting worker with pid: 407
[2026-03-28 15:14:33 +0000] [378] [INFO] Started server process [378]
[2026-03-28 15:14:33 +0000] [378] [INFO] Waiting for application startup.
[2026-03-28 15:14:33 +0000] [378] [INFO] Application startup complete.
[2026-03-28 15:14:33 +0000] [410] [INFO] Booting worker with pid: 410
[2026-03-28 15:14:33 +0000] [394] [INFO] Started server process [394]
[2026-03-28 15:14:33 +0000] [394] [INFO] Waiting for application startup.
[2026-03-28 15:14:33 +0000] [394] [INFO] Application startup complete.
[2026-03-28 15:14:33 +0000] [388] [INFO] Started server process [388]
[2026-03-28 15:14:33 +0000] [388] [INFO] Waiting for application startup.
[2026-03-28 15:14:33 +0000] [388] [INFO] Application startup complete.
[2026-03-28 15:14:33 +0000] [411] [INFO] Booting worker with pid: 411
[2026-03-28 15:14:33 +0000] [412] [INFO] Booting worker with pid: 412
[2026-03-28 15:14:33 +0000] [391] [INFO] Started server process [391]
[2026-03-28 15:14:33 +0000] [391] [INFO] Waiting for application startup.
[2026-03-28 15:14:33 +0000] [391] [INFO] Application startup complete.
[2026-03-28 15:14:33 +0000] [414] [INFO] Booting worker with pid: 414
[2026-03-28 15:14:33 +0000] [416] [INFO] Booting worker with pid: 416
[2026-03-28 15:14:33 +0000] [386] [INFO] Started server process [386]
[2026-03-28 15:14:33 +0000] [386] [INFO] Waiting for application startup.
[2026-03-28 15:14:33 +0000] [386] [INFO] Application startup complete.
[2026-03-28 15:14:33 +0000] [417] [INFO] Booting worker with pid: 417
[2026-03-28 15:14:33 +0000] [419] [INFO] Booting worker with pid: 419
[2026-03-28 15:14:33 +0000] [402] [INFO] Started server process [402]
[2026-03-28 15:14:33 +0000] [402] [INFO] Waiting for application startup.
[2026-03-28 15:14:33 +0000] [402] [INFO] Application startup complete.
[2026-03-28 15:14:33 +0000] [404] [INFO] Started server process [404]
[2026-03-28 15:14:33 +0000] [404] [INFO] Waiting for application startup.
[2026-03-28 15:14:33 +0000] [404] [INFO] Application startup complete.
[2026-03-28 15:14:33 +0000] [403] [INFO] Started server process [403]
[2026-03-28 15:14:33 +0000] [403] [INFO] Waiting for application startup.
[2026-03-28 15:14:33 +0000] [403] [INFO] Application startup complete.
[2026-03-28 15:14:33 +0000] [422] [INFO] Booting worker with pid: 422
[2026-03-28 15:14:33 +0000] [423] [INFO] Booting worker with pid: 423
[2026-03-28 15:14:33 +0000] [425] [INFO] Booting worker with pid: 425
[2026-03-28 15:14:33 +0000] [371] [INFO] Started server process [371]
[2026-03-28 15:14:33 +0000] [371] [INFO] Waiting for application startup.
[2026-03-28 15:14:33 +0000] [371] [INFO] Application startup complete.
[2026-03-28 15:14:33 +0000] [427] [INFO] Booting worker with pid: 427
[2026-03-28 15:14:33 +0000] [410] [INFO] Started server process [410]
[2026-03-28 15:14:33 +0000] [410] [INFO] Waiting for application startup.
[2026-03-28 15:14:33 +0000] [410] [INFO] Application startup complete.
[2026-03-28 15:14:33 +0000] [401] [INFO] Started server process [401]
[2026-03-28 15:14:33 +0000] [401] [INFO] Waiting for application startup.
[2026-03-28 15:14:33 +0000] [401] [INFO] Application startup complete.
[2026-03-28 15:14:33 +0000] [411] [INFO] Started server process [411]
[2026-03-28 15:14:33 +0000] [411] [INFO] Waiting for application startup.
[2026-03-28 15:14:33 +0000] [411] [INFO] Application startup complete.
[2026-03-28 15:14:33 +0000] [431] [INFO] Booting worker with pid: 431
[2026-03-28 15:14:33 +0000] [384] [INFO] Started server process [384]
[2026-03-28 15:14:33 +0000] [384] [INFO] Waiting for application startup.
[2026-03-28 15:14:33 +0000] [384] [INFO] Application startup complete.
[2026-03-28 15:14:34 +0000] [432] [INFO] Booting worker with pid: 432
[2026-03-28 15:14:34 +0000] [385] [INFO] Started server process [385]
[2026-03-28 15:14:34 +0000] [385] [INFO] Waiting for application startup.
[2026-03-28 15:14:34 +0000] [385] [INFO] Application startup complete.
[2026-03-28 15:14:34 +0000] [435] [INFO] Booting worker with pid: 435
[2026-03-28 15:14:34 +0000] [383] [INFO] Started server process [383]
[2026-03-28 15:14:34 +0000] [383] [INFO] Waiting for application startup.
[2026-03-28 15:14:34 +0000] [383] [INFO] Application startup complete.
[2026-03-28 15:14:34 +0000] [436] [INFO] Booting worker with pid: 436
[2026-03-28 15:14:34 +0000] [414] [INFO] Started server process [414]
[2026-03-28 15:14:34 +0000] [414] [INFO] Waiting for application startup.
[2026-03-28 15:14:34 +0000] [414] [INFO] Application startup complete.
[2026-03-28 15:14:34 +0000] [439] [INFO] Booting worker with pid: 439
[2026-03-28 15:14:34 +0000] [440] [INFO] Booting worker with pid: 440
[2026-03-28 15:14:34 +0000] [441] [INFO] Booting worker with pid: 441
[2026-03-28 15:14:34 +0000] [398] [INFO] Started server process [398]
[2026-03-28 15:14:34 +0000] [398] [INFO] Waiting for application startup.
[2026-03-28 15:14:34 +0000] [398] [INFO] Application startup complete.
[2026-03-28 15:14:34 +0000] [443] [INFO] Booting worker with pid: 443
[2026-03-28 15:14:34 +0000] [407] [INFO] Started server process [407]
[2026-03-28 15:14:34 +0000] [407] [INFO] Waiting for application startup.
[2026-03-28 15:14:34 +0000] [407] [INFO] Application startup complete.
[2026-03-28 15:14:34 +0000] [444] [INFO] Booting worker with pid: 444
[2026-03-28 15:14:34 +0000] [425] [INFO] Started server process [425]
[2026-03-28 15:14:34 +0000] [425] [INFO] Waiting for application startup.
[2026-03-28 15:14:34 +0000] [425] [INFO] Application startup complete.
[2026-03-28 15:14:34 +0000] [447] [INFO] Booting worker with pid: 447
[2026-03-28 15:14:34 +0000] [448] [INFO] Booting worker with pid: 448
[2026-03-28 15:14:34 +0000] [412] [INFO] Started server process [412]
[2026-03-28 15:14:34 +0000] [412] [INFO] Waiting for application startup.
[2026-03-28 15:14:34 +0000] [412] [INFO] Application startup complete.
[2026-03-28 15:14:34 +0000] [396] [INFO] Started server process [396]
[2026-03-28 15:14:34 +0000] [396] [INFO] Waiting for application startup.
[2026-03-28 15:14:34 +0000] [396] [INFO] Application startup complete.
[2026-03-28 15:14:34 +0000] [450] [INFO] Booting worker with pid: 450
[2026-03-28 15:14:34 +0000] [405] [INFO] Started server process [405]
[2026-03-28 15:14:34 +0000] [405] [INFO] Waiting for application startup.
[2026-03-28 15:14:34 +0000] [405] [INFO] Application startup complete.
[2026-03-28 15:14:34 +0000] [453] [INFO] Booting worker with pid: 453
[2026-03-28 15:14:34 +0000] [435] [INFO] Started server process [435]
[2026-03-28 15:14:34 +0000] [435] [INFO] Waiting for application startup.
[2026-03-28 15:14:34 +0000] [435] [INFO] Application startup complete.
[2026-03-28 15:14:34 +0000] [432] [INFO] Started server process [432]
[2026-03-28 15:14:34 +0000] [432] [INFO] Waiting for application startup.
[2026-03-28 15:14:34 +0000] [432] [INFO] Application startup complete.
[2026-03-28 15:14:34 +0000] [457] [INFO] Booting worker with pid: 457
[2026-03-28 15:14:34 +0000] [417] [INFO] Started server process [417]
[2026-03-28 15:14:34 +0000] [417] [INFO] Waiting for application startup.
[2026-03-28 15:14:34 +0000] [417] [INFO] Application startup complete.
[2026-03-28 15:14:34 +0000] [419] [INFO] Started server process [419]
[2026-03-28 15:14:34 +0000] [419] [INFO] Waiting for application startup.
[2026-03-28 15:14:34 +0000] [419] [INFO] Application startup complete.
[2026-03-28 15:14:34 +0000] [436] [INFO] Started server process [436]
[2026-03-28 15:14:34 +0000] [436] [INFO] Waiting for application startup.
[2026-03-28 15:14:34 +0000] [436] [INFO] Application startup complete.
[2026-03-28 15:14:34 +0000] [416] [INFO] Started server process [416]
[2026-03-28 15:14:34 +0000] [416] [INFO] Waiting for application startup.
[2026-03-28 15:14:34 +0000] [416] [INFO] Application startup complete.
[2026-03-28 15:14:34 +0000] [461] [INFO] Booting worker with pid: 461
[2026-03-28 15:14:34 +0000] [400] [INFO] Started server process [400]
[2026-03-28 15:14:34 +0000] [400] [INFO] Waiting for application startup.
[2026-03-28 15:14:34 +0000] [400] [INFO] Application startup complete.
[2026-03-28 15:14:34 +0000] [440] [INFO] Started server process [440]
[2026-03-28 15:14:34 +0000] [440] [INFO] Waiting for application startup.
[2026-03-28 15:14:34 +0000] [440] [INFO] Application startup complete.
[2026-03-28 15:14:34 +0000] [422] [INFO] Started server process [422]
[2026-03-28 15:14:34 +0000] [422] [INFO] Waiting for application startup.
[2026-03-28 15:14:34 +0000] [422] [INFO] Application startup complete.
[2026-03-28 15:14:34 +0000] [464] [INFO] Booting worker with pid: 464
[2026-03-28 15:14:34 +0000] [468] [INFO] Booting worker with pid: 468
[2026-03-28 15:14:34 +0000] [439] [INFO] Started server process [439]
[2026-03-28 15:14:34 +0000] [439] [INFO] Waiting for application startup.
[2026-03-28 15:14:34 +0000] [427] [INFO] Started server process [427]
[2026-03-28 15:14:34 +0000] [427] [INFO] Waiting for application startup.
[2026-03-28 15:14:34 +0000] [439] [INFO] Application startup complete.
[2026-03-28 15:14:34 +0000] [427] [INFO] Application startup complete.
[2026-03-28 15:14:34 +0000] [431] [INFO] Started server process [431]
[2026-03-28 15:14:34 +0000] [431] [INFO] Waiting for application startup.
[2026-03-28 15:14:34 +0000] [431] [INFO] Application startup complete.
[2026-03-28 15:14:34 +0000] [423] [INFO] Started server process [423]
[2026-03-28 15:14:34 +0000] [423] [INFO] Waiting for application startup.
[2026-03-28 15:14:34 +0000] [423] [INFO] Application startup complete.
[2026-03-28 15:14:34 +0000] [470] [INFO] Booting worker with pid: 470
[2026-03-28 15:14:34 +0000] [441] [INFO] Started server process [441]
[2026-03-28 15:14:34 +0000] [441] [INFO] Waiting for application startup.
[2026-03-28 15:14:34 +0000] [441] [INFO] Application startup complete.
[2026-03-28 15:14:35 +0000] [444] [INFO] Started server process [444]
[2026-03-28 15:14:35 +0000] [444] [INFO] Waiting for application startup.
[2026-03-28 15:14:35 +0000] [444] [INFO] Application startup complete.
[2026-03-28 15:14:35 +0000] [448] [INFO] Started server process [448]
[2026-03-28 15:14:35 +0000] [448] [INFO] Waiting for application startup.
[2026-03-28 15:14:35 +0000] [448] [INFO] Application startup complete.
[2026-03-28 15:14:35 +0000] [476] [INFO] Booting worker with pid: 476
[2026-03-28 15:14:35 +0000] [443] [INFO] Started server process [443]
[2026-03-28 15:14:35 +0000] [443] [INFO] Waiting for application startup.
[2026-03-28 15:14:35 +0000] [443] [INFO] Application startup complete.
[2026-03-28 15:14:35 +0000] [450] [INFO] Started server process [450]
[2026-03-28 15:14:35 +0000] [450] [INFO] Waiting for application startup.
[2026-03-28 15:14:35 +0000] [450] [INFO] Application startup complete.
[2026-03-28 15:14:35 +0000] [478] [INFO] Booting worker with pid: 478
[2026-03-28 15:14:35 +0000] [447] [INFO] Started server process [447]
[2026-03-28 15:14:35 +0000] [447] [INFO] Waiting for application startup.
[2026-03-28 15:14:35 +0000] [447] [INFO] Application startup complete.
[2026-03-28 15:14:35 +0000] [457] [INFO] Started server process [457]
[2026-03-28 15:14:35 +0000] [457] [INFO] Waiting for application startup.
[2026-03-28 15:14:35 +0000] [457] [INFO] Application startup complete.
[2026-03-28 15:14:35 +0000] [453] [INFO] Started server process [453]
[2026-03-28 15:14:35 +0000] [453] [INFO] Waiting for application startup.
[2026-03-28 15:14:35 +0000] [453] [INFO] Application startup complete.
[2026-03-28 15:14:35 +0000] [481] [INFO] Booting worker with pid: 481
[2026-03-28 15:14:35 +0000] [461] [INFO] Started server process [461]
[2026-03-28 15:14:35 +0000] [461] [INFO] Waiting for application startup.
[2026-03-28 15:14:35 +0000] [461] [INFO] Application startup complete.
[2026-03-28 15:14:35 +0000] [484] [INFO] Booting worker with pid: 484
[2026-03-28 15:14:35 +0000] [464] [INFO] Started server process [464]
[2026-03-28 15:14:35 +0000] [464] [INFO] Waiting for application startup.
[2026-03-28 15:14:35 +0000] [464] [INFO] Application startup complete.
[2026-03-28 15:14:35 +0000] [485] [INFO] Booting worker with pid: 485
[2026-03-28 15:14:35 +0000] [468] [INFO] Started server process [468]
[2026-03-28 15:14:35 +0000] [468] [INFO] Waiting for application startup.
[2026-03-28 15:14:35 +0000] [468] [INFO] Application startup complete.
[2026-03-28 15:14:35 +0000] [470] [INFO] Started server process [470]
[2026-03-28 15:14:35 +0000] [470] [INFO] Waiting for application startup.
[2026-03-28 15:14:35 +0000] [470] [INFO] Application startup complete.
[2026-03-28 15:14:35 +0000] [488] [INFO] Booting worker with pid: 488
[2026-03-28 15:14:35 +0000] [489] [INFO] Booting worker with pid: 489
[2026-03-28 15:14:35 +0000] [490] [INFO] Booting worker with pid: 490
[2026-03-28 15:14:35 +0000] [492] [INFO] Booting worker with pid: 492
[2026-03-28 15:14:35 +0000] [476] [INFO] Started server process [476]
[2026-03-28 15:14:35 +0000] [476] [INFO] Waiting for application startup.
[2026-03-28 15:14:35 +0000] [476] [INFO] Application startup complete.
[2026-03-28 15:14:35 +0000] [478] [INFO] Started server process [478]
[2026-03-28 15:14:35 +0000] [478] [INFO] Waiting for application startup.
[2026-03-28 15:14:35 +0000] [478] [INFO] Application startup complete.
[2026-03-28 15:14:35 +0000] [481] [INFO] Started server process [481]
[2026-03-28 15:14:35 +0000] [481] [INFO] Waiting for application startup.
[2026-03-28 15:14:35 +0000] [481] [INFO] Application startup complete.
[2026-03-28 15:14:35 +0000] [495] [INFO] Booting worker with pid: 495
[2026-03-28 15:14:35 +0000] [484] [INFO] Started server process [484]
[2026-03-28 15:14:35 +0000] [484] [INFO] Waiting for application startup.
[2026-03-28 15:14:35 +0000] [484] [INFO] Application startup complete.
[2026-03-28 15:14:35 +0000] [485] [INFO] Started server process [485]
[2026-03-28 15:14:35 +0000] [485] [INFO] Waiting for application startup.
[2026-03-28 15:14:35 +0000] [485] [INFO] Application startup complete.
[2026-03-28 15:14:35 +0000] [498] [INFO] Booting worker with pid: 498
[2026-03-28 15:14:35 +0000] [488] [INFO] Started server process [488]
[2026-03-28 15:14:35 +0000] [488] [INFO] Waiting for application startup.
[2026-03-28 15:14:35 +0000] [488] [INFO] Application startup complete.
[2026-03-28 15:14:35 +0000] [501] [INFO] Booting worker with pid: 501
[2026-03-28 15:14:35 +0000] [489] [INFO] Started server process [489]
[2026-03-28 15:14:35 +0000] [489] [INFO] Waiting for application startup.
[2026-03-28 15:14:35 +0000] [489] [INFO] Application startup complete.
[2026-03-28 15:14:35 +0000] [504] [INFO] Booting worker with pid: 504
[2026-03-28 15:14:35 +0000] [490] [INFO] Started server process [490]
[2026-03-28 15:14:35 +0000] [490] [INFO] Waiting for application startup.
[2026-03-28 15:14:35 +0000] [490] [INFO] Application startup complete.
[2026-03-28 15:14:35 +0000] [492] [INFO] Started server process [492]
[2026-03-28 15:14:35 +0000] [492] [INFO] Waiting for application startup.
[2026-03-28 15:14:35 +0000] [492] [INFO] Application startup complete.
[2026-03-28 15:14:35 +0000] [505] [INFO] Booting worker with pid: 505
[2026-03-28 15:14:35 +0000] [495] [INFO] Started server process [495]
[2026-03-28 15:14:35 +0000] [495] [INFO] Waiting for application startup.
[2026-03-28 15:14:35 +0000] [495] [INFO] Application startup complete.
[2026-03-28 15:14:35 +0000] [507] [INFO] Booting worker with pid: 507
[2026-03-28 15:14:35 +0000] [508] [INFO] Booting worker with pid: 508
[2026-03-28 15:14:35 +0000] [509] [INFO] Booting worker with pid: 509
[2026-03-28 15:14:35 +0000] [498] [INFO] Started server process [498]
[2026-03-28 15:14:35 +0000] [498] [INFO] Waiting for application startup.
[2026-03-28 15:14:35 +0000] [498] [INFO] Application startup complete.
[2026-03-28 15:14:35 +0000] [511] [INFO] Booting worker with pid: 511
[2026-03-28 15:14:35 +0000] [501] [INFO] Started server process [501]
[2026-03-28 15:14:35 +0000] [501] [INFO] Waiting for application startup.
[2026-03-28 15:14:35 +0000] [501] [INFO] Application startup complete.
[2026-03-28 15:14:35 +0000] [504] [INFO] Started server process [504]
[2026-03-28 15:14:35 +0000] [504] [INFO] Waiting for application startup.
[2026-03-28 15:14:35 +0000] [504] [INFO] Application startup complete.
[2026-03-28 15:14:35 +0000] [505] [INFO] Started server process [505]
[2026-03-28 15:14:35 +0000] [505] [INFO] Waiting for application startup.
[2026-03-28 15:14:35 +0000] [505] [INFO] Application startup complete.
[2026-03-28 15:14:35 +0000] [507] [INFO] Started server process [507]
[2026-03-28 15:14:35 +0000] [507] [INFO] Waiting for application startup.
[2026-03-28 15:14:35 +0000] [507] [INFO] Application startup complete.
[2026-03-28 15:14:36 +0000] [508] [INFO] Started server process [508]
[2026-03-28 15:14:36 +0000] [508] [INFO] Waiting for application startup.
[2026-03-28 15:14:36 +0000] [508] [INFO] Application startup complete.
[2026-03-28 15:14:36 +0000] [509] [INFO] Started server process [509]
[2026-03-28 15:14:36 +0000] [509] [INFO] Waiting for application startup.
[2026-03-28 15:14:36 +0000] [509] [INFO] Application startup complete.
[2026-03-28 15:14:36 +0000] [511] [INFO] Started server process [511]
[2026-03-28 15:14:36 +0000] [511] [INFO] Waiting for application startup.
[2026-03-28 15:14:36 +0000] [511] [INFO] Application startup complete.
