[1] Puma starting in cluster mode...
[1] * Puma version: 7.2.0 ("On The Corner")
[1] * Ruby version: ruby 4.0.2 (2026-03-17 revision d3da9fec82) +YJIT +MN +PRISM [x86_64-linux]
[1] *  Min threads: 4
[1] *  Max threads: 4
[1] *  Environment: production
[1] *   Master PID: 1
[1] *      Workers: 128
[1] *     Restarts: (✔) hot (✖) phased (✖) refork
[1] * Preloading application
[1] * Listening on http://0.0.0.0:8080
[1] Use Ctrl-C to stop
[1] ! WARNING: Detected `RUBY_MN_THREADS=1`
[1] ! This setting is known to cause performance regressions with Puma.
[1] ! Consider disabling this environment variable: https://github.com/puma/puma/issues/3720
[1] - Worker 0 (PID: 8) booted in 0.24s, phase: 0
[1] - Worker 1 (PID: 12) booted in 0.24s, phase: 0
[1] - Worker 2 (PID: 16) booted in 0.24s, phase: 0
[1] - Worker 3 (PID: 20) booted in 0.24s, phase: 0
[1] - Worker 4 (PID: 24) booted in 0.23s, phase: 0
[1] - Worker 5 (PID: 28) booted in 0.23s, phase: 0
[1] - Worker 6 (PID: 32) booted in 0.23s, phase: 0
[1] - Worker 7 (PID: 37) booted in 0.23s, phase: 0
[1] - Worker 8 (PID: 42) booted in 0.23s, phase: 0
[1] - Worker 9 (PID: 47) booted in 0.23s, phase: 0
[1] - Worker 10 (PID: 52) booted in 0.23s, phase: 0
[1] - Worker 11 (PID: 57) booted in 0.22s, phase: 0
[1] - Worker 12 (PID: 62) booted in 0.22s, phase: 0
[1] - Worker 13 (PID: 68) booted in 0.22s, phase: 0
[1] - Worker 14 (PID: 78) booted in 0.22s, phase: 0
[1] - Worker 15 (PID: 84) booted in 0.22s, phase: 0
[1] - Worker 16 (PID: 90) booted in 0.23s, phase: 0
[1] - Worker 17 (PID: 96) booted in 0.22s, phase: 0
[1] - Worker 18 (PID: 102) booted in 0.22s, phase: 0
[1] - Worker 19 (PID: 107) booted in 0.22s, phase: 0
[1] - Worker 20 (PID: 112) booted in 0.22s, phase: 0
[1] - Worker 21 (PID: 118) booted in 0.22s, phase: 0
[1] - Worker 22 (PID: 124) booted in 0.22s, phase: 0
[1] - Worker 23 (PID: 130) booted in 0.22s, phase: 0
[1] - Worker 24 (PID: 136) booted in 0.22s, phase: 0
[1] - Worker 25 (PID: 141) booted in 0.22s, phase: 0
[1] - Worker 26 (PID: 146) booted in 0.22s, phase: 0
[1] - Worker 27 (PID: 152) booted in 0.21s, phase: 0
[1] - Worker 28 (PID: 158) booted in 0.21s, phase: 0
[1] - Worker 29 (PID: 168) booted in 0.21s, phase: 0
[1] - Worker 30 (PID: 178) booted in 0.21s, phase: 0
[1] - Worker 31 (PID: 183) booted in 0.21s, phase: 0
[1] - Worker 32 (PID: 188) booted in 0.2s, phase: 0
[1] - Worker 33 (PID: 193) booted in 0.2s, phase: 0
[1] - Worker 34 (PID: 199) booted in 0.2s, phase: 0
[1] - Worker 35 (PID: 204) booted in 0.2s, phase: 0
[1] - Worker 36 (PID: 209) booted in 0.2s, phase: 0
[1] - Worker 37 (PID: 214) booted in 0.2s, phase: 0
[1] - Worker 38 (PID: 219) booted in 0.2s, phase: 0
[1] - Worker 39 (PID: 224) booted in 0.19s, phase: 0
[1] - Worker 40 (PID: 230) booted in 0.19s, phase: 0
[1] - Worker 41 (PID: 235) booted in 0.19s, phase: 0
[1] - Worker 42 (PID: 240) booted in 0.19s, phase: 0
[1] - Worker 43 (PID: 246) booted in 0.19s, phase: 0
[1] - Worker 44 (PID: 251) booted in 0.19s, phase: 0
[1] - Worker 45 (PID: 257) booted in 0.19s, phase: 0
[1] - Worker 46 (PID: 264) booted in 0.18s, phase: 0
[1] - Worker 47 (PID: 269) booted in 0.18s, phase: 0
[1] - Worker 48 (PID: 276) booted in 0.18s, phase: 0
[1] - Worker 49 (PID: 282) booted in 0.18s, phase: 0
[1] - Worker 50 (PID: 288) booted in 0.18s, phase: 0
[1] - Worker 51 (PID: 293) booted in 0.18s, phase: 0
[1] - Worker 52 (PID: 299) booted in 0.17s, phase: 0
[1] - Worker 53 (PID: 305) booted in 0.17s, phase: 0
[1] - Worker 54 (PID: 313) booted in 0.17s, phase: 0
[1] - Worker 55 (PID: 319) booted in 0.17s, phase: 0
[1] - Worker 56 (PID: 325) booted in 0.17s, phase: 0
[1] - Worker 57 (PID: 331) booted in 0.17s, phase: 0
[1] - Worker 58 (PID: 337) booted in 0.16s, phase: 0
[1] - Worker 59 (PID: 343) booted in 0.16s, phase: 0
[1] - Worker 60 (PID: 349) booted in 0.16s, phase: 0
[1] - Worker 61 (PID: 354) booted in 0.16s, phase: 0
[1] - Worker 62 (PID: 360) booted in 0.16s, phase: 0
[1] - Worker 63 (PID: 367) booted in 0.16s, phase: 0
[1] - Worker 64 (PID: 372) booted in 0.15s, phase: 0
[1] - Worker 65 (PID: 378) booted in 0.15s, phase: 0
[1] - Worker 66 (PID: 385) booted in 0.15s, phase: 0
[1] - Worker 67 (PID: 391) booted in 0.15s, phase: 0
[1] - Worker 68 (PID: 397) booted in 0.15s, phase: 0
[1] - Worker 69 (PID: 403) booted in 0.15s, phase: 0
[1] - Worker 70 (PID: 409) booted in 0.15s, phase: 0
[1] - Worker 71 (PID: 414) booted in 0.14s, phase: 0
[1] - Worker 72 (PID: 421) booted in 0.14s, phase: 0
[1] - Worker 73 (PID: 426) booted in 0.14s, phase: 0
[1] - Worker 74 (PID: 432) booted in 0.14s, phase: 0
[1] - Worker 75 (PID: 438) booted in 0.14s, phase: 0
[1] - Worker 76 (PID: 444) booted in 0.14s, phase: 0
[1] - Worker 77 (PID: 450) booted in 0.13s, phase: 0
[1] - Worker 78 (PID: 456) booted in 0.13s, phase: 0
[1] - Worker 79 (PID: 463) booted in 0.13s, phase: 0
[1] - Worker 80 (PID: 469) booted in 0.13s, phase: 0
[1] - Worker 81 (PID: 475) booted in 0.13s, phase: 0
[1] - Worker 82 (PID: 481) booted in 0.13s, phase: 0
[1] - Worker 83 (PID: 487) booted in 0.12s, phase: 0
[1] - Worker 84 (PID: 493) booted in 0.12s, phase: 0
[1] - Worker 85 (PID: 499) booted in 0.12s, phase: 0
[1] - Worker 86 (PID: 504) booted in 0.12s, phase: 0
[1] - Worker 87 (PID: 511) booted in 0.12s, phase: 0
[1] - Worker 88 (PID: 516) booted in 0.12s, phase: 0
[1] - Worker 89 (PID: 522) booted in 0.12s, phase: 0
[1] - Worker 90 (PID: 528) booted in 0.11s, phase: 0
[1] - Worker 91 (PID: 534) booted in 0.11s, phase: 0
[1] - Worker 92 (PID: 541) booted in 0.11s, phase: 0
[1] - Worker 93 (PID: 546) booted in 0.11s, phase: 0
[1] - Worker 94 (PID: 553) booted in 0.11s, phase: 0
[1] - Worker 95 (PID: 559) booted in 0.11s, phase: 0
[1] - Worker 96 (PID: 565) booted in 0.1s, phase: 0
[1] - Worker 97 (PID: 571) booted in 0.1s, phase: 0
[1] - Worker 98 (PID: 577) booted in 0.1s, phase: 0
[1] - Worker 99 (PID: 582) booted in 0.1s, phase: 0
[1] - Worker 100 (PID: 589) booted in 0.1s, phase: 0
[1] - Worker 101 (PID: 595) booted in 0.1s, phase: 0
[1] - Worker 102 (PID: 601) booted in 0.09s, phase: 0
[1] - Worker 103 (PID: 607) booted in 0.09s, phase: 0
[1] - Worker 104 (PID: 613) booted in 0.09s, phase: 0
[1] - Worker 105 (PID: 619) booted in 0.09s, phase: 0
[1] - Worker 106 (PID: 625) booted in 0.09s, phase: 0
[1] - Worker 107 (PID: 631) booted in 0.09s, phase: 0
[1] - Worker 108 (PID: 637) booted in 0.09s, phase: 0
[1] - Worker 109 (PID: 643) booted in 0.08s, phase: 0
[1] - Worker 110 (PID: 648) booted in 0.08s, phase: 0
[1] - Worker 111 (PID: 654) booted in 0.08s, phase: 0
[1] - Worker 112 (PID: 660) booted in 0.08s, phase: 0
[1] - Worker 113 (PID: 666) booted in 0.08s, phase: 0
[1] - Worker 114 (PID: 672) booted in 0.08s, phase: 0
[1] - Worker 115 (PID: 678) booted in 0.07s, phase: 0
[1] - Worker 116 (PID: 684) booted in 0.07s, phase: 0
[1] - Worker 117 (PID: 690) booted in 0.07s, phase: 0
[1] - Worker 118 (PID: 695) booted in 0.07s, phase: 0
[1] - Worker 119 (PID: 701) booted in 0.07s, phase: 0
[1] - Worker 120 (PID: 708) booted in 0.07s, phase: 0
[1] - Worker 121 (PID: 713) booted in 0.07s, phase: 0
[1] - Worker 122 (PID: 721) booted in 0.06s, phase: 0
[1] - Worker 123 (PID: 726) booted in 0.06s, phase: 0
[1] - Worker 124 (PID: 732) booted in 0.06s, phase: 0
[1] - Worker 125 (PID: 738) booted in 0.06s, phase: 0
[1] - Worker 126 (PID: 746) booted in 0.06s, phase: 0
[1] - Worker 127 (PID: 752) booted in 0.05s, phase: 0
