[2026-03-28 15:54:30 +0000] [1] [INFO] Starting gunicorn 23.0.0
[2026-03-28 15:54:30 +0000] [1] [INFO] Listening at: http://0.0.0.0:8080 (1)
[2026-03-28 15:54:30 +0000] [1] [INFO] Using worker: uvicorn.workers.UvicornWorker
[2026-03-28 15:54:30 +0000] [7] [INFO] Booting worker with pid: 7
[2026-03-28 15:54:30 +0000] [8] [INFO] Booting worker with pid: 8
[2026-03-28 15:54:31 +0000] [11] [INFO] Booting worker with pid: 11
[2026-03-28 15:54:31 +0000] [8] [INFO] Started server process [8]
[2026-03-28 15:54:31 +0000] [8] [INFO] Waiting for application startup.
[2026-03-28 15:54:31 +0000] [7] [INFO] Started server process [7]
[2026-03-28 15:54:31 +0000] [7] [INFO] Waiting for application startup.
[2026-03-28 15:54:31 +0000] [8] [INFO] Application startup complete.
[2026-03-28 15:54:31 +0000] [7] [INFO] Application startup complete.
[2026-03-28 15:54:31 +0000] [12] [INFO] Booting worker with pid: 12
[2026-03-28 15:54:31 +0000] [11] [INFO] Started server process [11]
[2026-03-28 15:54:31 +0000] [11] [INFO] Waiting for application startup.
[2026-03-28 15:54:31 +0000] [11] [INFO] Application startup complete.
[2026-03-28 15:54:31 +0000] [14] [INFO] Booting worker with pid: 14
[2026-03-28 15:54:31 +0000] [12] [INFO] Started server process [12]
[2026-03-28 15:54:31 +0000] [12] [INFO] Waiting for application startup.
[2026-03-28 15:54:31 +0000] [12] [INFO] Application startup complete.
[2026-03-28 15:54:31 +0000] [14] [INFO] Started server process [14]
[2026-03-28 15:54:31 +0000] [14] [INFO] Waiting for application startup.
[2026-03-28 15:54:31 +0000] [14] [INFO] Application startup complete.
[2026-03-28 15:54:31 +0000] [17] [INFO] Booting worker with pid: 17
[2026-03-28 15:54:31 +0000] [18] [INFO] Booting worker with pid: 18
[2026-03-28 15:54:31 +0000] [20] [INFO] Booting worker with pid: 20
[2026-03-28 15:54:31 +0000] [17] [INFO] Started server process [17]
[2026-03-28 15:54:31 +0000] [17] [INFO] Waiting for application startup.
[2026-03-28 15:54:31 +0000] [17] [INFO] Application startup complete.
[2026-03-28 15:54:31 +0000] [21] [INFO] Booting worker with pid: 21
[2026-03-28 15:54:31 +0000] [18] [INFO] Started server process [18]
[2026-03-28 15:54:31 +0000] [18] [INFO] Waiting for application startup.
[2026-03-28 15:54:31 +0000] [18] [INFO] Application startup complete.
[2026-03-28 15:54:31 +0000] [20] [INFO] Started server process [20]
[2026-03-28 15:54:31 +0000] [20] [INFO] Waiting for application startup.
[2026-03-28 15:54:31 +0000] [20] [INFO] Application startup complete.
[2026-03-28 15:54:31 +0000] [21] [INFO] Started server process [21]
[2026-03-28 15:54:31 +0000] [21] [INFO] Waiting for application startup.
[2026-03-28 15:54:31 +0000] [21] [INFO] Application startup complete.
[2026-03-28 15:54:31 +0000] [25] [INFO] Booting worker with pid: 25
[2026-03-28 15:54:31 +0000] [25] [INFO] Started server process [25]
[2026-03-28 15:54:31 +0000] [25] [INFO] Waiting for application startup.
[2026-03-28 15:54:31 +0000] [25] [INFO] Application startup complete.
[2026-03-28 15:54:31 +0000] [27] [INFO] Booting worker with pid: 27
[2026-03-28 15:54:31 +0000] [27] [INFO] Started server process [27]
[2026-03-28 15:54:31 +0000] [29] [INFO] Booting worker with pid: 29
[2026-03-28 15:54:31 +0000] [27] [INFO] Waiting for application startup.
[2026-03-28 15:54:31 +0000] [27] [INFO] Application startup complete.
[2026-03-28 15:54:31 +0000] [30] [INFO] Booting worker with pid: 30
[2026-03-28 15:54:31 +0000] [32] [INFO] Booting worker with pid: 32
[2026-03-28 15:54:31 +0000] [29] [INFO] Started server process [29]
[2026-03-28 15:54:31 +0000] [29] [INFO] Waiting for application startup.
[2026-03-28 15:54:31 +0000] [29] [INFO] Application startup complete.
[2026-03-28 15:54:31 +0000] [30] [INFO] Started server process [30]
[2026-03-28 15:54:31 +0000] [30] [INFO] Waiting for application startup.
[2026-03-28 15:54:31 +0000] [30] [INFO] Application startup complete.
[2026-03-28 15:54:31 +0000] [32] [INFO] Started server process [32]
[2026-03-28 15:54:31 +0000] [32] [INFO] Waiting for application startup.
[2026-03-28 15:54:31 +0000] [32] [INFO] Application startup complete.
[2026-03-28 15:54:31 +0000] [35] [INFO] Booting worker with pid: 35
[2026-03-28 15:54:31 +0000] [36] [INFO] Booting worker with pid: 36
[2026-03-28 15:54:31 +0000] [35] [INFO] Started server process [35]
[2026-03-28 15:54:31 +0000] [35] [INFO] Waiting for application startup.
[2026-03-28 15:54:31 +0000] [35] [INFO] Application startup complete.
[2026-03-28 15:54:31 +0000] [36] [INFO] Started server process [36]
[2026-03-28 15:54:31 +0000] [36] [INFO] Waiting for application startup.
[2026-03-28 15:54:31 +0000] [36] [INFO] Application startup complete.
[2026-03-28 15:54:31 +0000] [39] [INFO] Booting worker with pid: 39
[2026-03-28 15:54:31 +0000] [40] [INFO] Booting worker with pid: 40
[2026-03-28 15:54:31 +0000] [42] [INFO] Booting worker with pid: 42
[2026-03-28 15:54:31 +0000] [39] [INFO] Started server process [39]
[2026-03-28 15:54:31 +0000] [39] [INFO] Waiting for application startup.
[2026-03-28 15:54:31 +0000] [39] [INFO] Application startup complete.
[2026-03-28 15:54:31 +0000] [43] [INFO] Booting worker with pid: 43
[2026-03-28 15:54:31 +0000] [40] [INFO] Started server process [40]
[2026-03-28 15:54:31 +0000] [40] [INFO] Waiting for application startup.
[2026-03-28 15:54:31 +0000] [40] [INFO] Application startup complete.
[2026-03-28 15:54:32 +0000] [46] [INFO] Booting worker with pid: 46
[2026-03-28 15:54:32 +0000] [42] [INFO] Started server process [42]
[2026-03-28 15:54:32 +0000] [42] [INFO] Waiting for application startup.
[2026-03-28 15:54:32 +0000] [42] [INFO] Application startup complete.
[2026-03-28 15:54:32 +0000] [47] [INFO] Booting worker with pid: 47
[2026-03-28 15:54:32 +0000] [48] [INFO] Booting worker with pid: 48
[2026-03-28 15:54:32 +0000] [43] [INFO] Started server process [43]
[2026-03-28 15:54:32 +0000] [43] [INFO] Waiting for application startup.
[2026-03-28 15:54:32 +0000] [43] [INFO] Application startup complete.
[2026-03-28 15:54:32 +0000] [51] [INFO] Booting worker with pid: 51
[2026-03-28 15:54:32 +0000] [46] [INFO] Started server process [46]
[2026-03-28 15:54:32 +0000] [46] [INFO] Waiting for application startup.
[2026-03-28 15:54:32 +0000] [46] [INFO] Application startup complete.
[2026-03-28 15:54:32 +0000] [47] [INFO] Started server process [47]
[2026-03-28 15:54:32 +0000] [47] [INFO] Waiting for application startup.
[2026-03-28 15:54:32 +0000] [47] [INFO] Application startup complete.
[2026-03-28 15:54:32 +0000] [48] [INFO] Started server process [48]
[2026-03-28 15:54:32 +0000] [48] [INFO] Waiting for application startup.
[2026-03-28 15:54:32 +0000] [48] [INFO] Application startup complete.
[2026-03-28 15:54:32 +0000] [55] [INFO] Booting worker with pid: 55
[2026-03-28 15:54:32 +0000] [51] [INFO] Started server process [51]
[2026-03-28 15:54:32 +0000] [51] [INFO] Waiting for application startup.
[2026-03-28 15:54:32 +0000] [51] [INFO] Application startup complete.
[2026-03-28 15:54:32 +0000] [56] [INFO] Booting worker with pid: 56
[2026-03-28 15:54:32 +0000] [58] [INFO] Booting worker with pid: 58
[2026-03-28 15:54:32 +0000] [55] [INFO] Started server process [55]
[2026-03-28 15:54:32 +0000] [55] [INFO] Waiting for application startup.
[2026-03-28 15:54:32 +0000] [55] [INFO] Application startup complete.
[2026-03-28 15:54:32 +0000] [59] [INFO] Booting worker with pid: 59
[2026-03-28 15:54:32 +0000] [60] [INFO] Booting worker with pid: 60
[2026-03-28 15:54:32 +0000] [56] [INFO] Started server process [56]
[2026-03-28 15:54:32 +0000] [56] [INFO] Waiting for application startup.
[2026-03-28 15:54:32 +0000] [56] [INFO] Application startup complete.
[2026-03-28 15:54:32 +0000] [62] [INFO] Booting worker with pid: 62
[2026-03-28 15:54:32 +0000] [58] [INFO] Started server process [58]
[2026-03-28 15:54:32 +0000] [58] [INFO] Waiting for application startup.
[2026-03-28 15:54:32 +0000] [58] [INFO] Application startup complete.
[2026-03-28 15:54:32 +0000] [59] [INFO] Started server process [59]
[2026-03-28 15:54:32 +0000] [59] [INFO] Waiting for application startup.
[2026-03-28 15:54:32 +0000] [59] [INFO] Application startup complete.
[2026-03-28 15:54:32 +0000] [60] [INFO] Started server process [60]
[2026-03-28 15:54:32 +0000] [60] [INFO] Waiting for application startup.
[2026-03-28 15:54:32 +0000] [60] [INFO] Application startup complete.
[2026-03-28 15:54:32 +0000] [62] [INFO] Started server process [62]
[2026-03-28 15:54:32 +0000] [62] [INFO] Waiting for application startup.
[2026-03-28 15:54:32 +0000] [62] [INFO] Application startup complete.
[2026-03-28 15:54:32 +0000] [67] [INFO] Booting worker with pid: 67
[2026-03-28 15:54:32 +0000] [68] [INFO] Booting worker with pid: 68
[2026-03-28 15:54:32 +0000] [67] [INFO] Started server process [67]
[2026-03-28 15:54:32 +0000] [67] [INFO] Waiting for application startup.
[2026-03-28 15:54:32 +0000] [67] [INFO] Application startup complete.
[2026-03-28 15:54:32 +0000] [70] [INFO] Booting worker with pid: 70
[2026-03-28 15:54:32 +0000] [68] [INFO] Started server process [68]
[2026-03-28 15:54:32 +0000] [68] [INFO] Waiting for application startup.
[2026-03-28 15:54:32 +0000] [72] [INFO] Booting worker with pid: 72
[2026-03-28 15:54:32 +0000] [68] [INFO] Application startup complete.
[2026-03-28 15:54:32 +0000] [73] [INFO] Booting worker with pid: 73
[2026-03-28 15:54:32 +0000] [70] [INFO] Started server process [70]
[2026-03-28 15:54:32 +0000] [70] [INFO] Waiting for application startup.
[2026-03-28 15:54:32 +0000] [70] [INFO] Application startup complete.
[2026-03-28 15:54:32 +0000] [75] [INFO] Booting worker with pid: 75
[2026-03-28 15:54:32 +0000] [77] [INFO] Booting worker with pid: 77
[2026-03-28 15:54:32 +0000] [72] [INFO] Started server process [72]
[2026-03-28 15:54:32 +0000] [72] [INFO] Waiting for application startup.
[2026-03-28 15:54:32 +0000] [72] [INFO] Application startup complete.
[2026-03-28 15:54:32 +0000] [78] [INFO] Booting worker with pid: 78
[2026-03-28 15:54:32 +0000] [73] [INFO] Started server process [73]
[2026-03-28 15:54:32 +0000] [73] [INFO] Waiting for application startup.
[2026-03-28 15:54:32 +0000] [73] [INFO] Application startup complete.
[2026-03-28 15:54:32 +0000] [81] [INFO] Booting worker with pid: 81
[2026-03-28 15:54:32 +0000] [75] [INFO] Started server process [75]
[2026-03-28 15:54:32 +0000] [75] [INFO] Waiting for application startup.
[2026-03-28 15:54:32 +0000] [75] [INFO] Application startup complete.
[2026-03-28 15:54:32 +0000] [77] [INFO] Started server process [77]
[2026-03-28 15:54:32 +0000] [77] [INFO] Waiting for application startup.
[2026-03-28 15:54:32 +0000] [77] [INFO] Application startup complete.
[2026-03-28 15:54:32 +0000] [78] [INFO] Started server process [78]
[2026-03-28 15:54:32 +0000] [78] [INFO] Waiting for application startup.
[2026-03-28 15:54:32 +0000] [78] [INFO] Application startup complete.
[2026-03-28 15:54:32 +0000] [85] [INFO] Booting worker with pid: 85
[2026-03-28 15:54:32 +0000] [81] [INFO] Started server process [81]
[2026-03-28 15:54:32 +0000] [81] [INFO] Waiting for application startup.
[2026-03-28 15:54:32 +0000] [81] [INFO] Application startup complete.
[2026-03-28 15:54:32 +0000] [86] [INFO] Booting worker with pid: 86
[2026-03-28 15:54:32 +0000] [88] [INFO] Booting worker with pid: 88
[2026-03-28 15:54:32 +0000] [85] [INFO] Started server process [85]
[2026-03-28 15:54:32 +0000] [85] [INFO] Waiting for application startup.
[2026-03-28 15:54:32 +0000] [85] [INFO] Application startup complete.
[2026-03-28 15:54:32 +0000] [89] [INFO] Booting worker with pid: 89
[2026-03-28 15:54:32 +0000] [86] [INFO] Started server process [86]
[2026-03-28 15:54:32 +0000] [86] [INFO] Waiting for application startup.
[2026-03-28 15:54:32 +0000] [86] [INFO] Application startup complete.
[2026-03-28 15:54:33 +0000] [92] [INFO] Booting worker with pid: 92
[2026-03-28 15:54:33 +0000] [88] [INFO] Started server process [88]
[2026-03-28 15:54:33 +0000] [88] [INFO] Waiting for application startup.
[2026-03-28 15:54:33 +0000] [88] [INFO] Application startup complete.
[2026-03-28 15:54:33 +0000] [89] [INFO] Started server process [89]
[2026-03-28 15:54:33 +0000] [89] [INFO] Waiting for application startup.
[2026-03-28 15:54:33 +0000] [89] [INFO] Application startup complete.
[2026-03-28 15:54:33 +0000] [94] [INFO] Booting worker with pid: 94
[2026-03-28 15:54:33 +0000] [95] [INFO] Booting worker with pid: 95
[2026-03-28 15:54:33 +0000] [92] [INFO] Started server process [92]
[2026-03-28 15:54:33 +0000] [92] [INFO] Waiting for application startup.
[2026-03-28 15:54:33 +0000] [92] [INFO] Application startup complete.
[2026-03-28 15:54:33 +0000] [97] [INFO] Booting worker with pid: 97
[2026-03-28 15:54:33 +0000] [95] [INFO] Started server process [95]
[2026-03-28 15:54:33 +0000] [95] [INFO] Waiting for application startup.
[2026-03-28 15:54:33 +0000] [95] [INFO] Application startup complete.
[2026-03-28 15:54:33 +0000] [94] [INFO] Started server process [94]
[2026-03-28 15:54:33 +0000] [94] [INFO] Waiting for application startup.
[2026-03-28 15:54:33 +0000] [94] [INFO] Application startup complete.
[2026-03-28 15:54:33 +0000] [100] [INFO] Booting worker with pid: 100
[2026-03-28 15:54:33 +0000] [101] [INFO] Booting worker with pid: 101
[2026-03-28 15:54:33 +0000] [97] [INFO] Started server process [97]
[2026-03-28 15:54:33 +0000] [97] [INFO] Waiting for application startup.
[2026-03-28 15:54:33 +0000] [97] [INFO] Application startup complete.
[2026-03-28 15:54:33 +0000] [103] [INFO] Booting worker with pid: 103
[2026-03-28 15:54:33 +0000] [104] [INFO] Booting worker with pid: 104
[2026-03-28 15:54:33 +0000] [105] [INFO] Booting worker with pid: 105
[2026-03-28 15:54:33 +0000] [100] [INFO] Started server process [100]
[2026-03-28 15:54:33 +0000] [100] [INFO] Waiting for application startup.
[2026-03-28 15:54:33 +0000] [100] [INFO] Application startup complete.
[2026-03-28 15:54:33 +0000] [108] [INFO] Booting worker with pid: 108
[2026-03-28 15:54:33 +0000] [101] [INFO] Started server process [101]
[2026-03-28 15:54:33 +0000] [101] [INFO] Waiting for application startup.
[2026-03-28 15:54:33 +0000] [101] [INFO] Application startup complete.
[2026-03-28 15:54:33 +0000] [110] [INFO] Booting worker with pid: 110
[2026-03-28 15:54:33 +0000] [103] [INFO] Started server process [103]
[2026-03-28 15:54:33 +0000] [103] [INFO] Waiting for application startup.
[2026-03-28 15:54:33 +0000] [103] [INFO] Application startup complete.
[2026-03-28 15:54:33 +0000] [104] [INFO] Started server process [104]
[2026-03-28 15:54:33 +0000] [104] [INFO] Waiting for application startup.
[2026-03-28 15:54:33 +0000] [104] [INFO] Application startup complete.
[2026-03-28 15:54:33 +0000] [105] [INFO] Started server process [105]
[2026-03-28 15:54:33 +0000] [105] [INFO] Waiting for application startup.
[2026-03-28 15:54:33 +0000] [105] [INFO] Application startup complete.
[2026-03-28 15:54:33 +0000] [114] [INFO] Booting worker with pid: 114
[2026-03-28 15:54:33 +0000] [108] [INFO] Started server process [108]
[2026-03-28 15:54:33 +0000] [108] [INFO] Waiting for application startup.
[2026-03-28 15:54:33 +0000] [108] [INFO] Application startup complete.
[2026-03-28 15:54:33 +0000] [116] [INFO] Booting worker with pid: 116
[2026-03-28 15:54:33 +0000] [110] [INFO] Started server process [110]
[2026-03-28 15:54:33 +0000] [110] [INFO] Waiting for application startup.
[2026-03-28 15:54:33 +0000] [110] [INFO] Application startup complete.
[2026-03-28 15:54:33 +0000] [118] [INFO] Booting worker with pid: 118
[2026-03-28 15:54:33 +0000] [119] [INFO] Booting worker with pid: 119
[2026-03-28 15:54:33 +0000] [114] [INFO] Started server process [114]
[2026-03-28 15:54:33 +0000] [114] [INFO] Waiting for application startup.
[2026-03-28 15:54:33 +0000] [114] [INFO] Application startup complete.
[2026-03-28 15:54:33 +0000] [121] [INFO] Booting worker with pid: 121
[2026-03-28 15:54:33 +0000] [116] [INFO] Started server process [116]
[2026-03-28 15:54:33 +0000] [116] [INFO] Waiting for application startup.
[2026-03-28 15:54:33 +0000] [116] [INFO] Application startup complete.
[2026-03-28 15:54:33 +0000] [123] [INFO] Booting worker with pid: 123
[2026-03-28 15:54:33 +0000] [124] [INFO] Booting worker with pid: 124
[2026-03-28 15:54:33 +0000] [118] [INFO] Started server process [118]
[2026-03-28 15:54:33 +0000] [118] [INFO] Waiting for application startup.
[2026-03-28 15:54:33 +0000] [118] [INFO] Application startup complete.
[2026-03-28 15:54:33 +0000] [121] [INFO] Started server process [121]
[2026-03-28 15:54:33 +0000] [121] [INFO] Waiting for application startup.
[2026-03-28 15:54:33 +0000] [121] [INFO] Application startup complete.
[2026-03-28 15:54:33 +0000] [119] [INFO] Started server process [119]
[2026-03-28 15:54:33 +0000] [119] [INFO] Waiting for application startup.
[2026-03-28 15:54:33 +0000] [119] [INFO] Application startup complete.
[2026-03-28 15:54:33 +0000] [127] [INFO] Booting worker with pid: 127
[2026-03-28 15:54:33 +0000] [128] [INFO] Booting worker with pid: 128
[2026-03-28 15:54:33 +0000] [123] [INFO] Started server process [123]
[2026-03-28 15:54:33 +0000] [123] [INFO] Waiting for application startup.
[2026-03-28 15:54:33 +0000] [123] [INFO] Application startup complete.
[2026-03-28 15:54:33 +0000] [131] [INFO] Booting worker with pid: 131
[2026-03-28 15:54:33 +0000] [124] [INFO] Started server process [124]
[2026-03-28 15:54:33 +0000] [124] [INFO] Waiting for application startup.
[2026-03-28 15:54:33 +0000] [124] [INFO] Application startup complete.
[2026-03-28 15:54:33 +0000] [128] [INFO] Started server process [128]
[2026-03-28 15:54:33 +0000] [128] [INFO] Waiting for application startup.
[2026-03-28 15:54:33 +0000] [128] [INFO] Application startup complete.
[2026-03-28 15:54:33 +0000] [127] [INFO] Started server process [127]
[2026-03-28 15:54:33 +0000] [127] [INFO] Waiting for application startup.
[2026-03-28 15:54:33 +0000] [127] [INFO] Application startup complete.
[2026-03-28 15:54:33 +0000] [134] [INFO] Booting worker with pid: 134
[2026-03-28 15:54:33 +0000] [136] [INFO] Booting worker with pid: 136
[2026-03-28 15:54:33 +0000] [131] [INFO] Started server process [131]
[2026-03-28 15:54:33 +0000] [131] [INFO] Waiting for application startup.
[2026-03-28 15:54:33 +0000] [131] [INFO] Application startup complete.
[2026-03-28 15:54:34 +0000] [134] [INFO] Started server process [134]
[2026-03-28 15:54:34 +0000] [134] [INFO] Waiting for application startup.
[2026-03-28 15:54:34 +0000] [134] [INFO] Application startup complete.
[2026-03-28 15:54:34 +0000] [138] [INFO] Booting worker with pid: 138
[2026-03-28 15:54:34 +0000] [136] [INFO] Started server process [136]
[2026-03-28 15:54:34 +0000] [136] [INFO] Waiting for application startup.
[2026-03-28 15:54:34 +0000] [136] [INFO] Application startup complete.
[2026-03-28 15:54:34 +0000] [140] [INFO] Booting worker with pid: 140
[2026-03-28 15:54:34 +0000] [138] [INFO] Started server process [138]
[2026-03-28 15:54:34 +0000] [138] [INFO] Waiting for application startup.
[2026-03-28 15:54:34 +0000] [138] [INFO] Application startup complete.
[2026-03-28 15:54:34 +0000] [142] [INFO] Booting worker with pid: 142
[2026-03-28 15:54:34 +0000] [144] [INFO] Booting worker with pid: 144
[2026-03-28 15:54:34 +0000] [140] [INFO] Started server process [140]
[2026-03-28 15:54:34 +0000] [140] [INFO] Waiting for application startup.
[2026-03-28 15:54:34 +0000] [140] [INFO] Application startup complete.
[2026-03-28 15:54:34 +0000] [142] [INFO] Started server process [142]
[2026-03-28 15:54:34 +0000] [142] [INFO] Waiting for application startup.
[2026-03-28 15:54:34 +0000] [142] [INFO] Application startup complete.
[2026-03-28 15:54:34 +0000] [146] [INFO] Booting worker with pid: 146
[2026-03-28 15:54:34 +0000] [148] [INFO] Booting worker with pid: 148
[2026-03-28 15:54:34 +0000] [144] [INFO] Started server process [144]
[2026-03-28 15:54:34 +0000] [144] [INFO] Waiting for application startup.
[2026-03-28 15:54:34 +0000] [144] [INFO] Application startup complete.
[2026-03-28 15:54:34 +0000] [149] [INFO] Booting worker with pid: 149
[2026-03-28 15:54:34 +0000] [151] [INFO] Booting worker with pid: 151
[2026-03-28 15:54:34 +0000] [146] [INFO] Started server process [146]
[2026-03-28 15:54:34 +0000] [146] [INFO] Waiting for application startup.
[2026-03-28 15:54:34 +0000] [146] [INFO] Application startup complete.
[2026-03-28 15:54:34 +0000] [152] [INFO] Booting worker with pid: 152
[2026-03-28 15:54:34 +0000] [148] [INFO] Started server process [148]
[2026-03-28 15:54:34 +0000] [148] [INFO] Waiting for application startup.
[2026-03-28 15:54:34 +0000] [148] [INFO] Application startup complete.
[2026-03-28 15:54:34 +0000] [149] [INFO] Started server process [149]
[2026-03-28 15:54:34 +0000] [149] [INFO] Waiting for application startup.
[2026-03-28 15:54:34 +0000] [149] [INFO] Application startup complete.
[2026-03-28 15:54:34 +0000] [156] [INFO] Booting worker with pid: 156
[2026-03-28 15:54:34 +0000] [151] [INFO] Started server process [151]
[2026-03-28 15:54:34 +0000] [151] [INFO] Waiting for application startup.
[2026-03-28 15:54:34 +0000] [151] [INFO] Application startup complete.
[2026-03-28 15:54:34 +0000] [158] [INFO] Booting worker with pid: 158
[2026-03-28 15:54:34 +0000] [152] [INFO] Started server process [152]
[2026-03-28 15:54:34 +0000] [152] [INFO] Waiting for application startup.
[2026-03-28 15:54:34 +0000] [152] [INFO] Application startup complete.
[2026-03-28 15:54:34 +0000] [159] [INFO] Booting worker with pid: 159
[2026-03-28 15:54:34 +0000] [160] [INFO] Booting worker with pid: 160
[2026-03-28 15:54:34 +0000] [161] [INFO] Booting worker with pid: 161
[2026-03-28 15:54:34 +0000] [163] [INFO] Booting worker with pid: 163
[2026-03-28 15:54:34 +0000] [156] [INFO] Started server process [156]
[2026-03-28 15:54:34 +0000] [156] [INFO] Waiting for application startup.
[2026-03-28 15:54:34 +0000] [156] [INFO] Application startup complete.
[2026-03-28 15:54:34 +0000] [164] [INFO] Booting worker with pid: 164
[2026-03-28 15:54:34 +0000] [167] [INFO] Booting worker with pid: 167
[2026-03-28 15:54:34 +0000] [158] [INFO] Started server process [158]
[2026-03-28 15:54:34 +0000] [158] [INFO] Waiting for application startup.
[2026-03-28 15:54:34 +0000] [158] [INFO] Application startup complete.
[2026-03-28 15:54:34 +0000] [159] [INFO] Started server process [159]
[2026-03-28 15:54:34 +0000] [159] [INFO] Waiting for application startup.
[2026-03-28 15:54:34 +0000] [159] [INFO] Application startup complete.
[2026-03-28 15:54:34 +0000] [161] [INFO] Started server process [161]
[2026-03-28 15:54:34 +0000] [161] [INFO] Waiting for application startup.
[2026-03-28 15:54:34 +0000] [161] [INFO] Application startup complete.
[2026-03-28 15:54:34 +0000] [160] [INFO] Started server process [160]
[2026-03-28 15:54:34 +0000] [160] [INFO] Waiting for application startup.
[2026-03-28 15:54:34 +0000] [160] [INFO] Application startup complete.
[2026-03-28 15:54:34 +0000] [163] [INFO] Started server process [163]
[2026-03-28 15:54:34 +0000] [163] [INFO] Waiting for application startup.
[2026-03-28 15:54:34 +0000] [163] [INFO] Application startup complete.
[2026-03-28 15:54:34 +0000] [172] [INFO] Booting worker with pid: 172
[2026-03-28 15:54:34 +0000] [164] [INFO] Started server process [164]
[2026-03-28 15:54:34 +0000] [164] [INFO] Waiting for application startup.
[2026-03-28 15:54:34 +0000] [164] [INFO] Application startup complete.
[2026-03-28 15:54:34 +0000] [173] [INFO] Booting worker with pid: 173
[2026-03-28 15:54:34 +0000] [174] [INFO] Booting worker with pid: 174
[2026-03-28 15:54:35 +0000] [167] [INFO] Started server process [167]
[2026-03-28 15:54:35 +0000] [167] [INFO] Waiting for application startup.
[2026-03-28 15:54:35 +0000] [167] [INFO] Application startup complete.
[2026-03-28 15:54:35 +0000] [177] [INFO] Booting worker with pid: 177
[2026-03-28 15:54:35 +0000] [172] [INFO] Started server process [172]
[2026-03-28 15:54:35 +0000] [172] [INFO] Waiting for application startup.
[2026-03-28 15:54:35 +0000] [172] [INFO] Application startup complete.
[2026-03-28 15:54:35 +0000] [179] [INFO] Booting worker with pid: 179
[2026-03-28 15:54:35 +0000] [173] [INFO] Started server process [173]
[2026-03-28 15:54:35 +0000] [173] [INFO] Waiting for application startup.
[2026-03-28 15:54:35 +0000] [173] [INFO] Application startup complete.
[2026-03-28 15:54:35 +0000] [180] [INFO] Booting worker with pid: 180
[2026-03-28 15:54:35 +0000] [182] [INFO] Booting worker with pid: 182
[2026-03-28 15:54:35 +0000] [174] [INFO] Started server process [174]
[2026-03-28 15:54:35 +0000] [174] [INFO] Waiting for application startup.
[2026-03-28 15:54:35 +0000] [174] [INFO] Application startup complete.
[2026-03-28 15:54:35 +0000] [179] [INFO] Started server process [179]
[2026-03-28 15:54:35 +0000] [179] [INFO] Waiting for application startup.
[2026-03-28 15:54:35 +0000] [179] [INFO] Application startup complete.
[2026-03-28 15:54:35 +0000] [180] [INFO] Started server process [180]
[2026-03-28 15:54:35 +0000] [180] [INFO] Waiting for application startup.
[2026-03-28 15:54:35 +0000] [180] [INFO] Application startup complete.
[2026-03-28 15:54:35 +0000] [177] [INFO] Started server process [177]
[2026-03-28 15:54:35 +0000] [177] [INFO] Waiting for application startup.
[2026-03-28 15:54:35 +0000] [177] [INFO] Application startup complete.
[2026-03-28 15:54:35 +0000] [186] [INFO] Booting worker with pid: 186
[2026-03-28 15:54:35 +0000] [182] [INFO] Started server process [182]
[2026-03-28 15:54:35 +0000] [182] [INFO] Waiting for application startup.
[2026-03-28 15:54:35 +0000] [182] [INFO] Application startup complete.
[2026-03-28 15:54:35 +0000] [188] [INFO] Booting worker with pid: 188
[2026-03-28 15:54:35 +0000] [189] [INFO] Booting worker with pid: 189
[2026-03-28 15:54:35 +0000] [191] [INFO] Booting worker with pid: 191
[2026-03-28 15:54:35 +0000] [186] [INFO] Started server process [186]
[2026-03-28 15:54:35 +0000] [186] [INFO] Waiting for application startup.
[2026-03-28 15:54:35 +0000] [186] [INFO] Application startup complete.
[2026-03-28 15:54:35 +0000] [193] [INFO] Booting worker with pid: 193
[2026-03-28 15:54:35 +0000] [189] [INFO] Started server process [189]
[2026-03-28 15:54:35 +0000] [189] [INFO] Waiting for application startup.
[2026-03-28 15:54:35 +0000] [189] [INFO] Application startup complete.
[2026-03-28 15:54:35 +0000] [195] [INFO] Booting worker with pid: 195
[2026-03-28 15:54:35 +0000] [188] [INFO] Started server process [188]
[2026-03-28 15:54:35 +0000] [188] [INFO] Waiting for application startup.
[2026-03-28 15:54:35 +0000] [188] [INFO] Application startup complete.
[2026-03-28 15:54:35 +0000] [196] [INFO] Booting worker with pid: 196
[2026-03-28 15:54:35 +0000] [198] [INFO] Booting worker with pid: 198
[2026-03-28 15:54:35 +0000] [191] [INFO] Started server process [191]
[2026-03-28 15:54:35 +0000] [191] [INFO] Waiting for application startup.
[2026-03-28 15:54:35 +0000] [191] [INFO] Application startup complete.
[2026-03-28 15:54:35 +0000] [199] [INFO] Booting worker with pid: 199
[2026-03-28 15:54:35 +0000] [193] [INFO] Started server process [193]
[2026-03-28 15:54:35 +0000] [193] [INFO] Waiting for application startup.
[2026-03-28 15:54:35 +0000] [193] [INFO] Application startup complete.
[2026-03-28 15:54:35 +0000] [202] [INFO] Booting worker with pid: 202
[2026-03-28 15:54:35 +0000] [196] [INFO] Started server process [196]
[2026-03-28 15:54:35 +0000] [196] [INFO] Waiting for application startup.
[2026-03-28 15:54:35 +0000] [196] [INFO] Application startup complete.
[2026-03-28 15:54:35 +0000] [203] [INFO] Booting worker with pid: 203
[2026-03-28 15:54:35 +0000] [198] [INFO] Started server process [198]
[2026-03-28 15:54:35 +0000] [198] [INFO] Waiting for application startup.
[2026-03-28 15:54:35 +0000] [198] [INFO] Application startup complete.
[2026-03-28 15:54:35 +0000] [195] [INFO] Started server process [195]
[2026-03-28 15:54:35 +0000] [195] [INFO] Waiting for application startup.
[2026-03-28 15:54:35 +0000] [195] [INFO] Application startup complete.
[2026-03-28 15:54:35 +0000] [199] [INFO] Started server process [199]
[2026-03-28 15:54:35 +0000] [199] [INFO] Waiting for application startup.
[2026-03-28 15:54:35 +0000] [199] [INFO] Application startup complete.
[2026-03-28 15:54:35 +0000] [207] [INFO] Booting worker with pid: 207
[2026-03-28 15:54:35 +0000] [202] [INFO] Started server process [202]
[2026-03-28 15:54:35 +0000] [202] [INFO] Waiting for application startup.
[2026-03-28 15:54:35 +0000] [202] [INFO] Application startup complete.
[2026-03-28 15:54:35 +0000] [210] [INFO] Booting worker with pid: 210
[2026-03-28 15:54:35 +0000] [203] [INFO] Started server process [203]
[2026-03-28 15:54:35 +0000] [203] [INFO] Waiting for application startup.
[2026-03-28 15:54:35 +0000] [203] [INFO] Application startup complete.
[2026-03-28 15:54:36 +0000] [207] [INFO] Started server process [207]
[2026-03-28 15:54:36 +0000] [207] [INFO] Waiting for application startup.
[2026-03-28 15:54:36 +0000] [207] [INFO] Application startup complete.
[2026-03-28 15:54:36 +0000] [212] [INFO] Booting worker with pid: 212
[2026-03-28 15:54:36 +0000] [210] [INFO] Started server process [210]
[2026-03-28 15:54:36 +0000] [210] [INFO] Waiting for application startup.
[2026-03-28 15:54:36 +0000] [210] [INFO] Application startup complete.
[2026-03-28 15:54:36 +0000] [214] [INFO] Booting worker with pid: 214
[2026-03-28 15:54:36 +0000] [215] [INFO] Booting worker with pid: 215
[2026-03-28 15:54:36 +0000] [212] [INFO] Started server process [212]
[2026-03-28 15:54:36 +0000] [212] [INFO] Waiting for application startup.
[2026-03-28 15:54:36 +0000] [212] [INFO] Application startup complete.
[2026-03-28 15:54:36 +0000] [217] [INFO] Booting worker with pid: 217
[2026-03-28 15:54:36 +0000] [218] [INFO] Booting worker with pid: 218
[2026-03-28 15:54:36 +0000] [214] [INFO] Started server process [214]
[2026-03-28 15:54:36 +0000] [214] [INFO] Waiting for application startup.
[2026-03-28 15:54:36 +0000] [214] [INFO] Application startup complete.
[2026-03-28 15:54:36 +0000] [221] [INFO] Booting worker with pid: 221
[2026-03-28 15:54:36 +0000] [215] [INFO] Started server process [215]
[2026-03-28 15:54:36 +0000] [215] [INFO] Waiting for application startup.
[2026-03-28 15:54:36 +0000] [215] [INFO] Application startup complete.
[2026-03-28 15:54:36 +0000] [222] [INFO] Booting worker with pid: 222
[2026-03-28 15:54:36 +0000] [217] [INFO] Started server process [217]
[2026-03-28 15:54:36 +0000] [217] [INFO] Waiting for application startup.
[2026-03-28 15:54:36 +0000] [217] [INFO] Application startup complete.
[2026-03-28 15:54:36 +0000] [218] [INFO] Started server process [218]
[2026-03-28 15:54:36 +0000] [218] [INFO] Waiting for application startup.
[2026-03-28 15:54:36 +0000] [218] [INFO] Application startup complete.
[2026-03-28 15:54:36 +0000] [221] [INFO] Started server process [221]
[2026-03-28 15:54:36 +0000] [221] [INFO] Waiting for application startup.
[2026-03-28 15:54:36 +0000] [221] [INFO] Application startup complete.
[2026-03-28 15:54:36 +0000] [226] [INFO] Booting worker with pid: 226
[2026-03-28 15:54:36 +0000] [222] [INFO] Started server process [222]
[2026-03-28 15:54:36 +0000] [222] [INFO] Waiting for application startup.
[2026-03-28 15:54:36 +0000] [222] [INFO] Application startup complete.
[2026-03-28 15:54:36 +0000] [228] [INFO] Booting worker with pid: 228
[2026-03-28 15:54:36 +0000] [226] [INFO] Started server process [226]
[2026-03-28 15:54:36 +0000] [226] [INFO] Waiting for application startup.
[2026-03-28 15:54:36 +0000] [226] [INFO] Application startup complete.
[2026-03-28 15:54:36 +0000] [230] [INFO] Booting worker with pid: 230
[2026-03-28 15:54:36 +0000] [228] [INFO] Started server process [228]
[2026-03-28 15:54:36 +0000] [228] [INFO] Waiting for application startup.
[2026-03-28 15:54:36 +0000] [228] [INFO] Application startup complete.
[2026-03-28 15:54:36 +0000] [232] [INFO] Booting worker with pid: 232
[2026-03-28 15:54:36 +0000] [233] [INFO] Booting worker with pid: 233
[2026-03-28 15:54:36 +0000] [230] [INFO] Started server process [230]
[2026-03-28 15:54:36 +0000] [230] [INFO] Waiting for application startup.
[2026-03-28 15:54:36 +0000] [230] [INFO] Application startup complete.
[2026-03-28 15:54:36 +0000] [232] [INFO] Started server process [232]
[2026-03-28 15:54:36 +0000] [232] [INFO] Waiting for application startup.
[2026-03-28 15:54:36 +0000] [232] [INFO] Application startup complete.
[2026-03-28 15:54:36 +0000] [233] [INFO] Started server process [233]
[2026-03-28 15:54:36 +0000] [233] [INFO] Waiting for application startup.
[2026-03-28 15:54:36 +0000] [233] [INFO] Application startup complete.
[2026-03-28 15:54:36 +0000] [237] [INFO] Booting worker with pid: 237
[2026-03-28 15:54:37 +0000] [238] [INFO] Booting worker with pid: 238
[2026-03-28 15:54:37 +0000] [237] [INFO] Started server process [237]
[2026-03-28 15:54:37 +0000] [237] [INFO] Waiting for application startup.
[2026-03-28 15:54:37 +0000] [237] [INFO] Application startup complete.
[2026-03-28 15:54:37 +0000] [240] [INFO] Booting worker with pid: 240
[2026-03-28 15:54:37 +0000] [242] [INFO] Booting worker with pid: 242
[2026-03-28 15:54:37 +0000] [238] [INFO] Started server process [238]
[2026-03-28 15:54:37 +0000] [238] [INFO] Waiting for application startup.
[2026-03-28 15:54:37 +0000] [238] [INFO] Application startup complete.
[2026-03-28 15:54:37 +0000] [240] [INFO] Started server process [240]
[2026-03-28 15:54:37 +0000] [240] [INFO] Waiting for application startup.
[2026-03-28 15:54:37 +0000] [240] [INFO] Application startup complete.
[2026-03-28 15:54:37 +0000] [244] [INFO] Booting worker with pid: 244
[2026-03-28 15:54:37 +0000] [245] [INFO] Booting worker with pid: 245
[2026-03-28 15:54:37 +0000] [242] [INFO] Started server process [242]
[2026-03-28 15:54:37 +0000] [242] [INFO] Waiting for application startup.
[2026-03-28 15:54:37 +0000] [242] [INFO] Application startup complete.
[2026-03-28 15:54:37 +0000] [244] [INFO] Started server process [244]
[2026-03-28 15:54:37 +0000] [244] [INFO] Waiting for application startup.
[2026-03-28 15:54:37 +0000] [244] [INFO] Application startup complete.
[2026-03-28 15:54:37 +0000] [248] [INFO] Booting worker with pid: 248
[2026-03-28 15:54:37 +0000] [245] [INFO] Started server process [245]
[2026-03-28 15:54:37 +0000] [245] [INFO] Waiting for application startup.
[2026-03-28 15:54:37 +0000] [245] [INFO] Application startup complete.
[2026-03-28 15:54:37 +0000] [251] [INFO] Booting worker with pid: 251
[2026-03-28 15:54:37 +0000] [248] [INFO] Started server process [248]
[2026-03-28 15:54:37 +0000] [248] [INFO] Waiting for application startup.
[2026-03-28 15:54:37 +0000] [248] [INFO] Application startup complete.
[2026-03-28 15:54:37 +0000] [251] [INFO] Started server process [251]
[2026-03-28 15:54:37 +0000] [251] [INFO] Waiting for application startup.
[2026-03-28 15:54:37 +0000] [251] [INFO] Application startup complete.
[2026-03-28 15:54:37 +0000] [253] [INFO] Booting worker with pid: 253
[2026-03-28 15:54:37 +0000] [253] [INFO] Started server process [253]
[2026-03-28 15:54:37 +0000] [253] [INFO] Waiting for application startup.
[2026-03-28 15:54:37 +0000] [253] [INFO] Application startup complete.
[2026-03-28 15:54:37 +0000] [255] [INFO] Booting worker with pid: 255
[2026-03-28 15:54:37 +0000] [256] [INFO] Booting worker with pid: 256
[2026-03-28 15:54:37 +0000] [257] [INFO] Booting worker with pid: 257
[2026-03-28 15:54:37 +0000] [258] [INFO] Booting worker with pid: 258
[2026-03-28 15:54:37 +0000] [256] [INFO] Started server process [256]
[2026-03-28 15:54:37 +0000] [256] [INFO] Waiting for application startup.
[2026-03-28 15:54:37 +0000] [256] [INFO] Application startup complete.
[2026-03-28 15:54:37 +0000] [255] [INFO] Started server process [255]
[2026-03-28 15:54:37 +0000] [255] [INFO] Waiting for application startup.
[2026-03-28 15:54:37 +0000] [255] [INFO] Application startup complete.
[2026-03-28 15:54:37 +0000] [257] [INFO] Started server process [257]
[2026-03-28 15:54:37 +0000] [257] [INFO] Waiting for application startup.
[2026-03-28 15:54:37 +0000] [257] [INFO] Application startup complete.
[2026-03-28 15:54:37 +0000] [258] [INFO] Started server process [258]
[2026-03-28 15:54:37 +0000] [258] [INFO] Waiting for application startup.
[2026-03-28 15:54:37 +0000] [258] [INFO] Application startup complete.
[2026-03-28 15:54:37 +0000] [263] [INFO] Booting worker with pid: 263
[2026-03-28 15:54:37 +0000] [264] [INFO] Booting worker with pid: 264
[2026-03-28 15:54:37 +0000] [265] [INFO] Booting worker with pid: 265
[2026-03-28 15:54:37 +0000] [266] [INFO] Booting worker with pid: 266
[2026-03-28 15:54:37 +0000] [263] [INFO] Started server process [263]
[2026-03-28 15:54:37 +0000] [263] [INFO] Waiting for application startup.
[2026-03-28 15:54:37 +0000] [263] [INFO] Application startup complete.
[2026-03-28 15:54:37 +0000] [264] [INFO] Started server process [264]
[2026-03-28 15:54:37 +0000] [264] [INFO] Waiting for application startup.
[2026-03-28 15:54:37 +0000] [264] [INFO] Application startup complete.
[2026-03-28 15:54:37 +0000] [265] [INFO] Started server process [265]
[2026-03-28 15:54:37 +0000] [265] [INFO] Waiting for application startup.
[2026-03-28 15:54:37 +0000] [265] [INFO] Application startup complete.
[2026-03-28 15:54:37 +0000] [271] [INFO] Booting worker with pid: 271
[2026-03-28 15:54:37 +0000] [266] [INFO] Started server process [266]
[2026-03-28 15:54:37 +0000] [266] [INFO] Waiting for application startup.
[2026-03-28 15:54:37 +0000] [266] [INFO] Application startup complete.
[2026-03-28 15:54:37 +0000] [272] [INFO] Booting worker with pid: 272
[2026-03-28 15:54:37 +0000] [273] [INFO] Booting worker with pid: 273
[2026-03-28 15:54:37 +0000] [275] [INFO] Booting worker with pid: 275
[2026-03-28 15:54:37 +0000] [271] [INFO] Started server process [271]
[2026-03-28 15:54:37 +0000] [271] [INFO] Waiting for application startup.
[2026-03-28 15:54:37 +0000] [271] [INFO] Application startup complete.
[2026-03-28 15:54:37 +0000] [277] [INFO] Booting worker with pid: 277
[2026-03-28 15:54:37 +0000] [272] [INFO] Started server process [272]
[2026-03-28 15:54:37 +0000] [272] [INFO] Waiting for application startup.
[2026-03-28 15:54:37 +0000] [272] [INFO] Application startup complete.
[2026-03-28 15:54:37 +0000] [273] [INFO] Started server process [273]
[2026-03-28 15:54:37 +0000] [273] [INFO] Waiting for application startup.
[2026-03-28 15:54:37 +0000] [273] [INFO] Application startup complete.
[2026-03-28 15:54:37 +0000] [275] [INFO] Started server process [275]
[2026-03-28 15:54:37 +0000] [275] [INFO] Waiting for application startup.
[2026-03-28 15:54:37 +0000] [275] [INFO] Application startup complete.
[2026-03-28 15:54:37 +0000] [280] [INFO] Booting worker with pid: 280
[2026-03-28 15:54:37 +0000] [277] [INFO] Started server process [277]
[2026-03-28 15:54:37 +0000] [277] [INFO] Waiting for application startup.
[2026-03-28 15:54:37 +0000] [277] [INFO] Application startup complete.
[2026-03-28 15:54:37 +0000] [282] [INFO] Booting worker with pid: 282
[2026-03-28 15:54:38 +0000] [280] [INFO] Started server process [280]
[2026-03-28 15:54:38 +0000] [280] [INFO] Waiting for application startup.
[2026-03-28 15:54:38 +0000] [280] [INFO] Application startup complete.
[2026-03-28 15:54:38 +0000] [282] [INFO] Started server process [282]
[2026-03-28 15:54:38 +0000] [282] [INFO] Waiting for application startup.
[2026-03-28 15:54:38 +0000] [282] [INFO] Application startup complete.
[2026-03-28 15:54:38 +0000] [285] [INFO] Booting worker with pid: 285
[2026-03-28 15:54:38 +0000] [285] [INFO] Started server process [285]
[2026-03-28 15:54:38 +0000] [285] [INFO] Waiting for application startup.
[2026-03-28 15:54:38 +0000] [285] [INFO] Application startup complete.
[2026-03-28 15:54:38 +0000] [287] [INFO] Booting worker with pid: 287
[2026-03-28 15:54:38 +0000] [287] [INFO] Started server process [287]
[2026-03-28 15:54:38 +0000] [287] [INFO] Waiting for application startup.
[2026-03-28 15:54:38 +0000] [287] [INFO] Application startup complete.
[2026-03-28 15:54:38 +0000] [289] [INFO] Booting worker with pid: 289
[2026-03-28 15:54:38 +0000] [290] [INFO] Booting worker with pid: 290
[2026-03-28 15:54:38 +0000] [289] [INFO] Started server process [289]
[2026-03-28 15:54:38 +0000] [289] [INFO] Waiting for application startup.
[2026-03-28 15:54:38 +0000] [289] [INFO] Application startup complete.
[2026-03-28 15:54:38 +0000] [293] [INFO] Booting worker with pid: 293
[2026-03-28 15:54:38 +0000] [290] [INFO] Started server process [290]
[2026-03-28 15:54:38 +0000] [290] [INFO] Waiting for application startup.
[2026-03-28 15:54:38 +0000] [290] [INFO] Application startup complete.
[2026-03-28 15:54:38 +0000] [294] [INFO] Booting worker with pid: 294
[2026-03-28 15:54:38 +0000] [293] [INFO] Started server process [293]
[2026-03-28 15:54:38 +0000] [293] [INFO] Waiting for application startup.
[2026-03-28 15:54:38 +0000] [293] [INFO] Application startup complete.
[2026-03-28 15:54:38 +0000] [296] [INFO] Booting worker with pid: 296
[2026-03-28 15:54:38 +0000] [294] [INFO] Started server process [294]
[2026-03-28 15:54:38 +0000] [294] [INFO] Waiting for application startup.
[2026-03-28 15:54:38 +0000] [294] [INFO] Application startup complete.
[2026-03-28 15:54:38 +0000] [298] [INFO] Booting worker with pid: 298
[2026-03-28 15:54:38 +0000] [296] [INFO] Started server process [296]
[2026-03-28 15:54:38 +0000] [296] [INFO] Waiting for application startup.
[2026-03-28 15:54:38 +0000] [296] [INFO] Application startup complete.
[2026-03-28 15:54:38 +0000] [298] [INFO] Started server process [298]
[2026-03-28 15:54:38 +0000] [298] [INFO] Waiting for application startup.
[2026-03-28 15:54:38 +0000] [298] [INFO] Application startup complete.
[2026-03-28 15:54:38 +0000] [301] [INFO] Booting worker with pid: 301
[2026-03-28 15:54:38 +0000] [302] [INFO] Booting worker with pid: 302
[2026-03-28 15:54:38 +0000] [304] [INFO] Booting worker with pid: 304
[2026-03-28 15:54:38 +0000] [301] [INFO] Started server process [301]
[2026-03-28 15:54:38 +0000] [301] [INFO] Waiting for application startup.
[2026-03-28 15:54:38 +0000] [301] [INFO] Application startup complete.
[2026-03-28 15:54:38 +0000] [302] [INFO] Started server process [302]
[2026-03-28 15:54:38 +0000] [302] [INFO] Waiting for application startup.
[2026-03-28 15:54:38 +0000] [302] [INFO] Application startup complete.
[2026-03-28 15:54:38 +0000] [306] [INFO] Booting worker with pid: 306
[2026-03-28 15:54:38 +0000] [304] [INFO] Started server process [304]
[2026-03-28 15:54:38 +0000] [304] [INFO] Waiting for application startup.
[2026-03-28 15:54:38 +0000] [304] [INFO] Application startup complete.
[2026-03-28 15:54:38 +0000] [308] [INFO] Booting worker with pid: 308
[2026-03-28 15:54:38 +0000] [306] [INFO] Started server process [306]
[2026-03-28 15:54:38 +0000] [306] [INFO] Waiting for application startup.
[2026-03-28 15:54:38 +0000] [306] [INFO] Application startup complete.
[2026-03-28 15:54:38 +0000] [310] [INFO] Booting worker with pid: 310
[2026-03-28 15:54:38 +0000] [308] [INFO] Started server process [308]
[2026-03-28 15:54:38 +0000] [308] [INFO] Waiting for application startup.
[2026-03-28 15:54:38 +0000] [308] [INFO] Application startup complete.
[2026-03-28 15:54:38 +0000] [313] [INFO] Booting worker with pid: 313
[2026-03-28 15:54:38 +0000] [310] [INFO] Started server process [310]
[2026-03-28 15:54:38 +0000] [310] [INFO] Waiting for application startup.
[2026-03-28 15:54:38 +0000] [310] [INFO] Application startup complete.
[2026-03-28 15:54:39 +0000] [314] [INFO] Booting worker with pid: 314
[2026-03-28 15:54:39 +0000] [316] [INFO] Booting worker with pid: 316
[2026-03-28 15:54:39 +0000] [313] [INFO] Started server process [313]
[2026-03-28 15:54:39 +0000] [313] [INFO] Waiting for application startup.
[2026-03-28 15:54:39 +0000] [313] [INFO] Application startup complete.
[2026-03-28 15:54:39 +0000] [314] [INFO] Started server process [314]
[2026-03-28 15:54:39 +0000] [314] [INFO] Waiting for application startup.
[2026-03-28 15:54:39 +0000] [314] [INFO] Application startup complete.
[2026-03-28 15:54:39 +0000] [319] [INFO] Booting worker with pid: 319
[2026-03-28 15:54:39 +0000] [316] [INFO] Started server process [316]
[2026-03-28 15:54:39 +0000] [316] [INFO] Waiting for application startup.
[2026-03-28 15:54:39 +0000] [316] [INFO] Application startup complete.
[2026-03-28 15:54:39 +0000] [320] [INFO] Booting worker with pid: 320
[2026-03-28 15:54:39 +0000] [319] [INFO] Started server process [319]
[2026-03-28 15:54:39 +0000] [319] [INFO] Waiting for application startup.
[2026-03-28 15:54:39 +0000] [319] [INFO] Application startup complete.
[2026-03-28 15:54:39 +0000] [320] [INFO] Started server process [320]
[2026-03-28 15:54:39 +0000] [320] [INFO] Waiting for application startup.
[2026-03-28 15:54:39 +0000] [320] [INFO] Application startup complete.
[2026-03-28 15:54:39 +0000] [323] [INFO] Booting worker with pid: 323
[2026-03-28 15:54:39 +0000] [324] [INFO] Booting worker with pid: 324
[2026-03-28 15:54:39 +0000] [326] [INFO] Booting worker with pid: 326
[2026-03-28 15:54:39 +0000] [323] [INFO] Started server process [323]
[2026-03-28 15:54:39 +0000] [323] [INFO] Waiting for application startup.
[2026-03-28 15:54:39 +0000] [323] [INFO] Application startup complete.
[2026-03-28 15:54:39 +0000] [324] [INFO] Started server process [324]
[2026-03-28 15:54:39 +0000] [324] [INFO] Waiting for application startup.
[2026-03-28 15:54:39 +0000] [324] [INFO] Application startup complete.
[2026-03-28 15:54:39 +0000] [328] [INFO] Booting worker with pid: 328
[2026-03-28 15:54:39 +0000] [326] [INFO] Started server process [326]
[2026-03-28 15:54:39 +0000] [326] [INFO] Waiting for application startup.
[2026-03-28 15:54:39 +0000] [326] [INFO] Application startup complete.
[2026-03-28 15:54:39 +0000] [331] [INFO] Booting worker with pid: 331
[2026-03-28 15:54:39 +0000] [328] [INFO] Started server process [328]
[2026-03-28 15:54:39 +0000] [328] [INFO] Waiting for application startup.
[2026-03-28 15:54:39 +0000] [328] [INFO] Application startup complete.
[2026-03-28 15:54:39 +0000] [332] [INFO] Booting worker with pid: 332
[2026-03-28 15:54:39 +0000] [334] [INFO] Booting worker with pid: 334
[2026-03-28 15:54:39 +0000] [331] [INFO] Started server process [331]
[2026-03-28 15:54:39 +0000] [331] [INFO] Waiting for application startup.
[2026-03-28 15:54:39 +0000] [331] [INFO] Application startup complete.
[2026-03-28 15:54:39 +0000] [335] [INFO] Booting worker with pid: 335
[2026-03-28 15:54:39 +0000] [334] [INFO] Started server process [334]
[2026-03-28 15:54:39 +0000] [334] [INFO] Waiting for application startup.
[2026-03-28 15:54:39 +0000] [334] [INFO] Application startup complete.
[2026-03-28 15:54:39 +0000] [332] [INFO] Started server process [332]
[2026-03-28 15:54:39 +0000] [332] [INFO] Waiting for application startup.
[2026-03-28 15:54:39 +0000] [332] [INFO] Application startup complete.
[2026-03-28 15:54:39 +0000] [335] [INFO] Started server process [335]
[2026-03-28 15:54:39 +0000] [335] [INFO] Waiting for application startup.
[2026-03-28 15:54:39 +0000] [335] [INFO] Application startup complete.
[2026-03-28 15:54:39 +0000] [339] [INFO] Booting worker with pid: 339
[2026-03-28 15:54:39 +0000] [340] [INFO] Booting worker with pid: 340
[2026-03-28 15:54:39 +0000] [342] [INFO] Booting worker with pid: 342
[2026-03-28 15:54:39 +0000] [339] [INFO] Started server process [339]
[2026-03-28 15:54:39 +0000] [339] [INFO] Waiting for application startup.
[2026-03-28 15:54:39 +0000] [339] [INFO] Application startup complete.
[2026-03-28 15:54:39 +0000] [340] [INFO] Started server process [340]
[2026-03-28 15:54:39 +0000] [340] [INFO] Waiting for application startup.
[2026-03-28 15:54:39 +0000] [340] [INFO] Application startup complete.
[2026-03-28 15:54:39 +0000] [342] [INFO] Started server process [342]
[2026-03-28 15:54:39 +0000] [342] [INFO] Waiting for application startup.
[2026-03-28 15:54:39 +0000] [342] [INFO] Application startup complete.
[2026-03-28 15:54:39 +0000] [345] [INFO] Booting worker with pid: 345
[2026-03-28 15:54:39 +0000] [346] [INFO] Booting worker with pid: 346
[2026-03-28 15:54:39 +0000] [348] [INFO] Booting worker with pid: 348
[2026-03-28 15:54:39 +0000] [345] [INFO] Started server process [345]
[2026-03-28 15:54:39 +0000] [345] [INFO] Waiting for application startup.
[2026-03-28 15:54:39 +0000] [345] [INFO] Application startup complete.
[2026-03-28 15:54:40 +0000] [346] [INFO] Started server process [346]
[2026-03-28 15:54:40 +0000] [346] [INFO] Waiting for application startup.
[2026-03-28 15:54:40 +0000] [346] [INFO] Application startup complete.
[2026-03-28 15:54:40 +0000] [350] [INFO] Booting worker with pid: 350
[2026-03-28 15:54:40 +0000] [348] [INFO] Started server process [348]
[2026-03-28 15:54:40 +0000] [348] [INFO] Waiting for application startup.
[2026-03-28 15:54:40 +0000] [348] [INFO] Application startup complete.
[2026-03-28 15:54:40 +0000] [352] [INFO] Booting worker with pid: 352
[2026-03-28 15:54:40 +0000] [353] [INFO] Booting worker with pid: 353
[2026-03-28 15:54:40 +0000] [350] [INFO] Started server process [350]
[2026-03-28 15:54:40 +0000] [350] [INFO] Waiting for application startup.
[2026-03-28 15:54:40 +0000] [350] [INFO] Application startup complete.
[2026-03-28 15:54:40 +0000] [355] [INFO] Booting worker with pid: 355
[2026-03-28 15:54:40 +0000] [356] [INFO] Booting worker with pid: 356
[2026-03-28 15:54:40 +0000] [357] [INFO] Booting worker with pid: 357
[2026-03-28 15:54:40 +0000] [358] [INFO] Booting worker with pid: 358
[2026-03-28 15:54:40 +0000] [352] [INFO] Started server process [352]
[2026-03-28 15:54:40 +0000] [352] [INFO] Waiting for application startup.
[2026-03-28 15:54:40 +0000] [352] [INFO] Application startup complete.
[2026-03-28 15:54:40 +0000] [353] [INFO] Started server process [353]
[2026-03-28 15:54:40 +0000] [353] [INFO] Waiting for application startup.
[2026-03-28 15:54:40 +0000] [353] [INFO] Application startup complete.
[2026-03-28 15:54:40 +0000] [355] [INFO] Started server process [355]
[2026-03-28 15:54:40 +0000] [355] [INFO] Waiting for application startup.
[2026-03-28 15:54:40 +0000] [355] [INFO] Application startup complete.
[2026-03-28 15:54:40 +0000] [363] [INFO] Booting worker with pid: 363
[2026-03-28 15:54:40 +0000] [356] [INFO] Started server process [356]
[2026-03-28 15:54:40 +0000] [356] [INFO] Waiting for application startup.
[2026-03-28 15:54:40 +0000] [356] [INFO] Application startup complete.
[2026-03-28 15:54:40 +0000] [364] [INFO] Booting worker with pid: 364
[2026-03-28 15:54:40 +0000] [358] [INFO] Started server process [358]
[2026-03-28 15:54:40 +0000] [358] [INFO] Waiting for application startup.
[2026-03-28 15:54:40 +0000] [358] [INFO] Application startup complete.
[2026-03-28 15:54:40 +0000] [366] [INFO] Booting worker with pid: 366
[2026-03-28 15:54:40 +0000] [368] [INFO] Booting worker with pid: 368
[2026-03-28 15:54:40 +0000] [363] [INFO] Started server process [363]
[2026-03-28 15:54:40 +0000] [363] [INFO] Waiting for application startup.
[2026-03-28 15:54:40 +0000] [363] [INFO] Application startup complete.
[2026-03-28 15:54:40 +0000] [369] [INFO] Booting worker with pid: 369
[2026-03-28 15:54:40 +0000] [364] [INFO] Started server process [364]
[2026-03-28 15:54:40 +0000] [364] [INFO] Waiting for application startup.
[2026-03-28 15:54:40 +0000] [364] [INFO] Application startup complete.
[2026-03-28 15:54:40 +0000] [366] [INFO] Started server process [366]
[2026-03-28 15:54:40 +0000] [366] [INFO] Waiting for application startup.
[2026-03-28 15:54:40 +0000] [366] [INFO] Application startup complete.
[2026-03-28 15:54:40 +0000] [372] [INFO] Booting worker with pid: 372
[2026-03-28 15:54:40 +0000] [373] [INFO] Booting worker with pid: 373
[2026-03-28 15:54:40 +0000] [375] [INFO] Booting worker with pid: 375
[2026-03-28 15:54:41 +0000] [368] [INFO] Started server process [368]
[2026-03-28 15:54:41 +0000] [368] [INFO] Waiting for application startup.
[2026-03-28 15:54:41 +0000] [368] [INFO] Application startup complete.
[2026-03-28 15:54:41 +0000] [377] [INFO] Booting worker with pid: 377
[2026-03-28 15:54:41 +0000] [369] [INFO] Started server process [369]
[2026-03-28 15:54:41 +0000] [369] [INFO] Waiting for application startup.
[2026-03-28 15:54:41 +0000] [369] [INFO] Application startup complete.
[2026-03-28 15:54:41 +0000] [378] [INFO] Booting worker with pid: 378
[2026-03-28 15:54:41 +0000] [381] [INFO] Booting worker with pid: 381
[2026-03-28 15:54:41 +0000] [375] [INFO] Started server process [375]
[2026-03-28 15:54:41 +0000] [375] [INFO] Waiting for application startup.
[2026-03-28 15:54:41 +0000] [375] [INFO] Application startup complete.
[2026-03-28 15:54:41 +0000] [382] [INFO] Booting worker with pid: 382
[2026-03-28 15:54:41 +0000] [383] [INFO] Booting worker with pid: 383
[2026-03-28 15:54:41 +0000] [384] [INFO] Booting worker with pid: 384
[2026-03-28 15:54:41 +0000] [385] [INFO] Booting worker with pid: 385
[2026-03-28 15:54:41 +0000] [386] [INFO] Booting worker with pid: 386
[2026-03-28 15:54:41 +0000] [389] [INFO] Booting worker with pid: 389
[2026-03-28 15:54:41 +0000] [378] [INFO] Started server process [378]
[2026-03-28 15:54:41 +0000] [378] [INFO] Waiting for application startup.
[2026-03-28 15:54:41 +0000] [378] [INFO] Application startup complete.
[2026-03-28 15:54:41 +0000] [372] [INFO] Started server process [372]
[2026-03-28 15:54:41 +0000] [372] [INFO] Waiting for application startup.
[2026-03-28 15:54:41 +0000] [372] [INFO] Application startup complete.
[2026-03-28 15:54:41 +0000] [391] [INFO] Booting worker with pid: 391
[2026-03-28 15:54:41 +0000] [392] [INFO] Booting worker with pid: 392
[2026-03-28 15:54:41 +0000] [394] [INFO] Booting worker with pid: 394
[2026-03-28 15:54:41 +0000] [377] [INFO] Started server process [377]
[2026-03-28 15:54:41 +0000] [377] [INFO] Waiting for application startup.
[2026-03-28 15:54:41 +0000] [377] [INFO] Application startup complete.
[2026-03-28 15:54:41 +0000] [373] [INFO] Started server process [373]
[2026-03-28 15:54:41 +0000] [373] [INFO] Waiting for application startup.
[2026-03-28 15:54:41 +0000] [373] [INFO] Application startup complete.
[2026-03-28 15:54:41 +0000] [385] [INFO] Started server process [385]
[2026-03-28 15:54:41 +0000] [385] [INFO] Waiting for application startup.
[2026-03-28 15:54:41 +0000] [385] [INFO] Application startup complete.
[2026-03-28 15:54:41 +0000] [397] [INFO] Booting worker with pid: 397
[2026-03-28 15:54:41 +0000] [357] [INFO] Started server process [357]
[2026-03-28 15:54:41 +0000] [357] [INFO] Waiting for application startup.
[2026-03-28 15:54:41 +0000] [357] [INFO] Application startup complete.
[2026-03-28 15:54:41 +0000] [384] [INFO] Started server process [384]
[2026-03-28 15:54:41 +0000] [384] [INFO] Waiting for application startup.
[2026-03-28 15:54:41 +0000] [384] [INFO] Application startup complete.
[2026-03-28 15:54:41 +0000] [391] [INFO] Started server process [391]
[2026-03-28 15:54:41 +0000] [391] [INFO] Waiting for application startup.
[2026-03-28 15:54:41 +0000] [391] [INFO] Application startup complete.
[2026-03-28 15:54:41 +0000] [399] [INFO] Booting worker with pid: 399
[2026-03-28 15:54:41 +0000] [401] [INFO] Booting worker with pid: 401
[2026-03-28 15:54:41 +0000] [382] [INFO] Started server process [382]
[2026-03-28 15:54:41 +0000] [382] [INFO] Waiting for application startup.
[2026-03-28 15:54:41 +0000] [382] [INFO] Application startup complete.
[2026-03-28 15:54:41 +0000] [404] [INFO] Booting worker with pid: 404
[2026-03-28 15:54:41 +0000] [381] [INFO] Started server process [381]
[2026-03-28 15:54:41 +0000] [381] [INFO] Waiting for application startup.
[2026-03-28 15:54:41 +0000] [381] [INFO] Application startup complete.
[2026-03-28 15:54:41 +0000] [394] [INFO] Started server process [394]
[2026-03-28 15:54:41 +0000] [394] [INFO] Waiting for application startup.
[2026-03-28 15:54:41 +0000] [394] [INFO] Application startup complete.
[2026-03-28 15:54:41 +0000] [407] [INFO] Booting worker with pid: 407
[2026-03-28 15:54:41 +0000] [383] [INFO] Started server process [383]
[2026-03-28 15:54:41 +0000] [383] [INFO] Waiting for application startup.
[2026-03-28 15:54:41 +0000] [383] [INFO] Application startup complete.
[2026-03-28 15:54:41 +0000] [409] [INFO] Booting worker with pid: 409
[2026-03-28 15:54:41 +0000] [392] [INFO] Started server process [392]
[2026-03-28 15:54:41 +0000] [392] [INFO] Waiting for application startup.
[2026-03-28 15:54:41 +0000] [392] [INFO] Application startup complete.
[2026-03-28 15:54:41 +0000] [386] [INFO] Started server process [386]
[2026-03-28 15:54:41 +0000] [386] [INFO] Waiting for application startup.
[2026-03-28 15:54:41 +0000] [386] [INFO] Application startup complete.
[2026-03-28 15:54:41 +0000] [389] [INFO] Started server process [389]
[2026-03-28 15:54:41 +0000] [389] [INFO] Waiting for application startup.
[2026-03-28 15:54:41 +0000] [389] [INFO] Application startup complete.
[2026-03-28 15:54:41 +0000] [412] [INFO] Booting worker with pid: 412
[2026-03-28 15:54:41 +0000] [401] [INFO] Started server process [401]
[2026-03-28 15:54:41 +0000] [401] [INFO] Waiting for application startup.
[2026-03-28 15:54:41 +0000] [401] [INFO] Application startup complete.
[2026-03-28 15:54:41 +0000] [413] [INFO] Booting worker with pid: 413
[2026-03-28 15:54:41 +0000] [399] [INFO] Started server process [399]
[2026-03-28 15:54:41 +0000] [399] [INFO] Waiting for application startup.
[2026-03-28 15:54:41 +0000] [399] [INFO] Application startup complete.
[2026-03-28 15:54:41 +0000] [418] [INFO] Booting worker with pid: 418
[2026-03-28 15:54:41 +0000] [409] [INFO] Started server process [409]
[2026-03-28 15:54:41 +0000] [409] [INFO] Waiting for application startup.
[2026-03-28 15:54:41 +0000] [409] [INFO] Application startup complete.
[2026-03-28 15:54:41 +0000] [404] [INFO] Started server process [404]
[2026-03-28 15:54:41 +0000] [404] [INFO] Waiting for application startup.
[2026-03-28 15:54:41 +0000] [404] [INFO] Application startup complete.
[2026-03-28 15:54:42 +0000] [397] [INFO] Started server process [397]
[2026-03-28 15:54:42 +0000] [397] [INFO] Waiting for application startup.
[2026-03-28 15:54:42 +0000] [397] [INFO] Application startup complete.
[2026-03-28 15:54:42 +0000] [419] [INFO] Booting worker with pid: 419
[2026-03-28 15:54:42 +0000] [422] [INFO] Booting worker with pid: 422
[2026-03-28 15:54:42 +0000] [407] [INFO] Started server process [407]
[2026-03-28 15:54:42 +0000] [407] [INFO] Waiting for application startup.
[2026-03-28 15:54:42 +0000] [407] [INFO] Application startup complete.
[2026-03-28 15:54:42 +0000] [412] [INFO] Started server process [412]
[2026-03-28 15:54:42 +0000] [412] [INFO] Waiting for application startup.
[2026-03-28 15:54:42 +0000] [412] [INFO] Application startup complete.
[2026-03-28 15:54:42 +0000] [413] [INFO] Started server process [413]
[2026-03-28 15:54:42 +0000] [413] [INFO] Waiting for application startup.
[2026-03-28 15:54:42 +0000] [413] [INFO] Application startup complete.
[2026-03-28 15:54:42 +0000] [424] [INFO] Booting worker with pid: 424
[2026-03-28 15:54:42 +0000] [426] [INFO] Booting worker with pid: 426
[2026-03-28 15:54:42 +0000] [427] [INFO] Booting worker with pid: 427
[2026-03-28 15:54:42 +0000] [419] [INFO] Started server process [419]
[2026-03-28 15:54:42 +0000] [419] [INFO] Waiting for application startup.
[2026-03-28 15:54:42 +0000] [419] [INFO] Application startup complete.
[2026-03-28 15:54:42 +0000] [428] [INFO] Booting worker with pid: 428
[2026-03-28 15:54:42 +0000] [429] [INFO] Booting worker with pid: 429
[2026-03-28 15:54:42 +0000] [424] [INFO] Started server process [424]
[2026-03-28 15:54:42 +0000] [424] [INFO] Waiting for application startup.
[2026-03-28 15:54:42 +0000] [424] [INFO] Application startup complete.
[2026-03-28 15:54:42 +0000] [432] [INFO] Booting worker with pid: 432
[2026-03-28 15:54:42 +0000] [433] [INFO] Booting worker with pid: 433
[2026-03-28 15:54:42 +0000] [418] [INFO] Started server process [418]
[2026-03-28 15:54:42 +0000] [418] [INFO] Waiting for application startup.
[2026-03-28 15:54:42 +0000] [418] [INFO] Application startup complete.
[2026-03-28 15:54:42 +0000] [434] [INFO] Booting worker with pid: 434
[2026-03-28 15:54:42 +0000] [437] [INFO] Booting worker with pid: 437
[2026-03-28 15:54:42 +0000] [433] [INFO] Started server process [433]
[2026-03-28 15:54:42 +0000] [433] [INFO] Waiting for application startup.
[2026-03-28 15:54:42 +0000] [433] [INFO] Application startup complete.
[2026-03-28 15:54:42 +0000] [438] [INFO] Booting worker with pid: 438
[2026-03-28 15:54:42 +0000] [422] [INFO] Started server process [422]
[2026-03-28 15:54:42 +0000] [422] [INFO] Waiting for application startup.
[2026-03-28 15:54:42 +0000] [422] [INFO] Application startup complete.
[2026-03-28 15:54:42 +0000] [443] [INFO] Booting worker with pid: 443
[2026-03-28 15:54:42 +0000] [429] [INFO] Started server process [429]
[2026-03-28 15:54:42 +0000] [429] [INFO] Waiting for application startup.
[2026-03-28 15:54:42 +0000] [429] [INFO] Application startup complete.
[2026-03-28 15:54:42 +0000] [428] [INFO] Started server process [428]
[2026-03-28 15:54:42 +0000] [428] [INFO] Waiting for application startup.
[2026-03-28 15:54:42 +0000] [428] [INFO] Application startup complete.
[2026-03-28 15:54:42 +0000] [446] [INFO] Booting worker with pid: 446
[2026-03-28 15:54:42 +0000] [432] [INFO] Started server process [432]
[2026-03-28 15:54:42 +0000] [432] [INFO] Waiting for application startup.
[2026-03-28 15:54:42 +0000] [432] [INFO] Application startup complete.
[2026-03-28 15:54:42 +0000] [447] [INFO] Booting worker with pid: 447
[2026-03-28 15:54:42 +0000] [438] [INFO] Started server process [438]
[2026-03-28 15:54:42 +0000] [438] [INFO] Waiting for application startup.
[2026-03-28 15:54:42 +0000] [427] [INFO] Started server process [427]
[2026-03-28 15:54:42 +0000] [427] [INFO] Waiting for application startup.
[2026-03-28 15:54:42 +0000] [438] [INFO] Application startup complete.
[2026-03-28 15:54:42 +0000] [427] [INFO] Application startup complete.
[2026-03-28 15:54:42 +0000] [448] [INFO] Booting worker with pid: 448
[2026-03-28 15:54:42 +0000] [449] [INFO] Booting worker with pid: 449
[2026-03-28 15:54:42 +0000] [426] [INFO] Started server process [426]
[2026-03-28 15:54:42 +0000] [426] [INFO] Waiting for application startup.
[2026-03-28 15:54:42 +0000] [426] [INFO] Application startup complete.
[2026-03-28 15:54:43 +0000] [446] [INFO] Started server process [446]
[2026-03-28 15:54:43 +0000] [446] [INFO] Waiting for application startup.
[2026-03-28 15:54:43 +0000] [446] [INFO] Application startup complete.
[2026-03-28 15:54:43 +0000] [452] [INFO] Booting worker with pid: 452
[2026-03-28 15:54:43 +0000] [437] [INFO] Started server process [437]
[2026-03-28 15:54:43 +0000] [437] [INFO] Waiting for application startup.
[2026-03-28 15:54:43 +0000] [437] [INFO] Application startup complete.
[2026-03-28 15:54:43 +0000] [453] [INFO] Booting worker with pid: 453
[2026-03-28 15:54:43 +0000] [443] [INFO] Started server process [443]
[2026-03-28 15:54:43 +0000] [443] [INFO] Waiting for application startup.
[2026-03-28 15:54:43 +0000] [443] [INFO] Application startup complete.
[2026-03-28 15:54:43 +0000] [434] [INFO] Started server process [434]
[2026-03-28 15:54:43 +0000] [434] [INFO] Waiting for application startup.
[2026-03-28 15:54:43 +0000] [434] [INFO] Application startup complete.
[2026-03-28 15:54:43 +0000] [458] [INFO] Booting worker with pid: 458
[2026-03-28 15:54:43 +0000] [459] [INFO] Booting worker with pid: 459
[2026-03-28 15:54:43 +0000] [449] [INFO] Started server process [449]
[2026-03-28 15:54:43 +0000] [449] [INFO] Waiting for application startup.
[2026-03-28 15:54:43 +0000] [449] [INFO] Application startup complete.
[2026-03-28 15:54:43 +0000] [448] [INFO] Started server process [448]
[2026-03-28 15:54:43 +0000] [448] [INFO] Waiting for application startup.
[2026-03-28 15:54:43 +0000] [448] [INFO] Application startup complete.
[2026-03-28 15:54:43 +0000] [460] [INFO] Booting worker with pid: 460
[2026-03-28 15:54:43 +0000] [462] [INFO] Booting worker with pid: 462
[2026-03-28 15:54:43 +0000] [458] [INFO] Started server process [458]
[2026-03-28 15:54:43 +0000] [458] [INFO] Waiting for application startup.
[2026-03-28 15:54:43 +0000] [458] [INFO] Application startup complete.
[2026-03-28 15:54:43 +0000] [465] [INFO] Booting worker with pid: 465
[2026-03-28 15:54:43 +0000] [466] [INFO] Booting worker with pid: 466
[2026-03-28 15:54:43 +0000] [467] [INFO] Booting worker with pid: 467
[2026-03-28 15:54:43 +0000] [447] [INFO] Started server process [447]
[2026-03-28 15:54:43 +0000] [447] [INFO] Waiting for application startup.
[2026-03-28 15:54:43 +0000] [447] [INFO] Application startup complete.
[2026-03-28 15:54:43 +0000] [468] [INFO] Booting worker with pid: 468
[2026-03-28 15:54:43 +0000] [452] [INFO] Started server process [452]
[2026-03-28 15:54:43 +0000] [452] [INFO] Waiting for application startup.
[2026-03-28 15:54:43 +0000] [452] [INFO] Application startup complete.
[2026-03-28 15:54:43 +0000] [469] [INFO] Booting worker with pid: 469
[2026-03-28 15:54:43 +0000] [462] [INFO] Started server process [462]
[2026-03-28 15:54:43 +0000] [462] [INFO] Waiting for application startup.
[2026-03-28 15:54:43 +0000] [462] [INFO] Application startup complete.
[2026-03-28 15:54:43 +0000] [472] [INFO] Booting worker with pid: 472
[2026-03-28 15:54:43 +0000] [460] [INFO] Started server process [460]
[2026-03-28 15:54:43 +0000] [460] [INFO] Waiting for application startup.
[2026-03-28 15:54:43 +0000] [460] [INFO] Application startup complete.
[2026-03-28 15:54:43 +0000] [465] [INFO] Started server process [465]
[2026-03-28 15:54:43 +0000] [465] [INFO] Waiting for application startup.
[2026-03-28 15:54:43 +0000] [465] [INFO] Application startup complete.
[2026-03-28 15:54:43 +0000] [466] [INFO] Started server process [466]
[2026-03-28 15:54:43 +0000] [466] [INFO] Waiting for application startup.
[2026-03-28 15:54:43 +0000] [466] [INFO] Application startup complete.
[2026-03-28 15:54:43 +0000] [476] [INFO] Booting worker with pid: 476
[2026-03-28 15:54:43 +0000] [467] [INFO] Started server process [467]
[2026-03-28 15:54:43 +0000] [467] [INFO] Waiting for application startup.
[2026-03-28 15:54:43 +0000] [467] [INFO] Application startup complete.
[2026-03-28 15:54:43 +0000] [469] [INFO] Started server process [469]
[2026-03-28 15:54:43 +0000] [469] [INFO] Waiting for application startup.
[2026-03-28 15:54:43 +0000] [469] [INFO] Application startup complete.
[2026-03-28 15:54:43 +0000] [478] [INFO] Booting worker with pid: 478
[2026-03-28 15:54:43 +0000] [476] [INFO] Started server process [476]
[2026-03-28 15:54:43 +0000] [476] [INFO] Waiting for application startup.
[2026-03-28 15:54:43 +0000] [476] [INFO] Application startup complete.
[2026-03-28 15:54:43 +0000] [482] [INFO] Booting worker with pid: 482
[2026-03-28 15:54:43 +0000] [468] [INFO] Started server process [468]
[2026-03-28 15:54:43 +0000] [468] [INFO] Waiting for application startup.
[2026-03-28 15:54:43 +0000] [468] [INFO] Application startup complete.
[2026-03-28 15:54:43 +0000] [483] [INFO] Booting worker with pid: 483
[2026-03-28 15:54:43 +0000] [453] [INFO] Started server process [453]
[2026-03-28 15:54:43 +0000] [453] [INFO] Waiting for application startup.
[2026-03-28 15:54:43 +0000] [453] [INFO] Application startup complete.
[2026-03-28 15:54:44 +0000] [478] [INFO] Started server process [478]
[2026-03-28 15:54:44 +0000] [478] [INFO] Waiting for application startup.
[2026-03-28 15:54:44 +0000] [478] [INFO] Application startup complete.
[2026-03-28 15:54:44 +0000] [485] [INFO] Booting worker with pid: 485
[2026-03-28 15:54:44 +0000] [482] [INFO] Started server process [482]
[2026-03-28 15:54:44 +0000] [482] [INFO] Waiting for application startup.
[2026-03-28 15:54:44 +0000] [482] [INFO] Application startup complete.
[2026-03-28 15:54:44 +0000] [487] [INFO] Booting worker with pid: 487
[2026-03-28 15:54:44 +0000] [459] [INFO] Started server process [459]
[2026-03-28 15:54:44 +0000] [459] [INFO] Waiting for application startup.
[2026-03-28 15:54:44 +0000] [459] [INFO] Application startup complete.
[2026-03-28 15:54:44 +0000] [472] [INFO] Started server process [472]
[2026-03-28 15:54:44 +0000] [472] [INFO] Waiting for application startup.
[2026-03-28 15:54:44 +0000] [472] [INFO] Application startup complete.
[2026-03-28 15:54:44 +0000] [490] [INFO] Booting worker with pid: 490
[2026-03-28 15:54:44 +0000] [483] [INFO] Started server process [483]
[2026-03-28 15:54:44 +0000] [483] [INFO] Waiting for application startup.
[2026-03-28 15:54:44 +0000] [483] [INFO] Application startup complete.
[2026-03-28 15:54:44 +0000] [485] [INFO] Started server process [485]
[2026-03-28 15:54:44 +0000] [485] [INFO] Waiting for application startup.
[2026-03-28 15:54:44 +0000] [485] [INFO] Application startup complete.
[2026-03-28 15:54:44 +0000] [487] [INFO] Started server process [487]
[2026-03-28 15:54:44 +0000] [487] [INFO] Waiting for application startup.
[2026-03-28 15:54:44 +0000] [487] [INFO] Application startup complete.
[2026-03-28 15:54:44 +0000] [490] [INFO] Started server process [490]
[2026-03-28 15:54:44 +0000] [490] [INFO] Waiting for application startup.
[2026-03-28 15:54:44 +0000] [490] [INFO] Application startup complete.
[2026-03-28 15:54:44 +0000] [495] [INFO] Booting worker with pid: 495
[2026-03-28 15:54:44 +0000] [495] [INFO] Started server process [495]
[2026-03-28 15:54:44 +0000] [495] [INFO] Waiting for application startup.
[2026-03-28 15:54:44 +0000] [495] [INFO] Application startup complete.
[2026-03-28 15:54:44 +0000] [497] [INFO] Booting worker with pid: 497
[2026-03-28 15:54:44 +0000] [498] [INFO] Booting worker with pid: 498
[2026-03-28 15:54:44 +0000] [497] [INFO] Started server process [497]
[2026-03-28 15:54:44 +0000] [497] [INFO] Waiting for application startup.
[2026-03-28 15:54:44 +0000] [497] [INFO] Application startup complete.
[2026-03-28 15:54:44 +0000] [498] [INFO] Started server process [498]
[2026-03-28 15:54:44 +0000] [498] [INFO] Waiting for application startup.
[2026-03-28 15:54:44 +0000] [498] [INFO] Application startup complete.
[2026-03-28 15:54:44 +0000] [501] [INFO] Booting worker with pid: 501
[2026-03-28 15:54:44 +0000] [502] [INFO] Booting worker with pid: 502
[2026-03-28 15:54:44 +0000] [501] [INFO] Started server process [501]
[2026-03-28 15:54:44 +0000] [501] [INFO] Waiting for application startup.
[2026-03-28 15:54:44 +0000] [501] [INFO] Application startup complete.
[2026-03-28 15:54:44 +0000] [504] [INFO] Booting worker with pid: 504
[2026-03-28 15:54:44 +0000] [502] [INFO] Started server process [502]
[2026-03-28 15:54:44 +0000] [502] [INFO] Waiting for application startup.
[2026-03-28 15:54:44 +0000] [502] [INFO] Application startup complete.
[2026-03-28 15:54:44 +0000] [504] [INFO] Started server process [504]
[2026-03-28 15:54:44 +0000] [504] [INFO] Waiting for application startup.
[2026-03-28 15:54:44 +0000] [504] [INFO] Application startup complete.
[2026-03-28 15:54:44 +0000] [507] [INFO] Booting worker with pid: 507
[2026-03-28 15:54:44 +0000] [508] [INFO] Booting worker with pid: 508
[2026-03-28 15:54:44 +0000] [507] [INFO] Started server process [507]
[2026-03-28 15:54:44 +0000] [507] [INFO] Waiting for application startup.
[2026-03-28 15:54:44 +0000] [507] [INFO] Application startup complete.
[2026-03-28 15:54:44 +0000] [508] [INFO] Started server process [508]
[2026-03-28 15:54:44 +0000] [508] [INFO] Waiting for application startup.
[2026-03-28 15:54:44 +0000] [508] [INFO] Application startup complete.
[2026-03-28 15:54:44 +0000] [511] [INFO] Booting worker with pid: 511
[2026-03-28 15:54:44 +0000] [512] [INFO] Booting worker with pid: 512
[2026-03-28 15:54:44 +0000] [511] [INFO] Started server process [511]
[2026-03-28 15:54:44 +0000] [511] [INFO] Waiting for application startup.
[2026-03-28 15:54:44 +0000] [511] [INFO] Application startup complete.
[2026-03-28 15:54:44 +0000] [512] [INFO] Started server process [512]
[2026-03-28 15:54:44 +0000] [512] [INFO] Waiting for application startup.
[2026-03-28 15:54:44 +0000] [512] [INFO] Application startup complete.
[2026-03-28 15:54:44 +0000] [515] [INFO] Booting worker with pid: 515
[2026-03-28 15:54:45 +0000] [515] [INFO] Started server process [515]
[2026-03-28 15:54:45 +0000] [515] [INFO] Waiting for application startup.
[2026-03-28 15:54:45 +0000] [515] [INFO] Application startup complete.
[2026-03-28 15:54:45 +0000] [517] [INFO] Booting worker with pid: 517
[2026-03-28 15:54:45 +0000] [517] [INFO] Started server process [517]
[2026-03-28 15:54:45 +0000] [517] [INFO] Waiting for application startup.
[2026-03-28 15:54:45 +0000] [517] [INFO] Application startup complete.
