INFO: Listening on port 8080
INFO: Starting up Iodine:
 * Iodine 5.2.1
 * Ruby 4.0.2
 * facil.io 0.7.4 (epoll)
 * 127 Workers X 1 Threads per worker.
 * Maximum 131056 open files / sockets per worker.
 * Master (root) process: 1.

INFO: Server is running 127 workers X 1 thread with facil.io 0.7.4 (epoll)
* Detected capacity: 131056 open file limit
* Root pid: 1
* Press ^C to stop

/usr/local/bundle/gems/rage-rb-1.22.1/lib/rage/middleware/fiber_wrapper.rb:11: warning: Scheduler should implement #fiber_interrupt
INFO: 13 is running.
/usr/local/bundle/gems/rage-rb-1.22.1/lib/rage/middleware/fiber_wrapper.rb:11: warning: Scheduler should implement #fiber_interrupt
INFO: 9 is running.
/usr/local/bundle/gems/rage-rb-1.22.1/lib/rage/middleware/fiber_wrapper.rb:11: warning: Scheduler should implement #fiber_interrupt
INFO: 17 is running.
/usr/local/bundle/gems/rage-rb-1.22.1/lib/rage/middleware/fiber_wrapper.rb:11: warning: Scheduler should implement #fiber_interrupt
INFO: 21 is running.
/usr/local/bundle/gems/rage-rb-1.22.1/lib/rage/middleware/fiber_wrapper.rb:11: warning: Scheduler should implement #fiber_interrupt
INFO: 27 is running.
/usr/local/bundle/gems/rage-rb-1.22.1/lib/rage/middleware/fiber_wrapper.rb:11: warning: Scheduler should implement #fiber_interrupt
INFO: 36 is running.
/usr/local/bundle/gems/rage-rb-1.22.1/lib/rage/middleware/fiber_wrapper.rb:11: warning: Scheduler should implement #fiber_interrupt
INFO: 32 is running.
/usr/local/bundle/gems/rage-rb-1.22.1/lib/rage/middleware/fiber_wrapper.rb:11: warning: Scheduler should implement #fiber_interrupt
INFO: 40 is running.
/usr/local/bundle/gems/rage-rb-1.22.1/lib/rage/middleware/fiber_wrapper.rb:11: warning: Scheduler should implement #fiber_interrupt
INFO: 47 is running.
/usr/local/bundle/gems/rage-rb-1.22.1/lib/rage/middleware/fiber_wrapper.rb:11: warning: Scheduler should implement #fiber_interrupt
INFO: 52 is running.
/usr/local/bundle/gems/rage-rb-1.22.1/lib/rage/middleware/fiber_wrapper.rb:11: warning: Scheduler should implement #fiber_interrupt
INFO: 56 is running.
/usr/local/bundle/gems/rage-rb-1.22.1/lib/rage/middleware/fiber_wrapper.rb:11: warning: Scheduler should implement #fiber_interrupt
INFO: 61 is running.
/usr/local/bundle/gems/rage-rb-1.22.1/lib/rage/middleware/fiber_wrapper.rb:11: warning: Scheduler should implement #fiber_interrupt
INFO: 69 is running.
/usr/local/bundle/gems/rage-rb-1.22.1/lib/rage/middleware/fiber_wrapper.rb:11: warning: Scheduler should implement #fiber_interrupt
INFO: 73 is running.
/usr/local/bundle/gems/rage-rb-1.22.1/lib/rage/middleware/fiber_wrapper.rb:11: warning: Scheduler should implement #fiber_interrupt
INFO: 77 is running.
/usr/local/bundle/gems/rage-rb-1.22.1/lib/rage/middleware/fiber_wrapper.rb:11: warning: Scheduler should implement #fiber_interrupt
INFO: 81 is running.
/usr/local/bundle/gems/rage-rb-1.22.1/lib/rage/middleware/fiber_wrapper.rb:11: warning: Scheduler should implement #fiber_interrupt
INFO: 85 is running.
/usr/local/bundle/gems/rage-rb-1.22.1/lib/rage/middleware/fiber_wrapper.rb:11: warning: Scheduler should implement #fiber_interrupt
INFO: 92 is running.
/usr/local/bundle/gems/rage-rb-1.22.1/lib/rage/middleware/fiber_wrapper.rb:11: warning: Scheduler should implement #fiber_interrupt
INFO: 97 is running.
/usr/local/bundle/gems/rage-rb-1.22.1/lib/rage/middleware/fiber_wrapper.rb:11: warning: Scheduler should implement #fiber_interrupt
INFO: 101 is running.
/usr/local/bundle/gems/rage-rb-1.22.1/lib/rage/middleware/fiber_wrapper.rb:11: warning: Scheduler should implement #fiber_interrupt
INFO: 111 is running.
/usr/local/bundle/gems/rage-rb-1.22.1/lib/rage/middleware/fiber_wrapper.rb:11: warning: Scheduler should implement #fiber_interrupt
INFO: 106 is running.
/usr/local/bundle/gems/rage-rb-1.22.1/lib/rage/middleware/fiber_wrapper.rb:11: warning: Scheduler should implement #fiber_interrupt
INFO: 116 is running.
/usr/local/bundle/gems/rage-rb-1.22.1/lib/rage/middleware/fiber_wrapper.rb:11: warning: Scheduler should implement #fiber_interrupt
INFO: 120 is running.
/usr/local/bundle/gems/rage-rb-1.22.1/lib/rage/middleware/fiber_wrapper.rb:11: warning: Scheduler should implement #fiber_interrupt
INFO: 127 is running.
/usr/local/bundle/gems/rage-rb-1.22.1/lib/rage/middleware/fiber_wrapper.rb:11: warning: Scheduler should implement #fiber_interrupt
INFO: 132 is running.
/usr/local/bundle/gems/rage-rb-1.22.1/lib/rage/middleware/fiber_wrapper.rb:11: warning: Scheduler should implement #fiber_interrupt
INFO: 137 is running.
/usr/local/bundle/gems/rage-rb-1.22.1/lib/rage/middleware/fiber_wrapper.rb:11: warning: Scheduler should implement #fiber_interrupt
INFO: 142 is running.
/usr/local/bundle/gems/rage-rb-1.22.1/lib/rage/middleware/fiber_wrapper.rb:11: warning: Scheduler should implement #fiber_interrupt
INFO: 146 is running.
/usr/local/bundle/gems/rage-rb-1.22.1/lib/rage/middleware/fiber_wrapper.rb:11: warning: Scheduler should implement #fiber_interrupt
INFO: 151 is running.
/usr/local/bundle/gems/rage-rb-1.22.1/lib/rage/middleware/fiber_wrapper.rb:11: warning: Scheduler should implement #fiber_interrupt
INFO: 157 is running.
/usr/local/bundle/gems/rage-rb-1.22.1/lib/rage/middleware/fiber_wrapper.rb:11: warning: Scheduler should implement #fiber_interrupt
/usr/local/bundle/gems/rage-rb-1.22.1/lib/rage/middleware/fiber_wrapper.rb:11: warning: Scheduler should implement #fiber_interrupt
INFO: 172 is running.
INFO: 166 is running.
/usr/local/bundle/gems/rage-rb-1.22.1/lib/rage/middleware/fiber_wrapper.rb:11: warning: Scheduler should implement #fiber_interrupt
INFO: 162 is running.
/usr/local/bundle/gems/rage-rb-1.22.1/lib/rage/middleware/fiber_wrapper.rb:11: warning: Scheduler should implement #fiber_interrupt
INFO: 176 is running.
/usr/local/bundle/gems/rage-rb-1.22.1/lib/rage/middleware/fiber_wrapper.rb:11: warning: Scheduler should implement #fiber_interrupt
INFO: 182 is running.
/usr/local/bundle/gems/rage-rb-1.22.1/lib/rage/middleware/fiber_wrapper.rb:11: warning: Scheduler should implement #fiber_interrupt
INFO: 187 is running.
/usr/local/bundle/gems/rage-rb-1.22.1/lib/rage/middleware/fiber_wrapper.rb:11: warning: Scheduler should implement #fiber_interrupt
INFO: 196 is running.
/usr/local/bundle/gems/rage-rb-1.22.1/lib/rage/middleware/fiber_wrapper.rb:11: warning: Scheduler should implement #fiber_interrupt
INFO: 191 is running.
/usr/local/bundle/gems/rage-rb-1.22.1/lib/rage/middleware/fiber_wrapper.rb:11: warning: Scheduler should implement #fiber_interrupt
INFO: 209 is running.
/usr/local/bundle/gems/rage-rb-1.22.1/lib/rage/middleware/fiber_wrapper.rb:11: warning: Scheduler should implement #fiber_interrupt
/usr/local/bundle/gems/rage-rb-1.22.1/lib/rage/middleware/fiber_wrapper.rb:11: warning: Scheduler should implement #fiber_interrupt
INFO: 201 is running.
INFO: 205 is running.
/usr/local/bundle/gems/rage-rb-1.22.1/lib/rage/middleware/fiber_wrapper.rb:11: warning: Scheduler should implement #fiber_interrupt
INFO: 214 is running.
/usr/local/bundle/gems/rage-rb-1.22.1/lib/rage/middleware/fiber_wrapper.rb:11: warning: Scheduler should implement #fiber_interrupt
INFO: 220 is running.
/usr/local/bundle/gems/rage-rb-1.22.1/lib/rage/middleware/fiber_wrapper.rb:11: warning: Scheduler should implement #fiber_interrupt
INFO: 227 is running.
/usr/local/bundle/gems/rage-rb-1.22.1/lib/rage/middleware/fiber_wrapper.rb:11: warning: Scheduler should implement #fiber_interrupt
INFO: 232 is running.
/usr/local/bundle/gems/rage-rb-1.22.1/lib/rage/middleware/fiber_wrapper.rb:11: warning: Scheduler should implement #fiber_interrupt
INFO: 236 is running.
/usr/local/bundle/gems/rage-rb-1.22.1/lib/rage/middleware/fiber_wrapper.rb:11: warning: Scheduler should implement #fiber_interrupt
INFO: 241 is running.
/usr/local/bundle/gems/rage-rb-1.22.1/lib/rage/middleware/fiber_wrapper.rb:11: warning: Scheduler should implement #fiber_interrupt
INFO: 246 is running.
/usr/local/bundle/gems/rage-rb-1.22.1/lib/rage/middleware/fiber_wrapper.rb:11: warning: Scheduler should implement #fiber_interrupt
INFO: 251 is running.
/usr/local/bundle/gems/rage-rb-1.22.1/lib/rage/middleware/fiber_wrapper.rb:11: warning: Scheduler should implement #fiber_interrupt
INFO: 256 is running.
/usr/local/bundle/gems/rage-rb-1.22.1/lib/rage/middleware/fiber_wrapper.rb:11: warning: Scheduler should implement #fiber_interrupt
INFO: 265 is running.
/usr/local/bundle/gems/rage-rb-1.22.1/lib/rage/middleware/fiber_wrapper.rb:11: warning: Scheduler should implement #fiber_interrupt
INFO: 261 is running.
/usr/local/bundle/gems/rage-rb-1.22.1/lib/rage/middleware/fiber_wrapper.rb:11: warning: Scheduler should implement #fiber_interrupt
INFO: 271 is running.
/usr/local/bundle/gems/rage-rb-1.22.1/lib/rage/middleware/fiber_wrapper.rb:11: warning: Scheduler should implement #fiber_interrupt
INFO: 276 is running.
/usr/local/bundle/gems/rage-rb-1.22.1/lib/rage/middleware/fiber_wrapper.rb:11: warning: Scheduler should implement #fiber_interrupt
INFO: 280 is running.
/usr/local/bundle/gems/rage-rb-1.22.1/lib/rage/middleware/fiber_wrapper.rb:11: warning: Scheduler should implement #fiber_interrupt
INFO: 285 is running.
/usr/local/bundle/gems/rage-rb-1.22.1/lib/rage/middleware/fiber_wrapper.rb:11: warning: Scheduler should implement #fiber_interrupt
INFO: 291 is running.
/usr/local/bundle/gems/rage-rb-1.22.1/lib/rage/middleware/fiber_wrapper.rb:11: warning: Scheduler should implement #fiber_interrupt
INFO: 299 is running.
/usr/local/bundle/gems/rage-rb-1.22.1/lib/rage/middleware/fiber_wrapper.rb:11: warning: Scheduler should implement #fiber_interrupt
INFO: 303 is running.
/usr/local/bundle/gems/rage-rb-1.22.1/lib/rage/middleware/fiber_wrapper.rb:11: warning: Scheduler should implement #fiber_interrupt
INFO: 307 is running.
/usr/local/bundle/gems/rage-rb-1.22.1/lib/rage/middleware/fiber_wrapper.rb:11: warning: Scheduler should implement #fiber_interrupt
INFO: 311 is running.
/usr/local/bundle/gems/rage-rb-1.22.1/lib/rage/middleware/fiber_wrapper.rb:11: warning: Scheduler should implement #fiber_interrupt
INFO: 317 is running.
/usr/local/bundle/gems/rage-rb-1.22.1/lib/rage/middleware/fiber_wrapper.rb:11: warning: Scheduler should implement #fiber_interrupt
INFO: 327 is running.
/usr/local/bundle/gems/rage-rb-1.22.1/lib/rage/middleware/fiber_wrapper.rb:11: warning: Scheduler should implement #fiber_interrupt
INFO: 321 is running.
/usr/local/bundle/gems/rage-rb-1.22.1/lib/rage/middleware/fiber_wrapper.rb:11: warning: Scheduler should implement #fiber_interrupt
INFO: 331 is running.
/usr/local/bundle/gems/rage-rb-1.22.1/lib/rage/middleware/fiber_wrapper.rb:11: warning: Scheduler should implement #fiber_interrupt
INFO: 336 is running.
/usr/local/bundle/gems/rage-rb-1.22.1/lib/rage/middleware/fiber_wrapper.rb:11: warning: Scheduler should implement #fiber_interrupt
INFO: 342 is running.
/usr/local/bundle/gems/rage-rb-1.22.1/lib/rage/middleware/fiber_wrapper.rb:11: warning: Scheduler should implement #fiber_interrupt
INFO: 349 is running.
/usr/local/bundle/gems/rage-rb-1.22.1/lib/rage/middleware/fiber_wrapper.rb:11: warning: Scheduler should implement #fiber_interrupt
/usr/local/bundle/gems/rage-rb-1.22.1/lib/rage/middleware/fiber_wrapper.rb:11: warning: Scheduler should implement #fiber_interrupt
INFO: 353 is running.
INFO: 357 is running.
/usr/local/bundle/gems/rage-rb-1.22.1/lib/rage/middleware/fiber_wrapper.rb:11: warning: Scheduler should implement #fiber_interrupt
INFO: 361 is running.
/usr/local/bundle/gems/rage-rb-1.22.1/lib/rage/middleware/fiber_wrapper.rb:11: warning: Scheduler should implement #fiber_interrupt
INFO: 366 is running.
/usr/local/bundle/gems/rage-rb-1.22.1/lib/rage/middleware/fiber_wrapper.rb:11: warning: Scheduler should implement #fiber_interrupt
INFO: 372 is running.
/usr/local/lib/ruby/4.0.0/resolv.rb:207: warning: IO::Buffer is experimental and both the Ruby and C interface may change in the future!
/usr/local/lib/ruby/4.0.0/resolv.rb:207: warning: IO::Buffer is experimental and both the Ruby and C interface may change in the future!
/usr/local/lib/ruby/4.0.0/resolv.rb:207: warning: IO::Buffer is experimental and both the Ruby and C interface may change in the future!
/usr/local/lib/ruby/4.0.0/resolv.rb:207: warning: IO::Buffer is experimental and both the Ruby and C interface may change in the future!
/usr/local/lib/ruby/4.0.0/resolv.rb:207: warning: IO::Buffer is experimental and both the Ruby and C interface may change in the future!
/usr/local/lib/ruby/4.0.0/resolv.rb:207: warning: IO::Buffer is experimental and both the Ruby and C interface may change in the future!
/usr/local/lib/ruby/4.0.0/resolv.rb:207: warning: IO::Buffer is experimental and both the Ruby and C interface may change in the future!
/usr/local/lib/ruby/4.0.0/resolv.rb:207: warning: IO::Buffer is experimental and both the Ruby and C interface may change in the future!
/usr/local/lib/ruby/4.0.0/resolv.rb:207: warning: IO::Buffer is experimental and both the Ruby and C interface may change in the future!
/usr/local/lib/ruby/4.0.0/resolv.rb:207: warning: IO::Buffer is experimental and both the Ruby and C interface may change in the future!
/usr/local/lib/ruby/4.0.0/resolv.rb:207: warning: IO::Buffer is experimental and both the Ruby and C interface may change in the future!
/usr/local/lib/ruby/4.0.0/resolv.rb:207: warning: IO::Buffer is experimental and both the Ruby and C interface may change in the future!
/usr/local/lib/ruby/4.0.0/resolv.rb:207: warning: IO::Buffer is experimental and both the Ruby and C interface may change in the future!
/usr/local/lib/ruby/4.0.0/resolv.rb:207: warning: IO::Buffer is experimental and both the Ruby and C interface may change in the future!
/usr/local/lib/ruby/4.0.0/resolv.rb:207: warning: IO::Buffer is experimental and both the Ruby and C interface may change in the future!
/usr/local/lib/ruby/4.0.0/resolv.rb:207: warning: IO::Buffer is experimental and both the Ruby and C interface may change in the future!
/usr/local/lib/ruby/4.0.0/resolv.rb:207: warning: IO::Buffer is experimental and both the Ruby and C interface may change in the future!
/usr/local/lib/ruby/4.0.0/resolv.rb:207: warning: IO::Buffer is experimental and both the Ruby and C interface may change in the future!
/usr/local/lib/ruby/4.0.0/resolv.rb:207: warning: IO::Buffer is experimental and both the Ruby and C interface may change in the future!
/usr/local/lib/ruby/4.0.0/resolv.rb:207: warning: IO::Buffer is experimental and both the Ruby and C interface may change in the future!
/usr/local/bundle/gems/rage-rb-1.22.1/lib/rage/middleware/fiber_wrapper.rb:11: warning: Scheduler should implement #fiber_interrupt
INFO: 377 is running.
/usr/local/lib/ruby/4.0.0/resolv.rb:207: warning: IO::Buffer is experimental and both the Ruby and C interface may change in the future!
/usr/local/bundle/gems/rage-rb-1.22.1/lib/rage/middleware/fiber_wrapper.rb:11: warning: Scheduler should implement #fiber_interrupt
INFO: 383 is running.
/usr/local/lib/ruby/4.0.0/resolv.rb:207: warning: IO::Buffer is experimental and both the Ruby and C interface may change in the future!
/usr/local/lib/ruby/4.0.0/resolv.rb:207: warning: IO::Buffer is experimental and both the Ruby and C interface may change in the future!
/usr/local/lib/ruby/4.0.0/resolv.rb:207: warning: IO::Buffer is experimental and both the Ruby and C interface may change in the future!
/usr/local/lib/ruby/4.0.0/resolv.rb:207: warning: IO::Buffer is experimental and both the Ruby and C interface may change in the future!
/usr/local/lib/ruby/4.0.0/resolv.rb:207: warning: IO::Buffer is experimental and both the Ruby and C interface may change in the future!
/usr/local/lib/ruby/4.0.0/resolv.rb:207: warning: IO::Buffer is experimental and both the Ruby and C interface may change in the future!
/usr/local/lib/ruby/4.0.0/resolv.rb:207: warning: IO::Buffer is experimental and both the Ruby and C interface may change in the future!
/usr/local/lib/ruby/4.0.0/resolv.rb:207: warning: IO::Buffer is experimental and both the Ruby and C interface may change in the future!
/usr/local/lib/ruby/4.0.0/resolv.rb:207: warning: IO::Buffer is experimental and both the Ruby and C interface may change in the future!
/usr/local/lib/ruby/4.0.0/resolv.rb:207: warning: IO::Buffer is experimental and both the Ruby and C interface may change in the future!
/usr/local/lib/ruby/4.0.0/resolv.rb:207: warning: IO::Buffer is experimental and both the Ruby and C interface may change in the future!
/usr/local/lib/ruby/4.0.0/resolv.rb:207: warning: IO::Buffer is experimental and both the Ruby and C interface may change in the future!
/usr/local/lib/ruby/4.0.0/resolv.rb:207: warning: IO::Buffer is experimental and both the Ruby and C interface may change in the future!
/usr/local/lib/ruby/4.0.0/resolv.rb:207: warning: IO::Buffer is experimental and both the Ruby and C interface may change in the future!
/usr/local/bundle/gems/rage-rb-1.22.1/lib/rage/middleware/fiber_wrapper.rb:11: warning: Scheduler should implement #fiber_interrupt
INFO: 387 is running.
/usr/local/lib/ruby/4.0.0/resolv.rb:207: warning: IO::Buffer is experimental and both the Ruby and C interface may change in the future!
/usr/local/lib/ruby/4.0.0/resolv.rb:207: warning: IO::Buffer is experimental and both the Ruby and C interface may change in the future!
/usr/local/lib/ruby/4.0.0/resolv.rb:207: warning: IO::Buffer is experimental and both the Ruby and C interface may change in the future!
/usr/local/lib/ruby/4.0.0/resolv.rb:207: warning: IO::Buffer is experimental and both the Ruby and C interface may change in the future!
/usr/local/lib/ruby/4.0.0/resolv.rb:207: warning: IO::Buffer is experimental and both the Ruby and C interface may change in the future!
/usr/local/lib/ruby/4.0.0/resolv.rb:207: warning: IO::Buffer is experimental and both the Ruby and C interface may change in the future!
/usr/local/bundle/gems/rage-rb-1.22.1/lib/rage/middleware/fiber_wrapper.rb:11: warning: Scheduler should implement #fiber_interrupt
INFO: 393 is running.
/usr/local/lib/ruby/4.0.0/resolv.rb:207: warning: IO::Buffer is experimental and both the Ruby and C interface may change in the future!
/usr/local/lib/ruby/4.0.0/resolv.rb:207: warning: IO::Buffer is experimental and both the Ruby and C interface may change in the future!
/usr/local/lib/ruby/4.0.0/resolv.rb:207: warning: IO::Buffer is experimental and both the Ruby and C interface may change in the future!
/usr/local/lib/ruby/4.0.0/resolv.rb:207: warning: IO::Buffer is experimental and both the Ruby and C interface may change in the future!
/usr/local/lib/ruby/4.0.0/resolv.rb:207: warning: IO::Buffer is experimental and both the Ruby and C interface may change in the future!
/usr/local/lib/ruby/4.0.0/resolv.rb:207: warning: IO::Buffer is experimental and both the Ruby and C interface may change in the future!
/usr/local/lib/ruby/4.0.0/resolv.rb:207: warning: IO::Buffer is experimental and both the Ruby and C interface may change in the future!
/usr/local/bundle/gems/rage-rb-1.22.1/lib/rage/middleware/fiber_wrapper.rb:11: warning: Scheduler should implement #fiber_interrupt
INFO: 397 is running.
/usr/local/lib/ruby/4.0.0/resolv.rb:207: warning: IO::Buffer is experimental and both the Ruby and C interface may change in the future!
/usr/local/lib/ruby/4.0.0/resolv.rb:207: warning: IO::Buffer is experimental and both the Ruby and C interface may change in the future!
/usr/local/lib/ruby/4.0.0/resolv.rb:207: warning: IO::Buffer is experimental and both the Ruby and C interface may change in the future!
/usr/local/lib/ruby/4.0.0/resolv.rb:207: warning: IO::Buffer is experimental and both the Ruby and C interface may change in the future!
/usr/local/lib/ruby/4.0.0/resolv.rb:207: warning: IO::Buffer is experimental and both the Ruby and C interface may change in the future!
/usr/local/lib/ruby/4.0.0/resolv.rb:207: warning: IO::Buffer is experimental and both the Ruby and C interface may change in the future!
/usr/local/lib/ruby/4.0.0/resolv.rb:207: warning: IO::Buffer is experimental and both the Ruby and C interface may change in the future!
/usr/local/bundle/gems/rage-rb-1.22.1/lib/rage/middleware/fiber_wrapper.rb:11: warning: Scheduler should implement #fiber_interrupt
INFO: 401 is running.
/usr/local/lib/ruby/4.0.0/resolv.rb:207: warning: IO::Buffer is experimental and both the Ruby and C interface may change in the future!
/usr/local/lib/ruby/4.0.0/resolv.rb:207: warning: IO::Buffer is experimental and both the Ruby and C interface may change in the future!
/usr/local/lib/ruby/4.0.0/resolv.rb:207: warning: IO::Buffer is experimental and both the Ruby and C interface may change in the future!
/usr/local/lib/ruby/4.0.0/resolv.rb:207: warning: IO::Buffer is experimental and both the Ruby and C interface may change in the future!
/usr/local/lib/ruby/4.0.0/resolv.rb:207: warning: IO::Buffer is experimental and both the Ruby and C interface may change in the future!
/usr/local/lib/ruby/4.0.0/resolv.rb:207: warning: IO::Buffer is experimental and both the Ruby and C interface may change in the future!
/usr/local/bundle/gems/rage-rb-1.22.1/lib/rage/middleware/fiber_wrapper.rb:11: warning: Scheduler should implement #fiber_interrupt
INFO: 406 is running.
/usr/local/lib/ruby/4.0.0/resolv.rb:207: warning: IO::Buffer is experimental and both the Ruby and C interface may change in the future!
/usr/local/lib/ruby/4.0.0/resolv.rb:207: warning: IO::Buffer is experimental and both the Ruby and C interface may change in the future!
/usr/local/lib/ruby/4.0.0/resolv.rb:207: warning: IO::Buffer is experimental and both the Ruby and C interface may change in the future!
/usr/local/lib/ruby/4.0.0/resolv.rb:207: warning: IO::Buffer is experimental and both the Ruby and C interface may change in the future!
/usr/local/lib/ruby/4.0.0/resolv.rb:207: warning: IO::Buffer is experimental and both the Ruby and C interface may change in the future!
/usr/local/lib/ruby/4.0.0/resolv.rb:207: warning: IO::Buffer is experimental and both the Ruby and C interface may change in the future!
/usr/local/bundle/gems/rage-rb-1.22.1/lib/rage/middleware/fiber_wrapper.rb:11: warning: Scheduler should implement #fiber_interrupt
INFO: 411 is running.
/usr/local/lib/ruby/4.0.0/resolv.rb:207: warning: IO::Buffer is experimental and both the Ruby and C interface may change in the future!
/usr/local/bundle/gems/rage-rb-1.22.1/lib/rage/middleware/fiber_wrapper.rb:11: warning: Scheduler should implement #fiber_interrupt
INFO: 416 is running.
/usr/local/lib/ruby/4.0.0/resolv.rb:207: warning: IO::Buffer is experimental and both the Ruby and C interface may change in the future!
/usr/local/lib/ruby/4.0.0/resolv.rb:207: warning: IO::Buffer is experimental and both the Ruby and C interface may change in the future!
/usr/local/bundle/gems/rage-rb-1.22.1/lib/rage/middleware/fiber_wrapper.rb:11: warning: Scheduler should implement #fiber_interrupt
INFO: 421 is running.
/usr/local/lib/ruby/4.0.0/resolv.rb:207: warning: IO::Buffer is experimental and both the Ruby and C interface may change in the future!
/usr/local/lib/ruby/4.0.0/resolv.rb:207: warning: IO::Buffer is experimental and both the Ruby and C interface may change in the future!
/usr/local/lib/ruby/4.0.0/resolv.rb:207: warning: IO::Buffer is experimental and both the Ruby and C interface may change in the future!
/usr/local/lib/ruby/4.0.0/resolv.rb:207: warning: IO::Buffer is experimental and both the Ruby and C interface may change in the future!
/usr/local/bundle/gems/rage-rb-1.22.1/lib/rage/middleware/fiber_wrapper.rb:11: warning: Scheduler should implement #fiber_interrupt
INFO: 426 is running.
/usr/local/lib/ruby/4.0.0/resolv.rb:207: warning: IO::Buffer is experimental and both the Ruby and C interface may change in the future!
/usr/local/lib/ruby/4.0.0/resolv.rb:207: warning: IO::Buffer is experimental and both the Ruby and C interface may change in the future!
/usr/local/lib/ruby/4.0.0/resolv.rb:207: warning: IO::Buffer is experimental and both the Ruby and C interface may change in the future!
/usr/local/bundle/gems/rage-rb-1.22.1/lib/rage/middleware/fiber_wrapper.rb:11: warning: Scheduler should implement #fiber_interrupt
INFO: 431 is running.
/usr/local/lib/ruby/4.0.0/resolv.rb:207: warning: IO::Buffer is experimental and both the Ruby and C interface may change in the future!
/usr/local/lib/ruby/4.0.0/resolv.rb:207: warning: IO::Buffer is experimental and both the Ruby and C interface may change in the future!
/usr/local/lib/ruby/4.0.0/resolv.rb:207: warning: IO::Buffer is experimental and both the Ruby and C interface may change in the future!
/usr/local/bundle/gems/rage-rb-1.22.1/lib/rage/middleware/fiber_wrapper.rb:11: warning: Scheduler should implement #fiber_interrupt
INFO: 437 is running.
/usr/local/lib/ruby/4.0.0/resolv.rb:207: warning: IO::Buffer is experimental and both the Ruby and C interface may change in the future!
/usr/local/lib/ruby/4.0.0/resolv.rb:207: warning: IO::Buffer is experimental and both the Ruby and C interface may change in the future!
/usr/local/lib/ruby/4.0.0/resolv.rb:207: warning: IO::Buffer is experimental and both the Ruby and C interface may change in the future!
/usr/local/lib/ruby/4.0.0/resolv.rb:207: warning: IO::Buffer is experimental and both the Ruby and C interface may change in the future!
/usr/local/lib/ruby/4.0.0/resolv.rb:207: warning: IO::Buffer is experimental and both the Ruby and C interface may change in the future!
/usr/local/bundle/gems/rage-rb-1.22.1/lib/rage/middleware/fiber_wrapper.rb:11: warning: Scheduler should implement #fiber_interrupt
INFO: 441 is running.
/usr/local/lib/ruby/4.0.0/resolv.rb:207: warning: IO::Buffer is experimental and both the Ruby and C interface may change in the future!
/usr/local/lib/ruby/4.0.0/resolv.rb:207: warning: IO::Buffer is experimental and both the Ruby and C interface may change in the future!
/usr/local/lib/ruby/4.0.0/resolv.rb:207: warning: IO::Buffer is experimental and both the Ruby and C interface may change in the future!
/usr/local/bundle/gems/rage-rb-1.22.1/lib/rage/middleware/fiber_wrapper.rb:11: warning: Scheduler should implement #fiber_interrupt
INFO: 447 is running.
/usr/local/lib/ruby/4.0.0/resolv.rb:207: warning: IO::Buffer is experimental and both the Ruby and C interface may change in the future!
/usr/local/bundle/gems/rage-rb-1.22.1/lib/rage/middleware/fiber_wrapper.rb:11: warning: Scheduler should implement #fiber_interrupt
INFO: 452 is running.
/usr/local/lib/ruby/4.0.0/resolv.rb:207: warning: IO::Buffer is experimental and both the Ruby and C interface may change in the future!
/usr/local/bundle/gems/rage-rb-1.22.1/lib/rage/middleware/fiber_wrapper.rb:11: warning: Scheduler should implement #fiber_interrupt
INFO: 457 is running.
/usr/local/lib/ruby/4.0.0/resolv.rb:207: warning: IO::Buffer is experimental and both the Ruby and C interface may change in the future!
/usr/local/bundle/gems/rage-rb-1.22.1/lib/rage/middleware/fiber_wrapper.rb:11: warning: Scheduler should implement #fiber_interrupt
INFO: 462 is running.
/usr/local/bundle/gems/rage-rb-1.22.1/lib/rage/middleware/fiber_wrapper.rb:11: warning: Scheduler should implement #fiber_interrupt
INFO: 467 is running.
/usr/local/lib/ruby/4.0.0/resolv.rb:207: warning: IO::Buffer is experimental and both the Ruby and C interface may change in the future!
/usr/local/bundle/gems/rage-rb-1.22.1/lib/rage/middleware/fiber_wrapper.rb:11: warning: Scheduler should implement #fiber_interrupt
INFO: 472 is running.
/usr/local/lib/ruby/4.0.0/resolv.rb:207: warning: IO::Buffer is experimental and both the Ruby and C interface may change in the future!
/usr/local/lib/ruby/4.0.0/resolv.rb:207: warning: IO::Buffer is experimental and both the Ruby and C interface may change in the future!
/usr/local/bundle/gems/rage-rb-1.22.1/lib/rage/middleware/fiber_wrapper.rb:11: warning: Scheduler should implement #fiber_interrupt
INFO: 476 is running.
/usr/local/bundle/gems/rage-rb-1.22.1/lib/rage/middleware/fiber_wrapper.rb:11: warning: Scheduler should implement #fiber_interrupt
INFO: 483 is running.
/usr/local/bundle/gems/rage-rb-1.22.1/lib/rage/middleware/fiber_wrapper.rb:11: warning: Scheduler should implement #fiber_interrupt
INFO: 487 is running.
/usr/local/lib/ruby/4.0.0/resolv.rb:207: warning: IO::Buffer is experimental and both the Ruby and C interface may change in the future!
/usr/local/bundle/gems/rage-rb-1.22.1/lib/rage/middleware/fiber_wrapper.rb:11: warning: Scheduler should implement #fiber_interrupt
INFO: 491 is running.
/usr/local/lib/ruby/4.0.0/resolv.rb:207: warning: IO::Buffer is experimental and both the Ruby and C interface may change in the future!
/usr/local/bundle/gems/rage-rb-1.22.1/lib/rage/middleware/fiber_wrapper.rb:11: warning: Scheduler should implement #fiber_interrupt
INFO: 496 is running.
/usr/local/bundle/gems/rage-rb-1.22.1/lib/rage/middleware/fiber_wrapper.rb:11: warning: Scheduler should implement #fiber_interrupt
INFO: 502 is running.
/usr/local/lib/ruby/4.0.0/resolv.rb:207: warning: IO::Buffer is experimental and both the Ruby and C interface may change in the future!
/usr/local/bundle/gems/rage-rb-1.22.1/lib/rage/middleware/fiber_wrapper.rb:11: warning: Scheduler should implement #fiber_interrupt
INFO: 512 is running.
/usr/local/bundle/gems/rage-rb-1.22.1/lib/rage/middleware/fiber_wrapper.rb:11: warning: Scheduler should implement #fiber_interrupt
INFO: 507 is running.
/usr/local/bundle/gems/rage-rb-1.22.1/lib/rage/middleware/fiber_wrapper.rb:11: warning: Scheduler should implement #fiber_interrupt
INFO: 517 is running.
/usr/local/lib/ruby/4.0.0/resolv.rb:207: warning: IO::Buffer is experimental and both the Ruby and C interface may change in the future!
/usr/local/lib/ruby/4.0.0/resolv.rb:207: warning: IO::Buffer is experimental and both the Ruby and C interface may change in the future!
/usr/local/bundle/gems/rage-rb-1.22.1/lib/rage/middleware/fiber_wrapper.rb:11: warning: Scheduler should implement #fiber_interrupt
INFO: 521 is running.
/usr/local/lib/ruby/4.0.0/resolv.rb:207: warning: IO::Buffer is experimental and both the Ruby and C interface may change in the future!
/usr/local/lib/ruby/4.0.0/resolv.rb:207: warning: IO::Buffer is experimental and both the Ruby and C interface may change in the future!
/usr/local/bundle/gems/rage-rb-1.22.1/lib/rage/middleware/fiber_wrapper.rb:11: warning: Scheduler should implement #fiber_interrupt
INFO: 525 is running.
/usr/local/lib/ruby/4.0.0/resolv.rb:207: warning: IO::Buffer is experimental and both the Ruby and C interface may change in the future!
/usr/local/lib/ruby/4.0.0/resolv.rb:207: warning: IO::Buffer is experimental and both the Ruby and C interface may change in the future!
/usr/local/bundle/gems/rage-rb-1.22.1/lib/rage/middleware/fiber_wrapper.rb:11: warning: Scheduler should implement #fiber_interrupt
INFO: 532 is running.
/usr/local/bundle/gems/rage-rb-1.22.1/lib/rage/middleware/fiber_wrapper.rb:11: warning: Scheduler should implement #fiber_interrupt
INFO: 536 is running.
/usr/local/lib/ruby/4.0.0/resolv.rb:207: warning: IO::Buffer is experimental and both the Ruby and C interface may change in the future!
/usr/local/bundle/gems/rage-rb-1.22.1/lib/rage/middleware/fiber_wrapper.rb:11: warning: Scheduler should implement #fiber_interrupt
INFO: 542 is running.
/usr/local/lib/ruby/4.0.0/resolv.rb:207: warning: IO::Buffer is experimental and both the Ruby and C interface may change in the future!
/usr/local/lib/ruby/4.0.0/resolv.rb:207: warning: IO::Buffer is experimental and both the Ruby and C interface may change in the future!
/usr/local/bundle/gems/rage-rb-1.22.1/lib/rage/middleware/fiber_wrapper.rb:11: warning: Scheduler should implement #fiber_interrupt
INFO: 546 is running.
/usr/local/lib/ruby/4.0.0/resolv.rb:207: warning: IO::Buffer is experimental and both the Ruby and C interface may change in the future!
/usr/local/bundle/gems/rage-rb-1.22.1/lib/rage/middleware/fiber_wrapper.rb:11: warning: Scheduler should implement #fiber_interrupt
INFO: 552 is running.
/usr/local/lib/ruby/4.0.0/resolv.rb:207: warning: IO::Buffer is experimental and both the Ruby and C interface may change in the future!
/usr/local/lib/ruby/4.0.0/resolv.rb:207: warning: IO::Buffer is experimental and both the Ruby and C interface may change in the future!
/usr/local/bundle/gems/rage-rb-1.22.1/lib/rage/middleware/fiber_wrapper.rb:11: warning: Scheduler should implement #fiber_interrupt
INFO: 561 is running.
/usr/local/bundle/gems/rage-rb-1.22.1/lib/rage/middleware/fiber_wrapper.rb:11: warning: Scheduler should implement #fiber_interrupt
INFO: 566 is running.
/usr/local/bundle/gems/rage-rb-1.22.1/lib/rage/middleware/fiber_wrapper.rb:11: warning: Scheduler should implement #fiber_interrupt
INFO: 571 is running.
/usr/local/lib/ruby/4.0.0/resolv.rb:207: warning: IO::Buffer is experimental and both the Ruby and C interface may change in the future!
/usr/local/lib/ruby/4.0.0/resolv.rb:207: warning: IO::Buffer is experimental and both the Ruby and C interface may change in the future!
/usr/local/bundle/gems/rage-rb-1.22.1/lib/rage/middleware/fiber_wrapper.rb:11: warning: Scheduler should implement #fiber_interrupt
INFO: 556 is running.
/usr/local/bundle/gems/rage-rb-1.22.1/lib/rage/middleware/fiber_wrapper.rb:11: warning: Scheduler should implement #fiber_interrupt
/usr/local/bundle/gems/rage-rb-1.22.1/lib/rage/middleware/fiber_wrapper.rb:11: warning: Scheduler should implement #fiber_interrupt
INFO: 582 is running.
/usr/local/lib/ruby/4.0.0/resolv.rb:207: warning: IO::Buffer is experimental and both the Ruby and C interface may change in the future!
/usr/local/lib/ruby/4.0.0/resolv.rb:207: warning: IO::Buffer is experimental and both the Ruby and C interface may change in the future!
/usr/local/bundle/gems/rage-rb-1.22.1/lib/rage/middleware/fiber_wrapper.rb:11: warning: Scheduler should implement #fiber_interrupt
INFO: 587 is running.
/usr/local/lib/ruby/4.0.0/resolv.rb:207: warning: IO::Buffer is experimental and both the Ruby and C interface may change in the future!
/usr/local/bundle/gems/rage-rb-1.22.1/lib/rage/middleware/fiber_wrapper.rb:11: warning: Scheduler should implement #fiber_interrupt
INFO: 591 is running.
/usr/local/bundle/gems/rage-rb-1.22.1/lib/rage/middleware/fiber_wrapper.rb:11: warning: Scheduler should implement #fiber_interrupt
INFO: 596 is running.
INFO: 578 is running.
/usr/local/bundle/gems/rage-rb-1.22.1/lib/rage/middleware/fiber_wrapper.rb:11: warning: Scheduler should implement #fiber_interrupt
INFO: 602 is running.
/usr/local/bundle/gems/rage-rb-1.22.1/lib/rage/middleware/fiber_wrapper.rb:11: warning: Scheduler should implement #fiber_interrupt
/usr/local/lib/ruby/4.0.0/resolv.rb:207: warning: IO::Buffer is experimental and both the Ruby and C interface may change in the future!
/usr/local/lib/ruby/4.0.0/resolv.rb:207: warning: IO::Buffer is experimental and both the Ruby and C interface may change in the future!
INFO: 606 is running.
/usr/local/bundle/gems/rage-rb-1.22.1/lib/rage/middleware/fiber_wrapper.rb:11: warning: Scheduler should implement #fiber_interrupt
INFO: 616 is running.
/usr/local/lib/ruby/4.0.0/resolv.rb:207: warning: IO::Buffer is experimental and both the Ruby and C interface may change in the future!
/usr/local/bundle/gems/rage-rb-1.22.1/lib/rage/middleware/fiber_wrapper.rb:11: warning: Scheduler should implement #fiber_interrupt
INFO: 626 is running.
/usr/local/bundle/gems/rage-rb-1.22.1/lib/rage/middleware/fiber_wrapper.rb:11: warning: Scheduler should implement #fiber_interrupt
INFO: 630 is running.
/usr/local/lib/ruby/4.0.0/resolv.rb:207: warning: IO::Buffer is experimental and both the Ruby and C interface may change in the future!
/usr/local/bundle/gems/rage-rb-1.22.1/lib/rage/middleware/fiber_wrapper.rb:11: warning: Scheduler should implement #fiber_interrupt
INFO: 634 is running.
/usr/local/lib/ruby/4.0.0/resolv.rb:207: warning: IO::Buffer is experimental and both the Ruby and C interface may change in the future!
/usr/local/lib/ruby/4.0.0/resolv.rb:207: warning: IO::Buffer is experimental and both the Ruby and C interface may change in the future!
/usr/local/lib/ruby/4.0.0/resolv.rb:207: warning: IO::Buffer is experimental and both the Ruby and C interface may change in the future!
/usr/local/lib/ruby/4.0.0/resolv.rb:207: warning: IO::Buffer is experimental and both the Ruby and C interface may change in the future!
/usr/local/lib/ruby/4.0.0/resolv.rb:207: warning: IO::Buffer is experimental and both the Ruby and C interface may change in the future!
/usr/local/bundle/gems/rage-rb-1.22.1/lib/rage/middleware/fiber_wrapper.rb:11: warning: Scheduler should implement #fiber_interrupt
INFO: 611 is running.
/usr/local/lib/ruby/4.0.0/resolv.rb:207: warning: IO::Buffer is experimental and both the Ruby and C interface may change in the future!
/usr/local/bundle/gems/rage-rb-1.22.1/lib/rage/middleware/fiber_wrapper.rb:11: warning: Scheduler should implement #fiber_interrupt
INFO: 622 is running.
/usr/local/lib/ruby/4.0.0/resolv.rb:207: warning: IO::Buffer is experimental and both the Ruby and C interface may change in the future!
/usr/local/lib/ruby/4.0.0/resolv.rb:207: warning: IO::Buffer is experimental and both the Ruby and C interface may change in the future!
/usr/local/lib/ruby/4.0.0/resolv.rb:207: warning: IO::Buffer is experimental and both the Ruby and C interface may change in the future!
