[2026-03-25 18:48:40 +0000] [1] [INFO] Starting gunicorn 23.0.0
[2026-03-25 18:48:40 +0000] [1] [INFO] Listening at: http://0.0.0.0:8080 (1)
[2026-03-25 18:48:40 +0000] [1] [INFO] Using worker: uvicorn.workers.UvicornWorker
[2026-03-25 18:48:40 +0000] [7] [INFO] Booting worker with pid: 7
[2026-03-25 18:48:40 +0000] [8] [INFO] Booting worker with pid: 8
[2026-03-25 18:48:40 +0000] [9] [INFO] Booting worker with pid: 9
[2026-03-25 18:48:40 +0000] [10] [INFO] Booting worker with pid: 10
[2026-03-25 18:48:40 +0000] [11] [INFO] Booting worker with pid: 11
[2026-03-25 18:48:40 +0000] [12] [INFO] Booting worker with pid: 12
[2026-03-25 18:48:40 +0000] [7] [INFO] Started server process [7]
[2026-03-25 18:48:40 +0000] [7] [INFO] Waiting for application startup.
[2026-03-25 18:48:40 +0000] [7] [INFO] Application startup complete.
[2026-03-25 18:48:40 +0000] [8] [INFO] Started server process [8]
[2026-03-25 18:48:40 +0000] [8] [INFO] Waiting for application startup.
[2026-03-25 18:48:40 +0000] [8] [INFO] Application startup complete.
[2026-03-25 18:48:40 +0000] [15] [INFO] Booting worker with pid: 15
[2026-03-25 18:48:40 +0000] [16] [INFO] Booting worker with pid: 16
[2026-03-25 18:48:40 +0000] [9] [INFO] Started server process [9]
[2026-03-25 18:48:40 +0000] [9] [INFO] Waiting for application startup.
[2026-03-25 18:48:40 +0000] [9] [INFO] Application startup complete.
[2026-03-25 18:48:40 +0000] [18] [INFO] Booting worker with pid: 18
[2026-03-25 18:48:41 +0000] [10] [INFO] Started server process [10]
[2026-03-25 18:48:41 +0000] [10] [INFO] Waiting for application startup.
[2026-03-25 18:48:41 +0000] [10] [INFO] Application startup complete.
[2026-03-25 18:48:41 +0000] [20] [INFO] Booting worker with pid: 20
[2026-03-25 18:48:41 +0000] [22] [INFO] Booting worker with pid: 22
[2026-03-25 18:48:41 +0000] [11] [INFO] Started server process [11]
[2026-03-25 18:48:41 +0000] [11] [INFO] Waiting for application startup.
[2026-03-25 18:48:41 +0000] [11] [INFO] Application startup complete.
[2026-03-25 18:48:41 +0000] [23] [INFO] Booting worker with pid: 23
[2026-03-25 18:48:41 +0000] [12] [INFO] Started server process [12]
[2026-03-25 18:48:41 +0000] [12] [INFO] Waiting for application startup.
[2026-03-25 18:48:41 +0000] [12] [INFO] Application startup complete.
[2026-03-25 18:48:41 +0000] [25] [INFO] Booting worker with pid: 25
[2026-03-25 18:48:41 +0000] [15] [INFO] Started server process [15]
[2026-03-25 18:48:41 +0000] [15] [INFO] Waiting for application startup.
[2026-03-25 18:48:41 +0000] [15] [INFO] Application startup complete.
[2026-03-25 18:48:41 +0000] [27] [INFO] Booting worker with pid: 27
[2026-03-25 18:48:41 +0000] [16] [INFO] Started server process [16]
[2026-03-25 18:48:41 +0000] [16] [INFO] Waiting for application startup.
[2026-03-25 18:48:41 +0000] [16] [INFO] Application startup complete.
[2026-03-25 18:48:41 +0000] [18] [INFO] Started server process [18]
[2026-03-25 18:48:41 +0000] [18] [INFO] Waiting for application startup.
[2026-03-25 18:48:41 +0000] [18] [INFO] Application startup complete.
[2026-03-25 18:48:41 +0000] [30] [INFO] Booting worker with pid: 30
[2026-03-25 18:48:41 +0000] [20] [INFO] Started server process [20]
[2026-03-25 18:48:41 +0000] [20] [INFO] Waiting for application startup.
[2026-03-25 18:48:41 +0000] [20] [INFO] Application startup complete.
[2026-03-25 18:48:41 +0000] [32] [INFO] Booting worker with pid: 32
[2026-03-25 18:48:41 +0000] [22] [INFO] Started server process [22]
[2026-03-25 18:48:41 +0000] [22] [INFO] Waiting for application startup.
[2026-03-25 18:48:41 +0000] [22] [INFO] Application startup complete.
[2026-03-25 18:48:41 +0000] [23] [INFO] Started server process [23]
[2026-03-25 18:48:41 +0000] [23] [INFO] Waiting for application startup.
[2026-03-25 18:48:41 +0000] [23] [INFO] Application startup complete.
[2026-03-25 18:48:41 +0000] [35] [INFO] Booting worker with pid: 35
[2026-03-25 18:48:41 +0000] [36] [INFO] Booting worker with pid: 36
[2026-03-25 18:48:41 +0000] [25] [INFO] Started server process [25]
[2026-03-25 18:48:41 +0000] [25] [INFO] Waiting for application startup.
[2026-03-25 18:48:41 +0000] [25] [INFO] Application startup complete.
[2026-03-25 18:48:41 +0000] [27] [INFO] Started server process [27]
[2026-03-25 18:48:41 +0000] [27] [INFO] Waiting for application startup.
[2026-03-25 18:48:41 +0000] [27] [INFO] Application startup complete.
[2026-03-25 18:48:41 +0000] [39] [INFO] Booting worker with pid: 39
[2026-03-25 18:48:41 +0000] [40] [INFO] Booting worker with pid: 40
[2026-03-25 18:48:41 +0000] [30] [INFO] Started server process [30]
[2026-03-25 18:48:41 +0000] [30] [INFO] Waiting for application startup.
[2026-03-25 18:48:41 +0000] [30] [INFO] Application startup complete.
[2026-03-25 18:48:41 +0000] [43] [INFO] Booting worker with pid: 43
[2026-03-25 18:48:41 +0000] [32] [INFO] Started server process [32]
[2026-03-25 18:48:41 +0000] [32] [INFO] Waiting for application startup.
[2026-03-25 18:48:41 +0000] [32] [INFO] Application startup complete.
[2026-03-25 18:48:41 +0000] [35] [INFO] Started server process [35]
[2026-03-25 18:48:41 +0000] [35] [INFO] Waiting for application startup.
[2026-03-25 18:48:41 +0000] [35] [INFO] Application startup complete.
[2026-03-25 18:48:41 +0000] [45] [INFO] Booting worker with pid: 45
[2026-03-25 18:48:41 +0000] [36] [INFO] Started server process [36]
[2026-03-25 18:48:41 +0000] [36] [INFO] Waiting for application startup.
[2026-03-25 18:48:41 +0000] [36] [INFO] Application startup complete.
[2026-03-25 18:48:41 +0000] [47] [INFO] Booting worker with pid: 47
[2026-03-25 18:48:41 +0000] [39] [INFO] Started server process [39]
[2026-03-25 18:48:41 +0000] [39] [INFO] Waiting for application startup.
[2026-03-25 18:48:41 +0000] [39] [INFO] Application startup complete.
[2026-03-25 18:48:41 +0000] [40] [INFO] Started server process [40]
[2026-03-25 18:48:41 +0000] [40] [INFO] Waiting for application startup.
[2026-03-25 18:48:41 +0000] [40] [INFO] Application startup complete.
[2026-03-25 18:48:41 +0000] [50] [INFO] Booting worker with pid: 50
[2026-03-25 18:48:41 +0000] [52] [INFO] Booting worker with pid: 52
[2026-03-25 18:48:41 +0000] [43] [INFO] Started server process [43]
[2026-03-25 18:48:41 +0000] [43] [INFO] Waiting for application startup.
[2026-03-25 18:48:41 +0000] [43] [INFO] Application startup complete.
[2026-03-25 18:48:41 +0000] [53] [INFO] Booting worker with pid: 53
[2026-03-25 18:48:41 +0000] [45] [INFO] Started server process [45]
[2026-03-25 18:48:41 +0000] [45] [INFO] Waiting for application startup.
[2026-03-25 18:48:41 +0000] [45] [INFO] Application startup complete.
[2026-03-25 18:48:41 +0000] [55] [INFO] Booting worker with pid: 55
[2026-03-25 18:48:41 +0000] [47] [INFO] Started server process [47]
[2026-03-25 18:48:41 +0000] [47] [INFO] Waiting for application startup.
[2026-03-25 18:48:41 +0000] [47] [INFO] Application startup complete.
[2026-03-25 18:48:42 +0000] [57] [INFO] Booting worker with pid: 57
[2026-03-25 18:48:42 +0000] [50] [INFO] Started server process [50]
[2026-03-25 18:48:42 +0000] [50] [INFO] Waiting for application startup.
[2026-03-25 18:48:42 +0000] [50] [INFO] Application startup complete.
[2026-03-25 18:48:42 +0000] [59] [INFO] Booting worker with pid: 59
[2026-03-25 18:48:42 +0000] [61] [INFO] Booting worker with pid: 61
[2026-03-25 18:48:42 +0000] [52] [INFO] Started server process [52]
[2026-03-25 18:48:42 +0000] [52] [INFO] Waiting for application startup.
[2026-03-25 18:48:42 +0000] [52] [INFO] Application startup complete.
[2026-03-25 18:48:42 +0000] [53] [INFO] Started server process [53]
[2026-03-25 18:48:42 +0000] [53] [INFO] Waiting for application startup.
[2026-03-25 18:48:42 +0000] [53] [INFO] Application startup complete.
[2026-03-25 18:48:42 +0000] [63] [INFO] Booting worker with pid: 63
[2026-03-25 18:48:42 +0000] [64] [INFO] Booting worker with pid: 64
[2026-03-25 18:48:42 +0000] [65] [INFO] Booting worker with pid: 65
[2026-03-25 18:48:42 +0000] [55] [INFO] Started server process [55]
[2026-03-25 18:48:42 +0000] [55] [INFO] Waiting for application startup.
[2026-03-25 18:48:42 +0000] [55] [INFO] Application startup complete.
[2026-03-25 18:48:42 +0000] [67] [INFO] Booting worker with pid: 67
[2026-03-25 18:48:42 +0000] [68] [INFO] Booting worker with pid: 68
[2026-03-25 18:48:42 +0000] [57] [INFO] Started server process [57]
[2026-03-25 18:48:42 +0000] [57] [INFO] Waiting for application startup.
[2026-03-25 18:48:42 +0000] [57] [INFO] Application startup complete.
[2026-03-25 18:48:42 +0000] [70] [INFO] Booting worker with pid: 70
[2026-03-25 18:48:42 +0000] [72] [INFO] Booting worker with pid: 72
[2026-03-25 18:48:42 +0000] [59] [INFO] Started server process [59]
[2026-03-25 18:48:42 +0000] [59] [INFO] Waiting for application startup.
[2026-03-25 18:48:42 +0000] [59] [INFO] Application startup complete.
[2026-03-25 18:48:42 +0000] [61] [INFO] Started server process [61]
[2026-03-25 18:48:42 +0000] [61] [INFO] Waiting for application startup.
[2026-03-25 18:48:42 +0000] [61] [INFO] Application startup complete.
[2026-03-25 18:48:42 +0000] [63] [INFO] Started server process [63]
[2026-03-25 18:48:42 +0000] [63] [INFO] Waiting for application startup.
[2026-03-25 18:48:42 +0000] [63] [INFO] Application startup complete.
[2026-03-25 18:48:42 +0000] [64] [INFO] Started server process [64]
[2026-03-25 18:48:42 +0000] [64] [INFO] Waiting for application startup.
[2026-03-25 18:48:42 +0000] [64] [INFO] Application startup complete.
[2026-03-25 18:48:42 +0000] [76] [INFO] Booting worker with pid: 76
[2026-03-25 18:48:42 +0000] [78] [INFO] Booting worker with pid: 78
[2026-03-25 18:48:42 +0000] [79] [INFO] Booting worker with pid: 79
[2026-03-25 18:48:42 +0000] [65] [INFO] Started server process [65]
[2026-03-25 18:48:42 +0000] [65] [INFO] Waiting for application startup.
[2026-03-25 18:48:42 +0000] [65] [INFO] Application startup complete.
[2026-03-25 18:48:42 +0000] [80] [INFO] Booting worker with pid: 80
[2026-03-25 18:48:42 +0000] [81] [INFO] Booting worker with pid: 81
[2026-03-25 18:48:42 +0000] [67] [INFO] Started server process [67]
[2026-03-25 18:48:42 +0000] [67] [INFO] Waiting for application startup.
[2026-03-25 18:48:42 +0000] [67] [INFO] Application startup complete.
[2026-03-25 18:48:42 +0000] [68] [INFO] Started server process [68]
[2026-03-25 18:48:42 +0000] [68] [INFO] Waiting for application startup.
[2026-03-25 18:48:42 +0000] [68] [INFO] Application startup complete.
[2026-03-25 18:48:42 +0000] [70] [INFO] Started server process [70]
[2026-03-25 18:48:42 +0000] [70] [INFO] Waiting for application startup.
[2026-03-25 18:48:42 +0000] [70] [INFO] Application startup complete.
[2026-03-25 18:48:42 +0000] [85] [INFO] Booting worker with pid: 85
[2026-03-25 18:48:42 +0000] [86] [INFO] Booting worker with pid: 86
[2026-03-25 18:48:42 +0000] [72] [INFO] Started server process [72]
[2026-03-25 18:48:42 +0000] [72] [INFO] Waiting for application startup.
[2026-03-25 18:48:42 +0000] [72] [INFO] Application startup complete.
[2026-03-25 18:48:42 +0000] [88] [INFO] Booting worker with pid: 88
[2026-03-25 18:48:42 +0000] [89] [INFO] Booting worker with pid: 89
[2026-03-25 18:48:42 +0000] [78] [INFO] Started server process [78]
[2026-03-25 18:48:42 +0000] [78] [INFO] Waiting for application startup.
[2026-03-25 18:48:42 +0000] [78] [INFO] Application startup complete.
[2026-03-25 18:48:42 +0000] [79] [INFO] Started server process [79]
[2026-03-25 18:48:42 +0000] [79] [INFO] Waiting for application startup.
[2026-03-25 18:48:42 +0000] [79] [INFO] Application startup complete.
[2026-03-25 18:48:42 +0000] [76] [INFO] Started server process [76]
[2026-03-25 18:48:42 +0000] [76] [INFO] Waiting for application startup.
[2026-03-25 18:48:42 +0000] [76] [INFO] Application startup complete.
[2026-03-25 18:48:42 +0000] [93] [INFO] Booting worker with pid: 93
[2026-03-25 18:48:42 +0000] [80] [INFO] Started server process [80]
[2026-03-25 18:48:42 +0000] [80] [INFO] Waiting for application startup.
[2026-03-25 18:48:42 +0000] [80] [INFO] Application startup complete.
[2026-03-25 18:48:42 +0000] [81] [INFO] Started server process [81]
[2026-03-25 18:48:42 +0000] [81] [INFO] Waiting for application startup.
[2026-03-25 18:48:42 +0000] [81] [INFO] Application startup complete.
[2026-03-25 18:48:42 +0000] [97] [INFO] Booting worker with pid: 97
[2026-03-25 18:48:42 +0000] [85] [INFO] Started server process [85]
[2026-03-25 18:48:42 +0000] [85] [INFO] Waiting for application startup.
[2026-03-25 18:48:42 +0000] [85] [INFO] Application startup complete.
[2026-03-25 18:48:42 +0000] [86] [INFO] Started server process [86]
[2026-03-25 18:48:42 +0000] [86] [INFO] Waiting for application startup.
[2026-03-25 18:48:42 +0000] [86] [INFO] Application startup complete.
[2026-03-25 18:48:43 +0000] [99] [INFO] Booting worker with pid: 99
[2026-03-25 18:48:43 +0000] [101] [INFO] Booting worker with pid: 101
[2026-03-25 18:48:43 +0000] [88] [INFO] Started server process [88]
[2026-03-25 18:48:43 +0000] [88] [INFO] Waiting for application startup.
[2026-03-25 18:48:43 +0000] [88] [INFO] Application startup complete.
[2026-03-25 18:48:43 +0000] [89] [INFO] Started server process [89]
[2026-03-25 18:48:43 +0000] [89] [INFO] Waiting for application startup.
[2026-03-25 18:48:43 +0000] [89] [INFO] Application startup complete.
[2026-03-25 18:48:43 +0000] [103] [INFO] Booting worker with pid: 103
[2026-03-25 18:48:43 +0000] [104] [INFO] Booting worker with pid: 104
[2026-03-25 18:48:43 +0000] [105] [INFO] Booting worker with pid: 105
[2026-03-25 18:48:43 +0000] [93] [INFO] Started server process [93]
[2026-03-25 18:48:43 +0000] [93] [INFO] Waiting for application startup.
[2026-03-25 18:48:43 +0000] [93] [INFO] Application startup complete.
[2026-03-25 18:48:43 +0000] [107] [INFO] Booting worker with pid: 107
[2026-03-25 18:48:43 +0000] [108] [INFO] Booting worker with pid: 108
[2026-03-25 18:48:43 +0000] [97] [INFO] Started server process [97]
[2026-03-25 18:48:43 +0000] [97] [INFO] Waiting for application startup.
[2026-03-25 18:48:43 +0000] [97] [INFO] Application startup complete.
[2026-03-25 18:48:43 +0000] [110] [INFO] Booting worker with pid: 110
[2026-03-25 18:48:43 +0000] [111] [INFO] Booting worker with pid: 111
[2026-03-25 18:48:43 +0000] [113] [INFO] Booting worker with pid: 113
[2026-03-25 18:48:43 +0000] [99] [INFO] Started server process [99]
[2026-03-25 18:48:43 +0000] [99] [INFO] Waiting for application startup.
[2026-03-25 18:48:43 +0000] [99] [INFO] Application startup complete.
[2026-03-25 18:48:43 +0000] [114] [INFO] Booting worker with pid: 114
[2026-03-25 18:48:43 +0000] [116] [INFO] Booting worker with pid: 116
[2026-03-25 18:48:43 +0000] [101] [INFO] Started server process [101]
[2026-03-25 18:48:43 +0000] [101] [INFO] Waiting for application startup.
[2026-03-25 18:48:43 +0000] [101] [INFO] Application startup complete.
[2026-03-25 18:48:43 +0000] [117] [INFO] Booting worker with pid: 117
[2026-03-25 18:48:43 +0000] [103] [INFO] Started server process [103]
[2026-03-25 18:48:43 +0000] [103] [INFO] Waiting for application startup.
[2026-03-25 18:48:43 +0000] [103] [INFO] Application startup complete.
[2026-03-25 18:48:43 +0000] [120] [INFO] Booting worker with pid: 120
[2026-03-25 18:48:43 +0000] [104] [INFO] Started server process [104]
[2026-03-25 18:48:43 +0000] [104] [INFO] Waiting for application startup.
[2026-03-25 18:48:43 +0000] [104] [INFO] Application startup complete.
[2026-03-25 18:48:43 +0000] [105] [INFO] Started server process [105]
[2026-03-25 18:48:43 +0000] [105] [INFO] Waiting for application startup.
[2026-03-25 18:48:43 +0000] [105] [INFO] Application startup complete.
[2026-03-25 18:48:43 +0000] [123] [INFO] Booting worker with pid: 123
[2026-03-25 18:48:43 +0000] [108] [INFO] Started server process [108]
[2026-03-25 18:48:43 +0000] [108] [INFO] Waiting for application startup.
[2026-03-25 18:48:43 +0000] [108] [INFO] Application startup complete.
[2026-03-25 18:48:43 +0000] [107] [INFO] Started server process [107]
[2026-03-25 18:48:43 +0000] [107] [INFO] Waiting for application startup.
[2026-03-25 18:48:43 +0000] [107] [INFO] Application startup complete.
[2026-03-25 18:48:43 +0000] [110] [INFO] Started server process [110]
[2026-03-25 18:48:43 +0000] [110] [INFO] Waiting for application startup.
[2026-03-25 18:48:43 +0000] [110] [INFO] Application startup complete.
[2026-03-25 18:48:43 +0000] [127] [INFO] Booting worker with pid: 127
[2026-03-25 18:48:43 +0000] [111] [INFO] Started server process [111]
[2026-03-25 18:48:43 +0000] [111] [INFO] Waiting for application startup.
[2026-03-25 18:48:43 +0000] [111] [INFO] Application startup complete.
[2026-03-25 18:48:43 +0000] [113] [INFO] Started server process [113]
[2026-03-25 18:48:43 +0000] [113] [INFO] Waiting for application startup.
[2026-03-25 18:48:43 +0000] [113] [INFO] Application startup complete.
[2026-03-25 18:48:43 +0000] [114] [INFO] Started server process [114]
[2026-03-25 18:48:43 +0000] [114] [INFO] Waiting for application startup.
[2026-03-25 18:48:43 +0000] [114] [INFO] Application startup complete.
[2026-03-25 18:48:43 +0000] [130] [INFO] Booting worker with pid: 130
[2026-03-25 18:48:43 +0000] [116] [INFO] Started server process [116]
[2026-03-25 18:48:43 +0000] [116] [INFO] Waiting for application startup.
[2026-03-25 18:48:43 +0000] [116] [INFO] Application startup complete.
[2026-03-25 18:48:43 +0000] [117] [INFO] Started server process [117]
[2026-03-25 18:48:43 +0000] [117] [INFO] Waiting for application startup.
[2026-03-25 18:48:43 +0000] [117] [INFO] Application startup complete.
[2026-03-25 18:48:43 +0000] [120] [INFO] Started server process [120]
[2026-03-25 18:48:43 +0000] [120] [INFO] Waiting for application startup.
[2026-03-25 18:48:43 +0000] [120] [INFO] Application startup complete.
[2026-03-25 18:48:43 +0000] [134] [INFO] Booting worker with pid: 134
[2026-03-25 18:48:43 +0000] [136] [INFO] Booting worker with pid: 136
[2026-03-25 18:48:43 +0000] [123] [INFO] Started server process [123]
[2026-03-25 18:48:43 +0000] [123] [INFO] Waiting for application startup.
[2026-03-25 18:48:43 +0000] [123] [INFO] Application startup complete.
[2026-03-25 18:48:43 +0000] [137] [INFO] Booting worker with pid: 137
[2026-03-25 18:48:43 +0000] [127] [INFO] Started server process [127]
[2026-03-25 18:48:43 +0000] [127] [INFO] Waiting for application startup.
[2026-03-25 18:48:43 +0000] [127] [INFO] Application startup complete.
[2026-03-25 18:48:43 +0000] [139] [INFO] Booting worker with pid: 139
[2026-03-25 18:48:43 +0000] [130] [INFO] Started server process [130]
[2026-03-25 18:48:43 +0000] [130] [INFO] Waiting for application startup.
[2026-03-25 18:48:43 +0000] [130] [INFO] Application startup complete.
[2026-03-25 18:48:44 +0000] [141] [INFO] Booting worker with pid: 141
[2026-03-25 18:48:44 +0000] [142] [INFO] Booting worker with pid: 142
[2026-03-25 18:48:44 +0000] [134] [INFO] Started server process [134]
[2026-03-25 18:48:44 +0000] [134] [INFO] Waiting for application startup.
[2026-03-25 18:48:44 +0000] [134] [INFO] Application startup complete.
[2026-03-25 18:48:44 +0000] [144] [INFO] Booting worker with pid: 144
[2026-03-25 18:48:44 +0000] [146] [INFO] Booting worker with pid: 146
[2026-03-25 18:48:44 +0000] [136] [INFO] Started server process [136]
[2026-03-25 18:48:44 +0000] [136] [INFO] Waiting for application startup.
[2026-03-25 18:48:44 +0000] [136] [INFO] Application startup complete.
[2026-03-25 18:48:44 +0000] [147] [INFO] Booting worker with pid: 147
[2026-03-25 18:48:44 +0000] [148] [INFO] Booting worker with pid: 148
[2026-03-25 18:48:44 +0000] [137] [INFO] Started server process [137]
[2026-03-25 18:48:44 +0000] [137] [INFO] Waiting for application startup.
[2026-03-25 18:48:44 +0000] [137] [INFO] Application startup complete.
[2026-03-25 18:48:44 +0000] [150] [INFO] Booting worker with pid: 150
[2026-03-25 18:48:44 +0000] [139] [INFO] Started server process [139]
[2026-03-25 18:48:44 +0000] [139] [INFO] Waiting for application startup.
[2026-03-25 18:48:44 +0000] [139] [INFO] Application startup complete.
[2026-03-25 18:48:44 +0000] [152] [INFO] Booting worker with pid: 152
[2026-03-25 18:48:44 +0000] [153] [INFO] Booting worker with pid: 153
[2026-03-25 18:48:44 +0000] [155] [INFO] Booting worker with pid: 155
[2026-03-25 18:48:44 +0000] [141] [INFO] Started server process [141]
[2026-03-25 18:48:44 +0000] [141] [INFO] Waiting for application startup.
[2026-03-25 18:48:44 +0000] [141] [INFO] Application startup complete.
[2026-03-25 18:48:44 +0000] [142] [INFO] Started server process [142]
[2026-03-25 18:48:44 +0000] [142] [INFO] Waiting for application startup.
[2026-03-25 18:48:44 +0000] [142] [INFO] Application startup complete.
[2026-03-25 18:48:44 +0000] [144] [INFO] Started server process [144]
[2026-03-25 18:48:44 +0000] [144] [INFO] Waiting for application startup.
[2026-03-25 18:48:44 +0000] [144] [INFO] Application startup complete.
[2026-03-25 18:48:44 +0000] [159] [INFO] Booting worker with pid: 159
[2026-03-25 18:48:44 +0000] [146] [INFO] Started server process [146]
[2026-03-25 18:48:44 +0000] [146] [INFO] Waiting for application startup.
[2026-03-25 18:48:44 +0000] [146] [INFO] Application startup complete.
[2026-03-25 18:48:44 +0000] [147] [INFO] Started server process [147]
[2026-03-25 18:48:44 +0000] [147] [INFO] Waiting for application startup.
[2026-03-25 18:48:44 +0000] [147] [INFO] Application startup complete.
[2026-03-25 18:48:44 +0000] [148] [INFO] Started server process [148]
[2026-03-25 18:48:44 +0000] [148] [INFO] Waiting for application startup.
[2026-03-25 18:48:44 +0000] [148] [INFO] Application startup complete.
[2026-03-25 18:48:44 +0000] [162] [INFO] Booting worker with pid: 162
[2026-03-25 18:48:44 +0000] [150] [INFO] Started server process [150]
[2026-03-25 18:48:44 +0000] [150] [INFO] Waiting for application startup.
[2026-03-25 18:48:44 +0000] [150] [INFO] Application startup complete.
[2026-03-25 18:48:44 +0000] [152] [INFO] Started server process [152]
[2026-03-25 18:48:44 +0000] [152] [INFO] Waiting for application startup.
[2026-03-25 18:48:44 +0000] [152] [INFO] Application startup complete.
[2026-03-25 18:48:44 +0000] [165] [INFO] Booting worker with pid: 165
[2026-03-25 18:48:44 +0000] [166] [INFO] Booting worker with pid: 166
[2026-03-25 18:48:44 +0000] [153] [INFO] Started server process [153]
[2026-03-25 18:48:44 +0000] [153] [INFO] Waiting for application startup.
[2026-03-25 18:48:44 +0000] [153] [INFO] Application startup complete.
[2026-03-25 18:48:44 +0000] [155] [INFO] Started server process [155]
[2026-03-25 18:48:44 +0000] [155] [INFO] Waiting for application startup.
[2026-03-25 18:48:44 +0000] [155] [INFO] Application startup complete.
[2026-03-25 18:48:44 +0000] [169] [INFO] Booting worker with pid: 169
[2026-03-25 18:48:44 +0000] [170] [INFO] Booting worker with pid: 170
[2026-03-25 18:48:44 +0000] [159] [INFO] Started server process [159]
[2026-03-25 18:48:44 +0000] [159] [INFO] Waiting for application startup.
[2026-03-25 18:48:44 +0000] [159] [INFO] Application startup complete.
[2026-03-25 18:48:44 +0000] [172] [INFO] Booting worker with pid: 172
[2026-03-25 18:48:44 +0000] [173] [INFO] Booting worker with pid: 173
[2026-03-25 18:48:44 +0000] [174] [INFO] Booting worker with pid: 174
[2026-03-25 18:48:44 +0000] [175] [INFO] Booting worker with pid: 175
[2026-03-25 18:48:44 +0000] [177] [INFO] Booting worker with pid: 177
[2026-03-25 18:48:44 +0000] [162] [INFO] Started server process [162]
[2026-03-25 18:48:44 +0000] [162] [INFO] Waiting for application startup.
[2026-03-25 18:48:44 +0000] [162] [INFO] Application startup complete.
[2026-03-25 18:48:44 +0000] [178] [INFO] Booting worker with pid: 178
[2026-03-25 18:48:44 +0000] [180] [INFO] Booting worker with pid: 180
[2026-03-25 18:48:44 +0000] [165] [INFO] Started server process [165]
[2026-03-25 18:48:44 +0000] [165] [INFO] Waiting for application startup.
[2026-03-25 18:48:44 +0000] [165] [INFO] Application startup complete.
[2026-03-25 18:48:44 +0000] [166] [INFO] Started server process [166]
[2026-03-25 18:48:44 +0000] [166] [INFO] Waiting for application startup.
[2026-03-25 18:48:44 +0000] [166] [INFO] Application startup complete.
[2026-03-25 18:48:45 +0000] [183] [INFO] Booting worker with pid: 183
[2026-03-25 18:48:45 +0000] [184] [INFO] Booting worker with pid: 184
[2026-03-25 18:48:45 +0000] [169] [INFO] Started server process [169]
[2026-03-25 18:48:45 +0000] [169] [INFO] Waiting for application startup.
[2026-03-25 18:48:45 +0000] [169] [INFO] Application startup complete.
[2026-03-25 18:48:45 +0000] [170] [INFO] Started server process [170]
[2026-03-25 18:48:45 +0000] [170] [INFO] Waiting for application startup.
[2026-03-25 18:48:45 +0000] [170] [INFO] Application startup complete.
[2026-03-25 18:48:45 +0000] [186] [INFO] Booting worker with pid: 186
[2026-03-25 18:48:45 +0000] [172] [INFO] Started server process [172]
[2026-03-25 18:48:45 +0000] [172] [INFO] Waiting for application startup.
[2026-03-25 18:48:45 +0000] [172] [INFO] Application startup complete.
[2026-03-25 18:48:45 +0000] [190] [INFO] Booting worker with pid: 190
[2026-03-25 18:48:45 +0000] [173] [INFO] Started server process [173]
[2026-03-25 18:48:45 +0000] [173] [INFO] Waiting for application startup.
[2026-03-25 18:48:45 +0000] [173] [INFO] Application startup complete.
[2026-03-25 18:48:45 +0000] [174] [INFO] Started server process [174]
[2026-03-25 18:48:45 +0000] [174] [INFO] Waiting for application startup.
[2026-03-25 18:48:45 +0000] [174] [INFO] Application startup complete.
[2026-03-25 18:48:45 +0000] [177] [INFO] Started server process [177]
[2026-03-25 18:48:45 +0000] [177] [INFO] Waiting for application startup.
[2026-03-25 18:48:45 +0000] [177] [INFO] Application startup complete.
[2026-03-25 18:48:45 +0000] [175] [INFO] Started server process [175]
[2026-03-25 18:48:45 +0000] [175] [INFO] Waiting for application startup.
[2026-03-25 18:48:45 +0000] [175] [INFO] Application startup complete.
[2026-03-25 18:48:45 +0000] [178] [INFO] Started server process [178]
[2026-03-25 18:48:45 +0000] [178] [INFO] Waiting for application startup.
[2026-03-25 18:48:45 +0000] [178] [INFO] Application startup complete.
[2026-03-25 18:48:45 +0000] [194] [INFO] Booting worker with pid: 194
[2026-03-25 18:48:45 +0000] [180] [INFO] Started server process [180]
[2026-03-25 18:48:45 +0000] [180] [INFO] Waiting for application startup.
[2026-03-25 18:48:45 +0000] [180] [INFO] Application startup complete.
[2026-03-25 18:48:45 +0000] [196] [INFO] Booting worker with pid: 196
[2026-03-25 18:48:45 +0000] [184] [INFO] Started server process [184]
[2026-03-25 18:48:45 +0000] [184] [INFO] Waiting for application startup.
[2026-03-25 18:48:45 +0000] [184] [INFO] Application startup complete.
[2026-03-25 18:48:45 +0000] [183] [INFO] Started server process [183]
[2026-03-25 18:48:45 +0000] [183] [INFO] Waiting for application startup.
[2026-03-25 18:48:45 +0000] [183] [INFO] Application startup complete.
[2026-03-25 18:48:45 +0000] [199] [INFO] Booting worker with pid: 199
[2026-03-25 18:48:45 +0000] [186] [INFO] Started server process [186]
[2026-03-25 18:48:45 +0000] [186] [INFO] Waiting for application startup.
[2026-03-25 18:48:45 +0000] [186] [INFO] Application startup complete.
[2026-03-25 18:48:45 +0000] [202] [INFO] Booting worker with pid: 202
[2026-03-25 18:48:45 +0000] [190] [INFO] Started server process [190]
[2026-03-25 18:48:45 +0000] [190] [INFO] Waiting for application startup.
[2026-03-25 18:48:45 +0000] [190] [INFO] Application startup complete.
[2026-03-25 18:48:45 +0000] [203] [INFO] Booting worker with pid: 203
[2026-03-25 18:48:45 +0000] [204] [INFO] Booting worker with pid: 204
[2026-03-25 18:48:45 +0000] [206] [INFO] Booting worker with pid: 206
[2026-03-25 18:48:45 +0000] [207] [INFO] Booting worker with pid: 207
[2026-03-25 18:48:45 +0000] [194] [INFO] Started server process [194]
[2026-03-25 18:48:45 +0000] [194] [INFO] Waiting for application startup.
[2026-03-25 18:48:45 +0000] [194] [INFO] Application startup complete.
[2026-03-25 18:48:45 +0000] [209] [INFO] Booting worker with pid: 209
[2026-03-25 18:48:45 +0000] [196] [INFO] Started server process [196]
[2026-03-25 18:48:45 +0000] [196] [INFO] Waiting for application startup.
[2026-03-25 18:48:45 +0000] [196] [INFO] Application startup complete.
[2026-03-25 18:48:45 +0000] [210] [INFO] Booting worker with pid: 210
[2026-03-25 18:48:45 +0000] [211] [INFO] Booting worker with pid: 211
[2026-03-25 18:48:45 +0000] [212] [INFO] Booting worker with pid: 212
[2026-03-25 18:48:45 +0000] [199] [INFO] Started server process [199]
[2026-03-25 18:48:45 +0000] [199] [INFO] Waiting for application startup.
[2026-03-25 18:48:45 +0000] [199] [INFO] Application startup complete.
[2026-03-25 18:48:45 +0000] [214] [INFO] Booting worker with pid: 214
[2026-03-25 18:48:45 +0000] [202] [INFO] Started server process [202]
[2026-03-25 18:48:45 +0000] [202] [INFO] Waiting for application startup.
[2026-03-25 18:48:45 +0000] [202] [INFO] Application startup complete.
[2026-03-25 18:48:45 +0000] [203] [INFO] Started server process [203]
[2026-03-25 18:48:45 +0000] [203] [INFO] Waiting for application startup.
[2026-03-25 18:48:45 +0000] [203] [INFO] Application startup complete.
[2026-03-25 18:48:45 +0000] [217] [INFO] Booting worker with pid: 217
[2026-03-25 18:48:45 +0000] [204] [INFO] Started server process [204]
[2026-03-25 18:48:45 +0000] [204] [INFO] Waiting for application startup.
[2026-03-25 18:48:45 +0000] [204] [INFO] Application startup complete.
[2026-03-25 18:48:45 +0000] [207] [INFO] Started server process [207]
[2026-03-25 18:48:45 +0000] [207] [INFO] Waiting for application startup.
[2026-03-25 18:48:45 +0000] [207] [INFO] Application startup complete.
[2026-03-25 18:48:45 +0000] [206] [INFO] Started server process [206]
[2026-03-25 18:48:45 +0000] [206] [INFO] Waiting for application startup.
[2026-03-25 18:48:45 +0000] [206] [INFO] Application startup complete.
[2026-03-25 18:48:45 +0000] [221] [INFO] Booting worker with pid: 221
[2026-03-25 18:48:45 +0000] [223] [INFO] Booting worker with pid: 223
[2026-03-25 18:48:45 +0000] [209] [INFO] Started server process [209]
[2026-03-25 18:48:45 +0000] [209] [INFO] Waiting for application startup.
[2026-03-25 18:48:45 +0000] [209] [INFO] Application startup complete.
[2026-03-25 18:48:45 +0000] [210] [INFO] Started server process [210]
[2026-03-25 18:48:45 +0000] [210] [INFO] Waiting for application startup.
[2026-03-25 18:48:45 +0000] [210] [INFO] Application startup complete.
[2026-03-25 18:48:45 +0000] [211] [INFO] Started server process [211]
[2026-03-25 18:48:45 +0000] [211] [INFO] Waiting for application startup.
[2026-03-25 18:48:45 +0000] [211] [INFO] Application startup complete.
[2026-03-25 18:48:46 +0000] [212] [INFO] Started server process [212]
[2026-03-25 18:48:46 +0000] [212] [INFO] Waiting for application startup.
[2026-03-25 18:48:46 +0000] [212] [INFO] Application startup complete.
[2026-03-25 18:48:46 +0000] [227] [INFO] Booting worker with pid: 227
[2026-03-25 18:48:46 +0000] [229] [INFO] Booting worker with pid: 229
[2026-03-25 18:48:46 +0000] [214] [INFO] Started server process [214]
[2026-03-25 18:48:46 +0000] [214] [INFO] Waiting for application startup.
[2026-03-25 18:48:46 +0000] [214] [INFO] Application startup complete.
[2026-03-25 18:48:46 +0000] [230] [INFO] Booting worker with pid: 230
[2026-03-25 18:48:46 +0000] [232] [INFO] Booting worker with pid: 232
[2026-03-25 18:48:46 +0000] [217] [INFO] Started server process [217]
[2026-03-25 18:48:46 +0000] [217] [INFO] Waiting for application startup.
[2026-03-25 18:48:46 +0000] [217] [INFO] Application startup complete.
[2026-03-25 18:48:46 +0000] [233] [INFO] Booting worker with pid: 233
[2026-03-25 18:48:46 +0000] [221] [INFO] Started server process [221]
[2026-03-25 18:48:46 +0000] [221] [INFO] Waiting for application startup.
[2026-03-25 18:48:46 +0000] [221] [INFO] Application startup complete.
[2026-03-25 18:48:46 +0000] [236] [INFO] Booting worker with pid: 236
[2026-03-25 18:48:46 +0000] [223] [INFO] Started server process [223]
[2026-03-25 18:48:46 +0000] [223] [INFO] Waiting for application startup.
[2026-03-25 18:48:46 +0000] [223] [INFO] Application startup complete.
[2026-03-25 18:48:46 +0000] [227] [INFO] Started server process [227]
[2026-03-25 18:48:46 +0000] [227] [INFO] Waiting for application startup.
[2026-03-25 18:48:46 +0000] [227] [INFO] Application startup complete.
[2026-03-25 18:48:46 +0000] [239] [INFO] Booting worker with pid: 239
[2026-03-25 18:48:46 +0000] [229] [INFO] Started server process [229]
[2026-03-25 18:48:46 +0000] [229] [INFO] Waiting for application startup.
[2026-03-25 18:48:46 +0000] [229] [INFO] Application startup complete.
[2026-03-25 18:48:46 +0000] [230] [INFO] Started server process [230]
[2026-03-25 18:48:46 +0000] [230] [INFO] Waiting for application startup.
[2026-03-25 18:48:46 +0000] [230] [INFO] Application startup complete.
[2026-03-25 18:48:46 +0000] [232] [INFO] Started server process [232]
[2026-03-25 18:48:46 +0000] [232] [INFO] Waiting for application startup.
[2026-03-25 18:48:46 +0000] [232] [INFO] Application startup complete.
[2026-03-25 18:48:46 +0000] [242] [INFO] Booting worker with pid: 242
[2026-03-25 18:48:46 +0000] [243] [INFO] Booting worker with pid: 243
[2026-03-25 18:48:46 +0000] [244] [INFO] Booting worker with pid: 244
[2026-03-25 18:48:46 +0000] [233] [INFO] Started server process [233]
[2026-03-25 18:48:46 +0000] [233] [INFO] Waiting for application startup.
[2026-03-25 18:48:46 +0000] [233] [INFO] Application startup complete.
[2026-03-25 18:48:46 +0000] [246] [INFO] Booting worker with pid: 246
[2026-03-25 18:48:46 +0000] [247] [INFO] Booting worker with pid: 247
[2026-03-25 18:48:46 +0000] [236] [INFO] Started server process [236]
[2026-03-25 18:48:46 +0000] [236] [INFO] Waiting for application startup.
[2026-03-25 18:48:46 +0000] [236] [INFO] Application startup complete.
[2026-03-25 18:48:46 +0000] [249] [INFO] Booting worker with pid: 249
[2026-03-25 18:48:46 +0000] [239] [INFO] Started server process [239]
[2026-03-25 18:48:46 +0000] [239] [INFO] Waiting for application startup.
[2026-03-25 18:48:46 +0000] [239] [INFO] Application startup complete.
[2026-03-25 18:48:46 +0000] [251] [INFO] Booting worker with pid: 251
[2026-03-25 18:48:46 +0000] [254] [INFO] Booting worker with pid: 254
[2026-03-25 18:48:46 +0000] [242] [INFO] Started server process [242]
[2026-03-25 18:48:46 +0000] [242] [INFO] Waiting for application startup.
[2026-03-25 18:48:46 +0000] [242] [INFO] Application startup complete.
[2026-03-25 18:48:46 +0000] [243] [INFO] Started server process [243]
[2026-03-25 18:48:46 +0000] [243] [INFO] Waiting for application startup.
[2026-03-25 18:48:46 +0000] [243] [INFO] Application startup complete.
[2026-03-25 18:48:46 +0000] [244] [INFO] Started server process [244]
[2026-03-25 18:48:46 +0000] [244] [INFO] Waiting for application startup.
[2026-03-25 18:48:46 +0000] [244] [INFO] Application startup complete.
[2026-03-25 18:48:46 +0000] [256] [INFO] Booting worker with pid: 256
[2026-03-25 18:48:46 +0000] [257] [INFO] Booting worker with pid: 257
[2026-03-25 18:48:46 +0000] [246] [INFO] Started server process [246]
[2026-03-25 18:48:46 +0000] [246] [INFO] Waiting for application startup.
[2026-03-25 18:48:46 +0000] [246] [INFO] Application startup complete.
[2026-03-25 18:48:46 +0000] [247] [INFO] Started server process [247]
[2026-03-25 18:48:46 +0000] [247] [INFO] Waiting for application startup.
[2026-03-25 18:48:46 +0000] [247] [INFO] Application startup complete.
[2026-03-25 18:48:46 +0000] [249] [INFO] Started server process [249]
[2026-03-25 18:48:46 +0000] [249] [INFO] Waiting for application startup.
[2026-03-25 18:48:46 +0000] [249] [INFO] Application startup complete.
[2026-03-25 18:48:46 +0000] [261] [INFO] Booting worker with pid: 261
[2026-03-25 18:48:46 +0000] [251] [INFO] Started server process [251]
[2026-03-25 18:48:46 +0000] [251] [INFO] Waiting for application startup.
[2026-03-25 18:48:46 +0000] [251] [INFO] Application startup complete.
[2026-03-25 18:48:46 +0000] [264] [INFO] Booting worker with pid: 264
[2026-03-25 18:48:47 +0000] [254] [INFO] Started server process [254]
[2026-03-25 18:48:47 +0000] [254] [INFO] Waiting for application startup.
[2026-03-25 18:48:47 +0000] [254] [INFO] Application startup complete.
[2026-03-25 18:48:47 +0000] [265] [INFO] Booting worker with pid: 265
[2026-03-25 18:48:47 +0000] [266] [INFO] Booting worker with pid: 266
[2026-03-25 18:48:47 +0000] [256] [INFO] Started server process [256]
[2026-03-25 18:48:47 +0000] [256] [INFO] Waiting for application startup.
[2026-03-25 18:48:47 +0000] [256] [INFO] Application startup complete.
[2026-03-25 18:48:47 +0000] [257] [INFO] Started server process [257]
[2026-03-25 18:48:47 +0000] [257] [INFO] Waiting for application startup.
[2026-03-25 18:48:47 +0000] [257] [INFO] Application startup complete.
[2026-03-25 18:48:47 +0000] [269] [INFO] Booting worker with pid: 269
[2026-03-25 18:48:47 +0000] [271] [INFO] Booting worker with pid: 271
[2026-03-25 18:48:47 +0000] [261] [INFO] Started server process [261]
[2026-03-25 18:48:47 +0000] [261] [INFO] Waiting for application startup.
[2026-03-25 18:48:47 +0000] [261] [INFO] Application startup complete.
[2026-03-25 18:48:47 +0000] [272] [INFO] Booting worker with pid: 272
[2026-03-25 18:48:47 +0000] [273] [INFO] Booting worker with pid: 273
[2026-03-25 18:48:47 +0000] [275] [INFO] Booting worker with pid: 275
[2026-03-25 18:48:47 +0000] [264] [INFO] Started server process [264]
[2026-03-25 18:48:47 +0000] [264] [INFO] Waiting for application startup.
[2026-03-25 18:48:47 +0000] [264] [INFO] Application startup complete.
[2026-03-25 18:48:47 +0000] [265] [INFO] Started server process [265]
[2026-03-25 18:48:47 +0000] [265] [INFO] Waiting for application startup.
[2026-03-25 18:48:47 +0000] [265] [INFO] Application startup complete.
[2026-03-25 18:48:47 +0000] [266] [INFO] Started server process [266]
[2026-03-25 18:48:47 +0000] [266] [INFO] Waiting for application startup.
[2026-03-25 18:48:47 +0000] [266] [INFO] Application startup complete.
[2026-03-25 18:48:47 +0000] [278] [INFO] Booting worker with pid: 278
[2026-03-25 18:48:47 +0000] [269] [INFO] Started server process [269]
[2026-03-25 18:48:47 +0000] [269] [INFO] Waiting for application startup.
[2026-03-25 18:48:47 +0000] [269] [INFO] Application startup complete.
[2026-03-25 18:48:47 +0000] [280] [INFO] Booting worker with pid: 280
[2026-03-25 18:48:47 +0000] [281] [INFO] Booting worker with pid: 281
[2026-03-25 18:48:47 +0000] [271] [INFO] Started server process [271]
[2026-03-25 18:48:47 +0000] [271] [INFO] Waiting for application startup.
[2026-03-25 18:48:47 +0000] [271] [INFO] Application startup complete.
[2026-03-25 18:48:47 +0000] [272] [INFO] Started server process [272]
[2026-03-25 18:48:47 +0000] [272] [INFO] Waiting for application startup.
[2026-03-25 18:48:47 +0000] [272] [INFO] Application startup complete.
[2026-03-25 18:48:47 +0000] [273] [INFO] Started server process [273]
[2026-03-25 18:48:47 +0000] [273] [INFO] Waiting for application startup.
[2026-03-25 18:48:47 +0000] [273] [INFO] Application startup complete.
[2026-03-25 18:48:47 +0000] [285] [INFO] Booting worker with pid: 285
[2026-03-25 18:48:47 +0000] [287] [INFO] Booting worker with pid: 287
[2026-03-25 18:48:47 +0000] [275] [INFO] Started server process [275]
[2026-03-25 18:48:47 +0000] [275] [INFO] Waiting for application startup.
[2026-03-25 18:48:47 +0000] [275] [INFO] Application startup complete.
[2026-03-25 18:48:47 +0000] [288] [INFO] Booting worker with pid: 288
[2026-03-25 18:48:47 +0000] [278] [INFO] Started server process [278]
[2026-03-25 18:48:47 +0000] [278] [INFO] Waiting for application startup.
[2026-03-25 18:48:47 +0000] [278] [INFO] Application startup complete.
[2026-03-25 18:48:47 +0000] [290] [INFO] Booting worker with pid: 290
[2026-03-25 18:48:47 +0000] [280] [INFO] Started server process [280]
[2026-03-25 18:48:47 +0000] [280] [INFO] Waiting for application startup.
[2026-03-25 18:48:47 +0000] [280] [INFO] Application startup complete.
[2026-03-25 18:48:47 +0000] [281] [INFO] Started server process [281]
[2026-03-25 18:48:47 +0000] [281] [INFO] Waiting for application startup.
[2026-03-25 18:48:47 +0000] [281] [INFO] Application startup complete.
[2026-03-25 18:48:47 +0000] [293] [INFO] Booting worker with pid: 293
[2026-03-25 18:48:47 +0000] [294] [INFO] Booting worker with pid: 294
[2026-03-25 18:48:47 +0000] [285] [INFO] Started server process [285]
[2026-03-25 18:48:47 +0000] [285] [INFO] Waiting for application startup.
[2026-03-25 18:48:47 +0000] [285] [INFO] Application startup complete.
[2026-03-25 18:48:47 +0000] [287] [INFO] Started server process [287]
[2026-03-25 18:48:47 +0000] [287] [INFO] Waiting for application startup.
[2026-03-25 18:48:47 +0000] [287] [INFO] Application startup complete.
[2026-03-25 18:48:47 +0000] [298] [INFO] Booting worker with pid: 298
[2026-03-25 18:48:47 +0000] [288] [INFO] Started server process [288]
[2026-03-25 18:48:47 +0000] [288] [INFO] Waiting for application startup.
[2026-03-25 18:48:47 +0000] [288] [INFO] Application startup complete.
[2026-03-25 18:48:47 +0000] [299] [INFO] Booting worker with pid: 299
[2026-03-25 18:48:47 +0000] [290] [INFO] Started server process [290]
[2026-03-25 18:48:47 +0000] [290] [INFO] Waiting for application startup.
[2026-03-25 18:48:47 +0000] [290] [INFO] Application startup complete.
[2026-03-25 18:48:47 +0000] [301] [INFO] Booting worker with pid: 301
[2026-03-25 18:48:47 +0000] [302] [INFO] Booting worker with pid: 302
[2026-03-25 18:48:47 +0000] [303] [INFO] Booting worker with pid: 303
[2026-03-25 18:48:47 +0000] [293] [INFO] Started server process [293]
[2026-03-25 18:48:47 +0000] [293] [INFO] Waiting for application startup.
[2026-03-25 18:48:47 +0000] [293] [INFO] Application startup complete.
[2026-03-25 18:48:47 +0000] [294] [INFO] Started server process [294]
[2026-03-25 18:48:47 +0000] [294] [INFO] Waiting for application startup.
[2026-03-25 18:48:47 +0000] [294] [INFO] Application startup complete.
[2026-03-25 18:48:47 +0000] [306] [INFO] Booting worker with pid: 306
[2026-03-25 18:48:48 +0000] [307] [INFO] Booting worker with pid: 307
[2026-03-25 18:48:48 +0000] [298] [INFO] Started server process [298]
[2026-03-25 18:48:48 +0000] [298] [INFO] Waiting for application startup.
[2026-03-25 18:48:48 +0000] [298] [INFO] Application startup complete.
[2026-03-25 18:48:48 +0000] [309] [INFO] Booting worker with pid: 309
[2026-03-25 18:48:48 +0000] [299] [INFO] Started server process [299]
[2026-03-25 18:48:48 +0000] [299] [INFO] Waiting for application startup.
[2026-03-25 18:48:48 +0000] [299] [INFO] Application startup complete.
[2026-03-25 18:48:48 +0000] [311] [INFO] Booting worker with pid: 311
[2026-03-25 18:48:48 +0000] [301] [INFO] Started server process [301]
[2026-03-25 18:48:48 +0000] [301] [INFO] Waiting for application startup.
[2026-03-25 18:48:48 +0000] [301] [INFO] Application startup complete.
[2026-03-25 18:48:48 +0000] [302] [INFO] Started server process [302]
[2026-03-25 18:48:48 +0000] [302] [INFO] Waiting for application startup.
[2026-03-25 18:48:48 +0000] [302] [INFO] Application startup complete.
[2026-03-25 18:48:48 +0000] [303] [INFO] Started server process [303]
[2026-03-25 18:48:48 +0000] [303] [INFO] Waiting for application startup.
[2026-03-25 18:48:48 +0000] [303] [INFO] Application startup complete.
[2026-03-25 18:48:48 +0000] [315] [INFO] Booting worker with pid: 315
[2026-03-25 18:48:48 +0000] [306] [INFO] Started server process [306]
[2026-03-25 18:48:48 +0000] [306] [INFO] Waiting for application startup.
[2026-03-25 18:48:48 +0000] [306] [INFO] Application startup complete.
[2026-03-25 18:48:48 +0000] [317] [INFO] Booting worker with pid: 317
[2026-03-25 18:48:48 +0000] [307] [INFO] Started server process [307]
[2026-03-25 18:48:48 +0000] [307] [INFO] Waiting for application startup.
[2026-03-25 18:48:48 +0000] [307] [INFO] Application startup complete.
[2026-03-25 18:48:48 +0000] [309] [INFO] Started server process [309]
[2026-03-25 18:48:48 +0000] [309] [INFO] Waiting for application startup.
[2026-03-25 18:48:48 +0000] [309] [INFO] Application startup complete.
[2026-03-25 18:48:48 +0000] [320] [INFO] Booting worker with pid: 320
[2026-03-25 18:48:48 +0000] [311] [INFO] Started server process [311]
[2026-03-25 18:48:48 +0000] [311] [INFO] Waiting for application startup.
[2026-03-25 18:48:48 +0000] [311] [INFO] Application startup complete.
[2026-03-25 18:48:48 +0000] [322] [INFO] Booting worker with pid: 322
[2026-03-25 18:48:48 +0000] [324] [INFO] Booting worker with pid: 324
[2026-03-25 18:48:48 +0000] [315] [INFO] Started server process [315]
[2026-03-25 18:48:48 +0000] [315] [INFO] Waiting for application startup.
[2026-03-25 18:48:48 +0000] [315] [INFO] Application startup complete.
[2026-03-25 18:48:48 +0000] [317] [INFO] Started server process [317]
[2026-03-25 18:48:48 +0000] [317] [INFO] Waiting for application startup.
[2026-03-25 18:48:48 +0000] [317] [INFO] Application startup complete.
[2026-03-25 18:48:48 +0000] [326] [INFO] Booting worker with pid: 326
[2026-03-25 18:48:48 +0000] [327] [INFO] Booting worker with pid: 327
[2026-03-25 18:48:48 +0000] [328] [INFO] Booting worker with pid: 328
[2026-03-25 18:48:48 +0000] [320] [INFO] Started server process [320]
[2026-03-25 18:48:48 +0000] [320] [INFO] Waiting for application startup.
[2026-03-25 18:48:48 +0000] [320] [INFO] Application startup complete.
[2026-03-25 18:48:48 +0000] [330] [INFO] Booting worker with pid: 330
[2026-03-25 18:48:48 +0000] [322] [INFO] Started server process [322]
[2026-03-25 18:48:48 +0000] [322] [INFO] Waiting for application startup.
[2026-03-25 18:48:48 +0000] [322] [INFO] Application startup complete.
[2026-03-25 18:48:48 +0000] [324] [INFO] Started server process [324]
[2026-03-25 18:48:48 +0000] [324] [INFO] Waiting for application startup.
[2026-03-25 18:48:48 +0000] [324] [INFO] Application startup complete.
[2026-03-25 18:48:48 +0000] [333] [INFO] Booting worker with pid: 333
[2026-03-25 18:48:48 +0000] [334] [INFO] Booting worker with pid: 334
[2026-03-25 18:48:48 +0000] [326] [INFO] Started server process [326]
[2026-03-25 18:48:48 +0000] [326] [INFO] Waiting for application startup.
[2026-03-25 18:48:48 +0000] [326] [INFO] Application startup complete.
[2026-03-25 18:48:48 +0000] [336] [INFO] Booting worker with pid: 336
[2026-03-25 18:48:48 +0000] [327] [INFO] Started server process [327]
[2026-03-25 18:48:48 +0000] [327] [INFO] Waiting for application startup.
[2026-03-25 18:48:48 +0000] [327] [INFO] Application startup complete.
[2026-03-25 18:48:48 +0000] [328] [INFO] Started server process [328]
[2026-03-25 18:48:48 +0000] [328] [INFO] Waiting for application startup.
[2026-03-25 18:48:48 +0000] [328] [INFO] Application startup complete.
[2026-03-25 18:48:48 +0000] [339] [INFO] Booting worker with pid: 339
[2026-03-25 18:48:48 +0000] [330] [INFO] Started server process [330]
[2026-03-25 18:48:48 +0000] [330] [INFO] Waiting for application startup.
[2026-03-25 18:48:48 +0000] [330] [INFO] Application startup complete.
[2026-03-25 18:48:48 +0000] [341] [INFO] Booting worker with pid: 341
[2026-03-25 18:48:48 +0000] [342] [INFO] Booting worker with pid: 342
[2026-03-25 18:48:48 +0000] [344] [INFO] Booting worker with pid: 344
[2026-03-25 18:48:48 +0000] [334] [INFO] Started server process [334]
[2026-03-25 18:48:48 +0000] [334] [INFO] Waiting for application startup.
[2026-03-25 18:48:48 +0000] [334] [INFO] Application startup complete.
[2026-03-25 18:48:48 +0000] [345] [INFO] Booting worker with pid: 345
[2026-03-25 18:48:49 +0000] [347] [INFO] Booting worker with pid: 347
[2026-03-25 18:48:49 +0000] [333] [INFO] Started server process [333]
[2026-03-25 18:48:49 +0000] [333] [INFO] Waiting for application startup.
[2026-03-25 18:48:49 +0000] [333] [INFO] Application startup complete.
[2026-03-25 18:48:49 +0000] [336] [INFO] Started server process [336]
[2026-03-25 18:48:49 +0000] [336] [INFO] Waiting for application startup.
[2026-03-25 18:48:49 +0000] [336] [INFO] Application startup complete.
[2026-03-25 18:48:49 +0000] [349] [INFO] Booting worker with pid: 349
[2026-03-25 18:48:49 +0000] [350] [INFO] Booting worker with pid: 350
[2026-03-25 18:48:49 +0000] [352] [INFO] Booting worker with pid: 352
[2026-03-25 18:48:49 +0000] [339] [INFO] Started server process [339]
[2026-03-25 18:48:49 +0000] [339] [INFO] Waiting for application startup.
[2026-03-25 18:48:49 +0000] [339] [INFO] Application startup complete.
[2026-03-25 18:48:49 +0000] [353] [INFO] Booting worker with pid: 353
[2026-03-25 18:48:49 +0000] [354] [INFO] Booting worker with pid: 354
[2026-03-25 18:48:49 +0000] [355] [INFO] Booting worker with pid: 355
[2026-03-25 18:48:49 +0000] [357] [INFO] Booting worker with pid: 357
[2026-03-25 18:48:49 +0000] [341] [INFO] Started server process [341]
[2026-03-25 18:48:49 +0000] [341] [INFO] Waiting for application startup.
[2026-03-25 18:48:49 +0000] [341] [INFO] Application startup complete.
[2026-03-25 18:48:49 +0000] [358] [INFO] Booting worker with pid: 358
[2026-03-25 18:48:49 +0000] [359] [INFO] Booting worker with pid: 359
[2026-03-25 18:48:49 +0000] [360] [INFO] Booting worker with pid: 360
[2026-03-25 18:48:49 +0000] [347] [INFO] Started server process [347]
[2026-03-25 18:48:49 +0000] [347] [INFO] Waiting for application startup.
[2026-03-25 18:48:49 +0000] [347] [INFO] Application startup complete.
[2026-03-25 18:48:49 +0000] [362] [INFO] Booting worker with pid: 362
[2026-03-25 18:48:49 +0000] [363] [INFO] Booting worker with pid: 363
[2026-03-25 18:48:49 +0000] [364] [INFO] Booting worker with pid: 364
[2026-03-25 18:48:49 +0000] [365] [INFO] Booting worker with pid: 365
[2026-03-25 18:48:49 +0000] [366] [INFO] Booting worker with pid: 366
[2026-03-25 18:48:49 +0000] [345] [INFO] Started server process [345]
[2026-03-25 18:48:49 +0000] [345] [INFO] Waiting for application startup.
[2026-03-25 18:48:49 +0000] [345] [INFO] Application startup complete.
[2026-03-25 18:48:49 +0000] [370] [INFO] Booting worker with pid: 370
[2026-03-25 18:48:49 +0000] [372] [INFO] Booting worker with pid: 372
[2026-03-25 18:48:49 +0000] [344] [INFO] Started server process [344]
[2026-03-25 18:48:49 +0000] [344] [INFO] Waiting for application startup.
[2026-03-25 18:48:49 +0000] [344] [INFO] Application startup complete.
[2026-03-25 18:48:49 +0000] [349] [INFO] Started server process [349]
[2026-03-25 18:48:49 +0000] [349] [INFO] Waiting for application startup.
[2026-03-25 18:48:49 +0000] [349] [INFO] Application startup complete.
[2026-03-25 18:48:49 +0000] [352] [INFO] Started server process [352]
[2026-03-25 18:48:49 +0000] [352] [INFO] Waiting for application startup.
[2026-03-25 18:48:49 +0000] [352] [INFO] Application startup complete.
[2026-03-25 18:48:49 +0000] [375] [INFO] Booting worker with pid: 375
[2026-03-25 18:48:50 +0000] [376] [INFO] Booting worker with pid: 376
[2026-03-25 18:48:50 +0000] [342] [INFO] Started server process [342]
[2026-03-25 18:48:50 +0000] [342] [INFO] Waiting for application startup.
[2026-03-25 18:48:50 +0000] [342] [INFO] Application startup complete.
[2026-03-25 18:48:50 +0000] [350] [INFO] Started server process [350]
[2026-03-25 18:48:50 +0000] [350] [INFO] Waiting for application startup.
[2026-03-25 18:48:50 +0000] [350] [INFO] Application startup complete.
[2026-03-25 18:48:50 +0000] [378] [INFO] Booting worker with pid: 378
[2026-03-25 18:48:50 +0000] [379] [INFO] Booting worker with pid: 379
[2026-03-25 18:48:50 +0000] [353] [INFO] Started server process [353]
[2026-03-25 18:48:50 +0000] [353] [INFO] Waiting for application startup.
[2026-03-25 18:48:50 +0000] [353] [INFO] Application startup complete.
[2026-03-25 18:48:50 +0000] [355] [INFO] Started server process [355]
[2026-03-25 18:48:50 +0000] [355] [INFO] Waiting for application startup.
[2026-03-25 18:48:50 +0000] [355] [INFO] Application startup complete.
[2026-03-25 18:48:50 +0000] [381] [INFO] Booting worker with pid: 381
[2026-03-25 18:48:50 +0000] [382] [INFO] Booting worker with pid: 382
[2026-03-25 18:48:50 +0000] [354] [INFO] Started server process [354]
[2026-03-25 18:48:50 +0000] [354] [INFO] Waiting for application startup.
[2026-03-25 18:48:50 +0000] [354] [INFO] Application startup complete.
[2026-03-25 18:48:50 +0000] [359] [INFO] Started server process [359]
[2026-03-25 18:48:50 +0000] [359] [INFO] Waiting for application startup.
[2026-03-25 18:48:50 +0000] [359] [INFO] Application startup complete.
[2026-03-25 18:48:50 +0000] [386] [INFO] Booting worker with pid: 386
[2026-03-25 18:48:50 +0000] [360] [INFO] Started server process [360]
[2026-03-25 18:48:50 +0000] [358] [INFO] Started server process [358]
[2026-03-25 18:48:50 +0000] [360] [INFO] Waiting for application startup.
[2026-03-25 18:48:50 +0000] [358] [INFO] Waiting for application startup.
[2026-03-25 18:48:50 +0000] [358] [INFO] Application startup complete.
[2026-03-25 18:48:50 +0000] [360] [INFO] Application startup complete.
[2026-03-25 18:48:50 +0000] [388] [INFO] Booting worker with pid: 388
[2026-03-25 18:48:50 +0000] [389] [INFO] Booting worker with pid: 389
[2026-03-25 18:48:50 +0000] [390] [INFO] Booting worker with pid: 390
[2026-03-25 18:48:50 +0000] [391] [INFO] Booting worker with pid: 391
[2026-03-25 18:48:50 +0000] [357] [INFO] Started server process [357]
[2026-03-25 18:48:50 +0000] [357] [INFO] Waiting for application startup.
[2026-03-25 18:48:50 +0000] [357] [INFO] Application startup complete.
[2026-03-25 18:48:50 +0000] [394] [INFO] Booting worker with pid: 394
[2026-03-25 18:48:50 +0000] [395] [INFO] Booting worker with pid: 395
[2026-03-25 18:48:50 +0000] [364] [INFO] Started server process [364]
[2026-03-25 18:48:50 +0000] [364] [INFO] Waiting for application startup.
[2026-03-25 18:48:50 +0000] [364] [INFO] Application startup complete.
[2026-03-25 18:48:50 +0000] [372] [INFO] Started server process [372]
[2026-03-25 18:48:50 +0000] [372] [INFO] Waiting for application startup.
[2026-03-25 18:48:50 +0000] [372] [INFO] Application startup complete.
[2026-03-25 18:48:50 +0000] [398] [INFO] Booting worker with pid: 398
[2026-03-25 18:48:50 +0000] [399] [INFO] Booting worker with pid: 399
[2026-03-25 18:48:50 +0000] [375] [INFO] Started server process [375]
[2026-03-25 18:48:50 +0000] [375] [INFO] Waiting for application startup.
[2026-03-25 18:48:50 +0000] [375] [INFO] Application startup complete.
[2026-03-25 18:48:50 +0000] [370] [INFO] Started server process [370]
[2026-03-25 18:48:50 +0000] [370] [INFO] Waiting for application startup.
[2026-03-25 18:48:50 +0000] [370] [INFO] Application startup complete.
[2026-03-25 18:48:50 +0000] [402] [INFO] Booting worker with pid: 402
[2026-03-25 18:48:50 +0000] [403] [INFO] Booting worker with pid: 403
[2026-03-25 18:48:50 +0000] [363] [INFO] Started server process [363]
[2026-03-25 18:48:50 +0000] [363] [INFO] Waiting for application startup.
[2026-03-25 18:48:50 +0000] [363] [INFO] Application startup complete.
[2026-03-25 18:48:50 +0000] [378] [INFO] Started server process [378]
[2026-03-25 18:48:50 +0000] [378] [INFO] Waiting for application startup.
[2026-03-25 18:48:50 +0000] [378] [INFO] Application startup complete.
[2026-03-25 18:48:50 +0000] [406] [INFO] Booting worker with pid: 406
[2026-03-25 18:48:50 +0000] [366] [INFO] Started server process [366]
[2026-03-25 18:48:50 +0000] [366] [INFO] Waiting for application startup.
[2026-03-25 18:48:50 +0000] [366] [INFO] Application startup complete.
[2026-03-25 18:48:50 +0000] [408] [INFO] Booting worker with pid: 408
[2026-03-25 18:48:50 +0000] [409] [INFO] Booting worker with pid: 409
[2026-03-25 18:48:50 +0000] [365] [INFO] Started server process [365]
[2026-03-25 18:48:50 +0000] [365] [INFO] Waiting for application startup.
[2026-03-25 18:48:50 +0000] [365] [INFO] Application startup complete.
[2026-03-25 18:48:50 +0000] [410] [INFO] Booting worker with pid: 410
[2026-03-25 18:48:51 +0000] [411] [INFO] Booting worker with pid: 411
[2026-03-25 18:48:51 +0000] [362] [INFO] Started server process [362]
[2026-03-25 18:48:51 +0000] [362] [INFO] Waiting for application startup.
[2026-03-25 18:48:51 +0000] [362] [INFO] Application startup complete.
[2026-03-25 18:48:51 +0000] [415] [INFO] Booting worker with pid: 415
[2026-03-25 18:48:51 +0000] [382] [INFO] Started server process [382]
[2026-03-25 18:48:51 +0000] [382] [INFO] Waiting for application startup.
[2026-03-25 18:48:51 +0000] [386] [INFO] Started server process [386]
[2026-03-25 18:48:51 +0000] [386] [INFO] Waiting for application startup.
[2026-03-25 18:48:51 +0000] [382] [INFO] Application startup complete.
[2026-03-25 18:48:51 +0000] [386] [INFO] Application startup complete.
[2026-03-25 18:48:51 +0000] [389] [INFO] Started server process [389]
[2026-03-25 18:48:51 +0000] [389] [INFO] Waiting for application startup.
[2026-03-25 18:48:51 +0000] [389] [INFO] Application startup complete.
[2026-03-25 18:48:51 +0000] [418] [INFO] Booting worker with pid: 418
[2026-03-25 18:48:51 +0000] [376] [INFO] Started server process [376]
[2026-03-25 18:48:51 +0000] [376] [INFO] Waiting for application startup.
[2026-03-25 18:48:51 +0000] [376] [INFO] Application startup complete.
[2026-03-25 18:48:51 +0000] [420] [INFO] Booting worker with pid: 420
[2026-03-25 18:48:51 +0000] [391] [INFO] Started server process [391]
[2026-03-25 18:48:51 +0000] [391] [INFO] Waiting for application startup.
[2026-03-25 18:48:51 +0000] [391] [INFO] Application startup complete.
[2026-03-25 18:48:51 +0000] [388] [INFO] Started server process [388]
[2026-03-25 18:48:51 +0000] [388] [INFO] Waiting for application startup.
[2026-03-25 18:48:51 +0000] [388] [INFO] Application startup complete.
[2026-03-25 18:48:51 +0000] [422] [INFO] Booting worker with pid: 422
[2026-03-25 18:48:51 +0000] [424] [INFO] Booting worker with pid: 424
[2026-03-25 18:48:51 +0000] [426] [INFO] Booting worker with pid: 426
[2026-03-25 18:48:51 +0000] [398] [INFO] Started server process [398]
[2026-03-25 18:48:51 +0000] [398] [INFO] Waiting for application startup.
[2026-03-25 18:48:51 +0000] [398] [INFO] Application startup complete.
[2026-03-25 18:48:51 +0000] [390] [INFO] Started server process [390]
[2026-03-25 18:48:51 +0000] [390] [INFO] Waiting for application startup.
[2026-03-25 18:48:51 +0000] [390] [INFO] Application startup complete.
[2026-03-25 18:48:51 +0000] [427] [INFO] Booting worker with pid: 427
[2026-03-25 18:48:51 +0000] [428] [INFO] Booting worker with pid: 428
[2026-03-25 18:48:51 +0000] [403] [INFO] Started server process [403]
[2026-03-25 18:48:51 +0000] [403] [INFO] Waiting for application startup.
[2026-03-25 18:48:51 +0000] [403] [INFO] Application startup complete.
[2026-03-25 18:48:51 +0000] [409] [INFO] Started server process [409]
[2026-03-25 18:48:51 +0000] [409] [INFO] Waiting for application startup.
[2026-03-25 18:48:51 +0000] [409] [INFO] Application startup complete.
[2026-03-25 18:48:51 +0000] [433] [INFO] Booting worker with pid: 433
[2026-03-25 18:48:51 +0000] [381] [INFO] Started server process [381]
[2026-03-25 18:48:51 +0000] [381] [INFO] Waiting for application startup.
[2026-03-25 18:48:51 +0000] [381] [INFO] Application startup complete.
[2026-03-25 18:48:51 +0000] [402] [INFO] Started server process [402]
[2026-03-25 18:48:51 +0000] [402] [INFO] Waiting for application startup.
[2026-03-25 18:48:51 +0000] [402] [INFO] Application startup complete.
[2026-03-25 18:48:51 +0000] [434] [INFO] Booting worker with pid: 434
[2026-03-25 18:48:51 +0000] [436] [INFO] Booting worker with pid: 436
[2026-03-25 18:48:51 +0000] [437] [INFO] Booting worker with pid: 437
[2026-03-25 18:48:51 +0000] [406] [INFO] Started server process [406]
[2026-03-25 18:48:51 +0000] [406] [INFO] Waiting for application startup.
[2026-03-25 18:48:51 +0000] [406] [INFO] Application startup complete.
[2026-03-25 18:48:51 +0000] [394] [INFO] Started server process [394]
[2026-03-25 18:48:51 +0000] [394] [INFO] Waiting for application startup.
[2026-03-25 18:48:51 +0000] [394] [INFO] Application startup complete.
[2026-03-25 18:48:51 +0000] [399] [INFO] Started server process [399]
[2026-03-25 18:48:51 +0000] [399] [INFO] Waiting for application startup.
[2026-03-25 18:48:51 +0000] [399] [INFO] Application startup complete.
[2026-03-25 18:48:51 +0000] [441] [INFO] Booting worker with pid: 441
[2026-03-25 18:48:51 +0000] [395] [INFO] Started server process [395]
[2026-03-25 18:48:51 +0000] [395] [INFO] Waiting for application startup.
[2026-03-25 18:48:51 +0000] [395] [INFO] Application startup complete.
[2026-03-25 18:48:51 +0000] [443] [INFO] Booting worker with pid: 443
[2026-03-25 18:48:51 +0000] [415] [INFO] Started server process [415]
[2026-03-25 18:48:51 +0000] [415] [INFO] Waiting for application startup.
[2026-03-25 18:48:51 +0000] [415] [INFO] Application startup complete.
[2026-03-25 18:48:51 +0000] [410] [INFO] Started server process [410]
[2026-03-25 18:48:51 +0000] [410] [INFO] Waiting for application startup.
[2026-03-25 18:48:51 +0000] [410] [INFO] Application startup complete.
[2026-03-25 18:48:51 +0000] [446] [INFO] Booting worker with pid: 446
[2026-03-25 18:48:51 +0000] [379] [INFO] Started server process [379]
[2026-03-25 18:48:51 +0000] [379] [INFO] Waiting for application startup.
[2026-03-25 18:48:51 +0000] [379] [INFO] Application startup complete.
[2026-03-25 18:48:52 +0000] [449] [INFO] Booting worker with pid: 449
[2026-03-25 18:48:52 +0000] [422] [INFO] Started server process [422]
[2026-03-25 18:48:52 +0000] [422] [INFO] Waiting for application startup.
[2026-03-25 18:48:52 +0000] [422] [INFO] Application startup complete.
[2026-03-25 18:48:52 +0000] [418] [INFO] Started server process [418]
[2026-03-25 18:48:52 +0000] [418] [INFO] Waiting for application startup.
[2026-03-25 18:48:52 +0000] [418] [INFO] Application startup complete.
[2026-03-25 18:48:52 +0000] [451] [INFO] Booting worker with pid: 451
[2026-03-25 18:48:52 +0000] [411] [INFO] Started server process [411]
[2026-03-25 18:48:52 +0000] [411] [INFO] Waiting for application startup.
[2026-03-25 18:48:52 +0000] [411] [INFO] Application startup complete.
[2026-03-25 18:48:52 +0000] [453] [INFO] Booting worker with pid: 453
[2026-03-25 18:48:52 +0000] [420] [INFO] Started server process [420]
[2026-03-25 18:48:52 +0000] [420] [INFO] Waiting for application startup.
[2026-03-25 18:48:52 +0000] [420] [INFO] Application startup complete.
[2026-03-25 18:48:52 +0000] [408] [INFO] Started server process [408]
[2026-03-25 18:48:52 +0000] [408] [INFO] Waiting for application startup.
[2026-03-25 18:48:52 +0000] [408] [INFO] Application startup complete.
[2026-03-25 18:48:52 +0000] [456] [INFO] Booting worker with pid: 456
[2026-03-25 18:48:52 +0000] [426] [INFO] Started server process [426]
[2026-03-25 18:48:52 +0000] [426] [INFO] Waiting for application startup.
[2026-03-25 18:48:52 +0000] [426] [INFO] Application startup complete.
[2026-03-25 18:48:52 +0000] [457] [INFO] Booting worker with pid: 457
[2026-03-25 18:48:52 +0000] [458] [INFO] Booting worker with pid: 458
[2026-03-25 18:48:52 +0000] [460] [INFO] Booting worker with pid: 460
[2026-03-25 18:48:52 +0000] [441] [INFO] Started server process [441]
[2026-03-25 18:48:52 +0000] [441] [INFO] Waiting for application startup.
[2026-03-25 18:48:52 +0000] [441] [INFO] Application startup complete.
[2026-03-25 18:48:52 +0000] [461] [INFO] Booting worker with pid: 461
[2026-03-25 18:48:52 +0000] [463] [INFO] Booting worker with pid: 463
[2026-03-25 18:48:52 +0000] [434] [INFO] Started server process [434]
[2026-03-25 18:48:52 +0000] [434] [INFO] Waiting for application startup.
[2026-03-25 18:48:52 +0000] [434] [INFO] Application startup complete.
[2026-03-25 18:48:52 +0000] [465] [INFO] Booting worker with pid: 465
[2026-03-25 18:48:52 +0000] [428] [INFO] Started server process [428]
[2026-03-25 18:48:52 +0000] [428] [INFO] Waiting for application startup.
[2026-03-25 18:48:52 +0000] [428] [INFO] Application startup complete.
[2026-03-25 18:48:52 +0000] [466] [INFO] Booting worker with pid: 466
[2026-03-25 18:48:52 +0000] [467] [INFO] Booting worker with pid: 467
[2026-03-25 18:48:52 +0000] [469] [INFO] Booting worker with pid: 469
[2026-03-25 18:48:52 +0000] [427] [INFO] Started server process [427]
[2026-03-25 18:48:52 +0000] [427] [INFO] Waiting for application startup.
[2026-03-25 18:48:52 +0000] [427] [INFO] Application startup complete.
[2026-03-25 18:48:52 +0000] [436] [INFO] Started server process [436]
[2026-03-25 18:48:52 +0000] [436] [INFO] Waiting for application startup.
[2026-03-25 18:48:52 +0000] [436] [INFO] Application startup complete.
[2026-03-25 18:48:52 +0000] [472] [INFO] Booting worker with pid: 472
[2026-03-25 18:48:52 +0000] [433] [INFO] Started server process [433]
[2026-03-25 18:48:52 +0000] [433] [INFO] Waiting for application startup.
[2026-03-25 18:48:52 +0000] [433] [INFO] Application startup complete.
[2026-03-25 18:48:52 +0000] [453] [INFO] Started server process [453]
[2026-03-25 18:48:52 +0000] [453] [INFO] Waiting for application startup.
[2026-03-25 18:48:52 +0000] [453] [INFO] Application startup complete.
[2026-03-25 18:48:52 +0000] [446] [INFO] Started server process [446]
[2026-03-25 18:48:52 +0000] [446] [INFO] Waiting for application startup.
[2026-03-25 18:48:52 +0000] [446] [INFO] Application startup complete.
[2026-03-25 18:48:52 +0000] [476] [INFO] Booting worker with pid: 476
[2026-03-25 18:48:52 +0000] [424] [INFO] Started server process [424]
[2026-03-25 18:48:52 +0000] [424] [INFO] Waiting for application startup.
[2026-03-25 18:48:52 +0000] [424] [INFO] Application startup complete.
[2026-03-25 18:48:52 +0000] [477] [INFO] Booting worker with pid: 477
[2026-03-25 18:48:52 +0000] [456] [INFO] Started server process [456]
[2026-03-25 18:48:52 +0000] [456] [INFO] Waiting for application startup.
[2026-03-25 18:48:52 +0000] [456] [INFO] Application startup complete.
[2026-03-25 18:48:52 +0000] [451] [INFO] Started server process [451]
[2026-03-25 18:48:52 +0000] [451] [INFO] Waiting for application startup.
[2026-03-25 18:48:52 +0000] [451] [INFO] Application startup complete.
[2026-03-25 18:48:52 +0000] [449] [INFO] Started server process [449]
[2026-03-25 18:48:52 +0000] [449] [INFO] Waiting for application startup.
[2026-03-25 18:48:52 +0000] [449] [INFO] Application startup complete.
[2026-03-25 18:48:52 +0000] [460] [INFO] Started server process [460]
[2026-03-25 18:48:52 +0000] [460] [INFO] Waiting for application startup.
[2026-03-25 18:48:52 +0000] [460] [INFO] Application startup complete.
[2026-03-25 18:48:52 +0000] [443] [INFO] Started server process [443]
[2026-03-25 18:48:52 +0000] [443] [INFO] Waiting for application startup.
[2026-03-25 18:48:52 +0000] [443] [INFO] Application startup complete.
[2026-03-25 18:48:52 +0000] [483] [INFO] Booting worker with pid: 483
[2026-03-25 18:48:52 +0000] [484] [INFO] Booting worker with pid: 484
[2026-03-25 18:48:53 +0000] [485] [INFO] Booting worker with pid: 485
[2026-03-25 18:48:53 +0000] [487] [INFO] Booting worker with pid: 487
[2026-03-25 18:48:53 +0000] [437] [INFO] Started server process [437]
[2026-03-25 18:48:53 +0000] [437] [INFO] Waiting for application startup.
[2026-03-25 18:48:53 +0000] [437] [INFO] Application startup complete.
[2026-03-25 18:48:53 +0000] [461] [INFO] Started server process [461]
[2026-03-25 18:48:53 +0000] [461] [INFO] Waiting for application startup.
[2026-03-25 18:48:53 +0000] [461] [INFO] Application startup complete.
[2026-03-25 18:48:53 +0000] [458] [INFO] Started server process [458]
[2026-03-25 18:48:53 +0000] [458] [INFO] Waiting for application startup.
[2026-03-25 18:48:53 +0000] [458] [INFO] Application startup complete.
[2026-03-25 18:48:53 +0000] [491] [INFO] Booting worker with pid: 491
[2026-03-25 18:48:53 +0000] [466] [INFO] Started server process [466]
[2026-03-25 18:48:53 +0000] [492] [INFO] Booting worker with pid: 492
[2026-03-25 18:48:53 +0000] [466] [INFO] Waiting for application startup.
[2026-03-25 18:48:53 +0000] [466] [INFO] Application startup complete.
[2026-03-25 18:48:53 +0000] [457] [INFO] Started server process [457]
[2026-03-25 18:48:53 +0000] [457] [INFO] Waiting for application startup.
[2026-03-25 18:48:53 +0000] [457] [INFO] Application startup complete.
[2026-03-25 18:48:53 +0000] [469] [INFO] Started server process [469]
[2026-03-25 18:48:53 +0000] [469] [INFO] Waiting for application startup.
[2026-03-25 18:48:53 +0000] [469] [INFO] Application startup complete.
[2026-03-25 18:48:53 +0000] [495] [INFO] Booting worker with pid: 495
[2026-03-25 18:48:53 +0000] [496] [INFO] Booting worker with pid: 496
[2026-03-25 18:48:53 +0000] [497] [INFO] Booting worker with pid: 497
[2026-03-25 18:48:53 +0000] [463] [INFO] Started server process [463]
[2026-03-25 18:48:53 +0000] [463] [INFO] Waiting for application startup.
[2026-03-25 18:48:53 +0000] [463] [INFO] Application startup complete.
[2026-03-25 18:48:53 +0000] [500] [INFO] Booting worker with pid: 500
[2026-03-25 18:48:53 +0000] [467] [INFO] Started server process [467]
[2026-03-25 18:48:53 +0000] [467] [INFO] Waiting for application startup.
[2026-03-25 18:48:53 +0000] [467] [INFO] Application startup complete.
[2026-03-25 18:48:53 +0000] [502] [INFO] Booting worker with pid: 502
[2026-03-25 18:48:53 +0000] [483] [INFO] Started server process [483]
[2026-03-25 18:48:53 +0000] [483] [INFO] Waiting for application startup.
[2026-03-25 18:48:53 +0000] [483] [INFO] Application startup complete.
[2026-03-25 18:48:53 +0000] [484] [INFO] Started server process [484]
[2026-03-25 18:48:53 +0000] [484] [INFO] Waiting for application startup.
[2026-03-25 18:48:53 +0000] [484] [INFO] Application startup complete.
[2026-03-25 18:48:53 +0000] [505] [INFO] Booting worker with pid: 505
[2026-03-25 18:48:53 +0000] [487] [INFO] Started server process [487]
[2026-03-25 18:48:53 +0000] [487] [INFO] Waiting for application startup.
[2026-03-25 18:48:53 +0000] [487] [INFO] Application startup complete.
[2026-03-25 18:48:53 +0000] [485] [INFO] Started server process [485]
[2026-03-25 18:48:53 +0000] [485] [INFO] Waiting for application startup.
[2026-03-25 18:48:53 +0000] [485] [INFO] Application startup complete.
[2026-03-25 18:48:53 +0000] [465] [INFO] Started server process [465]
[2026-03-25 18:48:53 +0000] [465] [INFO] Waiting for application startup.
[2026-03-25 18:48:53 +0000] [465] [INFO] Application startup complete.
[2026-03-25 18:48:53 +0000] [472] [INFO] Started server process [472]
[2026-03-25 18:48:53 +0000] [472] [INFO] Waiting for application startup.
[2026-03-25 18:48:53 +0000] [472] [INFO] Application startup complete.
[2026-03-25 18:48:53 +0000] [476] [INFO] Started server process [476]
[2026-03-25 18:48:53 +0000] [476] [INFO] Waiting for application startup.
[2026-03-25 18:48:53 +0000] [476] [INFO] Application startup complete.
[2026-03-25 18:48:53 +0000] [491] [INFO] Started server process [491]
[2026-03-25 18:48:53 +0000] [491] [INFO] Waiting for application startup.
[2026-03-25 18:48:53 +0000] [491] [INFO] Application startup complete.
[2026-03-25 18:48:53 +0000] [492] [INFO] Started server process [492]
[2026-03-25 18:48:53 +0000] [492] [INFO] Waiting for application startup.
[2026-03-25 18:48:53 +0000] [492] [INFO] Application startup complete.
[2026-03-25 18:48:53 +0000] [477] [INFO] Started server process [477]
[2026-03-25 18:48:53 +0000] [477] [INFO] Waiting for application startup.
[2026-03-25 18:48:53 +0000] [477] [INFO] Application startup complete.
[2026-03-25 18:48:53 +0000] [496] [INFO] Started server process [496]
[2026-03-25 18:48:53 +0000] [496] [INFO] Waiting for application startup.
[2026-03-25 18:48:53 +0000] [496] [INFO] Application startup complete.
[2026-03-25 18:48:53 +0000] [495] [INFO] Started server process [495]
[2026-03-25 18:48:53 +0000] [495] [INFO] Waiting for application startup.
[2026-03-25 18:48:53 +0000] [495] [INFO] Application startup complete.
[2026-03-25 18:48:53 +0000] [505] [INFO] Started server process [505]
[2026-03-25 18:48:53 +0000] [502] [INFO] Started server process [502]
[2026-03-25 18:48:53 +0000] [497] [INFO] Started server process [497]
[2026-03-25 18:48:53 +0000] [505] [INFO] Waiting for application startup.
[2026-03-25 18:48:53 +0000] [500] [INFO] Started server process [500]
[2026-03-25 18:48:53 +0000] [497] [INFO] Waiting for application startup.
[2026-03-25 18:48:53 +0000] [502] [INFO] Waiting for application startup.
[2026-03-25 18:48:53 +0000] [500] [INFO] Waiting for application startup.
[2026-03-25 18:48:53 +0000] [505] [INFO] Application startup complete.
[2026-03-25 18:48:53 +0000] [502] [INFO] Application startup complete.
[2026-03-25 18:48:53 +0000] [497] [INFO] Application startup complete.
[2026-03-25 18:48:53 +0000] [500] [INFO] Application startup complete.
