[2026-04-04 07:25:25 +0000] [1] [INFO] Starting gunicorn 23.0.0
[2026-04-04 07:25:25 +0000] [1] [INFO] Listening at: http://0.0.0.0:8080 (1)
[2026-04-04 07:25:25 +0000] [1] [INFO] Using worker: uvicorn.workers.UvicornWorker
[2026-04-04 07:25:25 +0000] [7] [INFO] Booting worker with pid: 7
[2026-04-04 07:25:25 +0000] [8] [INFO] Booting worker with pid: 8
[2026-04-04 07:25:26 +0000] [7] [INFO] Started server process [7]
[2026-04-04 07:25:26 +0000] [7] [INFO] Waiting for application startup.
[2026-04-04 07:25:26 +0000] [7] [INFO] Application startup complete.
[2026-04-04 07:25:26 +0000] [8] [INFO] Started server process [8]
[2026-04-04 07:25:26 +0000] [8] [INFO] Waiting for application startup.
[2026-04-04 07:25:26 +0000] [8] [INFO] Application startup complete.
[2026-04-04 07:25:26 +0000] [11] [INFO] Booting worker with pid: 11
[2026-04-04 07:25:26 +0000] [13] [INFO] Booting worker with pid: 13
[2026-04-04 07:25:26 +0000] [11] [INFO] Started server process [11]
[2026-04-04 07:25:26 +0000] [11] [INFO] Waiting for application startup.
[2026-04-04 07:25:26 +0000] [11] [INFO] Application startup complete.
[2026-04-04 07:25:26 +0000] [14] [INFO] Booting worker with pid: 14
[2026-04-04 07:25:26 +0000] [13] [INFO] Started server process [13]
[2026-04-04 07:25:26 +0000] [13] [INFO] Waiting for application startup.
[2026-04-04 07:25:26 +0000] [13] [INFO] Application startup complete.
[2026-04-04 07:25:26 +0000] [16] [INFO] Booting worker with pid: 16
[2026-04-04 07:25:26 +0000] [18] [INFO] Booting worker with pid: 18
[2026-04-04 07:25:26 +0000] [14] [INFO] Started server process [14]
[2026-04-04 07:25:26 +0000] [14] [INFO] Waiting for application startup.
[2026-04-04 07:25:26 +0000] [14] [INFO] Application startup complete.
[2026-04-04 07:25:26 +0000] [16] [INFO] Started server process [16]
[2026-04-04 07:25:26 +0000] [16] [INFO] Waiting for application startup.
[2026-04-04 07:25:26 +0000] [16] [INFO] Application startup complete.
[2026-04-04 07:25:26 +0000] [21] [INFO] Booting worker with pid: 21
[2026-04-04 07:25:26 +0000] [18] [INFO] Started server process [18]
[2026-04-04 07:25:26 +0000] [18] [INFO] Waiting for application startup.
[2026-04-04 07:25:26 +0000] [18] [INFO] Application startup complete.
[2026-04-04 07:25:26 +0000] [22] [INFO] Booting worker with pid: 22
[2026-04-04 07:25:26 +0000] [24] [INFO] Booting worker with pid: 24
[2026-04-04 07:25:26 +0000] [21] [INFO] Started server process [21]
[2026-04-04 07:25:26 +0000] [21] [INFO] Waiting for application startup.
[2026-04-04 07:25:26 +0000] [21] [INFO] Application startup complete.
[2026-04-04 07:25:26 +0000] [22] [INFO] Started server process [22]
[2026-04-04 07:25:26 +0000] [22] [INFO] Waiting for application startup.
[2026-04-04 07:25:26 +0000] [22] [INFO] Application startup complete.
[2026-04-04 07:25:26 +0000] [24] [INFO] Started server process [24]
[2026-04-04 07:25:26 +0000] [24] [INFO] Waiting for application startup.
[2026-04-04 07:25:26 +0000] [24] [INFO] Application startup complete.
[2026-04-04 07:25:26 +0000] [27] [INFO] Booting worker with pid: 27
[2026-04-04 07:25:26 +0000] [28] [INFO] Booting worker with pid: 28
[2026-04-04 07:25:26 +0000] [27] [INFO] Started server process [27]
[2026-04-04 07:25:26 +0000] [27] [INFO] Waiting for application startup.
[2026-04-04 07:25:26 +0000] [27] [INFO] Application startup complete.
[2026-04-04 07:25:26 +0000] [28] [INFO] Started server process [28]
[2026-04-04 07:25:26 +0000] [28] [INFO] Waiting for application startup.
[2026-04-04 07:25:26 +0000] [28] [INFO] Application startup complete.
[2026-04-04 07:25:26 +0000] [31] [INFO] Booting worker with pid: 31
[2026-04-04 07:25:26 +0000] [32] [INFO] Booting worker with pid: 32
[2026-04-04 07:25:26 +0000] [33] [INFO] Booting worker with pid: 33
[2026-04-04 07:25:26 +0000] [31] [INFO] Started server process [31]
[2026-04-04 07:25:26 +0000] [31] [INFO] Waiting for application startup.
[2026-04-04 07:25:26 +0000] [31] [INFO] Application startup complete.
[2026-04-04 07:25:26 +0000] [32] [INFO] Started server process [32]
[2026-04-04 07:25:26 +0000] [32] [INFO] Waiting for application startup.
[2026-04-04 07:25:26 +0000] [32] [INFO] Application startup complete.
[2026-04-04 07:25:26 +0000] [37] [INFO] Booting worker with pid: 37
[2026-04-04 07:25:26 +0000] [33] [INFO] Started server process [33]
[2026-04-04 07:25:26 +0000] [33] [INFO] Waiting for application startup.
[2026-04-04 07:25:26 +0000] [33] [INFO] Application startup complete.
[2026-04-04 07:25:26 +0000] [38] [INFO] Booting worker with pid: 38
[2026-04-04 07:25:26 +0000] [37] [INFO] Started server process [37]
[2026-04-04 07:25:26 +0000] [37] [INFO] Waiting for application startup.
[2026-04-04 07:25:26 +0000] [37] [INFO] Application startup complete.
[2026-04-04 07:25:26 +0000] [38] [INFO] Started server process [38]
[2026-04-04 07:25:26 +0000] [38] [INFO] Waiting for application startup.
[2026-04-04 07:25:26 +0000] [38] [INFO] Application startup complete.
[2026-04-04 07:25:26 +0000] [41] [INFO] Booting worker with pid: 41
[2026-04-04 07:25:26 +0000] [42] [INFO] Booting worker with pid: 42
[2026-04-04 07:25:26 +0000] [41] [INFO] Started server process [41]
[2026-04-04 07:25:26 +0000] [41] [INFO] Waiting for application startup.
[2026-04-04 07:25:26 +0000] [41] [INFO] Application startup complete.
[2026-04-04 07:25:27 +0000] [42] [INFO] Started server process [42]
[2026-04-04 07:25:27 +0000] [42] [INFO] Waiting for application startup.
[2026-04-04 07:25:27 +0000] [45] [INFO] Booting worker with pid: 45
[2026-04-04 07:25:27 +0000] [42] [INFO] Application startup complete.
[2026-04-04 07:25:27 +0000] [47] [INFO] Booting worker with pid: 47
[2026-04-04 07:25:27 +0000] [45] [INFO] Started server process [45]
[2026-04-04 07:25:27 +0000] [45] [INFO] Waiting for application startup.
[2026-04-04 07:25:27 +0000] [45] [INFO] Application startup complete.
[2026-04-04 07:25:27 +0000] [48] [INFO] Booting worker with pid: 48
[2026-04-04 07:25:27 +0000] [49] [INFO] Booting worker with pid: 49
[2026-04-04 07:25:27 +0000] [47] [INFO] Started server process [47]
[2026-04-04 07:25:27 +0000] [47] [INFO] Waiting for application startup.
[2026-04-04 07:25:27 +0000] [47] [INFO] Application startup complete.
[2026-04-04 07:25:27 +0000] [52] [INFO] Booting worker with pid: 52
[2026-04-04 07:25:27 +0000] [48] [INFO] Started server process [48]
[2026-04-04 07:25:27 +0000] [48] [INFO] Waiting for application startup.
[2026-04-04 07:25:27 +0000] [48] [INFO] Application startup complete.
[2026-04-04 07:25:27 +0000] [49] [INFO] Started server process [49]
[2026-04-04 07:25:27 +0000] [49] [INFO] Waiting for application startup.
[2026-04-04 07:25:27 +0000] [49] [INFO] Application startup complete.
[2026-04-04 07:25:27 +0000] [52] [INFO] Started server process [52]
[2026-04-04 07:25:27 +0000] [52] [INFO] Waiting for application startup.
[2026-04-04 07:25:27 +0000] [52] [INFO] Application startup complete.
[2026-04-04 07:25:27 +0000] [55] [INFO] Booting worker with pid: 55
[2026-04-04 07:25:27 +0000] [56] [INFO] Booting worker with pid: 56
[2026-04-04 07:25:27 +0000] [57] [INFO] Booting worker with pid: 57
[2026-04-04 07:25:27 +0000] [55] [INFO] Started server process [55]
[2026-04-04 07:25:27 +0000] [55] [INFO] Waiting for application startup.
[2026-04-04 07:25:27 +0000] [55] [INFO] Application startup complete.
[2026-04-04 07:25:27 +0000] [60] [INFO] Booting worker with pid: 60
[2026-04-04 07:25:27 +0000] [56] [INFO] Started server process [56]
[2026-04-04 07:25:27 +0000] [56] [INFO] Waiting for application startup.
[2026-04-04 07:25:27 +0000] [56] [INFO] Application startup complete.
[2026-04-04 07:25:27 +0000] [57] [INFO] Started server process [57]
[2026-04-04 07:25:27 +0000] [57] [INFO] Waiting for application startup.
[2026-04-04 07:25:27 +0000] [57] [INFO] Application startup complete.
[2026-04-04 07:25:27 +0000] [63] [INFO] Booting worker with pid: 63
[2026-04-04 07:25:27 +0000] [60] [INFO] Started server process [60]
[2026-04-04 07:25:27 +0000] [60] [INFO] Waiting for application startup.
[2026-04-04 07:25:27 +0000] [60] [INFO] Application startup complete.
[2026-04-04 07:25:27 +0000] [64] [INFO] Booting worker with pid: 64
[2026-04-04 07:25:27 +0000] [63] [INFO] Started server process [63]
[2026-04-04 07:25:27 +0000] [63] [INFO] Waiting for application startup.
[2026-04-04 07:25:27 +0000] [63] [INFO] Application startup complete.
[2026-04-04 07:25:27 +0000] [66] [INFO] Booting worker with pid: 66
[2026-04-04 07:25:27 +0000] [64] [INFO] Started server process [64]
[2026-04-04 07:25:27 +0000] [64] [INFO] Waiting for application startup.
[2026-04-04 07:25:27 +0000] [64] [INFO] Application startup complete.
[2026-04-04 07:25:27 +0000] [66] [INFO] Started server process [66]
[2026-04-04 07:25:27 +0000] [66] [INFO] Waiting for application startup.
[2026-04-04 07:25:27 +0000] [66] [INFO] Application startup complete.
[2026-04-04 07:25:27 +0000] [69] [INFO] Booting worker with pid: 69
[2026-04-04 07:25:27 +0000] [71] [INFO] Booting worker with pid: 71
[2026-04-04 07:25:27 +0000] [69] [INFO] Started server process [69]
[2026-04-04 07:25:27 +0000] [69] [INFO] Waiting for application startup.
[2026-04-04 07:25:27 +0000] [69] [INFO] Application startup complete.
[2026-04-04 07:25:27 +0000] [71] [INFO] Started server process [71]
[2026-04-04 07:25:27 +0000] [71] [INFO] Waiting for application startup.
[2026-04-04 07:25:27 +0000] [71] [INFO] Application startup complete.
[2026-04-04 07:25:27 +0000] [73] [INFO] Booting worker with pid: 73
[2026-04-04 07:25:27 +0000] [75] [INFO] Booting worker with pid: 75
[2026-04-04 07:25:27 +0000] [76] [INFO] Booting worker with pid: 76
[2026-04-04 07:25:27 +0000] [73] [INFO] Started server process [73]
[2026-04-04 07:25:27 +0000] [73] [INFO] Waiting for application startup.
[2026-04-04 07:25:27 +0000] [73] [INFO] Application startup complete.
[2026-04-04 07:25:27 +0000] [77] [INFO] Booting worker with pid: 77
[2026-04-04 07:25:27 +0000] [75] [INFO] Started server process [75]
[2026-04-04 07:25:27 +0000] [75] [INFO] Waiting for application startup.
[2026-04-04 07:25:27 +0000] [75] [INFO] Application startup complete.
[2026-04-04 07:25:27 +0000] [76] [INFO] Started server process [76]
[2026-04-04 07:25:27 +0000] [76] [INFO] Waiting for application startup.
[2026-04-04 07:25:27 +0000] [76] [INFO] Application startup complete.
[2026-04-04 07:25:28 +0000] [77] [INFO] Started server process [77]
[2026-04-04 07:25:28 +0000] [77] [INFO] Waiting for application startup.
[2026-04-04 07:25:28 +0000] [77] [INFO] Application startup complete.
[2026-04-04 07:25:28 +0000] [81] [INFO] Booting worker with pid: 81
[2026-04-04 07:25:28 +0000] [82] [INFO] Booting worker with pid: 82
[2026-04-04 07:25:28 +0000] [81] [INFO] Started server process [81]
[2026-04-04 07:25:28 +0000] [81] [INFO] Waiting for application startup.
[2026-04-04 07:25:28 +0000] [81] [INFO] Application startup complete.
[2026-04-04 07:25:28 +0000] [84] [INFO] Booting worker with pid: 84
[2026-04-04 07:25:28 +0000] [82] [INFO] Started server process [82]
[2026-04-04 07:25:28 +0000] [82] [INFO] Waiting for application startup.
[2026-04-04 07:25:28 +0000] [82] [INFO] Application startup complete.
[2026-04-04 07:25:28 +0000] [84] [INFO] Started server process [84]
[2026-04-04 07:25:28 +0000] [84] [INFO] Waiting for application startup.
[2026-04-04 07:25:28 +0000] [84] [INFO] Application startup complete.
[2026-04-04 07:25:28 +0000] [87] [INFO] Booting worker with pid: 87
[2026-04-04 07:25:28 +0000] [89] [INFO] Booting worker with pid: 89
[2026-04-04 07:25:28 +0000] [87] [INFO] Started server process [87]
[2026-04-04 07:25:28 +0000] [87] [INFO] Waiting for application startup.
[2026-04-04 07:25:28 +0000] [87] [INFO] Application startup complete.
[2026-04-04 07:25:28 +0000] [90] [INFO] Booting worker with pid: 90
[2026-04-04 07:25:28 +0000] [89] [INFO] Started server process [89]
[2026-04-04 07:25:28 +0000] [89] [INFO] Waiting for application startup.
[2026-04-04 07:25:28 +0000] [89] [INFO] Application startup complete.
[2026-04-04 07:25:28 +0000] [92] [INFO] Booting worker with pid: 92
[2026-04-04 07:25:28 +0000] [90] [INFO] Started server process [90]
[2026-04-04 07:25:28 +0000] [90] [INFO] Waiting for application startup.
[2026-04-04 07:25:28 +0000] [90] [INFO] Application startup complete.
[2026-04-04 07:25:28 +0000] [92] [INFO] Started server process [92]
[2026-04-04 07:25:28 +0000] [92] [INFO] Waiting for application startup.
[2026-04-04 07:25:28 +0000] [92] [INFO] Application startup complete.
[2026-04-04 07:25:28 +0000] [95] [INFO] Booting worker with pid: 95
[2026-04-04 07:25:28 +0000] [96] [INFO] Booting worker with pid: 96
[2026-04-04 07:25:28 +0000] [95] [INFO] Started server process [95]
[2026-04-04 07:25:28 +0000] [95] [INFO] Waiting for application startup.
[2026-04-04 07:25:28 +0000] [95] [INFO] Application startup complete.
[2026-04-04 07:25:28 +0000] [96] [INFO] Started server process [96]
[2026-04-04 07:25:28 +0000] [96] [INFO] Waiting for application startup.
[2026-04-04 07:25:28 +0000] [96] [INFO] Application startup complete.
[2026-04-04 07:25:28 +0000] [99] [INFO] Booting worker with pid: 99
[2026-04-04 07:25:28 +0000] [101] [INFO] Booting worker with pid: 101
[2026-04-04 07:25:28 +0000] [99] [INFO] Started server process [99]
[2026-04-04 07:25:28 +0000] [99] [INFO] Waiting for application startup.
[2026-04-04 07:25:28 +0000] [99] [INFO] Application startup complete.
[2026-04-04 07:25:28 +0000] [102] [INFO] Booting worker with pid: 102
[2026-04-04 07:25:28 +0000] [103] [INFO] Booting worker with pid: 103
[2026-04-04 07:25:28 +0000] [101] [INFO] Started server process [101]
[2026-04-04 07:25:28 +0000] [101] [INFO] Waiting for application startup.
[2026-04-04 07:25:28 +0000] [101] [INFO] Application startup complete.
[2026-04-04 07:25:28 +0000] [106] [INFO] Booting worker with pid: 106
[2026-04-04 07:25:28 +0000] [102] [INFO] Started server process [102]
[2026-04-04 07:25:28 +0000] [102] [INFO] Waiting for application startup.
[2026-04-04 07:25:28 +0000] [102] [INFO] Application startup complete.
[2026-04-04 07:25:28 +0000] [103] [INFO] Started server process [103]
[2026-04-04 07:25:28 +0000] [103] [INFO] Waiting for application startup.
[2026-04-04 07:25:28 +0000] [103] [INFO] Application startup complete.
[2026-04-04 07:25:28 +0000] [108] [INFO] Booting worker with pid: 108
[2026-04-04 07:25:28 +0000] [110] [INFO] Booting worker with pid: 110
[2026-04-04 07:25:28 +0000] [106] [INFO] Started server process [106]
[2026-04-04 07:25:28 +0000] [106] [INFO] Waiting for application startup.
[2026-04-04 07:25:28 +0000] [106] [INFO] Application startup complete.
[2026-04-04 07:25:28 +0000] [113] [INFO] Booting worker with pid: 113
[2026-04-04 07:25:28 +0000] [108] [INFO] Started server process [108]
[2026-04-04 07:25:28 +0000] [108] [INFO] Waiting for application startup.
[2026-04-04 07:25:28 +0000] [108] [INFO] Application startup complete.
[2026-04-04 07:25:28 +0000] [110] [INFO] Started server process [110]
[2026-04-04 07:25:28 +0000] [110] [INFO] Waiting for application startup.
[2026-04-04 07:25:28 +0000] [110] [INFO] Application startup complete.
[2026-04-04 07:25:29 +0000] [115] [INFO] Booting worker with pid: 115
[2026-04-04 07:25:29 +0000] [113] [INFO] Started server process [113]
[2026-04-04 07:25:29 +0000] [113] [INFO] Waiting for application startup.
[2026-04-04 07:25:29 +0000] [113] [INFO] Application startup complete.
[2026-04-04 07:25:29 +0000] [116] [INFO] Booting worker with pid: 116
[2026-04-04 07:25:29 +0000] [115] [INFO] Started server process [115]
[2026-04-04 07:25:29 +0000] [115] [INFO] Waiting for application startup.
[2026-04-04 07:25:29 +0000] [115] [INFO] Application startup complete.
[2026-04-04 07:25:29 +0000] [119] [INFO] Booting worker with pid: 119
[2026-04-04 07:25:29 +0000] [116] [INFO] Started server process [116]
[2026-04-04 07:25:29 +0000] [116] [INFO] Waiting for application startup.
[2026-04-04 07:25:29 +0000] [116] [INFO] Application startup complete.
[2026-04-04 07:25:29 +0000] [119] [INFO] Started server process [119]
[2026-04-04 07:25:29 +0000] [119] [INFO] Waiting for application startup.
[2026-04-04 07:25:29 +0000] [119] [INFO] Application startup complete.
[2026-04-04 07:25:29 +0000] [121] [INFO] Booting worker with pid: 121
[2026-04-04 07:25:29 +0000] [122] [INFO] Booting worker with pid: 122
[2026-04-04 07:25:29 +0000] [121] [INFO] Started server process [121]
[2026-04-04 07:25:29 +0000] [121] [INFO] Waiting for application startup.
[2026-04-04 07:25:29 +0000] [121] [INFO] Application startup complete.
[2026-04-04 07:25:29 +0000] [124] [INFO] Booting worker with pid: 124
[2026-04-04 07:25:29 +0000] [122] [INFO] Started server process [122]
[2026-04-04 07:25:29 +0000] [122] [INFO] Waiting for application startup.
[2026-04-04 07:25:29 +0000] [122] [INFO] Application startup complete.
[2026-04-04 07:25:29 +0000] [126] [INFO] Booting worker with pid: 126
[2026-04-04 07:25:29 +0000] [124] [INFO] Started server process [124]
[2026-04-04 07:25:29 +0000] [124] [INFO] Waiting for application startup.
[2026-04-04 07:25:29 +0000] [124] [INFO] Application startup complete.
[2026-04-04 07:25:29 +0000] [129] [INFO] Booting worker with pid: 129
[2026-04-04 07:25:29 +0000] [126] [INFO] Started server process [126]
[2026-04-04 07:25:29 +0000] [126] [INFO] Waiting for application startup.
[2026-04-04 07:25:29 +0000] [126] [INFO] Application startup complete.
[2026-04-04 07:25:29 +0000] [130] [INFO] Booting worker with pid: 130
[2026-04-04 07:25:29 +0000] [129] [INFO] Started server process [129]
[2026-04-04 07:25:29 +0000] [129] [INFO] Waiting for application startup.
[2026-04-04 07:25:29 +0000] [129] [INFO] Application startup complete.
[2026-04-04 07:25:29 +0000] [132] [INFO] Booting worker with pid: 132
[2026-04-04 07:25:29 +0000] [130] [INFO] Started server process [130]
[2026-04-04 07:25:29 +0000] [130] [INFO] Waiting for application startup.
[2026-04-04 07:25:29 +0000] [130] [INFO] Application startup complete.
[2026-04-04 07:25:29 +0000] [132] [INFO] Started server process [132]
[2026-04-04 07:25:29 +0000] [132] [INFO] Waiting for application startup.
[2026-04-04 07:25:29 +0000] [132] [INFO] Application startup complete.
