[2026-03-28 15:13:52 +0000] [1] [INFO] Starting gunicorn 23.0.0
[2026-03-28 15:13:52 +0000] [1] [INFO] Listening at: http://0.0.0.0:8080 (1)
[2026-03-28 15:13:52 +0000] [1] [INFO] Using worker: uvicorn.workers.UvicornWorker
[2026-03-28 15:13:52 +0000] [7] [INFO] Booting worker with pid: 7
[2026-03-28 15:13:52 +0000] [8] [INFO] Booting worker with pid: 8
[2026-03-28 15:13:52 +0000] [9] [INFO] Booting worker with pid: 9
[2026-03-28 15:13:52 +0000] [10] [INFO] Booting worker with pid: 10
[2026-03-28 15:13:52 +0000] [11] [INFO] Booting worker with pid: 11
[2026-03-28 15:13:52 +0000] [12] [INFO] Booting worker with pid: 12
[2026-03-28 15:13:52 +0000] [13] [INFO] Booting worker with pid: 13
[2026-03-28 15:13:52 +0000] [7] [INFO] Started server process [7]
[2026-03-28 15:13:52 +0000] [7] [INFO] Waiting for application startup.
[2026-03-28 15:13:52 +0000] [7] [INFO] Application startup complete.
[2026-03-28 15:13:52 +0000] [8] [INFO] Started server process [8]
[2026-03-28 15:13:52 +0000] [8] [INFO] Waiting for application startup.
[2026-03-28 15:13:52 +0000] [8] [INFO] Application startup complete.
[2026-03-28 15:13:52 +0000] [9] [INFO] Started server process [9]
[2026-03-28 15:13:52 +0000] [9] [INFO] Waiting for application startup.
[2026-03-28 15:13:52 +0000] [9] [INFO] Application startup complete.
[2026-03-28 15:13:52 +0000] [17] [INFO] Booting worker with pid: 17
[2026-03-28 15:13:52 +0000] [10] [INFO] Started server process [10]
[2026-03-28 15:13:52 +0000] [10] [INFO] Waiting for application startup.
[2026-03-28 15:13:52 +0000] [10] [INFO] Application startup complete.
[2026-03-28 15:13:52 +0000] [19] [INFO] Booting worker with pid: 19
[2026-03-28 15:13:52 +0000] [11] [INFO] Started server process [11]
[2026-03-28 15:13:52 +0000] [11] [INFO] Waiting for application startup.
[2026-03-28 15:13:52 +0000] [11] [INFO] Application startup complete.
[2026-03-28 15:13:52 +0000] [12] [INFO] Started server process [12]
[2026-03-28 15:13:52 +0000] [12] [INFO] Waiting for application startup.
[2026-03-28 15:13:52 +0000] [12] [INFO] Application startup complete.
[2026-03-28 15:13:52 +0000] [22] [INFO] Booting worker with pid: 22
[2026-03-28 15:13:52 +0000] [24] [INFO] Booting worker with pid: 24
[2026-03-28 15:13:52 +0000] [13] [INFO] Started server process [13]
[2026-03-28 15:13:52 +0000] [13] [INFO] Waiting for application startup.
[2026-03-28 15:13:52 +0000] [13] [INFO] Application startup complete.
[2026-03-28 15:13:52 +0000] [25] [INFO] Booting worker with pid: 25
[2026-03-28 15:13:52 +0000] [27] [INFO] Booting worker with pid: 27
[2026-03-28 15:13:52 +0000] [17] [INFO] Started server process [17]
[2026-03-28 15:13:52 +0000] [17] [INFO] Waiting for application startup.
[2026-03-28 15:13:52 +0000] [17] [INFO] Application startup complete.
[2026-03-28 15:13:52 +0000] [28] [INFO] Booting worker with pid: 28
[2026-03-28 15:13:52 +0000] [19] [INFO] Started server process [19]
[2026-03-28 15:13:52 +0000] [19] [INFO] Waiting for application startup.
[2026-03-28 15:13:52 +0000] [19] [INFO] Application startup complete.
[2026-03-28 15:13:52 +0000] [30] [INFO] Booting worker with pid: 30
[2026-03-28 15:13:52 +0000] [32] [INFO] Booting worker with pid: 32
[2026-03-28 15:13:52 +0000] [22] [INFO] Started server process [22]
[2026-03-28 15:13:52 +0000] [22] [INFO] Waiting for application startup.
[2026-03-28 15:13:52 +0000] [22] [INFO] Application startup complete.
[2026-03-28 15:13:52 +0000] [24] [INFO] Started server process [24]
[2026-03-28 15:13:52 +0000] [24] [INFO] Waiting for application startup.
[2026-03-28 15:13:52 +0000] [24] [INFO] Application startup complete.
[2026-03-28 15:13:52 +0000] [34] [INFO] Booting worker with pid: 34
[2026-03-28 15:13:52 +0000] [25] [INFO] Started server process [25]
[2026-03-28 15:13:52 +0000] [25] [INFO] Waiting for application startup.
[2026-03-28 15:13:52 +0000] [25] [INFO] Application startup complete.
[2026-03-28 15:13:53 +0000] [37] [INFO] Booting worker with pid: 37
[2026-03-28 15:13:53 +0000] [27] [INFO] Started server process [27]
[2026-03-28 15:13:53 +0000] [27] [INFO] Waiting for application startup.
[2026-03-28 15:13:53 +0000] [27] [INFO] Application startup complete.
[2026-03-28 15:13:53 +0000] [38] [INFO] Booting worker with pid: 38
[2026-03-28 15:13:53 +0000] [28] [INFO] Started server process [28]
[2026-03-28 15:13:53 +0000] [28] [INFO] Waiting for application startup.
[2026-03-28 15:13:53 +0000] [28] [INFO] Application startup complete.
[2026-03-28 15:13:53 +0000] [40] [INFO] Booting worker with pid: 40
[2026-03-28 15:13:53 +0000] [30] [INFO] Started server process [30]
[2026-03-28 15:13:53 +0000] [30] [INFO] Waiting for application startup.
[2026-03-28 15:13:53 +0000] [30] [INFO] Application startup complete.
[2026-03-28 15:13:53 +0000] [32] [INFO] Started server process [32]
[2026-03-28 15:13:53 +0000] [32] [INFO] Waiting for application startup.
[2026-03-28 15:13:53 +0000] [32] [INFO] Application startup complete.
[2026-03-28 15:13:53 +0000] [43] [INFO] Booting worker with pid: 43
[2026-03-28 15:13:53 +0000] [34] [INFO] Started server process [34]
[2026-03-28 15:13:53 +0000] [34] [INFO] Waiting for application startup.
[2026-03-28 15:13:53 +0000] [34] [INFO] Application startup complete.
[2026-03-28 15:13:53 +0000] [45] [INFO] Booting worker with pid: 45
[2026-03-28 15:13:53 +0000] [37] [INFO] Started server process [37]
[2026-03-28 15:13:53 +0000] [37] [INFO] Waiting for application startup.
[2026-03-28 15:13:53 +0000] [37] [INFO] Application startup complete.
[2026-03-28 15:13:53 +0000] [38] [INFO] Started server process [38]
[2026-03-28 15:13:53 +0000] [38] [INFO] Waiting for application startup.
[2026-03-28 15:13:53 +0000] [38] [INFO] Application startup complete.
[2026-03-28 15:13:53 +0000] [48] [INFO] Booting worker with pid: 48
[2026-03-28 15:13:53 +0000] [49] [INFO] Booting worker with pid: 49
[2026-03-28 15:13:53 +0000] [51] [INFO] Booting worker with pid: 51
[2026-03-28 15:13:53 +0000] [40] [INFO] Started server process [40]
[2026-03-28 15:13:53 +0000] [40] [INFO] Waiting for application startup.
[2026-03-28 15:13:53 +0000] [40] [INFO] Application startup complete.
[2026-03-28 15:13:53 +0000] [52] [INFO] Booting worker with pid: 52
[2026-03-28 15:13:53 +0000] [54] [INFO] Booting worker with pid: 54
[2026-03-28 15:13:53 +0000] [43] [INFO] Started server process [43]
[2026-03-28 15:13:53 +0000] [43] [INFO] Waiting for application startup.
[2026-03-28 15:13:53 +0000] [43] [INFO] Application startup complete.
[2026-03-28 15:13:53 +0000] [55] [INFO] Booting worker with pid: 55
[2026-03-28 15:13:53 +0000] [56] [INFO] Booting worker with pid: 56
[2026-03-28 15:13:53 +0000] [45] [INFO] Started server process [45]
[2026-03-28 15:13:53 +0000] [45] [INFO] Waiting for application startup.
[2026-03-28 15:13:53 +0000] [45] [INFO] Application startup complete.
[2026-03-28 15:13:53 +0000] [58] [INFO] Booting worker with pid: 58
[2026-03-28 15:13:53 +0000] [48] [INFO] Started server process [48]
[2026-03-28 15:13:53 +0000] [48] [INFO] Waiting for application startup.
[2026-03-28 15:13:53 +0000] [48] [INFO] Application startup complete.
[2026-03-28 15:13:53 +0000] [60] [INFO] Booting worker with pid: 60
[2026-03-28 15:13:53 +0000] [63] [INFO] Booting worker with pid: 63
[2026-03-28 15:13:53 +0000] [49] [INFO] Started server process [49]
[2026-03-28 15:13:53 +0000] [49] [INFO] Waiting for application startup.
[2026-03-28 15:13:53 +0000] [49] [INFO] Application startup complete.
[2026-03-28 15:13:53 +0000] [51] [INFO] Started server process [51]
[2026-03-28 15:13:53 +0000] [51] [INFO] Waiting for application startup.
[2026-03-28 15:13:53 +0000] [51] [INFO] Application startup complete.
[2026-03-28 15:13:53 +0000] [64] [INFO] Booting worker with pid: 64
[2026-03-28 15:13:53 +0000] [65] [INFO] Booting worker with pid: 65
[2026-03-28 15:13:53 +0000] [52] [INFO] Started server process [52]
[2026-03-28 15:13:53 +0000] [52] [INFO] Waiting for application startup.
[2026-03-28 15:13:53 +0000] [52] [INFO] Application startup complete.
[2026-03-28 15:13:53 +0000] [54] [INFO] Started server process [54]
[2026-03-28 15:13:53 +0000] [54] [INFO] Waiting for application startup.
[2026-03-28 15:13:53 +0000] [54] [INFO] Application startup complete.
[2026-03-28 15:13:53 +0000] [68] [INFO] Booting worker with pid: 68
[2026-03-28 15:13:53 +0000] [70] [INFO] Booting worker with pid: 70
[2026-03-28 15:13:53 +0000] [55] [INFO] Started server process [55]
[2026-03-28 15:13:53 +0000] [55] [INFO] Waiting for application startup.
[2026-03-28 15:13:53 +0000] [55] [INFO] Application startup complete.
[2026-03-28 15:13:53 +0000] [72] [INFO] Booting worker with pid: 72
[2026-03-28 15:13:53 +0000] [56] [INFO] Started server process [56]
[2026-03-28 15:13:53 +0000] [56] [INFO] Waiting for application startup.
[2026-03-28 15:13:53 +0000] [56] [INFO] Application startup complete.
[2026-03-28 15:13:53 +0000] [58] [INFO] Started server process [58]
[2026-03-28 15:13:53 +0000] [58] [INFO] Waiting for application startup.
[2026-03-28 15:13:53 +0000] [58] [INFO] Application startup complete.
[2026-03-28 15:13:53 +0000] [74] [INFO] Booting worker with pid: 74
[2026-03-28 15:13:54 +0000] [60] [INFO] Started server process [60]
[2026-03-28 15:13:54 +0000] [60] [INFO] Waiting for application startup.
[2026-03-28 15:13:54 +0000] [60] [INFO] Application startup complete.
[2026-03-28 15:13:54 +0000] [77] [INFO] Booting worker with pid: 77
[2026-03-28 15:13:54 +0000] [63] [INFO] Started server process [63]
[2026-03-28 15:13:54 +0000] [63] [INFO] Waiting for application startup.
[2026-03-28 15:13:54 +0000] [63] [INFO] Application startup complete.
[2026-03-28 15:13:54 +0000] [80] [INFO] Booting worker with pid: 80
[2026-03-28 15:13:54 +0000] [64] [INFO] Started server process [64]
[2026-03-28 15:13:54 +0000] [64] [INFO] Waiting for application startup.
[2026-03-28 15:13:54 +0000] [64] [INFO] Application startup complete.
[2026-03-28 15:13:54 +0000] [65] [INFO] Started server process [65]
[2026-03-28 15:13:54 +0000] [65] [INFO] Waiting for application startup.
[2026-03-28 15:13:54 +0000] [65] [INFO] Application startup complete.
[2026-03-28 15:13:54 +0000] [81] [INFO] Booting worker with pid: 81
[2026-03-28 15:13:54 +0000] [68] [INFO] Started server process [68]
[2026-03-28 15:13:54 +0000] [68] [INFO] Waiting for application startup.
[2026-03-28 15:13:54 +0000] [68] [INFO] Application startup complete.
[2026-03-28 15:13:54 +0000] [83] [INFO] Booting worker with pid: 83
[2026-03-28 15:13:54 +0000] [70] [INFO] Started server process [70]
[2026-03-28 15:13:54 +0000] [70] [INFO] Waiting for application startup.
[2026-03-28 15:13:54 +0000] [70] [INFO] Application startup complete.
[2026-03-28 15:13:54 +0000] [72] [INFO] Started server process [72]
[2026-03-28 15:13:54 +0000] [72] [INFO] Waiting for application startup.
[2026-03-28 15:13:54 +0000] [72] [INFO] Application startup complete.
[2026-03-28 15:13:54 +0000] [86] [INFO] Booting worker with pid: 86
[2026-03-28 15:13:54 +0000] [87] [INFO] Booting worker with pid: 87
[2026-03-28 15:13:54 +0000] [74] [INFO] Started server process [74]
[2026-03-28 15:13:54 +0000] [74] [INFO] Waiting for application startup.
[2026-03-28 15:13:54 +0000] [74] [INFO] Application startup complete.
[2026-03-28 15:13:54 +0000] [90] [INFO] Booting worker with pid: 90
[2026-03-28 15:13:54 +0000] [77] [INFO] Started server process [77]
[2026-03-28 15:13:54 +0000] [77] [INFO] Waiting for application startup.
[2026-03-28 15:13:54 +0000] [77] [INFO] Application startup complete.
[2026-03-28 15:13:54 +0000] [92] [INFO] Booting worker with pid: 92
[2026-03-28 15:13:54 +0000] [80] [INFO] Started server process [80]
[2026-03-28 15:13:54 +0000] [80] [INFO] Waiting for application startup.
[2026-03-28 15:13:54 +0000] [80] [INFO] Application startup complete.
[2026-03-28 15:13:54 +0000] [93] [INFO] Booting worker with pid: 93
[2026-03-28 15:13:54 +0000] [94] [INFO] Booting worker with pid: 94
[2026-03-28 15:13:54 +0000] [81] [INFO] Started server process [81]
[2026-03-28 15:13:54 +0000] [81] [INFO] Waiting for application startup.
[2026-03-28 15:13:54 +0000] [81] [INFO] Application startup complete.
[2026-03-28 15:13:54 +0000] [96] [INFO] Booting worker with pid: 96
[2026-03-28 15:13:54 +0000] [83] [INFO] Started server process [83]
[2026-03-28 15:13:54 +0000] [83] [INFO] Waiting for application startup.
[2026-03-28 15:13:54 +0000] [83] [INFO] Application startup complete.
[2026-03-28 15:13:54 +0000] [86] [INFO] Started server process [86]
[2026-03-28 15:13:54 +0000] [86] [INFO] Waiting for application startup.
[2026-03-28 15:13:54 +0000] [86] [INFO] Application startup complete.
[2026-03-28 15:13:54 +0000] [99] [INFO] Booting worker with pid: 99
[2026-03-28 15:13:54 +0000] [87] [INFO] Started server process [87]
[2026-03-28 15:13:54 +0000] [87] [INFO] Waiting for application startup.
[2026-03-28 15:13:54 +0000] [87] [INFO] Application startup complete.
[2026-03-28 15:13:54 +0000] [101] [INFO] Booting worker with pid: 101
[2026-03-28 15:13:54 +0000] [90] [INFO] Started server process [90]
[2026-03-28 15:13:54 +0000] [90] [INFO] Waiting for application startup.
[2026-03-28 15:13:54 +0000] [90] [INFO] Application startup complete.
[2026-03-28 15:13:54 +0000] [103] [INFO] Booting worker with pid: 103
[2026-03-28 15:13:54 +0000] [93] [INFO] Started server process [93]
[2026-03-28 15:13:54 +0000] [93] [INFO] Waiting for application startup.
[2026-03-28 15:13:54 +0000] [93] [INFO] Application startup complete.
[2026-03-28 15:13:54 +0000] [94] [INFO] Started server process [94]
[2026-03-28 15:13:54 +0000] [94] [INFO] Waiting for application startup.
[2026-03-28 15:13:54 +0000] [94] [INFO] Application startup complete.
[2026-03-28 15:13:54 +0000] [92] [INFO] Started server process [92]
[2026-03-28 15:13:54 +0000] [92] [INFO] Waiting for application startup.
[2026-03-28 15:13:54 +0000] [92] [INFO] Application startup complete.
[2026-03-28 15:13:54 +0000] [107] [INFO] Booting worker with pid: 107
[2026-03-28 15:13:54 +0000] [108] [INFO] Booting worker with pid: 108
[2026-03-28 15:13:54 +0000] [110] [INFO] Booting worker with pid: 110
[2026-03-28 15:13:54 +0000] [96] [INFO] Started server process [96]
[2026-03-28 15:13:54 +0000] [96] [INFO] Waiting for application startup.
[2026-03-28 15:13:54 +0000] [96] [INFO] Application startup complete.
[2026-03-28 15:13:54 +0000] [99] [INFO] Started server process [99]
[2026-03-28 15:13:54 +0000] [99] [INFO] Waiting for application startup.
[2026-03-28 15:13:54 +0000] [99] [INFO] Application startup complete.
[2026-03-28 15:13:54 +0000] [112] [INFO] Booting worker with pid: 112
[2026-03-28 15:13:55 +0000] [101] [INFO] Started server process [101]
[2026-03-28 15:13:55 +0000] [101] [INFO] Waiting for application startup.
[2026-03-28 15:13:55 +0000] [101] [INFO] Application startup complete.
[2026-03-28 15:13:55 +0000] [114] [INFO] Booting worker with pid: 114
[2026-03-28 15:13:55 +0000] [103] [INFO] Started server process [103]
[2026-03-28 15:13:55 +0000] [103] [INFO] Waiting for application startup.
[2026-03-28 15:13:55 +0000] [103] [INFO] Application startup complete.
[2026-03-28 15:13:55 +0000] [116] [INFO] Booting worker with pid: 116
[2026-03-28 15:13:55 +0000] [107] [INFO] Started server process [107]
[2026-03-28 15:13:55 +0000] [107] [INFO] Waiting for application startup.
[2026-03-28 15:13:55 +0000] [107] [INFO] Application startup complete.
[2026-03-28 15:13:55 +0000] [108] [INFO] Started server process [108]
[2026-03-28 15:13:55 +0000] [108] [INFO] Waiting for application startup.
[2026-03-28 15:13:55 +0000] [108] [INFO] Application startup complete.
[2026-03-28 15:13:55 +0000] [119] [INFO] Booting worker with pid: 119
[2026-03-28 15:13:55 +0000] [110] [INFO] Started server process [110]
[2026-03-28 15:13:55 +0000] [110] [INFO] Waiting for application startup.
[2026-03-28 15:13:55 +0000] [110] [INFO] Application startup complete.
[2026-03-28 15:13:55 +0000] [121] [INFO] Booting worker with pid: 121
[2026-03-28 15:13:55 +0000] [122] [INFO] Booting worker with pid: 122
[2026-03-28 15:13:55 +0000] [124] [INFO] Booting worker with pid: 124
[2026-03-28 15:13:55 +0000] [112] [INFO] Started server process [112]
[2026-03-28 15:13:55 +0000] [112] [INFO] Waiting for application startup.
[2026-03-28 15:13:55 +0000] [112] [INFO] Application startup complete.
[2026-03-28 15:13:55 +0000] [125] [INFO] Booting worker with pid: 125
[2026-03-28 15:13:55 +0000] [114] [INFO] Started server process [114]
[2026-03-28 15:13:55 +0000] [114] [INFO] Waiting for application startup.
[2026-03-28 15:13:55 +0000] [114] [INFO] Application startup complete.
[2026-03-28 15:13:55 +0000] [128] [INFO] Booting worker with pid: 128
[2026-03-28 15:13:55 +0000] [116] [INFO] Started server process [116]
[2026-03-28 15:13:55 +0000] [116] [INFO] Waiting for application startup.
[2026-03-28 15:13:55 +0000] [116] [INFO] Application startup complete.
[2026-03-28 15:13:55 +0000] [129] [INFO] Booting worker with pid: 129
[2026-03-28 15:13:55 +0000] [130] [INFO] Booting worker with pid: 130
[2026-03-28 15:13:55 +0000] [119] [INFO] Started server process [119]
[2026-03-28 15:13:55 +0000] [119] [INFO] Waiting for application startup.
[2026-03-28 15:13:55 +0000] [119] [INFO] Application startup complete.
[2026-03-28 15:13:55 +0000] [134] [INFO] Booting worker with pid: 134
[2026-03-28 15:13:55 +0000] [122] [INFO] Started server process [122]
[2026-03-28 15:13:55 +0000] [122] [INFO] Waiting for application startup.
[2026-03-28 15:13:55 +0000] [122] [INFO] Application startup complete.
[2026-03-28 15:13:55 +0000] [121] [INFO] Started server process [121]
[2026-03-28 15:13:55 +0000] [121] [INFO] Waiting for application startup.
[2026-03-28 15:13:55 +0000] [121] [INFO] Application startup complete.
[2026-03-28 15:13:55 +0000] [136] [INFO] Booting worker with pid: 136
[2026-03-28 15:13:55 +0000] [124] [INFO] Started server process [124]
[2026-03-28 15:13:55 +0000] [124] [INFO] Waiting for application startup.
[2026-03-28 15:13:55 +0000] [124] [INFO] Application startup complete.
[2026-03-28 15:13:55 +0000] [125] [INFO] Started server process [125]
[2026-03-28 15:13:55 +0000] [125] [INFO] Waiting for application startup.
[2026-03-28 15:13:55 +0000] [125] [INFO] Application startup complete.
[2026-03-28 15:13:55 +0000] [138] [INFO] Booting worker with pid: 138
[2026-03-28 15:13:55 +0000] [128] [INFO] Started server process [128]
[2026-03-28 15:13:55 +0000] [128] [INFO] Waiting for application startup.
[2026-03-28 15:13:55 +0000] [128] [INFO] Application startup complete.
[2026-03-28 15:13:55 +0000] [140] [INFO] Booting worker with pid: 140
[2026-03-28 15:13:55 +0000] [142] [INFO] Booting worker with pid: 142
[2026-03-28 15:13:55 +0000] [144] [INFO] Booting worker with pid: 144
[2026-03-28 15:13:55 +0000] [129] [INFO] Started server process [129]
[2026-03-28 15:13:55 +0000] [129] [INFO] Waiting for application startup.
[2026-03-28 15:13:55 +0000] [129] [INFO] Application startup complete.
[2026-03-28 15:13:55 +0000] [130] [INFO] Started server process [130]
[2026-03-28 15:13:55 +0000] [130] [INFO] Waiting for application startup.
[2026-03-28 15:13:55 +0000] [130] [INFO] Application startup complete.
[2026-03-28 15:13:55 +0000] [145] [INFO] Booting worker with pid: 145
[2026-03-28 15:13:55 +0000] [134] [INFO] Started server process [134]
[2026-03-28 15:13:55 +0000] [134] [INFO] Waiting for application startup.
[2026-03-28 15:13:55 +0000] [134] [INFO] Application startup complete.
[2026-03-28 15:13:56 +0000] [147] [INFO] Booting worker with pid: 147
[2026-03-28 15:13:56 +0000] [148] [INFO] Booting worker with pid: 148
[2026-03-28 15:13:56 +0000] [136] [INFO] Started server process [136]
[2026-03-28 15:13:56 +0000] [136] [INFO] Waiting for application startup.
[2026-03-28 15:13:56 +0000] [136] [INFO] Application startup complete.
[2026-03-28 15:13:56 +0000] [151] [INFO] Booting worker with pid: 151
[2026-03-28 15:13:56 +0000] [138] [INFO] Started server process [138]
[2026-03-28 15:13:56 +0000] [138] [INFO] Waiting for application startup.
[2026-03-28 15:13:56 +0000] [138] [INFO] Application startup complete.
[2026-03-28 15:13:56 +0000] [152] [INFO] Booting worker with pid: 152
[2026-03-28 15:13:56 +0000] [142] [INFO] Started server process [142]
[2026-03-28 15:13:56 +0000] [142] [INFO] Waiting for application startup.
[2026-03-28 15:13:56 +0000] [142] [INFO] Application startup complete.
[2026-03-28 15:13:56 +0000] [140] [INFO] Started server process [140]
[2026-03-28 15:13:56 +0000] [140] [INFO] Waiting for application startup.
[2026-03-28 15:13:56 +0000] [140] [INFO] Application startup complete.
[2026-03-28 15:13:56 +0000] [156] [INFO] Booting worker with pid: 156
[2026-03-28 15:13:56 +0000] [144] [INFO] Started server process [144]
[2026-03-28 15:13:56 +0000] [144] [INFO] Waiting for application startup.
[2026-03-28 15:13:56 +0000] [144] [INFO] Application startup complete.
[2026-03-28 15:13:56 +0000] [145] [INFO] Started server process [145]
[2026-03-28 15:13:56 +0000] [145] [INFO] Waiting for application startup.
[2026-03-28 15:13:56 +0000] [145] [INFO] Application startup complete.
[2026-03-28 15:13:56 +0000] [158] [INFO] Booting worker with pid: 158
[2026-03-28 15:13:56 +0000] [159] [INFO] Booting worker with pid: 159
[2026-03-28 15:13:56 +0000] [147] [INFO] Started server process [147]
[2026-03-28 15:13:56 +0000] [147] [INFO] Waiting for application startup.
[2026-03-28 15:13:56 +0000] [147] [INFO] Application startup complete.
[2026-03-28 15:13:56 +0000] [148] [INFO] Started server process [148]
[2026-03-28 15:13:56 +0000] [148] [INFO] Waiting for application startup.
[2026-03-28 15:13:56 +0000] [148] [INFO] Application startup complete.
[2026-03-28 15:13:56 +0000] [162] [INFO] Booting worker with pid: 162
[2026-03-28 15:13:56 +0000] [151] [INFO] Started server process [151]
[2026-03-28 15:13:56 +0000] [151] [INFO] Waiting for application startup.
[2026-03-28 15:13:56 +0000] [151] [INFO] Application startup complete.
[2026-03-28 15:13:56 +0000] [164] [INFO] Booting worker with pid: 164
[2026-03-28 15:13:56 +0000] [152] [INFO] Started server process [152]
[2026-03-28 15:13:56 +0000] [152] [INFO] Waiting for application startup.
[2026-03-28 15:13:56 +0000] [152] [INFO] Application startup complete.
[2026-03-28 15:13:56 +0000] [166] [INFO] Booting worker with pid: 166
[2026-03-28 15:13:56 +0000] [156] [INFO] Started server process [156]
[2026-03-28 15:13:56 +0000] [156] [INFO] Waiting for application startup.
[2026-03-28 15:13:56 +0000] [156] [INFO] Application startup complete.
[2026-03-28 15:13:56 +0000] [159] [INFO] Started server process [159]
[2026-03-28 15:13:56 +0000] [159] [INFO] Waiting for application startup.
[2026-03-28 15:13:56 +0000] [159] [INFO] Application startup complete.
[2026-03-28 15:13:56 +0000] [158] [INFO] Started server process [158]
[2026-03-28 15:13:56 +0000] [158] [INFO] Waiting for application startup.
[2026-03-28 15:13:56 +0000] [158] [INFO] Application startup complete.
[2026-03-28 15:13:56 +0000] [170] [INFO] Booting worker with pid: 170
[2026-03-28 15:13:56 +0000] [172] [INFO] Booting worker with pid: 172
[2026-03-28 15:13:56 +0000] [162] [INFO] Started server process [162]
[2026-03-28 15:13:56 +0000] [162] [INFO] Waiting for application startup.
[2026-03-28 15:13:56 +0000] [162] [INFO] Application startup complete.
[2026-03-28 15:13:56 +0000] [174] [INFO] Booting worker with pid: 174
[2026-03-28 15:13:56 +0000] [164] [INFO] Started server process [164]
[2026-03-28 15:13:56 +0000] [164] [INFO] Waiting for application startup.
[2026-03-28 15:13:56 +0000] [164] [INFO] Application startup complete.
[2026-03-28 15:13:56 +0000] [166] [INFO] Started server process [166]
[2026-03-28 15:13:56 +0000] [166] [INFO] Waiting for application startup.
[2026-03-28 15:13:56 +0000] [166] [INFO] Application startup complete.
[2026-03-28 15:13:56 +0000] [176] [INFO] Booting worker with pid: 176
[2026-03-28 15:13:56 +0000] [177] [INFO] Booting worker with pid: 177
[2026-03-28 15:13:56 +0000] [179] [INFO] Booting worker with pid: 179
[2026-03-28 15:13:56 +0000] [170] [INFO] Started server process [170]
[2026-03-28 15:13:56 +0000] [170] [INFO] Waiting for application startup.
[2026-03-28 15:13:56 +0000] [170] [INFO] Application startup complete.
[2026-03-28 15:13:57 +0000] [180] [INFO] Booting worker with pid: 180
[2026-03-28 15:13:57 +0000] [182] [INFO] Booting worker with pid: 182
[2026-03-28 15:13:57 +0000] [172] [INFO] Started server process [172]
[2026-03-28 15:13:57 +0000] [172] [INFO] Waiting for application startup.
[2026-03-28 15:13:57 +0000] [172] [INFO] Application startup complete.
[2026-03-28 15:13:57 +0000] [183] [INFO] Booting worker with pid: 183
[2026-03-28 15:13:57 +0000] [174] [INFO] Started server process [174]
[2026-03-28 15:13:57 +0000] [174] [INFO] Waiting for application startup.
[2026-03-28 15:13:57 +0000] [174] [INFO] Application startup complete.
[2026-03-28 15:13:57 +0000] [185] [INFO] Booting worker with pid: 185
[2026-03-28 15:13:57 +0000] [186] [INFO] Booting worker with pid: 186
[2026-03-28 15:13:57 +0000] [187] [INFO] Booting worker with pid: 187
[2026-03-28 15:13:57 +0000] [176] [INFO] Started server process [176]
[2026-03-28 15:13:57 +0000] [176] [INFO] Waiting for application startup.
[2026-03-28 15:13:57 +0000] [176] [INFO] Application startup complete.
[2026-03-28 15:13:57 +0000] [177] [INFO] Started server process [177]
[2026-03-28 15:13:57 +0000] [177] [INFO] Waiting for application startup.
[2026-03-28 15:13:57 +0000] [177] [INFO] Application startup complete.
[2026-03-28 15:13:57 +0000] [190] [INFO] Booting worker with pid: 190
[2026-03-28 15:13:57 +0000] [179] [INFO] Started server process [179]
[2026-03-28 15:13:57 +0000] [179] [INFO] Waiting for application startup.
[2026-03-28 15:13:57 +0000] [179] [INFO] Application startup complete.
[2026-03-28 15:13:57 +0000] [193] [INFO] Booting worker with pid: 193
[2026-03-28 15:13:57 +0000] [180] [INFO] Started server process [180]
[2026-03-28 15:13:57 +0000] [180] [INFO] Waiting for application startup.
[2026-03-28 15:13:57 +0000] [180] [INFO] Application startup complete.
[2026-03-28 15:13:57 +0000] [194] [INFO] Booting worker with pid: 194
[2026-03-28 15:13:57 +0000] [182] [INFO] Started server process [182]
[2026-03-28 15:13:57 +0000] [182] [INFO] Waiting for application startup.
[2026-03-28 15:13:57 +0000] [182] [INFO] Application startup complete.
[2026-03-28 15:13:57 +0000] [183] [INFO] Started server process [183]
[2026-03-28 15:13:57 +0000] [183] [INFO] Waiting for application startup.
[2026-03-28 15:13:57 +0000] [183] [INFO] Application startup complete.
[2026-03-28 15:13:57 +0000] [197] [INFO] Booting worker with pid: 197
[2026-03-28 15:13:57 +0000] [185] [INFO] Started server process [185]
[2026-03-28 15:13:57 +0000] [185] [INFO] Waiting for application startup.
[2026-03-28 15:13:57 +0000] [185] [INFO] Application startup complete.
[2026-03-28 15:13:57 +0000] [186] [INFO] Started server process [186]
[2026-03-28 15:13:57 +0000] [186] [INFO] Waiting for application startup.
[2026-03-28 15:13:57 +0000] [186] [INFO] Application startup complete.
[2026-03-28 15:13:57 +0000] [201] [INFO] Booting worker with pid: 201
[2026-03-28 15:13:57 +0000] [187] [INFO] Started server process [187]
[2026-03-28 15:13:57 +0000] [187] [INFO] Waiting for application startup.
[2026-03-28 15:13:57 +0000] [187] [INFO] Application startup complete.
[2026-03-28 15:13:57 +0000] [202] [INFO] Booting worker with pid: 202
[2026-03-28 15:13:57 +0000] [204] [INFO] Booting worker with pid: 204
[2026-03-28 15:13:57 +0000] [190] [INFO] Started server process [190]
[2026-03-28 15:13:57 +0000] [190] [INFO] Waiting for application startup.
[2026-03-28 15:13:57 +0000] [190] [INFO] Application startup complete.
[2026-03-28 15:13:57 +0000] [193] [INFO] Started server process [193]
[2026-03-28 15:13:57 +0000] [193] [INFO] Waiting for application startup.
[2026-03-28 15:13:57 +0000] [193] [INFO] Application startup complete.
[2026-03-28 15:13:57 +0000] [207] [INFO] Booting worker with pid: 207
[2026-03-28 15:13:57 +0000] [194] [INFO] Started server process [194]
[2026-03-28 15:13:57 +0000] [194] [INFO] Waiting for application startup.
[2026-03-28 15:13:57 +0000] [194] [INFO] Application startup complete.
[2026-03-28 15:13:57 +0000] [208] [INFO] Booting worker with pid: 208
[2026-03-28 15:13:57 +0000] [210] [INFO] Booting worker with pid: 210
[2026-03-28 15:13:57 +0000] [197] [INFO] Started server process [197]
[2026-03-28 15:13:57 +0000] [197] [INFO] Waiting for application startup.
[2026-03-28 15:13:57 +0000] [197] [INFO] Application startup complete.
[2026-03-28 15:13:57 +0000] [211] [INFO] Booting worker with pid: 211
[2026-03-28 15:13:57 +0000] [201] [INFO] Started server process [201]
[2026-03-28 15:13:57 +0000] [201] [INFO] Waiting for application startup.
[2026-03-28 15:13:57 +0000] [201] [INFO] Application startup complete.
[2026-03-28 15:13:57 +0000] [202] [INFO] Started server process [202]
[2026-03-28 15:13:57 +0000] [202] [INFO] Waiting for application startup.
[2026-03-28 15:13:57 +0000] [202] [INFO] Application startup complete.
[2026-03-28 15:13:57 +0000] [214] [INFO] Booting worker with pid: 214
[2026-03-28 15:13:58 +0000] [204] [INFO] Started server process [204]
[2026-03-28 15:13:58 +0000] [204] [INFO] Waiting for application startup.
[2026-03-28 15:13:58 +0000] [204] [INFO] Application startup complete.
[2026-03-28 15:13:58 +0000] [217] [INFO] Booting worker with pid: 217
[2026-03-28 15:13:58 +0000] [207] [INFO] Started server process [207]
[2026-03-28 15:13:58 +0000] [207] [INFO] Waiting for application startup.
[2026-03-28 15:13:58 +0000] [207] [INFO] Application startup complete.
[2026-03-28 15:13:58 +0000] [208] [INFO] Started server process [208]
[2026-03-28 15:13:58 +0000] [208] [INFO] Waiting for application startup.
[2026-03-28 15:13:58 +0000] [208] [INFO] Application startup complete.
[2026-03-28 15:13:58 +0000] [219] [INFO] Booting worker with pid: 219
[2026-03-28 15:13:58 +0000] [210] [INFO] Started server process [210]
[2026-03-28 15:13:58 +0000] [210] [INFO] Waiting for application startup.
[2026-03-28 15:13:58 +0000] [210] [INFO] Application startup complete.
[2026-03-28 15:13:58 +0000] [221] [INFO] Booting worker with pid: 221
[2026-03-28 15:13:58 +0000] [211] [INFO] Started server process [211]
[2026-03-28 15:13:58 +0000] [211] [INFO] Waiting for application startup.
[2026-03-28 15:13:58 +0000] [211] [INFO] Application startup complete.
[2026-03-28 15:13:58 +0000] [223] [INFO] Booting worker with pid: 223
[2026-03-28 15:13:58 +0000] [224] [INFO] Booting worker with pid: 224
[2026-03-28 15:13:58 +0000] [225] [INFO] Booting worker with pid: 225
[2026-03-28 15:13:58 +0000] [226] [INFO] Booting worker with pid: 226
[2026-03-28 15:13:58 +0000] [228] [INFO] Booting worker with pid: 228
[2026-03-28 15:13:58 +0000] [214] [INFO] Started server process [214]
[2026-03-28 15:13:58 +0000] [214] [INFO] Waiting for application startup.
[2026-03-28 15:13:58 +0000] [214] [INFO] Application startup complete.
[2026-03-28 15:13:58 +0000] [229] [INFO] Booting worker with pid: 229
[2026-03-28 15:13:58 +0000] [217] [INFO] Started server process [217]
[2026-03-28 15:13:58 +0000] [217] [INFO] Waiting for application startup.
[2026-03-28 15:13:58 +0000] [217] [INFO] Application startup complete.
[2026-03-28 15:13:58 +0000] [219] [INFO] Started server process [219]
[2026-03-28 15:13:58 +0000] [219] [INFO] Waiting for application startup.
[2026-03-28 15:13:58 +0000] [219] [INFO] Application startup complete.
[2026-03-28 15:13:58 +0000] [232] [INFO] Booting worker with pid: 232
[2026-03-28 15:13:58 +0000] [221] [INFO] Started server process [221]
[2026-03-28 15:13:58 +0000] [221] [INFO] Waiting for application startup.
[2026-03-28 15:13:58 +0000] [221] [INFO] Application startup complete.
[2026-03-28 15:13:58 +0000] [234] [INFO] Booting worker with pid: 234
[2026-03-28 15:13:58 +0000] [236] [INFO] Booting worker with pid: 236
[2026-03-28 15:13:58 +0000] [223] [INFO] Started server process [223]
[2026-03-28 15:13:58 +0000] [223] [INFO] Waiting for application startup.
[2026-03-28 15:13:58 +0000] [223] [INFO] Application startup complete.
[2026-03-28 15:13:58 +0000] [224] [INFO] Started server process [224]
[2026-03-28 15:13:58 +0000] [224] [INFO] Waiting for application startup.
[2026-03-28 15:13:58 +0000] [224] [INFO] Application startup complete.
[2026-03-28 15:13:58 +0000] [226] [INFO] Started server process [226]
[2026-03-28 15:13:58 +0000] [226] [INFO] Waiting for application startup.
[2026-03-28 15:13:58 +0000] [226] [INFO] Application startup complete.
[2026-03-28 15:13:58 +0000] [225] [INFO] Started server process [225]
[2026-03-28 15:13:58 +0000] [225] [INFO] Waiting for application startup.
[2026-03-28 15:13:58 +0000] [225] [INFO] Application startup complete.
[2026-03-28 15:13:58 +0000] [228] [INFO] Started server process [228]
[2026-03-28 15:13:58 +0000] [228] [INFO] Waiting for application startup.
[2026-03-28 15:13:58 +0000] [228] [INFO] Application startup complete.
[2026-03-28 15:13:58 +0000] [241] [INFO] Booting worker with pid: 241
[2026-03-28 15:13:58 +0000] [229] [INFO] Started server process [229]
[2026-03-28 15:13:58 +0000] [229] [INFO] Waiting for application startup.
[2026-03-28 15:13:58 +0000] [229] [INFO] Application startup complete.
[2026-03-28 15:13:58 +0000] [243] [INFO] Booting worker with pid: 243
[2026-03-28 15:13:58 +0000] [232] [INFO] Started server process [232]
[2026-03-28 15:13:58 +0000] [232] [INFO] Waiting for application startup.
[2026-03-28 15:13:58 +0000] [232] [INFO] Application startup complete.
[2026-03-28 15:13:58 +0000] [245] [INFO] Booting worker with pid: 245
[2026-03-28 15:13:58 +0000] [234] [INFO] Started server process [234]
[2026-03-28 15:13:58 +0000] [234] [INFO] Waiting for application startup.
[2026-03-28 15:13:58 +0000] [234] [INFO] Application startup complete.
[2026-03-28 15:13:58 +0000] [236] [INFO] Started server process [236]
[2026-03-28 15:13:58 +0000] [236] [INFO] Waiting for application startup.
[2026-03-28 15:13:58 +0000] [236] [INFO] Application startup complete.
[2026-03-28 15:13:58 +0000] [248] [INFO] Booting worker with pid: 248
[2026-03-28 15:13:58 +0000] [241] [INFO] Started server process [241]
[2026-03-28 15:13:58 +0000] [241] [INFO] Waiting for application startup.
[2026-03-28 15:13:58 +0000] [241] [INFO] Application startup complete.
[2026-03-28 15:13:58 +0000] [250] [INFO] Booting worker with pid: 250
[2026-03-28 15:13:58 +0000] [251] [INFO] Booting worker with pid: 251
[2026-03-28 15:13:58 +0000] [243] [INFO] Started server process [243]
[2026-03-28 15:13:58 +0000] [243] [INFO] Waiting for application startup.
[2026-03-28 15:13:58 +0000] [243] [INFO] Application startup complete.
[2026-03-28 15:13:58 +0000] [253] [INFO] Booting worker with pid: 253
[2026-03-28 15:13:58 +0000] [254] [INFO] Booting worker with pid: 254
[2026-03-28 15:13:58 +0000] [245] [INFO] Started server process [245]
[2026-03-28 15:13:58 +0000] [245] [INFO] Waiting for application startup.
[2026-03-28 15:13:58 +0000] [245] [INFO] Application startup complete.
[2026-03-28 15:13:59 +0000] [248] [INFO] Started server process [248]
[2026-03-28 15:13:59 +0000] [248] [INFO] Waiting for application startup.
[2026-03-28 15:13:59 +0000] [248] [INFO] Application startup complete.
[2026-03-28 15:13:59 +0000] [257] [INFO] Booting worker with pid: 257
[2026-03-28 15:13:59 +0000] [258] [INFO] Booting worker with pid: 258
[2026-03-28 15:13:59 +0000] [250] [INFO] Started server process [250]
[2026-03-28 15:13:59 +0000] [250] [INFO] Waiting for application startup.
[2026-03-28 15:13:59 +0000] [250] [INFO] Application startup complete.
[2026-03-28 15:13:59 +0000] [251] [INFO] Started server process [251]
[2026-03-28 15:13:59 +0000] [251] [INFO] Waiting for application startup.
[2026-03-28 15:13:59 +0000] [251] [INFO] Application startup complete.
[2026-03-28 15:13:59 +0000] [262] [INFO] Booting worker with pid: 262
[2026-03-28 15:13:59 +0000] [253] [INFO] Started server process [253]
[2026-03-28 15:13:59 +0000] [253] [INFO] Waiting for application startup.
[2026-03-28 15:13:59 +0000] [253] [INFO] Application startup complete.
[2026-03-28 15:13:59 +0000] [263] [INFO] Booting worker with pid: 263
[2026-03-28 15:13:59 +0000] [254] [INFO] Started server process [254]
[2026-03-28 15:13:59 +0000] [254] [INFO] Waiting for application startup.
[2026-03-28 15:13:59 +0000] [254] [INFO] Application startup complete.
[2026-03-28 15:13:59 +0000] [265] [INFO] Booting worker with pid: 265
[2026-03-28 15:13:59 +0000] [257] [INFO] Started server process [257]
[2026-03-28 15:13:59 +0000] [257] [INFO] Waiting for application startup.
[2026-03-28 15:13:59 +0000] [257] [INFO] Application startup complete.
[2026-03-28 15:13:59 +0000] [258] [INFO] Started server process [258]
[2026-03-28 15:13:59 +0000] [258] [INFO] Waiting for application startup.
[2026-03-28 15:13:59 +0000] [258] [INFO] Application startup complete.
[2026-03-28 15:13:59 +0000] [268] [INFO] Booting worker with pid: 268
[2026-03-28 15:13:59 +0000] [270] [INFO] Booting worker with pid: 270
[2026-03-28 15:13:59 +0000] [262] [INFO] Started server process [262]
[2026-03-28 15:13:59 +0000] [262] [INFO] Waiting for application startup.
[2026-03-28 15:13:59 +0000] [262] [INFO] Application startup complete.
[2026-03-28 15:13:59 +0000] [263] [INFO] Started server process [263]
[2026-03-28 15:13:59 +0000] [263] [INFO] Waiting for application startup.
[2026-03-28 15:13:59 +0000] [263] [INFO] Application startup complete.
[2026-03-28 15:13:59 +0000] [272] [INFO] Booting worker with pid: 272
[2026-03-28 15:13:59 +0000] [265] [INFO] Started server process [265]
[2026-03-28 15:13:59 +0000] [265] [INFO] Waiting for application startup.
[2026-03-28 15:13:59 +0000] [265] [INFO] Application startup complete.
[2026-03-28 15:13:59 +0000] [274] [INFO] Booting worker with pid: 274
[2026-03-28 15:13:59 +0000] [268] [INFO] Started server process [268]
[2026-03-28 15:13:59 +0000] [268] [INFO] Waiting for application startup.
[2026-03-28 15:13:59 +0000] [268] [INFO] Application startup complete.
[2026-03-28 15:13:59 +0000] [276] [INFO] Booting worker with pid: 276
[2026-03-28 15:13:59 +0000] [278] [INFO] Booting worker with pid: 278
[2026-03-28 15:13:59 +0000] [270] [INFO] Started server process [270]
[2026-03-28 15:13:59 +0000] [270] [INFO] Waiting for application startup.
[2026-03-28 15:13:59 +0000] [270] [INFO] Application startup complete.
[2026-03-28 15:13:59 +0000] [272] [INFO] Started server process [272]
[2026-03-28 15:13:59 +0000] [272] [INFO] Waiting for application startup.
[2026-03-28 15:13:59 +0000] [272] [INFO] Application startup complete.
[2026-03-28 15:13:59 +0000] [280] [INFO] Booting worker with pid: 280
[2026-03-28 15:13:59 +0000] [281] [INFO] Booting worker with pid: 281
[2026-03-28 15:13:59 +0000] [274] [INFO] Started server process [274]
[2026-03-28 15:13:59 +0000] [274] [INFO] Waiting for application startup.
[2026-03-28 15:13:59 +0000] [274] [INFO] Application startup complete.
[2026-03-28 15:13:59 +0000] [283] [INFO] Booting worker with pid: 283
[2026-03-28 15:13:59 +0000] [276] [INFO] Started server process [276]
[2026-03-28 15:13:59 +0000] [276] [INFO] Waiting for application startup.
[2026-03-28 15:13:59 +0000] [276] [INFO] Application startup complete.
[2026-03-28 15:13:59 +0000] [285] [INFO] Booting worker with pid: 285
[2026-03-28 15:14:00 +0000] [278] [INFO] Started server process [278]
[2026-03-28 15:14:00 +0000] [278] [INFO] Waiting for application startup.
[2026-03-28 15:14:00 +0000] [278] [INFO] Application startup complete.
[2026-03-28 15:14:00 +0000] [287] [INFO] Booting worker with pid: 287
[2026-03-28 15:14:00 +0000] [288] [INFO] Booting worker with pid: 288
[2026-03-28 15:14:00 +0000] [280] [INFO] Started server process [280]
[2026-03-28 15:14:00 +0000] [280] [INFO] Waiting for application startup.
[2026-03-28 15:14:00 +0000] [280] [INFO] Application startup complete.
[2026-03-28 15:14:00 +0000] [290] [INFO] Booting worker with pid: 290
[2026-03-28 15:14:00 +0000] [281] [INFO] Started server process [281]
[2026-03-28 15:14:00 +0000] [281] [INFO] Waiting for application startup.
[2026-03-28 15:14:00 +0000] [281] [INFO] Application startup complete.
[2026-03-28 15:14:00 +0000] [293] [INFO] Booting worker with pid: 293
[2026-03-28 15:14:00 +0000] [283] [INFO] Started server process [283]
[2026-03-28 15:14:00 +0000] [283] [INFO] Waiting for application startup.
[2026-03-28 15:14:00 +0000] [283] [INFO] Application startup complete.
[2026-03-28 15:14:00 +0000] [294] [INFO] Booting worker with pid: 294
[2026-03-28 15:14:00 +0000] [285] [INFO] Started server process [285]
[2026-03-28 15:14:00 +0000] [285] [INFO] Waiting for application startup.
[2026-03-28 15:14:00 +0000] [285] [INFO] Application startup complete.
[2026-03-28 15:14:00 +0000] [296] [INFO] Booting worker with pid: 296
[2026-03-28 15:14:00 +0000] [287] [INFO] Started server process [287]
[2026-03-28 15:14:00 +0000] [287] [INFO] Waiting for application startup.
[2026-03-28 15:14:00 +0000] [287] [INFO] Application startup complete.
[2026-03-28 15:14:00 +0000] [299] [INFO] Booting worker with pid: 299
[2026-03-28 15:14:00 +0000] [288] [INFO] Started server process [288]
[2026-03-28 15:14:00 +0000] [288] [INFO] Waiting for application startup.
[2026-03-28 15:14:00 +0000] [288] [INFO] Application startup complete.
[2026-03-28 15:14:00 +0000] [300] [INFO] Booting worker with pid: 300
[2026-03-28 15:14:00 +0000] [301] [INFO] Booting worker with pid: 301
[2026-03-28 15:14:00 +0000] [303] [INFO] Booting worker with pid: 303
[2026-03-28 15:14:00 +0000] [290] [INFO] Started server process [290]
[2026-03-28 15:14:00 +0000] [290] [INFO] Waiting for application startup.
[2026-03-28 15:14:00 +0000] [290] [INFO] Application startup complete.
[2026-03-28 15:14:00 +0000] [305] [INFO] Booting worker with pid: 305
[2026-03-28 15:14:00 +0000] [293] [INFO] Started server process [293]
[2026-03-28 15:14:00 +0000] [293] [INFO] Waiting for application startup.
[2026-03-28 15:14:00 +0000] [293] [INFO] Application startup complete.
[2026-03-28 15:14:00 +0000] [306] [INFO] Booting worker with pid: 306
[2026-03-28 15:14:00 +0000] [294] [INFO] Started server process [294]
[2026-03-28 15:14:00 +0000] [294] [INFO] Waiting for application startup.
[2026-03-28 15:14:00 +0000] [294] [INFO] Application startup complete.
[2026-03-28 15:14:00 +0000] [308] [INFO] Booting worker with pid: 308
[2026-03-28 15:14:00 +0000] [299] [INFO] Started server process [299]
[2026-03-28 15:14:00 +0000] [299] [INFO] Waiting for application startup.
[2026-03-28 15:14:00 +0000] [299] [INFO] Application startup complete.
[2026-03-28 15:14:00 +0000] [311] [INFO] Booting worker with pid: 311
[2026-03-28 15:14:00 +0000] [296] [INFO] Started server process [296]
[2026-03-28 15:14:00 +0000] [296] [INFO] Waiting for application startup.
[2026-03-28 15:14:00 +0000] [296] [INFO] Application startup complete.
[2026-03-28 15:14:00 +0000] [312] [INFO] Booting worker with pid: 312
[2026-03-28 15:14:00 +0000] [313] [INFO] Booting worker with pid: 313
[2026-03-28 15:14:00 +0000] [315] [INFO] Booting worker with pid: 315
[2026-03-28 15:14:00 +0000] [300] [INFO] Started server process [300]
[2026-03-28 15:14:00 +0000] [300] [INFO] Waiting for application startup.
[2026-03-28 15:14:00 +0000] [300] [INFO] Application startup complete.
[2026-03-28 15:14:01 +0000] [301] [INFO] Started server process [301]
[2026-03-28 15:14:01 +0000] [301] [INFO] Waiting for application startup.
[2026-03-28 15:14:01 +0000] [301] [INFO] Application startup complete.
[2026-03-28 15:14:01 +0000] [317] [INFO] Booting worker with pid: 317
[2026-03-28 15:14:01 +0000] [303] [INFO] Started server process [303]
[2026-03-28 15:14:01 +0000] [303] [INFO] Waiting for application startup.
[2026-03-28 15:14:01 +0000] [303] [INFO] Application startup complete.
[2026-03-28 15:14:01 +0000] [319] [INFO] Booting worker with pid: 319
[2026-03-28 15:14:01 +0000] [305] [INFO] Started server process [305]
[2026-03-28 15:14:01 +0000] [305] [INFO] Waiting for application startup.
[2026-03-28 15:14:01 +0000] [305] [INFO] Application startup complete.
[2026-03-28 15:14:01 +0000] [321] [INFO] Booting worker with pid: 321
[2026-03-28 15:14:01 +0000] [322] [INFO] Booting worker with pid: 322
[2026-03-28 15:14:01 +0000] [308] [INFO] Started server process [308]
[2026-03-28 15:14:01 +0000] [308] [INFO] Waiting for application startup.
[2026-03-28 15:14:01 +0000] [308] [INFO] Application startup complete.
[2026-03-28 15:14:01 +0000] [325] [INFO] Booting worker with pid: 325
[2026-03-28 15:14:01 +0000] [306] [INFO] Started server process [306]
[2026-03-28 15:14:01 +0000] [306] [INFO] Waiting for application startup.
[2026-03-28 15:14:01 +0000] [306] [INFO] Application startup complete.
[2026-03-28 15:14:01 +0000] [327] [INFO] Booting worker with pid: 327
[2026-03-28 15:14:01 +0000] [311] [INFO] Started server process [311]
[2026-03-28 15:14:01 +0000] [311] [INFO] Waiting for application startup.
[2026-03-28 15:14:01 +0000] [311] [INFO] Application startup complete.
[2026-03-28 15:14:01 +0000] [330] [INFO] Booting worker with pid: 330
[2026-03-28 15:14:01 +0000] [315] [INFO] Started server process [315]
[2026-03-28 15:14:01 +0000] [315] [INFO] Waiting for application startup.
[2026-03-28 15:14:01 +0000] [315] [INFO] Application startup complete.
[2026-03-28 15:14:01 +0000] [312] [INFO] Started server process [312]
[2026-03-28 15:14:01 +0000] [312] [INFO] Waiting for application startup.
[2026-03-28 15:14:01 +0000] [312] [INFO] Application startup complete.
[2026-03-28 15:14:01 +0000] [331] [INFO] Booting worker with pid: 331
[2026-03-28 15:14:01 +0000] [313] [INFO] Started server process [313]
[2026-03-28 15:14:01 +0000] [313] [INFO] Waiting for application startup.
[2026-03-28 15:14:01 +0000] [313] [INFO] Application startup complete.
[2026-03-28 15:14:01 +0000] [333] [INFO] Booting worker with pid: 333
[2026-03-28 15:14:01 +0000] [334] [INFO] Booting worker with pid: 334
[2026-03-28 15:14:01 +0000] [335] [INFO] Booting worker with pid: 335
[2026-03-28 15:14:01 +0000] [338] [INFO] Booting worker with pid: 338
[2026-03-28 15:14:01 +0000] [322] [INFO] Started server process [322]
[2026-03-28 15:14:01 +0000] [322] [INFO] Waiting for application startup.
[2026-03-28 15:14:01 +0000] [322] [INFO] Application startup complete.
[2026-03-28 15:14:01 +0000] [321] [INFO] Started server process [321]
[2026-03-28 15:14:01 +0000] [321] [INFO] Waiting for application startup.
[2026-03-28 15:14:01 +0000] [321] [INFO] Application startup complete.
[2026-03-28 15:14:01 +0000] [319] [INFO] Started server process [319]
[2026-03-28 15:14:01 +0000] [319] [INFO] Waiting for application startup.
[2026-03-28 15:14:01 +0000] [319] [INFO] Application startup complete.
[2026-03-28 15:14:01 +0000] [325] [INFO] Started server process [325]
[2026-03-28 15:14:01 +0000] [325] [INFO] Waiting for application startup.
[2026-03-28 15:14:01 +0000] [325] [INFO] Application startup complete.
[2026-03-28 15:14:01 +0000] [342] [INFO] Booting worker with pid: 342
[2026-03-28 15:14:01 +0000] [317] [INFO] Started server process [317]
[2026-03-28 15:14:01 +0000] [317] [INFO] Waiting for application startup.
[2026-03-28 15:14:01 +0000] [317] [INFO] Application startup complete.
[2026-03-28 15:14:01 +0000] [343] [INFO] Booting worker with pid: 343
[2026-03-28 15:14:01 +0000] [344] [INFO] Booting worker with pid: 344
[2026-03-28 15:14:01 +0000] [345] [INFO] Booting worker with pid: 345
[2026-03-28 15:14:02 +0000] [346] [INFO] Booting worker with pid: 346
[2026-03-28 15:14:02 +0000] [348] [INFO] Booting worker with pid: 348
[2026-03-28 15:14:02 +0000] [330] [INFO] Started server process [330]
[2026-03-28 15:14:02 +0000] [330] [INFO] Waiting for application startup.
[2026-03-28 15:14:02 +0000] [330] [INFO] Application startup complete.
[2026-03-28 15:14:02 +0000] [349] [INFO] Booting worker with pid: 349
[2026-03-28 15:14:02 +0000] [331] [INFO] Started server process [331]
[2026-03-28 15:14:02 +0000] [331] [INFO] Waiting for application startup.
[2026-03-28 15:14:02 +0000] [331] [INFO] Application startup complete.
[2026-03-28 15:14:02 +0000] [327] [INFO] Started server process [327]
[2026-03-28 15:14:02 +0000] [327] [INFO] Waiting for application startup.
[2026-03-28 15:14:02 +0000] [327] [INFO] Application startup complete.
[2026-03-28 15:14:02 +0000] [333] [INFO] Started server process [333]
[2026-03-28 15:14:02 +0000] [333] [INFO] Waiting for application startup.
[2026-03-28 15:14:02 +0000] [333] [INFO] Application startup complete.
[2026-03-28 15:14:02 +0000] [353] [INFO] Booting worker with pid: 353
[2026-03-28 15:14:02 +0000] [354] [INFO] Booting worker with pid: 354
[2026-03-28 15:14:02 +0000] [355] [INFO] Booting worker with pid: 355
[2026-03-28 15:14:02 +0000] [335] [INFO] Started server process [335]
[2026-03-28 15:14:02 +0000] [335] [INFO] Waiting for application startup.
[2026-03-28 15:14:02 +0000] [335] [INFO] Application startup complete.
[2026-03-28 15:14:02 +0000] [357] [INFO] Booting worker with pid: 357
[2026-03-28 15:14:02 +0000] [359] [INFO] Booting worker with pid: 359
[2026-03-28 15:14:02 +0000] [343] [INFO] Started server process [343]
[2026-03-28 15:14:02 +0000] [343] [INFO] Waiting for application startup.
[2026-03-28 15:14:02 +0000] [343] [INFO] Application startup complete.
[2026-03-28 15:14:02 +0000] [342] [INFO] Started server process [342]
[2026-03-28 15:14:02 +0000] [342] [INFO] Waiting for application startup.
[2026-03-28 15:14:02 +0000] [342] [INFO] Application startup complete.
[2026-03-28 15:14:02 +0000] [344] [INFO] Started server process [344]
[2026-03-28 15:14:02 +0000] [344] [INFO] Waiting for application startup.
[2026-03-28 15:14:02 +0000] [344] [INFO] Application startup complete.
[2026-03-28 15:14:02 +0000] [362] [INFO] Booting worker with pid: 362
[2026-03-28 15:14:02 +0000] [363] [INFO] Booting worker with pid: 363
[2026-03-28 15:14:02 +0000] [338] [INFO] Started server process [338]
[2026-03-28 15:14:02 +0000] [338] [INFO] Waiting for application startup.
[2026-03-28 15:14:02 +0000] [338] [INFO] Application startup complete.
[2026-03-28 15:14:02 +0000] [345] [INFO] Started server process [345]
[2026-03-28 15:14:02 +0000] [345] [INFO] Waiting for application startup.
[2026-03-28 15:14:02 +0000] [345] [INFO] Application startup complete.
[2026-03-28 15:14:02 +0000] [368] [INFO] Booting worker with pid: 368
[2026-03-28 15:14:02 +0000] [348] [INFO] Started server process [348]
[2026-03-28 15:14:02 +0000] [348] [INFO] Waiting for application startup.
[2026-03-28 15:14:02 +0000] [348] [INFO] Application startup complete.
[2026-03-28 15:14:02 +0000] [334] [INFO] Started server process [334]
[2026-03-28 15:14:02 +0000] [334] [INFO] Waiting for application startup.
[2026-03-28 15:14:02 +0000] [334] [INFO] Application startup complete.
[2026-03-28 15:14:02 +0000] [370] [INFO] Booting worker with pid: 370
[2026-03-28 15:14:02 +0000] [349] [INFO] Started server process [349]
[2026-03-28 15:14:02 +0000] [349] [INFO] Waiting for application startup.
[2026-03-28 15:14:02 +0000] [349] [INFO] Application startup complete.
[2026-03-28 15:14:02 +0000] [372] [INFO] Booting worker with pid: 372
[2026-03-28 15:14:02 +0000] [346] [INFO] Started server process [346]
[2026-03-28 15:14:02 +0000] [346] [INFO] Waiting for application startup.
[2026-03-28 15:14:02 +0000] [346] [INFO] Application startup complete.
[2026-03-28 15:14:02 +0000] [373] [INFO] Booting worker with pid: 373
[2026-03-28 15:14:02 +0000] [355] [INFO] Started server process [355]
[2026-03-28 15:14:02 +0000] [355] [INFO] Waiting for application startup.
[2026-03-28 15:14:02 +0000] [355] [INFO] Application startup complete.
[2026-03-28 15:14:02 +0000] [375] [INFO] Booting worker with pid: 375
[2026-03-28 15:14:02 +0000] [376] [INFO] Booting worker with pid: 376
[2026-03-28 15:14:03 +0000] [377] [INFO] Booting worker with pid: 377
[2026-03-28 15:14:03 +0000] [362] [INFO] Started server process [362]
[2026-03-28 15:14:03 +0000] [362] [INFO] Waiting for application startup.
[2026-03-28 15:14:03 +0000] [362] [INFO] Application startup complete.
[2026-03-28 15:14:03 +0000] [380] [INFO] Booting worker with pid: 380
[2026-03-28 15:14:03 +0000] [357] [INFO] Started server process [357]
[2026-03-28 15:14:03 +0000] [357] [INFO] Waiting for application startup.
[2026-03-28 15:14:03 +0000] [357] [INFO] Application startup complete.
[2026-03-28 15:14:03 +0000] [382] [INFO] Booting worker with pid: 382
[2026-03-28 15:14:03 +0000] [363] [INFO] Started server process [363]
[2026-03-28 15:14:03 +0000] [363] [INFO] Waiting for application startup.
[2026-03-28 15:14:03 +0000] [363] [INFO] Application startup complete.
[2026-03-28 15:14:03 +0000] [353] [INFO] Started server process [353]
[2026-03-28 15:14:03 +0000] [353] [INFO] Waiting for application startup.
[2026-03-28 15:14:03 +0000] [353] [INFO] Application startup complete.
[2026-03-28 15:14:03 +0000] [386] [INFO] Booting worker with pid: 386
[2026-03-28 15:14:03 +0000] [359] [INFO] Started server process [359]
[2026-03-28 15:14:03 +0000] [359] [INFO] Waiting for application startup.
[2026-03-28 15:14:03 +0000] [359] [INFO] Application startup complete.
[2026-03-28 15:14:03 +0000] [368] [INFO] Started server process [368]
[2026-03-28 15:14:03 +0000] [368] [INFO] Waiting for application startup.
[2026-03-28 15:14:03 +0000] [368] [INFO] Application startup complete.
[2026-03-28 15:14:03 +0000] [387] [INFO] Booting worker with pid: 387
[2026-03-28 15:14:03 +0000] [389] [INFO] Booting worker with pid: 389
[2026-03-28 15:14:03 +0000] [370] [INFO] Started server process [370]
[2026-03-28 15:14:03 +0000] [370] [INFO] Waiting for application startup.
[2026-03-28 15:14:03 +0000] [370] [INFO] Application startup complete.
[2026-03-28 15:14:03 +0000] [391] [INFO] Booting worker with pid: 391
[2026-03-28 15:14:03 +0000] [373] [INFO] Started server process [373]
[2026-03-28 15:14:03 +0000] [373] [INFO] Waiting for application startup.
[2026-03-28 15:14:03 +0000] [373] [INFO] Application startup complete.
[2026-03-28 15:14:03 +0000] [375] [INFO] Started server process [375]
[2026-03-28 15:14:03 +0000] [375] [INFO] Waiting for application startup.
[2026-03-28 15:14:03 +0000] [375] [INFO] Application startup complete.
[2026-03-28 15:14:03 +0000] [393] [INFO] Booting worker with pid: 393
[2026-03-28 15:14:03 +0000] [394] [INFO] Booting worker with pid: 394
[2026-03-28 15:14:03 +0000] [372] [INFO] Started server process [372]
[2026-03-28 15:14:03 +0000] [372] [INFO] Waiting for application startup.
[2026-03-28 15:14:03 +0000] [372] [INFO] Application startup complete.
[2026-03-28 15:14:03 +0000] [397] [INFO] Booting worker with pid: 397
[2026-03-28 15:14:03 +0000] [376] [INFO] Started server process [376]
[2026-03-28 15:14:03 +0000] [376] [INFO] Waiting for application startup.
[2026-03-28 15:14:03 +0000] [376] [INFO] Application startup complete.
[2026-03-28 15:14:03 +0000] [398] [INFO] Booting worker with pid: 398
[2026-03-28 15:14:03 +0000] [399] [INFO] Booting worker with pid: 399
[2026-03-28 15:14:03 +0000] [380] [INFO] Started server process [380]
[2026-03-28 15:14:03 +0000] [380] [INFO] Waiting for application startup.
[2026-03-28 15:14:03 +0000] [380] [INFO] Application startup complete.
[2026-03-28 15:14:03 +0000] [377] [INFO] Started server process [377]
[2026-03-28 15:14:03 +0000] [377] [INFO] Waiting for application startup.
[2026-03-28 15:14:03 +0000] [377] [INFO] Application startup complete.
[2026-03-28 15:14:03 +0000] [402] [INFO] Booting worker with pid: 402
[2026-03-28 15:14:03 +0000] [403] [INFO] Booting worker with pid: 403
[2026-03-28 15:14:03 +0000] [386] [INFO] Started server process [386]
[2026-03-28 15:14:03 +0000] [386] [INFO] Waiting for application startup.
[2026-03-28 15:14:03 +0000] [386] [INFO] Application startup complete.
[2026-03-28 15:14:03 +0000] [405] [INFO] Booting worker with pid: 405
[2026-03-28 15:14:03 +0000] [387] [INFO] Started server process [387]
[2026-03-28 15:14:03 +0000] [387] [INFO] Waiting for application startup.
[2026-03-28 15:14:03 +0000] [387] [INFO] Application startup complete.
[2026-03-28 15:14:03 +0000] [408] [INFO] Booting worker with pid: 408
[2026-03-28 15:14:03 +0000] [389] [INFO] Started server process [389]
[2026-03-28 15:14:03 +0000] [389] [INFO] Waiting for application startup.
[2026-03-28 15:14:03 +0000] [389] [INFO] Application startup complete.
[2026-03-28 15:14:03 +0000] [410] [INFO] Booting worker with pid: 410
[2026-03-28 15:14:03 +0000] [382] [INFO] Started server process [382]
[2026-03-28 15:14:03 +0000] [382] [INFO] Waiting for application startup.
[2026-03-28 15:14:03 +0000] [382] [INFO] Application startup complete.
[2026-03-28 15:14:04 +0000] [411] [INFO] Booting worker with pid: 411
[2026-03-28 15:14:04 +0000] [393] [INFO] Started server process [393]
[2026-03-28 15:14:04 +0000] [393] [INFO] Waiting for application startup.
[2026-03-28 15:14:04 +0000] [393] [INFO] Application startup complete.
[2026-03-28 15:14:04 +0000] [413] [INFO] Booting worker with pid: 413
[2026-03-28 15:14:04 +0000] [391] [INFO] Started server process [391]
[2026-03-28 15:14:04 +0000] [391] [INFO] Waiting for application startup.
[2026-03-28 15:14:04 +0000] [391] [INFO] Application startup complete.
[2026-03-28 15:14:04 +0000] [415] [INFO] Booting worker with pid: 415
[2026-03-28 15:14:04 +0000] [416] [INFO] Booting worker with pid: 416
[2026-03-28 15:14:04 +0000] [399] [INFO] Started server process [399]
[2026-03-28 15:14:04 +0000] [399] [INFO] Waiting for application startup.
[2026-03-28 15:14:04 +0000] [399] [INFO] Application startup complete.
[2026-03-28 15:14:04 +0000] [397] [INFO] Started server process [397]
[2026-03-28 15:14:04 +0000] [397] [INFO] Waiting for application startup.
[2026-03-28 15:14:04 +0000] [397] [INFO] Application startup complete.
[2026-03-28 15:14:04 +0000] [419] [INFO] Booting worker with pid: 419
[2026-03-28 15:14:04 +0000] [398] [INFO] Started server process [398]
[2026-03-28 15:14:04 +0000] [398] [INFO] Waiting for application startup.
[2026-03-28 15:14:04 +0000] [398] [INFO] Application startup complete.
[2026-03-28 15:14:04 +0000] [394] [INFO] Started server process [394]
[2026-03-28 15:14:04 +0000] [394] [INFO] Waiting for application startup.
[2026-03-28 15:14:04 +0000] [394] [INFO] Application startup complete.
[2026-03-28 15:14:04 +0000] [423] [INFO] Booting worker with pid: 423
[2026-03-28 15:14:04 +0000] [403] [INFO] Started server process [403]
[2026-03-28 15:14:04 +0000] [403] [INFO] Waiting for application startup.
[2026-03-28 15:14:04 +0000] [403] [INFO] Application startup complete.
[2026-03-28 15:14:04 +0000] [425] [INFO] Booting worker with pid: 425
[2026-03-28 15:14:04 +0000] [405] [INFO] Started server process [405]
[2026-03-28 15:14:04 +0000] [405] [INFO] Waiting for application startup.
[2026-03-28 15:14:04 +0000] [405] [INFO] Application startup complete.
[2026-03-28 15:14:04 +0000] [402] [INFO] Started server process [402]
[2026-03-28 15:14:04 +0000] [402] [INFO] Waiting for application startup.
[2026-03-28 15:14:04 +0000] [402] [INFO] Application startup complete.
[2026-03-28 15:14:04 +0000] [408] [INFO] Started server process [408]
[2026-03-28 15:14:04 +0000] [408] [INFO] Waiting for application startup.
[2026-03-28 15:14:04 +0000] [408] [INFO] Application startup complete.
[2026-03-28 15:14:04 +0000] [428] [INFO] Booting worker with pid: 428
[2026-03-28 15:14:04 +0000] [429] [INFO] Booting worker with pid: 429
[2026-03-28 15:14:04 +0000] [430] [INFO] Booting worker with pid: 430
[2026-03-28 15:14:04 +0000] [431] [INFO] Booting worker with pid: 431
[2026-03-28 15:14:04 +0000] [411] [INFO] Started server process [411]
[2026-03-28 15:14:04 +0000] [411] [INFO] Waiting for application startup.
[2026-03-28 15:14:04 +0000] [411] [INFO] Application startup complete.
[2026-03-28 15:14:04 +0000] [410] [INFO] Started server process [410]
[2026-03-28 15:14:04 +0000] [410] [INFO] Waiting for application startup.
[2026-03-28 15:14:04 +0000] [410] [INFO] Application startup complete.
[2026-03-28 15:14:04 +0000] [415] [INFO] Started server process [415]
[2026-03-28 15:14:04 +0000] [415] [INFO] Waiting for application startup.
[2026-03-28 15:14:04 +0000] [415] [INFO] Application startup complete.
[2026-03-28 15:14:04 +0000] [435] [INFO] Booting worker with pid: 435
[2026-03-28 15:14:04 +0000] [438] [INFO] Booting worker with pid: 438
[2026-03-28 15:14:04 +0000] [416] [INFO] Started server process [416]
[2026-03-28 15:14:04 +0000] [416] [INFO] Waiting for application startup.
[2026-03-28 15:14:04 +0000] [416] [INFO] Application startup complete.
[2026-03-28 15:14:04 +0000] [413] [INFO] Started server process [413]
[2026-03-28 15:14:04 +0000] [413] [INFO] Waiting for application startup.
[2026-03-28 15:14:04 +0000] [413] [INFO] Application startup complete.
[2026-03-28 15:14:04 +0000] [439] [INFO] Booting worker with pid: 439
[2026-03-28 15:14:04 +0000] [440] [INFO] Booting worker with pid: 440
[2026-03-28 15:14:05 +0000] [425] [INFO] Started server process [425]
[2026-03-28 15:14:05 +0000] [425] [INFO] Waiting for application startup.
[2026-03-28 15:14:05 +0000] [425] [INFO] Application startup complete.
[2026-03-28 15:14:05 +0000] [442] [INFO] Booting worker with pid: 442
[2026-03-28 15:14:05 +0000] [428] [INFO] Started server process [428]
[2026-03-28 15:14:05 +0000] [428] [INFO] Waiting for application startup.
[2026-03-28 15:14:05 +0000] [428] [INFO] Application startup complete.
[2026-03-28 15:14:05 +0000] [446] [INFO] Booting worker with pid: 446
[2026-03-28 15:14:05 +0000] [423] [INFO] Started server process [423]
[2026-03-28 15:14:05 +0000] [423] [INFO] Waiting for application startup.
[2026-03-28 15:14:05 +0000] [423] [INFO] Application startup complete.
[2026-03-28 15:14:05 +0000] [447] [INFO] Booting worker with pid: 447
[2026-03-28 15:14:05 +0000] [419] [INFO] Started server process [419]
[2026-03-28 15:14:05 +0000] [419] [INFO] Waiting for application startup.
[2026-03-28 15:14:05 +0000] [419] [INFO] Application startup complete.
[2026-03-28 15:14:05 +0000] [448] [INFO] Booting worker with pid: 448
[2026-03-28 15:14:05 +0000] [430] [INFO] Started server process [430]
[2026-03-28 15:14:05 +0000] [430] [INFO] Waiting for application startup.
[2026-03-28 15:14:05 +0000] [430] [INFO] Application startup complete.
[2026-03-28 15:14:05 +0000] [450] [INFO] Booting worker with pid: 450
[2026-03-28 15:14:05 +0000] [354] [INFO] Started server process [354]
[2026-03-28 15:14:05 +0000] [354] [INFO] Waiting for application startup.
[2026-03-28 15:14:05 +0000] [354] [INFO] Application startup complete.
[2026-03-28 15:14:05 +0000] [429] [INFO] Started server process [429]
[2026-03-28 15:14:05 +0000] [429] [INFO] Waiting for application startup.
[2026-03-28 15:14:05 +0000] [429] [INFO] Application startup complete.
[2026-03-28 15:14:05 +0000] [453] [INFO] Booting worker with pid: 453
[2026-03-28 15:14:05 +0000] [454] [INFO] Booting worker with pid: 454
[2026-03-28 15:14:05 +0000] [438] [INFO] Started server process [438]
[2026-03-28 15:14:05 +0000] [438] [INFO] Waiting for application startup.
[2026-03-28 15:14:05 +0000] [438] [INFO] Application startup complete.
[2026-03-28 15:14:05 +0000] [431] [INFO] Started server process [431]
[2026-03-28 15:14:05 +0000] [431] [INFO] Waiting for application startup.
[2026-03-28 15:14:05 +0000] [431] [INFO] Application startup complete.
[2026-03-28 15:14:05 +0000] [459] [INFO] Booting worker with pid: 459
[2026-03-28 15:14:05 +0000] [435] [INFO] Started server process [435]
[2026-03-28 15:14:05 +0000] [435] [INFO] Waiting for application startup.
[2026-03-28 15:14:05 +0000] [435] [INFO] Application startup complete.
[2026-03-28 15:14:05 +0000] [439] [INFO] Started server process [439]
[2026-03-28 15:14:05 +0000] [439] [INFO] Waiting for application startup.
[2026-03-28 15:14:05 +0000] [439] [INFO] Application startup complete.
[2026-03-28 15:14:05 +0000] [460] [INFO] Booting worker with pid: 460
[2026-03-28 15:14:05 +0000] [440] [INFO] Started server process [440]
[2026-03-28 15:14:05 +0000] [440] [INFO] Waiting for application startup.
[2026-03-28 15:14:05 +0000] [440] [INFO] Application startup complete.
[2026-03-28 15:14:05 +0000] [442] [INFO] Started server process [442]
[2026-03-28 15:14:05 +0000] [442] [INFO] Waiting for application startup.
[2026-03-28 15:14:05 +0000] [442] [INFO] Application startup complete.
[2026-03-28 15:14:05 +0000] [464] [INFO] Booting worker with pid: 464
[2026-03-28 15:14:05 +0000] [446] [INFO] Started server process [446]
[2026-03-28 15:14:05 +0000] [446] [INFO] Waiting for application startup.
[2026-03-28 15:14:05 +0000] [446] [INFO] Application startup complete.
[2026-03-28 15:14:05 +0000] [447] [INFO] Started server process [447]
[2026-03-28 15:14:05 +0000] [447] [INFO] Waiting for application startup.
[2026-03-28 15:14:05 +0000] [447] [INFO] Application startup complete.
[2026-03-28 15:14:05 +0000] [448] [INFO] Started server process [448]
[2026-03-28 15:14:05 +0000] [448] [INFO] Waiting for application startup.
[2026-03-28 15:14:05 +0000] [448] [INFO] Application startup complete.
[2026-03-28 15:14:05 +0000] [467] [INFO] Booting worker with pid: 467
[2026-03-28 15:14:05 +0000] [450] [INFO] Started server process [450]
[2026-03-28 15:14:05 +0000] [450] [INFO] Waiting for application startup.
[2026-03-28 15:14:05 +0000] [450] [INFO] Application startup complete.
[2026-03-28 15:14:05 +0000] [469] [INFO] Booting worker with pid: 469
[2026-03-28 15:14:05 +0000] [453] [INFO] Started server process [453]
[2026-03-28 15:14:05 +0000] [453] [INFO] Waiting for application startup.
[2026-03-28 15:14:05 +0000] [453] [INFO] Application startup complete.
[2026-03-28 15:14:05 +0000] [454] [INFO] Started server process [454]
[2026-03-28 15:14:05 +0000] [454] [INFO] Waiting for application startup.
[2026-03-28 15:14:05 +0000] [472] [INFO] Booting worker with pid: 472
[2026-03-28 15:14:05 +0000] [454] [INFO] Application startup complete.
[2026-03-28 15:14:05 +0000] [473] [INFO] Booting worker with pid: 473
[2026-03-28 15:14:05 +0000] [459] [INFO] Started server process [459]
[2026-03-28 15:14:05 +0000] [459] [INFO] Waiting for application startup.
[2026-03-28 15:14:05 +0000] [459] [INFO] Application startup complete.
[2026-03-28 15:14:05 +0000] [476] [INFO] Booting worker with pid: 476
[2026-03-28 15:14:05 +0000] [460] [INFO] Started server process [460]
[2026-03-28 15:14:05 +0000] [460] [INFO] Waiting for application startup.
[2026-03-28 15:14:05 +0000] [460] [INFO] Application startup complete.
[2026-03-28 15:14:05 +0000] [477] [INFO] Booting worker with pid: 477
[2026-03-28 15:14:05 +0000] [464] [INFO] Started server process [464]
[2026-03-28 15:14:05 +0000] [464] [INFO] Waiting for application startup.
[2026-03-28 15:14:05 +0000] [464] [INFO] Application startup complete.
[2026-03-28 15:14:05 +0000] [467] [INFO] Started server process [467]
[2026-03-28 15:14:05 +0000] [467] [INFO] Waiting for application startup.
[2026-03-28 15:14:05 +0000] [467] [INFO] Application startup complete.
[2026-03-28 15:14:05 +0000] [480] [INFO] Booting worker with pid: 480
[2026-03-28 15:14:05 +0000] [469] [INFO] Started server process [469]
[2026-03-28 15:14:05 +0000] [469] [INFO] Waiting for application startup.
[2026-03-28 15:14:05 +0000] [469] [INFO] Application startup complete.
[2026-03-28 15:14:05 +0000] [472] [INFO] Started server process [472]
[2026-03-28 15:14:05 +0000] [472] [INFO] Waiting for application startup.
[2026-03-28 15:14:05 +0000] [472] [INFO] Application startup complete.
[2026-03-28 15:14:05 +0000] [484] [INFO] Booting worker with pid: 484
[2026-03-28 15:14:05 +0000] [473] [INFO] Started server process [473]
[2026-03-28 15:14:05 +0000] [473] [INFO] Waiting for application startup.
[2026-03-28 15:14:05 +0000] [473] [INFO] Application startup complete.
[2026-03-28 15:14:05 +0000] [486] [INFO] Booting worker with pid: 486
[2026-03-28 15:14:05 +0000] [476] [INFO] Started server process [476]
[2026-03-28 15:14:05 +0000] [476] [INFO] Waiting for application startup.
[2026-03-28 15:14:05 +0000] [476] [INFO] Application startup complete.
[2026-03-28 15:14:06 +0000] [477] [INFO] Started server process [477]
[2026-03-28 15:14:06 +0000] [477] [INFO] Waiting for application startup.
[2026-03-28 15:14:06 +0000] [477] [INFO] Application startup complete.
[2026-03-28 15:14:06 +0000] [488] [INFO] Booting worker with pid: 488
[2026-03-28 15:14:06 +0000] [480] [INFO] Started server process [480]
[2026-03-28 15:14:06 +0000] [480] [INFO] Waiting for application startup.
[2026-03-28 15:14:06 +0000] [480] [INFO] Application startup complete.
[2026-03-28 15:14:06 +0000] [490] [INFO] Booting worker with pid: 490
[2026-03-28 15:14:06 +0000] [491] [INFO] Booting worker with pid: 491
[2026-03-28 15:14:06 +0000] [484] [INFO] Started server process [484]
[2026-03-28 15:14:06 +0000] [484] [INFO] Waiting for application startup.
[2026-03-28 15:14:06 +0000] [484] [INFO] Application startup complete.
[2026-03-28 15:14:06 +0000] [486] [INFO] Started server process [486]
[2026-03-28 15:14:06 +0000] [486] [INFO] Waiting for application startup.
[2026-03-28 15:14:06 +0000] [486] [INFO] Application startup complete.
[2026-03-28 15:14:06 +0000] [494] [INFO] Booting worker with pid: 494
[2026-03-28 15:14:06 +0000] [495] [INFO] Booting worker with pid: 495
[2026-03-28 15:14:06 +0000] [496] [INFO] Booting worker with pid: 496
[2026-03-28 15:14:06 +0000] [488] [INFO] Started server process [488]
[2026-03-28 15:14:06 +0000] [488] [INFO] Waiting for application startup.
[2026-03-28 15:14:06 +0000] [488] [INFO] Application startup complete.
[2026-03-28 15:14:06 +0000] [498] [INFO] Booting worker with pid: 498
[2026-03-28 15:14:06 +0000] [499] [INFO] Booting worker with pid: 499
[2026-03-28 15:14:06 +0000] [501] [INFO] Booting worker with pid: 501
[2026-03-28 15:14:06 +0000] [490] [INFO] Started server process [490]
[2026-03-28 15:14:06 +0000] [490] [INFO] Waiting for application startup.
[2026-03-28 15:14:06 +0000] [490] [INFO] Application startup complete.
[2026-03-28 15:14:06 +0000] [503] [INFO] Booting worker with pid: 503
[2026-03-28 15:14:06 +0000] [491] [INFO] Started server process [491]
[2026-03-28 15:14:06 +0000] [491] [INFO] Waiting for application startup.
[2026-03-28 15:14:06 +0000] [491] [INFO] Application startup complete.
[2026-03-28 15:14:06 +0000] [504] [INFO] Booting worker with pid: 504
[2026-03-28 15:14:06 +0000] [494] [INFO] Started server process [494]
[2026-03-28 15:14:06 +0000] [494] [INFO] Waiting for application startup.
[2026-03-28 15:14:06 +0000] [494] [INFO] Application startup complete.
[2026-03-28 15:14:06 +0000] [506] [INFO] Booting worker with pid: 506
[2026-03-28 15:14:06 +0000] [495] [INFO] Started server process [495]
[2026-03-28 15:14:06 +0000] [495] [INFO] Waiting for application startup.
[2026-03-28 15:14:06 +0000] [495] [INFO] Application startup complete.
[2026-03-28 15:14:06 +0000] [496] [INFO] Started server process [496]
[2026-03-28 15:14:06 +0000] [496] [INFO] Waiting for application startup.
[2026-03-28 15:14:06 +0000] [496] [INFO] Application startup complete.
[2026-03-28 15:14:06 +0000] [511] [INFO] Booting worker with pid: 511
[2026-03-28 15:14:06 +0000] [498] [INFO] Started server process [498]
[2026-03-28 15:14:06 +0000] [498] [INFO] Waiting for application startup.
[2026-03-28 15:14:06 +0000] [498] [INFO] Application startup complete.
[2026-03-28 15:14:06 +0000] [499] [INFO] Started server process [499]
[2026-03-28 15:14:06 +0000] [499] [INFO] Waiting for application startup.
[2026-03-28 15:14:06 +0000] [499] [INFO] Application startup complete.
[2026-03-28 15:14:06 +0000] [501] [INFO] Started server process [501]
[2026-03-28 15:14:06 +0000] [501] [INFO] Waiting for application startup.
[2026-03-28 15:14:06 +0000] [501] [INFO] Application startup complete.
[2026-03-28 15:14:06 +0000] [513] [INFO] Booting worker with pid: 513
[2026-03-28 15:14:06 +0000] [503] [INFO] Started server process [503]
[2026-03-28 15:14:06 +0000] [503] [INFO] Waiting for application startup.
[2026-03-28 15:14:06 +0000] [503] [INFO] Application startup complete.
[2026-03-28 15:14:06 +0000] [504] [INFO] Started server process [504]
[2026-03-28 15:14:06 +0000] [504] [INFO] Waiting for application startup.
[2026-03-28 15:14:06 +0000] [504] [INFO] Application startup complete.
[2026-03-28 15:14:06 +0000] [506] [INFO] Started server process [506]
[2026-03-28 15:14:06 +0000] [506] [INFO] Waiting for application startup.
[2026-03-28 15:14:06 +0000] [506] [INFO] Application startup complete.
[2026-03-28 15:14:06 +0000] [511] [INFO] Started server process [511]
[2026-03-28 15:14:06 +0000] [511] [INFO] Waiting for application startup.
[2026-03-28 15:14:06 +0000] [511] [INFO] Application startup complete.
[2026-03-28 15:14:06 +0000] [513] [INFO] Started server process [513]
[2026-03-28 15:14:06 +0000] [513] [INFO] Waiting for application startup.
[2026-03-28 15:14:06 +0000] [513] [INFO] Application startup complete.
