[1] Puma starting in cluster mode...
[1] * Puma version: 7.2.0 ("On The Corner")
[1] * Ruby version: ruby 4.0.2 (2026-03-17 revision d3da9fec82) +YJIT +MN +PRISM [x86_64-linux]
[1] *  Min threads: 4
[1] *  Max threads: 4
[1] *  Environment: production
[1] *   Master PID: 1
[1] *      Workers: 128
[1] *     Restarts: (✔) hot (✖) phased (✖) refork
[1] * Preloading application
[1] * Listening on http://0.0.0.0:8080
[1] Use Ctrl-C to stop
[1] ! WARNING: Detected `RUBY_MN_THREADS=1`
[1] ! This setting is known to cause performance regressions with Puma.
[1] ! Consider disabling this environment variable: https://github.com/puma/puma/issues/3720
[1] - Worker 0 (PID: 8) booted in 0.26s, phase: 0
[1] - Worker 1 (PID: 12) booted in 0.26s, phase: 0
[1] - Worker 2 (PID: 16) booted in 0.26s, phase: 0
[1] - Worker 3 (PID: 20) booted in 0.26s, phase: 0
[1] - Worker 4 (PID: 24) booted in 0.26s, phase: 0
[1] - Worker 5 (PID: 28) booted in 0.26s, phase: 0
[1] - Worker 6 (PID: 33) booted in 0.25s, phase: 0
[1] - Worker 7 (PID: 38) booted in 0.25s, phase: 0
[1] - Worker 8 (PID: 44) booted in 0.25s, phase: 0
[1] - Worker 9 (PID: 49) booted in 0.25s, phase: 0
[1] - Worker 10 (PID: 55) booted in 0.25s, phase: 0
[1] - Worker 11 (PID: 61) booted in 0.24s, phase: 0
[1] - Worker 12 (PID: 66) booted in 0.24s, phase: 0
[1] - Worker 13 (PID: 72) booted in 0.24s, phase: 0
[1] - Worker 14 (PID: 81) booted in 0.24s, phase: 0
[1] - Worker 15 (PID: 87) booted in 0.24s, phase: 0
[1] - Worker 16 (PID: 93) booted in 0.25s, phase: 0
[1] - Worker 17 (PID: 97) booted in 0.24s, phase: 0
[1] - Worker 18 (PID: 103) booted in 0.24s, phase: 0
[1] - Worker 19 (PID: 108) booted in 0.24s, phase: 0
[1] - Worker 20 (PID: 114) booted in 0.24s, phase: 0
[1] - Worker 21 (PID: 120) booted in 0.24s, phase: 0
[1] - Worker 22 (PID: 127) booted in 0.24s, phase: 0
[1] - Worker 23 (PID: 133) booted in 0.24s, phase: 0
[1] - Worker 24 (PID: 138) booted in 0.24s, phase: 0
[1] - Worker 25 (PID: 144) booted in 0.24s, phase: 0
[1] - Worker 26 (PID: 150) booted in 0.23s, phase: 0
[1] - Worker 27 (PID: 155) booted in 0.23s, phase: 0
[1] - Worker 28 (PID: 161) booted in 0.23s, phase: 0
[1] - Worker 29 (PID: 168) booted in 0.23s, phase: 0
[1] - Worker 30 (PID: 177) booted in 0.23s, phase: 0
[1] - Worker 31 (PID: 181) booted in 0.23s, phase: 0
[1] - Worker 32 (PID: 187) booted in 0.22s, phase: 0
[1] - Worker 33 (PID: 192) booted in 0.22s, phase: 0
[1] - Worker 34 (PID: 197) booted in 0.22s, phase: 0
[1] - Worker 35 (PID: 202) booted in 0.22s, phase: 0
[1] - Worker 36 (PID: 207) booted in 0.22s, phase: 0
[1] - Worker 37 (PID: 213) booted in 0.22s, phase: 0
[1] - Worker 38 (PID: 219) booted in 0.22s, phase: 0
[1] - Worker 39 (PID: 224) booted in 0.22s, phase: 0
[1] - Worker 40 (PID: 229) booted in 0.21s, phase: 0
[1] - Worker 41 (PID: 235) booted in 0.21s, phase: 0
[1] - Worker 42 (PID: 240) booted in 0.21s, phase: 0
[1] - Worker 43 (PID: 245) booted in 0.21s, phase: 0
[1] - Worker 44 (PID: 251) booted in 0.21s, phase: 0
[1] - Worker 45 (PID: 257) booted in 0.21s, phase: 0
[1] - Worker 46 (PID: 263) booted in 0.21s, phase: 0
[1] - Worker 47 (PID: 269) booted in 0.2s, phase: 0
[1] - Worker 48 (PID: 275) booted in 0.2s, phase: 0
[1] - Worker 49 (PID: 281) booted in 0.2s, phase: 0
[1] - Worker 50 (PID: 287) booted in 0.2s, phase: 0
[1] - Worker 51 (PID: 293) booted in 0.2s, phase: 0
[1] - Worker 52 (PID: 299) booted in 0.2s, phase: 0
[1] - Worker 53 (PID: 305) booted in 0.19s, phase: 0
[1] - Worker 54 (PID: 311) booted in 0.19s, phase: 0
[1] - Worker 55 (PID: 319) booted in 0.19s, phase: 0
[1] - Worker 56 (PID: 325) booted in 0.19s, phase: 0
[1] - Worker 57 (PID: 331) booted in 0.19s, phase: 0
[1] - Worker 58 (PID: 337) booted in 0.19s, phase: 0
[1] - Worker 59 (PID: 343) booted in 0.18s, phase: 0
[1] - Worker 60 (PID: 349) booted in 0.18s, phase: 0
[1] - Worker 61 (PID: 355) booted in 0.18s, phase: 0
[1] - Worker 62 (PID: 360) booted in 0.18s, phase: 0
[1] - Worker 63 (PID: 367) booted in 0.18s, phase: 0
[1] - Worker 64 (PID: 373) booted in 0.18s, phase: 0
[1] - Worker 65 (PID: 379) booted in 0.17s, phase: 0
[1] - Worker 66 (PID: 387) booted in 0.17s, phase: 0
[1] - Worker 67 (PID: 394) booted in 0.17s, phase: 0
[1] - Worker 68 (PID: 399) booted in 0.17s, phase: 0
[1] - Worker 69 (PID: 404) booted in 0.17s, phase: 0
[1] - Worker 70 (PID: 412) booted in 0.16s, phase: 0
[1] - Worker 71 (PID: 416) booted in 0.16s, phase: 0
[1] - Worker 72 (PID: 422) booted in 0.16s, phase: 0
[1] - Worker 73 (PID: 428) booted in 0.16s, phase: 0
[1] - Worker 74 (PID: 434) booted in 0.16s, phase: 0
[1] - Worker 75 (PID: 443) booted in 0.16s, phase: 0
[1] - Worker 76 (PID: 448) booted in 0.15s, phase: 0
[1] - Worker 77 (PID: 453) booted in 0.15s, phase: 0
[1] - Worker 78 (PID: 458) booted in 0.15s, phase: 0
[1] - Worker 79 (PID: 464) booted in 0.15s, phase: 0
[1] - Worker 80 (PID: 473) booted in 0.15s, phase: 0
[1] - Worker 81 (PID: 477) booted in 0.14s, phase: 0
[1] - Worker 82 (PID: 482) booted in 0.14s, phase: 0
[1] - Worker 83 (PID: 491) booted in 0.14s, phase: 0
[1] - Worker 84 (PID: 495) booted in 0.14s, phase: 0
[1] - Worker 85 (PID: 501) booted in 0.14s, phase: 0
[1] - Worker 86 (PID: 506) booted in 0.14s, phase: 0
[1] - Worker 87 (PID: 513) booted in 0.13s, phase: 0
[1] - Worker 88 (PID: 521) booted in 0.13s, phase: 0
[1] - Worker 89 (PID: 525) booted in 0.13s, phase: 0
[1] - Worker 90 (PID: 530) booted in 0.13s, phase: 0
[1] - Worker 91 (PID: 538) booted in 0.13s, phase: 0
[1] - Worker 92 (PID: 545) booted in 0.12s, phase: 0
[1] - Worker 93 (PID: 550) booted in 0.12s, phase: 0
[1] - Worker 94 (PID: 554) booted in 0.12s, phase: 0
[1] - Worker 95 (PID: 559) booted in 0.12s, phase: 0
[1] - Worker 96 (PID: 567) booted in 0.12s, phase: 0
[1] - Worker 97 (PID: 573) booted in 0.11s, phase: 0
[1] - Worker 98 (PID: 578) booted in 0.11s, phase: 0
[1] - Worker 99 (PID: 585) booted in 0.11s, phase: 0
[1] - Worker 100 (PID: 591) booted in 0.11s, phase: 0
[1] - Worker 101 (PID: 598) booted in 0.11s, phase: 0
[1] - Worker 102 (PID: 602) booted in 0.11s, phase: 0
[1] - Worker 103 (PID: 608) booted in 0.1s, phase: 0
[1] - Worker 104 (PID: 613) booted in 0.1s, phase: 0
[1] - Worker 105 (PID: 619) booted in 0.1s, phase: 0
[1] - Worker 107 (PID: 631) booted in 0.1s, phase: 0
[1] - Worker 106 (PID: 626) booted in 0.1s, phase: 0
[1] - Worker 108 (PID: 639) booted in 0.1s, phase: 0
[1] - Worker 109 (PID: 646) booted in 0.09s, phase: 0
[1] - Worker 110 (PID: 652) booted in 0.09s, phase: 0
[1] - Worker 111 (PID: 658) booted in 0.09s, phase: 0
[1] - Worker 112 (PID: 665) booted in 0.09s, phase: 0
[1] - Worker 113 (PID: 670) booted in 0.08s, phase: 0
[1] - Worker 114 (PID: 677) booted in 0.08s, phase: 0
[1] - Worker 115 (PID: 683) booted in 0.08s, phase: 0
[1] - Worker 116 (PID: 692) booted in 0.08s, phase: 0
[1] - Worker 117 (PID: 695) booted in 0.07s, phase: 0
[1] - Worker 118 (PID: 702) booted in 0.07s, phase: 0
[1] - Worker 119 (PID: 707) booted in 0.07s, phase: 0
[1] - Worker 120 (PID: 712) booted in 0.07s, phase: 0
[1] - Worker 121 (PID: 718) booted in 0.07s, phase: 0
[1] - Worker 122 (PID: 723) booted in 0.07s, phase: 0
[1] - Worker 123 (PID: 729) booted in 0.06s, phase: 0
[1] - Worker 124 (PID: 735) booted in 0.06s, phase: 0
[1] - Worker 125 (PID: 740) booted in 0.06s, phase: 0
[1] - Worker 126 (PID: 745) booted in 0.06s, phase: 0
[1] - Worker 127 (PID: 751) booted in 0.06s, phase: 0
