[2026-03-28 15:53:55 +0000] [1] [INFO] Starting gunicorn 23.0.0
[2026-03-28 15:53:55 +0000] [1] [INFO] Listening at: http://0.0.0.0:8080 (1)
[2026-03-28 15:53:55 +0000] [1] [INFO] Using worker: uvicorn.workers.UvicornWorker
[2026-03-28 15:53:55 +0000] [7] [INFO] Booting worker with pid: 7
[2026-03-28 15:53:56 +0000] [8] [INFO] Booting worker with pid: 8
[2026-03-28 15:53:56 +0000] [9] [INFO] Booting worker with pid: 9
[2026-03-28 15:53:56 +0000] [7] [INFO] Started server process [7]
[2026-03-28 15:53:56 +0000] [8] [INFO] Started server process [8]
[2026-03-28 15:53:56 +0000] [7] [INFO] Waiting for application startup.
[2026-03-28 15:53:56 +0000] [8] [INFO] Waiting for application startup.
[2026-03-28 15:53:56 +0000] [8] [INFO] Application startup complete.
[2026-03-28 15:53:56 +0000] [7] [INFO] Application startup complete.
[2026-03-28 15:53:56 +0000] [13] [INFO] Booting worker with pid: 13
[2026-03-28 15:53:56 +0000] [9] [INFO] Started server process [9]
[2026-03-28 15:53:56 +0000] [9] [INFO] Waiting for application startup.
[2026-03-28 15:53:56 +0000] [9] [INFO] Application startup complete.
[2026-03-28 15:53:56 +0000] [14] [INFO] Booting worker with pid: 14
[2026-03-28 15:53:56 +0000] [13] [INFO] Started server process [13]
[2026-03-28 15:53:56 +0000] [13] [INFO] Waiting for application startup.
[2026-03-28 15:53:56 +0000] [13] [INFO] Application startup complete.
[2026-03-28 15:53:56 +0000] [16] [INFO] Booting worker with pid: 16
[2026-03-28 15:53:56 +0000] [18] [INFO] Booting worker with pid: 18
[2026-03-28 15:53:56 +0000] [14] [INFO] Started server process [14]
[2026-03-28 15:53:56 +0000] [14] [INFO] Waiting for application startup.
[2026-03-28 15:53:56 +0000] [14] [INFO] Application startup complete.
[2026-03-28 15:53:56 +0000] [19] [INFO] Booting worker with pid: 19
[2026-03-28 15:53:56 +0000] [16] [INFO] Started server process [16]
[2026-03-28 15:53:56 +0000] [16] [INFO] Waiting for application startup.
[2026-03-28 15:53:56 +0000] [16] [INFO] Application startup complete.
[2026-03-28 15:53:56 +0000] [18] [INFO] Started server process [18]
[2026-03-28 15:53:56 +0000] [18] [INFO] Waiting for application startup.
[2026-03-28 15:53:56 +0000] [18] [INFO] Application startup complete.
[2026-03-28 15:53:56 +0000] [22] [INFO] Booting worker with pid: 22
[2026-03-28 15:53:56 +0000] [19] [INFO] Started server process [19]
[2026-03-28 15:53:56 +0000] [19] [INFO] Waiting for application startup.
[2026-03-28 15:53:56 +0000] [19] [INFO] Application startup complete.
[2026-03-28 15:53:56 +0000] [24] [INFO] Booting worker with pid: 24
[2026-03-28 15:53:56 +0000] [26] [INFO] Booting worker with pid: 26
[2026-03-28 15:53:56 +0000] [22] [INFO] Started server process [22]
[2026-03-28 15:53:56 +0000] [22] [INFO] Waiting for application startup.
[2026-03-28 15:53:56 +0000] [22] [INFO] Application startup complete.
[2026-03-28 15:53:56 +0000] [27] [INFO] Booting worker with pid: 27
[2026-03-28 15:53:56 +0000] [28] [INFO] Booting worker with pid: 28
[2026-03-28 15:53:56 +0000] [24] [INFO] Started server process [24]
[2026-03-28 15:53:56 +0000] [24] [INFO] Waiting for application startup.
[2026-03-28 15:53:56 +0000] [24] [INFO] Application startup complete.
[2026-03-28 15:53:56 +0000] [31] [INFO] Booting worker with pid: 31
[2026-03-28 15:53:56 +0000] [26] [INFO] Started server process [26]
[2026-03-28 15:53:56 +0000] [26] [INFO] Waiting for application startup.
[2026-03-28 15:53:56 +0000] [26] [INFO] Application startup complete.
[2026-03-28 15:53:56 +0000] [27] [INFO] Started server process [27]
[2026-03-28 15:53:56 +0000] [27] [INFO] Waiting for application startup.
[2026-03-28 15:53:56 +0000] [27] [INFO] Application startup complete.
[2026-03-28 15:53:56 +0000] [34] [INFO] Booting worker with pid: 34
[2026-03-28 15:53:56 +0000] [28] [INFO] Started server process [28]
[2026-03-28 15:53:56 +0000] [28] [INFO] Waiting for application startup.
[2026-03-28 15:53:56 +0000] [28] [INFO] Application startup complete.
[2026-03-28 15:53:56 +0000] [31] [INFO] Started server process [31]
[2026-03-28 15:53:56 +0000] [31] [INFO] Waiting for application startup.
[2026-03-28 15:53:56 +0000] [31] [INFO] Application startup complete.
[2026-03-28 15:53:56 +0000] [36] [INFO] Booting worker with pid: 36
[2026-03-28 15:53:56 +0000] [34] [INFO] Started server process [34]
[2026-03-28 15:53:56 +0000] [34] [INFO] Waiting for application startup.
[2026-03-28 15:53:56 +0000] [34] [INFO] Application startup complete.
[2026-03-28 15:53:56 +0000] [38] [INFO] Booting worker with pid: 38
[2026-03-28 15:53:56 +0000] [36] [INFO] Started server process [36]
[2026-03-28 15:53:56 +0000] [36] [INFO] Waiting for application startup.
[2026-03-28 15:53:56 +0000] [36] [INFO] Application startup complete.
[2026-03-28 15:53:56 +0000] [38] [INFO] Started server process [38]
[2026-03-28 15:53:56 +0000] [38] [INFO] Waiting for application startup.
[2026-03-28 15:53:56 +0000] [38] [INFO] Application startup complete.
[2026-03-28 15:53:56 +0000] [41] [INFO] Booting worker with pid: 41
[2026-03-28 15:53:56 +0000] [43] [INFO] Booting worker with pid: 43
[2026-03-28 15:53:56 +0000] [41] [INFO] Started server process [41]
[2026-03-28 15:53:56 +0000] [41] [INFO] Waiting for application startup.
[2026-03-28 15:53:56 +0000] [41] [INFO] Application startup complete.
[2026-03-28 15:53:56 +0000] [44] [INFO] Booting worker with pid: 44
[2026-03-28 15:53:56 +0000] [45] [INFO] Booting worker with pid: 45
[2026-03-28 15:53:56 +0000] [43] [INFO] Started server process [43]
[2026-03-28 15:53:56 +0000] [43] [INFO] Waiting for application startup.
[2026-03-28 15:53:56 +0000] [43] [INFO] Application startup complete.
[2026-03-28 15:53:56 +0000] [47] [INFO] Booting worker with pid: 47
[2026-03-28 15:53:56 +0000] [44] [INFO] Started server process [44]
[2026-03-28 15:53:56 +0000] [44] [INFO] Waiting for application startup.
[2026-03-28 15:53:56 +0000] [44] [INFO] Application startup complete.
[2026-03-28 15:53:56 +0000] [45] [INFO] Started server process [45]
[2026-03-28 15:53:56 +0000] [45] [INFO] Waiting for application startup.
[2026-03-28 15:53:56 +0000] [45] [INFO] Application startup complete.
[2026-03-28 15:53:57 +0000] [51] [INFO] Booting worker with pid: 51
[2026-03-28 15:53:57 +0000] [47] [INFO] Started server process [47]
[2026-03-28 15:53:57 +0000] [47] [INFO] Waiting for application startup.
[2026-03-28 15:53:57 +0000] [47] [INFO] Application startup complete.
[2026-03-28 15:53:57 +0000] [53] [INFO] Booting worker with pid: 53
[2026-03-28 15:53:57 +0000] [51] [INFO] Started server process [51]
[2026-03-28 15:53:57 +0000] [51] [INFO] Waiting for application startup.
[2026-03-28 15:53:57 +0000] [51] [INFO] Application startup complete.
[2026-03-28 15:53:57 +0000] [54] [INFO] Booting worker with pid: 54
[2026-03-28 15:53:57 +0000] [53] [INFO] Started server process [53]
[2026-03-28 15:53:57 +0000] [53] [INFO] Waiting for application startup.
[2026-03-28 15:53:57 +0000] [53] [INFO] Application startup complete.
[2026-03-28 15:53:57 +0000] [56] [INFO] Booting worker with pid: 56
[2026-03-28 15:53:57 +0000] [54] [INFO] Started server process [54]
[2026-03-28 15:53:57 +0000] [54] [INFO] Waiting for application startup.
[2026-03-28 15:53:57 +0000] [54] [INFO] Application startup complete.
[2026-03-28 15:53:57 +0000] [58] [INFO] Booting worker with pid: 58
[2026-03-28 15:53:57 +0000] [56] [INFO] Started server process [56]
[2026-03-28 15:53:57 +0000] [56] [INFO] Waiting for application startup.
[2026-03-28 15:53:57 +0000] [56] [INFO] Application startup complete.
[2026-03-28 15:53:57 +0000] [60] [INFO] Booting worker with pid: 60
[2026-03-28 15:53:57 +0000] [61] [INFO] Booting worker with pid: 61
[2026-03-28 15:53:57 +0000] [58] [INFO] Started server process [58]
[2026-03-28 15:53:57 +0000] [58] [INFO] Waiting for application startup.
[2026-03-28 15:53:57 +0000] [58] [INFO] Application startup complete.
[2026-03-28 15:53:57 +0000] [63] [INFO] Booting worker with pid: 63
[2026-03-28 15:53:57 +0000] [65] [INFO] Booting worker with pid: 65
[2026-03-28 15:53:57 +0000] [60] [INFO] Started server process [60]
[2026-03-28 15:53:57 +0000] [60] [INFO] Waiting for application startup.
[2026-03-28 15:53:57 +0000] [60] [INFO] Application startup complete.
[2026-03-28 15:53:57 +0000] [61] [INFO] Started server process [61]
[2026-03-28 15:53:57 +0000] [61] [INFO] Waiting for application startup.
[2026-03-28 15:53:57 +0000] [61] [INFO] Application startup complete.
[2026-03-28 15:53:57 +0000] [68] [INFO] Booting worker with pid: 68
[2026-03-28 15:53:57 +0000] [63] [INFO] Started server process [63]
[2026-03-28 15:53:57 +0000] [63] [INFO] Waiting for application startup.
[2026-03-28 15:53:57 +0000] [63] [INFO] Application startup complete.
[2026-03-28 15:53:57 +0000] [65] [INFO] Started server process [65]
[2026-03-28 15:53:57 +0000] [65] [INFO] Waiting for application startup.
[2026-03-28 15:53:57 +0000] [65] [INFO] Application startup complete.
[2026-03-28 15:53:57 +0000] [71] [INFO] Booting worker with pid: 71
[2026-03-28 15:53:57 +0000] [68] [INFO] Started server process [68]
[2026-03-28 15:53:57 +0000] [68] [INFO] Waiting for application startup.
[2026-03-28 15:53:57 +0000] [68] [INFO] Application startup complete.
[2026-03-28 15:53:57 +0000] [73] [INFO] Booting worker with pid: 73
[2026-03-28 15:53:57 +0000] [71] [INFO] Started server process [71]
[2026-03-28 15:53:57 +0000] [71] [INFO] Waiting for application startup.
[2026-03-28 15:53:57 +0000] [71] [INFO] Application startup complete.
[2026-03-28 15:53:57 +0000] [74] [INFO] Booting worker with pid: 74
[2026-03-28 15:53:57 +0000] [75] [INFO] Booting worker with pid: 75
[2026-03-28 15:53:57 +0000] [77] [INFO] Booting worker with pid: 77
[2026-03-28 15:53:57 +0000] [73] [INFO] Started server process [73]
[2026-03-28 15:53:57 +0000] [73] [INFO] Waiting for application startup.
[2026-03-28 15:53:57 +0000] [73] [INFO] Application startup complete.
[2026-03-28 15:53:57 +0000] [78] [INFO] Booting worker with pid: 78
[2026-03-28 15:53:57 +0000] [74] [INFO] Started server process [74]
[2026-03-28 15:53:57 +0000] [74] [INFO] Waiting for application startup.
[2026-03-28 15:53:57 +0000] [74] [INFO] Application startup complete.
[2026-03-28 15:53:57 +0000] [75] [INFO] Started server process [75]
[2026-03-28 15:53:57 +0000] [75] [INFO] Waiting for application startup.
[2026-03-28 15:53:57 +0000] [81] [INFO] Booting worker with pid: 81
[2026-03-28 15:53:57 +0000] [75] [INFO] Application startup complete.
[2026-03-28 15:53:57 +0000] [83] [INFO] Booting worker with pid: 83
[2026-03-28 15:53:57 +0000] [77] [INFO] Started server process [77]
[2026-03-28 15:53:57 +0000] [77] [INFO] Waiting for application startup.
[2026-03-28 15:53:57 +0000] [77] [INFO] Application startup complete.
[2026-03-28 15:53:57 +0000] [78] [INFO] Started server process [78]
[2026-03-28 15:53:57 +0000] [78] [INFO] Waiting for application startup.
[2026-03-28 15:53:57 +0000] [78] [INFO] Application startup complete.
[2026-03-28 15:53:57 +0000] [86] [INFO] Booting worker with pid: 86
[2026-03-28 15:53:57 +0000] [81] [INFO] Started server process [81]
[2026-03-28 15:53:57 +0000] [81] [INFO] Waiting for application startup.
[2026-03-28 15:53:57 +0000] [81] [INFO] Application startup complete.
[2026-03-28 15:53:57 +0000] [83] [INFO] Started server process [83]
[2026-03-28 15:53:57 +0000] [83] [INFO] Waiting for application startup.
[2026-03-28 15:53:57 +0000] [83] [INFO] Application startup complete.
[2026-03-28 15:53:57 +0000] [88] [INFO] Booting worker with pid: 88
[2026-03-28 15:53:57 +0000] [89] [INFO] Booting worker with pid: 89
[2026-03-28 15:53:57 +0000] [90] [INFO] Booting worker with pid: 90
[2026-03-28 15:53:57 +0000] [86] [INFO] Started server process [86]
[2026-03-28 15:53:57 +0000] [86] [INFO] Waiting for application startup.
[2026-03-28 15:53:57 +0000] [86] [INFO] Application startup complete.
[2026-03-28 15:53:58 +0000] [92] [INFO] Booting worker with pid: 92
[2026-03-28 15:53:58 +0000] [88] [INFO] Started server process [88]
[2026-03-28 15:53:58 +0000] [88] [INFO] Waiting for application startup.
[2026-03-28 15:53:58 +0000] [88] [INFO] Application startup complete.
[2026-03-28 15:53:58 +0000] [95] [INFO] Booting worker with pid: 95
[2026-03-28 15:53:58 +0000] [89] [INFO] Started server process [89]
[2026-03-28 15:53:58 +0000] [89] [INFO] Waiting for application startup.
[2026-03-28 15:53:58 +0000] [89] [INFO] Application startup complete.
[2026-03-28 15:53:58 +0000] [90] [INFO] Started server process [90]
[2026-03-28 15:53:58 +0000] [90] [INFO] Waiting for application startup.
[2026-03-28 15:53:58 +0000] [90] [INFO] Application startup complete.
[2026-03-28 15:53:58 +0000] [92] [INFO] Started server process [92]
[2026-03-28 15:53:58 +0000] [92] [INFO] Waiting for application startup.
[2026-03-28 15:53:58 +0000] [92] [INFO] Application startup complete.
[2026-03-28 15:53:58 +0000] [99] [INFO] Booting worker with pid: 99
[2026-03-28 15:53:58 +0000] [95] [INFO] Started server process [95]
[2026-03-28 15:53:58 +0000] [95] [INFO] Waiting for application startup.
[2026-03-28 15:53:58 +0000] [95] [INFO] Application startup complete.
[2026-03-28 15:53:58 +0000] [101] [INFO] Booting worker with pid: 101
[2026-03-28 15:53:58 +0000] [99] [INFO] Started server process [99]
[2026-03-28 15:53:58 +0000] [99] [INFO] Waiting for application startup.
[2026-03-28 15:53:58 +0000] [99] [INFO] Application startup complete.
[2026-03-28 15:53:58 +0000] [102] [INFO] Booting worker with pid: 102
[2026-03-28 15:53:58 +0000] [101] [INFO] Started server process [101]
[2026-03-28 15:53:58 +0000] [101] [INFO] Waiting for application startup.
[2026-03-28 15:53:58 +0000] [101] [INFO] Application startup complete.
[2026-03-28 15:53:58 +0000] [105] [INFO] Booting worker with pid: 105
[2026-03-28 15:53:58 +0000] [102] [INFO] Started server process [102]
[2026-03-28 15:53:58 +0000] [102] [INFO] Waiting for application startup.
[2026-03-28 15:53:58 +0000] [102] [INFO] Application startup complete.
[2026-03-28 15:53:58 +0000] [107] [INFO] Booting worker with pid: 107
[2026-03-28 15:53:58 +0000] [108] [INFO] Booting worker with pid: 108
[2026-03-28 15:53:58 +0000] [105] [INFO] Started server process [105]
[2026-03-28 15:53:58 +0000] [105] [INFO] Waiting for application startup.
[2026-03-28 15:53:58 +0000] [105] [INFO] Application startup complete.
[2026-03-28 15:53:58 +0000] [109] [INFO] Booting worker with pid: 109
[2026-03-28 15:53:58 +0000] [110] [INFO] Booting worker with pid: 110
[2026-03-28 15:53:58 +0000] [107] [INFO] Started server process [107]
[2026-03-28 15:53:58 +0000] [107] [INFO] Waiting for application startup.
[2026-03-28 15:53:58 +0000] [107] [INFO] Application startup complete.
[2026-03-28 15:53:58 +0000] [108] [INFO] Started server process [108]
[2026-03-28 15:53:58 +0000] [108] [INFO] Waiting for application startup.
[2026-03-28 15:53:58 +0000] [108] [INFO] Application startup complete.
[2026-03-28 15:53:58 +0000] [109] [INFO] Started server process [109]
[2026-03-28 15:53:58 +0000] [109] [INFO] Waiting for application startup.
[2026-03-28 15:53:58 +0000] [109] [INFO] Application startup complete.
[2026-03-28 15:53:58 +0000] [115] [INFO] Booting worker with pid: 115
[2026-03-28 15:53:58 +0000] [110] [INFO] Started server process [110]
[2026-03-28 15:53:58 +0000] [110] [INFO] Waiting for application startup.
[2026-03-28 15:53:58 +0000] [110] [INFO] Application startup complete.
[2026-03-28 15:53:58 +0000] [116] [INFO] Booting worker with pid: 116
[2026-03-28 15:53:58 +0000] [118] [INFO] Booting worker with pid: 118
[2026-03-28 15:53:58 +0000] [115] [INFO] Started server process [115]
[2026-03-28 15:53:58 +0000] [115] [INFO] Waiting for application startup.
[2026-03-28 15:53:58 +0000] [115] [INFO] Application startup complete.
[2026-03-28 15:53:58 +0000] [119] [INFO] Booting worker with pid: 119
[2026-03-28 15:53:58 +0000] [120] [INFO] Booting worker with pid: 120
[2026-03-28 15:53:58 +0000] [121] [INFO] Booting worker with pid: 121
[2026-03-28 15:53:58 +0000] [116] [INFO] Started server process [116]
[2026-03-28 15:53:58 +0000] [116] [INFO] Waiting for application startup.
[2026-03-28 15:53:58 +0000] [116] [INFO] Application startup complete.
[2026-03-28 15:53:58 +0000] [118] [INFO] Started server process [118]
[2026-03-28 15:53:58 +0000] [118] [INFO] Waiting for application startup.
[2026-03-28 15:53:58 +0000] [118] [INFO] Application startup complete.
[2026-03-28 15:53:58 +0000] [127] [INFO] Booting worker with pid: 127
[2026-03-28 15:53:58 +0000] [119] [INFO] Started server process [119]
[2026-03-28 15:53:58 +0000] [119] [INFO] Waiting for application startup.
[2026-03-28 15:53:58 +0000] [119] [INFO] Application startup complete.
[2026-03-28 15:53:58 +0000] [128] [INFO] Booting worker with pid: 128
[2026-03-28 15:53:58 +0000] [120] [INFO] Started server process [120]
[2026-03-28 15:53:58 +0000] [120] [INFO] Waiting for application startup.
[2026-03-28 15:53:58 +0000] [120] [INFO] Application startup complete.
[2026-03-28 15:53:58 +0000] [121] [INFO] Started server process [121]
[2026-03-28 15:53:58 +0000] [121] [INFO] Waiting for application startup.
[2026-03-28 15:53:58 +0000] [121] [INFO] Application startup complete.
[2026-03-28 15:53:58 +0000] [129] [INFO] Booting worker with pid: 129
[2026-03-28 15:53:58 +0000] [130] [INFO] Booting worker with pid: 130
[2026-03-28 15:53:58 +0000] [132] [INFO] Booting worker with pid: 132
[2026-03-28 15:53:58 +0000] [127] [INFO] Started server process [127]
[2026-03-28 15:53:58 +0000] [127] [INFO] Waiting for application startup.
[2026-03-28 15:53:58 +0000] [127] [INFO] Application startup complete.
[2026-03-28 15:53:58 +0000] [129] [INFO] Started server process [129]
[2026-03-28 15:53:58 +0000] [129] [INFO] Waiting for application startup.
[2026-03-28 15:53:58 +0000] [129] [INFO] Application startup complete.
[2026-03-28 15:53:58 +0000] [128] [INFO] Started server process [128]
[2026-03-28 15:53:58 +0000] [128] [INFO] Waiting for application startup.
[2026-03-28 15:53:58 +0000] [128] [INFO] Application startup complete.
[2026-03-28 15:53:59 +0000] [136] [INFO] Booting worker with pid: 136
[2026-03-28 15:53:59 +0000] [130] [INFO] Started server process [130]
[2026-03-28 15:53:59 +0000] [130] [INFO] Waiting for application startup.
[2026-03-28 15:53:59 +0000] [130] [INFO] Application startup complete.
[2026-03-28 15:53:59 +0000] [137] [INFO] Booting worker with pid: 137
[2026-03-28 15:53:59 +0000] [139] [INFO] Booting worker with pid: 139
[2026-03-28 15:53:59 +0000] [132] [INFO] Started server process [132]
[2026-03-28 15:53:59 +0000] [132] [INFO] Waiting for application startup.
[2026-03-28 15:53:59 +0000] [132] [INFO] Application startup complete.
[2026-03-28 15:53:59 +0000] [136] [INFO] Started server process [136]
[2026-03-28 15:53:59 +0000] [136] [INFO] Waiting for application startup.
[2026-03-28 15:53:59 +0000] [136] [INFO] Application startup complete.
[2026-03-28 15:53:59 +0000] [142] [INFO] Booting worker with pid: 142
[2026-03-28 15:53:59 +0000] [137] [INFO] Started server process [137]
[2026-03-28 15:53:59 +0000] [137] [INFO] Waiting for application startup.
[2026-03-28 15:53:59 +0000] [137] [INFO] Application startup complete.
[2026-03-28 15:53:59 +0000] [139] [INFO] Started server process [139]
[2026-03-28 15:53:59 +0000] [139] [INFO] Waiting for application startup.
[2026-03-28 15:53:59 +0000] [139] [INFO] Application startup complete.
[2026-03-28 15:53:59 +0000] [144] [INFO] Booting worker with pid: 144
[2026-03-28 15:53:59 +0000] [142] [INFO] Started server process [142]
[2026-03-28 15:53:59 +0000] [142] [INFO] Waiting for application startup.
[2026-03-28 15:53:59 +0000] [142] [INFO] Application startup complete.
[2026-03-28 15:53:59 +0000] [146] [INFO] Booting worker with pid: 146
[2026-03-28 15:53:59 +0000] [144] [INFO] Started server process [144]
[2026-03-28 15:53:59 +0000] [144] [INFO] Waiting for application startup.
[2026-03-28 15:53:59 +0000] [144] [INFO] Application startup complete.
[2026-03-28 15:53:59 +0000] [148] [INFO] Booting worker with pid: 148
[2026-03-28 15:53:59 +0000] [146] [INFO] Started server process [146]
[2026-03-28 15:53:59 +0000] [146] [INFO] Waiting for application startup.
[2026-03-28 15:53:59 +0000] [146] [INFO] Application startup complete.
[2026-03-28 15:53:59 +0000] [151] [INFO] Booting worker with pid: 151
[2026-03-28 15:53:59 +0000] [152] [INFO] Booting worker with pid: 152
[2026-03-28 15:53:59 +0000] [148] [INFO] Started server process [148]
[2026-03-28 15:53:59 +0000] [148] [INFO] Waiting for application startup.
[2026-03-28 15:53:59 +0000] [148] [INFO] Application startup complete.
[2026-03-28 15:53:59 +0000] [153] [INFO] Booting worker with pid: 153
[2026-03-28 15:53:59 +0000] [154] [INFO] Booting worker with pid: 154
[2026-03-28 15:53:59 +0000] [155] [INFO] Booting worker with pid: 155
[2026-03-28 15:53:59 +0000] [151] [INFO] Started server process [151]
[2026-03-28 15:53:59 +0000] [151] [INFO] Waiting for application startup.
[2026-03-28 15:53:59 +0000] [151] [INFO] Application startup complete.
[2026-03-28 15:53:59 +0000] [152] [INFO] Started server process [152]
[2026-03-28 15:53:59 +0000] [152] [INFO] Waiting for application startup.
[2026-03-28 15:53:59 +0000] [152] [INFO] Application startup complete.
[2026-03-28 15:53:59 +0000] [160] [INFO] Booting worker with pid: 160
[2026-03-28 15:53:59 +0000] [153] [INFO] Started server process [153]
[2026-03-28 15:53:59 +0000] [153] [INFO] Waiting for application startup.
[2026-03-28 15:53:59 +0000] [153] [INFO] Application startup complete.
[2026-03-28 15:53:59 +0000] [154] [INFO] Started server process [154]
[2026-03-28 15:53:59 +0000] [154] [INFO] Waiting for application startup.
[2026-03-28 15:53:59 +0000] [154] [INFO] Application startup complete.
[2026-03-28 15:53:59 +0000] [155] [INFO] Started server process [155]
[2026-03-28 15:53:59 +0000] [155] [INFO] Waiting for application startup.
[2026-03-28 15:53:59 +0000] [155] [INFO] Application startup complete.
[2026-03-28 15:53:59 +0000] [162] [INFO] Booting worker with pid: 162
[2026-03-28 15:53:59 +0000] [164] [INFO] Booting worker with pid: 164
[2026-03-28 15:53:59 +0000] [160] [INFO] Started server process [160]
[2026-03-28 15:53:59 +0000] [160] [INFO] Waiting for application startup.
[2026-03-28 15:53:59 +0000] [160] [INFO] Application startup complete.
[2026-03-28 15:53:59 +0000] [165] [INFO] Booting worker with pid: 165
[2026-03-28 15:53:59 +0000] [166] [INFO] Booting worker with pid: 166
[2026-03-28 15:53:59 +0000] [168] [INFO] Booting worker with pid: 168
[2026-03-28 15:53:59 +0000] [162] [INFO] Started server process [162]
[2026-03-28 15:53:59 +0000] [162] [INFO] Waiting for application startup.
[2026-03-28 15:53:59 +0000] [162] [INFO] Application startup complete.
[2026-03-28 15:53:59 +0000] [164] [INFO] Started server process [164]
[2026-03-28 15:53:59 +0000] [164] [INFO] Waiting for application startup.
[2026-03-28 15:53:59 +0000] [164] [INFO] Application startup complete.
[2026-03-28 15:53:59 +0000] [170] [INFO] Booting worker with pid: 170
[2026-03-28 15:53:59 +0000] [166] [INFO] Started server process [166]
[2026-03-28 15:53:59 +0000] [166] [INFO] Waiting for application startup.
[2026-03-28 15:53:59 +0000] [166] [INFO] Application startup complete.
[2026-03-28 15:53:59 +0000] [165] [INFO] Started server process [165]
[2026-03-28 15:53:59 +0000] [165] [INFO] Waiting for application startup.
[2026-03-28 15:53:59 +0000] [165] [INFO] Application startup complete.
[2026-03-28 15:53:59 +0000] [168] [INFO] Started server process [168]
[2026-03-28 15:53:59 +0000] [168] [INFO] Waiting for application startup.
[2026-03-28 15:53:59 +0000] [168] [INFO] Application startup complete.
[2026-03-28 15:53:59 +0000] [174] [INFO] Booting worker with pid: 174
[2026-03-28 15:53:59 +0000] [170] [INFO] Started server process [170]
[2026-03-28 15:53:59 +0000] [170] [INFO] Waiting for application startup.
[2026-03-28 15:53:59 +0000] [170] [INFO] Application startup complete.
[2026-03-28 15:53:59 +0000] [176] [INFO] Booting worker with pid: 176
[2026-03-28 15:54:00 +0000] [174] [INFO] Started server process [174]
[2026-03-28 15:54:00 +0000] [174] [INFO] Waiting for application startup.
[2026-03-28 15:54:00 +0000] [174] [INFO] Application startup complete.
[2026-03-28 15:54:00 +0000] [178] [INFO] Booting worker with pid: 178
[2026-03-28 15:54:00 +0000] [180] [INFO] Booting worker with pid: 180
[2026-03-28 15:54:00 +0000] [176] [INFO] Started server process [176]
[2026-03-28 15:54:00 +0000] [176] [INFO] Waiting for application startup.
[2026-03-28 15:54:00 +0000] [176] [INFO] Application startup complete.
[2026-03-28 15:54:00 +0000] [181] [INFO] Booting worker with pid: 181
[2026-03-28 15:54:00 +0000] [183] [INFO] Booting worker with pid: 183
[2026-03-28 15:54:00 +0000] [178] [INFO] Started server process [178]
[2026-03-28 15:54:00 +0000] [178] [INFO] Waiting for application startup.
[2026-03-28 15:54:00 +0000] [178] [INFO] Application startup complete.
[2026-03-28 15:54:00 +0000] [180] [INFO] Started server process [180]
[2026-03-28 15:54:00 +0000] [180] [INFO] Waiting for application startup.
[2026-03-28 15:54:00 +0000] [180] [INFO] Application startup complete.
[2026-03-28 15:54:00 +0000] [181] [INFO] Started server process [181]
[2026-03-28 15:54:00 +0000] [181] [INFO] Waiting for application startup.
[2026-03-28 15:54:00 +0000] [181] [INFO] Application startup complete.
[2026-03-28 15:54:00 +0000] [186] [INFO] Booting worker with pid: 186
[2026-03-28 15:54:00 +0000] [183] [INFO] Started server process [183]
[2026-03-28 15:54:00 +0000] [183] [INFO] Waiting for application startup.
[2026-03-28 15:54:00 +0000] [183] [INFO] Application startup complete.
[2026-03-28 15:54:00 +0000] [188] [INFO] Booting worker with pid: 188
[2026-03-28 15:54:00 +0000] [186] [INFO] Started server process [186]
[2026-03-28 15:54:00 +0000] [186] [INFO] Waiting for application startup.
[2026-03-28 15:54:00 +0000] [186] [INFO] Application startup complete.
[2026-03-28 15:54:00 +0000] [190] [INFO] Booting worker with pid: 190
[2026-03-28 15:54:00 +0000] [188] [INFO] Started server process [188]
[2026-03-28 15:54:00 +0000] [188] [INFO] Waiting for application startup.
[2026-03-28 15:54:00 +0000] [188] [INFO] Application startup complete.
[2026-03-28 15:54:00 +0000] [192] [INFO] Booting worker with pid: 192
[2026-03-28 15:54:00 +0000] [193] [INFO] Booting worker with pid: 193
[2026-03-28 15:54:00 +0000] [194] [INFO] Booting worker with pid: 194
[2026-03-28 15:54:00 +0000] [196] [INFO] Booting worker with pid: 196
[2026-03-28 15:54:00 +0000] [190] [INFO] Started server process [190]
[2026-03-28 15:54:00 +0000] [190] [INFO] Waiting for application startup.
[2026-03-28 15:54:00 +0000] [190] [INFO] Application startup complete.
[2026-03-28 15:54:00 +0000] [192] [INFO] Started server process [192]
[2026-03-28 15:54:00 +0000] [192] [INFO] Waiting for application startup.
[2026-03-28 15:54:00 +0000] [192] [INFO] Application startup complete.
[2026-03-28 15:54:00 +0000] [200] [INFO] Booting worker with pid: 200
[2026-03-28 15:54:00 +0000] [193] [INFO] Started server process [193]
[2026-03-28 15:54:00 +0000] [193] [INFO] Waiting for application startup.
[2026-03-28 15:54:00 +0000] [193] [INFO] Application startup complete.
[2026-03-28 15:54:00 +0000] [201] [INFO] Booting worker with pid: 201
[2026-03-28 15:54:00 +0000] [194] [INFO] Started server process [194]
[2026-03-28 15:54:00 +0000] [194] [INFO] Waiting for application startup.
[2026-03-28 15:54:00 +0000] [194] [INFO] Application startup complete.
[2026-03-28 15:54:00 +0000] [202] [INFO] Booting worker with pid: 202
[2026-03-28 15:54:00 +0000] [204] [INFO] Booting worker with pid: 204
[2026-03-28 15:54:00 +0000] [196] [INFO] Started server process [196]
[2026-03-28 15:54:00 +0000] [196] [INFO] Waiting for application startup.
[2026-03-28 15:54:00 +0000] [196] [INFO] Application startup complete.
[2026-03-28 15:54:00 +0000] [201] [INFO] Started server process [201]
[2026-03-28 15:54:00 +0000] [201] [INFO] Waiting for application startup.
[2026-03-28 15:54:00 +0000] [201] [INFO] Application startup complete.
[2026-03-28 15:54:00 +0000] [200] [INFO] Started server process [200]
[2026-03-28 15:54:00 +0000] [200] [INFO] Waiting for application startup.
[2026-03-28 15:54:00 +0000] [200] [INFO] Application startup complete.
[2026-03-28 15:54:00 +0000] [208] [INFO] Booting worker with pid: 208
[2026-03-28 15:54:00 +0000] [202] [INFO] Started server process [202]
[2026-03-28 15:54:00 +0000] [202] [INFO] Waiting for application startup.
[2026-03-28 15:54:00 +0000] [202] [INFO] Application startup complete.
[2026-03-28 15:54:00 +0000] [204] [INFO] Started server process [204]
[2026-03-28 15:54:00 +0000] [204] [INFO] Waiting for application startup.
[2026-03-28 15:54:00 +0000] [204] [INFO] Application startup complete.
[2026-03-28 15:54:00 +0000] [210] [INFO] Booting worker with pid: 210
[2026-03-28 15:54:00 +0000] [211] [INFO] Booting worker with pid: 211
[2026-03-28 15:54:00 +0000] [212] [INFO] Booting worker with pid: 212
[2026-03-28 15:54:00 +0000] [208] [INFO] Started server process [208]
[2026-03-28 15:54:00 +0000] [208] [INFO] Waiting for application startup.
[2026-03-28 15:54:00 +0000] [208] [INFO] Application startup complete.
[2026-03-28 15:54:00 +0000] [214] [INFO] Booting worker with pid: 214
[2026-03-28 15:54:00 +0000] [210] [INFO] Started server process [210]
[2026-03-28 15:54:00 +0000] [210] [INFO] Waiting for application startup.
[2026-03-28 15:54:00 +0000] [210] [INFO] Application startup complete.
[2026-03-28 15:54:00 +0000] [211] [INFO] Started server process [211]
[2026-03-28 15:54:00 +0000] [211] [INFO] Waiting for application startup.
[2026-03-28 15:54:00 +0000] [211] [INFO] Application startup complete.
[2026-03-28 15:54:00 +0000] [218] [INFO] Booting worker with pid: 218
[2026-03-28 15:54:00 +0000] [212] [INFO] Started server process [212]
[2026-03-28 15:54:00 +0000] [212] [INFO] Waiting for application startup.
[2026-03-28 15:54:00 +0000] [212] [INFO] Application startup complete.
[2026-03-28 15:54:00 +0000] [214] [INFO] Started server process [214]
[2026-03-28 15:54:00 +0000] [214] [INFO] Waiting for application startup.
[2026-03-28 15:54:00 +0000] [214] [INFO] Application startup complete.
[2026-03-28 15:54:00 +0000] [220] [INFO] Booting worker with pid: 220
[2026-03-28 15:54:00 +0000] [222] [INFO] Booting worker with pid: 222
[2026-03-28 15:54:00 +0000] [218] [INFO] Started server process [218]
[2026-03-28 15:54:00 +0000] [218] [INFO] Waiting for application startup.
[2026-03-28 15:54:00 +0000] [218] [INFO] Application startup complete.
[2026-03-28 15:54:01 +0000] [220] [INFO] Started server process [220]
[2026-03-28 15:54:01 +0000] [220] [INFO] Waiting for application startup.
[2026-03-28 15:54:01 +0000] [220] [INFO] Application startup complete.
[2026-03-28 15:54:01 +0000] [225] [INFO] Booting worker with pid: 225
[2026-03-28 15:54:01 +0000] [222] [INFO] Started server process [222]
[2026-03-28 15:54:01 +0000] [222] [INFO] Waiting for application startup.
[2026-03-28 15:54:01 +0000] [222] [INFO] Application startup complete.
[2026-03-28 15:54:01 +0000] [226] [INFO] Booting worker with pid: 226
[2026-03-28 15:54:01 +0000] [227] [INFO] Booting worker with pid: 227
[2026-03-28 15:54:01 +0000] [229] [INFO] Booting worker with pid: 229
[2026-03-28 15:54:01 +0000] [225] [INFO] Started server process [225]
[2026-03-28 15:54:01 +0000] [225] [INFO] Waiting for application startup.
[2026-03-28 15:54:01 +0000] [225] [INFO] Application startup complete.
[2026-03-28 15:54:01 +0000] [231] [INFO] Booting worker with pid: 231
[2026-03-28 15:54:01 +0000] [226] [INFO] Started server process [226]
[2026-03-28 15:54:01 +0000] [226] [INFO] Waiting for application startup.
[2026-03-28 15:54:01 +0000] [226] [INFO] Application startup complete.
[2026-03-28 15:54:01 +0000] [227] [INFO] Started server process [227]
[2026-03-28 15:54:01 +0000] [227] [INFO] Waiting for application startup.
[2026-03-28 15:54:01 +0000] [227] [INFO] Application startup complete.
[2026-03-28 15:54:01 +0000] [234] [INFO] Booting worker with pid: 234
[2026-03-28 15:54:01 +0000] [229] [INFO] Started server process [229]
[2026-03-28 15:54:01 +0000] [229] [INFO] Waiting for application startup.
[2026-03-28 15:54:01 +0000] [229] [INFO] Application startup complete.
[2026-03-28 15:54:01 +0000] [231] [INFO] Started server process [231]
[2026-03-28 15:54:01 +0000] [231] [INFO] Waiting for application startup.
[2026-03-28 15:54:01 +0000] [231] [INFO] Application startup complete.
[2026-03-28 15:54:01 +0000] [237] [INFO] Booting worker with pid: 237
[2026-03-28 15:54:01 +0000] [234] [INFO] Started server process [234]
[2026-03-28 15:54:01 +0000] [234] [INFO] Waiting for application startup.
[2026-03-28 15:54:01 +0000] [234] [INFO] Application startup complete.
[2026-03-28 15:54:01 +0000] [238] [INFO] Booting worker with pid: 238
[2026-03-28 15:54:01 +0000] [239] [INFO] Booting worker with pid: 239
[2026-03-28 15:54:01 +0000] [237] [INFO] Started server process [237]
[2026-03-28 15:54:01 +0000] [237] [INFO] Waiting for application startup.
[2026-03-28 15:54:01 +0000] [237] [INFO] Application startup complete.
[2026-03-28 15:54:01 +0000] [241] [INFO] Booting worker with pid: 241
[2026-03-28 15:54:01 +0000] [243] [INFO] Booting worker with pid: 243
[2026-03-28 15:54:01 +0000] [238] [INFO] Started server process [238]
[2026-03-28 15:54:01 +0000] [238] [INFO] Waiting for application startup.
[2026-03-28 15:54:01 +0000] [238] [INFO] Application startup complete.
[2026-03-28 15:54:01 +0000] [239] [INFO] Started server process [239]
[2026-03-28 15:54:01 +0000] [239] [INFO] Waiting for application startup.
[2026-03-28 15:54:01 +0000] [239] [INFO] Application startup complete.
[2026-03-28 15:54:01 +0000] [246] [INFO] Booting worker with pid: 246
[2026-03-28 15:54:01 +0000] [241] [INFO] Started server process [241]
[2026-03-28 15:54:01 +0000] [241] [INFO] Waiting for application startup.
[2026-03-28 15:54:01 +0000] [241] [INFO] Application startup complete.
[2026-03-28 15:54:01 +0000] [243] [INFO] Started server process [243]
[2026-03-28 15:54:01 +0000] [243] [INFO] Waiting for application startup.
[2026-03-28 15:54:01 +0000] [243] [INFO] Application startup complete.
[2026-03-28 15:54:01 +0000] [248] [INFO] Booting worker with pid: 248
[2026-03-28 15:54:01 +0000] [249] [INFO] Booting worker with pid: 249
[2026-03-28 15:54:01 +0000] [246] [INFO] Started server process [246]
[2026-03-28 15:54:01 +0000] [246] [INFO] Waiting for application startup.
[2026-03-28 15:54:01 +0000] [246] [INFO] Application startup complete.
[2026-03-28 15:54:01 +0000] [253] [INFO] Booting worker with pid: 253
[2026-03-28 15:54:01 +0000] [248] [INFO] Started server process [248]
[2026-03-28 15:54:01 +0000] [248] [INFO] Waiting for application startup.
[2026-03-28 15:54:01 +0000] [248] [INFO] Application startup complete.
[2026-03-28 15:54:01 +0000] [249] [INFO] Started server process [249]
[2026-03-28 15:54:01 +0000] [249] [INFO] Waiting for application startup.
[2026-03-28 15:54:01 +0000] [249] [INFO] Application startup complete.
[2026-03-28 15:54:01 +0000] [254] [INFO] Booting worker with pid: 254
[2026-03-28 15:54:01 +0000] [253] [INFO] Started server process [253]
[2026-03-28 15:54:01 +0000] [253] [INFO] Waiting for application startup.
[2026-03-28 15:54:01 +0000] [253] [INFO] Application startup complete.
[2026-03-28 15:54:01 +0000] [256] [INFO] Booting worker with pid: 256
[2026-03-28 15:54:01 +0000] [254] [INFO] Started server process [254]
[2026-03-28 15:54:01 +0000] [254] [INFO] Waiting for application startup.
[2026-03-28 15:54:01 +0000] [254] [INFO] Application startup complete.
[2026-03-28 15:54:01 +0000] [258] [INFO] Booting worker with pid: 258
[2026-03-28 15:54:01 +0000] [256] [INFO] Started server process [256]
[2026-03-28 15:54:01 +0000] [256] [INFO] Waiting for application startup.
[2026-03-28 15:54:01 +0000] [256] [INFO] Application startup complete.
[2026-03-28 15:54:02 +0000] [258] [INFO] Started server process [258]
[2026-03-28 15:54:02 +0000] [258] [INFO] Waiting for application startup.
[2026-03-28 15:54:02 +0000] [258] [INFO] Application startup complete.
[2026-03-28 15:54:02 +0000] [261] [INFO] Booting worker with pid: 261
[2026-03-28 15:54:02 +0000] [262] [INFO] Booting worker with pid: 262
[2026-03-28 15:54:02 +0000] [261] [INFO] Started server process [261]
[2026-03-28 15:54:02 +0000] [261] [INFO] Waiting for application startup.
[2026-03-28 15:54:02 +0000] [261] [INFO] Application startup complete.
[2026-03-28 15:54:02 +0000] [264] [INFO] Booting worker with pid: 264
[2026-03-28 15:54:02 +0000] [262] [INFO] Started server process [262]
[2026-03-28 15:54:02 +0000] [262] [INFO] Waiting for application startup.
[2026-03-28 15:54:02 +0000] [262] [INFO] Application startup complete.
[2026-03-28 15:54:02 +0000] [267] [INFO] Booting worker with pid: 267
[2026-03-28 15:54:02 +0000] [264] [INFO] Started server process [264]
[2026-03-28 15:54:02 +0000] [264] [INFO] Waiting for application startup.
[2026-03-28 15:54:02 +0000] [264] [INFO] Application startup complete.
[2026-03-28 15:54:02 +0000] [269] [INFO] Booting worker with pid: 269
[2026-03-28 15:54:02 +0000] [267] [INFO] Started server process [267]
[2026-03-28 15:54:02 +0000] [267] [INFO] Waiting for application startup.
[2026-03-28 15:54:02 +0000] [267] [INFO] Application startup complete.
[2026-03-28 15:54:02 +0000] [270] [INFO] Booting worker with pid: 270
[2026-03-28 15:54:02 +0000] [271] [INFO] Booting worker with pid: 271
[2026-03-28 15:54:02 +0000] [269] [INFO] Started server process [269]
[2026-03-28 15:54:02 +0000] [269] [INFO] Waiting for application startup.
[2026-03-28 15:54:02 +0000] [269] [INFO] Application startup complete.
[2026-03-28 15:54:02 +0000] [273] [INFO] Booting worker with pid: 273
[2026-03-28 15:54:02 +0000] [270] [INFO] Started server process [270]
[2026-03-28 15:54:02 +0000] [270] [INFO] Waiting for application startup.
[2026-03-28 15:54:02 +0000] [270] [INFO] Application startup complete.
[2026-03-28 15:54:02 +0000] [275] [INFO] Booting worker with pid: 275
[2026-03-28 15:54:02 +0000] [271] [INFO] Started server process [271]
[2026-03-28 15:54:02 +0000] [271] [INFO] Waiting for application startup.
[2026-03-28 15:54:02 +0000] [271] [INFO] Application startup complete.
[2026-03-28 15:54:02 +0000] [277] [INFO] Booting worker with pid: 277
[2026-03-28 15:54:02 +0000] [279] [INFO] Booting worker with pid: 279
[2026-03-28 15:54:02 +0000] [273] [INFO] Started server process [273]
[2026-03-28 15:54:02 +0000] [280] [INFO] Booting worker with pid: 280
[2026-03-28 15:54:02 +0000] [273] [INFO] Waiting for application startup.
[2026-03-28 15:54:02 +0000] [273] [INFO] Application startup complete.
[2026-03-28 15:54:02 +0000] [275] [INFO] Started server process [275]
[2026-03-28 15:54:02 +0000] [275] [INFO] Waiting for application startup.
[2026-03-28 15:54:02 +0000] [275] [INFO] Application startup complete.
[2026-03-28 15:54:02 +0000] [283] [INFO] Booting worker with pid: 283
[2026-03-28 15:54:02 +0000] [277] [INFO] Started server process [277]
[2026-03-28 15:54:02 +0000] [277] [INFO] Waiting for application startup.
[2026-03-28 15:54:02 +0000] [277] [INFO] Application startup complete.
[2026-03-28 15:54:02 +0000] [286] [INFO] Booting worker with pid: 286
[2026-03-28 15:54:02 +0000] [279] [INFO] Started server process [279]
[2026-03-28 15:54:02 +0000] [279] [INFO] Waiting for application startup.
[2026-03-28 15:54:02 +0000] [279] [INFO] Application startup complete.
[2026-03-28 15:54:02 +0000] [280] [INFO] Started server process [280]
[2026-03-28 15:54:02 +0000] [280] [INFO] Waiting for application startup.
[2026-03-28 15:54:02 +0000] [280] [INFO] Application startup complete.
[2026-03-28 15:54:02 +0000] [288] [INFO] Booting worker with pid: 288
[2026-03-28 15:54:02 +0000] [283] [INFO] Started server process [283]
[2026-03-28 15:54:02 +0000] [283] [INFO] Waiting for application startup.
[2026-03-28 15:54:02 +0000] [283] [INFO] Application startup complete.
[2026-03-28 15:54:02 +0000] [286] [INFO] Started server process [286]
[2026-03-28 15:54:02 +0000] [286] [INFO] Waiting for application startup.
[2026-03-28 15:54:02 +0000] [286] [INFO] Application startup complete.
[2026-03-28 15:54:02 +0000] [290] [INFO] Booting worker with pid: 290
[2026-03-28 15:54:02 +0000] [288] [INFO] Started server process [288]
[2026-03-28 15:54:02 +0000] [288] [INFO] Waiting for application startup.
[2026-03-28 15:54:02 +0000] [288] [INFO] Application startup complete.
[2026-03-28 15:54:02 +0000] [292] [INFO] Booting worker with pid: 292
[2026-03-28 15:54:02 +0000] [293] [INFO] Booting worker with pid: 293
[2026-03-28 15:54:02 +0000] [290] [INFO] Started server process [290]
[2026-03-28 15:54:02 +0000] [290] [INFO] Waiting for application startup.
[2026-03-28 15:54:02 +0000] [290] [INFO] Application startup complete.
[2026-03-28 15:54:02 +0000] [292] [INFO] Started server process [292]
[2026-03-28 15:54:02 +0000] [292] [INFO] Waiting for application startup.
[2026-03-28 15:54:02 +0000] [292] [INFO] Application startup complete.
[2026-03-28 15:54:02 +0000] [293] [INFO] Started server process [293]
[2026-03-28 15:54:02 +0000] [293] [INFO] Waiting for application startup.
[2026-03-28 15:54:02 +0000] [293] [INFO] Application startup complete.
[2026-03-28 15:54:02 +0000] [297] [INFO] Booting worker with pid: 297
[2026-03-28 15:54:02 +0000] [298] [INFO] Booting worker with pid: 298
[2026-03-28 15:54:02 +0000] [299] [INFO] Booting worker with pid: 299
[2026-03-28 15:54:02 +0000] [300] [INFO] Booting worker with pid: 300
[2026-03-28 15:54:02 +0000] [302] [INFO] Booting worker with pid: 302
[2026-03-28 15:54:02 +0000] [297] [INFO] Started server process [297]
[2026-03-28 15:54:02 +0000] [297] [INFO] Waiting for application startup.
[2026-03-28 15:54:02 +0000] [297] [INFO] Application startup complete.
[2026-03-28 15:54:02 +0000] [304] [INFO] Booting worker with pid: 304
[2026-03-28 15:54:02 +0000] [298] [INFO] Started server process [298]
[2026-03-28 15:54:02 +0000] [298] [INFO] Waiting for application startup.
[2026-03-28 15:54:02 +0000] [298] [INFO] Application startup complete.
[2026-03-28 15:54:02 +0000] [299] [INFO] Started server process [299]
[2026-03-28 15:54:02 +0000] [299] [INFO] Waiting for application startup.
[2026-03-28 15:54:02 +0000] [299] [INFO] Application startup complete.
[2026-03-28 15:54:02 +0000] [307] [INFO] Booting worker with pid: 307
[2026-03-28 15:54:02 +0000] [300] [INFO] Started server process [300]
[2026-03-28 15:54:02 +0000] [300] [INFO] Waiting for application startup.
[2026-03-28 15:54:02 +0000] [300] [INFO] Application startup complete.
[2026-03-28 15:54:02 +0000] [302] [INFO] Started server process [302]
[2026-03-28 15:54:02 +0000] [302] [INFO] Waiting for application startup.
[2026-03-28 15:54:02 +0000] [302] [INFO] Application startup complete.
[2026-03-28 15:54:03 +0000] [310] [INFO] Booting worker with pid: 310
[2026-03-28 15:54:03 +0000] [304] [INFO] Started server process [304]
[2026-03-28 15:54:03 +0000] [304] [INFO] Waiting for application startup.
[2026-03-28 15:54:03 +0000] [304] [INFO] Application startup complete.
[2026-03-28 15:54:03 +0000] [307] [INFO] Started server process [307]
[2026-03-28 15:54:03 +0000] [307] [INFO] Waiting for application startup.
[2026-03-28 15:54:03 +0000] [307] [INFO] Application startup complete.
[2026-03-28 15:54:03 +0000] [313] [INFO] Booting worker with pid: 313
[2026-03-28 15:54:03 +0000] [310] [INFO] Started server process [310]
[2026-03-28 15:54:03 +0000] [310] [INFO] Waiting for application startup.
[2026-03-28 15:54:03 +0000] [310] [INFO] Application startup complete.
[2026-03-28 15:54:03 +0000] [314] [INFO] Booting worker with pid: 314
[2026-03-28 15:54:03 +0000] [316] [INFO] Booting worker with pid: 316
[2026-03-28 15:54:03 +0000] [313] [INFO] Started server process [313]
[2026-03-28 15:54:03 +0000] [313] [INFO] Waiting for application startup.
[2026-03-28 15:54:03 +0000] [313] [INFO] Application startup complete.
[2026-03-28 15:54:03 +0000] [314] [INFO] Started server process [314]
[2026-03-28 15:54:03 +0000] [314] [INFO] Waiting for application startup.
[2026-03-28 15:54:03 +0000] [314] [INFO] Application startup complete.
[2026-03-28 15:54:03 +0000] [319] [INFO] Booting worker with pid: 319
[2026-03-28 15:54:03 +0000] [316] [INFO] Started server process [316]
[2026-03-28 15:54:03 +0000] [316] [INFO] Waiting for application startup.
[2026-03-28 15:54:03 +0000] [316] [INFO] Application startup complete.
[2026-03-28 15:54:03 +0000] [320] [INFO] Booting worker with pid: 320
[2026-03-28 15:54:03 +0000] [321] [INFO] Booting worker with pid: 321
[2026-03-28 15:54:03 +0000] [319] [INFO] Started server process [319]
[2026-03-28 15:54:03 +0000] [319] [INFO] Waiting for application startup.
[2026-03-28 15:54:03 +0000] [319] [INFO] Application startup complete.
[2026-03-28 15:54:03 +0000] [320] [INFO] Started server process [320]
[2026-03-28 15:54:03 +0000] [320] [INFO] Waiting for application startup.
[2026-03-28 15:54:03 +0000] [320] [INFO] Application startup complete.
[2026-03-28 15:54:03 +0000] [324] [INFO] Booting worker with pid: 324
[2026-03-28 15:54:03 +0000] [326] [INFO] Booting worker with pid: 326
[2026-03-28 15:54:03 +0000] [321] [INFO] Started server process [321]
[2026-03-28 15:54:03 +0000] [321] [INFO] Waiting for application startup.
[2026-03-28 15:54:03 +0000] [321] [INFO] Application startup complete.
[2026-03-28 15:54:03 +0000] [327] [INFO] Booting worker with pid: 327
[2026-03-28 15:54:03 +0000] [328] [INFO] Booting worker with pid: 328
[2026-03-28 15:54:03 +0000] [324] [INFO] Started server process [324]
[2026-03-28 15:54:03 +0000] [324] [INFO] Waiting for application startup.
[2026-03-28 15:54:03 +0000] [324] [INFO] Application startup complete.
[2026-03-28 15:54:03 +0000] [326] [INFO] Started server process [326]
[2026-03-28 15:54:03 +0000] [326] [INFO] Waiting for application startup.
[2026-03-28 15:54:03 +0000] [326] [INFO] Application startup complete.
[2026-03-28 15:54:03 +0000] [327] [INFO] Started server process [327]
[2026-03-28 15:54:03 +0000] [327] [INFO] Waiting for application startup.
[2026-03-28 15:54:03 +0000] [327] [INFO] Application startup complete.
[2026-03-28 15:54:03 +0000] [332] [INFO] Booting worker with pid: 332
[2026-03-28 15:54:03 +0000] [328] [INFO] Started server process [328]
[2026-03-28 15:54:03 +0000] [328] [INFO] Waiting for application startup.
[2026-03-28 15:54:03 +0000] [328] [INFO] Application startup complete.
[2026-03-28 15:54:03 +0000] [334] [INFO] Booting worker with pid: 334
[2026-03-28 15:54:03 +0000] [332] [INFO] Started server process [332]
[2026-03-28 15:54:03 +0000] [332] [INFO] Waiting for application startup.
[2026-03-28 15:54:03 +0000] [332] [INFO] Application startup complete.
[2026-03-28 15:54:03 +0000] [336] [INFO] Booting worker with pid: 336
[2026-03-28 15:54:03 +0000] [334] [INFO] Started server process [334]
[2026-03-28 15:54:03 +0000] [334] [INFO] Waiting for application startup.
[2026-03-28 15:54:03 +0000] [334] [INFO] Application startup complete.
[2026-03-28 15:54:03 +0000] [338] [INFO] Booting worker with pid: 338
[2026-03-28 15:54:03 +0000] [340] [INFO] Booting worker with pid: 340
[2026-03-28 15:54:03 +0000] [336] [INFO] Started server process [336]
[2026-03-28 15:54:03 +0000] [336] [INFO] Waiting for application startup.
[2026-03-28 15:54:03 +0000] [336] [INFO] Application startup complete.
[2026-03-28 15:54:03 +0000] [338] [INFO] Started server process [338]
[2026-03-28 15:54:03 +0000] [338] [INFO] Waiting for application startup.
[2026-03-28 15:54:03 +0000] [338] [INFO] Application startup complete.
[2026-03-28 15:54:03 +0000] [343] [INFO] Booting worker with pid: 343
[2026-03-28 15:54:03 +0000] [340] [INFO] Started server process [340]
[2026-03-28 15:54:03 +0000] [340] [INFO] Waiting for application startup.
[2026-03-28 15:54:03 +0000] [340] [INFO] Application startup complete.
[2026-03-28 15:54:03 +0000] [345] [INFO] Booting worker with pid: 345
[2026-03-28 15:54:03 +0000] [343] [INFO] Started server process [343]
[2026-03-28 15:54:03 +0000] [343] [INFO] Waiting for application startup.
[2026-03-28 15:54:03 +0000] [343] [INFO] Application startup complete.
[2026-03-28 15:54:03 +0000] [346] [INFO] Booting worker with pid: 346
[2026-03-28 15:54:03 +0000] [348] [INFO] Booting worker with pid: 348
[2026-03-28 15:54:03 +0000] [345] [INFO] Started server process [345]
[2026-03-28 15:54:03 +0000] [345] [INFO] Waiting for application startup.
[2026-03-28 15:54:03 +0000] [345] [INFO] Application startup complete.
[2026-03-28 15:54:03 +0000] [346] [INFO] Started server process [346]
[2026-03-28 15:54:03 +0000] [346] [INFO] Waiting for application startup.
[2026-03-28 15:54:03 +0000] [346] [INFO] Application startup complete.
[2026-03-28 15:54:04 +0000] [351] [INFO] Booting worker with pid: 351
[2026-03-28 15:54:04 +0000] [348] [INFO] Started server process [348]
[2026-03-28 15:54:04 +0000] [348] [INFO] Waiting for application startup.
[2026-03-28 15:54:04 +0000] [348] [INFO] Application startup complete.
[2026-03-28 15:54:04 +0000] [352] [INFO] Booting worker with pid: 352
[2026-03-28 15:54:04 +0000] [351] [INFO] Started server process [351]
[2026-03-28 15:54:04 +0000] [351] [INFO] Waiting for application startup.
[2026-03-28 15:54:04 +0000] [351] [INFO] Application startup complete.
[2026-03-28 15:54:04 +0000] [355] [INFO] Booting worker with pid: 355
[2026-03-28 15:54:04 +0000] [352] [INFO] Started server process [352]
[2026-03-28 15:54:04 +0000] [352] [INFO] Waiting for application startup.
[2026-03-28 15:54:04 +0000] [352] [INFO] Application startup complete.
[2026-03-28 15:54:04 +0000] [355] [INFO] Started server process [355]
[2026-03-28 15:54:04 +0000] [355] [INFO] Waiting for application startup.
[2026-03-28 15:54:04 +0000] [355] [INFO] Application startup complete.
[2026-03-28 15:54:04 +0000] [357] [INFO] Booting worker with pid: 357
[2026-03-28 15:54:04 +0000] [358] [INFO] Booting worker with pid: 358
[2026-03-28 15:54:04 +0000] [359] [INFO] Booting worker with pid: 359
[2026-03-28 15:54:04 +0000] [357] [INFO] Started server process [357]
[2026-03-28 15:54:04 +0000] [357] [INFO] Waiting for application startup.
[2026-03-28 15:54:04 +0000] [357] [INFO] Application startup complete.
[2026-03-28 15:54:04 +0000] [361] [INFO] Booting worker with pid: 361
[2026-03-28 15:54:04 +0000] [363] [INFO] Booting worker with pid: 363
[2026-03-28 15:54:04 +0000] [358] [INFO] Started server process [358]
[2026-03-28 15:54:04 +0000] [358] [INFO] Waiting for application startup.
[2026-03-28 15:54:04 +0000] [358] [INFO] Application startup complete.
[2026-03-28 15:54:04 +0000] [364] [INFO] Booting worker with pid: 364
[2026-03-28 15:54:04 +0000] [366] [INFO] Booting worker with pid: 366
[2026-03-28 15:54:04 +0000] [361] [INFO] Started server process [361]
[2026-03-28 15:54:04 +0000] [361] [INFO] Waiting for application startup.
[2026-03-28 15:54:04 +0000] [361] [INFO] Application startup complete.
[2026-03-28 15:54:04 +0000] [368] [INFO] Booting worker with pid: 368
[2026-03-28 15:54:04 +0000] [364] [INFO] Started server process [364]
[2026-03-28 15:54:04 +0000] [364] [INFO] Waiting for application startup.
[2026-03-28 15:54:04 +0000] [364] [INFO] Application startup complete.
[2026-03-28 15:54:04 +0000] [370] [INFO] Booting worker with pid: 370
[2026-03-28 15:54:04 +0000] [363] [INFO] Started server process [363]
[2026-03-28 15:54:04 +0000] [363] [INFO] Waiting for application startup.
[2026-03-28 15:54:04 +0000] [363] [INFO] Application startup complete.
[2026-03-28 15:54:04 +0000] [372] [INFO] Booting worker with pid: 372
[2026-03-28 15:54:04 +0000] [359] [INFO] Started server process [359]
[2026-03-28 15:54:04 +0000] [359] [INFO] Waiting for application startup.
[2026-03-28 15:54:04 +0000] [359] [INFO] Application startup complete.
[2026-03-28 15:54:04 +0000] [366] [INFO] Started server process [366]
[2026-03-28 15:54:04 +0000] [366] [INFO] Waiting for application startup.
[2026-03-28 15:54:04 +0000] [366] [INFO] Application startup complete.
[2026-03-28 15:54:04 +0000] [374] [INFO] Booting worker with pid: 374
[2026-03-28 15:54:04 +0000] [375] [INFO] Booting worker with pid: 375
[2026-03-28 15:54:04 +0000] [376] [INFO] Booting worker with pid: 376
[2026-03-28 15:54:05 +0000] [378] [INFO] Booting worker with pid: 378
[2026-03-28 15:54:05 +0000] [370] [INFO] Started server process [370]
[2026-03-28 15:54:05 +0000] [370] [INFO] Waiting for application startup.
[2026-03-28 15:54:05 +0000] [370] [INFO] Application startup complete.
[2026-03-28 15:54:05 +0000] [380] [INFO] Booting worker with pid: 380
[2026-03-28 15:54:05 +0000] [372] [INFO] Started server process [372]
[2026-03-28 15:54:05 +0000] [372] [INFO] Waiting for application startup.
[2026-03-28 15:54:05 +0000] [372] [INFO] Application startup complete.
[2026-03-28 15:54:05 +0000] [382] [INFO] Booting worker with pid: 382
[2026-03-28 15:54:05 +0000] [368] [INFO] Started server process [368]
[2026-03-28 15:54:05 +0000] [368] [INFO] Waiting for application startup.
[2026-03-28 15:54:05 +0000] [368] [INFO] Application startup complete.
[2026-03-28 15:54:05 +0000] [375] [INFO] Started server process [375]
[2026-03-28 15:54:05 +0000] [375] [INFO] Waiting for application startup.
[2026-03-28 15:54:05 +0000] [375] [INFO] Application startup complete.
[2026-03-28 15:54:05 +0000] [374] [INFO] Started server process [374]
[2026-03-28 15:54:05 +0000] [374] [INFO] Waiting for application startup.
[2026-03-28 15:54:05 +0000] [374] [INFO] Application startup complete.
[2026-03-28 15:54:05 +0000] [378] [INFO] Started server process [378]
[2026-03-28 15:54:05 +0000] [378] [INFO] Waiting for application startup.
[2026-03-28 15:54:05 +0000] [378] [INFO] Application startup complete.
[2026-03-28 15:54:05 +0000] [386] [INFO] Booting worker with pid: 386
[2026-03-28 15:54:05 +0000] [376] [INFO] Started server process [376]
[2026-03-28 15:54:05 +0000] [376] [INFO] Waiting for application startup.
[2026-03-28 15:54:05 +0000] [376] [INFO] Application startup complete.
[2026-03-28 15:54:05 +0000] [390] [INFO] Booting worker with pid: 390
[2026-03-28 15:54:05 +0000] [380] [INFO] Started server process [380]
[2026-03-28 15:54:05 +0000] [380] [INFO] Waiting for application startup.
[2026-03-28 15:54:05 +0000] [380] [INFO] Application startup complete.
[2026-03-28 15:54:05 +0000] [382] [INFO] Started server process [382]
[2026-03-28 15:54:05 +0000] [382] [INFO] Waiting for application startup.
[2026-03-28 15:54:05 +0000] [382] [INFO] Application startup complete.
[2026-03-28 15:54:05 +0000] [391] [INFO] Booting worker with pid: 391
[2026-03-28 15:54:05 +0000] [386] [INFO] Started server process [386]
[2026-03-28 15:54:05 +0000] [386] [INFO] Waiting for application startup.
[2026-03-28 15:54:05 +0000] [386] [INFO] Application startup complete.
[2026-03-28 15:54:05 +0000] [393] [INFO] Booting worker with pid: 393
[2026-03-28 15:54:05 +0000] [390] [INFO] Started server process [390]
[2026-03-28 15:54:05 +0000] [390] [INFO] Waiting for application startup.
[2026-03-28 15:54:05 +0000] [390] [INFO] Application startup complete.
[2026-03-28 15:54:05 +0000] [395] [INFO] Booting worker with pid: 395
[2026-03-28 15:54:05 +0000] [391] [INFO] Started server process [391]
[2026-03-28 15:54:05 +0000] [391] [INFO] Waiting for application startup.
[2026-03-28 15:54:05 +0000] [391] [INFO] Application startup complete.
[2026-03-28 15:54:05 +0000] [397] [INFO] Booting worker with pid: 397
[2026-03-28 15:54:05 +0000] [393] [INFO] Started server process [393]
[2026-03-28 15:54:05 +0000] [393] [INFO] Waiting for application startup.
[2026-03-28 15:54:05 +0000] [393] [INFO] Application startup complete.
[2026-03-28 15:54:05 +0000] [400] [INFO] Booting worker with pid: 400
[2026-03-28 15:54:05 +0000] [395] [INFO] Started server process [395]
[2026-03-28 15:54:05 +0000] [395] [INFO] Waiting for application startup.
[2026-03-28 15:54:05 +0000] [395] [INFO] Application startup complete.
[2026-03-28 15:54:05 +0000] [401] [INFO] Booting worker with pid: 401
[2026-03-28 15:54:05 +0000] [397] [INFO] Started server process [397]
[2026-03-28 15:54:05 +0000] [397] [INFO] Waiting for application startup.
[2026-03-28 15:54:05 +0000] [397] [INFO] Application startup complete.
[2026-03-28 15:54:05 +0000] [403] [INFO] Booting worker with pid: 403
[2026-03-28 15:54:05 +0000] [404] [INFO] Booting worker with pid: 404
[2026-03-28 15:54:05 +0000] [405] [INFO] Booting worker with pid: 405
[2026-03-28 15:54:05 +0000] [401] [INFO] Started server process [401]
[2026-03-28 15:54:05 +0000] [401] [INFO] Waiting for application startup.
[2026-03-28 15:54:05 +0000] [401] [INFO] Application startup complete.
[2026-03-28 15:54:05 +0000] [408] [INFO] Booting worker with pid: 408
[2026-03-28 15:54:05 +0000] [409] [INFO] Booting worker with pid: 409
[2026-03-28 15:54:06 +0000] [400] [INFO] Started server process [400]
[2026-03-28 15:54:06 +0000] [400] [INFO] Waiting for application startup.
[2026-03-28 15:54:06 +0000] [400] [INFO] Application startup complete.
[2026-03-28 15:54:06 +0000] [411] [INFO] Booting worker with pid: 411
[2026-03-28 15:54:06 +0000] [403] [INFO] Started server process [403]
[2026-03-28 15:54:06 +0000] [403] [INFO] Waiting for application startup.
[2026-03-28 15:54:06 +0000] [403] [INFO] Application startup complete.
[2026-03-28 15:54:06 +0000] [413] [INFO] Booting worker with pid: 413
[2026-03-28 15:54:06 +0000] [405] [INFO] Started server process [405]
[2026-03-28 15:54:06 +0000] [405] [INFO] Waiting for application startup.
[2026-03-28 15:54:06 +0000] [405] [INFO] Application startup complete.
[2026-03-28 15:54:06 +0000] [416] [INFO] Booting worker with pid: 416
[2026-03-28 15:54:06 +0000] [409] [INFO] Started server process [409]
[2026-03-28 15:54:06 +0000] [409] [INFO] Waiting for application startup.
[2026-03-28 15:54:06 +0000] [409] [INFO] Application startup complete.
[2026-03-28 15:54:06 +0000] [408] [INFO] Started server process [408]
[2026-03-28 15:54:06 +0000] [408] [INFO] Waiting for application startup.
[2026-03-28 15:54:06 +0000] [408] [INFO] Application startup complete.
[2026-03-28 15:54:06 +0000] [419] [INFO] Booting worker with pid: 419
[2026-03-28 15:54:06 +0000] [411] [INFO] Started server process [411]
[2026-03-28 15:54:06 +0000] [411] [INFO] Waiting for application startup.
[2026-03-28 15:54:06 +0000] [411] [INFO] Application startup complete.
[2026-03-28 15:54:06 +0000] [404] [INFO] Started server process [404]
[2026-03-28 15:54:06 +0000] [404] [INFO] Waiting for application startup.
[2026-03-28 15:54:06 +0000] [404] [INFO] Application startup complete.
[2026-03-28 15:54:06 +0000] [413] [INFO] Started server process [413]
[2026-03-28 15:54:06 +0000] [413] [INFO] Waiting for application startup.
[2026-03-28 15:54:06 +0000] [413] [INFO] Application startup complete.
[2026-03-28 15:54:06 +0000] [421] [INFO] Booting worker with pid: 421
[2026-03-28 15:54:06 +0000] [423] [INFO] Booting worker with pid: 423
[2026-03-28 15:54:06 +0000] [416] [INFO] Started server process [416]
[2026-03-28 15:54:06 +0000] [416] [INFO] Waiting for application startup.
[2026-03-28 15:54:06 +0000] [416] [INFO] Application startup complete.
[2026-03-28 15:54:06 +0000] [419] [INFO] Started server process [419]
[2026-03-28 15:54:06 +0000] [419] [INFO] Waiting for application startup.
[2026-03-28 15:54:06 +0000] [419] [INFO] Application startup complete.
[2026-03-28 15:54:06 +0000] [425] [INFO] Booting worker with pid: 425
[2026-03-28 15:54:06 +0000] [426] [INFO] Booting worker with pid: 426
[2026-03-28 15:54:06 +0000] [428] [INFO] Booting worker with pid: 428
[2026-03-28 15:54:06 +0000] [423] [INFO] Started server process [423]
[2026-03-28 15:54:06 +0000] [423] [INFO] Waiting for application startup.
[2026-03-28 15:54:06 +0000] [423] [INFO] Application startup complete.
[2026-03-28 15:54:06 +0000] [421] [INFO] Started server process [421]
[2026-03-28 15:54:06 +0000] [421] [INFO] Waiting for application startup.
[2026-03-28 15:54:06 +0000] [421] [INFO] Application startup complete.
[2026-03-28 15:54:06 +0000] [430] [INFO] Booting worker with pid: 430
[2026-03-28 15:54:06 +0000] [431] [INFO] Booting worker with pid: 431
[2026-03-28 15:54:06 +0000] [435] [INFO] Booting worker with pid: 435
[2026-03-28 15:54:06 +0000] [428] [INFO] Started server process [428]
[2026-03-28 15:54:06 +0000] [428] [INFO] Waiting for application startup.
[2026-03-28 15:54:06 +0000] [428] [INFO] Application startup complete.
[2026-03-28 15:54:06 +0000] [426] [INFO] Started server process [426]
[2026-03-28 15:54:06 +0000] [426] [INFO] Waiting for application startup.
[2026-03-28 15:54:06 +0000] [426] [INFO] Application startup complete.
[2026-03-28 15:54:06 +0000] [425] [INFO] Started server process [425]
[2026-03-28 15:54:06 +0000] [425] [INFO] Waiting for application startup.
[2026-03-28 15:54:06 +0000] [425] [INFO] Application startup complete.
[2026-03-28 15:54:06 +0000] [437] [INFO] Booting worker with pid: 437
[2026-03-28 15:54:06 +0000] [430] [INFO] Started server process [430]
[2026-03-28 15:54:06 +0000] [430] [INFO] Waiting for application startup.
[2026-03-28 15:54:06 +0000] [430] [INFO] Application startup complete.
[2026-03-28 15:54:06 +0000] [439] [INFO] Booting worker with pid: 439
[2026-03-28 15:54:06 +0000] [435] [INFO] Started server process [435]
[2026-03-28 15:54:06 +0000] [435] [INFO] Waiting for application startup.
[2026-03-28 15:54:06 +0000] [435] [INFO] Application startup complete.
[2026-03-28 15:54:06 +0000] [441] [INFO] Booting worker with pid: 441
[2026-03-28 15:54:06 +0000] [431] [INFO] Started server process [431]
[2026-03-28 15:54:06 +0000] [431] [INFO] Waiting for application startup.
[2026-03-28 15:54:06 +0000] [431] [INFO] Application startup complete.
[2026-03-28 15:54:07 +0000] [437] [INFO] Started server process [437]
[2026-03-28 15:54:07 +0000] [437] [INFO] Waiting for application startup.
[2026-03-28 15:54:07 +0000] [437] [INFO] Application startup complete.
[2026-03-28 15:54:07 +0000] [443] [INFO] Booting worker with pid: 443
[2026-03-28 15:54:07 +0000] [444] [INFO] Booting worker with pid: 444
[2026-03-28 15:54:07 +0000] [445] [INFO] Booting worker with pid: 445
[2026-03-28 15:54:07 +0000] [446] [INFO] Booting worker with pid: 446
[2026-03-28 15:54:07 +0000] [448] [INFO] Booting worker with pid: 448
[2026-03-28 15:54:07 +0000] [443] [INFO] Started server process [443]
[2026-03-28 15:54:07 +0000] [443] [INFO] Waiting for application startup.
[2026-03-28 15:54:07 +0000] [443] [INFO] Application startup complete.
[2026-03-28 15:54:07 +0000] [439] [INFO] Started server process [439]
[2026-03-28 15:54:07 +0000] [439] [INFO] Waiting for application startup.
[2026-03-28 15:54:07 +0000] [439] [INFO] Application startup complete.
[2026-03-28 15:54:07 +0000] [452] [INFO] Booting worker with pid: 452
[2026-03-28 15:54:07 +0000] [441] [INFO] Started server process [441]
[2026-03-28 15:54:07 +0000] [441] [INFO] Waiting for application startup.
[2026-03-28 15:54:07 +0000] [441] [INFO] Application startup complete.
[2026-03-28 15:54:07 +0000] [455] [INFO] Booting worker with pid: 455
[2026-03-28 15:54:07 +0000] [446] [INFO] Started server process [446]
[2026-03-28 15:54:07 +0000] [446] [INFO] Waiting for application startup.
[2026-03-28 15:54:07 +0000] [446] [INFO] Application startup complete.
[2026-03-28 15:54:07 +0000] [444] [INFO] Started server process [444]
[2026-03-28 15:54:07 +0000] [444] [INFO] Waiting for application startup.
[2026-03-28 15:54:07 +0000] [444] [INFO] Application startup complete.
[2026-03-28 15:54:07 +0000] [445] [INFO] Started server process [445]
[2026-03-28 15:54:07 +0000] [445] [INFO] Waiting for application startup.
[2026-03-28 15:54:07 +0000] [445] [INFO] Application startup complete.
[2026-03-28 15:54:07 +0000] [448] [INFO] Started server process [448]
[2026-03-28 15:54:07 +0000] [448] [INFO] Waiting for application startup.
[2026-03-28 15:54:07 +0000] [448] [INFO] Application startup complete.
[2026-03-28 15:54:07 +0000] [457] [INFO] Booting worker with pid: 457
[2026-03-28 15:54:07 +0000] [458] [INFO] Booting worker with pid: 458
[2026-03-28 15:54:07 +0000] [459] [INFO] Booting worker with pid: 459
[2026-03-28 15:54:07 +0000] [455] [INFO] Started server process [455]
[2026-03-28 15:54:07 +0000] [455] [INFO] Waiting for application startup.
[2026-03-28 15:54:07 +0000] [455] [INFO] Application startup complete.
[2026-03-28 15:54:07 +0000] [462] [INFO] Booting worker with pid: 462
[2026-03-28 15:54:07 +0000] [452] [INFO] Started server process [452]
[2026-03-28 15:54:07 +0000] [452] [INFO] Waiting for application startup.
[2026-03-28 15:54:07 +0000] [452] [INFO] Application startup complete.
[2026-03-28 15:54:07 +0000] [457] [INFO] Started server process [457]
[2026-03-28 15:54:07 +0000] [457] [INFO] Waiting for application startup.
[2026-03-28 15:54:07 +0000] [457] [INFO] Application startup complete.
[2026-03-28 15:54:07 +0000] [464] [INFO] Booting worker with pid: 464
[2026-03-28 15:54:07 +0000] [458] [INFO] Started server process [458]
[2026-03-28 15:54:07 +0000] [458] [INFO] Waiting for application startup.
[2026-03-28 15:54:07 +0000] [458] [INFO] Application startup complete.
[2026-03-28 15:54:07 +0000] [467] [INFO] Booting worker with pid: 467
[2026-03-28 15:54:07 +0000] [459] [INFO] Started server process [459]
[2026-03-28 15:54:07 +0000] [459] [INFO] Waiting for application startup.
[2026-03-28 15:54:07 +0000] [459] [INFO] Application startup complete.
[2026-03-28 15:54:07 +0000] [468] [INFO] Booting worker with pid: 468
[2026-03-28 15:54:07 +0000] [464] [INFO] Started server process [464]
[2026-03-28 15:54:07 +0000] [464] [INFO] Waiting for application startup.
[2026-03-28 15:54:07 +0000] [464] [INFO] Application startup complete.
[2026-03-28 15:54:07 +0000] [470] [INFO] Booting worker with pid: 470
[2026-03-28 15:54:07 +0000] [471] [INFO] Booting worker with pid: 471
[2026-03-28 15:54:07 +0000] [468] [INFO] Started server process [468]
[2026-03-28 15:54:07 +0000] [468] [INFO] Waiting for application startup.
[2026-03-28 15:54:07 +0000] [468] [INFO] Application startup complete.
[2026-03-28 15:54:07 +0000] [474] [INFO] Booting worker with pid: 474
[2026-03-28 15:54:07 +0000] [476] [INFO] Booting worker with pid: 476
[2026-03-28 15:54:07 +0000] [462] [INFO] Started server process [462]
[2026-03-28 15:54:07 +0000] [462] [INFO] Waiting for application startup.
[2026-03-28 15:54:07 +0000] [462] [INFO] Application startup complete.
[2026-03-28 15:54:08 +0000] [467] [INFO] Started server process [467]
[2026-03-28 15:54:08 +0000] [467] [INFO] Waiting for application startup.
[2026-03-28 15:54:08 +0000] [467] [INFO] Application startup complete.
[2026-03-28 15:54:08 +0000] [477] [INFO] Booting worker with pid: 477
[2026-03-28 15:54:08 +0000] [479] [INFO] Booting worker with pid: 479
[2026-03-28 15:54:08 +0000] [470] [INFO] Started server process [470]
[2026-03-28 15:54:08 +0000] [470] [INFO] Waiting for application startup.
[2026-03-28 15:54:08 +0000] [470] [INFO] Application startup complete.
[2026-03-28 15:54:08 +0000] [483] [INFO] Booting worker with pid: 483
[2026-03-28 15:54:08 +0000] [474] [INFO] Started server process [474]
[2026-03-28 15:54:08 +0000] [474] [INFO] Waiting for application startup.
[2026-03-28 15:54:08 +0000] [474] [INFO] Application startup complete.
[2026-03-28 15:54:08 +0000] [484] [INFO] Booting worker with pid: 484
[2026-03-28 15:54:08 +0000] [476] [INFO] Started server process [476]
[2026-03-28 15:54:08 +0000] [476] [INFO] Waiting for application startup.
[2026-03-28 15:54:08 +0000] [476] [INFO] Application startup complete.
[2026-03-28 15:54:08 +0000] [471] [INFO] Started server process [471]
[2026-03-28 15:54:08 +0000] [471] [INFO] Waiting for application startup.
[2026-03-28 15:54:08 +0000] [471] [INFO] Application startup complete.
[2026-03-28 15:54:08 +0000] [477] [INFO] Started server process [477]
[2026-03-28 15:54:08 +0000] [477] [INFO] Waiting for application startup.
[2026-03-28 15:54:08 +0000] [477] [INFO] Application startup complete.
[2026-03-28 15:54:08 +0000] [486] [INFO] Booting worker with pid: 486
[2026-03-28 15:54:08 +0000] [487] [INFO] Booting worker with pid: 487
[2026-03-28 15:54:08 +0000] [488] [INFO] Booting worker with pid: 488
[2026-03-28 15:54:08 +0000] [483] [INFO] Started server process [483]
[2026-03-28 15:54:08 +0000] [483] [INFO] Waiting for application startup.
[2026-03-28 15:54:08 +0000] [483] [INFO] Application startup complete.
[2026-03-28 15:54:08 +0000] [484] [INFO] Started server process [484]
[2026-03-28 15:54:08 +0000] [484] [INFO] Waiting for application startup.
[2026-03-28 15:54:08 +0000] [484] [INFO] Application startup complete.
[2026-03-28 15:54:08 +0000] [479] [INFO] Started server process [479]
[2026-03-28 15:54:08 +0000] [479] [INFO] Waiting for application startup.
[2026-03-28 15:54:08 +0000] [479] [INFO] Application startup complete.
[2026-03-28 15:54:08 +0000] [492] [INFO] Booting worker with pid: 492
[2026-03-28 15:54:08 +0000] [495] [INFO] Booting worker with pid: 495
[2026-03-28 15:54:08 +0000] [486] [INFO] Started server process [486]
[2026-03-28 15:54:08 +0000] [486] [INFO] Waiting for application startup.
[2026-03-28 15:54:08 +0000] [486] [INFO] Application startup complete.
[2026-03-28 15:54:08 +0000] [487] [INFO] Started server process [487]
[2026-03-28 15:54:08 +0000] [487] [INFO] Waiting for application startup.
[2026-03-28 15:54:08 +0000] [487] [INFO] Application startup complete.
[2026-03-28 15:54:08 +0000] [496] [INFO] Booting worker with pid: 496
[2026-03-28 15:54:08 +0000] [488] [INFO] Started server process [488]
[2026-03-28 15:54:08 +0000] [488] [INFO] Waiting for application startup.
[2026-03-28 15:54:08 +0000] [488] [INFO] Application startup complete.
[2026-03-28 15:54:08 +0000] [498] [INFO] Booting worker with pid: 498
[2026-03-28 15:54:08 +0000] [500] [INFO] Booting worker with pid: 500
[2026-03-28 15:54:08 +0000] [501] [INFO] Booting worker with pid: 501
[2026-03-28 15:54:08 +0000] [492] [INFO] Started server process [492]
[2026-03-28 15:54:08 +0000] [492] [INFO] Waiting for application startup.
[2026-03-28 15:54:08 +0000] [492] [INFO] Application startup complete.
[2026-03-28 15:54:08 +0000] [495] [INFO] Started server process [495]
[2026-03-28 15:54:08 +0000] [495] [INFO] Waiting for application startup.
[2026-03-28 15:54:08 +0000] [495] [INFO] Application startup complete.
[2026-03-28 15:54:08 +0000] [504] [INFO] Booting worker with pid: 504
[2026-03-28 15:54:08 +0000] [505] [INFO] Booting worker with pid: 505
[2026-03-28 15:54:08 +0000] [496] [INFO] Started server process [496]
[2026-03-28 15:54:08 +0000] [496] [INFO] Waiting for application startup.
[2026-03-28 15:54:08 +0000] [496] [INFO] Application startup complete.
[2026-03-28 15:54:08 +0000] [507] [INFO] Booting worker with pid: 507
[2026-03-28 15:54:08 +0000] [508] [INFO] Booting worker with pid: 508
[2026-03-28 15:54:09 +0000] [498] [INFO] Started server process [498]
[2026-03-28 15:54:09 +0000] [498] [INFO] Waiting for application startup.
[2026-03-28 15:54:09 +0000] [498] [INFO] Application startup complete.
[2026-03-28 15:54:09 +0000] [500] [INFO] Started server process [500]
[2026-03-28 15:54:09 +0000] [500] [INFO] Waiting for application startup.
[2026-03-28 15:54:09 +0000] [500] [INFO] Application startup complete.
[2026-03-28 15:54:09 +0000] [511] [INFO] Booting worker with pid: 511
[2026-03-28 15:54:09 +0000] [501] [INFO] Started server process [501]
[2026-03-28 15:54:09 +0000] [501] [INFO] Waiting for application startup.
[2026-03-28 15:54:09 +0000] [501] [INFO] Application startup complete.
[2026-03-28 15:54:09 +0000] [504] [INFO] Started server process [504]
[2026-03-28 15:54:09 +0000] [504] [INFO] Waiting for application startup.
[2026-03-28 15:54:09 +0000] [504] [INFO] Application startup complete.
[2026-03-28 15:54:09 +0000] [515] [INFO] Booting worker with pid: 515
[2026-03-28 15:54:09 +0000] [505] [INFO] Started server process [505]
[2026-03-28 15:54:09 +0000] [505] [INFO] Waiting for application startup.
[2026-03-28 15:54:09 +0000] [505] [INFO] Application startup complete.
[2026-03-28 15:54:09 +0000] [507] [INFO] Started server process [507]
[2026-03-28 15:54:09 +0000] [507] [INFO] Waiting for application startup.
[2026-03-28 15:54:09 +0000] [507] [INFO] Application startup complete.
[2026-03-28 15:54:09 +0000] [508] [INFO] Started server process [508]
[2026-03-28 15:54:09 +0000] [508] [INFO] Waiting for application startup.
[2026-03-28 15:54:09 +0000] [508] [INFO] Application startup complete.
[2026-03-28 15:54:09 +0000] [511] [INFO] Started server process [511]
[2026-03-28 15:54:09 +0000] [511] [INFO] Waiting for application startup.
[2026-03-28 15:54:09 +0000] [511] [INFO] Application startup complete.
[2026-03-28 15:54:09 +0000] [515] [INFO] Started server process [515]
[2026-03-28 15:54:09 +0000] [515] [INFO] Waiting for application startup.
[2026-03-28 15:54:09 +0000] [515] [INFO] Application startup complete.
