[2026-04-03 23:11:47 +0000] [1] [INFO] Starting gunicorn 23.0.0
[2026-04-03 23:11:47 +0000] [1] [INFO] Listening at: http://0.0.0.0:8080 (1)
[2026-04-03 23:11:47 +0000] [1] [INFO] Using worker: uvicorn.workers.UvicornWorker
[2026-04-03 23:11:47 +0000] [7] [INFO] Booting worker with pid: 7
[2026-04-03 23:11:47 +0000] [8] [INFO] Booting worker with pid: 8
[2026-04-03 23:11:47 +0000] [9] [INFO] Booting worker with pid: 9
[2026-04-03 23:11:47 +0000] [10] [INFO] Booting worker with pid: 10
[2026-04-03 23:11:47 +0000] [11] [INFO] Booting worker with pid: 11
[2026-04-03 23:11:47 +0000] [12] [INFO] Booting worker with pid: 12
[2026-04-03 23:11:47 +0000] [7] [INFO] Started server process [7]
[2026-04-03 23:11:47 +0000] [7] [INFO] Waiting for application startup.
[2026-04-03 23:11:47 +0000] [7] [INFO] Application startup complete.
[2026-04-03 23:11:47 +0000] [14] [INFO] Booting worker with pid: 14
[2026-04-03 23:11:47 +0000] [8] [INFO] Started server process [8]
[2026-04-03 23:11:47 +0000] [8] [INFO] Waiting for application startup.
[2026-04-03 23:11:47 +0000] [8] [INFO] Application startup complete.
[2026-04-03 23:11:47 +0000] [9] [INFO] Started server process [9]
[2026-04-03 23:11:47 +0000] [9] [INFO] Waiting for application startup.
[2026-04-03 23:11:47 +0000] [9] [INFO] Application startup complete.
[2026-04-03 23:11:47 +0000] [17] [INFO] Booting worker with pid: 17
[2026-04-03 23:11:47 +0000] [10] [INFO] Started server process [10]
[2026-04-03 23:11:47 +0000] [10] [INFO] Waiting for application startup.
[2026-04-03 23:11:47 +0000] [10] [INFO] Application startup complete.
[2026-04-03 23:11:47 +0000] [19] [INFO] Booting worker with pid: 19
[2026-04-03 23:11:47 +0000] [21] [INFO] Booting worker with pid: 21
[2026-04-03 23:11:47 +0000] [11] [INFO] Started server process [11]
[2026-04-03 23:11:47 +0000] [11] [INFO] Waiting for application startup.
[2026-04-03 23:11:47 +0000] [11] [INFO] Application startup complete.
[2026-04-03 23:11:47 +0000] [22] [INFO] Booting worker with pid: 22
[2026-04-03 23:11:47 +0000] [23] [INFO] Booting worker with pid: 23
[2026-04-03 23:11:47 +0000] [12] [INFO] Started server process [12]
[2026-04-03 23:11:47 +0000] [12] [INFO] Waiting for application startup.
[2026-04-03 23:11:47 +0000] [12] [INFO] Application startup complete.
[2026-04-03 23:11:47 +0000] [25] [INFO] Booting worker with pid: 25
[2026-04-03 23:11:47 +0000] [14] [INFO] Started server process [14]
[2026-04-03 23:11:47 +0000] [14] [INFO] Waiting for application startup.
[2026-04-03 23:11:47 +0000] [14] [INFO] Application startup complete.
[2026-04-03 23:11:48 +0000] [28] [INFO] Booting worker with pid: 28
[2026-04-03 23:11:48 +0000] [17] [INFO] Started server process [17]
[2026-04-03 23:11:48 +0000] [17] [INFO] Waiting for application startup.
[2026-04-03 23:11:48 +0000] [17] [INFO] Application startup complete.
[2026-04-03 23:11:48 +0000] [19] [INFO] Started server process [19]
[2026-04-03 23:11:48 +0000] [19] [INFO] Waiting for application startup.
[2026-04-03 23:11:48 +0000] [19] [INFO] Application startup complete.
[2026-04-03 23:11:48 +0000] [31] [INFO] Booting worker with pid: 31
[2026-04-03 23:11:48 +0000] [21] [INFO] Started server process [21]
[2026-04-03 23:11:48 +0000] [21] [INFO] Waiting for application startup.
[2026-04-03 23:11:48 +0000] [21] [INFO] Application startup complete.
[2026-04-03 23:11:48 +0000] [32] [INFO] Booting worker with pid: 32
[2026-04-03 23:11:48 +0000] [33] [INFO] Booting worker with pid: 33
[2026-04-03 23:11:48 +0000] [22] [INFO] Started server process [22]
[2026-04-03 23:11:48 +0000] [22] [INFO] Waiting for application startup.
[2026-04-03 23:11:48 +0000] [22] [INFO] Application startup complete.
[2026-04-03 23:11:48 +0000] [23] [INFO] Started server process [23]
[2026-04-03 23:11:48 +0000] [23] [INFO] Waiting for application startup.
[2026-04-03 23:11:48 +0000] [23] [INFO] Application startup complete.
[2026-04-03 23:11:48 +0000] [36] [INFO] Booting worker with pid: 36
[2026-04-03 23:11:48 +0000] [25] [INFO] Started server process [25]
[2026-04-03 23:11:48 +0000] [25] [INFO] Waiting for application startup.
[2026-04-03 23:11:48 +0000] [25] [INFO] Application startup complete.
[2026-04-03 23:11:48 +0000] [39] [INFO] Booting worker with pid: 39
[2026-04-03 23:11:48 +0000] [28] [INFO] Started server process [28]
[2026-04-03 23:11:48 +0000] [28] [INFO] Waiting for application startup.
[2026-04-03 23:11:48 +0000] [28] [INFO] Application startup complete.
[2026-04-03 23:11:48 +0000] [40] [INFO] Booting worker with pid: 40
[2026-04-03 23:11:48 +0000] [43] [INFO] Booting worker with pid: 43
[2026-04-03 23:11:48 +0000] [32] [INFO] Started server process [32]
[2026-04-03 23:11:48 +0000] [32] [INFO] Waiting for application startup.
[2026-04-03 23:11:48 +0000] [32] [INFO] Application startup complete.
[2026-04-03 23:11:48 +0000] [31] [INFO] Started server process [31]
[2026-04-03 23:11:48 +0000] [31] [INFO] Waiting for application startup.
[2026-04-03 23:11:48 +0000] [31] [INFO] Application startup complete.
[2026-04-03 23:11:48 +0000] [33] [INFO] Started server process [33]
[2026-04-03 23:11:48 +0000] [33] [INFO] Waiting for application startup.
[2026-04-03 23:11:48 +0000] [33] [INFO] Application startup complete.
[2026-04-03 23:11:48 +0000] [36] [INFO] Started server process [36]
[2026-04-03 23:11:48 +0000] [36] [INFO] Waiting for application startup.
[2026-04-03 23:11:48 +0000] [36] [INFO] Application startup complete.
[2026-04-03 23:11:48 +0000] [46] [INFO] Booting worker with pid: 46
[2026-04-03 23:11:48 +0000] [48] [INFO] Booting worker with pid: 48
[2026-04-03 23:11:48 +0000] [49] [INFO] Booting worker with pid: 49
[2026-04-03 23:11:48 +0000] [39] [INFO] Started server process [39]
[2026-04-03 23:11:48 +0000] [39] [INFO] Waiting for application startup.
[2026-04-03 23:11:48 +0000] [39] [INFO] Application startup complete.
[2026-04-03 23:11:48 +0000] [40] [INFO] Started server process [40]
[2026-04-03 23:11:48 +0000] [40] [INFO] Waiting for application startup.
[2026-04-03 23:11:48 +0000] [40] [INFO] Application startup complete.
[2026-04-03 23:11:48 +0000] [51] [INFO] Booting worker with pid: 51
[2026-04-03 23:11:48 +0000] [53] [INFO] Booting worker with pid: 53
[2026-04-03 23:11:48 +0000] [43] [INFO] Started server process [43]
[2026-04-03 23:11:48 +0000] [43] [INFO] Waiting for application startup.
[2026-04-03 23:11:48 +0000] [43] [INFO] Application startup complete.
[2026-04-03 23:11:48 +0000] [54] [INFO] Booting worker with pid: 54
[2026-04-03 23:11:48 +0000] [55] [INFO] Booting worker with pid: 55
[2026-04-03 23:11:48 +0000] [57] [INFO] Booting worker with pid: 57
[2026-04-03 23:11:48 +0000] [46] [INFO] Started server process [46]
[2026-04-03 23:11:48 +0000] [46] [INFO] Waiting for application startup.
[2026-04-03 23:11:48 +0000] [46] [INFO] Application startup complete.
[2026-04-03 23:11:48 +0000] [58] [INFO] Booting worker with pid: 58
[2026-04-03 23:11:48 +0000] [48] [INFO] Started server process [48]
[2026-04-03 23:11:48 +0000] [48] [INFO] Waiting for application startup.
[2026-04-03 23:11:48 +0000] [48] [INFO] Application startup complete.
[2026-04-03 23:11:48 +0000] [61] [INFO] Booting worker with pid: 61
[2026-04-03 23:11:48 +0000] [49] [INFO] Started server process [49]
[2026-04-03 23:11:48 +0000] [49] [INFO] Waiting for application startup.
[2026-04-03 23:11:48 +0000] [49] [INFO] Application startup complete.
[2026-04-03 23:11:48 +0000] [62] [INFO] Booting worker with pid: 62
[2026-04-03 23:11:48 +0000] [65] [INFO] Booting worker with pid: 65
[2026-04-03 23:11:49 +0000] [53] [INFO] Started server process [53]
[2026-04-03 23:11:49 +0000] [53] [INFO] Waiting for application startup.
[2026-04-03 23:11:49 +0000] [53] [INFO] Application startup complete.
[2026-04-03 23:11:49 +0000] [66] [INFO] Booting worker with pid: 66
[2026-04-03 23:11:49 +0000] [51] [INFO] Started server process [51]
[2026-04-03 23:11:49 +0000] [51] [INFO] Waiting for application startup.
[2026-04-03 23:11:49 +0000] [51] [INFO] Application startup complete.
[2026-04-03 23:11:49 +0000] [54] [INFO] Started server process [54]
[2026-04-03 23:11:49 +0000] [54] [INFO] Waiting for application startup.
[2026-04-03 23:11:49 +0000] [54] [INFO] Application startup complete.
[2026-04-03 23:11:49 +0000] [68] [INFO] Booting worker with pid: 68
[2026-04-03 23:11:49 +0000] [55] [INFO] Started server process [55]
[2026-04-03 23:11:49 +0000] [55] [INFO] Waiting for application startup.
[2026-04-03 23:11:49 +0000] [55] [INFO] Application startup complete.
[2026-04-03 23:11:49 +0000] [57] [INFO] Started server process [57]
[2026-04-03 23:11:49 +0000] [57] [INFO] Waiting for application startup.
[2026-04-03 23:11:49 +0000] [57] [INFO] Application startup complete.
[2026-04-03 23:11:49 +0000] [71] [INFO] Booting worker with pid: 71
[2026-04-03 23:11:49 +0000] [58] [INFO] Started server process [58]
[2026-04-03 23:11:49 +0000] [58] [INFO] Waiting for application startup.
[2026-04-03 23:11:49 +0000] [58] [INFO] Application startup complete.
[2026-04-03 23:11:49 +0000] [61] [INFO] Started server process [61]
[2026-04-03 23:11:49 +0000] [61] [INFO] Waiting for application startup.
[2026-04-03 23:11:49 +0000] [61] [INFO] Application startup complete.
[2026-04-03 23:11:49 +0000] [74] [INFO] Booting worker with pid: 74
[2026-04-03 23:11:49 +0000] [62] [INFO] Started server process [62]
[2026-04-03 23:11:49 +0000] [62] [INFO] Waiting for application startup.
[2026-04-03 23:11:49 +0000] [62] [INFO] Application startup complete.
[2026-04-03 23:11:49 +0000] [65] [INFO] Started server process [65]
[2026-04-03 23:11:49 +0000] [65] [INFO] Waiting for application startup.
[2026-04-03 23:11:49 +0000] [65] [INFO] Application startup complete.
[2026-04-03 23:11:49 +0000] [78] [INFO] Booting worker with pid: 78
[2026-04-03 23:11:49 +0000] [66] [INFO] Started server process [66]
[2026-04-03 23:11:49 +0000] [66] [INFO] Waiting for application startup.
[2026-04-03 23:11:49 +0000] [66] [INFO] Application startup complete.
[2026-04-03 23:11:49 +0000] [68] [INFO] Started server process [68]
[2026-04-03 23:11:49 +0000] [68] [INFO] Waiting for application startup.
[2026-04-03 23:11:49 +0000] [68] [INFO] Application startup complete.
[2026-04-03 23:11:49 +0000] [80] [INFO] Booting worker with pid: 80
[2026-04-03 23:11:49 +0000] [71] [INFO] Started server process [71]
[2026-04-03 23:11:49 +0000] [71] [INFO] Waiting for application startup.
[2026-04-03 23:11:49 +0000] [71] [INFO] Application startup complete.
[2026-04-03 23:11:49 +0000] [82] [INFO] Booting worker with pid: 82
[2026-04-03 23:11:49 +0000] [83] [INFO] Booting worker with pid: 83
[2026-04-03 23:11:49 +0000] [74] [INFO] Started server process [74]
[2026-04-03 23:11:49 +0000] [74] [INFO] Waiting for application startup.
[2026-04-03 23:11:49 +0000] [74] [INFO] Application startup complete.
[2026-04-03 23:11:49 +0000] [85] [INFO] Booting worker with pid: 85
[2026-04-03 23:11:49 +0000] [78] [INFO] Started server process [78]
[2026-04-03 23:11:49 +0000] [78] [INFO] Waiting for application startup.
[2026-04-03 23:11:49 +0000] [78] [INFO] Application startup complete.
[2026-04-03 23:11:49 +0000] [87] [INFO] Booting worker with pid: 87
[2026-04-03 23:11:49 +0000] [80] [INFO] Started server process [80]
[2026-04-03 23:11:49 +0000] [80] [INFO] Waiting for application startup.
[2026-04-03 23:11:49 +0000] [80] [INFO] Application startup complete.
[2026-04-03 23:11:49 +0000] [89] [INFO] Booting worker with pid: 89
[2026-04-03 23:11:49 +0000] [82] [INFO] Started server process [82]
[2026-04-03 23:11:49 +0000] [82] [INFO] Waiting for application startup.
[2026-04-03 23:11:49 +0000] [82] [INFO] Application startup complete.
[2026-04-03 23:11:49 +0000] [83] [INFO] Started server process [83]
[2026-04-03 23:11:49 +0000] [83] [INFO] Waiting for application startup.
[2026-04-03 23:11:49 +0000] [83] [INFO] Application startup complete.
[2026-04-03 23:11:49 +0000] [92] [INFO] Booting worker with pid: 92
[2026-04-03 23:11:49 +0000] [93] [INFO] Booting worker with pid: 93
[2026-04-03 23:11:49 +0000] [94] [INFO] Booting worker with pid: 94
[2026-04-03 23:11:49 +0000] [85] [INFO] Started server process [85]
[2026-04-03 23:11:49 +0000] [85] [INFO] Waiting for application startup.
[2026-04-03 23:11:49 +0000] [85] [INFO] Application startup complete.
[2026-04-03 23:11:49 +0000] [96] [INFO] Booting worker with pid: 96
[2026-04-03 23:11:49 +0000] [98] [INFO] Booting worker with pid: 98
[2026-04-03 23:11:49 +0000] [87] [INFO] Started server process [87]
[2026-04-03 23:11:49 +0000] [87] [INFO] Waiting for application startup.
[2026-04-03 23:11:49 +0000] [87] [INFO] Application startup complete.
[2026-04-03 23:11:49 +0000] [89] [INFO] Started server process [89]
[2026-04-03 23:11:49 +0000] [89] [INFO] Waiting for application startup.
[2026-04-03 23:11:49 +0000] [89] [INFO] Application startup complete.
[2026-04-03 23:11:49 +0000] [100] [INFO] Booting worker with pid: 100
[2026-04-03 23:11:49 +0000] [92] [INFO] Started server process [92]
[2026-04-03 23:11:49 +0000] [92] [INFO] Waiting for application startup.
[2026-04-03 23:11:49 +0000] [92] [INFO] Application startup complete.
[2026-04-03 23:11:50 +0000] [93] [INFO] Started server process [93]
[2026-04-03 23:11:50 +0000] [93] [INFO] Waiting for application startup.
[2026-04-03 23:11:50 +0000] [93] [INFO] Application startup complete.
[2026-04-03 23:11:50 +0000] [103] [INFO] Booting worker with pid: 103
[2026-04-03 23:11:50 +0000] [94] [INFO] Started server process [94]
[2026-04-03 23:11:50 +0000] [94] [INFO] Waiting for application startup.
[2026-04-03 23:11:50 +0000] [94] [INFO] Application startup complete.
[2026-04-03 23:11:50 +0000] [105] [INFO] Booting worker with pid: 105
[2026-04-03 23:11:50 +0000] [106] [INFO] Booting worker with pid: 106
[2026-04-03 23:11:50 +0000] [96] [INFO] Started server process [96]
[2026-04-03 23:11:50 +0000] [96] [INFO] Waiting for application startup.
[2026-04-03 23:11:50 +0000] [96] [INFO] Application startup complete.
[2026-04-03 23:11:50 +0000] [109] [INFO] Booting worker with pid: 109
[2026-04-03 23:11:50 +0000] [98] [INFO] Started server process [98]
[2026-04-03 23:11:50 +0000] [98] [INFO] Waiting for application startup.
[2026-04-03 23:11:50 +0000] [98] [INFO] Application startup complete.
[2026-04-03 23:11:50 +0000] [110] [INFO] Booting worker with pid: 110
[2026-04-03 23:11:50 +0000] [100] [INFO] Started server process [100]
[2026-04-03 23:11:50 +0000] [100] [INFO] Waiting for application startup.
[2026-04-03 23:11:50 +0000] [100] [INFO] Application startup complete.
[2026-04-03 23:11:50 +0000] [113] [INFO] Booting worker with pid: 113
[2026-04-03 23:11:50 +0000] [103] [INFO] Started server process [103]
[2026-04-03 23:11:50 +0000] [103] [INFO] Waiting for application startup.
[2026-04-03 23:11:50 +0000] [103] [INFO] Application startup complete.
[2026-04-03 23:11:50 +0000] [105] [INFO] Started server process [105]
[2026-04-03 23:11:50 +0000] [105] [INFO] Waiting for application startup.
[2026-04-03 23:11:50 +0000] [105] [INFO] Application startup complete.
[2026-04-03 23:11:50 +0000] [106] [INFO] Started server process [106]
[2026-04-03 23:11:50 +0000] [106] [INFO] Waiting for application startup.
[2026-04-03 23:11:50 +0000] [106] [INFO] Application startup complete.
[2026-04-03 23:11:50 +0000] [116] [INFO] Booting worker with pid: 116
[2026-04-03 23:11:50 +0000] [109] [INFO] Started server process [109]
[2026-04-03 23:11:50 +0000] [109] [INFO] Waiting for application startup.
[2026-04-03 23:11:50 +0000] [109] [INFO] Application startup complete.
[2026-04-03 23:11:50 +0000] [118] [INFO] Booting worker with pid: 118
[2026-04-03 23:11:50 +0000] [120] [INFO] Booting worker with pid: 120
[2026-04-03 23:11:50 +0000] [110] [INFO] Started server process [110]
[2026-04-03 23:11:50 +0000] [110] [INFO] Waiting for application startup.
[2026-04-03 23:11:50 +0000] [110] [INFO] Application startup complete.
[2026-04-03 23:11:50 +0000] [121] [INFO] Booting worker with pid: 121
[2026-04-03 23:11:50 +0000] [113] [INFO] Started server process [113]
[2026-04-03 23:11:50 +0000] [113] [INFO] Waiting for application startup.
[2026-04-03 23:11:50 +0000] [113] [INFO] Application startup complete.
[2026-04-03 23:11:50 +0000] [123] [INFO] Booting worker with pid: 123
[2026-04-03 23:11:50 +0000] [124] [INFO] Booting worker with pid: 124
[2026-04-03 23:11:50 +0000] [116] [INFO] Started server process [116]
[2026-04-03 23:11:50 +0000] [116] [INFO] Waiting for application startup.
[2026-04-03 23:11:50 +0000] [116] [INFO] Application startup complete.
[2026-04-03 23:11:50 +0000] [126] [INFO] Booting worker with pid: 126
[2026-04-03 23:11:50 +0000] [128] [INFO] Booting worker with pid: 128
[2026-04-03 23:11:50 +0000] [118] [INFO] Started server process [118]
[2026-04-03 23:11:50 +0000] [118] [INFO] Waiting for application startup.
[2026-04-03 23:11:50 +0000] [118] [INFO] Application startup complete.
[2026-04-03 23:11:50 +0000] [120] [INFO] Started server process [120]
[2026-04-03 23:11:50 +0000] [120] [INFO] Waiting for application startup.
[2026-04-03 23:11:50 +0000] [120] [INFO] Application startup complete.
[2026-04-03 23:11:50 +0000] [121] [INFO] Started server process [121]
[2026-04-03 23:11:50 +0000] [121] [INFO] Waiting for application startup.
[2026-04-03 23:11:50 +0000] [121] [INFO] Application startup complete.
[2026-04-03 23:11:50 +0000] [123] [INFO] Started server process [123]
[2026-04-03 23:11:50 +0000] [123] [INFO] Waiting for application startup.
[2026-04-03 23:11:50 +0000] [123] [INFO] Application startup complete.
[2026-04-03 23:11:50 +0000] [124] [INFO] Started server process [124]
[2026-04-03 23:11:50 +0000] [124] [INFO] Waiting for application startup.
[2026-04-03 23:11:50 +0000] [124] [INFO] Application startup complete.
[2026-04-03 23:11:50 +0000] [126] [INFO] Started server process [126]
[2026-04-03 23:11:50 +0000] [126] [INFO] Waiting for application startup.
[2026-04-03 23:11:50 +0000] [126] [INFO] Application startup complete.
[2026-04-03 23:11:51 +0000] [128] [INFO] Started server process [128]
[2026-04-03 23:11:51 +0000] [128] [INFO] Waiting for application startup.
[2026-04-03 23:11:51 +0000] [128] [INFO] Application startup complete.
