[2026-04-04 07:33:25 +0000] [1] [INFO] Starting gunicorn 23.0.0
[2026-04-04 07:33:25 +0000] [1] [INFO] Listening at: http://0.0.0.0:8080 (1)
[2026-04-04 07:33:25 +0000] [1] [INFO] Using worker: uvicorn.workers.UvicornWorker
[2026-04-04 07:33:25 +0000] [7] [INFO] Booting worker with pid: 7
[2026-04-04 07:33:25 +0000] [8] [INFO] Booting worker with pid: 8
[2026-04-04 07:33:25 +0000] [9] [INFO] Booting worker with pid: 9
[2026-04-04 07:33:25 +0000] [7] [INFO] Started server process [7]
[2026-04-04 07:33:25 +0000] [8] [INFO] Started server process [8]
[2026-04-04 07:33:25 +0000] [8] [INFO] Waiting for application startup.
[2026-04-04 07:33:25 +0000] [7] [INFO] Waiting for application startup.
[2026-04-04 07:33:25 +0000] [7] [INFO] Application startup complete.
[2026-04-04 07:33:25 +0000] [8] [INFO] Application startup complete.
[2026-04-04 07:33:25 +0000] [12] [INFO] Booting worker with pid: 12
[2026-04-04 07:33:25 +0000] [9] [INFO] Started server process [9]
[2026-04-04 07:33:25 +0000] [9] [INFO] Waiting for application startup.
[2026-04-04 07:33:25 +0000] [9] [INFO] Application startup complete.
[2026-04-04 07:33:25 +0000] [14] [INFO] Booting worker with pid: 14
[2026-04-04 07:33:25 +0000] [12] [INFO] Started server process [12]
[2026-04-04 07:33:25 +0000] [12] [INFO] Waiting for application startup.
[2026-04-04 07:33:25 +0000] [12] [INFO] Application startup complete.
[2026-04-04 07:33:25 +0000] [17] [INFO] Booting worker with pid: 17
[2026-04-04 07:33:25 +0000] [14] [INFO] Started server process [14]
[2026-04-04 07:33:25 +0000] [14] [INFO] Waiting for application startup.
[2026-04-04 07:33:25 +0000] [14] [INFO] Application startup complete.
[2026-04-04 07:33:26 +0000] [18] [INFO] Booting worker with pid: 18
[2026-04-04 07:33:26 +0000] [19] [INFO] Booting worker with pid: 19
[2026-04-04 07:33:26 +0000] [21] [INFO] Booting worker with pid: 21
[2026-04-04 07:33:26 +0000] [17] [INFO] Started server process [17]
[2026-04-04 07:33:26 +0000] [17] [INFO] Waiting for application startup.
[2026-04-04 07:33:26 +0000] [17] [INFO] Application startup complete.
[2026-04-04 07:33:26 +0000] [18] [INFO] Started server process [18]
[2026-04-04 07:33:26 +0000] [18] [INFO] Waiting for application startup.
[2026-04-04 07:33:26 +0000] [18] [INFO] Application startup complete.
[2026-04-04 07:33:26 +0000] [19] [INFO] Started server process [19]
[2026-04-04 07:33:26 +0000] [19] [INFO] Waiting for application startup.
[2026-04-04 07:33:26 +0000] [19] [INFO] Application startup complete.
[2026-04-04 07:33:26 +0000] [21] [INFO] Started server process [21]
[2026-04-04 07:33:26 +0000] [21] [INFO] Waiting for application startup.
[2026-04-04 07:33:26 +0000] [21] [INFO] Application startup complete.
[2026-04-04 07:33:26 +0000] [25] [INFO] Booting worker with pid: 25
[2026-04-04 07:33:26 +0000] [25] [INFO] Started server process [25]
[2026-04-04 07:33:26 +0000] [25] [INFO] Waiting for application startup.
[2026-04-04 07:33:26 +0000] [25] [INFO] Application startup complete.
[2026-04-04 07:33:26 +0000] [27] [INFO] Booting worker with pid: 27
[2026-04-04 07:33:26 +0000] [28] [INFO] Booting worker with pid: 28
[2026-04-04 07:33:26 +0000] [27] [INFO] Started server process [27]
[2026-04-04 07:33:26 +0000] [27] [INFO] Waiting for application startup.
[2026-04-04 07:33:26 +0000] [27] [INFO] Application startup complete.
[2026-04-04 07:33:26 +0000] [28] [INFO] Started server process [28]
[2026-04-04 07:33:26 +0000] [28] [INFO] Waiting for application startup.
[2026-04-04 07:33:26 +0000] [28] [INFO] Application startup complete.
[2026-04-04 07:33:26 +0000] [31] [INFO] Booting worker with pid: 31
[2026-04-04 07:33:26 +0000] [33] [INFO] Booting worker with pid: 33
[2026-04-04 07:33:26 +0000] [31] [INFO] Started server process [31]
[2026-04-04 07:33:26 +0000] [31] [INFO] Waiting for application startup.
[2026-04-04 07:33:26 +0000] [31] [INFO] Application startup complete.
[2026-04-04 07:33:26 +0000] [33] [INFO] Started server process [33]
[2026-04-04 07:33:26 +0000] [33] [INFO] Waiting for application startup.
[2026-04-04 07:33:26 +0000] [33] [INFO] Application startup complete.
[2026-04-04 07:33:26 +0000] [35] [INFO] Booting worker with pid: 35
[2026-04-04 07:33:26 +0000] [37] [INFO] Booting worker with pid: 37
[2026-04-04 07:33:26 +0000] [35] [INFO] Started server process [35]
[2026-04-04 07:33:26 +0000] [35] [INFO] Waiting for application startup.
[2026-04-04 07:33:26 +0000] [35] [INFO] Application startup complete.
[2026-04-04 07:33:26 +0000] [37] [INFO] Started server process [37]
[2026-04-04 07:33:26 +0000] [37] [INFO] Waiting for application startup.
[2026-04-04 07:33:26 +0000] [37] [INFO] Application startup complete.
[2026-04-04 07:33:26 +0000] [39] [INFO] Booting worker with pid: 39
[2026-04-04 07:33:26 +0000] [40] [INFO] Booting worker with pid: 40
[2026-04-04 07:33:26 +0000] [41] [INFO] Booting worker with pid: 41
[2026-04-04 07:33:26 +0000] [43] [INFO] Booting worker with pid: 43
[2026-04-04 07:33:26 +0000] [39] [INFO] Started server process [39]
[2026-04-04 07:33:26 +0000] [39] [INFO] Waiting for application startup.
[2026-04-04 07:33:26 +0000] [39] [INFO] Application startup complete.
[2026-04-04 07:33:26 +0000] [40] [INFO] Started server process [40]
[2026-04-04 07:33:26 +0000] [40] [INFO] Waiting for application startup.
[2026-04-04 07:33:26 +0000] [40] [INFO] Application startup complete.
[2026-04-04 07:33:26 +0000] [41] [INFO] Started server process [41]
[2026-04-04 07:33:26 +0000] [41] [INFO] Waiting for application startup.
[2026-04-04 07:33:26 +0000] [41] [INFO] Application startup complete.
[2026-04-04 07:33:26 +0000] [46] [INFO] Booting worker with pid: 46
[2026-04-04 07:33:26 +0000] [48] [INFO] Booting worker with pid: 48
[2026-04-04 07:33:26 +0000] [43] [INFO] Started server process [43]
[2026-04-04 07:33:26 +0000] [43] [INFO] Waiting for application startup.
[2026-04-04 07:33:26 +0000] [43] [INFO] Application startup complete.
[2026-04-04 07:33:26 +0000] [46] [INFO] Started server process [46]
[2026-04-04 07:33:26 +0000] [46] [INFO] Waiting for application startup.
[2026-04-04 07:33:26 +0000] [46] [INFO] Application startup complete.
[2026-04-04 07:33:26 +0000] [48] [INFO] Started server process [48]
[2026-04-04 07:33:26 +0000] [48] [INFO] Waiting for application startup.
[2026-04-04 07:33:26 +0000] [48] [INFO] Application startup complete.
[2026-04-04 07:33:26 +0000] [51] [INFO] Booting worker with pid: 51
[2026-04-04 07:33:27 +0000] [51] [INFO] Started server process [51]
[2026-04-04 07:33:27 +0000] [51] [INFO] Waiting for application startup.
[2026-04-04 07:33:27 +0000] [51] [INFO] Application startup complete.
[2026-04-04 07:33:27 +0000] [53] [INFO] Booting worker with pid: 53
[2026-04-04 07:33:27 +0000] [54] [INFO] Booting worker with pid: 54
[2026-04-04 07:33:27 +0000] [53] [INFO] Started server process [53]
[2026-04-04 07:33:27 +0000] [53] [INFO] Waiting for application startup.
[2026-04-04 07:33:27 +0000] [53] [INFO] Application startup complete.
[2026-04-04 07:33:27 +0000] [56] [INFO] Booting worker with pid: 56
[2026-04-04 07:33:27 +0000] [54] [INFO] Started server process [54]
[2026-04-04 07:33:27 +0000] [54] [INFO] Waiting for application startup.
[2026-04-04 07:33:27 +0000] [54] [INFO] Application startup complete.
[2026-04-04 07:33:27 +0000] [58] [INFO] Booting worker with pid: 58
[2026-04-04 07:33:27 +0000] [56] [INFO] Started server process [56]
[2026-04-04 07:33:27 +0000] [56] [INFO] Waiting for application startup.
[2026-04-04 07:33:27 +0000] [56] [INFO] Application startup complete.
[2026-04-04 07:33:27 +0000] [60] [INFO] Booting worker with pid: 60
[2026-04-04 07:33:27 +0000] [58] [INFO] Started server process [58]
[2026-04-04 07:33:27 +0000] [58] [INFO] Waiting for application startup.
[2026-04-04 07:33:27 +0000] [58] [INFO] Application startup complete.
[2026-04-04 07:33:27 +0000] [63] [INFO] Booting worker with pid: 63
[2026-04-04 07:33:27 +0000] [60] [INFO] Started server process [60]
[2026-04-04 07:33:27 +0000] [60] [INFO] Waiting for application startup.
[2026-04-04 07:33:27 +0000] [60] [INFO] Application startup complete.
[2026-04-04 07:33:27 +0000] [64] [INFO] Booting worker with pid: 64
[2026-04-04 07:33:27 +0000] [65] [INFO] Booting worker with pid: 65
[2026-04-04 07:33:27 +0000] [67] [INFO] Booting worker with pid: 67
[2026-04-04 07:33:27 +0000] [63] [INFO] Started server process [63]
[2026-04-04 07:33:27 +0000] [63] [INFO] Waiting for application startup.
[2026-04-04 07:33:27 +0000] [63] [INFO] Application startup complete.
[2026-04-04 07:33:27 +0000] [64] [INFO] Started server process [64]
[2026-04-04 07:33:27 +0000] [64] [INFO] Waiting for application startup.
[2026-04-04 07:33:27 +0000] [64] [INFO] Application startup complete.
[2026-04-04 07:33:27 +0000] [69] [INFO] Booting worker with pid: 69
[2026-04-04 07:33:27 +0000] [65] [INFO] Started server process [65]
[2026-04-04 07:33:27 +0000] [65] [INFO] Waiting for application startup.
[2026-04-04 07:33:27 +0000] [65] [INFO] Application startup complete.
[2026-04-04 07:33:27 +0000] [67] [INFO] Started server process [67]
[2026-04-04 07:33:27 +0000] [67] [INFO] Waiting for application startup.
[2026-04-04 07:33:27 +0000] [67] [INFO] Application startup complete.
[2026-04-04 07:33:27 +0000] [72] [INFO] Booting worker with pid: 72
[2026-04-04 07:33:27 +0000] [69] [INFO] Started server process [69]
[2026-04-04 07:33:27 +0000] [69] [INFO] Waiting for application startup.
[2026-04-04 07:33:27 +0000] [69] [INFO] Application startup complete.
[2026-04-04 07:33:27 +0000] [72] [INFO] Started server process [72]
[2026-04-04 07:33:27 +0000] [72] [INFO] Waiting for application startup.
[2026-04-04 07:33:27 +0000] [72] [INFO] Application startup complete.
[2026-04-04 07:33:27 +0000] [75] [INFO] Booting worker with pid: 75
[2026-04-04 07:33:27 +0000] [77] [INFO] Booting worker with pid: 77
[2026-04-04 07:33:27 +0000] [75] [INFO] Started server process [75]
[2026-04-04 07:33:27 +0000] [75] [INFO] Waiting for application startup.
[2026-04-04 07:33:27 +0000] [75] [INFO] Application startup complete.
[2026-04-04 07:33:27 +0000] [78] [INFO] Booting worker with pid: 78
[2026-04-04 07:33:27 +0000] [77] [INFO] Started server process [77]
[2026-04-04 07:33:27 +0000] [77] [INFO] Waiting for application startup.
[2026-04-04 07:33:27 +0000] [77] [INFO] Application startup complete.
[2026-04-04 07:33:27 +0000] [80] [INFO] Booting worker with pid: 80
[2026-04-04 07:33:27 +0000] [82] [INFO] Booting worker with pid: 82
[2026-04-04 07:33:27 +0000] [78] [INFO] Started server process [78]
[2026-04-04 07:33:27 +0000] [78] [INFO] Waiting for application startup.
[2026-04-04 07:33:27 +0000] [78] [INFO] Application startup complete.
[2026-04-04 07:33:27 +0000] [83] [INFO] Booting worker with pid: 83
[2026-04-04 07:33:27 +0000] [80] [INFO] Started server process [80]
[2026-04-04 07:33:27 +0000] [80] [INFO] Waiting for application startup.
[2026-04-04 07:33:27 +0000] [80] [INFO] Application startup complete.
[2026-04-04 07:33:27 +0000] [82] [INFO] Started server process [82]
[2026-04-04 07:33:27 +0000] [82] [INFO] Waiting for application startup.
[2026-04-04 07:33:27 +0000] [82] [INFO] Application startup complete.
[2026-04-04 07:33:27 +0000] [86] [INFO] Booting worker with pid: 86
[2026-04-04 07:33:27 +0000] [83] [INFO] Started server process [83]
[2026-04-04 07:33:27 +0000] [83] [INFO] Waiting for application startup.
[2026-04-04 07:33:27 +0000] [83] [INFO] Application startup complete.
[2026-04-04 07:33:27 +0000] [88] [INFO] Booting worker with pid: 88
[2026-04-04 07:33:27 +0000] [86] [INFO] Started server process [86]
[2026-04-04 07:33:27 +0000] [86] [INFO] Waiting for application startup.
[2026-04-04 07:33:27 +0000] [86] [INFO] Application startup complete.
[2026-04-04 07:33:27 +0000] [91] [INFO] Booting worker with pid: 91
[2026-04-04 07:33:28 +0000] [88] [INFO] Started server process [88]
[2026-04-04 07:33:28 +0000] [88] [INFO] Waiting for application startup.
[2026-04-04 07:33:28 +0000] [88] [INFO] Application startup complete.
[2026-04-04 07:33:28 +0000] [91] [INFO] Started server process [91]
[2026-04-04 07:33:28 +0000] [91] [INFO] Waiting for application startup.
[2026-04-04 07:33:28 +0000] [91] [INFO] Application startup complete.
[2026-04-04 07:33:28 +0000] [93] [INFO] Booting worker with pid: 93
[2026-04-04 07:33:28 +0000] [94] [INFO] Booting worker with pid: 94
[2026-04-04 07:33:28 +0000] [93] [INFO] Started server process [93]
[2026-04-04 07:33:28 +0000] [93] [INFO] Waiting for application startup.
[2026-04-04 07:33:28 +0000] [93] [INFO] Application startup complete.
[2026-04-04 07:33:28 +0000] [97] [INFO] Booting worker with pid: 97
[2026-04-04 07:33:28 +0000] [94] [INFO] Started server process [94]
[2026-04-04 07:33:28 +0000] [94] [INFO] Waiting for application startup.
[2026-04-04 07:33:28 +0000] [94] [INFO] Application startup complete.
[2026-04-04 07:33:28 +0000] [98] [INFO] Booting worker with pid: 98
[2026-04-04 07:33:28 +0000] [97] [INFO] Started server process [97]
[2026-04-04 07:33:28 +0000] [97] [INFO] Waiting for application startup.
[2026-04-04 07:33:28 +0000] [97] [INFO] Application startup complete.
[2026-04-04 07:33:28 +0000] [98] [INFO] Started server process [98]
[2026-04-04 07:33:28 +0000] [98] [INFO] Waiting for application startup.
[2026-04-04 07:33:28 +0000] [98] [INFO] Application startup complete.
[2026-04-04 07:33:28 +0000] [101] [INFO] Booting worker with pid: 101
[2026-04-04 07:33:28 +0000] [103] [INFO] Booting worker with pid: 103
[2026-04-04 07:33:28 +0000] [101] [INFO] Started server process [101]
[2026-04-04 07:33:28 +0000] [101] [INFO] Waiting for application startup.
[2026-04-04 07:33:28 +0000] [101] [INFO] Application startup complete.
[2026-04-04 07:33:28 +0000] [104] [INFO] Booting worker with pid: 104
[2026-04-04 07:33:28 +0000] [103] [INFO] Started server process [103]
[2026-04-04 07:33:28 +0000] [103] [INFO] Waiting for application startup.
[2026-04-04 07:33:28 +0000] [103] [INFO] Application startup complete.
[2026-04-04 07:33:28 +0000] [104] [INFO] Started server process [104]
[2026-04-04 07:33:28 +0000] [104] [INFO] Waiting for application startup.
[2026-04-04 07:33:28 +0000] [104] [INFO] Application startup complete.
[2026-04-04 07:33:28 +0000] [107] [INFO] Booting worker with pid: 107
[2026-04-04 07:33:28 +0000] [108] [INFO] Booting worker with pid: 108
[2026-04-04 07:33:28 +0000] [107] [INFO] Started server process [107]
[2026-04-04 07:33:28 +0000] [107] [INFO] Waiting for application startup.
[2026-04-04 07:33:28 +0000] [107] [INFO] Application startup complete.
[2026-04-04 07:33:28 +0000] [108] [INFO] Started server process [108]
[2026-04-04 07:33:28 +0000] [108] [INFO] Waiting for application startup.
[2026-04-04 07:33:28 +0000] [108] [INFO] Application startup complete.
[2026-04-04 07:33:28 +0000] [111] [INFO] Booting worker with pid: 111
[2026-04-04 07:33:28 +0000] [112] [INFO] Booting worker with pid: 112
[2026-04-04 07:33:28 +0000] [113] [INFO] Booting worker with pid: 113
[2026-04-04 07:33:28 +0000] [111] [INFO] Started server process [111]
[2026-04-04 07:33:28 +0000] [111] [INFO] Waiting for application startup.
[2026-04-04 07:33:28 +0000] [111] [INFO] Application startup complete.
[2026-04-04 07:33:28 +0000] [112] [INFO] Started server process [112]
[2026-04-04 07:33:28 +0000] [112] [INFO] Waiting for application startup.
[2026-04-04 07:33:28 +0000] [112] [INFO] Application startup complete.
[2026-04-04 07:33:28 +0000] [117] [INFO] Booting worker with pid: 117
[2026-04-04 07:33:28 +0000] [113] [INFO] Started server process [113]
[2026-04-04 07:33:28 +0000] [113] [INFO] Waiting for application startup.
[2026-04-04 07:33:28 +0000] [113] [INFO] Application startup complete.
[2026-04-04 07:33:28 +0000] [118] [INFO] Booting worker with pid: 118
[2026-04-04 07:33:28 +0000] [117] [INFO] Started server process [117]
[2026-04-04 07:33:28 +0000] [117] [INFO] Waiting for application startup.
[2026-04-04 07:33:28 +0000] [117] [INFO] Application startup complete.
[2026-04-04 07:33:28 +0000] [118] [INFO] Started server process [118]
[2026-04-04 07:33:28 +0000] [118] [INFO] Waiting for application startup.
[2026-04-04 07:33:28 +0000] [118] [INFO] Application startup complete.
[2026-04-04 07:33:28 +0000] [121] [INFO] Booting worker with pid: 121
[2026-04-04 07:33:28 +0000] [121] [INFO] Started server process [121]
[2026-04-04 07:33:28 +0000] [121] [INFO] Waiting for application startup.
[2026-04-04 07:33:28 +0000] [121] [INFO] Application startup complete.
[2026-04-04 07:33:29 +0000] [123] [INFO] Booting worker with pid: 123
[2026-04-04 07:33:29 +0000] [124] [INFO] Booting worker with pid: 124
[2026-04-04 07:33:29 +0000] [123] [INFO] Started server process [123]
[2026-04-04 07:33:29 +0000] [123] [INFO] Waiting for application startup.
[2026-04-04 07:33:29 +0000] [123] [INFO] Application startup complete.
[2026-04-04 07:33:29 +0000] [124] [INFO] Started server process [124]
[2026-04-04 07:33:29 +0000] [124] [INFO] Waiting for application startup.
[2026-04-04 07:33:29 +0000] [124] [INFO] Application startup complete.
[2026-04-04 07:33:29 +0000] [127] [INFO] Booting worker with pid: 127
[2026-04-04 07:33:29 +0000] [128] [INFO] Booting worker with pid: 128
[2026-04-04 07:33:29 +0000] [127] [INFO] Started server process [127]
[2026-04-04 07:33:29 +0000] [127] [INFO] Waiting for application startup.
[2026-04-04 07:33:29 +0000] [127] [INFO] Application startup complete.
[2026-04-04 07:33:29 +0000] [128] [INFO] Started server process [128]
[2026-04-04 07:33:29 +0000] [128] [INFO] Waiting for application startup.
[2026-04-04 07:33:29 +0000] [128] [INFO] Application startup complete.
[2026-04-04 07:33:29 +0000] [131] [INFO] Booting worker with pid: 131
[2026-04-04 07:33:29 +0000] [132] [INFO] Booting worker with pid: 132
[2026-04-04 07:33:29 +0000] [131] [INFO] Started server process [131]
[2026-04-04 07:33:29 +0000] [131] [INFO] Waiting for application startup.
[2026-04-04 07:33:29 +0000] [131] [INFO] Application startup complete.
[2026-04-04 07:33:29 +0000] [132] [INFO] Started server process [132]
[2026-04-04 07:33:29 +0000] [132] [INFO] Waiting for application startup.
[2026-04-04 07:33:29 +0000] [132] [INFO] Application startup complete.
